2024-10-11 02:36:27
20241011 030756.607 INFO             PET0 !!!!!!!!!!!!!!!!!!!!!!!!!!!!!!!!!!!!!!!!!!!!!!!!!!!!!!
20241011 030756.608 INFO             PET0 !!! THE ESMF_LOG IS SET TO OUTPUT ALL LOG MESSAGES !!!
20241011 030756.608 INFO             PET0 !!!     THIS MAY CAUSE SLOWDOWN IN PERFORMANCE     !!!
20241011 030756.608 INFO             PET0 !!! FOR PRODUCTION RUNS, USE:                      !!!
20241011 030756.608 INFO             PET0 !!!                   ESMF_LOGKIND_Multi_On_Error  !!!
20241011 030756.608 INFO             PET0 !!!!!!!!!!!!!!!!!!!!!!!!!!!!!!!!!!!!!!!!!!!!!!!!!!!!!!
20241011 030756.608 INFO             PET0 Running with ESMF Version   : v8.8.0b00-12-g0d4b825343
20241011 030756.608 INFO             PET0 ESMF library build date/time: "Oct 11 2024" "02:34:15"
20241011 030756.608 INFO             PET0 ESMF library build location : /work/noaa/da/mpotts/sandbox/gfortran_12.2.0_mpiuni_O_develop/esmf
20241011 030756.608 INFO             PET0 ESMF_COMM                   : mpiuni
20241011 030756.608 INFO             PET0 ESMF_MOAB                   : enabled
20241011 030756.608 INFO             PET0 ESMF_LAPACK                 : enabled
20241011 030756.608 INFO             PET0 ESMF_NETCDF                 : disabled
20241011 030756.608 INFO             PET0 ESMF_PNETCDF                : disabled
20241011 030756.608 INFO             PET0 ESMF_PIO                    : disabled
20241011 030756.608 INFO             PET0 ESMF_YAMLCPP                : enabled
20241011 030756.664 DEBUG            PET0 about to destroy Grid: 0x19914b0
20241011 030756.672 DEBUG            PET0 about to destroy Grid: 0x1992f50
20241011 030756.695 INFO             PET0  NUMBER_OF_PROCESSORS           1
20241011 030756.695 INFO             PET0  PASS  Example ESMF_NUOPCAtmModelEx, ESMF_NUOPCAtmModelEx.F90, line 806
20241011 030756.695 INFO             PET0  Finalizing ESMF
