2024-10-12 02:39:44
20241012 030952.547 INFO             PET0 !!!!!!!!!!!!!!!!!!!!!!!!!!!!!!!!!!!!!!!!!!!!!!!!!!!!!!
20241012 030952.548 INFO             PET0 !!! THE ESMF_LOG IS SET TO OUTPUT ALL LOG MESSAGES !!!
20241012 030952.548 INFO             PET0 !!!     THIS MAY CAUSE SLOWDOWN IN PERFORMANCE     !!!
20241012 030952.548 INFO             PET0 !!! FOR PRODUCTION RUNS, USE:                      !!!
20241012 030952.548 INFO             PET0 !!!                   ESMF_LOGKIND_Multi_On_Error  !!!
20241012 030952.548 INFO             PET0 !!!!!!!!!!!!!!!!!!!!!!!!!!!!!!!!!!!!!!!!!!!!!!!!!!!!!!
20241012 030952.548 INFO             PET0 Running with ESMF Version   : v8.8.0b01
20241012 030952.548 INFO             PET0 ESMF library build date/time: "Oct 12 2024" "02:37:05"
20241012 030952.548 INFO             PET0 ESMF library build location : /work/noaa/da/mpotts/sandbox/gfortran_12.2.0_mpiuni_O_develop/esmf
20241012 030952.548 INFO             PET0 ESMF_COMM                   : mpiuni
20241012 030952.548 INFO             PET0 ESMF_MOAB                   : enabled
20241012 030952.548 INFO             PET0 ESMF_LAPACK                 : enabled
20241012 030952.548 INFO             PET0 ESMF_NETCDF                 : disabled
20241012 030952.548 INFO             PET0 ESMF_PNETCDF                : disabled
20241012 030952.548 INFO             PET0 ESMF_PIO                    : disabled
20241012 030952.548 INFO             PET0 ESMF_YAMLCPP                : enabled
20241012 030952.549 INFO             PET0  NUMBER_OF_PROCESSORS           1
20241012 030952.549 INFO             PET0  PASS  Example ESMF_TimeEx, ESMF_TimeEx.F90, line 141
20241012 030952.549 INFO             PET0  Finalizing ESMF
