2024-10-09 03:22:00
20241009 041411.187 INFO             PET0 !!!!!!!!!!!!!!!!!!!!!!!!!!!!!!!!!!!!!!!!!!!!!!!!!!!!!!
20241009 041411.187 INFO             PET0 !!! THE ESMF_LOG IS SET TO OUTPUT ALL LOG MESSAGES !!!
20241009 041411.187 INFO             PET0 !!!     THIS MAY CAUSE SLOWDOWN IN PERFORMANCE     !!!
20241009 041411.187 INFO             PET0 !!! FOR PRODUCTION RUNS, USE:                      !!!
20241009 041411.187 INFO             PET0 !!!                   ESMF_LOGKIND_Multi_On_Error  !!!
20241009 041411.187 INFO             PET0 !!!!!!!!!!!!!!!!!!!!!!!!!!!!!!!!!!!!!!!!!!!!!!!!!!!!!!
20241009 041411.187 INFO             PET0 Running with ESMF Version   : v8.8.0b00-12-g0d4b825343
20241009 041411.187 INFO             PET0 ESMF library build date/time: "Oct  9 2024" "03:18:43"
20241009 041411.187 INFO             PET0 ESMF library build location : /glade/derecho/scratch/sacks/esmf-testing/nvhpc_23.7_mpiuni_O_develop/esmf
20241009 041411.187 INFO             PET0 ESMF_COMM                   : mpiuni
20241009 041411.188 INFO             PET0 ESMF_MOAB                   : enabled
20241009 041411.188 INFO             PET0 ESMF_LAPACK                 : enabled
20241009 041411.188 INFO             PET0 ESMF_NETCDF                 : enabled
20241009 041411.188 INFO             PET0 ESMF_PNETCDF                : disabled
20241009 041411.188 INFO             PET0 ESMF_PIO                    : enabled
20241009 041411.188 INFO             PET0 ESMF_YAMLCPP                : enabled
20241009 041411.194 INFO             PET0  NUMBER_OF_PROCESSORS            1
20241009 041411.194 INFO             PET0  PASS  Example ESMF_NUOPCBasicModelEx, ESMF_NUOPCBasicModelEx.F90, line 339
20241009 041411.194 INFO             PET0  Finalizing ESMF
