2024-10-15 04:05:17
20241015 044727.396 INFO             PET0 !!!!!!!!!!!!!!!!!!!!!!!!!!!!!!!!!!!!!!!!!!!!!!!!!!!!!!
20241015 044727.396 INFO             PET0 !!! THE ESMF_LOG IS SET TO OUTPUT ALL LOG MESSAGES !!!
20241015 044727.396 INFO             PET0 !!!     THIS MAY CAUSE SLOWDOWN IN PERFORMANCE     !!!
20241015 044727.396 INFO             PET0 !!! FOR PRODUCTION RUNS, USE:                      !!!
20241015 044727.396 INFO             PET0 !!!                   ESMF_LOGKIND_Multi_On_Error  !!!
20241015 044727.396 INFO             PET0 !!!!!!!!!!!!!!!!!!!!!!!!!!!!!!!!!!!!!!!!!!!!!!!!!!!!!!
20241015 044727.396 INFO             PET0 Running with ESMF Version   : v8.8.0b01
20241015 044727.396 INFO             PET0 ESMF library build date/time: "Oct 15 2024" "04:01:52"
20241015 044727.396 INFO             PET0 ESMF library build location : /glade/derecho/scratch/sacks/esmf-testing/nvhpc_23.7_mpiuni_O_develop/esmf
20241015 044727.396 INFO             PET0 ESMF_COMM                   : mpiuni
20241015 044727.397 INFO             PET0 ESMF_MOAB                   : enabled
20241015 044727.397 INFO             PET0 ESMF_LAPACK                 : enabled
20241015 044727.397 INFO             PET0 ESMF_NETCDF                 : enabled
20241015 044727.397 INFO             PET0 ESMF_PNETCDF                : disabled
20241015 044727.397 INFO             PET0 ESMF_PIO                    : enabled
20241015 044727.397 INFO             PET0 ESMF_YAMLCPP                : enabled
20241015 044727.397 INFO             PET0  NUMBER_OF_PROCESSORS            1
20241015 044727.397 INFO             PET0  PASS  Example CalendarEx, ESMF_CalendarEx.F90, line 217
20241015 044727.397 INFO             PET0  Finalizing ESMF
