2024-10-14 03:31:42
20241014 041423.051 INFO             PET0 !!!!!!!!!!!!!!!!!!!!!!!!!!!!!!!!!!!!!!!!!!!!!!!!!!!!!!
20241014 041423.051 INFO             PET0 !!! THE ESMF_LOG IS SET TO OUTPUT ALL LOG MESSAGES !!!
20241014 041423.051 INFO             PET0 !!!     THIS MAY CAUSE SLOWDOWN IN PERFORMANCE     !!!
20241014 041423.051 INFO             PET0 !!! FOR PRODUCTION RUNS, USE:                      !!!
20241014 041423.051 INFO             PET0 !!!                   ESMF_LOGKIND_Multi_On_Error  !!!
20241014 041423.051 INFO             PET0 !!!!!!!!!!!!!!!!!!!!!!!!!!!!!!!!!!!!!!!!!!!!!!!!!!!!!!
20241014 041423.051 INFO             PET0 Running with ESMF Version   : v8.8.0b01
20241014 041423.051 INFO             PET0 ESMF library build date/time: "Oct 14 2024" "03:28:23"
20241014 041423.051 INFO             PET0 ESMF library build location : /glade/derecho/scratch/sacks/esmf-testing/nvhpc_23.7_mpiuni_O_develop/esmf
20241014 041423.051 INFO             PET0 ESMF_COMM                   : mpiuni
20241014 041423.052 INFO             PET0 ESMF_MOAB                   : enabled
20241014 041423.052 INFO             PET0 ESMF_LAPACK                 : enabled
20241014 041423.052 INFO             PET0 ESMF_NETCDF                 : enabled
20241014 041423.052 INFO             PET0 ESMF_PNETCDF                : disabled
20241014 041423.052 INFO             PET0 ESMF_PIO                    : enabled
20241014 041423.052 INFO             PET0 ESMF_YAMLCPP                : enabled
20241014 041423.061 INFO             PET0  NUMBER_OF_PROCESSORS            1
20241014 041423.061 INFO             PET0  PASS  Example ESMF_StateReadWriteEx, ESMF_StateReadWriteEx.F90, line 185
20241014 041423.061 INFO             PET0  Finalizing ESMF
