2024-10-13 04:22:04
20241013 051214.821 INFO             PET0 !!!!!!!!!!!!!!!!!!!!!!!!!!!!!!!!!!!!!!!!!!!!!!!!!!!!!!
20241013 051214.821 INFO             PET0 !!! THE ESMF_LOG IS SET TO OUTPUT ALL LOG MESSAGES !!!
20241013 051214.821 INFO             PET0 !!!     THIS MAY CAUSE SLOWDOWN IN PERFORMANCE     !!!
20241013 051214.821 INFO             PET0 !!! FOR PRODUCTION RUNS, USE:                      !!!
20241013 051214.821 INFO             PET0 !!!                   ESMF_LOGKIND_Multi_On_Error  !!!
20241013 051214.821 INFO             PET0 !!!!!!!!!!!!!!!!!!!!!!!!!!!!!!!!!!!!!!!!!!!!!!!!!!!!!!
20241013 051214.821 INFO             PET0 Running with ESMF Version   : v8.8.0b01
20241013 051214.821 INFO             PET0 ESMF library build date/time: "Oct 13 2024" "04:18:24"
20241013 051214.821 INFO             PET0 ESMF library build location : /glade/derecho/scratch/sacks/esmf-testing/nvhpc_23.7_mpiuni_O_develop/esmf
20241013 051214.821 INFO             PET0 ESMF_COMM                   : mpiuni
20241013 051214.822 INFO             PET0 ESMF_MOAB                   : enabled
20241013 051214.822 INFO             PET0 ESMF_LAPACK                 : enabled
20241013 051214.822 INFO             PET0 ESMF_NETCDF                 : enabled
20241013 051214.822 INFO             PET0 ESMF_PNETCDF                : disabled
20241013 051214.822 INFO             PET0 ESMF_PIO                    : enabled
20241013 051214.822 INFO             PET0 ESMF_YAMLCPP                : enabled
20241013 051214.822 INFO             PET0 ESMF Tracing Enabled
20241013 051214.822 INFO             PET0 ESMF Profiling Enabled
20241013 051214.822 INFO             PET0 ESMF Trace/Profile clock: REALTIME
20241013 051214.824 INFO             PET0  NUMBER_OF_PROCESSORS            1
20241013 051214.824 INFO             PET0  PASS  Example ESMF_TraceEx, ESMF_TraceEx.F90, line 178
20241013 051214.824 INFO             PET0  Finalizing ESMF
20241013 051214.824 INFO             PET0 **************** Region Timings *******************
20241013 051214.824 INFO             PET0 Region              Count  Total (s)   Self (s)    Mean (s)    Min (s)     Max (s)
20241013 051214.824 INFO             PET0   [ESMF]            1      0.0009      0.0009      0.0009      0.0009      0.0009
20241013 051214.824 INFO             PET0     [test] Init 1   1      0.0000      0.0000      0.0000      0.0000      0.0000
20241013 051214.825 INFO             PET0     [test] Run 1    5      0.0000      0.0000      0.0000      0.0000      0.0000
20241013 051214.825 INFO             PET0     [test] Final 1  1      0.0000      0.0000      0.0000      0.0000      0.0000
