2025-05-07 23:13:27
 ESMF_Finalize: Error finalizing VM: Unable to deallocate memory 
 ESMF_Finalize: Error finalizing VM: Unable to deallocate memory 
 ESMF_Finalize: Error finalizing VM: Unable to deallocate memory 
 ESMF_Finalize: Error finalizing VM: Unable to deallocate memory 
 got same values back from GetInternalState as original
  PASS  Example ESMF_InternalStateModEx, ./ESMF_InternalStateModEx.F90, line 25
 5
 FAIL: ESMF_InternalStateEx.F90
 got same values back from GetInternalState as original
  PASS  Example ESMF_InternalStateModEx, ./ESMF_InternalStateModEx.F90, line 25
 5
 FAIL: ESMF_InternalStateEx.F90
 got same values back from GetInternalState as original
  PASS  Example ESMF_InternalStateModEx, ./ESMF_InternalStateModEx.F90, line 25
 5
 FAIL: ESMF_InternalStateEx.F90
 got same values back from GetInternalState as original
  PASS  Example ESMF_InternalStateModEx, ./ESMF_InternalStateModEx.F90, line 25
 5
 FAIL: ESMF_InternalStateEx.F90
