2025-05-07 23:13:27
 ESMF_Finalize: Error finalizing VM: Unable to deallocate memory 
 ESMF_Finalize: Error finalizing VM: Unable to deallocate memory 
 ESMF_Finalize: Error finalizing VM: Unable to deallocate memory 
 ESMF_Finalize: Error finalizing VM: Unable to deallocate memory 
 User Comp1 Register starting
 Registered Initialize, Run, and Finalize routines
 User Comp1 Register returning
  PASS  Example ESMF_WebServicesEx, ./ESMF_WebServicesEx.F90, line 227
 FAIL: ESMF_WebServicesEx.F90
 User Comp1 Register starting
 Registered Initialize, Run, and Finalize routines
 User Comp1 Register returning
  PASS  Example ESMF_WebServicesEx, ./ESMF_WebServicesEx.F90, line 227
 FAIL: ESMF_WebServicesEx.F90
 User Comp1 Register starting
 Registered Initialize, Run, and Finalize routines
 User Comp1 Register returning
  PASS  Example ESMF_WebServicesEx, ./ESMF_WebServicesEx.F90, line 227
 FAIL: ESMF_WebServicesEx.F90
 User Comp1 Register starting
 Registered Initialize, Run, and Finalize routines
 User Comp1 Register returning
  PASS  Example ESMF_WebServicesEx, ./ESMF_WebServicesEx.F90, line 227
 FAIL: ESMF_WebServicesEx.F90
