2025-05-07 23:13:27
 ESMF_Finalize: Error finalizing VM: Unable to deallocate memory 
 ESMF_Finalize: Error finalizing VM: Unable to deallocate memory 
 Inside Init
 Inside Run
 Inside Run
 Inside Run
 Inside Run
 Inside Run
 Inside Finalize
  PASS  Example ESMF_TraceEx, ./ESMF_TraceEx.F90, line 178
 FAIL: ESMF_TraceEx.F90
 ESMF_Finalize: Error finalizing VM: Unable to deallocate memory 
 Inside Init
 Inside Run
 Inside Run
 Inside Run
 Inside Run
 Inside Run
 Inside Finalize
  PASS  Example ESMF_TraceEx, ./ESMF_TraceEx.F90, line 178
 FAIL: ESMF_TraceEx.F90
 ESMF_Finalize: Error finalizing VM: Unable to deallocate memory 
 --------------------------------------- 
 Start of ESMF_Trace Example
 --------------------------------------- 
 Inside Init
 Inside Run
 Inside Run
 Inside Run
 Inside Run
 Inside Run
 Inside Finalize
  PASS  Example ESMF_TraceEx, ./ESMF_TraceEx.F90, line 178
 --------------------------------------- 
 End of ESMF_Trace Example
 --------------------------------------- 
 FAIL: ESMF_TraceEx.F90
 Inside Init
 Inside Run
 Inside Run
 Inside Run
 Inside Run
 Inside Run
 Inside Finalize
  PASS  Example ESMF_TraceEx, ./ESMF_TraceEx.F90, line 178
 FAIL: ESMF_TraceEx.F90
