2025-05-07 23:13:27

fatal Fortran runtime error(/discover/nobackup/projects/gmao/SIteam/ESMF_Testing/llvm_21.0.0git06721_mpich_O_develop/esmf/src/Superstructure/InternalState/examples/ESMF_InternalStateEx.F90:132): 
fatal Fortran runtime error(/discover/nobackup/projects/gmao/SIteam/ESMF_Testing/llvm_21.0.0git06721_mpich_O_develop/esmf/src/Superstructure/InternalState/examples/ESMF_InternalStateEx.F90:132): 
fatal Fortran runtime error(/discover/nobackup/projects/gmao/SIteam/ESMF_Testing/llvm_21.0.0git06721_mpich_O_develop/esmf/src/Superstructure/InternalState/examples/ESMF_InternalStateEx.F90:132): DEALLOCATE of a pointer that is not the whole content of a pointer ALLOCATE

fatal Fortran runtime error(/discover/nobackup/projects/gmao/SIteam/ESMF_Testing/llvm_21.0.0git06721_mpich_O_develop/esmf/src/Superstructure/InternalState/examples/ESMF_InternalStateEx.F90:132): DEALLOCATE of a pointer that is not the whole content of a pointer ALLOCATE
 private data validation successful
DEALLOCATE of a pointer that is not the whole content of a pointer ALLOCATE
 private data validation successful
DEALLOCATE of a pointer that is not the whole content of a pointer ALLOCATE
 private data validation successful
 private data validation successful

===================================================================================
=   BAD TERMINATION OF ONE OF YOUR APPLICATION PROCESSES
=   PID 32384 RUNNING AT borgm115
=   EXIT CODE: 6
=   CLEANING UP REMAINING PROCESSES
=   YOU CAN IGNORE THE BELOW CLEANUP MESSAGES
===================================================================================
YOUR APPLICATION TERMINATED WITH THE EXIT STRING: Aborted (signal 6)
This typically refers to a problem with your application.
Please see the FAQ page for debugging suggestions
