2025-05-07 23:13:27
20250508 020346.652 INFO             PET0 !!!!!!!!!!!!!!!!!!!!!!!!!!!!!!!!!!!!!!!!!!!!!!!!!!!!!!
20250508 020346.652 INFO             PET0 !!! THE ESMF_LOG IS SET TO OUTPUT ALL LOG MESSAGES !!!
20250508 020346.652 INFO             PET0 !!!     THIS MAY CAUSE SLOWDOWN IN PERFORMANCE     !!!
20250508 020346.652 INFO             PET0 !!! FOR PRODUCTION RUNS, USE:                      !!!
20250508 020346.652 INFO             PET0 !!!                   ESMF_LOGKIND_Multi_On_Error  !!!
20250508 020346.652 INFO             PET0 !!!!!!!!!!!!!!!!!!!!!!!!!!!!!!!!!!!!!!!!!!!!!!!!!!!!!!
20250508 020346.652 INFO             PET0 Running with ESMF Version   : v8.9.0b08-5-g079ca68fdc
20250508 020346.652 INFO             PET0 ESMF library build date/time: "May  7 2025" "23:10:19"
20250508 020346.652 INFO             PET0 ESMF library build location : /discover/nobackup/projects/gmao/SIteam/ESMF_Testing/llvm_21.0.0git06721_mpich_O_develop/esmf
20250508 020346.652 INFO             PET0 ESMF_COMM                   : mpich
20250508 020346.652 INFO             PET0 ESMF_MOAB                   : enabled
20250508 020346.652 INFO             PET0 ESMF_LAPACK                 : enabled
20250508 020346.652 INFO             PET0 ESMF_NETCDF                 : disabled
20250508 020346.652 INFO             PET0 ESMF_PNETCDF                : disabled
20250508 020346.652 INFO             PET0 ESMF_PIO                    : disabled
20250508 020346.652 INFO             PET0 ESMF_YAMLCPP                : enabled
20250508 020346.656 INFO             PET0 ESMF_FieldRedistStoreNF(): Just entered routine.
20250508 020346.703 INFO             PET0 ESMF_FieldRedistStoreNF(): Leaving routine.
20250508 020346.711 INFO             PET0  NUMBER_OF_PROCESSORS 4
20250508 020346.711 INFO             PET0  PASS  Example ESMF_RHandleFromFileEx, ./ESMF_RHandleFromFileEx.F90, line 192
20250508 020346.711 INFO             PET0  Finalizing ESMF
20250508 020346.711 ERROR            PET0 ESMF_Field_C.F90:758 f_esmf_fieldcollectgarbage() Unable to deallocate memory  - Deallocating Field
20250508 020346.711 ERROR            PET0 ESMCI_VM.C:3574 ESMCI::VM::finalize() Unable to deallocate memory  - Internal subroutine call returned Error
20250508 020346.652 INFO             PET1 !!!!!!!!!!!!!!!!!!!!!!!!!!!!!!!!!!!!!!!!!!!!!!!!!!!!!!
20250508 020346.652 INFO             PET1 !!! THE ESMF_LOG IS SET TO OUTPUT ALL LOG MESSAGES !!!
20250508 020346.652 INFO             PET1 !!!     THIS MAY CAUSE SLOWDOWN IN PERFORMANCE     !!!
20250508 020346.652 INFO             PET1 !!! FOR PRODUCTION RUNS, USE:                      !!!
20250508 020346.652 INFO             PET1 !!!                   ESMF_LOGKIND_Multi_On_Error  !!!
20250508 020346.652 INFO             PET1 !!!!!!!!!!!!!!!!!!!!!!!!!!!!!!!!!!!!!!!!!!!!!!!!!!!!!!
20250508 020346.652 INFO             PET1 Running with ESMF Version   : v8.9.0b08-5-g079ca68fdc
20250508 020346.652 INFO             PET1 ESMF library build date/time: "May  7 2025" "23:10:19"
20250508 020346.652 INFO             PET1 ESMF library build location : /discover/nobackup/projects/gmao/SIteam/ESMF_Testing/llvm_21.0.0git06721_mpich_O_develop/esmf
20250508 020346.652 INFO             PET1 ESMF_COMM                   : mpich
20250508 020346.652 INFO             PET1 ESMF_MOAB                   : enabled
20250508 020346.652 INFO             PET1 ESMF_LAPACK                 : enabled
20250508 020346.652 INFO             PET1 ESMF_NETCDF                 : disabled
20250508 020346.652 INFO             PET1 ESMF_PNETCDF                : disabled
20250508 020346.652 INFO             PET1 ESMF_PIO                    : disabled
20250508 020346.652 INFO             PET1 ESMF_YAMLCPP                : enabled
20250508 020346.655 INFO             PET1 ESMF_FieldRedistStoreNF(): Just entered routine.
20250508 020346.703 INFO             PET1 ESMF_FieldRedistStoreNF(): Leaving routine.
20250508 020346.711 INFO             PET1  NUMBER_OF_PROCESSORS 4
20250508 020346.711 INFO             PET1  PASS  Example ESMF_RHandleFromFileEx, ./ESMF_RHandleFromFileEx.F90, line 192
20250508 020346.711 INFO             PET1  Finalizing ESMF
20250508 020346.711 ERROR            PET1 ESMF_Field_C.F90:758 f_esmf_fieldcollectgarbage() Unable to deallocate memory  - Deallocating Field
20250508 020346.711 ERROR            PET1 ESMCI_VM.C:3574 ESMCI::VM::finalize() Unable to deallocate memory  - Internal subroutine call returned Error
20250508 020346.652 INFO             PET2 !!!!!!!!!!!!!!!!!!!!!!!!!!!!!!!!!!!!!!!!!!!!!!!!!!!!!!
20250508 020346.652 INFO             PET2 !!! THE ESMF_LOG IS SET TO OUTPUT ALL LOG MESSAGES !!!
20250508 020346.652 INFO             PET2 !!!     THIS MAY CAUSE SLOWDOWN IN PERFORMANCE     !!!
20250508 020346.652 INFO             PET2 !!! FOR PRODUCTION RUNS, USE:                      !!!
20250508 020346.652 INFO             PET2 !!!                   ESMF_LOGKIND_Multi_On_Error  !!!
20250508 020346.652 INFO             PET2 !!!!!!!!!!!!!!!!!!!!!!!!!!!!!!!!!!!!!!!!!!!!!!!!!!!!!!
20250508 020346.652 INFO             PET2 Running with ESMF Version   : v8.9.0b08-5-g079ca68fdc
20250508 020346.652 INFO             PET2 ESMF library build date/time: "May  7 2025" "23:10:19"
20250508 020346.652 INFO             PET2 ESMF library build location : /discover/nobackup/projects/gmao/SIteam/ESMF_Testing/llvm_21.0.0git06721_mpich_O_develop/esmf
20250508 020346.652 INFO             PET2 ESMF_COMM                   : mpich
20250508 020346.652 INFO             PET2 ESMF_MOAB                   : enabled
20250508 020346.652 INFO             PET2 ESMF_LAPACK                 : enabled
20250508 020346.652 INFO             PET2 ESMF_NETCDF                 : disabled
20250508 020346.652 INFO             PET2 ESMF_PNETCDF                : disabled
20250508 020346.652 INFO             PET2 ESMF_PIO                    : disabled
20250508 020346.652 INFO             PET2 ESMF_YAMLCPP                : enabled
20250508 020346.655 INFO             PET2 ESMF_FieldRedistStoreNF(): Just entered routine.
20250508 020346.703 INFO             PET2 ESMF_FieldRedistStoreNF(): Leaving routine.
20250508 020346.711 INFO             PET2  NUMBER_OF_PROCESSORS 4
20250508 020346.711 INFO             PET2  PASS  Example ESMF_RHandleFromFileEx, ./ESMF_RHandleFromFileEx.F90, line 192
20250508 020346.711 INFO             PET2  Finalizing ESMF
20250508 020346.711 ERROR            PET2 ESMF_Field_C.F90:758 f_esmf_fieldcollectgarbage() Unable to deallocate memory  - Deallocating Field
20250508 020346.711 ERROR            PET2 ESMCI_VM.C:3574 ESMCI::VM::finalize() Unable to deallocate memory  - Internal subroutine call returned Error
20250508 020346.652 INFO             PET3 !!!!!!!!!!!!!!!!!!!!!!!!!!!!!!!!!!!!!!!!!!!!!!!!!!!!!!
20250508 020346.652 INFO             PET3 !!! THE ESMF_LOG IS SET TO OUTPUT ALL LOG MESSAGES !!!
20250508 020346.652 INFO             PET3 !!!     THIS MAY CAUSE SLOWDOWN IN PERFORMANCE     !!!
20250508 020346.652 INFO             PET3 !!! FOR PRODUCTION RUNS, USE:                      !!!
20250508 020346.652 INFO             PET3 !!!                   ESMF_LOGKIND_Multi_On_Error  !!!
20250508 020346.652 INFO             PET3 !!!!!!!!!!!!!!!!!!!!!!!!!!!!!!!!!!!!!!!!!!!!!!!!!!!!!!
20250508 020346.652 INFO             PET3 Running with ESMF Version   : v8.9.0b08-5-g079ca68fdc
20250508 020346.652 INFO             PET3 ESMF library build date/time: "May  7 2025" "23:10:19"
20250508 020346.652 INFO             PET3 ESMF library build location : /discover/nobackup/projects/gmao/SIteam/ESMF_Testing/llvm_21.0.0git06721_mpich_O_develop/esmf
20250508 020346.652 INFO             PET3 ESMF_COMM                   : mpich
20250508 020346.653 INFO             PET3 ESMF_MOAB                   : enabled
20250508 020346.653 INFO             PET3 ESMF_LAPACK                 : enabled
20250508 020346.653 INFO             PET3 ESMF_NETCDF                 : disabled
20250508 020346.653 INFO             PET3 ESMF_PNETCDF                : disabled
20250508 020346.653 INFO             PET3 ESMF_PIO                    : disabled
20250508 020346.653 INFO             PET3 ESMF_YAMLCPP                : enabled
20250508 020346.656 INFO             PET3 ESMF_FieldRedistStoreNF(): Just entered routine.
20250508 020346.703 INFO             PET3 ESMF_FieldRedistStoreNF(): Leaving routine.
20250508 020346.711 INFO             PET3  NUMBER_OF_PROCESSORS 4
20250508 020346.711 INFO             PET3  PASS  Example ESMF_RHandleFromFileEx, ./ESMF_RHandleFromFileEx.F90, line 192
20250508 020346.711 INFO             PET3  Finalizing ESMF
20250508 020346.711 ERROR            PET3 ESMF_Field_C.F90:758 f_esmf_fieldcollectgarbage() Unable to deallocate memory  - Deallocating Field
20250508 020346.711 ERROR            PET3 ESMCI_VM.C:3574 ESMCI::VM::finalize() Unable to deallocate memory  - Internal subroutine call returned Error
