2025-05-10 05:32:10
 ESMF_Finalize: Error finalizing VM: Unable to deallocate memory 
 ESMF_Finalize: Error finalizing VM: Unable to deallocate memory 
 ESMF_Finalize: Error finalizing VM: Unable to deallocate memory 
 ESMF_Finalize: Error finalizing VM: Unable to deallocate memory 
 NUOPC Basic Model template run
------>Advancing MODEL from:    0  1  1  0  0  0   0
--------------------------------> to:    0  1  1  0  0 30   0
------>Advancing MODEL from:    0  1  1  0  0 30   0
--------------------------------> to:    0  1  1  0  1  0   0
------>Advancing MODEL from:    0  1  1  0  1  0   0
--------------------------------> to:    0  1  1  0  1 30   0
------>Advancing MODEL from:    0  1  1  0  1 30   0
--------------------------------> to:    0  1  1  0  2  0   0
------>Advancing MODEL from:    0  1  1  0  2  0   0
--------------------------------> to:    0  1  1  0  2 30   0
  FAIL  Example ESMF_NUOPCBasicModelEx, ./ESMF_NUOPCBasicModelEx.F90, line 339:
   Example failure
 FAIL: ESMF_NUOPCBasicModelEx.F90
 NUOPC Basic Model template run
------>Advancing MODEL from:    0  1  1  0  0  0   0
--------------------------------> to:    0  1  1  0  0 30   0
------>Advancing MODEL from:    0  1  1  0  0 30   0
--------------------------------> to:    0  1  1  0  1  0   0
------>Advancing MODEL from:    0  1  1  0  1  0   0
--------------------------------> to:    0  1  1  0  1 30   0
------>Advancing MODEL from:    0  1  1  0  1 30   0
--------------------------------> to:    0  1  1  0  2  0   0
------>Advancing MODEL from:    0  1  1  0  2  0   0
--------------------------------> to:    0  1  1  0  2 30   0
  FAIL  Example ESMF_NUOPCBasicModelEx, ./ESMF_NUOPCBasicModelEx.F90, line 339:
   Example failure
 FAIL: ESMF_NUOPCBasicModelEx.F90
 NUOPC Basic Model template run
------>Advancing MODEL from:    0  1  1  0  0  0   0
--------------------------------> to:    0  1  1  0  0 30   0
------>Advancing MODEL from:    0  1  1  0  0 30   0
--------------------------------> to:    0  1  1  0  1  0   0
------>Advancing MODEL from:    0  1  1  0  1  0   0
--------------------------------> to:    0  1  1  0  1 30   0
------>Advancing MODEL from:    0  1  1  0  1 30   0
--------------------------------> to:    0  1  1  0  2  0   0
------>Advancing MODEL from:    0  1  1  0  2  0   0
--------------------------------> to:    0  1  1  0  2 30   0
  FAIL  Example ESMF_NUOPCBasicModelEx, ./ESMF_NUOPCBasicModelEx.F90, line 339:
   Example failure
 FAIL: ESMF_NUOPCBasicModelEx.F90
 NUOPC Basic Model template run
------>Advancing MODEL from:    0  1  1  0  0  0   0
--------------------------------> to:    0  1  1  0  0 30   0
------>Advancing MODEL from:    0  1  1  0  0 30   0
--------------------------------> to:    0  1  1  0  1  0   0
------>Advancing MODEL from:    0  1  1  0  1  0   0
--------------------------------> to:    0  1  1  0  1 30   0
------>Advancing MODEL from:    0  1  1  0  1 30   0
--------------------------------> to:    0  1  1  0  2  0   0
------>Advancing MODEL from:    0  1  1  0  2  0   0
--------------------------------> to:    0  1  1  0  2 30   0
  FAIL  Example ESMF_NUOPCBasicModelEx, ./ESMF_NUOPCBasicModelEx.F90, line 339:
   Example failure
 FAIL: ESMF_NUOPCBasicModelEx.F90
