2025-05-10 05:32:10
--- ESMCI::ArrayBundle::print start ---
ArrayBundle: MyArrayBundle
arrayCount = 3
--- ESMCI::ArrayBundle::print start ---
ArrayBundle: MyArrayBundle
arrayCount = 3
Container::print() multipmap:item=0--- ESMCI::ArrayBundle::print start ---
ArrayBundle: MyArrayBundle
arrayCount = 3
Container::print() multipmap:item=0 key=AonFly value=0x55d06f30c740
--- ESMCI::ArrayBundle::print start ---
ArrayBundle: MyArrayBundle
arrayCount = 3
Container::print() multipmap:item=0 key=AonFly value=0x561be8cf86a0
Container::print() multipmap:item=1 key=Array002 value=0x561be8cf4bf0
Container::print() multipmap:item=2 key=Array003Container::print() multipmap:item=0 key=AonFly value=0x559ecb9b4b30
Container::print() multipmap:item=1 key=Array002 value=0x559ecb88dee0
Container::print() multipmap:item=2 key=Array003 value=0x559ecb88eb60
Container::print()      list:item=0 key=Array002 value=0x559ecb88dee0
Container::print()      list:item=1 key=Array003 value=0x559ecb88eb60
Container::print()      list:item=2 key=AonFly value=0x559ecb9b4b30
--- ESMCI::ArrayBundle::print end ---
 key=AonFly value=0x55b49eaae9c0
Container::print() multipmap:item=1 key=Array002 value=0x55b49eaaa0a0
Container::print() multipmap:item=2 key=Array003 value=0x55b49eaab7a0
Container::print()      list:item=0 key=Array002 value=0x55b49eaaa0a0
Container::print()      list:item=1 key=Array003 value=0x55b49eaab7a0
Container::print()      list:item=2 key=AonFly value=0x55b49eaae9c0
--- ESMCI::ArrayBundle::print end ---
Container::print() multipmap:item=1 key=Array002 value=0x55d06f308bf0
Container::print() multipmap:item=2 key=Array003 value=0x55d06f30a230
Container::print()      list:item=0 key=Array002 value=0x55d06f308bf0
Container::print()      list:item=1 key=Array003 value=0x55d06f30a230
Container::print()      list:item=2 key=AonFly value=0x55d06f30c740
--- ESMCI::ArrayBundle::print end ---
--- ESMCI::Array::print start ---
 Base name    = AonFly value=0x561be8cf61f0
Container::print()      list:item=0 key=Array002 value=0x561be8cf4bf0
Container::print()      list:item=1 key=Array003 value=0x561be8cf61f0
Container::print()      list:item=2 key=AonFly value=0x561be8cf86a0
--- ESMCI::ArrayBundle::print end ---
--- ESMCI::Array::print start ---
 Base name    = AonFly
 Status: Base = --- ESMCI::Array::print start ---
 Base name    = AonFly
 Status: Base = Ready,  object = Ready
 Proxy        = no
 Root Info (Attributes):--- ESMCI::Array::print start ---
 Base name    = AonFly
 Status: Base = Ready,  object = Ready
 Proxy        = no
 Root Info (Attributes):

 Status: Base = Ready,  object = Ready
 Proxy        = no
 Root Info (Attributes):
Ready,  object = Ready
 Proxy        = no
 Root Info (Attributes):

{}{}Array typekind/rank: Real*4 / 2 
~ lower class' values ~
DistGrid dimCount = 2
deCount = 6
localDeCount = 2
~ local data in LocalArray for DE 1 ~
LocalArrayPrint: Array at address 0x55b49eaae360:
            rank = 2, typekind = 5, base_addr = 0x55b49eaa3340
            dim[0] = 2  dim[1] = 2  
  Real, *4, Dim 2, Data values:
{}Array typekind/rank: Real*4 / 2 
~ lower class' values ~
DistGrid dimCount = 2
deCount = 6
localDeCount = 1
~ local data in LocalArray for DE 2 ~
LocalArrayPrint: Array at address 0x55d06f30c410:
            rank = 2, typekind = 5, base_addr = 0x55d06f312620
            dim[0] = 3  dim[1] = 2  
  Real, *4, Dim 2, Data values:
{}Array typekind/rank: Real*4 / 2 
~ lower class' values ~
DistGrid dimCount = 2
deCount = 6
localDeCount = 1
~ local data in LocalArray for DE 3 ~
LocalArrayPrint: Array at address 0x561be8cf8370:
            rank = 2, typekind = 5, base_addr = 0x561be8cee340
            dim[0] = 2  dim[1] = 2  
  Real, *4, Dim 2, Data values:
( 1, 1) =  -7.8354e+24
( 2, 1) =  3.08888e-41
( 1, 2) =  0
( 2, 2) =  0
--- ESMCI::Array::print end ---
--- ESMCI::Array::print start ---
 Base name    = Array002
 Status: Base = Ready,  object = Array typekind/rank: Real*4 / 2 
~ lower class' values ~
DistGrid dimCount = 2
deCount = 6
localDeCount = 2
~ local data in LocalArray for DE 0 ~
LocalArrayPrint: Array at address 0x559ecb9b44d0:
            rank = 2, typekind = 5, base_addr = 0x559ecb895780
            dim[0] = 3  dim[1] = 2  
  Real, *4, Dim 2, Data values:
( 1, 1) =  0
( 2, 1) =  0
( 3, 1) =  0
( 1, 2) =  0
( 2, 2) =  -1.80022e+07
( 3, 2) =  3.07137e-41
~ local data in LocalArray for DE 4 ~
LocalArrayPrint: Array at address 0x559ecb9b4800:
            rank = 2, typekind = 5, base_addr = 0x559ecb3c7500
            dim[0] = 3  dim[1] = 1  
  Real, *4, Dim 2, Data values:
( 1, 1) =  -1.79504e+07
( 2, 1) =  3.07137e-41
( 3, 1) =  4.2039e-45
--- ESMCI::Array::print end ---
--- ESMCI::Array::print start ---
 Base name    = Array002
 Status: Base = Ready, ( 1, 1) =  -1.80788e-20
( 2, 1) =  3.07445e-41
( 1, 2) =  2.8026e-45
( 2, 2) =  1.4013e-45
~ local data in LocalArray for DE 5 ~
LocalArrayPrint: Array at address 0x55b49eaae690:
            rank = 2, typekind = 5, base_addr = 0x55b49eaae2a0
            dim[0] = 2  dim[1] = 1  
  Real, *4, Dim 2, Data values:
( 1, 1) =  -1.80931e-20
( 2, 1) =  3.07445e-41
--- ESMCI::Array::print end ---
--- ESMCI::Array::print start ---
 Base name    = Array002
 Status: Base = Ready,  object = Ready
 Proxy        = no
 Root Info (Attributes):
{}Array typekind/rank: Real*8 / 2 
~ lower class' values ~
DistGrid dimCount = 2
deCount = 6
localDeCount = 2
~ local data in LocalArray for DE 1 ~
LocalArrayPrint: Array at address 0x55b49eaa9a20:
            rank = 2, typekind = 6, ( 1, 1) =  5.48246e+28
( 2, 1) =  3.07837e-41
( 3, 1) =  0
( 1, 2) =  0
( 2, 2) =  0
( 3, 2) =  0
--- ESMCI::Array::print end ---
--- ESMCI::Array::print start ---
 Base name    = Array002
 Status: Base = Ready,  object = Ready
 Proxy        = no
 Root Info (Attributes):
{}Array typekind/rank: Real*8 / 2 
~ lower class' values ~
DistGrid dimCount = 2
deCount = 6
localDeCount = 1
~ local data in LocalArray for DE 2 ~
LocalArrayPrint: Array at address 0x55d06f3088c0:
            rank = 2, typekind = 6, base_addr = 0x55d06f3126a0
            dim[0] = 3  dim[1] = 2  
  Real, *8, Dim 2, Data values:
( 1, 1) =  4.66169e-310
( 2, 1) =  0
( 3, 1) =  4.24399e-314
( 1, 2) =  4.24399e-314
( 2, 2) =  2.122e-314
( 3, 2) =  2.122e-314
--- ESMCI::Array::print end ---
Ready
 Proxy        = no
 Root Info (Attributes):
{}Array typekind/rank: Real*8 / 2 
~ lower class' values ~
DistGrid dimCount = 2
deCount = 6
localDeCount = 1
~ local data in LocalArray for DE 3 ~
LocalArrayPrint: Array at address 0x561be8cf48c0:
            rank = 2, typekind = 6, base_addr = 0x561be8cfe670
            dim[0] = 2  dim[1] = 2  
  Real, *8, Dim 2, Data values:
( 1, 1) =  4.67771e-310
( 2, 1) =  0
( 1, 2) =  0
( 2, 2) =  0
--- ESMCI::Array::print end ---
--- ESMCI::Array::print start ---
 Base name    = Array003
 Status: Base = Ready,  object = Ready
 Proxy        = no
 Root Info (Attributes):
{}Array typekind/rank: Real*8 / 2 
~ lower class' values ~
DistGrid dimCount = 2
deCount = 6
 object = Ready
 Proxy        = no
 Root Info (Attributes):
{}Array typekind/rank: Real*8 / 2 
~ lower class' values ~
DistGrid dimCount = 2
deCount = 6
localDeCount = 2
~ local data in LocalArray for DE 0 ~
LocalArrayPrint: Array at address 0x559ecb88cd60:
            rank = 2, typekind = 6, base_addr = 0x559ecb893c50
            dim[0] = 3  dim[1] = 2  
  Real, *8, Dim 2, Data values:
( 1, 1) =  4.65116e-310
( 2, 1) =  0
( 3, 1) =  4.24399e-314
( 1, 2) =  4.24399e-314
( 2, 2) =  2.122e-314
( 3, 2) =  2.122e-314
~ local data in LocalArray for DE 4 ~
LocalArrayPrint: Array at address 0x559ecb88dbb0:
            rank = 2, typekind = 6, base_addr = 0x559ecb893c20
            dim[0] = 3  dim[1] = 1  
  Real, *8, Dim 2, Data values:
( 1, 1) =  4.65116e-310
( 2, 1) =  0
( 3, 1) =  0
--- ESMCI::Array::print end ---
base_addr = 0x55b49eab5200
            dim[0] = 2  dim[1] = 2  
  Real, *8, Dim 2, Data values:
( 1, 1) =  4.65579e-310
( 2, 1) =  0
( 1, 2) =  0
( 2, 2) =  0
~ local data in LocalArray for DE 5 ~
LocalArrayPrint: Array at address 0x55b49eaa9d50:
            rank = 2, typekind = 6, base_addr = 0x55b49eaaa080
            dim[0] = 2  dim[1] = 1  
  Real, *8, Dim 2, Data values:
( 1, 1) =  1.13884e-310
( 2, 1) =  1.13884e-310
--- ESMCI::Array::print end ---
--- ESMCI::Array::print start ---
 Base name    = Array003
 Status: Base = Ready,  object = Ready
 Proxy        = no
 Root Info (Attributes):
{}Array typekind/rank: Real*8 / 2 
~ lower class' values ~
DistGrid dimCount = 2
deCount = 6
localDeCount = 2
~ local data in LocalArray for DE 1 ~
LocalArrayPrint: Array at address 0x55b49eaab140:
            rank = 2, typekind = 6, base_addr = 0x55b49eab3740
            dim[0] = 2  dim[1] = 2  
  Real, *8, Dim 2, Data values:
--- ESMCI::Array::print start ---
 Base name    = Array003
 Status: Base = Ready,  object = Ready
 Proxy        = no
 Root Info (Attributes):
{}Array typekind/rank: Real*8 / 2 
~ lower class' values ~
DistGrid dimCount = 2
deCount = 6
localDeCount = 1
~ local data in LocalArray for DE 2 ~
LocalArrayPrint: Array at address 0x55d06f309ec0:
            rank = 2, typekind = 6, base_addr = 0x55d06f30a1f0
            dim[0] = 3  dim[1] = 2  
  Real, *8, Dim 2, Data values:
( 1, 1) =  1.12971e-310
( 2, 1) =  1.12971e-310
( 3, 1) =  0
( 1, 2) =  0
( 2, 2) =  0
( 3, 2) =  0
--- ESMCI::Array::print end ---
localDeCount = 1
~ local data in LocalArray for DE 3 ~
LocalArrayPrint: Array at address 0x561be8cf5ec0:
            rank = 2, typekind = 6, base_addr = 0x561be8cfe620
            dim[0] = 2  dim[1] = 2  
  Real, *8, Dim 2, Data values:
( 1, 1) =  4.67771e-310
( 2, 1) =  0
( 1, 2) =  0
( 2, 2) =  0
--- ESMCI::Array::print end ---
--- ESMCI::Array::print start ---
 Base name    = Array003
 Status: Base = Ready,  object = Ready
 Proxy        = no
 Root Info (Attributes):
{}Array typekind/rank: Real*8 / 2 
~ lower class' values ~
DistGrid dimCount = 2
deCount = 6
localDeCount = 2
~ local data in LocalArray for DE 0 ~
LocalArrayPrint: Array at address 0x559ecb88e4c0:
            rank = 2, typekind = 6, base_addr = 0x559ecb88e7f0
            dim[0] = 3  dim[1] = 2  
  Real, *8, Dim 2, Data values:
( 1, 1) =  1.15748e-310
( 2, 1) =  1.15748e-310
( 3, 1) =  0
( 1, 2) =  0
( 2, 2) =  0
( 3, 2) =  -nan
~ local data in LocalArray for DE 4 ~
LocalArrayPrint: Array at address 0x559ecb88e830:
            rank = 2, typekind = 6, base_addr = 0x559ecb88d2d0
            dim[0] = 3  dim[1] = 1  
  Real, *8, Dim 2, Data values:
( 1, 1) =  4.65116e-310
( 2, 1) =  0
( 3, 1) =  0
--- ESMCI::Array::print end ---
( 1, 1) =  4.65579e-310
( 2, 1) =  0
( 1, 2) =  4.65579e-310
( 2, 2) =  4.65579e-310
~ local data in LocalArray for DE 5 ~
LocalArrayPrint: Array at address 0x55b49eaab470:
            rank = 2, typekind = 6, base_addr = 0x55b49eab53e0
            dim[0] = 2  dim[1] = 1  
  Real, *8, Dim 2, Data values:
( 1, 1) =  4.65579e-310
( 2, 1) =  2.122e-314
--- ESMCI::Array::print end ---
  PASS  Example ESMF_ArrayBundleEx, ./ESMF_ArrayBundleEx.F90, line 267
 PASS: ESMF_ArrayBundleEx.F90
  PASS  Example ESMF_ArrayBundleEx, ./ESMF_ArrayBundleEx.F90, line 267
 PASS: ESMF_ArrayBundleEx.F90
  PASS  Example ESMF_ArrayBundleEx, ./ESMF_ArrayBundleEx.F90, line 267
 PASS: ESMF_ArrayBundleEx.F90
  PASS  Example ESMF_ArrayBundleEx, ./ESMF_ArrayBundleEx.F90, line 267
 PASS: ESMF_ArrayBundleEx.F90
