2025-05-08 22:49:20
 sumA =  .70000004
 sumB =  .7
 sumC =  .90000003
 sumD =  .90000003
 sumE =  .9
 result SRCSEQ#1 =  .70000004  expect:  .70000004
  PASS  Example ESMF_RHandleBitForBitEx, ./ESMF_RHandleBitForBitEx.F90, line 15
 57
 PASS: ESMF_RHandleBitForBitEx.F90
 result SRCSEQ#2 =  .70000004  expect:  .70000004
 result SRCPET#1 =  .70000004  expect:  .70000004
 result SRCPET#2 =  .7  expect:  .7
 result SRCPET#3 =  .70000004  expect:  .70000004
 result SRCPET#4 =  .7  expect:  .7
 result SRCPET#5 =  .70000004  expect:  .70000004
 result SRCPET#6 =  .70000004  expect:  .70000004
 result SRCPET#7 =  .7  expect:  .7
 result SRCPET#8 =  .90000003  expect:  .90000003
 result SRCPET#9 =  .90000003  expect:  .90000003
 result SRCPET#10 =  .9  expect:  .9
 SMM parameters determined via auto-tuning -> dump to file
 result SRCPET#11 =  .9
 SMM parameters successfully read from file
  srcTermProcessing= 3  pipelineDepth= 4  ==>> sumCompare= .9
 result SRCPET#11 =  .9  expect:  .9
 SMM parameters successfully read from file
  srcTermProcessing= 3  pipelineDepth= 4  ==>> sumCompare= .9
 result SRCPET#11 =  .9  expect:  .9
 SMM parameters successfully read from file
  srcTermProcessing= 3  pipelineDepth= 4  ==>> sumCompare= .9
 result SRCPET#11 =  .9  expect:  .9
 SMM parameters successfully read from file
  srcTermProcessing= 3  pipelineDepth= 4  ==>> sumCompare= .9
 result SRCPET#11 =  .9  expect:  .9
 result SRCSEQ#3 =  .90000003  expect:  .90000003
  PASS  Example ESMF_RHandleBitForBitEx, ./ESMF_RHandleBitForBitEx.F90, line 15
 57
 PASS: ESMF_RHandleBitForBitEx.F90
  PASS  Example ESMF_RHandleBitForBitEx, ./ESMF_RHandleBitForBitEx.F90, line 15
 57
 PASS: ESMF_RHandleBitForBitEx.F90
  PASS  Example ESMF_RHandleBitForBitEx, ./ESMF_RHandleBitForBitEx.F90, line 15
 57
 PASS: ESMF_RHandleBitForBitEx.F90
