2025-05-10 05:32:10
 localPET= 1  localDE= 0 : array( 1 , 1 )= 4.676958777831E-310
 localPET= 1  localDE= 0 : array( 1 , 2 )= 0.
 localPET= 1  localDE= 0 : array( 2 , 1 )= 0.
 localPET= 1  localDE= 0 : array( 2 , 2 )= 0.
 localPET= 1  localDE= 1 : array( 1 , 1 )= 4.67695877596383E-310
 localPET= 1  localDE= 1 : array( 2 , 1 )= 1.12732245318693E-310
 localPet:  1 DE  1  [ 1 2 ]
 localPet:  1 DE  5  [ 1 2 ]
  PASS  Example ESMF_ArrayEx, ./ESMF_ArrayEx.F90, line 1901
 PASS: ESMF_ArrayEx.F90
 localPET= 0  localDE= 0 : array( 1 , 1 )= 0.
 localPET= 0  localDE= 0 : array( 1 , 2 )= 8.4879831663E-314
 localPET= 0  localDE= 0 : array( 2 , 1 )= 0.
 localPET= 0  localDE= 0 : array( 2 , 2 )= 1.06099789563E-313
 localPET= 0  localDE= 0 : array( 3 , 1 )= 8.4879831653E-314
 localPET= 0  localDE= 0 : array( 3 , 2 )= 1.06099789573E-313
 localPET= 0  localDE= 1 : array( 1 , 1 )= 4.6470598791356E-310
 localPET= 0  localDE= 1 : array( 2 , 1 )= 0.
 localPET= 0  localDE= 1 : array( 3 , 1 )= 0.
 localPet:  0 DE  0  [ 1 3 ]
 localPet:  0 DE  4  [ 1 3 ]
  PASS  Example ESMF_ArrayEx, ./ESMF_ArrayEx.F90, line 1901
 PASS: ESMF_ArrayEx.F90
 localPET= 2  localDE= 0 : array( 1 , 1 )= 0.
 localPET= 2  localDE= 0 : array( 1 , 2 )= 4.243991583E-314
 localPET= 2  localDE= 0 : array( 2 , 1 )= 0.
 localPET= 2  localDE= 0 : array( 2 , 2 )= 2.1219957924E-314
 localPET= 2  localDE= 0 : array( 3 , 1 )= 4.2439915834E-314
 localPET= 2  localDE= 0 : array( 3 , 2 )= 2.121995792E-314
 localPet:  2 DE  2  [ 1 3 ]
  PASS  Example ESMF_ArrayEx, ./ESMF_ArrayEx.F90, line 1901
 PASS: ESMF_ArrayEx.F90
 localPET= 3  localDE= 0 : array( 1 , 1 )= 4.6850513536712E-310
 localPET= 3  localDE= 0 : array( 1 , 2 )= 0.
 localPET= 3  localDE= 0 : array( 2 , 1 )= 0.
 localPET= 3  localDE= 0 : array( 2 , 2 )= 0.
 localPet:  3 DE  3  [ 1 2 ]
  PASS  Example ESMF_ArrayEx, ./ESMF_ArrayEx.F90, line 1901
 PASS: ESMF_ArrayEx.F90
