2025-05-07 23:13:27
20250508 020304.449 INFO             PET0 !!!!!!!!!!!!!!!!!!!!!!!!!!!!!!!!!!!!!!!!!!!!!!!!!!!!!!
20250508 020304.449 INFO             PET0 !!! THE ESMF_LOG IS SET TO OUTPUT ALL LOG MESSAGES !!!
20250508 020304.449 INFO             PET0 !!!     THIS MAY CAUSE SLOWDOWN IN PERFORMANCE     !!!
20250508 020304.449 INFO             PET0 !!! FOR PRODUCTION RUNS, USE:                      !!!
20250508 020304.449 INFO             PET0 !!!                   ESMF_LOGKIND_Multi_On_Error  !!!
20250508 020304.449 INFO             PET0 !!!!!!!!!!!!!!!!!!!!!!!!!!!!!!!!!!!!!!!!!!!!!!!!!!!!!!
20250508 020304.449 INFO             PET0 Running with ESMF Version   : v8.9.0b08-5-g079ca68fdc
20250508 020304.450 INFO             PET0 ESMF library build date/time: "May  7 2025" "23:10:19"
20250508 020304.450 INFO             PET0 ESMF library build location : /discover/nobackup/projects/gmao/SIteam/ESMF_Testing/llvm_21.0.0git06721_mpich_O_develop/esmf
20250508 020304.450 INFO             PET0 ESMF_COMM                   : mpich
20250508 020304.450 INFO             PET0 ESMF_MOAB                   : enabled
20250508 020304.450 INFO             PET0 ESMF_LAPACK                 : enabled
20250508 020304.450 INFO             PET0 ESMF_NETCDF                 : disabled
20250508 020304.450 INFO             PET0 ESMF_PNETCDF                : disabled
20250508 020304.450 INFO             PET0 ESMF_PIO                    : disabled
20250508 020304.450 INFO             PET0 ESMF_YAMLCPP                : enabled
20250508 020304.450 INFO             PET0  NUMBER_OF_PROCESSORS 2
20250508 020304.450 INFO             PET0  PASS  Example ESMF_VMUserMpiCommEx, ./ESMF_VMUserMpiCommEx.F90, line 113
20250508 020304.450 INFO             PET0  Finalizing ESMF with endflag==ESMF_END_KEEPMPI
20250508 020304.449 INFO             PET1 !!!!!!!!!!!!!!!!!!!!!!!!!!!!!!!!!!!!!!!!!!!!!!!!!!!!!!
20250508 020304.449 INFO             PET1 !!! THE ESMF_LOG IS SET TO OUTPUT ALL LOG MESSAGES !!!
20250508 020304.449 INFO             PET1 !!!     THIS MAY CAUSE SLOWDOWN IN PERFORMANCE     !!!
20250508 020304.449 INFO             PET1 !!! FOR PRODUCTION RUNS, USE:                      !!!
20250508 020304.449 INFO             PET1 !!!                   ESMF_LOGKIND_Multi_On_Error  !!!
20250508 020304.449 INFO             PET1 !!!!!!!!!!!!!!!!!!!!!!!!!!!!!!!!!!!!!!!!!!!!!!!!!!!!!!
20250508 020304.449 INFO             PET1 Running with ESMF Version   : v8.9.0b08-5-g079ca68fdc
20250508 020304.449 INFO             PET1 ESMF library build date/time: "May  7 2025" "23:10:19"
20250508 020304.449 INFO             PET1 ESMF library build location : /discover/nobackup/projects/gmao/SIteam/ESMF_Testing/llvm_21.0.0git06721_mpich_O_develop/esmf
20250508 020304.449 INFO             PET1 ESMF_COMM                   : mpich
20250508 020304.450 INFO             PET1 ESMF_MOAB                   : enabled
20250508 020304.450 INFO             PET1 ESMF_LAPACK                 : enabled
20250508 020304.450 INFO             PET1 ESMF_NETCDF                 : disabled
20250508 020304.450 INFO             PET1 ESMF_PNETCDF                : disabled
20250508 020304.450 INFO             PET1 ESMF_PIO                    : disabled
20250508 020304.450 INFO             PET1 ESMF_YAMLCPP                : enabled
20250508 020304.450 INFO             PET1  NUMBER_OF_PROCESSORS 2
20250508 020304.450 INFO             PET1  PASS  Example ESMF_VMUserMpiCommEx, ./ESMF_VMUserMpiCommEx.F90, line 113
20250508 020304.450 INFO             PET1  Finalizing ESMF with endflag==ESMF_END_KEEPMPI
