2024-10-12 23:45:28
20241013 002548.838 INFO             PET0 !!!!!!!!!!!!!!!!!!!!!!!!!!!!!!!!!!!!!!!!!!!!!!!!!!!!!!
20241013 002548.838 INFO             PET0 !!! THE ESMF_LOG IS SET TO OUTPUT ALL LOG MESSAGES !!!
20241013 002548.838 INFO             PET0 !!!     THIS MAY CAUSE SLOWDOWN IN PERFORMANCE     !!!
20241013 002548.838 INFO             PET0 !!! FOR PRODUCTION RUNS, USE:                      !!!
20241013 002548.838 INFO             PET0 !!!                   ESMF_LOGKIND_Multi_On_Error  !!!
20241013 002548.838 INFO             PET0 !!!!!!!!!!!!!!!!!!!!!!!!!!!!!!!!!!!!!!!!!!!!!!!!!!!!!!
20241013 002548.838 INFO             PET0 Running with ESMF Version   : v8.8.0b01
20241013 002548.838 INFO             PET0 ESMF library build date/time: "Oct 12 2024" "23:40:57"
20241013 002548.838 INFO             PET0 ESMF library build location : /discover/nobackup/projects/gmao/SIteam/ESMF_Testing/nag_7.2.15_openmpi_g_develop/esmf
20241013 002548.838 INFO             PET0 ESMF_COMM                   : openmpi
20241013 002548.839 INFO             PET0 ESMF_MOAB                   : enabled
20241013 002548.839 INFO             PET0 ESMF_LAPACK                 : enabled
20241013 002548.839 INFO             PET0 ESMF_NETCDF                 : disabled
20241013 002548.839 INFO             PET0 ESMF_PNETCDF                : disabled
20241013 002548.839 INFO             PET0 ESMF_PIO                    : disabled
20241013 002548.839 INFO             PET0 ESMF_YAMLCPP                : enabled
20241013 002548.839 INFO             PET0  NUMBER_OF_PROCESSORS 2
20241013 002548.839 INFO             PET0  PASS  Example ESMF_VMUserMpiCommEx, ESMF_VMUserMpiCommEx.F90, line 113
20241013 002548.839 INFO             PET0  Finalizing ESMF with endflag==ESMF_END_KEEPMPI
20241013 002548.838 INFO             PET1 !!!!!!!!!!!!!!!!!!!!!!!!!!!!!!!!!!!!!!!!!!!!!!!!!!!!!!
20241013 002548.839 INFO             PET1 !!! THE ESMF_LOG IS SET TO OUTPUT ALL LOG MESSAGES !!!
20241013 002548.839 INFO             PET1 !!!     THIS MAY CAUSE SLOWDOWN IN PERFORMANCE     !!!
20241013 002548.839 INFO             PET1 !!! FOR PRODUCTION RUNS, USE:                      !!!
20241013 002548.839 INFO             PET1 !!!                   ESMF_LOGKIND_Multi_On_Error  !!!
20241013 002548.839 INFO             PET1 !!!!!!!!!!!!!!!!!!!!!!!!!!!!!!!!!!!!!!!!!!!!!!!!!!!!!!
20241013 002548.839 INFO             PET1 Running with ESMF Version   : v8.8.0b01
20241013 002548.839 INFO             PET1 ESMF library build date/time: "Oct 12 2024" "23:40:57"
20241013 002548.839 INFO             PET1 ESMF library build location : /discover/nobackup/projects/gmao/SIteam/ESMF_Testing/nag_7.2.15_openmpi_g_develop/esmf
20241013 002548.839 INFO             PET1 ESMF_COMM                   : openmpi
20241013 002548.839 INFO             PET1 ESMF_MOAB                   : enabled
20241013 002548.839 INFO             PET1 ESMF_LAPACK                 : enabled
20241013 002548.839 INFO             PET1 ESMF_NETCDF                 : disabled
20241013 002548.839 INFO             PET1 ESMF_PNETCDF                : disabled
20241013 002548.839 INFO             PET1 ESMF_PIO                    : disabled
20241013 002548.839 INFO             PET1 ESMF_YAMLCPP                : enabled
20241013 002548.839 INFO             PET1  NUMBER_OF_PROCESSORS 2
20241013 002548.839 INFO             PET1  PASS  Example ESMF_VMUserMpiCommEx, ESMF_VMUserMpiCommEx.F90, line 113
20241013 002548.839 INFO             PET1  Finalizing ESMF with endflag==ESMF_END_KEEPMPI
