2024-10-16 22:55:14
20241016 233723.631 INFO             PET0 !!!!!!!!!!!!!!!!!!!!!!!!!!!!!!!!!!!!!!!!!!!!!!!!!!!!!!
20241016 233723.631 INFO             PET0 !!! THE ESMF_LOG IS SET TO OUTPUT ALL LOG MESSAGES !!!
20241016 233723.631 INFO             PET0 !!!     THIS MAY CAUSE SLOWDOWN IN PERFORMANCE     !!!
20241016 233723.631 INFO             PET0 !!! FOR PRODUCTION RUNS, USE:                      !!!
20241016 233723.631 INFO             PET0 !!!                   ESMF_LOGKIND_Multi_On_Error  !!!
20241016 233723.631 INFO             PET0 !!!!!!!!!!!!!!!!!!!!!!!!!!!!!!!!!!!!!!!!!!!!!!!!!!!!!!
20241016 233723.631 INFO             PET0 Running with ESMF Version   : v8.8.0b01-6-g3ed6fcfd2b
20241016 233723.631 INFO             PET0 ESMF library build date/time: "Oct 16 2024" "22:51:47"
20241016 233723.631 INFO             PET0 ESMF library build location : /discover/nobackup/projects/gmao/SIteam/ESMF_Testing/nag_7.2.15_openmpi_g_develop/esmf
20241016 233723.631 INFO             PET0 ESMF_COMM                   : openmpi
20241016 233723.631 INFO             PET0 ESMF_MOAB                   : enabled
20241016 233723.631 INFO             PET0 ESMF_LAPACK                 : enabled
20241016 233723.631 INFO             PET0 ESMF_NETCDF                 : disabled
20241016 233723.631 INFO             PET0 ESMF_PNETCDF                : disabled
20241016 233723.631 INFO             PET0 ESMF_PIO                    : disabled
20241016 233723.631 INFO             PET0 ESMF_YAMLCPP                : enabled
20241016 233723.731 DEBUG            PET0 about to destroy Grid: 0x1e415d0
20241016 233723.743 DEBUG            PET0 about to destroy Grid: 0x1e44b20
20241016 233723.778 INFO             PET0  NUMBER_OF_PROCESSORS 4
20241016 233723.778 INFO             PET0  PASS  Example ESMF_NUOPCAtmModelEx, ESMF_NUOPCAtmModelEx.F90, line 806
20241016 233723.778 INFO             PET0  Finalizing ESMF
20241016 233723.631 INFO             PET1 !!!!!!!!!!!!!!!!!!!!!!!!!!!!!!!!!!!!!!!!!!!!!!!!!!!!!!
20241016 233723.631 INFO             PET1 !!! THE ESMF_LOG IS SET TO OUTPUT ALL LOG MESSAGES !!!
20241016 233723.631 INFO             PET1 !!!     THIS MAY CAUSE SLOWDOWN IN PERFORMANCE     !!!
20241016 233723.631 INFO             PET1 !!! FOR PRODUCTION RUNS, USE:                      !!!
20241016 233723.631 INFO             PET1 !!!                   ESMF_LOGKIND_Multi_On_Error  !!!
20241016 233723.631 INFO             PET1 !!!!!!!!!!!!!!!!!!!!!!!!!!!!!!!!!!!!!!!!!!!!!!!!!!!!!!
20241016 233723.631 INFO             PET1 Running with ESMF Version   : v8.8.0b01-6-g3ed6fcfd2b
20241016 233723.631 INFO             PET1 ESMF library build date/time: "Oct 16 2024" "22:51:47"
20241016 233723.631 INFO             PET1 ESMF library build location : /discover/nobackup/projects/gmao/SIteam/ESMF_Testing/nag_7.2.15_openmpi_g_develop/esmf
20241016 233723.631 INFO             PET1 ESMF_COMM                   : openmpi
20241016 233723.632 INFO             PET1 ESMF_MOAB                   : enabled
20241016 233723.632 INFO             PET1 ESMF_LAPACK                 : enabled
20241016 233723.632 INFO             PET1 ESMF_NETCDF                 : disabled
20241016 233723.632 INFO             PET1 ESMF_PNETCDF                : disabled
20241016 233723.632 INFO             PET1 ESMF_PIO                    : disabled
20241016 233723.632 INFO             PET1 ESMF_YAMLCPP                : enabled
20241016 233723.731 DEBUG            PET1 about to destroy Grid: 0xf0e0d0
20241016 233723.743 DEBUG            PET1 about to destroy Grid: 0xf11320
20241016 233723.778 INFO             PET1  NUMBER_OF_PROCESSORS 4
20241016 233723.778 INFO             PET1  PASS  Example ESMF_NUOPCAtmModelEx, ESMF_NUOPCAtmModelEx.F90, line 806
20241016 233723.778 INFO             PET1  Finalizing ESMF
20241016 233723.631 INFO             PET2 !!!!!!!!!!!!!!!!!!!!!!!!!!!!!!!!!!!!!!!!!!!!!!!!!!!!!!
20241016 233723.631 INFO             PET2 !!! THE ESMF_LOG IS SET TO OUTPUT ALL LOG MESSAGES !!!
20241016 233723.631 INFO             PET2 !!!     THIS MAY CAUSE SLOWDOWN IN PERFORMANCE     !!!
20241016 233723.631 INFO             PET2 !!! FOR PRODUCTION RUNS, USE:                      !!!
20241016 233723.631 INFO             PET2 !!!                   ESMF_LOGKIND_Multi_On_Error  !!!
20241016 233723.631 INFO             PET2 !!!!!!!!!!!!!!!!!!!!!!!!!!!!!!!!!!!!!!!!!!!!!!!!!!!!!!
20241016 233723.631 INFO             PET2 Running with ESMF Version   : v8.8.0b01-6-g3ed6fcfd2b
20241016 233723.631 INFO             PET2 ESMF library build date/time: "Oct 16 2024" "22:51:47"
20241016 233723.631 INFO             PET2 ESMF library build location : /discover/nobackup/projects/gmao/SIteam/ESMF_Testing/nag_7.2.15_openmpi_g_develop/esmf
20241016 233723.631 INFO             PET2 ESMF_COMM                   : openmpi
20241016 233723.631 INFO             PET2 ESMF_MOAB                   : enabled
20241016 233723.631 INFO             PET2 ESMF_LAPACK                 : enabled
20241016 233723.631 INFO             PET2 ESMF_NETCDF                 : disabled
20241016 233723.631 INFO             PET2 ESMF_PNETCDF                : disabled
20241016 233723.631 INFO             PET2 ESMF_PIO                    : disabled
20241016 233723.631 INFO             PET2 ESMF_YAMLCPP                : enabled
20241016 233723.731 DEBUG            PET2 about to destroy Grid: 0x25eb8e0
20241016 233723.743 DEBUG            PET2 about to destroy Grid: 0x25ecc60
20241016 233723.778 INFO             PET2  NUMBER_OF_PROCESSORS 4
20241016 233723.778 INFO             PET2  PASS  Example ESMF_NUOPCAtmModelEx, ESMF_NUOPCAtmModelEx.F90, line 806
20241016 233723.778 INFO             PET2  Finalizing ESMF
20241016 233723.631 INFO             PET3 !!!!!!!!!!!!!!!!!!!!!!!!!!!!!!!!!!!!!!!!!!!!!!!!!!!!!!
20241016 233723.631 INFO             PET3 !!! THE ESMF_LOG IS SET TO OUTPUT ALL LOG MESSAGES !!!
20241016 233723.631 INFO             PET3 !!!     THIS MAY CAUSE SLOWDOWN IN PERFORMANCE     !!!
20241016 233723.631 INFO             PET3 !!! FOR PRODUCTION RUNS, USE:                      !!!
20241016 233723.631 INFO             PET3 !!!                   ESMF_LOGKIND_Multi_On_Error  !!!
20241016 233723.631 INFO             PET3 !!!!!!!!!!!!!!!!!!!!!!!!!!!!!!!!!!!!!!!!!!!!!!!!!!!!!!
20241016 233723.631 INFO             PET3 Running with ESMF Version   : v8.8.0b01-6-g3ed6fcfd2b
20241016 233723.631 INFO             PET3 ESMF library build date/time: "Oct 16 2024" "22:51:47"
20241016 233723.631 INFO             PET3 ESMF library build location : /discover/nobackup/projects/gmao/SIteam/ESMF_Testing/nag_7.2.15_openmpi_g_develop/esmf
20241016 233723.631 INFO             PET3 ESMF_COMM                   : openmpi
20241016 233723.631 INFO             PET3 ESMF_MOAB                   : enabled
20241016 233723.631 INFO             PET3 ESMF_LAPACK                 : enabled
20241016 233723.631 INFO             PET3 ESMF_NETCDF                 : disabled
20241016 233723.631 INFO             PET3 ESMF_PNETCDF                : disabled
20241016 233723.631 INFO             PET3 ESMF_PIO                    : disabled
20241016 233723.631 INFO             PET3 ESMF_YAMLCPP                : enabled
20241016 233723.731 DEBUG            PET3 about to destroy Grid: 0x2241070
20241016 233723.743 DEBUG            PET3 about to destroy Grid: 0x22442c0
20241016 233723.778 INFO             PET3  NUMBER_OF_PROCESSORS 4
20241016 233723.778 INFO             PET3  PASS  Example ESMF_NUOPCAtmModelEx, ESMF_NUOPCAtmModelEx.F90, line 806
20241016 233723.778 INFO             PET3  Finalizing ESMF
