2024-10-15 22:44:22
20241015 234522.945 INFO             PET0 !!!!!!!!!!!!!!!!!!!!!!!!!!!!!!!!!!!!!!!!!!!!!!!!!!!!!!
20241015 234522.945 INFO             PET0 !!! THE ESMF_LOG IS SET TO OUTPUT ALL LOG MESSAGES !!!
20241015 234522.945 INFO             PET0 !!!     THIS MAY CAUSE SLOWDOWN IN PERFORMANCE     !!!
20241015 234522.945 INFO             PET0 !!! FOR PRODUCTION RUNS, USE:                      !!!
20241015 234522.945 INFO             PET0 !!!                   ESMF_LOGKIND_Multi_On_Error  !!!
20241015 234522.945 INFO             PET0 !!!!!!!!!!!!!!!!!!!!!!!!!!!!!!!!!!!!!!!!!!!!!!!!!!!!!!
20241015 234522.945 INFO             PET0 Running with ESMF Version   : v8.8.0b01-2-g867c30314c
20241015 234522.945 INFO             PET0 ESMF library build date/time: "Oct 15 2024" "22:41:07"
20241015 234522.945 INFO             PET0 ESMF library build location : /discover/nobackup/projects/gmao/SIteam/ESMF_Testing/nag_7.2.15_openmpi_g_develop/esmf
20241015 234522.945 INFO             PET0 ESMF_COMM                   : openmpi
20241015 234522.946 INFO             PET0 ESMF_MOAB                   : enabled
20241015 234522.946 INFO             PET0 ESMF_LAPACK                 : enabled
20241015 234522.946 INFO             PET0 ESMF_NETCDF                 : disabled
20241015 234522.946 INFO             PET0 ESMF_PNETCDF                : disabled
20241015 234522.946 INFO             PET0 ESMF_PIO                    : disabled
20241015 234522.946 INFO             PET0 ESMF_YAMLCPP                : enabled
20241015 234522.946 INFO             PET0  NUMBER_OF_PROCESSORS 1
20241015 234522.946 INFO             PET0  PASS  Example CalendarEx, ESMF_CalendarEx.F90, line 217
20241015 234522.946 INFO             PET0  Finalizing ESMF
