2024-10-11 02:04:15
20241011 025647.358 INFO             PET0 !!!!!!!!!!!!!!!!!!!!!!!!!!!!!!!!!!!!!!!!!!!!!!!!!!!!!!
20241011 025647.358 INFO             PET0 !!! THE ESMF_LOG IS SET TO OUTPUT ALL LOG MESSAGES !!!
20241011 025647.358 INFO             PET0 !!!     THIS MAY CAUSE SLOWDOWN IN PERFORMANCE     !!!
20241011 025647.358 INFO             PET0 !!! FOR PRODUCTION RUNS, USE:                      !!!
20241011 025647.358 INFO             PET0 !!!                   ESMF_LOGKIND_Multi_On_Error  !!!
20241011 025647.358 INFO             PET0 !!!!!!!!!!!!!!!!!!!!!!!!!!!!!!!!!!!!!!!!!!!!!!!!!!!!!!
20241011 025647.358 INFO             PET0 Running with ESMF Version   : v8.8.0b00-12-g0d4b825343
20241011 025647.358 INFO             PET0 ESMF library build date/time: "Oct 11 2024" "02:00:46"
20241011 025647.358 INFO             PET0 ESMF library build location : /glade/derecho/scratch/sacks/esmf-testing/intel_2023.2.1_mpiuni_g_develop/esmf
20241011 025647.358 INFO             PET0 ESMF_COMM                   : mpiuni
20241011 025647.359 INFO             PET0 ESMF_MOAB                   : enabled
20241011 025647.359 INFO             PET0 ESMF_LAPACK                 : enabled
20241011 025647.359 INFO             PET0 ESMF_NETCDF                 : enabled
20241011 025647.359 INFO             PET0 ESMF_PNETCDF                : disabled
20241011 025647.359 INFO             PET0 ESMF_PIO                    : enabled
20241011 025647.359 INFO             PET0 ESMF_YAMLCPP                : enabled
20241011 025647.360 INFO             PET0  NUMBER_OF_PROCESSORS           1
20241011 025647.360 INFO             PET0  PASS  Example ESMF_VMHigherRankDataEx, ESMF_VMHigherRankDataEx.F90, line 140
20241011 025647.360 INFO             PET0  Finalizing ESMF
