2024-10-14 01:47:34
20241014 022141.704 INFO             PET0 !!!!!!!!!!!!!!!!!!!!!!!!!!!!!!!!!!!!!!!!!!!!!!!!!!!!!!
20241014 022141.704 INFO             PET0 !!! THE ESMF_LOG IS SET TO OUTPUT ALL LOG MESSAGES !!!
20241014 022141.704 INFO             PET0 !!!     THIS MAY CAUSE SLOWDOWN IN PERFORMANCE     !!!
20241014 022141.704 INFO             PET0 !!! FOR PRODUCTION RUNS, USE:                      !!!
20241014 022141.704 INFO             PET0 !!!                   ESMF_LOGKIND_Multi_On_Error  !!!
20241014 022141.704 INFO             PET0 !!!!!!!!!!!!!!!!!!!!!!!!!!!!!!!!!!!!!!!!!!!!!!!!!!!!!!
20241014 022141.704 INFO             PET0 Running with ESMF Version   : v8.8.0b01
20241014 022141.704 INFO             PET0 ESMF library build date/time: "Oct 14 2024" "01:45:39"
20241014 022141.704 INFO             PET0 ESMF library build location : /glade/derecho/scratch/sacks/esmf-testing/intel_2023.2.1_mpiuni_g_develop/esmf
20241014 022141.704 INFO             PET0 ESMF_COMM                   : mpiuni
20241014 022141.706 INFO             PET0 ESMF_MOAB                   : enabled
20241014 022141.706 INFO             PET0 ESMF_LAPACK                 : enabled
20241014 022141.706 INFO             PET0 ESMF_NETCDF                 : enabled
20241014 022141.706 INFO             PET0 ESMF_PNETCDF                : disabled
20241014 022141.706 INFO             PET0 ESMF_PIO                    : enabled
20241014 022141.706 INFO             PET0 ESMF_YAMLCPP                : enabled
20241014 022141.706 INFO             PET0  NUMBER_OF_PROCESSORS           1
20241014 022141.706 INFO             PET0  PASS  Example ESMF_VMUserMpiCommMultiEx, ESMF_VMUserMpiCommMultiEx.F90, line 126
20241014 022141.706 INFO             PET0  Finalizing ESMF with endflag==ESMF_END_KEEPMPI
