2024-10-09 01:40:34
20241009 021247.154 INFO             PET0 !!!!!!!!!!!!!!!!!!!!!!!!!!!!!!!!!!!!!!!!!!!!!!!!!!!!!!
20241009 021247.155 INFO             PET0 !!! THE ESMF_LOG IS SET TO OUTPUT ALL LOG MESSAGES !!!
20241009 021247.155 INFO             PET0 !!!     THIS MAY CAUSE SLOWDOWN IN PERFORMANCE     !!!
20241009 021247.155 INFO             PET0 !!! FOR PRODUCTION RUNS, USE:                      !!!
20241009 021247.155 INFO             PET0 !!!                   ESMF_LOGKIND_Multi_On_Error  !!!
20241009 021247.155 INFO             PET0 !!!!!!!!!!!!!!!!!!!!!!!!!!!!!!!!!!!!!!!!!!!!!!!!!!!!!!
20241009 021247.155 INFO             PET0 Running with ESMF Version   : v8.8.0b00-12-g0d4b825343
20241009 021247.155 INFO             PET0 ESMF library build date/time: "Oct  9 2024" "01:38:50"
20241009 021247.155 INFO             PET0 ESMF library build location : /glade/derecho/scratch/sacks/esmf-testing/intel_2023.2.1_mpiuni_g_develop/esmf
20241009 021247.155 INFO             PET0 ESMF_COMM                   : mpiuni
20241009 021247.155 INFO             PET0 ESMF_MOAB                   : enabled
20241009 021247.155 INFO             PET0 ESMF_LAPACK                 : enabled
20241009 021247.155 INFO             PET0 ESMF_NETCDF                 : enabled
20241009 021247.155 INFO             PET0 ESMF_PNETCDF                : disabled
20241009 021247.155 INFO             PET0 ESMF_PIO                    : enabled
20241009 021247.155 INFO             PET0 ESMF_YAMLCPP                : enabled
20241009 021247.157 INFO             PET0  NUMBER_OF_PROCESSORS           1
20241009 021247.157 INFO             PET0  PASS  Example ESMF_AlarmEx, ESMF_AlarmEx.F90, line 244
20241009 021247.157 INFO             PET0  Finalizing ESMF
