2024-10-13 02:02:21
20241013 024251.895 INFO             PET0 !!!!!!!!!!!!!!!!!!!!!!!!!!!!!!!!!!!!!!!!!!!!!!!!!!!!!!
20241013 024251.895 INFO             PET0 !!! THE ESMF_LOG IS SET TO OUTPUT ALL LOG MESSAGES !!!
20241013 024251.895 INFO             PET0 !!!     THIS MAY CAUSE SLOWDOWN IN PERFORMANCE     !!!
20241013 024251.895 INFO             PET0 !!! FOR PRODUCTION RUNS, USE:                      !!!
20241013 024251.895 INFO             PET0 !!!                   ESMF_LOGKIND_Multi_On_Error  !!!
20241013 024251.895 INFO             PET0 !!!!!!!!!!!!!!!!!!!!!!!!!!!!!!!!!!!!!!!!!!!!!!!!!!!!!!
20241013 024251.895 INFO             PET0 Running with ESMF Version   : v8.8.0b01
20241013 024251.895 INFO             PET0 ESMF library build date/time: "Oct 13 2024" "01:59:03"
20241013 024251.895 INFO             PET0 ESMF library build location : /glade/derecho/scratch/sacks/esmf-testing/gfortran_12.2.0_pio2.5.10_mpi_g_develop/esmf
20241013 024251.895 INFO             PET0 ESMF_COMM                   : mpi
20241013 024252.100 INFO             PET0 ESMF_MOAB                   : enabled
20241013 024252.100 INFO             PET0 ESMF_LAPACK                 : enabled
20241013 024252.100 INFO             PET0 ESMF_NETCDF                 : enabled
20241013 024252.100 INFO             PET0 ESMF_PNETCDF                : disabled
20241013 024252.100 INFO             PET0 ESMF_PIO                    : enabled
20241013 024252.100 INFO             PET0 ESMF_YAMLCPP                : enabled
20241013 024252.101 INFO             PET0  NUMBER_OF_PROCESSORS           4
20241013 024252.101 INFO             PET0  PASS  Example ESMF_VMUserMpiCommMultiEx, ESMF_VMUserMpiCommMultiEx.F90, line 126
20241013 024252.101 INFO             PET0  Finalizing ESMF with endflag==ESMF_END_KEEPMPI
20241013 024251.886 INFO             PET0 !!!!!!!!!!!!!!!!!!!!!!!!!!!!!!!!!!!!!!!!!!!!!!!!!!!!!!
20241013 024251.886 INFO             PET0 !!! THE ESMF_LOG IS SET TO OUTPUT ALL LOG MESSAGES !!!
20241013 024251.886 INFO             PET0 !!!     THIS MAY CAUSE SLOWDOWN IN PERFORMANCE     !!!
20241013 024251.886 INFO             PET0 !!! FOR PRODUCTION RUNS, USE:                      !!!
20241013 024251.886 INFO             PET0 !!!                   ESMF_LOGKIND_Multi_On_Error  !!!
20241013 024251.886 INFO             PET0 !!!!!!!!!!!!!!!!!!!!!!!!!!!!!!!!!!!!!!!!!!!!!!!!!!!!!!
20241013 024251.886 INFO             PET0 Running with ESMF Version   : v8.8.0b01
20241013 024251.886 INFO             PET0 ESMF library build date/time: "Oct 13 2024" "01:59:03"
20241013 024251.886 INFO             PET0 ESMF library build location : /glade/derecho/scratch/sacks/esmf-testing/gfortran_12.2.0_pio2.5.10_mpi_g_develop/esmf
20241013 024251.886 INFO             PET0 ESMF_COMM                   : mpi
20241013 024251.893 INFO             PET0 ESMF_MOAB                   : enabled
20241013 024251.893 INFO             PET0 ESMF_LAPACK                 : enabled
20241013 024251.893 INFO             PET0 ESMF_NETCDF                 : enabled
20241013 024251.893 INFO             PET0 ESMF_PNETCDF                : disabled
20241013 024251.893 INFO             PET0 ESMF_PIO                    : enabled
20241013 024251.893 INFO             PET0 ESMF_YAMLCPP                : enabled
20241013 024251.904 INFO             PET0  NUMBER_OF_PROCESSORS           4
20241013 024251.904 INFO             PET0  PASS  Example ESMF_VMUserMpiCommMultiEx, ESMF_VMUserMpiCommMultiEx.F90, line 154
20241013 024251.904 INFO             PET0  Finalizing ESMF with endflag==ESMF_END_KEEPMPI
20241013 024251.882 INFO             PET1 !!!!!!!!!!!!!!!!!!!!!!!!!!!!!!!!!!!!!!!!!!!!!!!!!!!!!!
20241013 024251.882 INFO             PET1 !!! THE ESMF_LOG IS SET TO OUTPUT ALL LOG MESSAGES !!!
20241013 024251.882 INFO             PET1 !!!     THIS MAY CAUSE SLOWDOWN IN PERFORMANCE     !!!
20241013 024251.882 INFO             PET1 !!! FOR PRODUCTION RUNS, USE:                      !!!
20241013 024251.882 INFO             PET1 !!!                   ESMF_LOGKIND_Multi_On_Error  !!!
20241013 024251.882 INFO             PET1 !!!!!!!!!!!!!!!!!!!!!!!!!!!!!!!!!!!!!!!!!!!!!!!!!!!!!!
20241013 024251.882 INFO             PET1 Running with ESMF Version   : v8.8.0b01
20241013 024251.882 INFO             PET1 ESMF library build date/time: "Oct 13 2024" "01:59:03"
20241013 024251.882 INFO             PET1 ESMF library build location : /glade/derecho/scratch/sacks/esmf-testing/gfortran_12.2.0_pio2.5.10_mpi_g_develop/esmf
20241013 024251.882 INFO             PET1 ESMF_COMM                   : mpi
20241013 024251.884 INFO             PET1 ESMF_MOAB                   : enabled
20241013 024251.884 INFO             PET1 ESMF_LAPACK                 : enabled
20241013 024251.884 INFO             PET1 ESMF_NETCDF                 : enabled
20241013 024251.884 INFO             PET1 ESMF_PNETCDF                : disabled
20241013 024251.884 INFO             PET1 ESMF_PIO                    : enabled
20241013 024251.884 INFO             PET1 ESMF_YAMLCPP                : enabled
20241013 024252.101 INFO             PET1  NUMBER_OF_PROCESSORS           4
20241013 024252.101 INFO             PET1  PASS  Example ESMF_VMUserMpiCommMultiEx, ESMF_VMUserMpiCommMultiEx.F90, line 126
20241013 024252.101 INFO             PET1  Finalizing ESMF with endflag==ESMF_END_KEEPMPI
20241013 024251.895 INFO             PET1 !!!!!!!!!!!!!!!!!!!!!!!!!!!!!!!!!!!!!!!!!!!!!!!!!!!!!!
20241013 024251.895 INFO             PET1 !!! THE ESMF_LOG IS SET TO OUTPUT ALL LOG MESSAGES !!!
20241013 024251.895 INFO             PET1 !!!     THIS MAY CAUSE SLOWDOWN IN PERFORMANCE     !!!
20241013 024251.895 INFO             PET1 !!! FOR PRODUCTION RUNS, USE:                      !!!
20241013 024251.895 INFO             PET1 !!!                   ESMF_LOGKIND_Multi_On_Error  !!!
20241013 024251.895 INFO             PET1 !!!!!!!!!!!!!!!!!!!!!!!!!!!!!!!!!!!!!!!!!!!!!!!!!!!!!!
20241013 024251.895 INFO             PET1 Running with ESMF Version   : v8.8.0b01
20241013 024251.895 INFO             PET1 ESMF library build date/time: "Oct 13 2024" "01:59:03"
20241013 024251.895 INFO             PET1 ESMF library build location : /glade/derecho/scratch/sacks/esmf-testing/gfortran_12.2.0_pio2.5.10_mpi_g_develop/esmf
20241013 024251.895 INFO             PET1 ESMF_COMM                   : mpi
20241013 024251.904 INFO             PET1 ESMF_MOAB                   : enabled
20241013 024251.904 INFO             PET1 ESMF_LAPACK                 : enabled
20241013 024251.904 INFO             PET1 ESMF_NETCDF                 : enabled
20241013 024251.904 INFO             PET1 ESMF_PNETCDF                : disabled
20241013 024251.904 INFO             PET1 ESMF_PIO                    : enabled
20241013 024251.904 INFO             PET1 ESMF_YAMLCPP                : enabled
20241013 024251.904 INFO             PET1  NUMBER_OF_PROCESSORS           4
20241013 024251.904 INFO             PET1  PASS  Example ESMF_VMUserMpiCommMultiEx, ESMF_VMUserMpiCommMultiEx.F90, line 154
20241013 024251.904 INFO             PET1  Finalizing ESMF with endflag==ESMF_END_KEEPMPI
