2024-10-18 02:17:08
20241018 031044.205 INFO             PET0 !!!!!!!!!!!!!!!!!!!!!!!!!!!!!!!!!!!!!!!!!!!!!!!!!!!!!!
20241018 031044.205 INFO             PET0 !!! THE ESMF_LOG IS SET TO OUTPUT ALL LOG MESSAGES !!!
20241018 031044.205 INFO             PET0 !!!     THIS MAY CAUSE SLOWDOWN IN PERFORMANCE     !!!
20241018 031044.205 INFO             PET0 !!! FOR PRODUCTION RUNS, USE:                      !!!
20241018 031044.205 INFO             PET0 !!!                   ESMF_LOGKIND_Multi_On_Error  !!!
20241018 031044.205 INFO             PET0 !!!!!!!!!!!!!!!!!!!!!!!!!!!!!!!!!!!!!!!!!!!!!!!!!!!!!!
20241018 031044.205 INFO             PET0 Running with ESMF Version   : v8.8.0b01-7-gc92d921964
20241018 031044.205 INFO             PET0 ESMF library build date/time: "Oct 18 2024" "02:13:58"
20241018 031044.205 INFO             PET0 ESMF library build location : /glade/derecho/scratch/sacks/esmf-testing/gfortran_12.2.0_pio2.5.10_mpi_g_develop/esmf
20241018 031044.205 INFO             PET0 ESMF_COMM                   : mpi
20241018 031044.211 INFO             PET0 ESMF_MOAB                   : enabled
20241018 031044.211 INFO             PET0 ESMF_LAPACK                 : enabled
20241018 031044.211 INFO             PET0 ESMF_NETCDF                 : enabled
20241018 031044.211 INFO             PET0 ESMF_PNETCDF                : disabled
20241018 031044.211 INFO             PET0 ESMF_PIO                    : enabled
20241018 031044.211 INFO             PET0 ESMF_YAMLCPP                : enabled
20241018 031044.226 INFO             PET0  NUMBER_OF_PROCESSORS           4
20241018 031044.226 INFO             PET0  PASS  Example ESMF_FieldMeshRegridEx, ESMF_FieldMeshRegridEx.F90, line 807
20241018 031044.226 INFO             PET0  Finalizing ESMF
20241018 031044.209 INFO             PET1 !!!!!!!!!!!!!!!!!!!!!!!!!!!!!!!!!!!!!!!!!!!!!!!!!!!!!!
20241018 031044.209 INFO             PET1 !!! THE ESMF_LOG IS SET TO OUTPUT ALL LOG MESSAGES !!!
20241018 031044.209 INFO             PET1 !!!     THIS MAY CAUSE SLOWDOWN IN PERFORMANCE     !!!
20241018 031044.209 INFO             PET1 !!! FOR PRODUCTION RUNS, USE:                      !!!
20241018 031044.209 INFO             PET1 !!!                   ESMF_LOGKIND_Multi_On_Error  !!!
20241018 031044.209 INFO             PET1 !!!!!!!!!!!!!!!!!!!!!!!!!!!!!!!!!!!!!!!!!!!!!!!!!!!!!!
20241018 031044.209 INFO             PET1 Running with ESMF Version   : v8.8.0b01-7-gc92d921964
20241018 031044.209 INFO             PET1 ESMF library build date/time: "Oct 18 2024" "02:13:58"
20241018 031044.209 INFO             PET1 ESMF library build location : /glade/derecho/scratch/sacks/esmf-testing/gfortran_12.2.0_pio2.5.10_mpi_g_develop/esmf
20241018 031044.209 INFO             PET1 ESMF_COMM                   : mpi
20241018 031044.212 INFO             PET1 ESMF_MOAB                   : enabled
20241018 031044.212 INFO             PET1 ESMF_LAPACK                 : enabled
20241018 031044.212 INFO             PET1 ESMF_NETCDF                 : enabled
20241018 031044.212 INFO             PET1 ESMF_PNETCDF                : disabled
20241018 031044.212 INFO             PET1 ESMF_PIO                    : enabled
20241018 031044.212 INFO             PET1 ESMF_YAMLCPP                : enabled
20241018 031044.226 INFO             PET1  NUMBER_OF_PROCESSORS           4
20241018 031044.226 INFO             PET1  PASS  Example ESMF_FieldMeshRegridEx, ESMF_FieldMeshRegridEx.F90, line 807
20241018 031044.226 INFO             PET1  Finalizing ESMF
20241018 031044.120 INFO             PET2 !!!!!!!!!!!!!!!!!!!!!!!!!!!!!!!!!!!!!!!!!!!!!!!!!!!!!!
20241018 031044.120 INFO             PET2 !!! THE ESMF_LOG IS SET TO OUTPUT ALL LOG MESSAGES !!!
20241018 031044.120 INFO             PET2 !!!     THIS MAY CAUSE SLOWDOWN IN PERFORMANCE     !!!
20241018 031044.120 INFO             PET2 !!! FOR PRODUCTION RUNS, USE:                      !!!
20241018 031044.120 INFO             PET2 !!!                   ESMF_LOGKIND_Multi_On_Error  !!!
20241018 031044.120 INFO             PET2 !!!!!!!!!!!!!!!!!!!!!!!!!!!!!!!!!!!!!!!!!!!!!!!!!!!!!!
20241018 031044.120 INFO             PET2 Running with ESMF Version   : v8.8.0b01-7-gc92d921964
20241018 031044.120 INFO             PET2 ESMF library build date/time: "Oct 18 2024" "02:13:58"
20241018 031044.120 INFO             PET2 ESMF library build location : /glade/derecho/scratch/sacks/esmf-testing/gfortran_12.2.0_pio2.5.10_mpi_g_develop/esmf
20241018 031044.120 INFO             PET2 ESMF_COMM                   : mpi
20241018 031044.207 INFO             PET2 ESMF_MOAB                   : enabled
20241018 031044.207 INFO             PET2 ESMF_LAPACK                 : enabled
20241018 031044.207 INFO             PET2 ESMF_NETCDF                 : enabled
20241018 031044.207 INFO             PET2 ESMF_PNETCDF                : disabled
20241018 031044.207 INFO             PET2 ESMF_PIO                    : enabled
20241018 031044.207 INFO             PET2 ESMF_YAMLCPP                : enabled
20241018 031044.226 INFO             PET2  NUMBER_OF_PROCESSORS           4
20241018 031044.226 INFO             PET2  PASS  Example ESMF_FieldMeshRegridEx, ESMF_FieldMeshRegridEx.F90, line 807
20241018 031044.226 INFO             PET2  Finalizing ESMF
20241018 031044.202 INFO             PET3 !!!!!!!!!!!!!!!!!!!!!!!!!!!!!!!!!!!!!!!!!!!!!!!!!!!!!!
20241018 031044.202 INFO             PET3 !!! THE ESMF_LOG IS SET TO OUTPUT ALL LOG MESSAGES !!!
20241018 031044.202 INFO             PET3 !!!     THIS MAY CAUSE SLOWDOWN IN PERFORMANCE     !!!
20241018 031044.202 INFO             PET3 !!! FOR PRODUCTION RUNS, USE:                      !!!
20241018 031044.202 INFO             PET3 !!!                   ESMF_LOGKIND_Multi_On_Error  !!!
20241018 031044.202 INFO             PET3 !!!!!!!!!!!!!!!!!!!!!!!!!!!!!!!!!!!!!!!!!!!!!!!!!!!!!!
20241018 031044.202 INFO             PET3 Running with ESMF Version   : v8.8.0b01-7-gc92d921964
20241018 031044.202 INFO             PET3 ESMF library build date/time: "Oct 18 2024" "02:13:58"
20241018 031044.202 INFO             PET3 ESMF library build location : /glade/derecho/scratch/sacks/esmf-testing/gfortran_12.2.0_pio2.5.10_mpi_g_develop/esmf
20241018 031044.202 INFO             PET3 ESMF_COMM                   : mpi
20241018 031044.204 INFO             PET3 ESMF_MOAB                   : enabled
20241018 031044.204 INFO             PET3 ESMF_LAPACK                 : enabled
20241018 031044.204 INFO             PET3 ESMF_NETCDF                 : enabled
20241018 031044.204 INFO             PET3 ESMF_PNETCDF                : disabled
20241018 031044.204 INFO             PET3 ESMF_PIO                    : enabled
20241018 031044.204 INFO             PET3 ESMF_YAMLCPP                : enabled
20241018 031044.226 INFO             PET3  NUMBER_OF_PROCESSORS           4
20241018 031044.226 INFO             PET3  PASS  Example ESMF_FieldMeshRegridEx, ESMF_FieldMeshRegridEx.F90, line 807
20241018 031044.226 INFO             PET3  Finalizing ESMF
