2024-10-15 04:02:55
20241015 045000.914 INFO             PET0 !!!!!!!!!!!!!!!!!!!!!!!!!!!!!!!!!!!!!!!!!!!!!!!!!!!!!!
20241015 045000.914 INFO             PET0 !!! THE ESMF_LOG IS SET TO OUTPUT ALL LOG MESSAGES !!!
20241015 045000.914 INFO             PET0 !!!     THIS MAY CAUSE SLOWDOWN IN PERFORMANCE     !!!
20241015 045000.914 INFO             PET0 !!! FOR PRODUCTION RUNS, USE:                      !!!
20241015 045000.914 INFO             PET0 !!!                   ESMF_LOGKIND_Multi_On_Error  !!!
20241015 045000.914 INFO             PET0 !!!!!!!!!!!!!!!!!!!!!!!!!!!!!!!!!!!!!!!!!!!!!!!!!!!!!!
20241015 045000.914 INFO             PET0 Running with ESMF Version   : v8.8.0b01
20241015 045000.914 INFO             PET0 ESMF library build date/time: "Oct 15 2024" "03:59:36"
20241015 045000.914 INFO             PET0 ESMF library build location : /glade/derecho/scratch/sacks/esmf-testing/nvhpc_23.7_mpiuni_g_develop/esmf
20241015 045000.914 INFO             PET0 ESMF_COMM                   : mpiuni
20241015 045000.915 INFO             PET0 ESMF_MOAB                   : enabled
20241015 045000.915 INFO             PET0 ESMF_LAPACK                 : enabled
20241015 045000.915 INFO             PET0 ESMF_NETCDF                 : enabled
20241015 045000.915 INFO             PET0 ESMF_PNETCDF                : disabled
20241015 045000.915 INFO             PET0 ESMF_PIO                    : enabled
20241015 045000.915 INFO             PET0 ESMF_YAMLCPP                : enabled
20241015 045000.932 INFO             PET0  NUMBER_OF_PROCESSORS            1
20241015 045000.932 INFO             PET0  PASS  Example ESMF_ClockEx, ESMF_ClockEx.F90, line 220
20241015 045000.932 INFO             PET0  Finalizing ESMF
