2024-10-17 04:50:12
20241017 055452.369 INFO             PET0 !!!!!!!!!!!!!!!!!!!!!!!!!!!!!!!!!!!!!!!!!!!!!!!!!!!!!!
20241017 055452.369 INFO             PET0 !!! THE ESMF_LOG IS SET TO OUTPUT ALL LOG MESSAGES !!!
20241017 055452.369 INFO             PET0 !!!     THIS MAY CAUSE SLOWDOWN IN PERFORMANCE     !!!
20241017 055452.369 INFO             PET0 !!! FOR PRODUCTION RUNS, USE:                      !!!
20241017 055452.369 INFO             PET0 !!!                   ESMF_LOGKIND_Multi_On_Error  !!!
20241017 055452.369 INFO             PET0 !!!!!!!!!!!!!!!!!!!!!!!!!!!!!!!!!!!!!!!!!!!!!!!!!!!!!!
20241017 055452.369 INFO             PET0 Running with ESMF Version   : v8.8.0b01-6-g3ed6fcfd2b
20241017 055452.369 INFO             PET0 ESMF library build date/time: "Oct 17 2024" "04:45:44"
20241017 055452.369 INFO             PET0 ESMF library build location : /glade/derecho/scratch/sacks/esmf-testing/nvhpc_23.7_mpiuni_g_develop/esmf
20241017 055452.369 INFO             PET0 ESMF_COMM                   : mpiuni
20241017 055452.370 INFO             PET0 ESMF_MOAB                   : enabled
20241017 055452.370 INFO             PET0 ESMF_LAPACK                 : enabled
20241017 055452.370 INFO             PET0 ESMF_NETCDF                 : enabled
20241017 055452.370 INFO             PET0 ESMF_PNETCDF                : disabled
20241017 055452.370 INFO             PET0 ESMF_PIO                    : enabled
20241017 055452.370 INFO             PET0 ESMF_YAMLCPP                : enabled
20241017 055452.448 DEBUG            PET0 about to destroy Grid: 0x6fc190
20241017 055452.461 DEBUG            PET0 about to destroy Grid: 0x6fda20
20241017 055452.497 INFO             PET0  NUMBER_OF_PROCESSORS            1
20241017 055452.497 INFO             PET0  PASS  Example ESMF_NUOPCAtmModelEx, ESMF_NUOPCAtmModelEx.F90, line 806
20241017 055452.497 INFO             PET0  Finalizing ESMF
