2025-05-10 03:47:26
20250510 043722.094 INFO             PET0 !!!!!!!!!!!!!!!!!!!!!!!!!!!!!!!!!!!!!!!!!!!!!!!!!!!!!!
20250510 043722.094 INFO             PET0 !!! THE ESMF_LOG IS SET TO OUTPUT ALL LOG MESSAGES !!!
20250510 043722.094 INFO             PET0 !!!     THIS MAY CAUSE SLOWDOWN IN PERFORMANCE     !!!
20250510 043722.094 INFO             PET0 !!! FOR PRODUCTION RUNS, USE:                      !!!
20250510 043722.094 INFO             PET0 !!!                   ESMF_LOGKIND_Multi_On_Error  !!!
20250510 043722.094 INFO             PET0 !!!!!!!!!!!!!!!!!!!!!!!!!!!!!!!!!!!!!!!!!!!!!!!!!!!!!!
20250510 043722.094 INFO             PET0 Running with ESMF Version   : v8.9.0b08-9-gea72ab2180
20250510 043722.094 INFO             PET0 ESMF library build date/time: "May 10 2025" "03:44:08"
20250510 043722.094 INFO             PET0 ESMF library build location : /glade/derecho/scratch/sacks/esmf-testing/nvhpc_23.7_mpiuni_g_develop/esmf
20250510 043722.094 INFO             PET0 ESMF_COMM                   : mpiuni
20250510 043722.095 INFO             PET0 ESMF_MOAB                   : enabled
20250510 043722.095 INFO             PET0 ESMF_LAPACK                 : enabled
20250510 043722.095 INFO             PET0 ESMF_NETCDF                 : enabled
20250510 043722.095 INFO             PET0 ESMF_PNETCDF                : disabled
20250510 043722.095 INFO             PET0 ESMF_PIO                    : enabled
20250510 043722.095 INFO             PET0 ESMF_YAMLCPP                : enabled
20250510 043722.102 INFO             PET0 ESMF_FieldRedistStoreNF(): Just entered routine.
20250510 043722.722 INFO             PET0 ESMF_FieldRedistStoreNF(): Leaving routine.
20250510 043722.730 INFO             PET0  NUMBER_OF_PROCESSORS            1
20250510 043722.731 INFO             PET0  PASS  Example ESMF_RHandleFromFileEx, ESMF_RHandleFromFileEx.F90, line 192
20250510 043722.731 INFO             PET0  Finalizing ESMF
