2024-10-11 03:52:27
20241011 041331.513 INFO             PET0 !!!!!!!!!!!!!!!!!!!!!!!!!!!!!!!!!!!!!!!!!!!!!!!!!!!!!!
20241011 041331.513 INFO             PET0 !!! THE ESMF_LOG IS SET TO OUTPUT ALL LOG MESSAGES !!!
20241011 041331.513 INFO             PET0 !!!     THIS MAY CAUSE SLOWDOWN IN PERFORMANCE     !!!
20241011 041331.513 INFO             PET0 !!! FOR PRODUCTION RUNS, USE:                      !!!
20241011 041331.513 INFO             PET0 !!!                   ESMF_LOGKIND_Multi_On_Error  !!!
20241011 041331.513 INFO             PET0 !!!!!!!!!!!!!!!!!!!!!!!!!!!!!!!!!!!!!!!!!!!!!!!!!!!!!!
20241011 041331.513 INFO             PET0 Running with ESMF Version   : v8.8.0b00-12-g0d4b825343
20241011 041331.513 INFO             PET0 ESMF library build date/time: "Oct 11 2024" "03:51:15"
20241011 041331.513 INFO             PET0 ESMF library build location : /tmp/intel_2023.1.0-classic_mpiuni_O_develop/esmf
20241011 041331.513 INFO             PET0 ESMF_COMM                   : mpiuni
20241011 041331.513 INFO             PET0 ESMF_MOAB                   : enabled
20241011 041331.513 INFO             PET0 ESMF_LAPACK                 : enabled
20241011 041331.513 INFO             PET0 ESMF_NETCDF                 : enabled
20241011 041331.513 INFO             PET0 ESMF_PNETCDF                : disabled
20241011 041331.513 INFO             PET0 ESMF_PIO                    : enabled
20241011 041331.513 INFO             PET0 ESMF_YAMLCPP                : enabled
20241011 041331.515 INFO             PET0  NUMBER_OF_PROCESSORS           1
20241011 041331.515 INFO             PET0  PASS  Example ESMF_GCompEx, ESMF_GCompEx.F90, line 465
20241011 041331.515 INFO             PET0  Finalizing ESMF
