2024-10-13 22:33:58
20241013 225823.624 INFO             PET0 !!!!!!!!!!!!!!!!!!!!!!!!!!!!!!!!!!!!!!!!!!!!!!!!!!!!!!
20241013 225823.624 INFO             PET0 !!! THE ESMF_LOG IS SET TO OUTPUT ALL LOG MESSAGES !!!
20241013 225823.624 INFO             PET0 !!!     THIS MAY CAUSE SLOWDOWN IN PERFORMANCE     !!!
20241013 225823.624 INFO             PET0 !!! FOR PRODUCTION RUNS, USE:                      !!!
20241013 225823.624 INFO             PET0 !!!                   ESMF_LOGKIND_Multi_On_Error  !!!
20241013 225823.624 INFO             PET0 !!!!!!!!!!!!!!!!!!!!!!!!!!!!!!!!!!!!!!!!!!!!!!!!!!!!!!
20241013 225823.624 INFO             PET0 Running with ESMF Version   : v8.8.0b01
20241013 225823.624 INFO             PET0 ESMF library build date/time: "Oct 13 2024" "22:32:11"
20241013 225823.624 INFO             PET0 ESMF library build location : /discover/nobackup/projects/gmao/SIteam/ESMF_Testing/intel_2024.2.0_mpiuni_O_develop/esmf
20241013 225823.624 INFO             PET0 ESMF_COMM                   : mpiuni
20241013 225823.624 INFO             PET0 ESMF_MOAB                   : enabled
20241013 225823.624 INFO             PET0 ESMF_LAPACK                 : enabled
20241013 225823.624 INFO             PET0 ESMF_NETCDF                 : disabled
20241013 225823.624 INFO             PET0 ESMF_PNETCDF                : disabled
20241013 225823.624 INFO             PET0 ESMF_PIO                    : disabled
20241013 225823.624 INFO             PET0 ESMF_YAMLCPP                : enabled
20241013 225823.625 INFO             PET0  NUMBER_OF_PROCESSORS           1
20241013 225823.625 INFO             PET0  PASS  Example ESMF_VMScatterVMGatherEx, ESMF_VMScatterVMGatherEx.F90, line 120
20241013 225823.625 INFO             PET0  Finalizing ESMF
