2025-05-08 03:58:30
20250508 042723.650 INFO             PET0 !!!!!!!!!!!!!!!!!!!!!!!!!!!!!!!!!!!!!!!!!!!!!!!!!!!!!!
20250508 042723.650 INFO             PET0 !!! THE ESMF_LOG IS SET TO OUTPUT ALL LOG MESSAGES !!!
20250508 042723.650 INFO             PET0 !!!     THIS MAY CAUSE SLOWDOWN IN PERFORMANCE     !!!
20250508 042723.650 INFO             PET0 !!! FOR PRODUCTION RUNS, USE:                      !!!
20250508 042723.650 INFO             PET0 !!!                   ESMF_LOGKIND_Multi_On_Error  !!!
20250508 042723.650 INFO             PET0 !!!!!!!!!!!!!!!!!!!!!!!!!!!!!!!!!!!!!!!!!!!!!!!!!!!!!!
20250508 042723.650 INFO             PET0 Running with ESMF Version   : v8.9.0b08-5-g079ca68fdc
20250508 042723.650 INFO             PET0 ESMF library build date/time: "May  8 2025" "03:57:08"
20250508 042723.650 INFO             PET0 ESMF library build location : /tmp/gfortran_12.3.0_mpiuni_g_develop/esmf
20250508 042723.650 INFO             PET0 ESMF_COMM                   : mpiuni
20250508 042723.650 INFO             PET0 ESMF_MOAB                   : enabled
20250508 042723.650 INFO             PET0 ESMF_LAPACK                 : enabled
20250508 042723.650 INFO             PET0 ESMF_NETCDF                 : enabled
20250508 042723.650 INFO             PET0 ESMF_PNETCDF                : disabled
20250508 042723.650 INFO             PET0 ESMF_PIO                    : enabled
20250508 042723.650 INFO             PET0 ESMF_YAMLCPP                : enabled
20250508 042723.656 INFO             PET0 ESMF_FieldRedistStoreNF(): Just entered routine.
20250508 042724.554 INFO             PET0 ESMF_FieldRedistStoreNF(): Leaving routine.
20250508 042724.559 INFO             PET0  NUMBER_OF_PROCESSORS           1
20250508 042724.559 INFO             PET0  PASS  Example ESMF_RHandleFromFileEx, ESMF_RHandleFromFileEx.F90, line 192
20250508 042724.559 INFO             PET0  Finalizing ESMF
