2024-10-12 07:43:37
20241012 083822.476 INFO             PET0 !!!!!!!!!!!!!!!!!!!!!!!!!!!!!!!!!!!!!!!!!!!!!!!!!!!!!!
20241012 083822.476 INFO             PET0 !!! THE ESMF_LOG IS SET TO OUTPUT ALL LOG MESSAGES !!!
20241012 083822.476 INFO             PET0 !!!     THIS MAY CAUSE SLOWDOWN IN PERFORMANCE     !!!
20241012 083822.476 INFO             PET0 !!! FOR PRODUCTION RUNS, USE:                      !!!
20241012 083822.476 INFO             PET0 !!!                   ESMF_LOGKIND_Multi_On_Error  !!!
20241012 083822.476 INFO             PET0 !!!!!!!!!!!!!!!!!!!!!!!!!!!!!!!!!!!!!!!!!!!!!!!!!!!!!!
20241012 083822.476 INFO             PET0 Running with ESMF Version   : v8.8.0b01
20241012 083822.476 INFO             PET0 ESMF library build date/time: "Oct 12 2024" "07:39:22"
20241012 083822.476 INFO             PET0 ESMF library build location : /scratch2/NCEPDEV/stmp1/Gerhard.Theurich/ESMF-Nightly-Testing/nvhpc_24.1_mpiuni_O_develop/esmf
20241012 083822.476 INFO             PET0 ESMF_COMM                   : mpiuni
20241012 083822.477 INFO             PET0 ESMF_MOAB                   : enabled
20241012 083822.477 INFO             PET0 ESMF_LAPACK                 : enabled
20241012 083822.477 INFO             PET0 ESMF_NETCDF                 : disabled
20241012 083822.477 INFO             PET0 ESMF_PNETCDF                : disabled
20241012 083822.477 INFO             PET0 ESMF_PIO                    : disabled
20241012 083822.477 INFO             PET0 ESMF_YAMLCPP                : enabled
20241012 083822.568 DEBUG            PET0 about to destroy Grid: 0x2250390
20241012 083822.570 DEBUG            PET0 about to destroy Grid: 0x2251870
20241012 083822.578 INFO             PET0  NUMBER_OF_PROCESSORS            1
20241012 083822.578 INFO             PET0  PASS  Example ESMF_NUOPCAtmModelEx, ESMF_NUOPCAtmModelEx.F90, line 806
20241012 083822.578 INFO             PET0  Finalizing ESMF
