2025-05-09 07:51:29
20250509 085412.557 INFO             PET0 !!!!!!!!!!!!!!!!!!!!!!!!!!!!!!!!!!!!!!!!!!!!!!!!!!!!!!
20250509 085412.557 INFO             PET0 !!! THE ESMF_LOG IS SET TO OUTPUT ALL LOG MESSAGES !!!
20250509 085412.557 INFO             PET0 !!!     THIS MAY CAUSE SLOWDOWN IN PERFORMANCE     !!!
20250509 085412.557 INFO             PET0 !!! FOR PRODUCTION RUNS, USE:                      !!!
20250509 085412.557 INFO             PET0 !!!                   ESMF_LOGKIND_Multi_On_Error  !!!
20250509 085412.557 INFO             PET0 !!!!!!!!!!!!!!!!!!!!!!!!!!!!!!!!!!!!!!!!!!!!!!!!!!!!!!
20250509 085412.557 INFO             PET0 Running with ESMF Version   : v8.9.0b08-9-gea72ab2180
20250509 085412.557 INFO             PET0 ESMF library build date/time: "May  9 2025" "07:47:57"
20250509 085412.557 INFO             PET0 ESMF library build location : /scratch2/NCEPDEV/stmp1/Gerhard.Theurich/ESMF-Nightly-Testing/nvhpc_24.1_mpiuni_O_develop/esmf
20250509 085412.557 INFO             PET0 ESMF_COMM                   : mpiuni
20250509 085412.558 INFO             PET0 ESMF_MOAB                   : enabled
20250509 085412.558 INFO             PET0 ESMF_LAPACK                 : enabled
20250509 085412.558 INFO             PET0 ESMF_NETCDF                 : disabled
20250509 085412.558 INFO             PET0 ESMF_PNETCDF                : disabled
20250509 085412.558 INFO             PET0 ESMF_PIO                    : disabled
20250509 085412.558 INFO             PET0 ESMF_YAMLCPP                : enabled
20250509 085412.558 INFO             PET0  NUMBER_OF_PROCESSORS            1
20250509 085412.558 INFO             PET0  PASS  Example ESMF_VMGetMPICommunicatorEx, ESMF_VMGetMPICommunicatorEx.F90, line 94
20250509 085412.558 INFO             PET0  Finalizing ESMF
