2024-10-11 07:43:44
20241011 083649.316 INFO             PET0 !!!!!!!!!!!!!!!!!!!!!!!!!!!!!!!!!!!!!!!!!!!!!!!!!!!!!!
20241011 083649.316 INFO             PET0 !!! THE ESMF_LOG IS SET TO OUTPUT ALL LOG MESSAGES !!!
20241011 083649.316 INFO             PET0 !!!     THIS MAY CAUSE SLOWDOWN IN PERFORMANCE     !!!
20241011 083649.316 INFO             PET0 !!! FOR PRODUCTION RUNS, USE:                      !!!
20241011 083649.316 INFO             PET0 !!!                   ESMF_LOGKIND_Multi_On_Error  !!!
20241011 083649.316 INFO             PET0 !!!!!!!!!!!!!!!!!!!!!!!!!!!!!!!!!!!!!!!!!!!!!!!!!!!!!!
20241011 083649.316 INFO             PET0 Running with ESMF Version   : v8.8.0b00-12-g0d4b825343
20241011 083649.316 INFO             PET0 ESMF library build date/time: "Oct 11 2024" "07:39:43"
20241011 083649.316 INFO             PET0 ESMF library build location : /scratch2/NCEPDEV/stmp1/Gerhard.Theurich/ESMF-Nightly-Testing/nvhpc_24.1_mpiuni_O_develop/esmf
20241011 083649.316 INFO             PET0 ESMF_COMM                   : mpiuni
20241011 083649.317 INFO             PET0 ESMF_MOAB                   : enabled
20241011 083649.317 INFO             PET0 ESMF_LAPACK                 : enabled
20241011 083649.317 INFO             PET0 ESMF_NETCDF                 : disabled
20241011 083649.317 INFO             PET0 ESMF_PNETCDF                : disabled
20241011 083649.317 INFO             PET0 ESMF_PIO                    : disabled
20241011 083649.317 INFO             PET0 ESMF_YAMLCPP                : enabled
20241011 083649.318 INFO             PET0  NUMBER_OF_PROCESSORS            1
20241011 083649.318 INFO             PET0  PASS  Example ESMF_DELayoutEx, ESMF_DELayoutEx.F90, line 394
20241011 083649.318 INFO             PET0  Finalizing ESMF
