2024-10-16 07:42:44
20241016 083349.978 INFO             PET0 !!!!!!!!!!!!!!!!!!!!!!!!!!!!!!!!!!!!!!!!!!!!!!!!!!!!!!
20241016 083349.979 INFO             PET0 !!! THE ESMF_LOG IS SET TO OUTPUT ALL LOG MESSAGES !!!
20241016 083349.979 INFO             PET0 !!!     THIS MAY CAUSE SLOWDOWN IN PERFORMANCE     !!!
20241016 083349.979 INFO             PET0 !!! FOR PRODUCTION RUNS, USE:                      !!!
20241016 083349.979 INFO             PET0 !!!                   ESMF_LOGKIND_Multi_On_Error  !!!
20241016 083349.979 INFO             PET0 !!!!!!!!!!!!!!!!!!!!!!!!!!!!!!!!!!!!!!!!!!!!!!!!!!!!!!
20241016 083349.979 INFO             PET0 Running with ESMF Version   : v8.8.0b01-2-g867c30314c
20241016 083349.979 INFO             PET0 ESMF library build date/time: "Oct 16 2024" "07:38:59"
20241016 083349.979 INFO             PET0 ESMF library build location : /scratch2/NCEPDEV/stmp1/Gerhard.Theurich/ESMF-Nightly-Testing/nvhpc_24.1_mpiuni_O_develop/esmf
20241016 083349.979 INFO             PET0 ESMF_COMM                   : mpiuni
20241016 083349.980 INFO             PET0 ESMF_MOAB                   : enabled
20241016 083349.980 INFO             PET0 ESMF_LAPACK                 : enabled
20241016 083349.980 INFO             PET0 ESMF_NETCDF                 : disabled
20241016 083349.980 INFO             PET0 ESMF_PNETCDF                : disabled
20241016 083349.980 INFO             PET0 ESMF_PIO                    : disabled
20241016 083349.980 INFO             PET0 ESMF_YAMLCPP                : enabled
20241016 083349.980 INFO             PET0  NUMBER_OF_PROCESSORS            1
20241016 083349.981 INFO             PET0  PASS  Example ESMF_GridCreateRegFromDGEx, ESMF_GridCreateRegFromDGEx.F90, line 112
20241016 083349.981 INFO             PET0  Finalizing ESMF
