2024-10-14 07:39:57
20241014 083208.847 INFO             PET0 !!!!!!!!!!!!!!!!!!!!!!!!!!!!!!!!!!!!!!!!!!!!!!!!!!!!!!
20241014 083208.847 INFO             PET0 !!! THE ESMF_LOG IS SET TO OUTPUT ALL LOG MESSAGES !!!
20241014 083208.847 INFO             PET0 !!!     THIS MAY CAUSE SLOWDOWN IN PERFORMANCE     !!!
20241014 083208.847 INFO             PET0 !!! FOR PRODUCTION RUNS, USE:                      !!!
20241014 083208.847 INFO             PET0 !!!                   ESMF_LOGKIND_Multi_On_Error  !!!
20241014 083208.847 INFO             PET0 !!!!!!!!!!!!!!!!!!!!!!!!!!!!!!!!!!!!!!!!!!!!!!!!!!!!!!
20241014 083208.847 INFO             PET0 Running with ESMF Version   : v8.8.0b01
20241014 083208.847 INFO             PET0 ESMF library build date/time: "Oct 14 2024" "07:36:06"
20241014 083208.847 INFO             PET0 ESMF library build location : /scratch2/NCEPDEV/stmp1/Gerhard.Theurich/ESMF-Nightly-Testing/nvhpc_24.1_mpiuni_O_develop/esmf
20241014 083208.847 INFO             PET0 ESMF_COMM                   : mpiuni
20241014 083208.848 INFO             PET0 ESMF_MOAB                   : enabled
20241014 083208.848 INFO             PET0 ESMF_LAPACK                 : enabled
20241014 083208.848 INFO             PET0 ESMF_NETCDF                 : disabled
20241014 083208.848 INFO             PET0 ESMF_PNETCDF                : disabled
20241014 083208.848 INFO             PET0 ESMF_PIO                    : disabled
20241014 083208.848 INFO             PET0 ESMF_YAMLCPP                : enabled
20241014 083208.850 INFO             PET0  NUMBER_OF_PROCESSORS            1
20241014 083208.850 INFO             PET0  PASS  Example ESMF_FieldBundleCreateEx, ESMF_FieldBundleCreateEx.F90, line 561
20241014 083208.850 INFO             PET0  Finalizing ESMF
