2025-05-08 22:49:20
Abort(1) on node 0 (rank 0 in comm 496): application called MPI_Abort(comm=0x84000002, 1) - process 0
Abort(1) on node 2 (rank 2 in comm 496): application called MPI_Abort(comm=0x84000001, 1) - process 2
Abort(1) on node 3 (rank 3 in comm 496): application called MPI_Abort(comm=0x84000001, 1) - process 3
Abort(1) on node 1 (rank 1 in comm 496): application called MPI_Abort(comm=0x84000001, 1) - process 1
 NUOPC_DriverPrint for PET: 1
   Model, Mediator, and Driver components, in the order
   that they were added to the Driver:
 1 :  ATM
 2 :  OCN
 3 :  MED
   Connector components, in the order
   that they were added to the Driver:
 1 :  MED-TO-OCN
 2 :  MED-TO-ATM
 3 :  OCN-TO-MED
 4 :  ATM-TO-MED
NUOPC_RunSequenceArrayPrint: element     1 out of      5
runSeq::
 runElementPrint:     -2     0     0 F T
 runElementPrint:      3     1     1 F T
 runElementPrint:     -3     0     0 F T
 runElementPrint:      3     2     1 F T
 runElementPrint:     -1    -1     0 F F
::
NUOPC_RunSequenceArrayPrint: element     2 out of      5
runSeq::
 runElementPrint:      3    -1     1 F T
 runElementPrint:      3     2     1 F T
 runElementPrint:      3     1     1 F T
 runElementPrint:      1    -1     1 F T
 runElementPrint:      2    -1     1 F T
 runElementPrint:      2     3     1 F T
 runElementPrint:      1     3     1 F T
 runElementPrint:     -2    -1     0 F F
::
NUOPC_RunSequenceArrayPrint: element     3 out of      5
runSeq::
 runElementPrint:      3    -1     1 F T
 runElementPrint:      3     1     1 F T
 runElementPrint:      3     2     1 F T
 runElementPrint:      1    -1     1 F T
 runElementPrint:      2    -1     1 F T
 runElementPrint:      1     3     1 F T
 runElementPrint:      2     3     1 F T
 runElementPrint:     -3    -1     0 F F
::
NUOPC_RunSequenceArrayPrint: element     4 out of      5
runSeq::
 runElementPrint:     -4    -1     0 T F
::
NUOPC_RunSequenceArrayPrint: element     5 out of      5
runSeq::
 runElementPrint:     -5    -1     0 T F
::
borgn005:rank2: Error opening remote shared memory object /psm3_shm.31128555.0x33d01ca1903:fe80000000000000:b83fd20300fdaa66.0 in shm_open: No such file or directory (err=9)
borgn005:rank2: PSM could not set up shared memory segment (err=9)
libfabric:254762:1746763497::psm3:av:psmx3_epid_to_epaddr():240<warn> borgn005:rank2: psm3_ep_connect returned error PSM could not set up shared memory segment, remote epid=0x33d01ca1903:fe80000000000000:b83fd20300fdaa66.
borgn005:rank3: Error opening remote shared memory object /psm3_shm.31128555.0x33d01ca1903:fe80000000000000:b83fd20300fdaa66.0 in shm_open: No such file or directory (err=9)
borgn005:rank3: PSM could not set up shared memory segment (err=9)
libfabric:254763:1746763497::psm3:av:psmx3_epid_to_epaddr():240<warn> borgn005:rank3: psm3_ep_connect returned error PSM could not set up shared memory segment, remote epid=0x33d01ca1903:fe80000000000000:b83fd20300fdaa66.
