2025-05-10 05:32:10
Abort(1) on node 0 (rank 0 in comm 496): application called MPI_Abort(comm=0x84000002, 1) - process 0
Abort(1) on node 1 (rank 1 in comm 496): application called MPI_Abort(comm=0x84000001, 1) - process 1
Abort(1) on node 3 (rank 3 in comm 496): application called MPI_Abort(comm=0x84000001, 1) - process 3
Abort(1) on node 2 (rank 2 in comm 496): application called MPI_Abort(comm=0x84000001, 1) - process 2
 NUOPC_DriverPrint for PET: 1
   Model, Mediator, and Driver components, in the order
   that they were added to the Driver:
 1 :  ATM
 2 :  OCN
   Connector components, in the order
   that they were added to the Driver:
 1 :  OCN-TO-ATM
 2 :  ATM-TO-OCN
NUOPC_RunSequenceArrayPrint: element     1 out of      2
runSeq::
 runElementPrint:      2     1     1 F T
 runElementPrint:     -2     0     0 F T
 runElementPrint:      1     2     1 F T
 runElementPrint:      2    -1     3 F T
 runElementPrint:     -1    -1     0 F F
::
NUOPC_RunSequenceArrayPrint: element     2 out of      2
runSeq::
 runElementPrint:      1    -1     2 F T
 runElementPrint:      1     2     1 F T
 runElementPrint:      2    -1     2 F T
 runElementPrint:      2     1     1 F T
 runElementPrint:      1    -1     3 F T
 runElementPrint:     -2    -1     0 F F
::
borgl160:rank2: Error opening remote shared memory object /psm3_shm.31128555.0x23600c73403:fe80000000000000:e8ebd30300a0278a.0 in shm_open: No such file or directory (err=9)
borgl160:rank2: PSM could not set up shared memory segment (err=9)
libfabric:87120:1746874363::psm3:av:psmx3_epid_to_epaddr():240<warn> borgl160:rank2: psm3_ep_connect returned error PSM could not set up shared memory segment, remote epid=0x23600c73403:fe80000000000000:e8ebd30300a0278a.
borgl160:rank3: Error opening remote shared memory object /psm3_shm.31128555.0x23600c73403:fe80000000000000:e8ebd30300a0278a.0 in shm_open: No such file or directory (err=9)
borgl160:rank3: PSM could not set up shared memory segment (err=9)
libfabric:87121:1746874363::psm3:av:psmx3_epid_to_epaddr():240<warn> borgl160:rank3: psm3_ep_connect returned error PSM could not set up shared memory segment, remote epid=0x23600c73403:fe80000000000000:e8ebd30300a0278a.
