2025-05-08 22:49:20
Abort(1) on node 1 (rank 1 in comm 496): application called MPI_Abort(comm=0x84000001, 1) - process 1
Abort(1) on node 0 (rank 0 in comm 496): application called MPI_Abort(comm=0x84000002, 1) - process 0
Abort(1) on node 2 (rank 2 in comm 496): application called MPI_Abort(comm=0x84000001, 1) - process 2
Abort(1) on node 3 (rank 3 in comm 496): application called MPI_Abort(comm=0x84000001, 1) - process 3
 NUOPC_DriverPrint for PET: 0
   Model, Mediator, and Driver components, in the order
   that they were added to the Driver:
 1 :  advectDiff_Parent
 2 :  advectDiff_Gen1Nestling0
 3 :  advectDiff_Gen1Nestling1
 4 :  advectDiff_Gen2Nestling0
   Connector components, in the order
   that they were added to the Driver:
 1 :  advectDiff_Parent-TO-advectDiff_Gen1Nestling0
 2 :  advectDiff_Parent-TO-advectDiff_Gen1Nestling1
 3 :  advectDiff_Gen1Nestling0-TO-advectDiff_Gen2Nestling0
NUOPC_RunSequenceArrayPrint: element     1 out of      2
runSeq::
 runElementPrint:      1     2     1 F T
 runElementPrint:      1     3     1 F T
 runElementPrint:      1    -1     1 F T
 runElementPrint:     -2     0     0 F T
 runElementPrint:      3    -1     1 F T
 runElementPrint:     -1    -1     0 F F
::
NUOPC_RunSequenceArrayPrint: element     2 out of      2
runSeq::
 runElementPrint:      2     4     1 F T
 runElementPrint:      2    -1     1 F T
 runElementPrint:      4    -1     1 F T
 runElementPrint:     -2    -1     0 F F
::
 NUOPC_DriverPrint for PET: 1
   Model, Mediator, and Driver components, in the order
   that they were added to the Driver:
 1 :  advectDiff_Parent
 2 :  advectDiff_Gen1Nestling0
 3 :  advectDiff_Gen1Nestling1
 4 :  advectDiff_Gen2Nestling0
   Connector components, in the order
   that they were added to the Driver:
 1 :  advectDiff_Parent-TO-advectDiff_Gen1Nestling0
 2 :  advectDiff_Parent-TO-advectDiff_Gen1Nestling1
 3 :  advectDiff_Gen1Nestling0-TO-advectDiff_Gen2Nestling0
NUOPC_RunSequenceArrayPrint: element     1 out of      2
runSeq::
 runElementPrint:      1     2     1 F T
 runElementPrint:      1     3     1 F T
 runElementPrint:      1    -1     1 F T
 runElementPrint:     -2     0     0 F T
 runElementPrint:      3    -1     1 F T
 runElementPrint:     -1    -1     0 F F
::
NUOPC_RunSequenceArrayPrint: element     2 out of      2
runSeq::
 runElementPrint:      2     4     1 F T
 runElementPrint:      2    -1     1 F T
 runElementPrint:      4    -1     1 F T
 runElementPrint:     -2    -1     0 F F
::
