2024-10-15 22:42:02
Runtime Error: Unexpected end of foRuntime Error: Unexpected end of format specification
Program terminated by I/ORuntime Error: Unexpected end of format specification
Program terminated by I/Runtime Error: Unexpected end of format specification
Program terminated by I/O error on rmat specification
Program terminated by I/O error ointernal file
O error on internal file
 error on internal file
n internal file
[borgk103:173908] *** Process received signal ***
[borgk103:173908] Signal: Aborted (6)
[borgk103:173908] Signal code:  (-6)
[borgk103:173906] *** Process received signal ***
[borgk103:173909] *** Process received signal ***
[borgk103:173909] Signal: Aborted (6)
[borgk103:173909] Signal code:  (-6)
[borgk103:173906] Signal: Aborted (6)
[borgk103:173906] Signal code:  (-6)
[borgk103:173907] *** Process received signal ***
[borgk103:173907] Signal: Aborted (6)
[borgk103:173907] Signal code:  (-6)
[borgk103:173908] [ 0] [borgk103:173909] [ 0] /lib64/libpthread.so.0(+0x16910)[0x14a4f1948910]
[borgk103:173908] [ 1] [borgk103:173906] [ 0] /lib64/libpthread.so.0(+0x16910)[0x14e3863b6910]
[borgk103:173906] [ 1] [borgk103:173907] [ 0] /lib64/libpthread.so.0(+0x16910)[0x1544a39b7910]
[borgk103:173909] [ 1] /lib64/libc.so.6(gsignal+0x10d)[0x1544a2f07d2b]
/lib64/libc.so.6(gsignal+0x10d)[0x14a4f0f07d2b]
[borgk103:173908] [ 2] /lib64/libpthread.so.0(+0x16910)[0x1472753c7910]
[borgk103:173907] [ 1] [borgk103:173909] [ 2] /lib64/libc.so.6(gsignal+0x10d)[0x14e385907d2b]
[borgk103:173906] [ 2] /lib64/libc.so.6(abort+0x177)[0x14e3859093e5]
[borgk103:173906] [ 3] ./asyncIOApp(__NAGf90_io_abort+0x78)[0x45ae98]
[borgk103:173906] [ 4] /lib64/libc.so.6(abort+0x177)[0x14a4f0f093e5]
[borgk103:173908] [ 3] ./asyncIOApp(__NAGf90_io_abort+0x78)[0x45ae98]
[borgk103:173908] [ 4] ./asyncIOApp(__NAGf90_ioerr+0x1cd)[0x45b4fd]
[borgk103:173908] [ 5] /lib64/libc.so.6(gsignal+0x10d)[0x147274907d2b]
[borgk103:173907] [ 2] /lib64/libc.so.6(abort+0x177)[0x1472749093e5]
/lib64/libc.so.6(abort+0x177)[0x1544a2f093e5]
[borgk103:173909] [ 3] ./asyncIOApp(__NAGf90_io_abort+0x78)[0x45ae98]
[borgk103:173909] [ 4] ./asyncIOApp(__NAGf90_ioerr+0x1cd)[0x45b4fd]
[borgk103:173909] [ 5] ./asyncIOApp(__NAGf90_ioerr+0x1cd)[0x45b4fd]
[borgk103:173906] [ 5] /discover/nobackup/projects/gmao/SIteam/comp/SLES-15/nag/7.2.15/lib/NAG_Fortran/libf72rts.so.1(__NAGf90_maybe_next_edit+0xe19)[0x14a4f12aa629]
[borgk103:173908] [ 6] [borgk103:173907] [ 3] ./asyncIOApp(__NAGf90_io_abort+0x78)[0x45ae98]
[borgk103:173907] [ 4] ./asyncIOApp(__NAGf90_ioerr+0x1cd)[0x45b4fd]
[borgk103:173907] [ 5] /discover/nobackup/projects/gmao/SIteam/comp/SLES-15/nag/7.2.15/lib/NAG_Fortran/libf72rts.so.1(__NAGf90_maybe_next_edit+0xe19)[0x147274caa629]
[borgk103:173907] [ 6] /discover/nobackup/projects/gmao/SIteam/comp/SLES-15/nag/7.2.15/lib/NAG_Fortran/libf72rts.so.1(__NAGf90_maybe_next_edit+0xe19)[0x1544a32aa629]
[borgk103:173909] [ 6] /discover/nobackup/projects/gmao/SIteam/comp/SLES-15/nag/7.2.15/lib/NAG_Fortran/libf72rts.so.1(__NAGf90_maybe_next_edit+0xe19)[0x14e385caa629]
[borgk103:173906] [ 6] /discover/nobackup/projects/gmao/SIteam/ESMF_Testing/nag_7.2.15_openmpi_O_develop/esmf/DEFAULTINSTALLDIR/lib/libO/Linux.nag.64.openmpi.default/libesmf.so(nuopc_driver_MP_loopdatadependentinitialize+0x3aef)[0x14a4f3b49ccd]
[borgk103:173908] [ 7] /discover/nobackup/projects/gmao/SIteam/ESMF_Testing/nag_7.2.15_openmpi_O_develop/esmf/DEFAULTINSTALLDIR/lib/libO/Linux.nag.64.openmpi.default/libesmf.so(nuopc_driver_MP_loopdatadependentinitialize+0x3aef)[0x1544a5bb8ccd]
[borgk103:173909] [ 7] /discover/nobackup/projects/gmao/SIteam/ESMF_Testing/nag_7.2.15_openmpi_O_develop/esmf/DEFAULTINSTALLDIR/lib/libO/Linux.nag.64.openmpi.default/libesmf.so(nuopc_driver_MP_loopdatadependentinitialize+0x3aef)[0x14e3885b7ccd]
[borgk103:173906] [ 7] /discover/nobackup/projects/gmao/SIteam/ESMF_Testing/nag_7.2.15_openmpi_O_develop/esmf/DEFAULTINSTALLDIR/lib/libO/Linux.nag.64.openmpi.default/libesmf.so(nuopc_driver_MP_loopdatadependentinitialize+0x3aef)[0x1472775c8ccd]
[borgk103:173907] [ 7] /discover/nobackup/projects/gmao/SIteam/ESMF_Testing/nag_7.2.15_openmpi_O_develop/esmf/DEFAULTINSTALLDIR/lib/libO/Linux.nag.64.openmpi.default/libesmf.so(nuopc_driver_MP_initializeipdv02p5data+0x3180)[0x14a4f3b59bef]
[borgk103:173908] [ 8] /discover/nobackup/projects/gmao/SIteam/ESMF_Testing/nag_7.2.15_openmpi_O_develop/esmf/DEFAULTINSTALLDIR/lib/libO/Linux.nag.64.openmpi.default/libesmf.so(nuopc_driver_MP_initializeipdv02p5data+0x3180)[0x1544a5bc8bef]
[borgk103:173909] [ 8] /discover/nobackup/projects/gmao/SIteam/ESMF_Testing/nag_7.2.15_openmpi_O_develop/esmf/DEFAULTINSTALLDIR/lib/libO/Linux.nag.64.openmpi.default/libesmf.so(nuopc_driver_MP_initializeipdv02p5data+0x3180)[0x14e3885c7bef]
[borgk103:173906] [ 8] /discover/nobackup/projects/gmao/SIteam/ESMF_Testing/nag_7.2.15_openmpi_O_develop/esmf/DEFAULTINSTALLDIR/lib/libO/Linux.nag.64.openmpi.default/libesmf.so(nuopc_driver_MP_initializeipdv02p5data+0x3180)[0x1472775d8bef]
[borgk103:173907] [ 8] /discover/nobackup/projects/gmao/SIteam/ESMF_Testing/nag_7.2.15_openmpi_O_develop/esmf/DEFAULTINSTALLDIR/lib/libO/Linux.nag.64.openmpi.default/libesmf.so(nuopc_driver_MP_initializeipdv02p5+0x4779)[0x14a4f3b5f1b4]
[borgk103:173908] [ 9] /discover/nobackup/projects/gmao/SIteam/ESMF_Testing/nag_7.2.15_openmpi_O_develop/esmf/DEFAULTINSTALLDIR/lib/libO/Linux.nag.64.openmpi.default/libesmf.so(nuopc_driver_MP_initializeipdv02p5+0x4779)[0x1544a5bce1b4]
[borgk103:173909] [ 9] /discover/nobackup/projects/gmao/SIteam/ESMF_Testing/nag_7.2.15_openmpi_O_develop/esmf/DEFAULTINSTALLDIR/lib/libO/Linux.nag.64.openmpi.default/libesmf.so(nuopc_driver_MP_initializeipdv02p5+0x4779)[0x14e3885cd1b4]
[borgk103:173906] [ 9] /discover/nobackup/projects/gmao/SIteam/ESMF_Testing/nag_7.2.15_openmpi_O_develop/esmf/DEFAULTINSTALLDIR/lib/libO/Linux.nag.64.openmpi.default/libesmf.so(nuopc_driver_MP_initializeipdv02p5+0x4779)[0x1472775de1b4]
[borgk103:173907] [ 9] /discover/nobackup/projects/gmao/SIteam/ESMF_Testing/nag_7.2.15_openmpi_O_develop/esmf/DEFAULTINSTALLDIR/lib/libO/Linux.nag.64.openmpi.default/libesmf.so(nuopc_driver_MP_initializegeneric+0x1a06)[0x14a4f3b94842]
[borgk103:173908] [10] /discover/nobackup/projects/gmao/SIteam/ESMF_Testing/nag_7.2.15_openmpi_O_develop/esmf/DEFAULTINSTALLDIR/lib/libO/Linux.nag.64.openmpi.default/libesmf.so(nuopc_driver_MP_initializegeneric+0x1a06)[0x1544a5c03842]
[borgk103:173909] [10] /discover/nobackup/projects/gmao/SIteam/ESMF_Testing/nag_7.2.15_openmpi_O_develop/esmf/DEFAULTINSTALLDIR/lib/libO/Linux.nag.64.openmpi.default/libesmf.so(nuopc_driver_MP_initializegeneric+0x1a06)[0x14e388602842]
[borgk103:173906] [10] /discover/nobackup/projects/gmao/SIteam/ESMF_Testing/nag_7.2.15_openmpi_O_develop/esmf/DEFAULTINSTALLDIR/lib/libO/Linux.nag.64.openmpi.default/libesmf.so(nuopc_driver_MP_initializegeneric+0x1a06)[0x147277613842]
[borgk103:173907] [10] /discover/nobackup/projects/gmao/SIteam/ESMF_Testing/nag_7.2.15_openmpi_O_develop/esmf/DEFAULTINSTALLDIR/lib/libO/Linux.nag.64.openmpi.default/libesmf.so(_ZN5ESMCI6FTable12callVFuncPtrEPKcPNS_2VMEPi+0xc55)[0x14a4f2c9ee89]
[borgk103:173908] [11] /discover/nobackup/projects/gmao/SIteam/ESMF_Testing/nag_7.2.15_openmpi_O_develop/esmf/DEFAULTINSTALLDIR/lib/libO/Linux.nag.64.openmpi.default/libesmf.so(_ZN5ESMCI6FTable12callVFuncPtrEPKcPNS_2VMEPi+0xc55)[0x1544a4d0de89]
[borgk103:173909] [11] /discover/nobackup/projects/gmao/SIteam/ESMF_Testing/nag_7.2.15_openmpi_O_develop/esmf/DEFAULTINSTALLDIR/lib/libO/Linux.nag.64.openmpi.default/libesmf.so(_ZN5ESMCI6FTable12callVFuncPtrEPKcPNS_2VMEPi+0xc55)[0x14e38770ce89]
[borgk103:173906] [11] /discover/nobackup/projects/gmao/SIteam/ESMF_Testing/nag_7.2.15_openmpi_O_develop/esmf/DEFAULTINSTALLDIR/lib/libO/Linux.nag.64.openmpi.default/libesmf.so(_ZN5ESMCI6FTable12callVFuncPtrEPKcPNS_2VMEPi+0xc55)[0x14727671de89]
[borgk103:173907] [11] /discover/nobackup/projects/gmao/SIteam/ESMF_Testing/nag_7.2.15_openmpi_O_develop/esmf/DEFAULTINSTALLDIR/lib/libO/Linux.nag.64.openmpi.default/libesmf.so(ESMCI_FTableCallEntryPointVMHop+0x32e)[0x14a4f2c9bf5c]
[borgk103:173908] [12] /discover/nobackup/projects/gmao/SIteam/ESMF_Testing/nag_7.2.15_openmpi_O_develop/esmf/DEFAULTINSTALLDIR/lib/libO/Linux.nag.64.openmpi.default/libesmf.so(ESMCI_FTableCallEntryPointVMHop+0x32e)[0x1544a4d0af5c]
[borgk103:173909] [12] /discover/nobackup/projects/gmao/SIteam/ESMF_Testing/nag_7.2.15_openmpi_O_develop/esmf/DEFAULTINSTALLDIR/lib/libO/Linux.nag.64.openmpi.default/libesmf.so(ESMCI_FTableCallEntryPointVMHop+0x32e)[0x14e387709f5c]
[borgk103:173906] [12] /discover/nobackup/projects/gmao/SIteam/ESMF_Testing/nag_7.2.15_openmpi_O_develop/esmf/DEFAULTINSTALLDIR/lib/libO/Linux.nag.64.openmpi.default/libesmf.so(ESMCI_FTableCallEntryPointVMHop+0x32e)[0x14727671af5c]
[borgk103:173907] [12] /discover/nobackup/projects/gmao/SIteam/ESMF_Testing/nag_7.2.15_openmpi_O_develop/esmf/DEFAULTINSTALLDIR/lib/libO/Linux.nag.64.openmpi.default/libesmf.so(_ZN5ESMCI3VMK5enterEPNS_7VMKPlanEPvS3_+0xd5)[0x14a4f309b64b]
[borgk103:173908] [13] /discover/nobackup/projects/gmao/SIteam/ESMF_Testing/nag_7.2.15_openmpi_O_develop/esmf/DEFAULTINSTALLDIR/lib/libO/Linux.nag.64.openmpi.default/libesmf.so(_ZN5ESMCI3VMK5enterEPNS_7VMKPlanEPvS3_+0xd5)[0x1544a510a64b]
[borgk103:173909] [13] /discover/nobackup/projects/gmao/SIteam/ESMF_Testing/nag_7.2.15_openmpi_O_develop/esmf/DEFAULTINSTALLDIR/lib/libO/Linux.nag.64.openmpi.default/libesmf.so(_ZN5ESMCI3VMK5enterEPNS_7VMKPlanEPvS3_+0xd5)[0x14e387b0964b]
[borgk103:173906] /discover/nobackup/projects/gmao/SIteam/ESMF_Testing/nag_7.2.15_openmpi_O_develop/esmf/DEFAULTINSTALLDIR/lib/libO/Linux.nag.64.openmpi.default/libesmf.so(_ZN5ESMCI3VMK5enterEPNS_7VMKPlanEPvS3_+0xd5)[0x147276b1a64b]
[borgk103:173907] [13] [13] /discover/nobackup/projects/gmao/SIteam/ESMF_Testing/nag_7.2.15_openmpi_O_develop/esmf/DEFAULTINSTALLDIR/lib/libO/Linux.nag.64.openmpi.default/libesmf.so(_ZN5ESMCI2VM5enterEPNS_6VMPlanEPvS3_+0xb7)[0x1544a50f4565]
[borgk103:173909] [14] /discover/nobackup/projects/gmao/SIteam/ESMF_Testing/nag_7.2.15_openmpi_O_develop/esmf/DEFAULTINSTALLDIR/lib/libO/Linux.nag.64.openmpi.default/libesmf.so(_ZN5ESMCI2VM5enterEPNS_6VMPlanEPvS3_+0xb7)[0x14a4f3085565]
[borgk103:173908] [14] /discover/nobackup/projects/gmao/SIteam/ESMF_Testing/nag_7.2.15_openmpi_O_develop/esmf/DEFAULTINSTALLDIR/lib/libO/Linux.nag.64.openmpi.default/libesmf.so(_ZN5ESMCI2VM5enterEPNS_6VMPlanEPvS3_+0xb7)[0x14e387af3565]
[borgk103:173906] [14] /discover/nobackup/projects/gmao/SIteam/ESMF_Testing/nag_7.2.15_openmpi_O_develop/esmf/DEFAULTINSTALLDIR/lib/libO/Linux.nag.64.openmpi.default/libesmf.so(_ZN5ESMCI2VM5enterEPNS_6VMPlanEPvS3_+0xb7)[0x147276b04565]
[borgk103:173907] [14] /discover/nobackup/projects/gmao/SIteam/ESMF_Testing/nag_7.2.15_openmpi_O_develop/esmf/DEFAULTINSTALLDIR/lib/libO/Linux.nag.64.openmpi.default/libesmf.so(c_esmc_ftablecallentrypointvm_+0x35f)[0x14e38770a3f5]
[borgk103:173906] [15] /discover/nobackup/projects/gmao/SIteam/ESMF_Testing/nag_7.2.15_openmpi_O_develop/esmf/DEFAULTINSTALLDIR/lib/libO/Linux.nag.64.openmpi.default/libesmf.so(c_esmc_ftablecallentrypointvm_+0x35f)[0x1544a4d0b3f5]
[borgk103:173909] [15] /discover/nobackup/projects/gmao/SIteam/ESMF_Testing/nag_7.2.15_openmpi_O_develop/esmf/DEFAULTINSTALLDIR/lib/libO/Linux.nag.64.openmpi.default/libesmf.so(c_esmc_ftablecallentrypointvm_+0x35f)[0x14a4f2c9c3f5]
[borgk103:173908] [15] /discover/nobackup/projects/gmao/SIteam/ESMF_Testing/nag_7.2.15_openmpi_O_develop/esmf/DEFAULTINSTALLDIR/lib/libO/Linux.nag.64.openmpi.default/libesmf.so(c_esmc_ftablecallentrypointvm_+0x35f)[0x14727671b3f5]
[borgk103:173907] [15] /discover/nobackup/projects/gmao/SIteam/ESMF_Testing/nag_7.2.15_openmpi_O_develop/esmf/DEFAULTINSTALLDIR/lib/libO/Linux.nag.64.openmpi.default/libesmf.so(esmf_compmod_MP_esmf_compexecute+0xa6b)[0x14e387da218e]
[borgk103:173906] [16] /discover/nobackup/projects/gmao/SIteam/ESMF_Testing/nag_7.2.15_openmpi_O_develop/esmf/DEFAULTINSTALLDIR/lib/libO/Linux.nag.64.openmpi.default/libesmf.so(esmf_compmod_MP_esmf_compexecute+0xa6b)[0x1544a53a318e]
[borgk103:173909] [16] /discover/nobackup/projects/gmao/SIteam/ESMF_Testing/nag_7.2.15_openmpi_O_develop/esmf/DEFAULTINSTALLDIR/lib/libO/Linux.nag.64.openmpi.default/libesmf.so(esmf_compmod_MP_esmf_compexecute+0xa6b)[0x14a4f333418e]
[borgk103:173908] [16] /discover/nobackup/projects/gmao/SIteam/ESMF_Testing/nag_7.2.15_openmpi_O_develop/esmf/DEFAULTINSTALLDIR/lib/libO/Linux.nag.64.openmpi.default/libesmf.so(esmf_compmod_MP_esmf_compexecute+0xa6b)[0x147276db318e]
[borgk103:173907] [16] /discover/nobackup/projects/gmao/SIteam/ESMF_Testing/nag_7.2.15_openmpi_O_develop/esmf/DEFAULTINSTALLDIR/lib/libO/Linux.nag.64.openmpi.default/libesmf.so(esmf_gridcompmod_MP_esmf_gridcompinitialize+0x176)[0x14e3880c37e5]
[borgk103:173906] [17] /discover/nobackup/projects/gmao/SIteam/ESMF_Testing/nag_7.2.15_openmpi_O_develop/esmf/DEFAULTINSTALLDIR/lib/libO/Linux.nag.64.openmpi.default/libesmf.so(esmf_gridcompmod_MP_esmf_gridcompinitialize+0x176)[0x1544a56c47e5]
[borgk103:173909] [17] ./asyncIOApp[0x49622e]
[borgk103:173909] [18] /discover/nobackup/projects/gmao/SIteam/ESMF_Testing/nag_7.2.15_openmpi_O_develop/esmf/DEFAULTINSTALLDIR/lib/libO/Linux.nag.64.openmpi.default/libesmf.so(esmf_gridcompmod_MP_esmf_gridcompinitialize+0x176)[0x1472770d47e5]
[borgk103:173907] ./asyncIOApp[0x49622e]
[borgk103:173906] [18] /discover/nobackup/projects/gmao/SIteam/ESMF_Testing/nag_7.2.15_openmpi_O_develop/esmf/DEFAULTINSTALLDIR/lib/libO/Linux.nag.64.openmpi.default/libesmf.so(esmf_gridcompmod_MP_esmf_gridcompinitialize+0x176)[0x14a4f36557e5]
[borgk103:173908] [17] ./asyncIOApp[0x49622e]
[borgk103:173908] ./asyncIOApp(__NAGf90_cosmp_init+0x123)[0x435103]
[borgk103:173909] [19] ./asyncIOApp[0x495e13]
[borgk103:173909] [20] /lib64/libc.so.6(__libc_start_main+0xef)[0x1544a2ef224d]
[borgk103:173909] [21] ./asyncIOApp[0x40c56a]
[borgk103:173909] *** End of error message ***
[17] ./asyncIOApp[0x49622e]
[borgk103:173907] [18] ./asyncIOApp(__NAGf90_cosmp_init+0x123)[0x435103]
[borgk103:173907] [19] ./asyncIOApp[0x495e13]
[borgk103:173907] [20] ./asyncIOApp(__NAGf90_cosmp_init+0x123)[0x435103]
[borgk103:173906] [19] ./asyncIOApp[0x495e13]
[borgk103:173906] [20] /lib64/libc.so.6(__libc_start_main+0xef)[0x14e3858f224d]
[borgk103:173906] [21] ./asyncIOApp[0x40c56a]
[borgk103:173906] *** End of error message ***
[18] ./asyncIOApp(__NAGf90_cosmp_init+0x123)[0x435103]
[borgk103:173908] [19] ./asyncIOApp[0x495e13]
[borgk103:173908] [20] /lib64/libc.so.6(__libc_start_main+0xef)[0x14a4f0ef224d]
[borgk103:173908] [21] /lib64/libc.so.6(__libc_start_main+0xef)[0x1472748f224d]
[borgk103:173907] [21] ./asyncIOApp[0x40c56a]
[borgk103:173907] *** End of error message ***
./asyncIOApp[0x40c56a]
[borgk103:173908] *** End of error message ***
--------------------------------------------------------------------------
Primary job  terminated normally, but 1 process returned
a non-zero exit code. Per user-direction, the job has been aborted.
--------------------------------------------------------------------------
--------------------------------------------------------------------------
mpirun noticed that process rank 2 with PID 173908 on node borgk103 exited on signal 6 (Aborted).
--------------------------------------------------------------------------
