2024-10-08 22:34:25
Runtime Error: Runtime Error: UnexpRuntime Error: Unexpected end of formatRuntime Error: Unexpected end of format specificaUnexpected end of format specification
Proected end of format specification
tion
Program terminated by I/O error on internal file
Program terminated by I/O error on internal file
gram terminated by I/O error on internal file
 specification
Program terminated by I/O error on internal file
[borgl097:234662] *** Process received signal ***
[borgl097:234662] Signal: Aborted (6)
[borgl097:234662] Signal code:  (-6)
[borgl097:234660] *** Process received signal ***
[borgl097:234660] Signal: Aborted (6)
[borgl097:234660] Signal code:  (-6)
[borgl097:234659] *** Process received signal ***
[borgl097:234659] Signal: Aborted (6)
[borgl097:234659] Signal code:  (-6)
[borgl097:234661] *** Process received signal ***
[borgl097:234661] Signal: Aborted (6)
[borgl097:234661] Signal code:  (-6)
[borgl097:234659] [ 0] [borgl097:234660] [ 0] /lib64/libpthread.so.0(+0x16910)[0x14947c9c8910]
[borgl097:234662] [ 0] /lib64/libpthread.so.0(+0x16910)[0x149135ca6910]
[borgl097:234662] [ 1] [borgl097:234661] [ 0] /lib64/libpthread.so.0(+0x16910)[0x1474149c2910]
[borgl097:234661] [ 1] /lib64/libpthread.so.0(+0x16910)[0x15115d4df910]
[borgl097:234659] [ 1] [borgl097:234660] [ 1] /lib64/libc.so.6(gsignal+0x10d)[0x149135ae3d2b]
[borgl097:234662] [ 2] /lib64/libc.so.6(abort+0x177)[0x149135ae53e5]
[borgl097:234662] [ 3] /lib64/libc.so.6(gsignal+0x10d)[0x147413f07d2b]
[borgl097:234661] [ 2] /lib64/libc.so.6(abort+0x177)[0x147413f093e5]
[borgl097:234661] [ 3] /lib64/libc.so.6(gsignal+0x10d)[0x15115cb07d2b]
[borgl097:234659] [ 2] /lib64/libc.so.6(abort+0x177)[0x15115cb093e5]
[borgl097:234659] [ 3] /lib64/libc.so.6(gsignal+0x10d)[0x14947bf07d2b]
[borgl097:234660] [ 2] /lib64/libc.so.6(abort+0x177)[0x14947bf093e5]
[borgl097:234660] [ 3] ./asyncIOApp(__NAGf90_io_abort+0x78)[0x45abf8]
[borgl097:234659] [ 4] ./asyncIOApp(__NAGf90_io_abort+0x78)[0x45abf8]
[borgl097:234662] [ 4] ./asyncIOApp(__NAGf90_ioerr+0x1cd)[0x45b25d]
[borgl097:234662] [ 5] ./asyncIOApp(__NAGf90_io_abort+0x78)[0x45abf8]
[borgl097:234661] [ 4] ./asyncIOApp(__NAGf90_ioerr+0x1cd)[0x45b25d]
[borgl097:234661] [ 5] ./asyncIOApp(__NAGf90_io_abort+0x78)[0x45abf8]
[borgl097:234660] [ 4] ./asyncIOApp(__NAGf90_ioerr+0x1cd)[0x45b25d]
[borgl097:234660] [ 5] /discover/nobackup/projects/gmao/SIteam/comp/SLES-15/nag/7.2.15/lib/NAG_Fortran/libf72rts.so.1(__NAGf90_maybe_next_edit+0xe19)[0x1474142aa629]
[borgl097:234661] [ 6] ./asyncIOApp(__NAGf90_ioerr+0x1cd)[0x45b25d]
[borgl097:234659] [ 5] /discover/nobackup/projects/gmao/SIteam/comp/SLES-15/nag/7.2.15/lib/NAG_Fortran/libf72rts.so.1(__NAGf90_maybe_next_edit+0xe19)[0x15115ceaa629]
[borgl097:234659] [ 6] /discover/nobackup/projects/gmao/SIteam/comp/SLES-15/nag/7.2.15/lib/NAG_Fortran/libf72rts.so.1(__NAGf90_maybe_next_edit+0xe19)[0x149135eaa629]
[borgl097:234662] [ 6] /discover/nobackup/projects/gmao/SIteam/comp/SLES-15/nag/7.2.15/lib/NAG_Fortran/libf72rts.so.1(__NAGf90_maybe_next_edit+0xe19)[0x14947c2aa629]
[borgl097:234660] [ 6] /discover/nobackup/projects/gmao/SIteam/ESMF_Testing/nag_7.2.15_openmpi_O_develop/esmf/DEFAULTINSTALLDIR/lib/libO/Linux.nag.64.openmpi.default/libesmf.so(nuopc_driver_MP_loopdatadependentinitialize+0x3aef)[0x14947ebc74c0]
[borgl097:234660] [ 7] /discover/nobackup/projects/gmao/SIteam/ESMF_Testing/nag_7.2.15_openmpi_O_develop/esmf/DEFAULTINSTALLDIR/lib/libO/Linux.nag.64.openmpi.default/libesmf.so(nuopc_driver_MP_loopdatadependentinitialize+0x3aef)[0x1491386bb4c0]
[borgl097:234662] [ 7] /discover/nobackup/projects/gmao/SIteam/ESMF_Testing/nag_7.2.15_openmpi_O_develop/esmf/DEFAULTINSTALLDIR/lib/libO/Linux.nag.64.openmpi.default/libesmf.so(nuopc_driver_MP_loopdatadependentinitialize+0x3aef)[0x147416bc14c0]
[borgl097:234661] [ 7] /discover/nobackup/projects/gmao/SIteam/ESMF_Testing/nag_7.2.15_openmpi_O_develop/esmf/DEFAULTINSTALLDIR/lib/libO/Linux.nag.64.openmpi.default/libesmf.so(nuopc_driver_MP_loopdatadependentinitialize+0x3aef)[0x15115f6de4c0]
[borgl097:234659] [ 7] /discover/nobackup/projects/gmao/SIteam/ESMF_Testing/nag_7.2.15_openmpi_O_develop/esmf/DEFAULTINSTALLDIR/lib/libO/Linux.nag.64.openmpi.default/libesmf.so(nuopc_driver_MP_initializeipdv02p5data+0x3180)[0x14947ebd73e2]
[borgl097:234660] [ 8] /discover/nobackup/projects/gmao/SIteam/ESMF_Testing/nag_7.2.15_openmpi_O_develop/esmf/DEFAULTINSTALLDIR/lib/libO/Linux.nag.64.openmpi.default/libesmf.so(nuopc_driver_MP_initializeipdv02p5data+0x3180)[0x1491386cb3e2]
[borgl097:234662] [ 8] /discover/nobackup/projects/gmao/SIteam/ESMF_Testing/nag_7.2.15_openmpi_O_develop/esmf/DEFAULTINSTALLDIR/lib/libO/Linux.nag.64.openmpi.default/libesmf.so(nuopc_driver_MP_initializeipdv02p5data+0x3180)[0x147416bd13e2]
[borgl097:234661] [ 8] /discover/nobackup/projects/gmao/SIteam/ESMF_Testing/nag_7.2.15_openmpi_O_develop/esmf/DEFAULTINSTALLDIR/lib/libO/Linux.nag.64.openmpi.default/libesmf.so(nuopc_driver_MP_initializeipdv02p5data+0x3180)[0x15115f6ee3e2]
[borgl097:234659] [ 8] /discover/nobackup/projects/gmao/SIteam/ESMF_Testing/nag_7.2.15_openmpi_O_develop/esmf/DEFAULTINSTALLDIR/lib/libO/Linux.nag.64.openmpi.default/libesmf.so(nuopc_driver_MP_initializeipdv02p5+0x4779)[0x1491386d09a7]
[borgl097:234662] [ 9] /discover/nobackup/projects/gmao/SIteam/ESMF_Testing/nag_7.2.15_openmpi_O_develop/esmf/DEFAULTINSTALLDIR/lib/libO/Linux.nag.64.openmpi.default/libesmf.so(nuopc_driver_MP_initializeipdv02p5+0x4779)[0x15115f6f39a7]
[borgl097:234659] [ 9] /discover/nobackup/projects/gmao/SIteam/ESMF_Testing/nag_7.2.15_openmpi_O_develop/esmf/DEFAULTINSTALLDIR/lib/libO/Linux.nag.64.openmpi.default/libesmf.so(nuopc_driver_MP_initializeipdv02p5+0x4779)[0x147416bd69a7]
[borgl097:234661] [ 9] /discover/nobackup/projects/gmao/SIteam/ESMF_Testing/nag_7.2.15_openmpi_O_develop/esmf/DEFAULTINSTALLDIR/lib/libO/Linux.nag.64.openmpi.default/libesmf.so(nuopc_driver_MP_initializeipdv02p5+0x4779)[0x14947ebdc9a7]
[borgl097:234660] [ 9] /discover/nobackup/projects/gmao/SIteam/ESMF_Testing/nag_7.2.15_openmpi_O_develop/esmf/DEFAULTINSTALLDIR/lib/libO/Linux.nag.64.openmpi.default/libesmf.so(nuopc_driver_MP_initializegeneric+0x1a06)[0x15115f729035]
[borgl097:234659] [10] /discover/nobackup/projects/gmao/SIteam/ESMF_Testing/nag_7.2.15_openmpi_O_develop/esmf/DEFAULTINSTALLDIR/lib/libO/Linux.nag.64.openmpi.default/libesmf.so(nuopc_driver_MP_initializegeneric+0x1a06)[0x147416c0c035]
[borgl097:234661] [10] /discover/nobackup/projects/gmao/SIteam/ESMF_Testing/nag_7.2.15_openmpi_O_develop/esmf/DEFAULTINSTALLDIR/lib/libO/Linux.nag.64.openmpi.default/libesmf.so(nuopc_driver_MP_initializegeneric+0x1a06)[0x149138706035]
[borgl097:234662] [10] /discover/nobackup/projects/gmao/SIteam/ESMF_Testing/nag_7.2.15_openmpi_O_develop/esmf/DEFAULTINSTALLDIR/lib/libO/Linux.nag.64.openmpi.default/libesmf.so(nuopc_driver_MP_initializegeneric+0x1a06)[0x14947ec12035]
[borgl097:234660] [10] /discover/nobackup/projects/gmao/SIteam/ESMF_Testing/nag_7.2.15_openmpi_O_develop/esmf/DEFAULTINSTALLDIR/lib/libO/Linux.nag.64.openmpi.default/libesmf.so(_ZN5ESMCI6FTable12callVFuncPtrEPKcPNS_2VMEPi+0xc55)[0x149137812ce9]
[borgl097:234662] [11] /discover/nobackup/projects/gmao/SIteam/ESMF_Testing/nag_7.2.15_openmpi_O_develop/esmf/DEFAULTINSTALLDIR/lib/libO/Linux.nag.64.openmpi.default/libesmf.so(_ZN5ESMCI6FTable12callVFuncPtrEPKcPNS_2VMEPi+0xc55)[0x15115e835ce9]
[borgl097:234659] [11] /discover/nobackup/projects/gmao/SIteam/ESMF_Testing/nag_7.2.15_openmpi_O_develop/esmf/DEFAULTINSTALLDIR/lib/libO/Linux.nag.64.openmpi.default/libesmf.so(_ZN5ESMCI6FTable12callVFuncPtrEPKcPNS_2VMEPi+0xc55)[0x147415d18ce9]
[borgl097:234661] [11] /discover/nobackup/projects/gmao/SIteam/ESMF_Testing/nag_7.2.15_openmpi_O_develop/esmf/DEFAULTINSTALLDIR/lib/libO/Linux.nag.64.openmpi.default/libesmf.so(_ZN5ESMCI6FTable12callVFuncPtrEPKcPNS_2VMEPi+0xc55)[0x14947dd1ece9]
[borgl097:234660] [11] /discover/nobackup/projects/gmao/SIteam/ESMF_Testing/nag_7.2.15_openmpi_O_develop/esmf/DEFAULTINSTALLDIR/lib/libO/Linux.nag.64.openmpi.default/libesmf.so(ESMCI_FTableCallEntryPointVMHop+0x32e)[0x147415d15dbc]
[borgl097:234661] [12] /discover/nobackup/projects/gmao/SIteam/ESMF_Testing/nag_7.2.15_openmpi_O_develop/esmf/DEFAULTINSTALLDIR/lib/libO/Linux.nag.64.openmpi.default/libesmf.so(ESMCI_FTableCallEntryPointVMHop+0x32e)[0x14913780fdbc]
[borgl097:234662] [12] /discover/nobackup/projects/gmao/SIteam/ESMF_Testing/nag_7.2.15_openmpi_O_develop/esmf/DEFAULTINSTALLDIR/lib/libO/Linux.nag.64.openmpi.default/libesmf.so(ESMCI_FTableCallEntryPointVMHop+0x32e)[0x15115e832dbc]
[borgl097:234659] [12] /discover/nobackup/projects/gmao/SIteam/ESMF_Testing/nag_7.2.15_openmpi_O_develop/esmf/DEFAULTINSTALLDIR/lib/libO/Linux.nag.64.openmpi.default/libesmf.so(ESMCI_FTableCallEntryPointVMHop+0x32e)[0x14947dd1bdbc]
[borgl097:234660] [12] /discover/nobackup/projects/gmao/SIteam/ESMF_Testing/nag_7.2.15_openmpi_O_develop/esmf/DEFAULTINSTALLDIR/lib/libO/Linux.nag.64.openmpi.default/libesmf.so(_ZN5ESMCI3VMK5enterEPNS_7VMKPlanEPvS3_+0xd5)[0x15115ec324ab]
[borgl097:234659] [13] /discover/nobackup/projects/gmao/SIteam/ESMF_Testing/nag_7.2.15_openmpi_O_develop/esmf/DEFAULTINSTALLDIR/lib/libO/Linux.nag.64.openmpi.default/libesmf.so(_ZN5ESMCI3VMK5enterEPNS_7VMKPlanEPvS3_+0xd5)[0x1474161154ab]
[borgl097:234661] [13] /discover/nobackup/projects/gmao/SIteam/ESMF_Testing/nag_7.2.15_openmpi_O_develop/esmf/DEFAULTINSTALLDIR/lib/libO/Linux.nag.64.openmpi.default/libesmf.so(_ZN5ESMCI3VMK5enterEPNS_7VMKPlanEPvS3_+0xd5)[0x149137c0f4ab]
[borgl097:234662] [13] /discover/nobackup/projects/gmao/SIteam/ESMF_Testing/nag_7.2.15_openmpi_O_develop/esmf/DEFAULTINSTALLDIR/lib/libO/Linux.nag.64.openmpi.default/libesmf.so(_ZN5ESMCI3VMK5enterEPNS_7VMKPlanEPvS3_+0xd5)[0x14947e11b4ab]
[borgl097:234660] [13] /discover/nobackup/projects/gmao/SIteam/ESMF_Testing/nag_7.2.15_openmpi_O_develop/esmf/DEFAULTINSTALLDIR/lib/libO/Linux.nag.64.openmpi.default/libesmf.so(_ZN5ESMCI2VM5enterEPNS_6VMPlanEPvS3_+0xb7)[0x15115ec1c3c5]
[borgl097:234659] [14] /discover/nobackup/projects/gmao/SIteam/ESMF_Testing/nag_7.2.15_openmpi_O_develop/esmf/DEFAULTINSTALLDIR/lib/libO/Linux.nag.64.openmpi.default/libesmf.so(_ZN5ESMCI2VM5enterEPNS_6VMPlanEPvS3_+0xb7)[0x1474160ff3c5]
[borgl097:234661] [14] /discover/nobackup/projects/gmao/SIteam/ESMF_Testing/nag_7.2.15_openmpi_O_develop/esmf/DEFAULTINSTALLDIR/lib/libO/Linux.nag.64.openmpi.default/libesmf.so(_ZN5ESMCI2VM5enterEPNS_6VMPlanEPvS3_+0xb7)[0x14947e1053c5]
[borgl097:234660] [14] /discover/nobackup/projects/gmao/SIteam/ESMF_Testing/nag_7.2.15_openmpi_O_develop/esmf/DEFAULTINSTALLDIR/lib/libO/Linux.nag.64.openmpi.default/libesmf.so(_ZN5ESMCI2VM5enterEPNS_6VMPlanEPvS3_+0xb7)[0x149137bf93c5]
[borgl097:234662] [14] /discover/nobackup/projects/gmao/SIteam/ESMF_Testing/nag_7.2.15_openmpi_O_develop/esmf/DEFAULTINSTALLDIR/lib/libO/Linux.nag.64.openmpi.default/libesmf.so(c_esmc_ftablecallentrypointvm_+0x35f)[0x14947dd1c255]
[borgl097:234660] [15] /discover/nobackup/projects/gmao/SIteam/ESMF_Testing/nag_7.2.15_openmpi_O_develop/esmf/DEFAULTINSTALLDIR/lib/libO/Linux.nag.64.openmpi.default/libesmf.so(c_esmc_ftablecallentrypointvm_+0x35f)[0x147415d16255]
[borgl097:234661] [15] /discover/nobackup/projects/gmao/SIteam/ESMF_Testing/nag_7.2.15_openmpi_O_develop/esmf/DEFAULTINSTALLDIR/lib/libO/Linux.nag.64.openmpi.default/libesmf.so(c_esmc_ftablecallentrypointvm_+0x35f)[0x15115e833255]
[borgl097:234659] [15] /discover/nobackup/projects/gmao/SIteam/ESMF_Testing/nag_7.2.15_openmpi_O_develop/esmf/DEFAULTINSTALLDIR/lib/libO/Linux.nag.64.openmpi.default/libesmf.so(c_esmc_ftablecallentrypointvm_+0x35f)[0x149137810255]
[borgl097:234662] [15] /discover/nobackup/projects/gmao/SIteam/ESMF_Testing/nag_7.2.15_openmpi_O_develop/esmf/DEFAULTINSTALLDIR/lib/libO/Linux.nag.64.openmpi.default/libesmf.so(esmf_compmod_MP_esmf_compexecute+0xa3d)[0x15115eec8bb1]
[borgl097:234659] [16] /discover/nobackup/projects/gmao/SIteam/ESMF_Testing/nag_7.2.15_openmpi_O_develop/esmf/DEFAULTINSTALLDIR/lib/libO/Linux.nag.64.openmpi.default/libesmf.so(esmf_compmod_MP_esmf_compexecute+0xa3d)[0x14947e3b1bb1]
[borgl097:234660] [16] /discover/nobackup/projects/gmao/SIteam/ESMF_Testing/nag_7.2.15_openmpi_O_develop/esmf/DEFAULTINSTALLDIR/lib/libO/Linux.nag.64.openmpi.default/libesmf.so(esmf_compmod_MP_esmf_compexecute+0xa3d)[0x1474163abbb1]
[borgl097:234661] [16] /discover/nobackup/projects/gmao/SIteam/ESMF_Testing/nag_7.2.15_openmpi_O_develop/esmf/DEFAULTINSTALLDIR/lib/libO/Linux.nag.64.openmpi.default/libesmf.so(esmf_compmod_MP_esmf_compexecute+0xa3d)[0x149137ea5bb1]
[borgl097:234662] [16] /discover/nobackup/projects/gmao/SIteam/ESMF_Testing/nag_7.2.15_openmpi_O_develop/esmf/DEFAULTINSTALLDIR/lib/libO/Linux.nag.64.openmpi.default/libesmf.so(esmf_gridcompmod_MP_esmf_gridcompinitialize+0x176)[0x1474166cd2e9]
[borgl097:234661] [17] /discover/nobackup/projects/gmao/SIteam/ESMF_Testing/nag_7.2.15_openmpi_O_develop/esmf/DEFAULTINSTALLDIR/lib/libO/Linux.nag.64.openmpi.default/libesmf.so(esmf_gridcompmod_MP_esmf_gridcompinitialize+0x176)[0x15115f1ea2e9]
[borgl097:234659] [17] ./asyncIOApp[0x495f8e]
[borgl097:234659] [18] /discover/nobackup/projects/gmao/SIteam/ESMF_Testing/nag_7.2.15_openmpi_O_develop/esmf/DEFAULTINSTALLDIR/lib/libO/Linux.nag.64.openmpi.default/libesmf.so(esmf_gridcompmod_MP_esmf_gridcompinitialize+0x176)[0x14947e6d32e9]
[borgl097:234660] [17] ./asyncIOApp[0x495f8e]
[borgl097:234660] [18] ./asyncIOApp(__NAGf90_cosmp_init+0x123)[0x434e63]
[borgl097:234660] /discover/nobackup/projects/gmao/SIteam/ESMF_Testing/nag_7.2.15_openmpi_O_develop/esmf/DEFAULTINSTALLDIR/lib/libO/Linux.nag.64.openmpi.default/libesmf.so(esmf_gridcompmod_MP_esmf_gridcompinitialize+0x176)[0x1491381c72e9]
[borgl097:234662] [17] ./asyncIOApp[0x495f8e]
[borgl097:234662] [18] [19] ./asyncIOApp[0x495b73]
[borgl097:234660] [20] ./asyncIOApp[0x495f8e]
[borgl097:234661] [18] ./asyncIOApp(__NAGf90_cosmp_init+0x123)[0x434e63]
[borgl097:234661] [19] ./asyncIOApp(__NAGf90_cosmp_init+0x123)[0x434e63]
[borgl097:234659] [19] ./asyncIOApp[0x495b73]
[borgl097:234659] [20] ./asyncIOApp(__NAGf90_cosmp_init+0x123)[0x434e63]
[borgl097:234662] [19] ./asyncIOApp[0x495b73]
[borgl097:234662] [20] /lib64/libc.so.6(__libc_start_main+0xef)[0x15115caf224d]
[borgl097:234659] [21] ./asyncIOApp[0x40c2ca]
[borgl097:234659] *** End of error message ***
/lib64/libc.so.6(__libc_start_main+0xef)[0x14947bef224d]
[borgl097:234660] [21] ./asyncIOApp[0x40c2ca]
[borgl097:234660] *** End of error message ***
./asyncIOApp[0x495b73]
[borgl097:234661] [20] /lib64/libc.so.6(__libc_start_main+0xef)[0x147413ef224d]
[borgl097:234661] [21] ./asyncIOApp[0x40c2ca]
[borgl097:234661] *** End of error message ***
/lib64/libc.so.6(__libc_start_main+0xef)[0x149135ace24d]
[borgl097:234662] [21] ./asyncIOApp[0x40c2ca]
[borgl097:234662] *** End of error message ***
--------------------------------------------------------------------------
Primary job  terminated normally, but 1 process returned
a non-zero exit code. Per user-direction, the job has been aborted.
--------------------------------------------------------------------------
--------------------------------------------------------------------------
mpirun noticed that process rank 3 with PID 234662 on node borgl097 exited on signal 6 (Aborted).
--------------------------------------------------------------------------
