2024-10-11 22:38:23
Runtime Error: Unexpected end of format specification
Program terminated by I/O error on iRuntime Error: Unexpected end of format specification
Program terminated by I/O error on internal file
Runtime Error: Unexpected end of format specification
Program terminated by I/O error on internal file
Runtime Error: Unexpected end of format specification
Program terminated by I/O error on internal fnternal file
ile
[borgk077:103710] *** Process received signal ***
[borgk077:103710] Signal: Aborted (6)
[borgk077:103710] Signal code:  (-6)
[borgk077:103711] *** Process received signal ***
[borgk077:103711] Signal: Aborted (6)
[borgk077:103711] Signal code:  (-6)
[borgk077:103712] *** Process received signal ***
[borgk077:103713] *** Process received signal ***
[borgk077:103713] Signal: Aborted (6)
[borgk077:103713] Signal code:  (-6)
[borgk077:103712] Signal: Aborted (6)
[borgk077:103712] Signal code:  (-6)
[borgk077:103710] [ 0] /lib64/libpthread.so.0(+0x16910)[0x14c8e5520910]
[borgk077:103710] [ 1] [borgk077:103711] [ 0] [borgk077:103713] [ 0] [borgk077:103712] [ 0] /lib64/libpthread.so.0(+0x16910)[0x14cb090e4910]
[borgk077:103711] [ 1] /lib64/libc.so.6(gsignal+0x10d)[0x14c8e4c53d2b]
[borgk077:103710] [ 2] /lib64/libc.so.6(abort+0x177)[0x14c8e4c553e5]
[borgk077:103710] [ 3] /lib64/libpthread.so.0(+0x16910)[0x154dddee3910]
[borgk077:103712] [ 1] /lib64/libc.so.6(gsignal+0x10d)[0x154ddd653d2b]
[borgk077:103712] [ 2] /lib64/libpthread.so.0(+0x16910)[0x152de370d910]
[borgk077:103713] [ 1] /lib64/libc.so.6(gsignal+0x10d)[0x152de2d07d2b]
[borgk077:103713] [ 2] /lib64/libc.so.6(gsignal+0x10d)[0x14cb08853d2b]
[borgk077:103711] [ 2] ./esmApp(__NAGf90_io_abort+0x78)[0x45abf8]
[borgk077:103710] [ 4] /lib64/libc.so.6(abort+0x177)[0x152de2d093e5]
[borgk077:103713] [ 3] ./esmApp(__NAGf90_io_abort+0x78)[0x45abf8]
[borgk077:103713] [ 4] ./esmApp(__NAGf90_ioerr+0x1cd)[0x45b25d]
[borgk077:103713] [ 5] /lib64/libc.so.6(abort+0x177)[0x14cb088553e5]
[borgk077:103711] [ 3] ./esmApp(__NAGf90_io_abort+0x78)[0x45abf8]
[borgk077:103711] [ 4] ./esmApp(__NAGf90_ioerr+0x1cd)[0x45b25d]
[borgk077:103711] [ 5] /lib64/libc.so.6(abort+0x177)[0x154ddd6553e5]
[borgk077:103712] [ 3] ./esmApp(__NAGf90_io_abort+0x78)[0x45abf8]
[borgk077:103712] [ 4] ./esmApp(__NAGf90_ioerr+0x1cd)[0x45b25d]
[borgk077:103712] [ 5] ./esmApp(__NAGf90_ioerr+0x1cd)[0x45b25d]
[borgk077:103710] [ 5] /discover/nobackup/projects/gmao/SIteam/comp/SLES-15/nag/7.2.15/lib/NAG_Fortran/libf72rts.so.1(__NAGf90_maybe_next_edit+0xe19)[0x14c8e4eaa629]
[borgk077:103710] [ 6] /discover/nobackup/projects/gmao/SIteam/comp/SLES-15/nag/7.2.15/lib/NAG_Fortran/libf72rts.so.1(__NAGf90_maybe_next_edit+0xe19)[0x154ddd8aa629]
[borgk077:103712] [ 6] /discover/nobackup/projects/gmao/SIteam/comp/SLES-15/nag/7.2.15/lib/NAG_Fortran/libf72rts.so.1(__NAGf90_maybe_next_edit+0xe19)[0x152de30aa629]
[borgk077:103713] [ 6] /discover/nobackup/projects/gmao/SIteam/comp/SLES-15/nag/7.2.15/lib/NAG_Fortran/libf72rts.so.1(__NAGf90_maybe_next_edit+0xe19)[0x14cb08aaa629]
[borgk077:103711] [ 6] /discover/nobackup/projects/gmao/SIteam/ESMF_Testing/nag_7.2.15_openmpi_O_develop/esmf/DEFAULTINSTALLDIR/lib/libO/Linux.nag.64.openmpi.default/libesmf.so(nuopc_driver_MP_loopdatadependentinitialize+0x3aef)[0x14c8e786b4c0]
[borgk077:103710] [ 7] /discover/nobackup/projects/gmao/SIteam/ESMF_Testing/nag_7.2.15_openmpi_O_develop/esmf/DEFAULTINSTALLDIR/lib/libO/Linux.nag.64.openmpi.default/libesmf.so(nuopc_driver_MP_loopdatadependentinitialize+0x3aef)[0x152de590c4c0]
[borgk077:103713] [ 7] /discover/nobackup/projects/gmao/SIteam/ESMF_Testing/nag_7.2.15_openmpi_O_develop/esmf/DEFAULTINSTALLDIR/lib/libO/Linux.nag.64.openmpi.default/libesmf.so(nuopc_driver_MP_loopdatadependentinitialize+0x3aef)[0x154de022e4c0]
[borgk077:103712] [ 7] /discover/nobackup/projects/gmao/SIteam/ESMF_Testing/nag_7.2.15_openmpi_O_develop/esmf/DEFAULTINSTALLDIR/lib/libO/Linux.nag.64.openmpi.default/libesmf.so(nuopc_driver_MP_loopdatadependentinitialize+0x3aef)[0x14cb0b42f4c0]
[borgk077:103711] [ 7] /discover/nobackup/projects/gmao/SIteam/ESMF_Testing/nag_7.2.15_openmpi_O_develop/esmf/DEFAULTINSTALLDIR/lib/libO/Linux.nag.64.openmpi.default/libesmf.so(nuopc_driver_MP_initializeipdv02p5data+0x3180)[0x14c8e787b3e2]
[borgk077:103710] [ 8] /discover/nobackup/projects/gmao/SIteam/ESMF_Testing/nag_7.2.15_openmpi_O_develop/esmf/DEFAULTINSTALLDIR/lib/libO/Linux.nag.64.openmpi.default/libesmf.so(nuopc_driver_MP_initializeipdv02p5data+0x3180)[0x154de023e3e2]
[borgk077:103712] [ 8] /discover/nobackup/projects/gmao/SIteam/ESMF_Testing/nag_7.2.15_openmpi_O_develop/esmf/DEFAULTINSTALLDIR/lib/libO/Linux.nag.64.openmpi.default/libesmf.so(nuopc_driver_MP_initializeipdv02p5data+0x3180)[0x152de591c3e2]
[borgk077:103713] [ 8] /discover/nobackup/projects/gmao/SIteam/ESMF_Testing/nag_7.2.15_openmpi_O_develop/esmf/DEFAULTINSTALLDIR/lib/libO/Linux.nag.64.openmpi.default/libesmf.so(nuopc_driver_MP_initializeipdv02p5data+0x3180)[0x14cb0b43f3e2]
[borgk077:103711] [ 8] /discover/nobackup/projects/gmao/SIteam/ESMF_Testing/nag_7.2.15_openmpi_O_develop/esmf/DEFAULTINSTALLDIR/lib/libO/Linux.nag.64.openmpi.default/libesmf.so(nuopc_driver_MP_initializeipdv02p5+0x4779)[0x14c8e78809a7]
[borgk077:103710] [ 9] /discover/nobackup/projects/gmao/SIteam/ESMF_Testing/nag_7.2.15_openmpi_O_develop/esmf/DEFAULTINSTALLDIR/lib/libO/Linux.nag.64.openmpi.default/libesmf.so(nuopc_driver_MP_initializeipdv02p5+0x4779)[0x152de59219a7]
[borgk077:103713] [ 9] /discover/nobackup/projects/gmao/SIteam/ESMF_Testing/nag_7.2.15_openmpi_O_develop/esmf/DEFAULTINSTALLDIR/lib/libO/Linux.nag.64.openmpi.default/libesmf.so(nuopc_driver_MP_initializeipdv02p5+0x4779)[0x154de02439a7]
[borgk077:103712] [ 9] /discover/nobackup/projects/gmao/SIteam/ESMF_Testing/nag_7.2.15_openmpi_O_develop/esmf/DEFAULTINSTALLDIR/lib/libO/Linux.nag.64.openmpi.default/libesmf.so(nuopc_driver_MP_initializeipdv02p5+0x4779)[0x14cb0b4449a7]
[borgk077:103711] [ 9] /discover/nobackup/projects/gmao/SIteam/ESMF_Testing/nag_7.2.15_openmpi_O_develop/esmf/DEFAULTINSTALLDIR/lib/libO/Linux.nag.64.openmpi.default/libesmf.so(nuopc_driver_MP_initializegeneric+0x1a06)[0x14c8e78b6035]
[borgk077:103710] [10] /discover/nobackup/projects/gmao/SIteam/ESMF_Testing/nag_7.2.15_openmpi_O_develop/esmf/DEFAULTINSTALLDIR/lib/libO/Linux.nag.64.openmpi.default/libesmf.so(nuopc_driver_MP_initializegeneric+0x1a06)[0x152de5957035]
[borgk077:103713] [10] /discover/nobackup/projects/gmao/SIteam/ESMF_Testing/nag_7.2.15_openmpi_O_develop/esmf/DEFAULTINSTALLDIR/lib/libO/Linux.nag.64.openmpi.default/libesmf.so(nuopc_driver_MP_initializegeneric+0x1a06)[0x154de0279035]
[borgk077:103712] [10] /discover/nobackup/projects/gmao/SIteam/ESMF_Testing/nag_7.2.15_openmpi_O_develop/esmf/DEFAULTINSTALLDIR/lib/libO/Linux.nag.64.openmpi.default/libesmf.so(nuopc_driver_MP_initializegeneric+0x1a06)[0x14cb0b47a035]
[borgk077:103711] [10] /discover/nobackup/projects/gmao/SIteam/ESMF_Testing/nag_7.2.15_openmpi_O_develop/esmf/DEFAULTINSTALLDIR/lib/libO/Linux.nag.64.openmpi.default/libesmf.so(_ZN5ESMCI6FTable12callVFuncPtrEPKcPNS_2VMEPi+0xc55)[0x14c8e69c2ce9]
[borgk077:103710] [11] /discover/nobackup/projects/gmao/SIteam/ESMF_Testing/nag_7.2.15_openmpi_O_develop/esmf/DEFAULTINSTALLDIR/lib/libO/Linux.nag.64.openmpi.default/libesmf.so(_ZN5ESMCI6FTable12callVFuncPtrEPKcPNS_2VMEPi+0xc55)[0x154ddf385ce9]
[borgk077:103712] [11] /discover/nobackup/projects/gmao/SIteam/ESMF_Testing/nag_7.2.15_openmpi_O_develop/esmf/DEFAULTINSTALLDIR/lib/libO/Linux.nag.64.openmpi.default/libesmf.so(_ZN5ESMCI6FTable12callVFuncPtrEPKcPNS_2VMEPi+0xc55)[0x152de4a63ce9]
[borgk077:103713] [11] /discover/nobackup/projects/gmao/SIteam/ESMF_Testing/nag_7.2.15_openmpi_O_develop/esmf/DEFAULTINSTALLDIR/lib/libO/Linux.nag.64.openmpi.default/libesmf.so(_ZN5ESMCI6FTable12callVFuncPtrEPKcPNS_2VMEPi+0xc55)[0x14cb0a586ce9]
[borgk077:103711] [11] /discover/nobackup/projects/gmao/SIteam/ESMF_Testing/nag_7.2.15_openmpi_O_develop/esmf/DEFAULTINSTALLDIR/lib/libO/Linux.nag.64.openmpi.default/libesmf.so(ESMCI_FTableCallEntryPointVMHop+0x32e)[0x14c8e69bfdbc]
[borgk077:103710] [12] /discover/nobackup/projects/gmao/SIteam/ESMF_Testing/nag_7.2.15_openmpi_O_develop/esmf/DEFAULTINSTALLDIR/lib/libO/Linux.nag.64.openmpi.default/libesmf.so(ESMCI_FTableCallEntryPointVMHop+0x32e)[0x152de4a60dbc]
[borgk077:103713] [12] /discover/nobackup/projects/gmao/SIteam/ESMF_Testing/nag_7.2.15_openmpi_O_develop/esmf/DEFAULTINSTALLDIR/lib/libO/Linux.nag.64.openmpi.default/libesmf.so(ESMCI_FTableCallEntryPointVMHop+0x32e)[0x14cb0a583dbc]
[borgk077:103711] [12] /discover/nobackup/projects/gmao/SIteam/ESMF_Testing/nag_7.2.15_openmpi_O_develop/esmf/DEFAULTINSTALLDIR/lib/libO/Linux.nag.64.openmpi.default/libesmf.so(ESMCI_FTableCallEntryPointVMHop+0x32e)[0x154ddf382dbc]
[borgk077:103712] [12] /discover/nobackup/projects/gmao/SIteam/ESMF_Testing/nag_7.2.15_openmpi_O_develop/esmf/DEFAULTINSTALLDIR/lib/libO/Linux.nag.64.openmpi.default/libesmf.so(_ZN5ESMCI3VMK5enterEPNS_7VMKPlanEPvS3_+0xd5)[0x14c8e6dbf4ab]
[borgk077:103710] [13] /discover/nobackup/projects/gmao/SIteam/ESMF_Testing/nag_7.2.15_openmpi_O_develop/esmf/DEFAULTINSTALLDIR/lib/libO/Linux.nag.64.openmpi.default/libesmf.so(_ZN5ESMCI3VMK5enterEPNS_7VMKPlanEPvS3_+0xd5)[0x154ddf7824ab]
[borgk077:103712] /discover/nobackup/projects/gmao/SIteam/ESMF_Testing/nag_7.2.15_openmpi_O_develop/esmf/DEFAULTINSTALLDIR/lib/libO/Linux.nag.64.openmpi.default/libesmf.so(_ZN5ESMCI3VMK5enterEPNS_7VMKPlanEPvS3_+0xd5)[0x152de4e604ab]
[borgk077:103713] [13] [13] /discover/nobackup/projects/gmao/SIteam/ESMF_Testing/nag_7.2.15_openmpi_O_develop/esmf/DEFAULTINSTALLDIR/lib/libO/Linux.nag.64.openmpi.default/libesmf.so(_ZN5ESMCI3VMK5enterEPNS_7VMKPlanEPvS3_+0xd5)[0x14cb0a9834ab]
[borgk077:103711] [13] /discover/nobackup/projects/gmao/SIteam/ESMF_Testing/nag_7.2.15_openmpi_O_develop/esmf/DEFAULTINSTALLDIR/lib/libO/Linux.nag.64.openmpi.default/libesmf.so(_ZN5ESMCI2VM5enterEPNS_6VMPlanEPvS3_+0xb7)[0x14c8e6da93c5]
[borgk077:103710] [14] /discover/nobackup/projects/gmao/SIteam/ESMF_Testing/nag_7.2.15_openmpi_O_develop/esmf/DEFAULTINSTALLDIR/lib/libO/Linux.nag.64.openmpi.default/libesmf.so(_ZN5ESMCI2VM5enterEPNS_6VMPlanEPvS3_+0xb7)[0x154ddf76c3c5]
[borgk077:103712] [14] /discover/nobackup/projects/gmao/SIteam/ESMF_Testing/nag_7.2.15_openmpi_O_develop/esmf/DEFAULTINSTALLDIR/lib/libO/Linux.nag.64.openmpi.default/libesmf.so(_ZN5ESMCI2VM5enterEPNS_6VMPlanEPvS3_+0xb7)[0x152de4e4a3c5]
[borgk077:103713] [14] /discover/nobackup/projects/gmao/SIteam/ESMF_Testing/nag_7.2.15_openmpi_O_develop/esmf/DEFAULTINSTALLDIR/lib/libO/Linux.nag.64.openmpi.default/libesmf.so(_ZN5ESMCI2VM5enterEPNS_6VMPlanEPvS3_+0xb7)[0x14cb0a96d3c5]
[borgk077:103711] [14] /discover/nobackup/projects/gmao/SIteam/ESMF_Testing/nag_7.2.15_openmpi_O_develop/esmf/DEFAULTINSTALLDIR/lib/libO/Linux.nag.64.openmpi.default/libesmf.so(c_esmc_ftablecallentrypointvm_+0x35f)[0x14c8e69c0255]
[borgk077:103710] [15] /discover/nobackup/projects/gmao/SIteam/ESMF_Testing/nag_7.2.15_openmpi_O_develop/esmf/DEFAULTINSTALLDIR/lib/libO/Linux.nag.64.openmpi.default/libesmf.so(c_esmc_ftablecallentrypointvm_+0x35f)[0x154ddf383255]
[borgk077:103712] [15] /discover/nobackup/projects/gmao/SIteam/ESMF_Testing/nag_7.2.15_openmpi_O_develop/esmf/DEFAULTINSTALLDIR/lib/libO/Linux.nag.64.openmpi.default/libesmf.so(c_esmc_ftablecallentrypointvm_+0x35f)[0x14cb0a584255]
[borgk077:103711] [15] /discover/nobackup/projects/gmao/SIteam/ESMF_Testing/nag_7.2.15_openmpi_O_develop/esmf/DEFAULTINSTALLDIR/lib/libO/Linux.nag.64.openmpi.default/libesmf.so(c_esmc_ftablecallentrypointvm_+0x35f)[0x152de4a61255]
[borgk077:103713] [15] /discover/nobackup/projects/gmao/SIteam/ESMF_Testing/nag_7.2.15_openmpi_O_develop/esmf/DEFAULTINSTALLDIR/lib/libO/Linux.nag.64.openmpi.default/libesmf.so(esmf_compmod_MP_esmf_compexecute+0xa3d)[0x154ddfa18bb1]
[borgk077:103712] [16] /discover/nobackup/projects/gmao/SIteam/ESMF_Testing/nag_7.2.15_openmpi_O_develop/esmf/DEFAULTINSTALLDIR/lib/libO/Linux.nag.64.openmpi.default/libesmf.so(esmf_compmod_MP_esmf_compexecute+0xa3d)[0x14c8e7055bb1]
[borgk077:103710] [16] /discover/nobackup/projects/gmao/SIteam/ESMF_Testing/nag_7.2.15_openmpi_O_develop/esmf/DEFAULTINSTALLDIR/lib/libO/Linux.nag.64.openmpi.default/libesmf.so(esmf_compmod_MP_esmf_compexecute+0xa3d)[0x152de50f6bb1]
[borgk077:103713] [16] /discover/nobackup/projects/gmao/SIteam/ESMF_Testing/nag_7.2.15_openmpi_O_develop/esmf/DEFAULTINSTALLDIR/lib/libO/Linux.nag.64.openmpi.default/libesmf.so(esmf_compmod_MP_esmf_compexecute+0xa3d)[0x14cb0ac19bb1]
[borgk077:103711] [16] /discover/nobackup/projects/gmao/SIteam/ESMF_Testing/nag_7.2.15_openmpi_O_develop/esmf/DEFAULTINSTALLDIR/lib/libO/Linux.nag.64.openmpi.default/libesmf.so(esmf_gridcompmod_MP_esmf_gridcompinitialize+0x176)[0x154ddfd3a2e9]
[borgk077:103712] [17] /discover/nobackup/projects/gmao/SIteam/ESMF_Testing/nag_7.2.15_openmpi_O_develop/esmf/DEFAULTINSTALLDIR/lib/libO/Linux.nag.64.openmpi.default/libesmf.so(esmf_gridcompmod_MP_esmf_gridcompinitialize+0x176)[0x14c8e73772e9]
[borgk077:103710] [17] ./esmApp[0x49624b]
[borgk077:103710] [18] /discover/nobackup/projects/gmao/SIteam/ESMF_Testing/nag_7.2.15_openmpi_O_develop/esmf/DEFAULTINSTALLDIR/lib/libO/Linux.nag.64.openmpi.default/libesmf.so(esmf_gridcompmod_MP_esmf_gridcompinitialize+0x176)[0x152de54182e9]
[borgk077:103713] [17] ./esmApp[0x49624b]
[borgk077:103712] [18] ./esmApp[0x49624b]
[borgk077:103713] [18] ./esmApp(__NAGf90_cosmp_init+0x123)[0x434e63]
[borgk077:103713] [19] ./esmApp[0x495b73]
[borgk077:103713] [20] ./esmApp(__NAGf90_cosmp_init+0x123)[0x434e63]
[borgk077:103710] [19] ./esmApp[0x495b73]
[borgk077:103710] [20] /lib64/libc.so.6(__libc_start_main+0xef)[0x14c8e4c3e24d]
[borgk077:103710] [21] ./esmApp[0x40c2ca]
/discover/nobackup/projects/gmao/SIteam/ESMF_Testing/nag_7.2.15_openmpi_O_develop/esmf/DEFAULTINSTALLDIR/lib/libO/Linux.nag.64.openmpi.default/libesmf.so(esmf_gridcompmod_MP_esmf_gridcompinitialize+0x176)[0x14cb0af3b2e9]
[borgk077:103711] [17] ./esmApp[0x49624b]
[borgk077:103711] [18] ./esmApp(__NAGf90_cosmp_init+0x123)[0x434e63]
[borgk077:103711] [19] ./esmApp[0x495b73]
[borgk077:103711] [20] ./esmApp(__NAGf90_cosmp_init+0x123)[0x434e63]
[borgk077:103712] [19] ./esmApp[0x495b73]
[borgk077:103712] [20] /lib64/libc.so.6(__libc_start_main+0xef)[0x154ddd63e24d]
[borgk077:103712] [21] [borgk077:103710] *** End of error message ***
./esmApp[0x40c2ca]
[borgk077:103712] *** End of error message ***
/lib64/libc.so.6(__libc_start_main+0xef)[0x14cb0883e24d]
[borgk077:103711] [21] ./esmApp[0x40c2ca]
[borgk077:103711] *** End of error message ***
/lib64/libc.so.6(__libc_start_main+0xef)[0x152de2cf224d]
[borgk077:103713] [21] ./esmApp[0x40c2ca]
[borgk077:103713] *** End of error message ***
--------------------------------------------------------------------------
Primary job  terminated normally, but 1 process returned
a non-zero exit code. Per user-direction, the job has been aborted.
--------------------------------------------------------------------------
--------------------------------------------------------------------------
mpirun noticed that process rank 1 with PID 103711 on node borgk077 exited on signal 6 (Aborted).
--------------------------------------------------------------------------
