2024-10-11 22:38:23
Runtime Error: UnexpecRuntime Error: Unexpected end of format specRuntime Error: Unexpected end of format specificRuntime Error: Unexpected end of format specifiation
Programted end of format specification
Program terification
Program terminated cation
Program terminby I/O error on internal file
 terminated by I/O error on internal file
minated by I/O error on internal file
ated by I/O error on internal file
[borgk077:104402] *** Process received signal ***
[borgk077:104402] Signal: Aborted (6)
[borgk077:104402] Signal code:  (-6)
[borgk077:104400] *** Process received signal ***
[borgk077:104400] Signal: Aborted (6)
[borgk077:104400] Signal code:  (-6)
[borgk077:104401] *** Process received signal ***
[borgk077:104401] Signal: Aborted (6)
[borgk077:104401] Signal code:  (-6)
[borgk077:104401] [ 0] /lib64/libpthread.so.0(+0x16910)[0x152e8db41910]
[borgk077:104402] [ 0] [borgk077:104400] [ 0] [borgk077:104401] [ 1] /lib64/libc.so.6(gsignal+0x10d)[0x152e8d253d2b]
[borgk077:104401] [ 2] /lib64/libpthread.so.0(+0x16910)[0x154aeaddf910]
[borgk077:104400] [ 1] /lib64/libc.so.6(gsignal+0x10d)[0x154aea307d2b]
[borgk077:104400] [ 2] /lib64/libpthread.so.0(+0x16910)[0x1545c25a0910]
[borgk077:104402] [ 1] /lib64/libc.so.6(gsignal+0x10d)[0x1545c1b07d2b]
[borgk077:104402] [ 2] /lib64/libc.so.6(abort+0x177)[0x152e8d2553e5]
[borgk077:104401] [ 3] /lib64/libc.so.6(abort+0x177)[0x1545c1b093e5]
[borgk077:104402] [ 3] ./esmApp(__NAGf90_io_abort+0x78)[0x45a9f8]
[borgk077:104402] [ 4] ./esmApp(__NAGf90_ioerr+0x1cd)[0x45b05d]
[borgk077:104402] [ 5] /lib64/libc.so.6(abort+0x177)[0x154aea3093e5]
[borgk077:104400] [ 3] ./esmApp(__NAGf90_io_abort+0x78)[0x45a9f8]
[borgk077:104400] [ 4] ./esmApp(__NAGf90_ioerr+0x1cd)[0x45b05d]
[borgk077:104400] [ 5] ./esmApp(__NAGf90_io_abort+0x78)[0x45a9f8]
[borgk077:104401] [ 4] ./esmApp(__NAGf90_ioerr+0x1cd)[0x45b05d]
[borgk077:104401] [ 5] /discover/nobackup/projects/gmao/SIteam/comp/SLES-15/nag/7.2.15/lib/NAG_Fortran/libf72rts.so.1(__NAGf90_maybe_next_edit+0xe19)[0x1545c1eaa629]
[borgk077:104402] [ 6] /discover/nobackup/projects/gmao/SIteam/comp/SLES-15/nag/7.2.15/lib/NAG_Fortran/libf72rts.so.1(__NAGf90_maybe_next_edit+0xe19)[0x152e8d4aa629]
[borgk077:104401] [ 6] /discover/nobackup/projects/gmao/SIteam/comp/SLES-15/nag/7.2.15/lib/NAG_Fortran/libf72rts.so.1(__NAGf90_maybe_next_edit+0xe19)[0x154aea6aa629]
[borgk077:104400] [ 6] [borgk077:104399] *** Process received signal ***
[borgk077:104399] Signal: Aborted (6)
[borgk077:104399] Signal code:  (-6)
[borgk077:104399] [ 0] /lib64/libpthread.so.0(+0x16910)[0x14791edf2910]
[borgk077:104399] [ 1] /lib64/libc.so.6(gsignal+0x10d)[0x14791ec2fd2b]
[borgk077:104399] [ 2] /lib64/libc.so.6(abort+0x177)[0x14791ec313e5]
[borgk077:104399] [ 3] ./esmApp(__NAGf90_io_abort+0x78)[0x45a9f8]
[borgk077:104399] [ 4] ./esmApp(__NAGf90_ioerr+0x1cd)[0x45b05d]
[borgk077:104399] [ 5] /discover/nobackup/projects/gmao/SIteam/comp/SLES-15/nag/7.2.15/lib/NAG_Fortran/libf72rts.so.1(__NAGf90_maybe_next_edit+0xe19)[0x14791eeaa629]
[borgk077:104399] [ 6] /discover/nobackup/projects/gmao/SIteam/ESMF_Testing/nag_7.2.15_openmpi_O_develop/esmf/DEFAULTINSTALLDIR/lib/libO/Linux.nag.64.openmpi.default/libesmf.so(nuopc_driver_MP_loopdatadependentinitialize+0x3aef)[0x152e8fe8c4c0]
[borgk077:104401] [ 7] /discover/nobackup/projects/gmao/SIteam/ESMF_Testing/nag_7.2.15_openmpi_O_develop/esmf/DEFAULTINSTALLDIR/lib/libO/Linux.nag.64.openmpi.default/libesmf.so(nuopc_driver_MP_loopdatadependentinitialize+0x3aef)[0x1545c479f4c0]
[borgk077:104402] [ 7] /discover/nobackup/projects/gmao/SIteam/ESMF_Testing/nag_7.2.15_openmpi_O_develop/esmf/DEFAULTINSTALLDIR/lib/libO/Linux.nag.64.openmpi.default/libesmf.so(nuopc_driver_MP_loopdatadependentinitialize+0x3aef)[0x154aecfde4c0]
[borgk077:104400] [ 7] /discover/nobackup/projects/gmao/SIteam/ESMF_Testing/nag_7.2.15_openmpi_O_develop/esmf/DEFAULTINSTALLDIR/lib/libO/Linux.nag.64.openmpi.default/libesmf.so(nuopc_driver_MP_loopdatadependentinitialize+0x3aef)[0x1479218074c0]
[borgk077:104399] [ 7] /discover/nobackup/projects/gmao/SIteam/ESMF_Testing/nag_7.2.15_openmpi_O_develop/esmf/DEFAULTINSTALLDIR/lib/libO/Linux.nag.64.openmpi.default/libesmf.so(nuopc_driver_MP_initializeipdv02p5data+0x3180)[0x1545c47af3e2]
[borgk077:104402] [ 8] /discover/nobackup/projects/gmao/SIteam/ESMF_Testing/nag_7.2.15_openmpi_O_develop/esmf/DEFAULTINSTALLDIR/lib/libO/Linux.nag.64.openmpi.default/libesmf.so(nuopc_driver_MP_initializeipdv02p5data+0x3180)[0x154aecfee3e2]
[borgk077:104400] [ 8] /discover/nobackup/projects/gmao/SIteam/ESMF_Testing/nag_7.2.15_openmpi_O_develop/esmf/DEFAULTINSTALLDIR/lib/libO/Linux.nag.64.openmpi.default/libesmf.so(nuopc_driver_MP_initializeipdv02p5data+0x3180)[0x152e8fe9c3e2]
[borgk077:104401] [ 8] /discover/nobackup/projects/gmao/SIteam/ESMF_Testing/nag_7.2.15_openmpi_O_develop/esmf/DEFAULTINSTALLDIR/lib/libO/Linux.nag.64.openmpi.default/libesmf.so(nuopc_driver_MP_initializeipdv02p5data+0x3180)[0x1479218173e2]
[borgk077:104399] [ 8] /discover/nobackup/projects/gmao/SIteam/ESMF_Testing/nag_7.2.15_openmpi_O_develop/esmf/DEFAULTINSTALLDIR/lib/libO/Linux.nag.64.openmpi.default/libesmf.so(nuopc_driver_MP_initializeipdv02p5+0x4779)[0x152e8fea19a7]
[borgk077:104401] [ 9] /discover/nobackup/projects/gmao/SIteam/ESMF_Testing/nag_7.2.15_openmpi_O_develop/esmf/DEFAULTINSTALLDIR/lib/libO/Linux.nag.64.openmpi.default/libesmf.so(nuopc_driver_MP_initializeipdv02p5+0x4779)[0x1545c47b49a7]
[borgk077:104402] [ 9] /discover/nobackup/projects/gmao/SIteam/ESMF_Testing/nag_7.2.15_openmpi_O_develop/esmf/DEFAULTINSTALLDIR/lib/libO/Linux.nag.64.openmpi.default/libesmf.so(nuopc_driver_MP_initializeipdv02p5+0x4779)[0x154aecff39a7]
[borgk077:104400] [ 9] /discover/nobackup/projects/gmao/SIteam/ESMF_Testing/nag_7.2.15_openmpi_O_develop/esmf/DEFAULTINSTALLDIR/lib/libO/Linux.nag.64.openmpi.default/libesmf.so(nuopc_driver_MP_initializeipdv02p5+0x4779)[0x14792181c9a7]
[borgk077:104399] [ 9] /discover/nobackup/projects/gmao/SIteam/ESMF_Testing/nag_7.2.15_openmpi_O_develop/esmf/DEFAULTINSTALLDIR/lib/libO/Linux.nag.64.openmpi.default/libesmf.so(nuopc_driver_MP_initializegeneric+0x1a06)[0x152e8fed7035]
[borgk077:104401] [10] /discover/nobackup/projects/gmao/SIteam/ESMF_Testing/nag_7.2.15_openmpi_O_develop/esmf/DEFAULTINSTALLDIR/lib/libO/Linux.nag.64.openmpi.default/libesmf.so(nuopc_driver_MP_initializegeneric+0x1a06)[0x1545c47ea035]
[borgk077:104402] [10] /discover/nobackup/projects/gmao/SIteam/ESMF_Testing/nag_7.2.15_openmpi_O_develop/esmf/DEFAULTINSTALLDIR/lib/libO/Linux.nag.64.openmpi.default/libesmf.so(nuopc_driver_MP_initializegeneric+0x1a06)[0x154aed029035]
[borgk077:104400] [10] /discover/nobackup/projects/gmao/SIteam/ESMF_Testing/nag_7.2.15_openmpi_O_develop/esmf/DEFAULTINSTALLDIR/lib/libO/Linux.nag.64.openmpi.default/libesmf.so(nuopc_driver_MP_initializegeneric+0x1a06)[0x147921852035]
[borgk077:104399] [10] /discover/nobackup/projects/gmao/SIteam/ESMF_Testing/nag_7.2.15_openmpi_O_develop/esmf/DEFAULTINSTALLDIR/lib/libO/Linux.nag.64.openmpi.default/libesmf.so(_ZN5ESMCI6FTable12callVFuncPtrEPKcPNS_2VMEPi+0xc55)[0x152e8efe3ce9]
[borgk077:104401] [11] /discover/nobackup/projects/gmao/SIteam/ESMF_Testing/nag_7.2.15_openmpi_O_develop/esmf/DEFAULTINSTALLDIR/lib/libO/Linux.nag.64.openmpi.default/libesmf.so(_ZN5ESMCI6FTable12callVFuncPtrEPKcPNS_2VMEPi+0xc55)[0x154aec135ce9]
[borgk077:104400] [11] /discover/nobackup/projects/gmao/SIteam/ESMF_Testing/nag_7.2.15_openmpi_O_develop/esmf/DEFAULTINSTALLDIR/lib/libO/Linux.nag.64.openmpi.default/libesmf.so(_ZN5ESMCI6FTable12callVFuncPtrEPKcPNS_2VMEPi+0xc55)[0x1545c38f6ce9]
[borgk077:104402] [11] /discover/nobackup/projects/gmao/SIteam/ESMF_Testing/nag_7.2.15_openmpi_O_develop/esmf/DEFAULTINSTALLDIR/lib/libO/Linux.nag.64.openmpi.default/libesmf.so(_ZN5ESMCI6FTable12callVFuncPtrEPKcPNS_2VMEPi+0xc55)[0x14792095ece9]
[borgk077:104399] [11] /discover/nobackup/projects/gmao/SIteam/ESMF_Testing/nag_7.2.15_openmpi_O_develop/esmf/DEFAULTINSTALLDIR/lib/libO/Linux.nag.64.openmpi.default/libesmf.so(ESMCI_FTableCallEntryPointVMHop+0x32e)[0x152e8efe0dbc]
[borgk077:104401] [12] /discover/nobackup/projects/gmao/SIteam/ESMF_Testing/nag_7.2.15_openmpi_O_develop/esmf/DEFAULTINSTALLDIR/lib/libO/Linux.nag.64.openmpi.default/libesmf.so(ESMCI_FTableCallEntryPointVMHop+0x32e)[0x1545c38f3dbc]
[borgk077:104402] [12] /discover/nobackup/projects/gmao/SIteam/ESMF_Testing/nag_7.2.15_openmpi_O_develop/esmf/DEFAULTINSTALLDIR/lib/libO/Linux.nag.64.openmpi.default/libesmf.so(ESMCI_FTableCallEntryPointVMHop+0x32e)[0x154aec132dbc]
[borgk077:104400] [12] /discover/nobackup/projects/gmao/SIteam/ESMF_Testing/nag_7.2.15_openmpi_O_develop/esmf/DEFAULTINSTALLDIR/lib/libO/Linux.nag.64.openmpi.default/libesmf.so(ESMCI_FTableCallEntryPointVMHop+0x32e)[0x14792095bdbc]
[borgk077:104399] [12] /discover/nobackup/projects/gmao/SIteam/ESMF_Testing/nag_7.2.15_openmpi_O_develop/esmf/DEFAULTINSTALLDIR/lib/libO/Linux.nag.64.openmpi.default/libesmf.so(_ZN5ESMCI3VMK5enterEPNS_7VMKPlanEPvS3_+0xd5)[0x152e8f3e04ab]
[borgk077:104401] [13] /discover/nobackup/projects/gmao/SIteam/ESMF_Testing/nag_7.2.15_openmpi_O_develop/esmf/DEFAULTINSTALLDIR/lib/libO/Linux.nag.64.openmpi.default/libesmf.so(_ZN5ESMCI3VMK5enterEPNS_7VMKPlanEPvS3_+0xd5)[0x154aec5324ab]
[borgk077:104400] [13] /discover/nobackup/projects/gmao/SIteam/ESMF_Testing/nag_7.2.15_openmpi_O_develop/esmf/DEFAULTINSTALLDIR/lib/libO/Linux.nag.64.openmpi.default/libesmf.so(_ZN5ESMCI3VMK5enterEPNS_7VMKPlanEPvS3_+0xd5)[0x1545c3cf34ab]
[borgk077:104402] [13] /discover/nobackup/projects/gmao/SIteam/ESMF_Testing/nag_7.2.15_openmpi_O_develop/esmf/DEFAULTINSTALLDIR/lib/libO/Linux.nag.64.openmpi.default/libesmf.so(_ZN5ESMCI3VMK5enterEPNS_7VMKPlanEPvS3_+0xd5)[0x147920d5b4ab]
[borgk077:104399] [13] /discover/nobackup/projects/gmao/SIteam/ESMF_Testing/nag_7.2.15_openmpi_O_develop/esmf/DEFAULTINSTALLDIR/lib/libO/Linux.nag.64.openmpi.default/libesmf.so(_ZN5ESMCI2VM5enterEPNS_6VMPlanEPvS3_+0xb7)[0x152e8f3ca3c5]
[borgk077:104401] [14] /discover/nobackup/projects/gmao/SIteam/ESMF_Testing/nag_7.2.15_openmpi_O_develop/esmf/DEFAULTINSTALLDIR/lib/libO/Linux.nag.64.openmpi.default/libesmf.so(_ZN5ESMCI2VM5enterEPNS_6VMPlanEPvS3_+0xb7)[0x154aec51c3c5]
[borgk077:104400] [14] /discover/nobackup/projects/gmao/SIteam/ESMF_Testing/nag_7.2.15_openmpi_O_develop/esmf/DEFAULTINSTALLDIR/lib/libO/Linux.nag.64.openmpi.default/libesmf.so(_ZN5ESMCI2VM5enterEPNS_6VMPlanEPvS3_+0xb7)[0x1545c3cdd3c5]
[borgk077:104402] [14] /discover/nobackup/projects/gmao/SIteam/ESMF_Testing/nag_7.2.15_openmpi_O_develop/esmf/DEFAULTINSTALLDIR/lib/libO/Linux.nag.64.openmpi.default/libesmf.so(_ZN5ESMCI2VM5enterEPNS_6VMPlanEPvS3_+0xb7)[0x147920d453c5]
[borgk077:104399] [14] /discover/nobackup/projects/gmao/SIteam/ESMF_Testing/nag_7.2.15_openmpi_O_develop/esmf/DEFAULTINSTALLDIR/lib/libO/Linux.nag.64.openmpi.default/libesmf.so(c_esmc_ftablecallentrypointvm_+0x35f)[0x152e8efe1255]
[borgk077:104401] [15] /discover/nobackup/projects/gmao/SIteam/ESMF_Testing/nag_7.2.15_openmpi_O_develop/esmf/DEFAULTINSTALLDIR/lib/libO/Linux.nag.64.openmpi.default/libesmf.so(c_esmc_ftablecallentrypointvm_+0x35f)[0x1545c38f4255]
[borgk077:104402] /discover/nobackup/projects/gmao/SIteam/ESMF_Testing/nag_7.2.15_openmpi_O_develop/esmf/DEFAULTINSTALLDIR/lib/libO/Linux.nag.64.openmpi.default/libesmf.so(c_esmc_ftablecallentrypointvm_+0x35f)[0x154aec133255]
[borgk077:104400] [15] [15] /discover/nobackup/projects/gmao/SIteam/ESMF_Testing/nag_7.2.15_openmpi_O_develop/esmf/DEFAULTINSTALLDIR/lib/libO/Linux.nag.64.openmpi.default/libesmf.so(c_esmc_ftablecallentrypointvm_+0x35f)[0x14792095c255]
[borgk077:104399] [15] /discover/nobackup/projects/gmao/SIteam/ESMF_Testing/nag_7.2.15_openmpi_O_develop/esmf/DEFAULTINSTALLDIR/lib/libO/Linux.nag.64.openmpi.default/libesmf.so(esmf_compmod_MP_esmf_compexecute+0xa3d)[0x152e8f676bb1]
[borgk077:104401] [16] /discover/nobackup/projects/gmao/SIteam/ESMF_Testing/nag_7.2.15_openmpi_O_develop/esmf/DEFAULTINSTALLDIR/lib/libO/Linux.nag.64.openmpi.default/libesmf.so(esmf_compmod_MP_esmf_compexecute+0xa3d)[0x154aec7c8bb1]
[borgk077:104400] /discover/nobackup/projects/gmao/SIteam/ESMF_Testing/nag_7.2.15_openmpi_O_develop/esmf/DEFAULTINSTALLDIR/lib/libO/Linux.nag.64.openmpi.default/libesmf.so(esmf_compmod_MP_esmf_compexecute+0xa3d)[0x1545c3f89bb1]
[borgk077:104402] [16] [16] /discover/nobackup/projects/gmao/SIteam/ESMF_Testing/nag_7.2.15_openmpi_O_develop/esmf/DEFAULTINSTALLDIR/lib/libO/Linux.nag.64.openmpi.default/libesmf.so(esmf_compmod_MP_esmf_compexecute+0xa3d)[0x147920ff1bb1]
[borgk077:104399] [16] /discover/nobackup/projects/gmao/SIteam/ESMF_Testing/nag_7.2.15_openmpi_O_develop/esmf/DEFAULTINSTALLDIR/lib/libO/Linux.nag.64.openmpi.default/libesmf.so(esmf_gridcompmod_MP_esmf_gridcompinitialize+0x176)[0x152e8f9982e9]
[borgk077:104401] [17] ./esmApp[0x495d96]
[borgk077:104401] [18] /discover/nobackup/projects/gmao/SIteam/ESMF_Testing/nag_7.2.15_openmpi_O_develop/esmf/DEFAULTINSTALLDIR/lib/libO/Linux.nag.64.openmpi.default/libesmf.so(esmf_gridcompmod_MP_esmf_gridcompinitialize+0x176)[0x1545c42ab2e9]
[borgk077:104402] [17] /discover/nobackup/projects/gmao/SIteam/ESMF_Testing/nag_7.2.15_openmpi_O_develop/esmf/DEFAULTINSTALLDIR/lib/libO/Linux.nag.64.openmpi.default/libesmf.so(esmf_gridcompmod_MP_esmf_gridcompinitialize+0x176)[0x154aecaea2e9]
[borgk077:104400] [17] ./esmApp(__NAGf90_cosmp_init+0x123)[0x434c63]
[borgk077:104401] [19] ./esmApp[0x495973]
[borgk077:104401] [20] ./esmApp[0x495d96]
[borgk077:104402] [18] ./esmApp(__NAGf90_cosmp_init+0x123)[0x434c63]
[borgk077:104402] [19] ./esmApp[0x495973]
[borgk077:104402] [20] ./esmApp[0x495d96]
[borgk077:104400] [18] ./esmApp(__NAGf90_cosmp_init+0x123)[0x434c63]
[borgk077:104400] [19] ./esmApp[0x495973]
[borgk077:104400] [20] /lib64/libc.so.6(__libc_start_main+0xef)[0x152e8d23e24d]
[borgk077:104401] [21] ./esmApp[0x40c0ca]
/lib64/libc.so.6(__libc_start_main+0xef)[0x154aea2f224d]
[borgk077:104400] [21] ./esmApp[0x40c0ca]
[borgk077:104400] *** End of error message ***
[borgk077:104401] *** End of error message ***
/lib64/libc.so.6(__libc_start_main+0xef)[0x1545c1af224d]
[borgk077:104402] [21] ./esmApp[0x40c0ca]
[borgk077:104402] *** End of error message ***
/discover/nobackup/projects/gmao/SIteam/ESMF_Testing/nag_7.2.15_openmpi_O_develop/esmf/DEFAULTINSTALLDIR/lib/libO/Linux.nag.64.openmpi.default/libesmf.so(esmf_gridcompmod_MP_esmf_gridcompinitialize+0x176)[0x1479213132e9]
[borgk077:104399] [17] ./esmApp[0x495d96]
[borgk077:104399] [18] ./esmApp(__NAGf90_cosmp_init+0x123)[0x434c63]
[borgk077:104399] [19] ./esmApp[0x495973]
[borgk077:104399] [20] /lib64/libc.so.6(__libc_start_main+0xef)[0x14791ec1a24d]
[borgk077:104399] [21] ./esmApp[0x40c0ca]
[borgk077:104399] *** End of error message ***
--------------------------------------------------------------------------
Primary job  terminated normally, but 1 process returned
a non-zero exit code. Per user-direction, the job has been aborted.
--------------------------------------------------------------------------
--------------------------------------------------------------------------
mpirun noticed that process rank 1 with PID 104400 on node borgk077 exited on signal 6 (Aborted).
--------------------------------------------------------------------------
