2024-10-14 22:28:28
Runtime Error: Unexpected end of format specificaRuntime Error: Unexpected end of format specification
Program terminated bRuntime Error: Unexpected end of format specification
Program terminaRuntime Error: Unexpected end of format specification
Program terminated by I/O errortion
Program terminated by I/O error on internal fiy I/O error on internal file
 on internal file
ted by I/O error on internal file
le
[borgj179:216209] *** Process received signal ***
[borgj179:216209] Signal: Aborted (6)
[borgj179:216209] Signal code:  (-6)
[borgj179:216212] *** Process received signal ***
[borgj179:216212] Signal: Aborted (6)
[borgj179:216212] Signal code:  (-6)
[borgj179:216210] *** Process received signal ***
[borgj179:216210] Signal: Aborted (6)
[borgj179:216210] Signal code:  (-6)
[borgj179:216211] *** Process received signal ***
[borgj179:216211] Signal: Aborted (6)
[borgj179:216211] Signal code:  (-6)
[borgj179:216209] [ 0] /lib64/libpthread.so.0(+0x16910)[0x14bccddf2910]
[borgj179:216212] [ 0] [borgj179:216210] [ 0] /lib64/libpthread.so.0(+0x16910)[0x14bda89f2910]
[borgj179:216210] [ 1] [borgj179:216211] [ 0] /lib64/libpthread.so.0(+0x16910)[0x14bb6dfac910]
[borgj179:216209] [ 1] /lib64/libpthread.so.0(+0x16910)[0x147bbff5f910]
[borgj179:216212] [ 1] [borgj179:216211] [ 1] /lib64/libc.so.6(gsignal+0x10d)[0x14bb6d507d2b]
[borgj179:216211] [ 2] /lib64/libc.so.6(abort+0x177)[0x14bb6d5093e5]
/lib64/libc.so.6(gsignal+0x10d)[0x14bccdc2fd2b]
[borgj179:216209] [ 2] /lib64/libc.so.6(abort+0x177)[0x14bccdc313e5]
[borgj179:216209] [ 3] ./esmApp(__NAGf90_io_abort+0x78)[0x45ade8]
[borgj179:216209] [ 4] ./esmApp(__NAGf90_ioerr+0x1cd)[0x45b44d]
/lib64/libc.so.6(gsignal+0x10d)[0x147bbf653d2b]
[borgj179:216212] [ 2] /lib64/libc.so.6(abort+0x177)[0x147bbf6553e5]
[borgj179:216212] [ 3] ./esmApp(__NAGf90_io_abort+0x78)[0x45ade8]
[borgj179:216212] [ 4] /lib64/libc.so.6(gsignal+0x10d)[0x14bda882fd2b]
[borgj179:216210] [ 2] /lib64/libc.so.6(abort+0x177)[0x14bda88313e5]
[borgj179:216210] [ 3] ./esmApp(__NAGf90_io_abort+0x78)[0x45ade8]
[borgj179:216210] [ 4] ./esmApp(__NAGf90_ioerr+0x1cd)[0x45b44d]
./esmApp(__NAGf90_ioerr+0x1cd)[0x45b44d]
[borgj179:216212] [ 5] [borgj179:216209] [ 5] [borgj179:216211] [ 3] ./esmApp(__NAGf90_io_abort+0x78)[0x45ade8]
[borgj179:216211] [ 4] ./esmApp(__NAGf90_ioerr+0x1cd)[0x45b44d]
[borgj179:216211] [borgj179:216210] [ 5] /discover/nobackup/projects/gmao/SIteam/comp/SLES-15/nag/7.2.15/lib/NAG_Fortran/libf72rts.so.1(__NAGf90_maybe_next_edit+0xe19)[0x14bda8aaa629]
[borgj179:216210] [ 6] [ 5] /discover/nobackup/projects/gmao/SIteam/comp/SLES-15/nag/7.2.15/lib/NAG_Fortran/libf72rts.so.1(__NAGf90_maybe_next_edit+0xe19)[0x14bb6d8aa629]
[borgj179:216211] [ 6] /discover/nobackup/projects/gmao/SIteam/comp/SLES-15/nag/7.2.15/lib/NAG_Fortran/libf72rts.so.1(__NAGf90_maybe_next_edit+0xe19)[0x147bbf8aa629]
[borgj179:216212] [ 6] /discover/nobackup/projects/gmao/SIteam/comp/SLES-15/nag/7.2.15/lib/NAG_Fortran/libf72rts.so.1(__NAGf90_maybe_next_edit+0xe19)[0x14bccdeaa629]
[borgj179:216209] [ 6] /discover/nobackup/projects/gmao/SIteam/ESMF_Testing/nag_7.2.15_openmpi_O_develop/esmf/DEFAULTINSTALLDIR/lib/libO/Linux.nag.64.openmpi.default/libesmf.so(nuopc_driver_MP_loopdatadependentinitialize+0x3aef)[0x147bc22aa4c0]
[borgj179:216212] [ 7] /discover/nobackup/projects/gmao/SIteam/ESMF_Testing/nag_7.2.15_openmpi_O_develop/esmf/DEFAULTINSTALLDIR/lib/libO/Linux.nag.64.openmpi.default/libesmf.so(nuopc_driver_MP_loopdatadependentinitialize+0x3aef)[0x14bcd08214c0]
[borgj179:216209] [ 7] /discover/nobackup/projects/gmao/SIteam/ESMF_Testing/nag_7.2.15_openmpi_O_develop/esmf/DEFAULTINSTALLDIR/lib/libO/Linux.nag.64.openmpi.default/libesmf.so(nuopc_driver_MP_loopdatadependentinitialize+0x3aef)[0x14bdab4174c0]
[borgj179:216210] [ 7] /discover/nobackup/projects/gmao/SIteam/ESMF_Testing/nag_7.2.15_openmpi_O_develop/esmf/DEFAULTINSTALLDIR/lib/libO/Linux.nag.64.openmpi.default/libesmf.so(nuopc_driver_MP_loopdatadependentinitialize+0x3aef)[0x14bb701ab4c0]
[borgj179:216211] [ 7] /discover/nobackup/projects/gmao/SIteam/ESMF_Testing/nag_7.2.15_openmpi_O_develop/esmf/DEFAULTINSTALLDIR/lib/libO/Linux.nag.64.openmpi.default/libesmf.so(nuopc_driver_MP_initializeipdv02p5data+0x3180)[0x14bdab4273e2]
[borgj179:216210] [ 8] /discover/nobackup/projects/gmao/SIteam/ESMF_Testing/nag_7.2.15_openmpi_O_develop/esmf/DEFAULTINSTALLDIR/lib/libO/Linux.nag.64.openmpi.default/libesmf.so(nuopc_driver_MP_initializeipdv02p5data+0x3180)[0x147bc22ba3e2]
[borgj179:216212] [ 8] /discover/nobackup/projects/gmao/SIteam/ESMF_Testing/nag_7.2.15_openmpi_O_develop/esmf/DEFAULTINSTALLDIR/lib/libO/Linux.nag.64.openmpi.default/libesmf.so(nuopc_driver_MP_initializeipdv02p5data+0x3180)[0x14bb701bb3e2]
[borgj179:216211] [ 8] /discover/nobackup/projects/gmao/SIteam/ESMF_Testing/nag_7.2.15_openmpi_O_develop/esmf/DEFAULTINSTALLDIR/lib/libO/Linux.nag.64.openmpi.default/libesmf.so(nuopc_driver_MP_initializeipdv02p5data+0x3180)[0x14bcd08313e2]
[borgj179:216209] [ 8] /discover/nobackup/projects/gmao/SIteam/ESMF_Testing/nag_7.2.15_openmpi_O_develop/esmf/DEFAULTINSTALLDIR/lib/libO/Linux.nag.64.openmpi.default/libesmf.so(nuopc_driver_MP_initializeipdv02p5+0x4779)[0x147bc22bf9a7]
[borgj179:216212] [ 9] /discover/nobackup/projects/gmao/SIteam/ESMF_Testing/nag_7.2.15_openmpi_O_develop/esmf/DEFAULTINSTALLDIR/lib/libO/Linux.nag.64.openmpi.default/libesmf.so(nuopc_driver_MP_initializeipdv02p5+0x4779)[0x14bdab42c9a7]
[borgj179:216210] [ 9] /discover/nobackup/projects/gmao/SIteam/ESMF_Testing/nag_7.2.15_openmpi_O_develop/esmf/DEFAULTINSTALLDIR/lib/libO/Linux.nag.64.openmpi.default/libesmf.so(nuopc_driver_MP_initializeipdv02p5+0x4779)[0x14bcd08369a7]
[borgj179:216209] [ 9] /discover/nobackup/projects/gmao/SIteam/ESMF_Testing/nag_7.2.15_openmpi_O_develop/esmf/DEFAULTINSTALLDIR/lib/libO/Linux.nag.64.openmpi.default/libesmf.so(nuopc_driver_MP_initializeipdv02p5+0x4779)[0x14bb701c09a7]
[borgj179:216211] [ 9] /discover/nobackup/projects/gmao/SIteam/ESMF_Testing/nag_7.2.15_openmpi_O_develop/esmf/DEFAULTINSTALLDIR/lib/libO/Linux.nag.64.openmpi.default/libesmf.so(nuopc_driver_MP_initializegeneric+0x1a06)[0x14bb701f6035]
[borgj179:216211] [10] /discover/nobackup/projects/gmao/SIteam/ESMF_Testing/nag_7.2.15_openmpi_O_develop/esmf/DEFAULTINSTALLDIR/lib/libO/Linux.nag.64.openmpi.default/libesmf.so(nuopc_driver_MP_initializegeneric+0x1a06)[0x14bcd086c035]
[borgj179:216209] [10] /discover/nobackup/projects/gmao/SIteam/ESMF_Testing/nag_7.2.15_openmpi_O_develop/esmf/DEFAULTINSTALLDIR/lib/libO/Linux.nag.64.openmpi.default/libesmf.so(nuopc_driver_MP_initializegeneric+0x1a06)[0x14bdab462035]
[borgj179:216210] [10] /discover/nobackup/projects/gmao/SIteam/ESMF_Testing/nag_7.2.15_openmpi_O_develop/esmf/DEFAULTINSTALLDIR/lib/libO/Linux.nag.64.openmpi.default/libesmf.so(nuopc_driver_MP_initializegeneric+0x1a06)[0x147bc22f5035]
[borgj179:216212] [10] /discover/nobackup/projects/gmao/SIteam/ESMF_Testing/nag_7.2.15_openmpi_O_develop/esmf/DEFAULTINSTALLDIR/lib/libO/Linux.nag.64.openmpi.default/libesmf.so(_ZN5ESMCI6FTable12callVFuncPtrEPKcPNS_2VMEPi+0xc55)[0x14bccf978ce9]
[borgj179:216209] [11] /discover/nobackup/projects/gmao/SIteam/ESMF_Testing/nag_7.2.15_openmpi_O_develop/esmf/DEFAULTINSTALLDIR/lib/libO/Linux.nag.64.openmpi.default/libesmf.so(_ZN5ESMCI6FTable12callVFuncPtrEPKcPNS_2VMEPi+0xc55)[0x14bdaa56ece9]
[borgj179:216210] [11] /discover/nobackup/projects/gmao/SIteam/ESMF_Testing/nag_7.2.15_openmpi_O_develop/esmf/DEFAULTINSTALLDIR/lib/libO/Linux.nag.64.openmpi.default/libesmf.so(_ZN5ESMCI6FTable12callVFuncPtrEPKcPNS_2VMEPi+0xc55)[0x14bb6f302ce9]
[borgj179:216211] [11] /discover/nobackup/projects/gmao/SIteam/ESMF_Testing/nag_7.2.15_openmpi_O_develop/esmf/DEFAULTINSTALLDIR/lib/libO/Linux.nag.64.openmpi.default/libesmf.so(_ZN5ESMCI6FTable12callVFuncPtrEPKcPNS_2VMEPi+0xc55)[0x147bc1401ce9]
[borgj179:216212] [11] /discover/nobackup/projects/gmao/SIteam/ESMF_Testing/nag_7.2.15_openmpi_O_develop/esmf/DEFAULTINSTALLDIR/lib/libO/Linux.nag.64.openmpi.default/libesmf.so(ESMCI_FTableCallEntryPointVMHop+0x32e)[0x14bccf975dbc]
[borgj179:216209] [12] /discover/nobackup/projects/gmao/SIteam/ESMF_Testing/nag_7.2.15_openmpi_O_develop/esmf/DEFAULTINSTALLDIR/lib/libO/Linux.nag.64.openmpi.default/libesmf.so(ESMCI_FTableCallEntryPointVMHop+0x32e)[0x14bdaa56bdbc]
[borgj179:216210] [12] /discover/nobackup/projects/gmao/SIteam/ESMF_Testing/nag_7.2.15_openmpi_O_develop/esmf/DEFAULTINSTALLDIR/lib/libO/Linux.nag.64.openmpi.default/libesmf.so(ESMCI_FTableCallEntryPointVMHop+0x32e)[0x14bb6f2ffdbc]
[borgj179:216211] [12] /discover/nobackup/projects/gmao/SIteam/ESMF_Testing/nag_7.2.15_openmpi_O_develop/esmf/DEFAULTINSTALLDIR/lib/libO/Linux.nag.64.openmpi.default/libesmf.so(ESMCI_FTableCallEntryPointVMHop+0x32e)[0x147bc13fedbc]
[borgj179:216212] [12] /discover/nobackup/projects/gmao/SIteam/ESMF_Testing/nag_7.2.15_openmpi_O_develop/esmf/DEFAULTINSTALLDIR/lib/libO/Linux.nag.64.openmpi.default/libesmf.so(_ZN5ESMCI3VMK5enterEPNS_7VMKPlanEPvS3_+0xd5)[0x14bccfd754ab]
[borgj179:216209] [13] /discover/nobackup/projects/gmao/SIteam/ESMF_Testing/nag_7.2.15_openmpi_O_develop/esmf/DEFAULTINSTALLDIR/lib/libO/Linux.nag.64.openmpi.default/libesmf.so(_ZN5ESMCI3VMK5enterEPNS_7VMKPlanEPvS3_+0xd5)[0x14bdaa96b4ab]
[borgj179:216210] [13] /discover/nobackup/projects/gmao/SIteam/ESMF_Testing/nag_7.2.15_openmpi_O_develop/esmf/DEFAULTINSTALLDIR/lib/libO/Linux.nag.64.openmpi.default/libesmf.so(_ZN5ESMCI3VMK5enterEPNS_7VMKPlanEPvS3_+0xd5)[0x14bb6f6ff4ab]
[borgj179:216211] [13] /discover/nobackup/projects/gmao/SIteam/ESMF_Testing/nag_7.2.15_openmpi_O_develop/esmf/DEFAULTINSTALLDIR/lib/libO/Linux.nag.64.openmpi.default/libesmf.so(_ZN5ESMCI3VMK5enterEPNS_7VMKPlanEPvS3_+0xd5)[0x147bc17fe4ab]
[borgj179:216212] [13] /discover/nobackup/projects/gmao/SIteam/ESMF_Testing/nag_7.2.15_openmpi_O_develop/esmf/DEFAULTINSTALLDIR/lib/libO/Linux.nag.64.openmpi.default/libesmf.so(_ZN5ESMCI2VM5enterEPNS_6VMPlanEPvS3_+0xb7)[0x14bccfd5f3c5]
[borgj179:216209] [14] /discover/nobackup/projects/gmao/SIteam/ESMF_Testing/nag_7.2.15_openmpi_O_develop/esmf/DEFAULTINSTALLDIR/lib/libO/Linux.nag.64.openmpi.default/libesmf.so(_ZN5ESMCI2VM5enterEPNS_6VMPlanEPvS3_+0xb7)[0x14bdaa9553c5]
[borgj179:216210] [14] /discover/nobackup/projects/gmao/SIteam/ESMF_Testing/nag_7.2.15_openmpi_O_develop/esmf/DEFAULTINSTALLDIR/lib/libO/Linux.nag.64.openmpi.default/libesmf.so(_ZN5ESMCI2VM5enterEPNS_6VMPlanEPvS3_+0xb7)[0x14bb6f6e93c5]
[borgj179:216211] [14] /discover/nobackup/projects/gmao/SIteam/ESMF_Testing/nag_7.2.15_openmpi_O_develop/esmf/DEFAULTINSTALLDIR/lib/libO/Linux.nag.64.openmpi.default/libesmf.so(_ZN5ESMCI2VM5enterEPNS_6VMPlanEPvS3_+0xb7)[0x147bc17e83c5]
[borgj179:216212] [14] /discover/nobackup/projects/gmao/SIteam/ESMF_Testing/nag_7.2.15_openmpi_O_develop/esmf/DEFAULTINSTALLDIR/lib/libO/Linux.nag.64.openmpi.default/libesmf.so(c_esmc_ftablecallentrypointvm_+0x35f)[0x14bdaa56c255]
[borgj179:216210] [15] /discover/nobackup/projects/gmao/SIteam/ESMF_Testing/nag_7.2.15_openmpi_O_develop/esmf/DEFAULTINSTALLDIR/lib/libO/Linux.nag.64.openmpi.default/libesmf.so(c_esmc_ftablecallentrypointvm_+0x35f)[0x14bccf976255]
[borgj179:216209] [15] /discover/nobackup/projects/gmao/SIteam/ESMF_Testing/nag_7.2.15_openmpi_O_develop/esmf/DEFAULTINSTALLDIR/lib/libO/Linux.nag.64.openmpi.default/libesmf.so(c_esmc_ftablecallentrypointvm_+0x35f)[0x14bb6f300255]
[borgj179:216211] [15] /discover/nobackup/projects/gmao/SIteam/ESMF_Testing/nag_7.2.15_openmpi_O_develop/esmf/DEFAULTINSTALLDIR/lib/libO/Linux.nag.64.openmpi.default/libesmf.so(c_esmc_ftablecallentrypointvm_+0x35f)[0x147bc13ff255]
[borgj179:216212] [15] /discover/nobackup/projects/gmao/SIteam/ESMF_Testing/nag_7.2.15_openmpi_O_develop/esmf/DEFAULTINSTALLDIR/lib/libO/Linux.nag.64.openmpi.default/libesmf.so(esmf_compmod_MP_esmf_compexecute+0xa3d)[0x14bdaac01bb1]
[borgj179:216210] [16] /discover/nobackup/projects/gmao/SIteam/ESMF_Testing/nag_7.2.15_openmpi_O_develop/esmf/DEFAULTINSTALLDIR/lib/libO/Linux.nag.64.openmpi.default/libesmf.so(esmf_compmod_MP_esmf_compexecute+0xa3d)[0x14bb6f995bb1]
[borgj179:216211] [16] /discover/nobackup/projects/gmao/SIteam/ESMF_Testing/nag_7.2.15_openmpi_O_develop/esmf/DEFAULTINSTALLDIR/lib/libO/Linux.nag.64.openmpi.default/libesmf.so(esmf_compmod_MP_esmf_compexecute+0xa3d)[0x14bcd000bbb1]
[borgj179:216209] [16] /discover/nobackup/projects/gmao/SIteam/ESMF_Testing/nag_7.2.15_openmpi_O_develop/esmf/DEFAULTINSTALLDIR/lib/libO/Linux.nag.64.openmpi.default/libesmf.so(esmf_compmod_MP_esmf_compexecute+0xa3d)[0x147bc1a94bb1]
[borgj179:216212] [16] /discover/nobackup/projects/gmao/SIteam/ESMF_Testing/nag_7.2.15_openmpi_O_develop/esmf/DEFAULTINSTALLDIR/lib/libO/Linux.nag.64.openmpi.default/libesmf.so(esmf_gridcompmod_MP_esmf_gridcompinitialize+0x176)[0x14bdaaf232e9]
[borgj179:216210] [17] ./esmApp[0x496186]
[borgj179:216210] [18] /discover/nobackup/projects/gmao/SIteam/ESMF_Testing/nag_7.2.15_openmpi_O_develop/esmf/DEFAULTINSTALLDIR/lib/libO/Linux.nag.64.openmpi.default/libesmf.so(esmf_gridcompmod_MP_esmf_gridcompinitialize+0x176)[0x14bb6fcb72e9]
[borgj179:216211] [17] /discover/nobackup/projects/gmao/SIteam/ESMF_Testing/nag_7.2.15_openmpi_O_develop/esmf/DEFAULTINSTALLDIR/lib/libO/Linux.nag.64.openmpi.default/libesmf.so(esmf_gridcompmod_MP_esmf_gridcompinitialize+0x176)[0x14bcd032d2e9]
[borgj179:216209] [17] ./esmApp(__NAGf90_cosmp_init+0x123)[0x435053]
[borgj179:216210] [19] ./esmApp[0x496186]
[borgj179:216211] [18] ./esmApp[0x496186]
[borgj179:216209] [18] ./esmApp(__NAGf90_cosmp_init+0x123)[0x435053]
[borgj179:216211] [19] ./esmApp[0x495d63]
[borgj179:216211] [20] /lib64/libc.so.6(__libc_start_main+0xef)[0x14bb6d4f224d]
[borgj179:216211] [21] ./esmApp[0x40c4ba]
[borgj179:216211] *** End of error message ***
./esmApp[0x495d63]
[borgj179:216210] [20] /lib64/libc.so.6(__libc_start_main+0xef)[0x14bda881a24d]
[borgj179:216210] [21] ./esmApp[0x40c4ba]
[borgj179:216210] *** End of error message ***
./esmApp(__NAGf90_cosmp_init+0x123)[0x435053]
[borgj179:216209] [19] ./esmApp[0x495d63]
[borgj179:216209] [20] /lib64/libc.so.6(__libc_start_main+0xef)[0x14bccdc1a24d]
[borgj179:216209] [21] ./esmApp[0x40c4ba]
[borgj179:216209] *** End of error message ***
/discover/nobackup/projects/gmao/SIteam/ESMF_Testing/nag_7.2.15_openmpi_O_develop/esmf/DEFAULTINSTALLDIR/lib/libO/Linux.nag.64.openmpi.default/libesmf.so(esmf_gridcompmod_MP_esmf_gridcompinitialize+0x176)[0x147bc1db62e9]
[borgj179:216212] [17] ./esmApp[0x496186]
[borgj179:216212] [18] ./esmApp(__NAGf90_cosmp_init+0x123)[0x435053]
[borgj179:216212] [19] ./esmApp[0x495d63]
[borgj179:216212] [20] /lib64/libc.so.6(__libc_start_main+0xef)[0x147bbf63e24d]
[borgj179:216212] [21] ./esmApp[0x40c4ba]
[borgj179:216212] *** End of error message ***
--------------------------------------------------------------------------
Primary job  terminated normally, but 1 process returned
a non-zero exit code. Per user-direction, the job has been aborted.
--------------------------------------------------------------------------
--------------------------------------------------------------------------
mpirun noticed that process rank 1 with PID 216210 on node borgj179 exited on signal 6 (Aborted).
--------------------------------------------------------------------------
