2024-10-12 23:34:59
Runtime Error: Runtime Error: Unexpected end of format specificationRuntime Error: Unexpected end of format specificatiRuntime Error: Unexpected end of format specific
Program terminated by Unexpected end of format specification
Program terminated bation
Program terminated by I/O error on internal file
on
Program terminated by I/O error on internal file
y I/O error on internal file
I/O error on internal file
[borgl054:227654] *** Process received signal ***
[borgl054:227654] Signal: Aborted (6)
[borgl054:227654] Signal code:  (-6)
[borgl054:227654] [ 0] /lib64/libpthread.so.0(+0x16910)[0x1461a6fd9910]
[borgl054:227654] [ 1] /lib64/libc.so.6(gsignal+0x10d)[0x1461a6507d2b]
[borgl054:227654] [ 2] /lib64/libc.so.6(abort+0x177)[0x1461a65093e5]
[borgl054:227654] [ 3] ./esmApp(__NAGf90_io_abort+0x78)[0x459fb8]
[borgl054:227654] [ 4] ./esmApp(__NAGf90_ioerr+0x1cd)[0x45a61d]
[borgl054:227654] [ 5] [borgl054:227657] *** Process received signal ***
[borgl054:227657] Signal: Aborted (6)
[borgl054:227657] Signal code:  (-6)
[borgl054:227655] *** Process received signal ***
[borgl054:227655] Signal: Aborted (6)
[borgl054:227655] Signal code:  (-6)
[borgl054:227656] *** Process received signal ***
[borgl054:227656] Signal: Aborted (6)
[borgl054:227656] Signal code:  (-6)
/discover/nobackup/projects/gmao/SIteam/comp/SLES-15/nag/7.2.15/lib/NAG_Fortran/libf72rts.so.1(__NAGf90_maybe_next_edit+0xe19)[0x1461a68aa629]
[borgl054:227654] [ 6] [borgl054:227657] [ 0] [borgl054:227655] [ 0] [borgl054:227656] [ 0] /lib64/libpthread.so.0(+0x16910)[0x150482fb8910]
[borgl054:227657] [ 1] /lib64/libpthread.so.0(+0x16910)[0x150e0af2e910]
[borgl054:227655] [ 1] /lib64/libpthread.so.0(+0x16910)[0x14a7123f6910]
[borgl054:227656] [ 1] /lib64/libc.so.6(gsignal+0x10d)[0x14a711907d2b]
[borgl054:227656] [ 2] /lib64/libc.so.6(gsignal+0x10d)[0x150e0a653d2b]
[borgl054:227655] [ 2] /lib64/libc.so.6(gsignal+0x10d)[0x150482507d2b]
[borgl054:227657] [ 2] /lib64/libc.so.6(abort+0x177)[0x1504825093e5]
[borgl054:227657] [ 3] ./esmApp(__NAGf90_io_abort+0x78)[0x459fb8]
[borgl054:227657] [ 4] ./esmApp(__NAGf90_ioerr+0x1cd)[0x45a61d]
[borgl054:227657] [ 5] /lib64/libc.so.6(abort+0x177)[0x150e0a6553e5]
[borgl054:227655] [ 3] ./esmApp(__NAGf90_io_abort+0x78)[0x459fb8]
[borgl054:227655] [ 4] ./esmApp(__NAGf90_ioerr+0x1cd)[0x45a61d]
[borgl054:227655] [ 5] /lib64/libc.so.6(abort+0x177)[0x14a7119093e5]
[borgl054:227656] [ 3] ./esmApp(__NAGf90_io_abort+0x78)[0x459fb8]
[borgl054:227656] [ 4] ./esmApp(__NAGf90_ioerr+0x1cd)[0x45a61d]
[borgl054:227656] [ 5] /discover/nobackup/projects/gmao/SIteam/comp/SLES-15/nag/7.2.15/lib/NAG_Fortran/libf72rts.so.1(__NAGf90_maybe_next_edit+0xe19)[0x1504828aa629]
[borgl054:227657] [ 6] /discover/nobackup/projects/gmao/SIteam/comp/SLES-15/nag/7.2.15/lib/NAG_Fortran/libf72rts.so.1(__NAGf90_maybe_next_edit+0xe19)[0x150e0a8aa629]
[borgl054:227655] [ 6] /discover/nobackup/projects/gmao/SIteam/comp/SLES-15/nag/7.2.15/lib/NAG_Fortran/libf72rts.so.1(__NAGf90_maybe_next_edit+0xe19)[0x14a711caa629]
[borgl054:227656] [ 6] /discover/nobackup/projects/gmao/SIteam/ESMF_Testing/nag_7.2.15_openmpi_O_develop/esmf/DEFAULTINSTALLDIR/lib/libO/Linux.nag.64.openmpi.default/libesmf.so(nuopc_driver_MP_loopdatadependentinitialize+0x3aef)[0x1461a91d84c0]
[borgl054:227654] [ 7] /discover/nobackup/projects/gmao/SIteam/ESMF_Testing/nag_7.2.15_openmpi_O_develop/esmf/DEFAULTINSTALLDIR/lib/libO/Linux.nag.64.openmpi.default/libesmf.so(nuopc_driver_MP_loopdatadependentinitialize+0x3aef)[0x1504851b74c0]
[borgl054:227657] [ 7] /discover/nobackup/projects/gmao/SIteam/ESMF_Testing/nag_7.2.15_openmpi_O_develop/esmf/DEFAULTINSTALLDIR/lib/libO/Linux.nag.64.openmpi.default/libesmf.so(nuopc_driver_MP_loopdatadependentinitialize+0x3aef)[0x150e0d2794c0]
[borgl054:227655] [ 7] /discover/nobackup/projects/gmao/SIteam/ESMF_Testing/nag_7.2.15_openmpi_O_develop/esmf/DEFAULTINSTALLDIR/lib/libO/Linux.nag.64.openmpi.default/libesmf.so(nuopc_driver_MP_loopdatadependentinitialize+0x3aef)[0x14a7145f54c0]
[borgl054:227656] [ 7] /discover/nobackup/projects/gmao/SIteam/ESMF_Testing/nag_7.2.15_openmpi_O_develop/esmf/DEFAULTINSTALLDIR/lib/libO/Linux.nag.64.openmpi.default/libesmf.so(nuopc_driver_MP_initializeipdv02p5data+0x3180)[0x1461a91e83e2]
[borgl054:227654] [ 8] /discover/nobackup/projects/gmao/SIteam/ESMF_Testing/nag_7.2.15_openmpi_O_develop/esmf/DEFAULTINSTALLDIR/lib/libO/Linux.nag.64.openmpi.default/libesmf.so(nuopc_driver_MP_initializeipdv02p5data+0x3180)[0x14a7146053e2]
[borgl054:227656] [ 8] /discover/nobackup/projects/gmao/SIteam/ESMF_Testing/nag_7.2.15_openmpi_O_develop/esmf/DEFAULTINSTALLDIR/lib/libO/Linux.nag.64.openmpi.default/libesmf.so(nuopc_driver_MP_initializeipdv02p5data+0x3180)[0x1504851c73e2]
[borgl054:227657] [ 8] /discover/nobackup/projects/gmao/SIteam/ESMF_Testing/nag_7.2.15_openmpi_O_develop/esmf/DEFAULTINSTALLDIR/lib/libO/Linux.nag.64.openmpi.default/libesmf.so(nuopc_driver_MP_initializeipdv02p5data+0x3180)[0x150e0d2893e2]
[borgl054:227655] [ 8] /discover/nobackup/projects/gmao/SIteam/ESMF_Testing/nag_7.2.15_openmpi_O_develop/esmf/DEFAULTINSTALLDIR/lib/libO/Linux.nag.64.openmpi.default/libesmf.so(nuopc_driver_MP_initializeipdv02p5+0x4779)[0x1461a91ed9a7]
[borgl054:227654] [ 9] /discover/nobackup/projects/gmao/SIteam/ESMF_Testing/nag_7.2.15_openmpi_O_develop/esmf/DEFAULTINSTALLDIR/lib/libO/Linux.nag.64.openmpi.default/libesmf.so(nuopc_driver_MP_initializeipdv02p5+0x4779)[0x14a71460a9a7]
[borgl054:227656] [ 9] /discover/nobackup/projects/gmao/SIteam/ESMF_Testing/nag_7.2.15_openmpi_O_develop/esmf/DEFAULTINSTALLDIR/lib/libO/Linux.nag.64.openmpi.default/libesmf.so(nuopc_driver_MP_initializeipdv02p5+0x4779)[0x1504851cc9a7]
[borgl054:227657] [ 9] /discover/nobackup/projects/gmao/SIteam/ESMF_Testing/nag_7.2.15_openmpi_O_develop/esmf/DEFAULTINSTALLDIR/lib/libO/Linux.nag.64.openmpi.default/libesmf.so(nuopc_driver_MP_initializeipdv02p5+0x4779)[0x150e0d28e9a7]
[borgl054:227655] [ 9] /discover/nobackup/projects/gmao/SIteam/ESMF_Testing/nag_7.2.15_openmpi_O_develop/esmf/DEFAULTINSTALLDIR/lib/libO/Linux.nag.64.openmpi.default/libesmf.so(nuopc_driver_MP_initializegeneric+0x1a06)[0x1461a9223035]
[borgl054:227654] [10] /discover/nobackup/projects/gmao/SIteam/ESMF_Testing/nag_7.2.15_openmpi_O_develop/esmf/DEFAULTINSTALLDIR/lib/libO/Linux.nag.64.openmpi.default/libesmf.so(nuopc_driver_MP_initializegeneric+0x1a06)[0x150485202035]
[borgl054:227657] [10] /discover/nobackup/projects/gmao/SIteam/ESMF_Testing/nag_7.2.15_openmpi_O_develop/esmf/DEFAULTINSTALLDIR/lib/libO/Linux.nag.64.openmpi.default/libesmf.so(nuopc_driver_MP_initializegeneric+0x1a06)[0x150e0d2c4035]
[borgl054:227655] [10] /discover/nobackup/projects/gmao/SIteam/ESMF_Testing/nag_7.2.15_openmpi_O_develop/esmf/DEFAULTINSTALLDIR/lib/libO/Linux.nag.64.openmpi.default/libesmf.so(nuopc_driver_MP_initializegeneric+0x1a06)[0x14a714640035]
[borgl054:227656] [10] /discover/nobackup/projects/gmao/SIteam/ESMF_Testing/nag_7.2.15_openmpi_O_develop/esmf/DEFAULTINSTALLDIR/lib/libO/Linux.nag.64.openmpi.default/libesmf.so(_ZN5ESMCI6FTable12callVFuncPtrEPKcPNS_2VMEPi+0xc55)[0x1461a832fce9]
[borgl054:227654] [11] /discover/nobackup/projects/gmao/SIteam/ESMF_Testing/nag_7.2.15_openmpi_O_develop/esmf/DEFAULTINSTALLDIR/lib/libO/Linux.nag.64.openmpi.default/libesmf.so(_ZN5ESMCI6FTable12callVFuncPtrEPKcPNS_2VMEPi+0xc55)[0x15048430ece9]
[borgl054:227657] [11] /discover/nobackup/projects/gmao/SIteam/ESMF_Testing/nag_7.2.15_openmpi_O_develop/esmf/DEFAULTINSTALLDIR/lib/libO/Linux.nag.64.openmpi.default/libesmf.so(_ZN5ESMCI6FTable12callVFuncPtrEPKcPNS_2VMEPi+0xc55)[0x150e0c3d0ce9]
[borgl054:227655] [11] /discover/nobackup/projects/gmao/SIteam/ESMF_Testing/nag_7.2.15_openmpi_O_develop/esmf/DEFAULTINSTALLDIR/lib/libO/Linux.nag.64.openmpi.default/libesmf.so(_ZN5ESMCI6FTable12callVFuncPtrEPKcPNS_2VMEPi+0xc55)[0x14a71374cce9]
[borgl054:227656] [11] /discover/nobackup/projects/gmao/SIteam/ESMF_Testing/nag_7.2.15_openmpi_O_develop/esmf/DEFAULTINSTALLDIR/lib/libO/Linux.nag.64.openmpi.default/libesmf.so(ESMCI_FTableCallEntryPointVMHop+0x32e)[0x1461a832cdbc]
[borgl054:227654] [12] /discover/nobackup/projects/gmao/SIteam/ESMF_Testing/nag_7.2.15_openmpi_O_develop/esmf/DEFAULTINSTALLDIR/lib/libO/Linux.nag.64.openmpi.default/libesmf.so(ESMCI_FTableCallEntryPointVMHop+0x32e)[0x150e0c3cddbc]
[borgl054:227655] [12] /discover/nobackup/projects/gmao/SIteam/ESMF_Testing/nag_7.2.15_openmpi_O_develop/esmf/DEFAULTINSTALLDIR/lib/libO/Linux.nag.64.openmpi.default/libesmf.so(ESMCI_FTableCallEntryPointVMHop+0x32e)[0x14a713749dbc]
[borgl054:227656] [12] /discover/nobackup/projects/gmao/SIteam/ESMF_Testing/nag_7.2.15_openmpi_O_develop/esmf/DEFAULTINSTALLDIR/lib/libO/Linux.nag.64.openmpi.default/libesmf.so(ESMCI_FTableCallEntryPointVMHop+0x32e)[0x15048430bdbc]
[borgl054:227657] [12] /discover/nobackup/projects/gmao/SIteam/ESMF_Testing/nag_7.2.15_openmpi_O_develop/esmf/DEFAULTINSTALLDIR/lib/libO/Linux.nag.64.openmpi.default/libesmf.so(_ZN5ESMCI3VMK5enterEPNS_7VMKPlanEPvS3_+0xd5)[0x1461a872c4ab]
[borgl054:227654] [13] /discover/nobackup/projects/gmao/SIteam/ESMF_Testing/nag_7.2.15_openmpi_O_develop/esmf/DEFAULTINSTALLDIR/lib/libO/Linux.nag.64.openmpi.default/libesmf.so(_ZN5ESMCI3VMK5enterEPNS_7VMKPlanEPvS3_+0xd5)[0x150e0c7cd4ab]
[borgl054:227655] [13] /discover/nobackup/projects/gmao/SIteam/ESMF_Testing/nag_7.2.15_openmpi_O_develop/esmf/DEFAULTINSTALLDIR/lib/libO/Linux.nag.64.openmpi.default/libesmf.so(_ZN5ESMCI3VMK5enterEPNS_7VMKPlanEPvS3_+0xd5)[0x14a713b494ab]
[borgl054:227656] [13] /discover/nobackup/projects/gmao/SIteam/ESMF_Testing/nag_7.2.15_openmpi_O_develop/esmf/DEFAULTINSTALLDIR/lib/libO/Linux.nag.64.openmpi.default/libesmf.so(_ZN5ESMCI3VMK5enterEPNS_7VMKPlanEPvS3_+0xd5)[0x15048470b4ab]
[borgl054:227657] [13] /discover/nobackup/projects/gmao/SIteam/ESMF_Testing/nag_7.2.15_openmpi_O_develop/esmf/DEFAULTINSTALLDIR/lib/libO/Linux.nag.64.openmpi.default/libesmf.so(_ZN5ESMCI2VM5enterEPNS_6VMPlanEPvS3_+0xb7)[0x1461a87163c5]
[borgl054:227654] [14] /discover/nobackup/projects/gmao/SIteam/ESMF_Testing/nag_7.2.15_openmpi_O_develop/esmf/DEFAULTINSTALLDIR/lib/libO/Linux.nag.64.openmpi.default/libesmf.so(_ZN5ESMCI2VM5enterEPNS_6VMPlanEPvS3_+0xb7)[0x1504846f53c5]
[borgl054:227657] [14] /discover/nobackup/projects/gmao/SIteam/ESMF_Testing/nag_7.2.15_openmpi_O_develop/esmf/DEFAULTINSTALLDIR/lib/libO/Linux.nag.64.openmpi.default/libesmf.so(_ZN5ESMCI2VM5enterEPNS_6VMPlanEPvS3_+0xb7)[0x150e0c7b73c5]
[borgl054:227655] [14] /discover/nobackup/projects/gmao/SIteam/ESMF_Testing/nag_7.2.15_openmpi_O_develop/esmf/DEFAULTINSTALLDIR/lib/libO/Linux.nag.64.openmpi.default/libesmf.so(_ZN5ESMCI2VM5enterEPNS_6VMPlanEPvS3_+0xb7)[0x14a713b333c5]
[borgl054:227656] [14] /discover/nobackup/projects/gmao/SIteam/ESMF_Testing/nag_7.2.15_openmpi_O_develop/esmf/DEFAULTINSTALLDIR/lib/libO/Linux.nag.64.openmpi.default/libesmf.so(c_esmc_ftablecallentrypointvm_+0x35f)[0x1461a832d255]
[borgl054:227654] [15] /discover/nobackup/projects/gmao/SIteam/ESMF_Testing/nag_7.2.15_openmpi_O_develop/esmf/DEFAULTINSTALLDIR/lib/libO/Linux.nag.64.openmpi.default/libesmf.so(c_esmc_ftablecallentrypointvm_+0x35f)[0x14a71374a255]
[borgl054:227656] [15] /discover/nobackup/projects/gmao/SIteam/ESMF_Testing/nag_7.2.15_openmpi_O_develop/esmf/DEFAULTINSTALLDIR/lib/libO/Linux.nag.64.openmpi.default/libesmf.so(c_esmc_ftablecallentrypointvm_+0x35f)[0x15048430c255]
[borgl054:227657] [15] /discover/nobackup/projects/gmao/SIteam/ESMF_Testing/nag_7.2.15_openmpi_O_develop/esmf/DEFAULTINSTALLDIR/lib/libO/Linux.nag.64.openmpi.default/libesmf.so(c_esmc_ftablecallentrypointvm_+0x35f)[0x150e0c3ce255]
[borgl054:227655] [15] /discover/nobackup/projects/gmao/SIteam/ESMF_Testing/nag_7.2.15_openmpi_O_develop/esmf/DEFAULTINSTALLDIR/lib/libO/Linux.nag.64.openmpi.default/libesmf.so(esmf_compmod_MP_esmf_compexecute+0xa3d)[0x1461a89c2bb1]
[borgl054:227654] [16] /discover/nobackup/projects/gmao/SIteam/ESMF_Testing/nag_7.2.15_openmpi_O_develop/esmf/DEFAULTINSTALLDIR/lib/libO/Linux.nag.64.openmpi.default/libesmf.so(esmf_compmod_MP_esmf_compexecute+0xa3d)[0x150e0ca63bb1]
[borgl054:227655] [16] /discover/nobackup/projects/gmao/SIteam/ESMF_Testing/nag_7.2.15_openmpi_O_develop/esmf/DEFAULTINSTALLDIR/lib/libO/Linux.nag.64.openmpi.default/libesmf.so(esmf_compmod_MP_esmf_compexecute+0xa3d)[0x14a713ddfbb1]
[borgl054:227656] [16] /discover/nobackup/projects/gmao/SIteam/ESMF_Testing/nag_7.2.15_openmpi_O_develop/esmf/DEFAULTINSTALLDIR/lib/libO/Linux.nag.64.openmpi.default/libesmf.so(esmf_compmod_MP_esmf_compexecute+0xa3d)[0x1504849a1bb1]
[borgl054:227657] [16] /discover/nobackup/projects/gmao/SIteam/ESMF_Testing/nag_7.2.15_openmpi_O_develop/esmf/DEFAULTINSTALLDIR/lib/libO/Linux.nag.64.openmpi.default/libesmf.so(esmf_gridcompmod_MP_esmf_gridcompinitialize+0x176)[0x1461a8ce42e9]
[borgl054:227654] [17] ./esmApp[0x495356]
[borgl054:227654] [18] ./esmApp(__NAGf90_cosmp_init+0x123)[0x434223]
[borgl054:227654] [19] ./esmApp[0x494f33]
[borgl054:227654] [20] /lib64/libc.so.6(__libc_start_main+0xef)[0x1461a64f224d]
[borgl054:227654] [21] ./esmApp[0x40b68a]
[borgl054:227654] *** End of error message ***
/discover/nobackup/projects/gmao/SIteam/ESMF_Testing/nag_7.2.15_openmpi_O_develop/esmf/DEFAULTINSTALLDIR/lib/libO/Linux.nag.64.openmpi.default/libesmf.so(esmf_gridcompmod_MP_esmf_gridcompinitialize+0x176)[0x150e0cd852e9]
[borgl054:227655] [17] /discover/nobackup/projects/gmao/SIteam/ESMF_Testing/nag_7.2.15_openmpi_O_develop/esmf/DEFAULTINSTALLDIR/lib/libO/Linux.nag.64.openmpi.default/libesmf.so(esmf_gridcompmod_MP_esmf_gridcompinitialize+0x176)[0x14a7141012e9]
[borgl054:227656] [17] ./esmApp[0x495356]
[borgl054:227656] [18] /discover/nobackup/projects/gmao/SIteam/ESMF_Testing/nag_7.2.15_openmpi_O_develop/esmf/DEFAULTINSTALLDIR/lib/libO/Linux.nag.64.openmpi.default/libesmf.so(esmf_gridcompmod_MP_esmf_gridcompinitialize+0x176)[0x150484cc32e9]
[borgl054:227657] [17] ./esmApp[0x495356]
[borgl054:227657] [18] ./esmApp(__NAGf90_cosmp_init+0x123)[0x434223]
[borgl054:227657] [19] ./esmApp[0x495356]
[borgl054:227655] [18] ./esmApp[0x494f33]
[borgl054:227657] [20] /lib64/libc.so.6(__libc_start_main+0xef)[0x1504824f224d]
[borgl054:227657] [21] ./esmApp[0x40b68a]
[borgl054:227657] *** End of error message ***
./esmApp(__NAGf90_cosmp_init+0x123)[0x434223]
[borgl054:227655] [19] ./esmApp[0x494f33]
[borgl054:227655] [20] /lib64/libc.so.6(__libc_start_main+0xef)[0x150e0a63e24d]
[borgl054:227655] [21] ./esmApp[0x40b68a]
./esmApp(__NAGf90_cosmp_init+0x123)[0x434223]
[borgl054:227656] [19] ./esmApp[0x494f33]
[borgl054:227656] [20] /lib64/libc.so.6(__libc_start_main+0xef)[0x14a7118f224d]
[borgl054:227656] [21] ./esmApp[0x40b68a]
[borgl054:227656] *** End of error message ***
[borgl054:227655] *** End of error message ***
--------------------------------------------------------------------------
Primary job  terminated normally, but 1 process returned
a non-zero exit code. Per user-direction, the job has been aborted.
--------------------------------------------------------------------------
--------------------------------------------------------------------------
mpirun noticed that process rank 0 with PID 227654 on node borgl054 exited on signal 6 (Aborted).
--------------------------------------------------------------------------
