2024-10-10 23:38:00
Runtime Error: Unexpected end of formRuntime Error: Unexpected end of format specification
Program terminRuntime Error: Unexpected end of format specification
Program termiRuntime Error: Unexpected end of format specification
Program terminated by Iated by I/O error on internnated by I/O error on intern/O error on internal at specification
Program terminated by I/O error on internal file
file
al file
al file
[borgl165:244530] *** Process received signal ***
[borgl165:244530] Signal: Aborted (6)
[borgl165:244530] Signal code:  (-6)
[borgl165:244531] *** Process received signal ***
[borgl165:244531] Signal: Aborted (6)
[borgl165:244531] Signal code:  (-6)
[borgl165:244532] *** Process received signal ***
[borgl165:244532] Signal: Aborted (6)
[borgl165:244532] Signal code:  (-6)
[borgl165:244533] *** Process received signal ***
[borgl165:244533] Signal: Aborted (6)
[borgl165:244533] Signal code:  (-6)
[borgl165:244530] [ 0] /lib64/libpthread.so.0(+0x16910)[0x14f6dcb6f910]
[borgl165:244530] [ 1] [borgl165:244531] [ 0] /lib64/libc.so.6(gsignal+0x10d)[0x14f6dc107d2b]
[borgl165:244530] [ 2] [borgl165:244533] [ 0] /lib64/libpthread.so.0(+0x16910)[0x14a0d0907910]
[borgl165:244531] [ 1] /lib64/libc.so.6(gsignal+0x10d)[0x14a0cff07d2b]
[borgl165:244532] [ 0] /lib64/libpthread.so.0(+0x16910)[0x14e8f44a4910]
[borgl165:244532] [ 1] [borgl165:244531] [ 2] /lib64/libpthread.so.0(+0x16910)[0x14c71d2a6910]
[borgl165:244533] [ 1] /lib64/libc.so.6(gsignal+0x10d)[0x14c71d0e3d2b]
[borgl165:244533] [ 2] /lib64/libc.so.6(gsignal+0x10d)[0x14e8f42e1d2b]
[borgl165:244532] [ 2] /lib64/libc.so.6(abort+0x177)[0x14e8f42e33e5]
[borgl165:244532] [ 3] ./esmApp(__NAGf90_io_abort+0x78)[0x459f38]
[borgl165:244532] [ 4] /lib64/libc.so.6(abort+0x177)[0x14a0cff093e5]
[borgl165:244531] [ 3] ./esmApp(__NAGf90_io_abort+0x78)[0x459f38]
[borgl165:244531] [ 4] ./esmApp(__NAGf90_ioerr+0x1cd)[0x45a59d]
[borgl165:244531] [ 5] /lib64/libc.so.6(abort+0x177)[0x14f6dc1093e5]
[borgl165:244530] [ 3] ./esmApp(__NAGf90_io_abort+0x78)[0x459f38]
[borgl165:244530] [ 4] ./esmApp(__NAGf90_ioerr+0x1cd)[0x45a59d]
[borgl165:244530] [ 5] /lib64/libc.so.6(abort+0x177)[0x14c71d0e53e5]
[borgl165:244533] [ 3] ./esmApp(__NAGf90_ioerr+0x1cd)[0x45a59d]
[borgl165:244532] [ 5] /discover/nobackup/projects/gmao/SIteam/comp/SLES-15/nag/7.2.15/lib/NAG_Fortran/libf72rts.so.1(__NAGf90_maybe_next_edit+0xe19)[0x14a0d02aa629]
[borgl165:244531] [ 6] /discover/nobackup/projects/gmao/SIteam/comp/SLES-15/nag/7.2.15/lib/NAG_Fortran/libf72rts.so.1(__NAGf90_maybe_next_edit+0xe19)[0x14e8f46aa629]
[borgl165:244532] [ 6] /discover/nobackup/projects/gmao/SIteam/comp/SLES-15/nag/7.2.15/lib/NAG_Fortran/libf72rts.so.1(__NAGf90_maybe_next_edit+0xe19)[0x14f6dc4aa629]
[borgl165:244530] [ 6] ./esmApp(__NAGf90_io_abort+0x78)[0x459f38]
[borgl165:244533] [ 4] ./esmApp(__NAGf90_ioerr+0x1cd)[0x45a59d]
[borgl165:244533] [ 5] /discover/nobackup/projects/gmao/SIteam/comp/SLES-15/nag/7.2.15/lib/NAG_Fortran/libf72rts.so.1(__NAGf90_maybe_next_edit+0xe19)[0x14c71d4aa629]
[borgl165:244533] [ 6] /discover/nobackup/projects/gmao/SIteam/ESMF_Testing/nag_7.2.15_openmpi_O_develop/esmf/DEFAULTINSTALLDIR/lib/libO/Linux.nag.64.openmpi.default/libesmf.so(nuopc_driver_MP_loopdatadependentinitialize+0x3aef)[0x14f6ded6e4c0]
[borgl165:244530] [ 7] /discover/nobackup/projects/gmao/SIteam/ESMF_Testing/nag_7.2.15_openmpi_O_develop/esmf/DEFAULTINSTALLDIR/lib/libO/Linux.nag.64.openmpi.default/libesmf.so(nuopc_driver_MP_loopdatadependentinitialize+0x3aef)[0x14a0d2b064c0]
[borgl165:244531] [ 7] /discover/nobackup/projects/gmao/SIteam/ESMF_Testing/nag_7.2.15_openmpi_O_develop/esmf/DEFAULTINSTALLDIR/lib/libO/Linux.nag.64.openmpi.default/libesmf.so(nuopc_driver_MP_loopdatadependentinitialize+0x3aef)[0x14e8f6eb34c0]
[borgl165:244532] [ 7] /discover/nobackup/projects/gmao/SIteam/ESMF_Testing/nag_7.2.15_openmpi_O_develop/esmf/DEFAULTINSTALLDIR/lib/libO/Linux.nag.64.openmpi.default/libesmf.so(nuopc_driver_MP_loopdatadependentinitialize+0x3aef)[0x14c71fcbc4c0]
[borgl165:244533] [ 7] /discover/nobackup/projects/gmao/SIteam/ESMF_Testing/nag_7.2.15_openmpi_O_develop/esmf/DEFAULTINSTALLDIR/lib/libO/Linux.nag.64.openmpi.default/libesmf.so(nuopc_driver_MP_initializeipdv02p5data+0x3180)[0x14f6ded7e3e2]
[borgl165:244530] [ 8] /discover/nobackup/projects/gmao/SIteam/ESMF_Testing/nag_7.2.15_openmpi_O_develop/esmf/DEFAULTINSTALLDIR/lib/libO/Linux.nag.64.openmpi.default/libesmf.so(nuopc_driver_MP_initializeipdv02p5data+0x3180)[0x14a0d2b163e2]
[borgl165:244531] [ 8] /discover/nobackup/projects/gmao/SIteam/ESMF_Testing/nag_7.2.15_openmpi_O_develop/esmf/DEFAULTINSTALLDIR/lib/libO/Linux.nag.64.openmpi.default/libesmf.so(nuopc_driver_MP_initializeipdv02p5data+0x3180)[0x14c71fccc3e2]
[borgl165:244533] [ 8] /discover/nobackup/projects/gmao/SIteam/ESMF_Testing/nag_7.2.15_openmpi_O_develop/esmf/DEFAULTINSTALLDIR/lib/libO/Linux.nag.64.openmpi.default/libesmf.so(nuopc_driver_MP_initializeipdv02p5data+0x3180)[0x14e8f6ec33e2]
[borgl165:244532] [ 8] /discover/nobackup/projects/gmao/SIteam/ESMF_Testing/nag_7.2.15_openmpi_O_develop/esmf/DEFAULTINSTALLDIR/lib/libO/Linux.nag.64.openmpi.default/libesmf.so(nuopc_driver_MP_initializeipdv02p5+0x4779)[0x14a0d2b1b9a7]
[borgl165:244531] [ 9] /discover/nobackup/projects/gmao/SIteam/ESMF_Testing/nag_7.2.15_openmpi_O_develop/esmf/DEFAULTINSTALLDIR/lib/libO/Linux.nag.64.openmpi.default/libesmf.so(nuopc_driver_MP_initializeipdv02p5+0x4779)[0x14f6ded839a7]
[borgl165:244530] [ 9] /discover/nobackup/projects/gmao/SIteam/ESMF_Testing/nag_7.2.15_openmpi_O_develop/esmf/DEFAULTINSTALLDIR/lib/libO/Linux.nag.64.openmpi.default/libesmf.so(nuopc_driver_MP_initializeipdv02p5+0x4779)[0x14c71fcd19a7]
[borgl165:244533] [ 9] /discover/nobackup/projects/gmao/SIteam/ESMF_Testing/nag_7.2.15_openmpi_O_develop/esmf/DEFAULTINSTALLDIR/lib/libO/Linux.nag.64.openmpi.default/libesmf.so(nuopc_driver_MP_initializeipdv02p5+0x4779)[0x14e8f6ec89a7]
[borgl165:244532] [ 9] /discover/nobackup/projects/gmao/SIteam/ESMF_Testing/nag_7.2.15_openmpi_O_develop/esmf/DEFAULTINSTALLDIR/lib/libO/Linux.nag.64.openmpi.default/libesmf.so(nuopc_driver_MP_initializegeneric+0x1a06)[0x14a0d2b51035]
[borgl165:244531] [10] /discover/nobackup/projects/gmao/SIteam/ESMF_Testing/nag_7.2.15_openmpi_O_develop/esmf/DEFAULTINSTALLDIR/lib/libO/Linux.nag.64.openmpi.default/libesmf.so(nuopc_driver_MP_initializegeneric+0x1a06)[0x14f6dedb9035]
[borgl165:244530] [10] /discover/nobackup/projects/gmao/SIteam/ESMF_Testing/nag_7.2.15_openmpi_O_develop/esmf/DEFAULTINSTALLDIR/lib/libO/Linux.nag.64.openmpi.default/libesmf.so(nuopc_driver_MP_initializegeneric+0x1a06)[0x14e8f6efe035]
[borgl165:244532] [10] /discover/nobackup/projects/gmao/SIteam/ESMF_Testing/nag_7.2.15_openmpi_O_develop/esmf/DEFAULTINSTALLDIR/lib/libO/Linux.nag.64.openmpi.default/libesmf.so(nuopc_driver_MP_initializegeneric+0x1a06)[0x14c71fd07035]
[borgl165:244533] [10] /discover/nobackup/projects/gmao/SIteam/ESMF_Testing/nag_7.2.15_openmpi_O_develop/esmf/DEFAULTINSTALLDIR/lib/libO/Linux.nag.64.openmpi.default/libesmf.so(_ZN5ESMCI6FTable12callVFuncPtrEPKcPNS_2VMEPi+0xc55)[0x14a0d1c5dce9]
[borgl165:244531] [11] /discover/nobackup/projects/gmao/SIteam/ESMF_Testing/nag_7.2.15_openmpi_O_develop/esmf/DEFAULTINSTALLDIR/lib/libO/Linux.nag.64.openmpi.default/libesmf.so(_ZN5ESMCI6FTable12callVFuncPtrEPKcPNS_2VMEPi+0xc55)[0x14f6ddec5ce9]
[borgl165:244530] [11] /discover/nobackup/projects/gmao/SIteam/ESMF_Testing/nag_7.2.15_openmpi_O_develop/esmf/DEFAULTINSTALLDIR/lib/libO/Linux.nag.64.openmpi.default/libesmf.so(_ZN5ESMCI6FTable12callVFuncPtrEPKcPNS_2VMEPi+0xc55)[0x14c71ee13ce9]
[borgl165:244533] [11] /discover/nobackup/projects/gmao/SIteam/ESMF_Testing/nag_7.2.15_openmpi_O_develop/esmf/DEFAULTINSTALLDIR/lib/libO/Linux.nag.64.openmpi.default/libesmf.so(_ZN5ESMCI6FTable12callVFuncPtrEPKcPNS_2VMEPi+0xc55)[0x14e8f600ace9]
[borgl165:244532] [11] /discover/nobackup/projects/gmao/SIteam/ESMF_Testing/nag_7.2.15_openmpi_O_develop/esmf/DEFAULTINSTALLDIR/lib/libO/Linux.nag.64.openmpi.default/libesmf.so(ESMCI_FTableCallEntryPointVMHop+0x32e)[0x14a0d1c5adbc]
[borgl165:244531] [12] /discover/nobackup/projects/gmao/SIteam/ESMF_Testing/nag_7.2.15_openmpi_O_develop/esmf/DEFAULTINSTALLDIR/lib/libO/Linux.nag.64.openmpi.default/libesmf.so(ESMCI_FTableCallEntryPointVMHop+0x32e)[0x14f6ddec2dbc]
[borgl165:244530] [12] /discover/nobackup/projects/gmao/SIteam/ESMF_Testing/nag_7.2.15_openmpi_O_develop/esmf/DEFAULTINSTALLDIR/lib/libO/Linux.nag.64.openmpi.default/libesmf.so(ESMCI_FTableCallEntryPointVMHop+0x32e)[0x14c71ee10dbc]
[borgl165:244533] [12] /discover/nobackup/projects/gmao/SIteam/ESMF_Testing/nag_7.2.15_openmpi_O_develop/esmf/DEFAULTINSTALLDIR/lib/libO/Linux.nag.64.openmpi.default/libesmf.so(ESMCI_FTableCallEntryPointVMHop+0x32e)[0x14e8f6007dbc]
[borgl165:244532] [12] /discover/nobackup/projects/gmao/SIteam/ESMF_Testing/nag_7.2.15_openmpi_O_develop/esmf/DEFAULTINSTALLDIR/lib/libO/Linux.nag.64.openmpi.default/libesmf.so(_ZN5ESMCI3VMK5enterEPNS_7VMKPlanEPvS3_+0xd5)[0x14a0d205a4ab]
[borgl165:244531] [13] /discover/nobackup/projects/gmao/SIteam/ESMF_Testing/nag_7.2.15_openmpi_O_develop/esmf/DEFAULTINSTALLDIR/lib/libO/Linux.nag.64.openmpi.default/libesmf.so(_ZN5ESMCI3VMK5enterEPNS_7VMKPlanEPvS3_+0xd5)[0x14f6de2c24ab]
[borgl165:244530] [13] /discover/nobackup/projects/gmao/SIteam/ESMF_Testing/nag_7.2.15_openmpi_O_develop/esmf/DEFAULTINSTALLDIR/lib/libO/Linux.nag.64.openmpi.default/libesmf.so(_ZN5ESMCI3VMK5enterEPNS_7VMKPlanEPvS3_+0xd5)[0x14c71f2104ab]
[borgl165:244533] /discover/nobackup/projects/gmao/SIteam/ESMF_Testing/nag_7.2.15_openmpi_O_develop/esmf/DEFAULTINSTALLDIR/lib/libO/Linux.nag.64.openmpi.default/libesmf.so(_ZN5ESMCI3VMK5enterEPNS_7VMKPlanEPvS3_+0xd5)[0x14e8f64074ab]
[borgl165:244532] [13] [13] /discover/nobackup/projects/gmao/SIteam/ESMF_Testing/nag_7.2.15_openmpi_O_develop/esmf/DEFAULTINSTALLDIR/lib/libO/Linux.nag.64.openmpi.default/libesmf.so(_ZN5ESMCI2VM5enterEPNS_6VMPlanEPvS3_+0xb7)[0x14f6de2ac3c5]
[borgl165:244530] [14] /discover/nobackup/projects/gmao/SIteam/ESMF_Testing/nag_7.2.15_openmpi_O_develop/esmf/DEFAULTINSTALLDIR/lib/libO/Linux.nag.64.openmpi.default/libesmf.so(_ZN5ESMCI2VM5enterEPNS_6VMPlanEPvS3_+0xb7)[0x14a0d20443c5]
[borgl165:244531] [14] /discover/nobackup/projects/gmao/SIteam/ESMF_Testing/nag_7.2.15_openmpi_O_develop/esmf/DEFAULTINSTALLDIR/lib/libO/Linux.nag.64.openmpi.default/libesmf.so(_ZN5ESMCI2VM5enterEPNS_6VMPlanEPvS3_+0xb7)[0x14c71f1fa3c5]
[borgl165:244533] [14] /discover/nobackup/projects/gmao/SIteam/ESMF_Testing/nag_7.2.15_openmpi_O_develop/esmf/DEFAULTINSTALLDIR/lib/libO/Linux.nag.64.openmpi.default/libesmf.so(_ZN5ESMCI2VM5enterEPNS_6VMPlanEPvS3_+0xb7)[0x14e8f63f13c5]
[borgl165:244532] [14] /discover/nobackup/projects/gmao/SIteam/ESMF_Testing/nag_7.2.15_openmpi_O_develop/esmf/DEFAULTINSTALLDIR/lib/libO/Linux.nag.64.openmpi.default/libesmf.so(c_esmc_ftablecallentrypointvm_+0x35f)[0x14f6ddec3255]
[borgl165:244530] [15] /discover/nobackup/projects/gmao/SIteam/ESMF_Testing/nag_7.2.15_openmpi_O_develop/esmf/DEFAULTINSTALLDIR/lib/libO/Linux.nag.64.openmpi.default/libesmf.so(c_esmc_ftablecallentrypointvm_+0x35f)[0x14a0d1c5b255]
[borgl165:244531] [15] /discover/nobackup/projects/gmao/SIteam/ESMF_Testing/nag_7.2.15_openmpi_O_develop/esmf/DEFAULTINSTALLDIR/lib/libO/Linux.nag.64.openmpi.default/libesmf.so(c_esmc_ftablecallentrypointvm_+0x35f)[0x14c71ee11255]
[borgl165:244533] [15] /discover/nobackup/projects/gmao/SIteam/ESMF_Testing/nag_7.2.15_openmpi_O_develop/esmf/DEFAULTINSTALLDIR/lib/libO/Linux.nag.64.openmpi.default/libesmf.so(c_esmc_ftablecallentrypointvm_+0x35f)[0x14e8f6008255]
[borgl165:244532] [15] /discover/nobackup/projects/gmao/SIteam/ESMF_Testing/nag_7.2.15_openmpi_O_develop/esmf/DEFAULTINSTALLDIR/lib/libO/Linux.nag.64.openmpi.default/libesmf.so(esmf_compmod_MP_esmf_compexecute+0xa3d)[0x14f6de558bb1]
[borgl165:244530] [16] /discover/nobackup/projects/gmao/SIteam/ESMF_Testing/nag_7.2.15_openmpi_O_develop/esmf/DEFAULTINSTALLDIR/lib/libO/Linux.nag.64.openmpi.default/libesmf.so(esmf_compmod_MP_esmf_compexecute+0xa3d)[0x14a0d22f0bb1]
[borgl165:244531] [16] /discover/nobackup/projects/gmao/SIteam/ESMF_Testing/nag_7.2.15_openmpi_O_develop/esmf/DEFAULTINSTALLDIR/lib/libO/Linux.nag.64.openmpi.default/libesmf.so(esmf_compmod_MP_esmf_compexecute+0xa3d)[0x14c71f4a6bb1]
[borgl165:244533] [16] /discover/nobackup/projects/gmao/SIteam/ESMF_Testing/nag_7.2.15_openmpi_O_develop/esmf/DEFAULTINSTALLDIR/lib/libO/Linux.nag.64.openmpi.default/libesmf.so(esmf_compmod_MP_esmf_compexecute+0xa3d)[0x14e8f669dbb1]
[borgl165:244532] [16] /discover/nobackup/projects/gmao/SIteam/ESMF_Testing/nag_7.2.15_openmpi_O_develop/esmf/DEFAULTINSTALLDIR/lib/libO/Linux.nag.64.openmpi.default/libesmf.so(esmf_gridcompmod_MP_esmf_gridcompinitialize+0x176)[0x14f6de87a2e9]
[borgl165:244530] [17] ./esmApp[0x4952d6]
[borgl165:244530] [18] /discover/nobackup/projects/gmao/SIteam/ESMF_Testing/nag_7.2.15_openmpi_O_develop/esmf/DEFAULTINSTALLDIR/lib/libO/Linux.nag.64.openmpi.default/libesmf.so(esmf_gridcompmod_MP_esmf_gridcompinitialize+0x176)[0x14a0d26122e9]
[borgl165:244531] [17] ./esmApp[0x4952d6]
[borgl165:244531] /discover/nobackup/projects/gmao/SIteam/ESMF_Testing/nag_7.2.15_openmpi_O_develop/esmf/DEFAULTINSTALLDIR/lib/libO/Linux.nag.64.openmpi.default/libesmf.so(esmf_gridcompmod_MP_esmf_gridcompinitialize+0x176)[0x14c71f7c82e9]
[borgl165:244533] [17] ./esmApp[0x4952d6]
[borgl165:244533] [18] ./esmApp(__NAGf90_cosmp_init+0x123)[0x4341a3]
[borgl165:244533] [19] ./esmApp[0x494eb3]
[borgl165:244533] [20] [18] ./esmApp(__NAGf90_cosmp_init+0x123)[0x4341a3]
[borgl165:244531] [19] ./esmApp[0x494eb3]
[borgl165:244531] [20] /discover/nobackup/projects/gmao/SIteam/ESMF_Testing/nag_7.2.15_openmpi_O_develop/esmf/DEFAULTINSTALLDIR/lib/libO/Linux.nag.64.openmpi.default/libesmf.so(esmf_gridcompmod_MP_esmf_gridcompinitialize+0x176)[0x14e8f69bf2e9]
[borgl165:244532] [17] ./esmApp(__NAGf90_cosmp_init+0x123)[0x4341a3]
[borgl165:244530] [19] ./esmApp[0x494eb3]
[borgl165:244530] [20] /lib64/libc.so.6(__libc_start_main+0xef)[0x14f6dc0f224d]
[borgl165:244530] [21] ./esmApp[0x40b60a]
[borgl165:244530] *** End of error message ***
/lib64/libc.so.6(__libc_start_main+0xef)[0x14a0cfef224d]
[borgl165:244531] [21] ./esmApp[0x40b60a]
./esmApp[0x4952d6]
[borgl165:244532] [18] /lib64/libc.so.6(__libc_start_main+0xef)[0x14c71d0ce24d]
[borgl165:244533] [21] ./esmApp[0x40b60a]
[borgl165:244533] *** End of error message ***
[borgl165:244531] *** End of error message ***
./esmApp(__NAGf90_cosmp_init+0x123)[0x4341a3]
[borgl165:244532] [19] ./esmApp[0x494eb3]
[borgl165:244532] [20] /lib64/libc.so.6(__libc_start_main+0xef)[0x14e8f42cc24d]
[borgl165:244532] [21] ./esmApp[0x40b60a]
[borgl165:244532] *** End of error message ***
--------------------------------------------------------------------------
Primary job  terminated normally, but 1 process returned
a non-zero exit code. Per user-direction, the job has been aborted.
--------------------------------------------------------------------------
--------------------------------------------------------------------------
mpirun noticed that process rank 3 with PID 244533 on node borgl165 exited on signal 6 (Aborted).
--------------------------------------------------------------------------
