2024-10-14 22:28:28
Runtime Error: Unexpected end of forRuntime Error: Unexpected end of format specification
Program Runtime Error: Unexpected end of format specification
Program terminRuntime Error: Unexpected end of format specification
Program terminateated by I/O errormat specification
Program terminated by I/O erterminated by I/O error on interd by I/O error on internal filror on internal file
e
nal file
 on internal file
[borgj179:214471] *** Process received signal ***
[borgj179:214471] Signal: Aborted (6)
[borgj179:214471] Signal code:  (-6)
[borgj179:214470] *** Process received signal ***
[borgj179:214470] Signal: Aborted (6)
[borgj179:214470] Signal code:  (-6)
[borgj179:214468] *** Process received signal ***
[borgj179:214469] *** Process received signal ***
[borgj179:214469] Signal: Aborted (6)
[borgj179:214469] Signal code:  (-6)
[borgj179:214468] Signal: Aborted (6)
[borgj179:214468] Signal code:  (-6)
[borgj179:214471] [ 0] /lib64/libpthread.so.0(+0x16910)[0x14a2a7f0f910]
[borgj179:214471] [ 1] /lib64/libc.so.6(gsignal+0x10d)[0x14a2a7507d2b]
[borgj179:214471] [ 2] [borgj179:214468] [ 0] [borgj179:214470] [ 0] /lib64/libpthread.so.0(+0x16910)[0x152f5412d910]
/lib64/libc.so.6(abort+0x177)[0x14a2a75093e5]
[borgj179:214471] [ 3] /lib64/libpthread.so.0(+0x16910)[0x154b202f4910]
[borgj179:214468] [ 1] [borgj179:214470] [ 1] /lib64/libc.so.6(gsignal+0x10d)[0x154b1fa53d2b]
[borgj179:214468] [ 2] /lib64/libc.so.6(abort+0x177)[0x154b1fa553e5]
[borgj179:214469] [ 0] /lib64/libpthread.so.0(+0x16910)[0x148b1dede910]
[borgj179:214469] [ 1] /lib64/libc.so.6(gsignal+0x10d)[0x148b1d653d2b]
[borgj179:214469] [ 2] ./esmApp(__NAGf90_io_abort+0x78)[0x459e88]
[borgj179:214471] [ 4] ./esmApp(__NAGf90_ioerr+0x1cd)[0x45a4ed]
[borgj179:214471] [ 5] /discover/nobackup/projects/gmao/SIteam/comp/SLES-15/nag/7.2.15/lib/NAG_Fortran/libf72rts.so.1(__NAGf90_maybe_next_edit+0xe19)[0x14a2a78aa629]
[borgj179:214471] [ 6] /lib64/libc.so.6(gsignal+0x10d)[0x152f53853d2b]
[borgj179:214470] [ 2] /lib64/libc.so.6(abort+0x177)[0x152f538553e5]
[borgj179:214470] [ 3] ./esmApp(__NAGf90_io_abort+0x78)[0x459e88]
[borgj179:214470] [ 4] [borgj179:214468] [ 3] ./esmApp(__NAGf90_io_abort+0x78)[0x459e88]
[borgj179:214468] [ 4] ./esmApp(__NAGf90_ioerr+0x1cd)[0x45a4ed]
[borgj179:214470] [ 5] /lib64/libc.so.6(abort+0x177)[0x148b1d6553e5]
[borgj179:214469] [ 3] ./esmApp(__NAGf90_io_abort+0x78)[0x459e88]
[borgj179:214469] [ 4] ./esmApp(__NAGf90_ioerr+0x1cd)[0x45a4ed]
[borgj179:214469] [ 5] /discover/nobackup/projects/gmao/SIteam/comp/SLES-15/nag/7.2.15/lib/NAG_Fortran/libf72rts.so.1(__NAGf90_maybe_next_edit+0xe19)[0x148b1d8aa629]
[borgj179:214469] [ 6] /discover/nobackup/projects/gmao/SIteam/comp/SLES-15/nag/7.2.15/lib/NAG_Fortran/libf72rts.so.1(__NAGf90_maybe_next_edit+0xe19)[0x152f53aaa629]
[borgj179:214470] [ 6] ./esmApp(__NAGf90_ioerr+0x1cd)[0x45a4ed]
[borgj179:214468] [ 5] /discover/nobackup/projects/gmao/SIteam/comp/SLES-15/nag/7.2.15/lib/NAG_Fortran/libf72rts.so.1(__NAGf90_maybe_next_edit+0xe19)[0x154b1fcaa629]
[borgj179:214468] [ 6] /discover/nobackup/projects/gmao/SIteam/ESMF_Testing/nag_7.2.15_openmpi_O_develop/esmf/DEFAULTINSTALLDIR/lib/libO/Linux.nag.64.openmpi.default/libesmf.so(nuopc_driver_MP_loopdatadependentinitialize+0x3aef)[0x14a2aa10e4c0]
[borgj179:214471] [ 7] /discover/nobackup/projects/gmao/SIteam/ESMF_Testing/nag_7.2.15_openmpi_O_develop/esmf/DEFAULTINSTALLDIR/lib/libO/Linux.nag.64.openmpi.default/libesmf.so(nuopc_driver_MP_loopdatadependentinitialize+0x3aef)[0x154b2263f4c0]
[borgj179:214468] [ 7] /discover/nobackup/projects/gmao/SIteam/ESMF_Testing/nag_7.2.15_openmpi_O_develop/esmf/DEFAULTINSTALLDIR/lib/libO/Linux.nag.64.openmpi.default/libesmf.so(nuopc_driver_MP_loopdatadependentinitialize+0x3aef)[0x152f564784c0]
[borgj179:214470] [ 7] /discover/nobackup/projects/gmao/SIteam/ESMF_Testing/nag_7.2.15_openmpi_O_develop/esmf/DEFAULTINSTALLDIR/lib/libO/Linux.nag.64.openmpi.default/libesmf.so(nuopc_driver_MP_loopdatadependentinitialize+0x3aef)[0x148b202294c0]
[borgj179:214469] [ 7] /discover/nobackup/projects/gmao/SIteam/ESMF_Testing/nag_7.2.15_openmpi_O_develop/esmf/DEFAULTINSTALLDIR/lib/libO/Linux.nag.64.openmpi.default/libesmf.so(nuopc_driver_MP_initializeipdv02p5data+0x3180)[0x14a2aa11e3e2]
[borgj179:214471] [ 8] /discover/nobackup/projects/gmao/SIteam/ESMF_Testing/nag_7.2.15_openmpi_O_develop/esmf/DEFAULTINSTALLDIR/lib/libO/Linux.nag.64.openmpi.default/libesmf.so(nuopc_driver_MP_initializeipdv02p5data+0x3180)[0x154b2264f3e2]
[borgj179:214468] [ 8] /discover/nobackup/projects/gmao/SIteam/ESMF_Testing/nag_7.2.15_openmpi_O_develop/esmf/DEFAULTINSTALLDIR/lib/libO/Linux.nag.64.openmpi.default/libesmf.so(nuopc_driver_MP_initializeipdv02p5data+0x3180)[0x152f564883e2]
[borgj179:214470] [ 8] /discover/nobackup/projects/gmao/SIteam/ESMF_Testing/nag_7.2.15_openmpi_O_develop/esmf/DEFAULTINSTALLDIR/lib/libO/Linux.nag.64.openmpi.default/libesmf.so(nuopc_driver_MP_initializeipdv02p5data+0x3180)[0x148b202393e2]
[borgj179:214469] [ 8] /discover/nobackup/projects/gmao/SIteam/ESMF_Testing/nag_7.2.15_openmpi_O_develop/esmf/DEFAULTINSTALLDIR/lib/libO/Linux.nag.64.openmpi.default/libesmf.so(nuopc_driver_MP_initializeipdv02p5+0x4779)[0x14a2aa1239a7]
[borgj179:214471] [ 9] /discover/nobackup/projects/gmao/SIteam/ESMF_Testing/nag_7.2.15_openmpi_O_develop/esmf/DEFAULTINSTALLDIR/lib/libO/Linux.nag.64.openmpi.default/libesmf.so(nuopc_driver_MP_initializeipdv02p5+0x4779)[0x152f5648d9a7]
[borgj179:214470] [ 9] /discover/nobackup/projects/gmao/SIteam/ESMF_Testing/nag_7.2.15_openmpi_O_develop/esmf/DEFAULTINSTALLDIR/lib/libO/Linux.nag.64.openmpi.default/libesmf.so(nuopc_driver_MP_initializeipdv02p5+0x4779)[0x154b226549a7]
[borgj179:214468] [ 9] /discover/nobackup/projects/gmao/SIteam/ESMF_Testing/nag_7.2.15_openmpi_O_develop/esmf/DEFAULTINSTALLDIR/lib/libO/Linux.nag.64.openmpi.default/libesmf.so(nuopc_driver_MP_initializeipdv02p5+0x4779)[0x148b2023e9a7]
[borgj179:214469] [ 9] /discover/nobackup/projects/gmao/SIteam/ESMF_Testing/nag_7.2.15_openmpi_O_develop/esmf/DEFAULTINSTALLDIR/lib/libO/Linux.nag.64.openmpi.default/libesmf.so(nuopc_driver_MP_initializegeneric+0x1a06)[0x14a2aa159035]
[borgj179:214471] [10] /discover/nobackup/projects/gmao/SIteam/ESMF_Testing/nag_7.2.15_openmpi_O_develop/esmf/DEFAULTINSTALLDIR/lib/libO/Linux.nag.64.openmpi.default/libesmf.so(nuopc_driver_MP_initializegeneric+0x1a06)[0x152f564c3035]
[borgj179:214470] [10] /discover/nobackup/projects/gmao/SIteam/ESMF_Testing/nag_7.2.15_openmpi_O_develop/esmf/DEFAULTINSTALLDIR/lib/libO/Linux.nag.64.openmpi.default/libesmf.so(nuopc_driver_MP_initializegeneric+0x1a06)[0x154b2268a035]
[borgj179:214468] [10] /discover/nobackup/projects/gmao/SIteam/ESMF_Testing/nag_7.2.15_openmpi_O_develop/esmf/DEFAULTINSTALLDIR/lib/libO/Linux.nag.64.openmpi.default/libesmf.so(nuopc_driver_MP_initializegeneric+0x1a06)[0x148b20274035]
[borgj179:214469] [10] /discover/nobackup/projects/gmao/SIteam/ESMF_Testing/nag_7.2.15_openmpi_O_develop/esmf/DEFAULTINSTALLDIR/lib/libO/Linux.nag.64.openmpi.default/libesmf.so(_ZN5ESMCI6FTable12callVFuncPtrEPKcPNS_2VMEPi+0xc55)[0x14a2a9265ce9]
[borgj179:214471] [11] /discover/nobackup/projects/gmao/SIteam/ESMF_Testing/nag_7.2.15_openmpi_O_develop/esmf/DEFAULTINSTALLDIR/lib/libO/Linux.nag.64.openmpi.default/libesmf.so(_ZN5ESMCI6FTable12callVFuncPtrEPKcPNS_2VMEPi+0xc55)[0x154b21796ce9]
[borgj179:214468] [11] /discover/nobackup/projects/gmao/SIteam/ESMF_Testing/nag_7.2.15_openmpi_O_develop/esmf/DEFAULTINSTALLDIR/lib/libO/Linux.nag.64.openmpi.default/libesmf.so(_ZN5ESMCI6FTable12callVFuncPtrEPKcPNS_2VMEPi+0xc55)[0x152f555cfce9]
[borgj179:214470] [11] /discover/nobackup/projects/gmao/SIteam/ESMF_Testing/nag_7.2.15_openmpi_O_develop/esmf/DEFAULTINSTALLDIR/lib/libO/Linux.nag.64.openmpi.default/libesmf.so(_ZN5ESMCI6FTable12callVFuncPtrEPKcPNS_2VMEPi+0xc55)[0x148b1f380ce9]
[borgj179:214469] [11] /discover/nobackup/projects/gmao/SIteam/ESMF_Testing/nag_7.2.15_openmpi_O_develop/esmf/DEFAULTINSTALLDIR/lib/libO/Linux.nag.64.openmpi.default/libesmf.so(ESMCI_FTableCallEntryPointVMHop+0x32e)[0x14a2a9262dbc]
[borgj179:214471] [12] /discover/nobackup/projects/gmao/SIteam/ESMF_Testing/nag_7.2.15_openmpi_O_develop/esmf/DEFAULTINSTALLDIR/lib/libO/Linux.nag.64.openmpi.default/libesmf.so(ESMCI_FTableCallEntryPointVMHop+0x32e)[0x154b21793dbc]
[borgj179:214468] [12] /discover/nobackup/projects/gmao/SIteam/ESMF_Testing/nag_7.2.15_openmpi_O_develop/esmf/DEFAULTINSTALLDIR/lib/libO/Linux.nag.64.openmpi.default/libesmf.so(ESMCI_FTableCallEntryPointVMHop+0x32e)[0x152f555ccdbc]
[borgj179:214470] [12] /discover/nobackup/projects/gmao/SIteam/ESMF_Testing/nag_7.2.15_openmpi_O_develop/esmf/DEFAULTINSTALLDIR/lib/libO/Linux.nag.64.openmpi.default/libesmf.so(ESMCI_FTableCallEntryPointVMHop+0x32e)[0x148b1f37ddbc]
[borgj179:214469] [12] /discover/nobackup/projects/gmao/SIteam/ESMF_Testing/nag_7.2.15_openmpi_O_develop/esmf/DEFAULTINSTALLDIR/lib/libO/Linux.nag.64.openmpi.default/libesmf.so(_ZN5ESMCI3VMK5enterEPNS_7VMKPlanEPvS3_+0xd5)[0x152f559cc4ab]
[borgj179:214470] [13] /discover/nobackup/projects/gmao/SIteam/ESMF_Testing/nag_7.2.15_openmpi_O_develop/esmf/DEFAULTINSTALLDIR/lib/libO/Linux.nag.64.openmpi.default/libesmf.so(_ZN5ESMCI3VMK5enterEPNS_7VMKPlanEPvS3_+0xd5)[0x14a2a96624ab]
[borgj179:214471] [13] /discover/nobackup/projects/gmao/SIteam/ESMF_Testing/nag_7.2.15_openmpi_O_develop/esmf/DEFAULTINSTALLDIR/lib/libO/Linux.nag.64.openmpi.default/libesmf.so(_ZN5ESMCI3VMK5enterEPNS_7VMKPlanEPvS3_+0xd5)[0x154b21b934ab]
[borgj179:214468] [13] /discover/nobackup/projects/gmao/SIteam/ESMF_Testing/nag_7.2.15_openmpi_O_develop/esmf/DEFAULTINSTALLDIR/lib/libO/Linux.nag.64.openmpi.default/libesmf.so(_ZN5ESMCI3VMK5enterEPNS_7VMKPlanEPvS3_+0xd5)[0x148b1f77d4ab]
[borgj179:214469] [13] /discover/nobackup/projects/gmao/SIteam/ESMF_Testing/nag_7.2.15_openmpi_O_develop/esmf/DEFAULTINSTALLDIR/lib/libO/Linux.nag.64.openmpi.default/libesmf.so(_ZN5ESMCI2VM5enterEPNS_6VMPlanEPvS3_+0xb7)[0x154b21b7d3c5]
[borgj179:214468] [14] /discover/nobackup/projects/gmao/SIteam/ESMF_Testing/nag_7.2.15_openmpi_O_develop/esmf/DEFAULTINSTALLDIR/lib/libO/Linux.nag.64.openmpi.default/libesmf.so(_ZN5ESMCI2VM5enterEPNS_6VMPlanEPvS3_+0xb7)[0x152f559b63c5]
[borgj179:214470] [14] /discover/nobackup/projects/gmao/SIteam/ESMF_Testing/nag_7.2.15_openmpi_O_develop/esmf/DEFAULTINSTALLDIR/lib/libO/Linux.nag.64.openmpi.default/libesmf.so(_ZN5ESMCI2VM5enterEPNS_6VMPlanEPvS3_+0xb7)[0x14a2a964c3c5]
[borgj179:214471] [14] /discover/nobackup/projects/gmao/SIteam/ESMF_Testing/nag_7.2.15_openmpi_O_develop/esmf/DEFAULTINSTALLDIR/lib/libO/Linux.nag.64.openmpi.default/libesmf.so(_ZN5ESMCI2VM5enterEPNS_6VMPlanEPvS3_+0xb7)[0x148b1f7673c5]
[borgj179:214469] [14] /discover/nobackup/projects/gmao/SIteam/ESMF_Testing/nag_7.2.15_openmpi_O_develop/esmf/DEFAULTINSTALLDIR/lib/libO/Linux.nag.64.openmpi.default/libesmf.so(c_esmc_ftablecallentrypointvm_+0x35f)[0x14a2a9263255]
[borgj179:214471] [15] /discover/nobackup/projects/gmao/SIteam/ESMF_Testing/nag_7.2.15_openmpi_O_develop/esmf/DEFAULTINSTALLDIR/lib/libO/Linux.nag.64.openmpi.default/libesmf.so(c_esmc_ftablecallentrypointvm_+0x35f)[0x154b21794255]
[borgj179:214468] [15] /discover/nobackup/projects/gmao/SIteam/ESMF_Testing/nag_7.2.15_openmpi_O_develop/esmf/DEFAULTINSTALLDIR/lib/libO/Linux.nag.64.openmpi.default/libesmf.so(c_esmc_ftablecallentrypointvm_+0x35f)[0x152f555cd255]
[borgj179:214470] [15] /discover/nobackup/projects/gmao/SIteam/ESMF_Testing/nag_7.2.15_openmpi_O_develop/esmf/DEFAULTINSTALLDIR/lib/libO/Linux.nag.64.openmpi.default/libesmf.so(c_esmc_ftablecallentrypointvm_+0x35f)[0x148b1f37e255]
[borgj179:214469] [15] /discover/nobackup/projects/gmao/SIteam/ESMF_Testing/nag_7.2.15_openmpi_O_develop/esmf/DEFAULTINSTALLDIR/lib/libO/Linux.nag.64.openmpi.default/libesmf.so(esmf_compmod_MP_esmf_compexecute+0xa3d)[0x152f55c62bb1]
[borgj179:214470] [16] /discover/nobackup/projects/gmao/SIteam/ESMF_Testing/nag_7.2.15_openmpi_O_develop/esmf/DEFAULTINSTALLDIR/lib/libO/Linux.nag.64.openmpi.default/libesmf.so(esmf_compmod_MP_esmf_compexecute+0xa3d)[0x14a2a98f8bb1]
[borgj179:214471] [16] /discover/nobackup/projects/gmao/SIteam/ESMF_Testing/nag_7.2.15_openmpi_O_develop/esmf/DEFAULTINSTALLDIR/lib/libO/Linux.nag.64.openmpi.default/libesmf.so(esmf_compmod_MP_esmf_compexecute+0xa3d)[0x154b21e29bb1]
[borgj179:214468] [16] /discover/nobackup/projects/gmao/SIteam/ESMF_Testing/nag_7.2.15_openmpi_O_develop/esmf/DEFAULTINSTALLDIR/lib/libO/Linux.nag.64.openmpi.default/libesmf.so(esmf_compmod_MP_esmf_compexecute+0xa3d)[0x148b1fa13bb1]
[borgj179:214469] [16] /discover/nobackup/projects/gmao/SIteam/ESMF_Testing/nag_7.2.15_openmpi_O_develop/esmf/DEFAULTINSTALLDIR/lib/libO/Linux.nag.64.openmpi.default/libesmf.so(esmf_gridcompmod_MP_esmf_gridcompinitialize+0x176)[0x154b2214b2e9]
[borgj179:214468] [17] /discover/nobackup/projects/gmao/SIteam/ESMF_Testing/nag_7.2.15_openmpi_O_develop/esmf/DEFAULTINSTALLDIR/lib/libO/Linux.nag.64.openmpi.default/libesmf.so(esmf_gridcompmod_MP_esmf_gridcompinitialize+0x176)[0x152f55f842e9]
[borgj179:214470] [17] ./esmApp[0x495226]
[borgj179:214470] [18] /discover/nobackup/projects/gmao/SIteam/ESMF_Testing/nag_7.2.15_openmpi_O_develop/esmf/DEFAULTINSTALLDIR/lib/libO/Linux.nag.64.openmpi.default/libesmf.so(esmf_gridcompmod_MP_esmf_gridcompinitialize+0x176)[0x14a2a9c1a2e9]
[borgj179:214471] [17] ./esmApp(__NAGf90_cosmp_init+0x123)[0x4340f3]
[borgj179:214470] ./esmApp[0x495226]
[borgj179:214471] [18] ./esmApp[0x495226]
[borgj179:214468] [18] /discover/nobackup/projects/gmao/SIteam/ESMF_Testing/nag_7.2.15_openmpi_O_develop/esmf/DEFAULTINSTALLDIR/lib/libO/Linux.nag.64.openmpi.default/libesmf.so(esmf_gridcompmod_MP_esmf_gridcompinitialize+0x176)[0x148b1fd352e9]
[borgj179:214469] [17] ./esmApp[0x495226]
[borgj179:214469] [18] ./esmApp(__NAGf90_cosmp_init+0x123)[0x4340f3]
[borgj179:214469] [19] ./esmApp[0x494e03]
[borgj179:214469] [20] /lib64/libc.so.6(__libc_start_main+0xef)[0x148b1d63e24d]
[borgj179:214469] ./esmApp(__NAGf90_cosmp_init+0x123)[0x4340f3]
[borgj179:214471] [19] ./esmApp[0x494e03]
[borgj179:214471] [20] /lib64/libc.so.6(__libc_start_main+0xef)[0x14a2a74f224d]
[borgj179:214471] [21] ./esmApp[0x40b55a]
[borgj179:214471] *** End of error message ***
[19] ./esmApp[0x494e03]
[borgj179:214470] [20] /lib64/libc.so.6(__libc_start_main+0xef)[0x152f5383e24d]
[borgj179:214470] [21] ./esmApp[0x40b55a]
[borgj179:214470] *** End of error message ***
./esmApp(__NAGf90_cosmp_init+0x123)[0x4340f3]
[borgj179:214468] [19] ./esmApp[0x494e03]
[borgj179:214468] [20] /lib64/libc.so.6(__libc_start_main+0xef)[0x154b1fa3e24d]
[borgj179:214468] [21] ./esmApp[0x40b55a]
[borgj179:214468] *** End of error message ***
[21] ./esmApp[0x40b55a]
[borgj179:214469] *** End of error message ***
--------------------------------------------------------------------------
Primary job  terminated normally, but 1 process returned
a non-zero exit code. Per user-direction, the job has been aborted.
--------------------------------------------------------------------------
--------------------------------------------------------------------------
mpirun noticed that process rank 0 with PID 214468 on node borgj179 exited on signal 6 (Aborted).
--------------------------------------------------------------------------
2 total processes killed (some possibly by mpirun during cleanup)
