2024-10-10 00:38:28
Runtime Error: Unexpected end of formRuntime Error: Unexpected end of format specifRuntime Error: Unexpected end of format specification
ProgrRuntime Error: Unexpected end of format specification
Prat specification
Program terminated by ication
Program terminatam terminated by I/O errorogram terminated by I/O error on internal file
I/O error on internal file
 on internal file
ed by I/O error on internal file
[borgk088:211347] *** Process received signal ***
[borgk088:211347] Signal: Aborted (6)
[borgk088:211347] Signal code:  (-6)
[borgk088:211348] *** Process received signal ***
[borgk088:211349] *** Process received signal ***
[borgk088:211348] Signal: Aborted (6)
[borgk088:211348] Signal code:  (-6)
[borgk088:211349] Signal: Aborted (6)
[borgk088:211349] Signal code:  (-6)
[borgk088:211350] *** Process received signal ***
[borgk088:211350] Signal: Aborted (6)
[borgk088:211350] Signal code:  (-6)
[borgk088:211348] [ 0] [borgk088:211347] [ 0] /lib64/libpthread.so.0(+0x16910)[0x1539a9551910]
[borgk088:211347] [borgk088:211349] [ 0] [ 1] [borgk088:211350] [ 0] /lib64/libpthread.so.0(+0x16910)[0x14de9731e910]
[borgk088:211350] [ 1] /lib64/libpthread.so.0(+0x16910)[0x15138d3f4910]
[borgk088:211348] [ 1] /lib64/libc.so.6(gsignal+0x10d)[0x15138c907d2b]
[borgk088:211348] [ 2] /lib64/libpthread.so.0(+0x16910)[0x14acc98dd910]
[borgk088:211349] [ 1] /lib64/libc.so.6(gsignal+0x10d)[0x14acc8f07d2b]
[borgk088:211349] [ 2] /lib64/libc.so.6(gsignal+0x10d)[0x1539a8c53d2b]
[borgk088:211347] [ 2] /lib64/libc.so.6(abort+0x177)[0x1539a8c553e5]
[borgk088:211347] [ 3] /lib64/libc.so.6(abort+0x177)[0x14acc8f093e5]
[borgk088:211349] [ 3] ./esmApp(__NAGf90_io_abort+0x78)[0x459f48]
[borgk088:211349] [ 4] ./esmApp(__NAGf90_ioerr+0x1cd)[0x45a5ad]
[borgk088:211349] [ 5] /lib64/libc.so.6(gsignal+0x10d)[0x14de96907d2b]
[borgk088:211350] [ 2] /lib64/libc.so.6(abort+0x177)[0x14de969093e5]
[borgk088:211350] [ 3] ./esmApp(__NAGf90_io_abort+0x78)[0x459f48]
[borgk088:211350] [ 4] ./esmApp(__NAGf90_ioerr+0x1cd)[0x45a5ad]
[borgk088:211350] [ 5] /lib64/libc.so.6(abort+0x177)[0x15138c9093e5]
[borgk088:211348] [ 3] ./esmApp(__NAGf90_io_abort+0x78)[0x459f48]
[borgk088:211348] [ 4] ./esmApp(__NAGf90_ioerr+0x1cd)[0x45a5ad]
[borgk088:211348] [ 5] /discover/nobackup/projects/gmao/SIteam/comp/SLES-15/nag/7.2.15/lib/NAG_Fortran/libf72rts.so.1(__NAGf90_maybe_next_edit+0xe19)[0x15138ccaa629]
./esmApp(__NAGf90_io_abort+0x78)[0x459f48]
[borgk088:211347] [ 4] ./esmApp(__NAGf90_ioerr+0x1cd)[0x45a5ad]
[borgk088:211347] [ 5] /discover/nobackup/projects/gmao/SIteam/comp/SLES-15/nag/7.2.15/lib/NAG_Fortran/libf72rts.so.1(__NAGf90_maybe_next_edit+0xe19)[0x1539a8eaa629]
[borgk088:211347] [ 6] [borgk088:211348] [ 6] /discover/nobackup/projects/gmao/SIteam/comp/SLES-15/nag/7.2.15/lib/NAG_Fortran/libf72rts.so.1(__NAGf90_maybe_next_edit+0xe19)[0x14acc92aa629]
[borgk088:211349] [ 6] /discover/nobackup/projects/gmao/SIteam/comp/SLES-15/nag/7.2.15/lib/NAG_Fortran/libf72rts.so.1(__NAGf90_maybe_next_edit+0xe19)[0x14de96caa629]
[borgk088:211350] [ 6] /discover/nobackup/projects/gmao/SIteam/ESMF_Testing/nag_7.2.15_openmpi_O_develop/esmf/DEFAULTINSTALLDIR/lib/libO/Linux.nag.64.openmpi.default/libesmf.so(nuopc_driver_MP_loopdatadependentinitialize+0x3aef)[0x1539ab89c4c0]
[borgk088:211347] [ 7] /discover/nobackup/projects/gmao/SIteam/ESMF_Testing/nag_7.2.15_openmpi_O_develop/esmf/DEFAULTINSTALLDIR/lib/libO/Linux.nag.64.openmpi.default/libesmf.so(nuopc_driver_MP_loopdatadependentinitialize+0x3aef)[0x15138f5f34c0]
[borgk088:211348] [ 7] /discover/nobackup/projects/gmao/SIteam/ESMF_Testing/nag_7.2.15_openmpi_O_develop/esmf/DEFAULTINSTALLDIR/lib/libO/Linux.nag.64.openmpi.default/libesmf.so(nuopc_driver_MP_loopdatadependentinitialize+0x3aef)[0x14accbadc4c0]
[borgk088:211349] [ 7] /discover/nobackup/projects/gmao/SIteam/ESMF_Testing/nag_7.2.15_openmpi_O_develop/esmf/DEFAULTINSTALLDIR/lib/libO/Linux.nag.64.openmpi.default/libesmf.so(nuopc_driver_MP_loopdatadependentinitialize+0x3aef)[0x14de9951d4c0]
[borgk088:211350] [ 7] /discover/nobackup/projects/gmao/SIteam/ESMF_Testing/nag_7.2.15_openmpi_O_develop/esmf/DEFAULTINSTALLDIR/lib/libO/Linux.nag.64.openmpi.default/libesmf.so(nuopc_driver_MP_initializeipdv02p5data+0x3180)[0x1539ab8ac3e2]
[borgk088:211347] [ 8] /discover/nobackup/projects/gmao/SIteam/ESMF_Testing/nag_7.2.15_openmpi_O_develop/esmf/DEFAULTINSTALLDIR/lib/libO/Linux.nag.64.openmpi.default/libesmf.so(nuopc_driver_MP_initializeipdv02p5data+0x3180)[0x15138f6033e2]
[borgk088:211348] [ 8] /discover/nobackup/projects/gmao/SIteam/ESMF_Testing/nag_7.2.15_openmpi_O_develop/esmf/DEFAULTINSTALLDIR/lib/libO/Linux.nag.64.openmpi.default/libesmf.so(nuopc_driver_MP_initializeipdv02p5data+0x3180)[0x14accbaec3e2]
[borgk088:211349] [ 8] /discover/nobackup/projects/gmao/SIteam/ESMF_Testing/nag_7.2.15_openmpi_O_develop/esmf/DEFAULTINSTALLDIR/lib/libO/Linux.nag.64.openmpi.default/libesmf.so(nuopc_driver_MP_initializeipdv02p5data+0x3180)[0x14de9952d3e2]
[borgk088:211350] [ 8] /discover/nobackup/projects/gmao/SIteam/ESMF_Testing/nag_7.2.15_openmpi_O_develop/esmf/DEFAULTINSTALLDIR/lib/libO/Linux.nag.64.openmpi.default/libesmf.so(nuopc_driver_MP_initializeipdv02p5+0x4779)[0x15138f6089a7]
[borgk088:211348] [ 9] /discover/nobackup/projects/gmao/SIteam/ESMF_Testing/nag_7.2.15_openmpi_O_develop/esmf/DEFAULTINSTALLDIR/lib/libO/Linux.nag.64.openmpi.default/libesmf.so(nuopc_driver_MP_initializeipdv02p5+0x4779)[0x1539ab8b19a7]
[borgk088:211347] [ 9] /discover/nobackup/projects/gmao/SIteam/ESMF_Testing/nag_7.2.15_openmpi_O_develop/esmf/DEFAULTINSTALLDIR/lib/libO/Linux.nag.64.openmpi.default/libesmf.so(nuopc_driver_MP_initializeipdv02p5+0x4779)[0x14accbaf19a7]
[borgk088:211349] [ 9] /discover/nobackup/projects/gmao/SIteam/ESMF_Testing/nag_7.2.15_openmpi_O_develop/esmf/DEFAULTINSTALLDIR/lib/libO/Linux.nag.64.openmpi.default/libesmf.so(nuopc_driver_MP_initializeipdv02p5+0x4779)[0x14de995329a7]
[borgk088:211350] [ 9] /discover/nobackup/projects/gmao/SIteam/ESMF_Testing/nag_7.2.15_openmpi_O_develop/esmf/DEFAULTINSTALLDIR/lib/libO/Linux.nag.64.openmpi.default/libesmf.so(nuopc_driver_MP_initializegeneric+0x1a06)[0x1539ab8e7035]
[borgk088:211347] [10] /discover/nobackup/projects/gmao/SIteam/ESMF_Testing/nag_7.2.15_openmpi_O_develop/esmf/DEFAULTINSTALLDIR/lib/libO/Linux.nag.64.openmpi.default/libesmf.so(nuopc_driver_MP_initializegeneric+0x1a06)[0x15138f63e035]
[borgk088:211348] [10] /discover/nobackup/projects/gmao/SIteam/ESMF_Testing/nag_7.2.15_openmpi_O_develop/esmf/DEFAULTINSTALLDIR/lib/libO/Linux.nag.64.openmpi.default/libesmf.so(nuopc_driver_MP_initializegeneric+0x1a06)[0x14accbb27035]
[borgk088:211349] [10] /discover/nobackup/projects/gmao/SIteam/ESMF_Testing/nag_7.2.15_openmpi_O_develop/esmf/DEFAULTINSTALLDIR/lib/libO/Linux.nag.64.openmpi.default/libesmf.so(nuopc_driver_MP_initializegeneric+0x1a06)[0x14de99568035]
[borgk088:211350] [10] /discover/nobackup/projects/gmao/SIteam/ESMF_Testing/nag_7.2.15_openmpi_O_develop/esmf/DEFAULTINSTALLDIR/lib/libO/Linux.nag.64.openmpi.default/libesmf.so(_ZN5ESMCI6FTable12callVFuncPtrEPKcPNS_2VMEPi+0xc55)[0x1539aa9f3ce9]
[borgk088:211347] [11] /discover/nobackup/projects/gmao/SIteam/ESMF_Testing/nag_7.2.15_openmpi_O_develop/esmf/DEFAULTINSTALLDIR/lib/libO/Linux.nag.64.openmpi.default/libesmf.so(_ZN5ESMCI6FTable12callVFuncPtrEPKcPNS_2VMEPi+0xc55)[0x15138e74ace9]
[borgk088:211348] [11] /discover/nobackup/projects/gmao/SIteam/ESMF_Testing/nag_7.2.15_openmpi_O_develop/esmf/DEFAULTINSTALLDIR/lib/libO/Linux.nag.64.openmpi.default/libesmf.so(_ZN5ESMCI6FTable12callVFuncPtrEPKcPNS_2VMEPi+0xc55)[0x14accac33ce9]
[borgk088:211349] [11] /discover/nobackup/projects/gmao/SIteam/ESMF_Testing/nag_7.2.15_openmpi_O_develop/esmf/DEFAULTINSTALLDIR/lib/libO/Linux.nag.64.openmpi.default/libesmf.so(_ZN5ESMCI6FTable12callVFuncPtrEPKcPNS_2VMEPi+0xc55)[0x14de98674ce9]
[borgk088:211350] [11] /discover/nobackup/projects/gmao/SIteam/ESMF_Testing/nag_7.2.15_openmpi_O_develop/esmf/DEFAULTINSTALLDIR/lib/libO/Linux.nag.64.openmpi.default/libesmf.so(ESMCI_FTableCallEntryPointVMHop+0x32e)[0x1539aa9f0dbc]
[borgk088:211347] [12] /discover/nobackup/projects/gmao/SIteam/ESMF_Testing/nag_7.2.15_openmpi_O_develop/esmf/DEFAULTINSTALLDIR/lib/libO/Linux.nag.64.openmpi.default/libesmf.so(ESMCI_FTableCallEntryPointVMHop+0x32e)[0x15138e747dbc]
[borgk088:211348] [12] /discover/nobackup/projects/gmao/SIteam/ESMF_Testing/nag_7.2.15_openmpi_O_develop/esmf/DEFAULTINSTALLDIR/lib/libO/Linux.nag.64.openmpi.default/libesmf.so(ESMCI_FTableCallEntryPointVMHop+0x32e)[0x14accac30dbc]
[borgk088:211349] [12] /discover/nobackup/projects/gmao/SIteam/ESMF_Testing/nag_7.2.15_openmpi_O_develop/esmf/DEFAULTINSTALLDIR/lib/libO/Linux.nag.64.openmpi.default/libesmf.so(ESMCI_FTableCallEntryPointVMHop+0x32e)[0x14de98671dbc]
[borgk088:211350] [12] /discover/nobackup/projects/gmao/SIteam/ESMF_Testing/nag_7.2.15_openmpi_O_develop/esmf/DEFAULTINSTALLDIR/lib/libO/Linux.nag.64.openmpi.default/libesmf.so(_ZN5ESMCI3VMK5enterEPNS_7VMKPlanEPvS3_+0xd5)[0x15138eb474ab]
[borgk088:211348] [13] /discover/nobackup/projects/gmao/SIteam/ESMF_Testing/nag_7.2.15_openmpi_O_develop/esmf/DEFAULTINSTALLDIR/lib/libO/Linux.nag.64.openmpi.default/libesmf.so(_ZN5ESMCI3VMK5enterEPNS_7VMKPlanEPvS3_+0xd5)[0x1539aadf04ab]
[borgk088:211347] [13] /discover/nobackup/projects/gmao/SIteam/ESMF_Testing/nag_7.2.15_openmpi_O_develop/esmf/DEFAULTINSTALLDIR/lib/libO/Linux.nag.64.openmpi.default/libesmf.so(_ZN5ESMCI3VMK5enterEPNS_7VMKPlanEPvS3_+0xd5)[0x14accb0304ab]
[borgk088:211349] [13] /discover/nobackup/projects/gmao/SIteam/ESMF_Testing/nag_7.2.15_openmpi_O_develop/esmf/DEFAULTINSTALLDIR/lib/libO/Linux.nag.64.openmpi.default/libesmf.so(_ZN5ESMCI3VMK5enterEPNS_7VMKPlanEPvS3_+0xd5)[0x14de98a714ab]
[borgk088:211350] [13] /discover/nobackup/projects/gmao/SIteam/ESMF_Testing/nag_7.2.15_openmpi_O_develop/esmf/DEFAULTINSTALLDIR/lib/libO/Linux.nag.64.openmpi.default/libesmf.so(_ZN5ESMCI2VM5enterEPNS_6VMPlanEPvS3_+0xb7)[0x1539aadda3c5]
[borgk088:211347] [14] /discover/nobackup/projects/gmao/SIteam/ESMF_Testing/nag_7.2.15_openmpi_O_develop/esmf/DEFAULTINSTALLDIR/lib/libO/Linux.nag.64.openmpi.default/libesmf.so(_ZN5ESMCI2VM5enterEPNS_6VMPlanEPvS3_+0xb7)[0x15138eb313c5]
[borgk088:211348] [14] /discover/nobackup/projects/gmao/SIteam/ESMF_Testing/nag_7.2.15_openmpi_O_develop/esmf/DEFAULTINSTALLDIR/lib/libO/Linux.nag.64.openmpi.default/libesmf.so(_ZN5ESMCI2VM5enterEPNS_6VMPlanEPvS3_+0xb7)[0x14accb01a3c5]
[borgk088:211349] [14] /discover/nobackup/projects/gmao/SIteam/ESMF_Testing/nag_7.2.15_openmpi_O_develop/esmf/DEFAULTINSTALLDIR/lib/libO/Linux.nag.64.openmpi.default/libesmf.so(_ZN5ESMCI2VM5enterEPNS_6VMPlanEPvS3_+0xb7)[0x14de98a5b3c5]
[borgk088:211350] [14] /discover/nobackup/projects/gmao/SIteam/ESMF_Testing/nag_7.2.15_openmpi_O_develop/esmf/DEFAULTINSTALLDIR/lib/libO/Linux.nag.64.openmpi.default/libesmf.so(c_esmc_ftablecallentrypointvm_+0x35f)[0x1539aa9f1255]
[borgk088:211347] [15] /discover/nobackup/projects/gmao/SIteam/ESMF_Testing/nag_7.2.15_openmpi_O_develop/esmf/DEFAULTINSTALLDIR/lib/libO/Linux.nag.64.openmpi.default/libesmf.so(c_esmc_ftablecallentrypointvm_+0x35f)[0x15138e748255]
[borgk088:211348] [15] /discover/nobackup/projects/gmao/SIteam/ESMF_Testing/nag_7.2.15_openmpi_O_develop/esmf/DEFAULTINSTALLDIR/lib/libO/Linux.nag.64.openmpi.default/libesmf.so(c_esmc_ftablecallentrypointvm_+0x35f)[0x14accac31255]
[borgk088:211349] [15] /discover/nobackup/projects/gmao/SIteam/ESMF_Testing/nag_7.2.15_openmpi_O_develop/esmf/DEFAULTINSTALLDIR/lib/libO/Linux.nag.64.openmpi.default/libesmf.so(c_esmc_ftablecallentrypointvm_+0x35f)[0x14de98672255]
[borgk088:211350] [15] /discover/nobackup/projects/gmao/SIteam/ESMF_Testing/nag_7.2.15_openmpi_O_develop/esmf/DEFAULTINSTALLDIR/lib/libO/Linux.nag.64.openmpi.default/libesmf.so(esmf_compmod_MP_esmf_compexecute+0xa3d)[0x15138edddbb1]
[borgk088:211348] [16] /discover/nobackup/projects/gmao/SIteam/ESMF_Testing/nag_7.2.15_openmpi_O_develop/esmf/DEFAULTINSTALLDIR/lib/libO/Linux.nag.64.openmpi.default/libesmf.so(esmf_compmod_MP_esmf_compexecute+0xa3d)[0x14accb2c6bb1]
[borgk088:211349] [16] /discover/nobackup/projects/gmao/SIteam/ESMF_Testing/nag_7.2.15_openmpi_O_develop/esmf/DEFAULTINSTALLDIR/lib/libO/Linux.nag.64.openmpi.default/libesmf.so(esmf_compmod_MP_esmf_compexecute+0xa3d)[0x1539ab086bb1]
[borgk088:211347] [16] /discover/nobackup/projects/gmao/SIteam/ESMF_Testing/nag_7.2.15_openmpi_O_develop/esmf/DEFAULTINSTALLDIR/lib/libO/Linux.nag.64.openmpi.default/libesmf.so(esmf_compmod_MP_esmf_compexecute+0xa3d)[0x14de98d07bb1]
[borgk088:211350] [16] /discover/nobackup/projects/gmao/SIteam/ESMF_Testing/nag_7.2.15_openmpi_O_develop/esmf/DEFAULTINSTALLDIR/lib/libO/Linux.nag.64.openmpi.default/libesmf.so(esmf_gridcompmod_MP_esmf_gridcompinitialize+0x176)[0x1539ab3a82e9]
[borgk088:211347] [17] ./esmApp[0x4952e6]
[borgk088:211347] [18] /discover/nobackup/projects/gmao/SIteam/ESMF_Testing/nag_7.2.15_openmpi_O_develop/esmf/DEFAULTINSTALLDIR/lib/libO/Linux.nag.64.openmpi.default/libesmf.so(esmf_gridcompmod_MP_esmf_gridcompinitialize+0x176)[0x15138f0ff2e9]
[borgk088:211348] [17] ./esmApp[0x4952e6]
[borgk088:211348] /discover/nobackup/projects/gmao/SIteam/ESMF_Testing/nag_7.2.15_openmpi_O_develop/esmf/DEFAULTINSTALLDIR/lib/libO/Linux.nag.64.openmpi.default/libesmf.so(esmf_gridcompmod_MP_esmf_gridcompinitialize+0x176)[0x14accb5e82e9]
[borgk088:211349] [17] ./esmApp[0x4952e6]
/discover/nobackup/projects/gmao/SIteam/ESMF_Testing/nag_7.2.15_openmpi_O_develop/esmf/DEFAULTINSTALLDIR/lib/libO/Linux.nag.64.openmpi.default/libesmf.so(esmf_gridcompmod_MP_esmf_gridcompinitialize+0x176)[0x14de990292e9]
[borgk088:211350] [17] ./esmApp(__NAGf90_cosmp_init+0x123)[0x4341b3]
[borgk088:211347] [19] [18] ./esmApp(__NAGf90_cosmp_init+0x123)[0x4341b3]
[borgk088:211348] [19] [borgk088:211349] [18] ./esmApp(__NAGf90_cosmp_init+0x123)[0x4341b3]
[borgk088:211349] ./esmApp[0x494ec3]
[borgk088:211348] [20] /lib64/libc.so.6(__libc_start_main+0xef)[0x15138c8f224d]
[borgk088:211348] [21] ./esmApp[0x40b61a]
./esmApp[0x4952e6]
[borgk088:211350] [18] ./esmApp(__NAGf90_cosmp_init+0x123)[0x4341b3]
[borgk088:211350] [19] ./esmApp[0x494ec3]
[borgk088:211350] [20] ./esmApp[0x494ec3]
[borgk088:211347] [20] /lib64/libc.so.6(__libc_start_main+0xef)[0x1539a8c3e24d]
[borgk088:211347] [21] ./esmApp[0x40b61a]
[borgk088:211347] *** End of error message ***
[19] ./esmApp[0x494ec3]
[borgk088:211349] [20] /lib64/libc.so.6(__libc_start_main+0xef)[0x14acc8ef224d]
[borgk088:211349] [21] ./esmApp[0x40b61a]
[borgk088:211349] *** End of error message ***
/lib64/libc.so.6(__libc_start_main+0xef)[0x14de968f224d]
[borgk088:211350] [21] ./esmApp[0x40b61a]
[borgk088:211350] *** End of error message ***
[borgk088:211348] *** End of error message ***
--------------------------------------------------------------------------
Primary job  terminated normally, but 1 process returned
a non-zero exit code. Per user-direction, the job has been aborted.
--------------------------------------------------------------------------
--------------------------------------------------------------------------
mpirun noticed that process rank 0 with PID 211347 on node borgk088 exited on signal 6 (Aborted).
--------------------------------------------------------------------------
