2024-10-10 00:38:28
Runtime Error: Unexpected Runtime Error: Unexpected end of format specifiRuntime Error: Unexpected end of format specification
Progrcation
Program tRuntime Error: Unexpected end of format specification
Program termiend of format specification
Program terminated by I/O eam terminated by I/O error on internal file
rror on internal file
erminated by I/O error on internal file
nated by I/O error on internal file
[borgk088:211420] *** Process received signal ***
[borgk088:211420] Signal: Aborted (6)
[borgk088:211420] Signal code:  (-6)
[borgk088:211419] *** Process received signal ***
[borgk088:211419] Signal: Aborted (6)
[borgk088:211419] Signal code:  (-6)
[borgk088:211418] *** Process received signal ***
[borgk088:211418] Signal: Aborted (6)
[borgk088:211418] Signal code:  (-6)
[borgk088:211417] *** Process received signal ***
[borgk088:211417] Signal: Aborted (6)
[borgk088:211417] Signal code:  (-6)
[borgk088:211418] [ 0] [borgk088:211420] [ 0] /lib64/libpthread.so.0(+0x16910)[0x14ebb3d9e910]
[borgk088:211420] [borgk088:211419] [ 0] [borgk088:211417] [ 0] /lib64/libpthread.so.0(+0x16910)[0x14a0bbbf2910]
/lib64/libpthread.so.0(+0x16910)[0x14a74d99c910]
[borgk088:211418] [ 1] [ 1] /lib64/libc.so.6(gsignal+0x10d)[0x14a74cf07d2b]
[borgk088:211418] [ 2] /lib64/libc.so.6(abort+0x177)[0x14a74cf093e5]
[borgk088:211418] [ 3] ./esmApp(__NAGf90_io_abort+0x78)[0x45a1a8]
/lib64/libpthread.so.0(+0x16910)[0x14a39f8f8910]
[borgk088:211419] [ 1] /lib64/libc.so.6(gsignal+0x10d)[0x14a39ef07d2b]
[borgk088:211419] [ 2] /lib64/libc.so.6(abort+0x177)[0x14a39ef093e5]
[borgk088:211419] [ 3] [borgk088:211417] [ 1] /lib64/libc.so.6(gsignal+0x10d)[0x14a0bba2fd2b]
[borgk088:211417] [ 2] /lib64/libc.so.6(abort+0x177)[0x14a0bba313e5]
[borgk088:211417] [ 3] ./esmApp(__NAGf90_io_abort+0x78)[0x45a1a8]
/lib64/libc.so.6(gsignal+0x10d)[0x14ebb3307d2b]
[borgk088:211420] [ 2] /lib64/libc.so.6(abort+0x177)[0x14ebb33093e5]
[borgk088:211420] [ 3] ./esmApp(__NAGf90_io_abort+0x78)[0x45a1a8]
[borgk088:211420] [ 4] ./esmApp(__NAGf90_ioerr+0x1cd)[0x45a80d]
[borgk088:211420] [ 5] [borgk088:211417] [ 4] ./esmApp(__NAGf90_ioerr+0x1cd)[0x45a80d]
[borgk088:211417] [ 5] [borgk088:211418] [ 4] ./esmApp(__NAGf90_ioerr+0x1cd)[0x45a80d]
[borgk088:211418] [ 5] ./esmApp(__NAGf90_io_abort+0x78)[0x45a1a8]
[borgk088:211419] [ 4] ./esmApp(__NAGf90_ioerr+0x1cd)[0x45a80d]
[borgk088:211419] [ 5] /discover/nobackup/projects/gmao/SIteam/comp/SLES-15/nag/7.2.15/lib/NAG_Fortran/libf72rts.so.1(__NAGf90_maybe_next_edit+0xe19)[0x14ebb36aa629]
[borgk088:211420] [ 6] /discover/nobackup/projects/gmao/SIteam/comp/SLES-15/nag/7.2.15/lib/NAG_Fortran/libf72rts.so.1(__NAGf90_maybe_next_edit+0xe19)[0x14a0bbcaa629]
[borgk088:211417] [ 6] /discover/nobackup/projects/gmao/SIteam/comp/SLES-15/nag/7.2.15/lib/NAG_Fortran/libf72rts.so.1(__NAGf90_maybe_next_edit+0xe19)[0x14a74d2aa629]
[borgk088:211418] [ 6] /discover/nobackup/projects/gmao/SIteam/comp/SLES-15/nag/7.2.15/lib/NAG_Fortran/libf72rts.so.1(__NAGf90_maybe_next_edit+0xe19)[0x14a39f2aa629]
[borgk088:211419] [ 6] /discover/nobackup/projects/gmao/SIteam/ESMF_Testing/nag_7.2.15_openmpi_O_develop/esmf/DEFAULTINSTALLDIR/lib/libO/Linux.nag.64.openmpi.default/libesmf.so(nuopc_driver_MP_loopdatadependentinitialize+0x3aef)[0x14ebb5f9d4c0]
[borgk088:211420] [ 7] /discover/nobackup/projects/gmao/SIteam/ESMF_Testing/nag_7.2.15_openmpi_O_develop/esmf/DEFAULTINSTALLDIR/lib/libO/Linux.nag.64.openmpi.default/libesmf.so(nuopc_driver_MP_loopdatadependentinitialize+0x3aef)[0x14a74fb9b4c0]
[borgk088:211418] [ 7] /discover/nobackup/projects/gmao/SIteam/ESMF_Testing/nag_7.2.15_openmpi_O_develop/esmf/DEFAULTINSTALLDIR/lib/libO/Linux.nag.64.openmpi.default/libesmf.so(nuopc_driver_MP_loopdatadependentinitialize+0x3aef)[0x14a0be6024c0]
[borgk088:211417] [ 7] /discover/nobackup/projects/gmao/SIteam/ESMF_Testing/nag_7.2.15_openmpi_O_develop/esmf/DEFAULTINSTALLDIR/lib/libO/Linux.nag.64.openmpi.default/libesmf.so(nuopc_driver_MP_loopdatadependentinitialize+0x3aef)[0x14a3a1af74c0]
[borgk088:211419] [ 7] /discover/nobackup/projects/gmao/SIteam/ESMF_Testing/nag_7.2.15_openmpi_O_develop/esmf/DEFAULTINSTALLDIR/lib/libO/Linux.nag.64.openmpi.default/libesmf.so(nuopc_driver_MP_initializeipdv02p5data+0x3180)[0x14a0be6123e2]
[borgk088:211417] [ 8] /discover/nobackup/projects/gmao/SIteam/ESMF_Testing/nag_7.2.15_openmpi_O_develop/esmf/DEFAULTINSTALLDIR/lib/libO/Linux.nag.64.openmpi.default/libesmf.so(nuopc_driver_MP_initializeipdv02p5data+0x3180)[0x14a74fbab3e2]
[borgk088:211418] [ 8] /discover/nobackup/projects/gmao/SIteam/ESMF_Testing/nag_7.2.15_openmpi_O_develop/esmf/DEFAULTINSTALLDIR/lib/libO/Linux.nag.64.openmpi.default/libesmf.so(nuopc_driver_MP_initializeipdv02p5data+0x3180)[0x14ebb5fad3e2]
[borgk088:211420] [ 8] /discover/nobackup/projects/gmao/SIteam/ESMF_Testing/nag_7.2.15_openmpi_O_develop/esmf/DEFAULTINSTALLDIR/lib/libO/Linux.nag.64.openmpi.default/libesmf.so(nuopc_driver_MP_initializeipdv02p5data+0x3180)[0x14a3a1b073e2]
[borgk088:211419] [ 8] /discover/nobackup/projects/gmao/SIteam/ESMF_Testing/nag_7.2.15_openmpi_O_develop/esmf/DEFAULTINSTALLDIR/lib/libO/Linux.nag.64.openmpi.default/libesmf.so(nuopc_driver_MP_initializeipdv02p5+0x4779)[0x14a74fbb09a7]
[borgk088:211418] [ 9] /discover/nobackup/projects/gmao/SIteam/ESMF_Testing/nag_7.2.15_openmpi_O_develop/esmf/DEFAULTINSTALLDIR/lib/libO/Linux.nag.64.openmpi.default/libesmf.so(nuopc_driver_MP_initializeipdv02p5+0x4779)[0x14ebb5fb29a7]
[borgk088:211420] [ 9] /discover/nobackup/projects/gmao/SIteam/ESMF_Testing/nag_7.2.15_openmpi_O_develop/esmf/DEFAULTINSTALLDIR/lib/libO/Linux.nag.64.openmpi.default/libesmf.so(nuopc_driver_MP_initializeipdv02p5+0x4779)[0x14a0be6179a7]
[borgk088:211417] [ 9] /discover/nobackup/projects/gmao/SIteam/ESMF_Testing/nag_7.2.15_openmpi_O_develop/esmf/DEFAULTINSTALLDIR/lib/libO/Linux.nag.64.openmpi.default/libesmf.so(nuopc_driver_MP_initializeipdv02p5+0x4779)[0x14a3a1b0c9a7]
[borgk088:211419] [ 9] /discover/nobackup/projects/gmao/SIteam/ESMF_Testing/nag_7.2.15_openmpi_O_develop/esmf/DEFAULTINSTALLDIR/lib/libO/Linux.nag.64.openmpi.default/libesmf.so(nuopc_driver_MP_initializegeneric+0x1a06)[0x14a0be64d035]
[borgk088:211417] [10] /discover/nobackup/projects/gmao/SIteam/ESMF_Testing/nag_7.2.15_openmpi_O_develop/esmf/DEFAULTINSTALLDIR/lib/libO/Linux.nag.64.openmpi.default/libesmf.so(nuopc_driver_MP_initializegeneric+0x1a06)[0x14a74fbe6035]
[borgk088:211418] [10] /discover/nobackup/projects/gmao/SIteam/ESMF_Testing/nag_7.2.15_openmpi_O_develop/esmf/DEFAULTINSTALLDIR/lib/libO/Linux.nag.64.openmpi.default/libesmf.so(nuopc_driver_MP_initializegeneric+0x1a06)[0x14ebb5fe8035]
[borgk088:211420] [10] /discover/nobackup/projects/gmao/SIteam/ESMF_Testing/nag_7.2.15_openmpi_O_develop/esmf/DEFAULTINSTALLDIR/lib/libO/Linux.nag.64.openmpi.default/libesmf.so(nuopc_driver_MP_initializegeneric+0x1a06)[0x14a3a1b42035]
[borgk088:211419] [10] /discover/nobackup/projects/gmao/SIteam/ESMF_Testing/nag_7.2.15_openmpi_O_develop/esmf/DEFAULTINSTALLDIR/lib/libO/Linux.nag.64.openmpi.default/libesmf.so(_ZN5ESMCI6FTable12callVFuncPtrEPKcPNS_2VMEPi+0xc55)[0x14a3a0c4ece9]
[borgk088:211419] /discover/nobackup/projects/gmao/SIteam/ESMF_Testing/nag_7.2.15_openmpi_O_develop/esmf/DEFAULTINSTALLDIR/lib/libO/Linux.nag.64.openmpi.default/libesmf.so(_ZN5ESMCI6FTable12callVFuncPtrEPKcPNS_2VMEPi+0xc55)[0x14ebb50f4ce9]
[borgk088:211420] [11] /discover/nobackup/projects/gmao/SIteam/ESMF_Testing/nag_7.2.15_openmpi_O_develop/esmf/DEFAULTINSTALLDIR/lib/libO/Linux.nag.64.openmpi.default/libesmf.so(_ZN5ESMCI6FTable12callVFuncPtrEPKcPNS_2VMEPi+0xc55)[0x14a74ecf2ce9]
[borgk088:211418] [11] [11] /discover/nobackup/projects/gmao/SIteam/ESMF_Testing/nag_7.2.15_openmpi_O_develop/esmf/DEFAULTINSTALLDIR/lib/libO/Linux.nag.64.openmpi.default/libesmf.so(_ZN5ESMCI6FTable12callVFuncPtrEPKcPNS_2VMEPi+0xc55)[0x14a0bd759ce9]
[borgk088:211417] [11] /discover/nobackup/projects/gmao/SIteam/ESMF_Testing/nag_7.2.15_openmpi_O_develop/esmf/DEFAULTINSTALLDIR/lib/libO/Linux.nag.64.openmpi.default/libesmf.so(ESMCI_FTableCallEntryPointVMHop+0x32e)[0x14a74ecefdbc]
[borgk088:211418] [12] /discover/nobackup/projects/gmao/SIteam/ESMF_Testing/nag_7.2.15_openmpi_O_develop/esmf/DEFAULTINSTALLDIR/lib/libO/Linux.nag.64.openmpi.default/libesmf.so(ESMCI_FTableCallEntryPointVMHop+0x32e)[0x14a3a0c4bdbc]
[borgk088:211419] [12] /discover/nobackup/projects/gmao/SIteam/ESMF_Testing/nag_7.2.15_openmpi_O_develop/esmf/DEFAULTINSTALLDIR/lib/libO/Linux.nag.64.openmpi.default/libesmf.so(ESMCI_FTableCallEntryPointVMHop+0x32e)[0x14ebb50f1dbc]
[borgk088:211420] [12] /discover/nobackup/projects/gmao/SIteam/ESMF_Testing/nag_7.2.15_openmpi_O_develop/esmf/DEFAULTINSTALLDIR/lib/libO/Linux.nag.64.openmpi.default/libesmf.so(ESMCI_FTableCallEntryPointVMHop+0x32e)[0x14a0bd756dbc]
[borgk088:211417] [12] /discover/nobackup/projects/gmao/SIteam/ESMF_Testing/nag_7.2.15_openmpi_O_develop/esmf/DEFAULTINSTALLDIR/lib/libO/Linux.nag.64.openmpi.default/libesmf.so(_ZN5ESMCI3VMK5enterEPNS_7VMKPlanEPvS3_+0xd5)[0x14ebb54f14ab]
[borgk088:211420] [13] /discover/nobackup/projects/gmao/SIteam/ESMF_Testing/nag_7.2.15_openmpi_O_develop/esmf/DEFAULTINSTALLDIR/lib/libO/Linux.nag.64.openmpi.default/libesmf.so(_ZN5ESMCI3VMK5enterEPNS_7VMKPlanEPvS3_+0xd5)[0x14a74f0ef4ab]
[borgk088:211418] [13] /discover/nobackup/projects/gmao/SIteam/ESMF_Testing/nag_7.2.15_openmpi_O_develop/esmf/DEFAULTINSTALLDIR/lib/libO/Linux.nag.64.openmpi.default/libesmf.so(_ZN5ESMCI3VMK5enterEPNS_7VMKPlanEPvS3_+0xd5)[0x14a0bdb564ab]
[borgk088:211417] [13] /discover/nobackup/projects/gmao/SIteam/ESMF_Testing/nag_7.2.15_openmpi_O_develop/esmf/DEFAULTINSTALLDIR/lib/libO/Linux.nag.64.openmpi.default/libesmf.so(_ZN5ESMCI3VMK5enterEPNS_7VMKPlanEPvS3_+0xd5)[0x14a3a104b4ab]
[borgk088:211419] [13] /discover/nobackup/projects/gmao/SIteam/ESMF_Testing/nag_7.2.15_openmpi_O_develop/esmf/DEFAULTINSTALLDIR/lib/libO/Linux.nag.64.openmpi.default/libesmf.so(_ZN5ESMCI2VM5enterEPNS_6VMPlanEPvS3_+0xb7)[0x14a74f0d93c5]
[borgk088:211418] [14] /discover/nobackup/projects/gmao/SIteam/ESMF_Testing/nag_7.2.15_openmpi_O_develop/esmf/DEFAULTINSTALLDIR/lib/libO/Linux.nag.64.openmpi.default/libesmf.so(_ZN5ESMCI2VM5enterEPNS_6VMPlanEPvS3_+0xb7)[0x14ebb54db3c5]
[borgk088:211420] [14] /discover/nobackup/projects/gmao/SIteam/ESMF_Testing/nag_7.2.15_openmpi_O_develop/esmf/DEFAULTINSTALLDIR/lib/libO/Linux.nag.64.openmpi.default/libesmf.so(_ZN5ESMCI2VM5enterEPNS_6VMPlanEPvS3_+0xb7)[0x14a3a10353c5]
[borgk088:211419] [14] /discover/nobackup/projects/gmao/SIteam/ESMF_Testing/nag_7.2.15_openmpi_O_develop/esmf/DEFAULTINSTALLDIR/lib/libO/Linux.nag.64.openmpi.default/libesmf.so(_ZN5ESMCI2VM5enterEPNS_6VMPlanEPvS3_+0xb7)[0x14a0bdb403c5]
[borgk088:211417] [14] /discover/nobackup/projects/gmao/SIteam/ESMF_Testing/nag_7.2.15_openmpi_O_develop/esmf/DEFAULTINSTALLDIR/lib/libO/Linux.nag.64.openmpi.default/libesmf.so(c_esmc_ftablecallentrypointvm_+0x35f)[0x14a74ecf0255]
[borgk088:211418] [15] /discover/nobackup/projects/gmao/SIteam/ESMF_Testing/nag_7.2.15_openmpi_O_develop/esmf/DEFAULTINSTALLDIR/lib/libO/Linux.nag.64.openmpi.default/libesmf.so(c_esmc_ftablecallentrypointvm_+0x35f)[0x14ebb50f2255]
[borgk088:211420] [15] /discover/nobackup/projects/gmao/SIteam/ESMF_Testing/nag_7.2.15_openmpi_O_develop/esmf/DEFAULTINSTALLDIR/lib/libO/Linux.nag.64.openmpi.default/libesmf.so(c_esmc_ftablecallentrypointvm_+0x35f)[0x14a0bd757255]
[borgk088:211417] [15] /discover/nobackup/projects/gmao/SIteam/ESMF_Testing/nag_7.2.15_openmpi_O_develop/esmf/DEFAULTINSTALLDIR/lib/libO/Linux.nag.64.openmpi.default/libesmf.so(c_esmc_ftablecallentrypointvm_+0x35f)[0x14a3a0c4c255]
[borgk088:211419] [15] /discover/nobackup/projects/gmao/SIteam/ESMF_Testing/nag_7.2.15_openmpi_O_develop/esmf/DEFAULTINSTALLDIR/lib/libO/Linux.nag.64.openmpi.default/libesmf.so(esmf_compmod_MP_esmf_compexecute+0xa3d)[0x14a3a12e1bb1]
[borgk088:211419] [16] /discover/nobackup/projects/gmao/SIteam/ESMF_Testing/nag_7.2.15_openmpi_O_develop/esmf/DEFAULTINSTALLDIR/lib/libO/Linux.nag.64.openmpi.default/libesmf.so(esmf_compmod_MP_esmf_compexecute+0xa3d)[0x14a74f385bb1]
[borgk088:211418] [16] /discover/nobackup/projects/gmao/SIteam/ESMF_Testing/nag_7.2.15_openmpi_O_develop/esmf/DEFAULTINSTALLDIR/lib/libO/Linux.nag.64.openmpi.default/libesmf.so(esmf_compmod_MP_esmf_compexecute+0xa3d)[0x14ebb5787bb1]
[borgk088:211420] [16] /discover/nobackup/projects/gmao/SIteam/ESMF_Testing/nag_7.2.15_openmpi_O_develop/esmf/DEFAULTINSTALLDIR/lib/libO/Linux.nag.64.openmpi.default/libesmf.so(esmf_compmod_MP_esmf_compexecute+0xa3d)[0x14a0bddecbb1]
[borgk088:211417] [16] /discover/nobackup/projects/gmao/SIteam/ESMF_Testing/nag_7.2.15_openmpi_O_develop/esmf/DEFAULTINSTALLDIR/lib/libO/Linux.nag.64.openmpi.default/libesmf.so(esmf_gridcompmod_MP_esmf_gridcompinitialize+0x176)[0x14a74f6a72e9]
[borgk088:211418] [17] ./esmApp[0x495546]
[borgk088:211418] [18] /discover/nobackup/projects/gmao/SIteam/ESMF_Testing/nag_7.2.15_openmpi_O_develop/esmf/DEFAULTINSTALLDIR/lib/libO/Linux.nag.64.openmpi.default/libesmf.so(esmf_gridcompmod_MP_esmf_gridcompinitialize+0x176)[0x14ebb5aa92e9]
[borgk088:211420] [17] ./esmApp[0x495546]
[borgk088:211420] [18] /discover/nobackup/projects/gmao/SIteam/ESMF_Testing/nag_7.2.15_openmpi_O_develop/esmf/DEFAULTINSTALLDIR/lib/libO/Linux.nag.64.openmpi.default/libesmf.so(esmf_gridcompmod_MP_esmf_gridcompinitialize+0x176)[0x14a0be10e2e9]
[borgk088:211417] [17] ./esmApp[0x495546]
/discover/nobackup/projects/gmao/SIteam/ESMF_Testing/nag_7.2.15_openmpi_O_develop/esmf/DEFAULTINSTALLDIR/lib/libO/Linux.nag.64.openmpi.default/libesmf.so(esmf_gridcompmod_MP_esmf_gridcompinitialize+0x176)[0x14a3a16032e9]
[borgk088:211419] [17] ./esmApp[0x495546]
[borgk088:211419] [18] ./esmApp(__NAGf90_cosmp_init+0x123)[0x434413]
[borgk088:211418] [19] ./esmApp[0x495123]
[borgk088:211418] [borgk088:211417] [18] ./esmApp(__NAGf90_cosmp_init+0x123)[0x434413]
[20] /lib64/libc.so.6(__libc_start_main+0xef)[0x14a74cef224d]
[borgk088:211418] [21] ./esmApp[0x40b87a]
[borgk088:211418] *** End of error message ***
./esmApp(__NAGf90_cosmp_init+0x123)[0x434413]
[borgk088:211420] [19] ./esmApp[0x495123]
[borgk088:211420] [20] /lib64/libc.so.6(__libc_start_main+0xef)[0x14ebb32f224d]
[borgk088:211420] [21] ./esmApp[0x40b87a]
[borgk088:211420] *** End of error message ***
./esmApp(__NAGf90_cosmp_init+0x123)[0x434413]
[borgk088:211419] [19] ./esmApp[0x495123]
[borgk088:211419] [20] /lib64/libc.so.6(__libc_start_main+0xef)[0x14a39eef224d]
[borgk088:211419] [21] ./esmApp[0x40b87a]
[borgk088:211417] [19] ./esmApp[0x495123]
[borgk088:211417] [20] /lib64/libc.so.6(__libc_start_main+0xef)[0x14a0bba1a24d]
[borgk088:211417] [21] ./esmApp[0x40b87a]
[borgk088:211419] *** End of error message ***
[borgk088:211417] *** End of error message ***
--------------------------------------------------------------------------
Primary job  terminated normally, but 1 process returned
a non-zero exit code. Per user-direction, the job has been aborted.
--------------------------------------------------------------------------
--------------------------------------------------------------------------
mpirun noticed that process rank 3 with PID 211420 on node borgk088 exited on signal 6 (Aborted).
--------------------------------------------------------------------------
