2024-10-08 22:34:25
Runtime Error: Unexpected end of format specification
Program terRuntime Error: Unexpected end of format specification
Program terminated by I/O error on internaRuntime Error: Unexpected end of format specification
Program terminated by I/O error on internaRuntime Error: Unexpected end of format specification
Program terminated by I/O error on internal file
l file
l file
minated by I/O error on internal file
[borgl097:235226] *** Process received signal ***
[borgl097:235226] Signal: Aborted (6)
[borgl097:235226] Signal code:  (-6)
[borgl097:235224] *** Process received signal ***
[borgl097:235224] Signal: Aborted (6)
[borgl097:235224] Signal code:  (-6)
[borgl097:235223] *** Process received signal ***
[borgl097:235223] Signal: Aborted (6)
[borgl097:235223] Signal code:  (-6)
[borgl097:235225] *** Process received signal ***
[borgl097:235225] Signal: Aborted (6)
[borgl097:235225] Signal code:  (-6)
[borgl097:235226] [ 0] /lib64/libpthread.so.0(+0x16910)[0x146635904910]
[borgl097:235226] [ 1] [borgl097:235224] [ 0] /lib64/libc.so.6(gsignal+0x10d)[0x146635053d2b]
[borgl097:235226] [ 2] /lib64/libpthread.so.0(+0x16910)[0x1473cf121910]
[borgl097:235224] [ 1] /lib64/libc.so.6(abort+0x177)[0x1466350553e5]
[borgl097:235226] [ 3] ./esmApp(__NAGf90_io_abort+0x78)[0x45a1c8]
[borgl097:235226] [ 4] ./esmApp(__NAGf90_ioerr+0x1cd)[0x45a82d]
/lib64/libc.so.6(gsignal+0x10d)[0x1473ce853d2b]
[borgl097:235224] [ 2] /lib64/libc.so.6(abort+0x177)[0x1473ce8553e5]
[borgl097:235226] [ 5] [borgl097:235224] [ 3] /discover/nobackup/projects/gmao/SIteam/comp/SLES-15/nag/7.2.15/lib/NAG_Fortran/libf72rts.so.1(__NAGf90_maybe_next_edit+0xe19)[0x1466352aa629]
[borgl097:235226] [ 6] ./esmApp(__NAGf90_io_abort+0x78)[0x45a1c8]
[borgl097:235224] [ 4] ./esmApp(__NAGf90_ioerr+0x1cd)[0x45a82d]
[borgl097:235224] [ 5] [borgl097:235223] [ 0] [borgl097:235225] [ 0] /lib64/libpthread.so.0(+0x16910)[0x14b620af7910]
[borgl097:235225] [ 1] /discover/nobackup/projects/gmao/SIteam/comp/SLES-15/nag/7.2.15/lib/NAG_Fortran/libf72rts.so.1(__NAGf90_maybe_next_edit+0xe19)[0x1473ceaaa629]
[borgl097:235224] [ 6] /lib64/libpthread.so.0(+0x16910)[0x14a311f29910]
[borgl097:235223] [ 1] /lib64/libc.so.6(gsignal+0x10d)[0x14b620107d2b]
[borgl097:235225] [ 2] /lib64/libc.so.6(gsignal+0x10d)[0x14a311507d2b]
[borgl097:235223] [ 2] /lib64/libc.so.6(abort+0x177)[0x14b6201093e5]
[borgl097:235225] [ 3] ./esmApp(__NAGf90_io_abort+0x78)[0x45a1c8]
[borgl097:235225] [ 4] /lib64/libc.so.6(abort+0x177)[0x14a3115093e5]
[borgl097:235223] [ 3] ./esmApp(__NAGf90_io_abort+0x78)[0x45a1c8]
[borgl097:235223] [ 4] ./esmApp(__NAGf90_ioerr+0x1cd)[0x45a82d]
[borgl097:235223] [ 5] ./esmApp(__NAGf90_ioerr+0x1cd)[0x45a82d]
[borgl097:235225] [ 5] /discover/nobackup/projects/gmao/SIteam/comp/SLES-15/nag/7.2.15/lib/NAG_Fortran/libf72rts.so.1(__NAGf90_maybe_next_edit+0xe19)[0x14a3118aa629]
[borgl097:235223] [ 6] /discover/nobackup/projects/gmao/SIteam/comp/SLES-15/nag/7.2.15/lib/NAG_Fortran/libf72rts.so.1(__NAGf90_maybe_next_edit+0xe19)[0x14b6204aa629]
[borgl097:235225] [ 6] /discover/nobackup/projects/gmao/SIteam/ESMF_Testing/nag_7.2.15_openmpi_O_develop/esmf/DEFAULTINSTALLDIR/lib/libO/Linux.nag.64.openmpi.default/libesmf.so(nuopc_driver_MP_loopdatadependentinitialize+0x3aef)[0x146637c4f4c0]
[borgl097:235226] [ 7] /discover/nobackup/projects/gmao/SIteam/ESMF_Testing/nag_7.2.15_openmpi_O_develop/esmf/DEFAULTINSTALLDIR/lib/libO/Linux.nag.64.openmpi.default/libesmf.so(nuopc_driver_MP_loopdatadependentinitialize+0x3aef)[0x1473d146c4c0]
[borgl097:235224] [ 7] /discover/nobackup/projects/gmao/SIteam/ESMF_Testing/nag_7.2.15_openmpi_O_develop/esmf/DEFAULTINSTALLDIR/lib/libO/Linux.nag.64.openmpi.default/libesmf.so(nuopc_driver_MP_loopdatadependentinitialize+0x3aef)[0x14a3141284c0]
[borgl097:235223] [ 7] /discover/nobackup/projects/gmao/SIteam/ESMF_Testing/nag_7.2.15_openmpi_O_develop/esmf/DEFAULTINSTALLDIR/lib/libO/Linux.nag.64.openmpi.default/libesmf.so(nuopc_driver_MP_loopdatadependentinitialize+0x3aef)[0x14b622cf64c0]
[borgl097:235225] [ 7] /discover/nobackup/projects/gmao/SIteam/ESMF_Testing/nag_7.2.15_openmpi_O_develop/esmf/DEFAULTINSTALLDIR/lib/libO/Linux.nag.64.openmpi.default/libesmf.so(nuopc_driver_MP_initializeipdv02p5data+0x3180)[0x146637c5f3e2]
[borgl097:235226] [ 8] /discover/nobackup/projects/gmao/SIteam/ESMF_Testing/nag_7.2.15_openmpi_O_develop/esmf/DEFAULTINSTALLDIR/lib/libO/Linux.nag.64.openmpi.default/libesmf.so(nuopc_driver_MP_initializeipdv02p5data+0x3180)[0x1473d147c3e2]
[borgl097:235224] [ 8] /discover/nobackup/projects/gmao/SIteam/ESMF_Testing/nag_7.2.15_openmpi_O_develop/esmf/DEFAULTINSTALLDIR/lib/libO/Linux.nag.64.openmpi.default/libesmf.so(nuopc_driver_MP_initializeipdv02p5data+0x3180)[0x14b622d063e2]
[borgl097:235225] [ 8] /discover/nobackup/projects/gmao/SIteam/ESMF_Testing/nag_7.2.15_openmpi_O_develop/esmf/DEFAULTINSTALLDIR/lib/libO/Linux.nag.64.openmpi.default/libesmf.so(nuopc_driver_MP_initializeipdv02p5data+0x3180)[0x14a3141383e2]
[borgl097:235223] [ 8] /discover/nobackup/projects/gmao/SIteam/ESMF_Testing/nag_7.2.15_openmpi_O_develop/esmf/DEFAULTINSTALLDIR/lib/libO/Linux.nag.64.openmpi.default/libesmf.so(nuopc_driver_MP_initializeipdv02p5+0x4779)[0x146637c649a7]
[borgl097:235226] [ 9] /discover/nobackup/projects/gmao/SIteam/ESMF_Testing/nag_7.2.15_openmpi_O_develop/esmf/DEFAULTINSTALLDIR/lib/libO/Linux.nag.64.openmpi.default/libesmf.so(nuopc_driver_MP_initializeipdv02p5+0x4779)[0x1473d14819a7]
[borgl097:235224] [ 9] /discover/nobackup/projects/gmao/SIteam/ESMF_Testing/nag_7.2.15_openmpi_O_develop/esmf/DEFAULTINSTALLDIR/lib/libO/Linux.nag.64.openmpi.default/libesmf.so(nuopc_driver_MP_initializeipdv02p5+0x4779)[0x14a31413d9a7]
[borgl097:235223] [ 9] /discover/nobackup/projects/gmao/SIteam/ESMF_Testing/nag_7.2.15_openmpi_O_develop/esmf/DEFAULTINSTALLDIR/lib/libO/Linux.nag.64.openmpi.default/libesmf.so(nuopc_driver_MP_initializeipdv02p5+0x4779)[0x14b622d0b9a7]
[borgl097:235225] [ 9] /discover/nobackup/projects/gmao/SIteam/ESMF_Testing/nag_7.2.15_openmpi_O_develop/esmf/DEFAULTINSTALLDIR/lib/libO/Linux.nag.64.openmpi.default/libesmf.so(nuopc_driver_MP_initializegeneric+0x1a06)[0x146637c9a035]
[borgl097:235226] [10] /discover/nobackup/projects/gmao/SIteam/ESMF_Testing/nag_7.2.15_openmpi_O_develop/esmf/DEFAULTINSTALLDIR/lib/libO/Linux.nag.64.openmpi.default/libesmf.so(nuopc_driver_MP_initializegeneric+0x1a06)[0x1473d14b7035]
[borgl097:235224] [10] /discover/nobackup/projects/gmao/SIteam/ESMF_Testing/nag_7.2.15_openmpi_O_develop/esmf/DEFAULTINSTALLDIR/lib/libO/Linux.nag.64.openmpi.default/libesmf.so(nuopc_driver_MP_initializegeneric+0x1a06)[0x14b622d41035]
[borgl097:235225] [10] /discover/nobackup/projects/gmao/SIteam/ESMF_Testing/nag_7.2.15_openmpi_O_develop/esmf/DEFAULTINSTALLDIR/lib/libO/Linux.nag.64.openmpi.default/libesmf.so(nuopc_driver_MP_initializegeneric+0x1a06)[0x14a314173035]
[borgl097:235223] [10] /discover/nobackup/projects/gmao/SIteam/ESMF_Testing/nag_7.2.15_openmpi_O_develop/esmf/DEFAULTINSTALLDIR/lib/libO/Linux.nag.64.openmpi.default/libesmf.so(_ZN5ESMCI6FTable12callVFuncPtrEPKcPNS_2VMEPi+0xc55)[0x146636da6ce9]
[borgl097:235226] [11] /discover/nobackup/projects/gmao/SIteam/ESMF_Testing/nag_7.2.15_openmpi_O_develop/esmf/DEFAULTINSTALLDIR/lib/libO/Linux.nag.64.openmpi.default/libesmf.so(_ZN5ESMCI6FTable12callVFuncPtrEPKcPNS_2VMEPi+0xc55)[0x1473d05c3ce9]
[borgl097:235224] [11] /discover/nobackup/projects/gmao/SIteam/ESMF_Testing/nag_7.2.15_openmpi_O_develop/esmf/DEFAULTINSTALLDIR/lib/libO/Linux.nag.64.openmpi.default/libesmf.so(_ZN5ESMCI6FTable12callVFuncPtrEPKcPNS_2VMEPi+0xc55)[0x14a31327fce9]
[borgl097:235223] [11] /discover/nobackup/projects/gmao/SIteam/ESMF_Testing/nag_7.2.15_openmpi_O_develop/esmf/DEFAULTINSTALLDIR/lib/libO/Linux.nag.64.openmpi.default/libesmf.so(_ZN5ESMCI6FTable12callVFuncPtrEPKcPNS_2VMEPi+0xc55)[0x14b621e4dce9]
[borgl097:235225] [11] /discover/nobackup/projects/gmao/SIteam/ESMF_Testing/nag_7.2.15_openmpi_O_develop/esmf/DEFAULTINSTALLDIR/lib/libO/Linux.nag.64.openmpi.default/libesmf.so(ESMCI_FTableCallEntryPointVMHop+0x32e)[0x146636da3dbc]
[borgl097:235226] [12] /discover/nobackup/projects/gmao/SIteam/ESMF_Testing/nag_7.2.15_openmpi_O_develop/esmf/DEFAULTINSTALLDIR/lib/libO/Linux.nag.64.openmpi.default/libesmf.so(ESMCI_FTableCallEntryPointVMHop+0x32e)[0x1473d05c0dbc]
[borgl097:235224] [12] /discover/nobackup/projects/gmao/SIteam/ESMF_Testing/nag_7.2.15_openmpi_O_develop/esmf/DEFAULTINSTALLDIR/lib/libO/Linux.nag.64.openmpi.default/libesmf.so(ESMCI_FTableCallEntryPointVMHop+0x32e)[0x14a31327cdbc]
[borgl097:235223] [12] /discover/nobackup/projects/gmao/SIteam/ESMF_Testing/nag_7.2.15_openmpi_O_develop/esmf/DEFAULTINSTALLDIR/lib/libO/Linux.nag.64.openmpi.default/libesmf.so(ESMCI_FTableCallEntryPointVMHop+0x32e)[0x14b621e4adbc]
[borgl097:235225] [12] /discover/nobackup/projects/gmao/SIteam/ESMF_Testing/nag_7.2.15_openmpi_O_develop/esmf/DEFAULTINSTALLDIR/lib/libO/Linux.nag.64.openmpi.default/libesmf.so(_ZN5ESMCI3VMK5enterEPNS_7VMKPlanEPvS3_+0xd5)[0x1466371a34ab]
[borgl097:235226] [13] /discover/nobackup/projects/gmao/SIteam/ESMF_Testing/nag_7.2.15_openmpi_O_develop/esmf/DEFAULTINSTALLDIR/lib/libO/Linux.nag.64.openmpi.default/libesmf.so(_ZN5ESMCI3VMK5enterEPNS_7VMKPlanEPvS3_+0xd5)[0x1473d09c04ab]
[borgl097:235224] [13] /discover/nobackup/projects/gmao/SIteam/ESMF_Testing/nag_7.2.15_openmpi_O_develop/esmf/DEFAULTINSTALLDIR/lib/libO/Linux.nag.64.openmpi.default/libesmf.so(_ZN5ESMCI3VMK5enterEPNS_7VMKPlanEPvS3_+0xd5)[0x14b62224a4ab]
[borgl097:235225] [13] /discover/nobackup/projects/gmao/SIteam/ESMF_Testing/nag_7.2.15_openmpi_O_develop/esmf/DEFAULTINSTALLDIR/lib/libO/Linux.nag.64.openmpi.default/libesmf.so(_ZN5ESMCI3VMK5enterEPNS_7VMKPlanEPvS3_+0xd5)[0x14a31367c4ab]
[borgl097:235223] [13] /discover/nobackup/projects/gmao/SIteam/ESMF_Testing/nag_7.2.15_openmpi_O_develop/esmf/DEFAULTINSTALLDIR/lib/libO/Linux.nag.64.openmpi.default/libesmf.so(_ZN5ESMCI2VM5enterEPNS_6VMPlanEPvS3_+0xb7)[0x14663718d3c5]
[borgl097:235226] [14] /discover/nobackup/projects/gmao/SIteam/ESMF_Testing/nag_7.2.15_openmpi_O_develop/esmf/DEFAULTINSTALLDIR/lib/libO/Linux.nag.64.openmpi.default/libesmf.so(_ZN5ESMCI2VM5enterEPNS_6VMPlanEPvS3_+0xb7)[0x1473d09aa3c5]
[borgl097:235224] [14] /discover/nobackup/projects/gmao/SIteam/ESMF_Testing/nag_7.2.15_openmpi_O_develop/esmf/DEFAULTINSTALLDIR/lib/libO/Linux.nag.64.openmpi.default/libesmf.so(_ZN5ESMCI2VM5enterEPNS_6VMPlanEPvS3_+0xb7)[0x14a3136663c5]
[borgl097:235223] [14] /discover/nobackup/projects/gmao/SIteam/ESMF_Testing/nag_7.2.15_openmpi_O_develop/esmf/DEFAULTINSTALLDIR/lib/libO/Linux.nag.64.openmpi.default/libesmf.so(_ZN5ESMCI2VM5enterEPNS_6VMPlanEPvS3_+0xb7)[0x14b6222343c5]
[borgl097:235225] [14] /discover/nobackup/projects/gmao/SIteam/ESMF_Testing/nag_7.2.15_openmpi_O_develop/esmf/DEFAULTINSTALLDIR/lib/libO/Linux.nag.64.openmpi.default/libesmf.so(c_esmc_ftablecallentrypointvm_+0x35f)[0x146636da4255]
[borgl097:235226] [15] /discover/nobackup/projects/gmao/SIteam/ESMF_Testing/nag_7.2.15_openmpi_O_develop/esmf/DEFAULTINSTALLDIR/lib/libO/Linux.nag.64.openmpi.default/libesmf.so(c_esmc_ftablecallentrypointvm_+0x35f)[0x1473d05c1255]
[borgl097:235224] [15] /discover/nobackup/projects/gmao/SIteam/ESMF_Testing/nag_7.2.15_openmpi_O_develop/esmf/DEFAULTINSTALLDIR/lib/libO/Linux.nag.64.openmpi.default/libesmf.so(c_esmc_ftablecallentrypointvm_+0x35f)[0x14a31327d255]
[borgl097:235223] [15] /discover/nobackup/projects/gmao/SIteam/ESMF_Testing/nag_7.2.15_openmpi_O_develop/esmf/DEFAULTINSTALLDIR/lib/libO/Linux.nag.64.openmpi.default/libesmf.so(c_esmc_ftablecallentrypointvm_+0x35f)[0x14b621e4b255]
[borgl097:235225] [15] /discover/nobackup/projects/gmao/SIteam/ESMF_Testing/nag_7.2.15_openmpi_O_develop/esmf/DEFAULTINSTALLDIR/lib/libO/Linux.nag.64.openmpi.default/libesmf.so(esmf_compmod_MP_esmf_compexecute+0xa3d)[0x146637439bb1]
[borgl097:235226] [16] /discover/nobackup/projects/gmao/SIteam/ESMF_Testing/nag_7.2.15_openmpi_O_develop/esmf/DEFAULTINSTALLDIR/lib/libO/Linux.nag.64.openmpi.default/libesmf.so(esmf_compmod_MP_esmf_compexecute+0xa3d)[0x1473d0c56bb1]
[borgl097:235224] [16] /discover/nobackup/projects/gmao/SIteam/ESMF_Testing/nag_7.2.15_openmpi_O_develop/esmf/DEFAULTINSTALLDIR/lib/libO/Linux.nag.64.openmpi.default/libesmf.so(esmf_compmod_MP_esmf_compexecute+0xa3d)[0x14a313912bb1]
[borgl097:235223] [16] /discover/nobackup/projects/gmao/SIteam/ESMF_Testing/nag_7.2.15_openmpi_O_develop/esmf/DEFAULTINSTALLDIR/lib/libO/Linux.nag.64.openmpi.default/libesmf.so(esmf_compmod_MP_esmf_compexecute+0xa3d)[0x14b6224e0bb1]
[borgl097:235225] [16] /discover/nobackup/projects/gmao/SIteam/ESMF_Testing/nag_7.2.15_openmpi_O_develop/esmf/DEFAULTINSTALLDIR/lib/libO/Linux.nag.64.openmpi.default/libesmf.so(esmf_gridcompmod_MP_esmf_gridcompinitialize+0x176)[0x14663775b2e9]
[borgl097:235226] [17] ./esmApp[0x495566]
[borgl097:235226] [18] ./esmApp(__NAGf90_cosmp_init+0x123)[0x434433]
[borgl097:235226] [19] ./esmApp[0x495143]
[borgl097:235226] [20] /discover/nobackup/projects/gmao/SIteam/ESMF_Testing/nag_7.2.15_openmpi_O_develop/esmf/DEFAULTINSTALLDIR/lib/libO/Linux.nag.64.openmpi.default/libesmf.so(esmf_gridcompmod_MP_esmf_gridcompinitialize+0x176)[0x1473d0f782e9]
[borgl097:235224] [17] ./esmApp[0x495566]
[borgl097:235224] [18] /lib64/libc.so.6(__libc_start_main+0xef)[0x14663503e24d]
[borgl097:235226] [21] ./esmApp(__NAGf90_cosmp_init+0x123)[0x434433]
[borgl097:235224] [19] ./esmApp[0x495143]
[borgl097:235224] [20] ./esmApp[0x40b89a]
[borgl097:235226] *** End of error message ***
/lib64/libc.so.6(__libc_start_main+0xef)[0x1473ce83e24d]
[borgl097:235224] [21] ./esmApp[0x40b89a]
[borgl097:235224] *** End of error message ***
/discover/nobackup/projects/gmao/SIteam/ESMF_Testing/nag_7.2.15_openmpi_O_develop/esmf/DEFAULTINSTALLDIR/lib/libO/Linux.nag.64.openmpi.default/libesmf.so(esmf_gridcompmod_MP_esmf_gridcompinitialize+0x176)[0x14b6228022e9]
[borgl097:235225] [17] /discover/nobackup/projects/gmao/SIteam/ESMF_Testing/nag_7.2.15_openmpi_O_develop/esmf/DEFAULTINSTALLDIR/lib/libO/Linux.nag.64.openmpi.default/libesmf.so(esmf_gridcompmod_MP_esmf_gridcompinitialize+0x176)[0x14a313c342e9]
[borgl097:235223] [17] ./esmApp[0x495566]
[borgl097:235223] [18] ./esmApp[0x495566]
[borgl097:235225] [18] ./esmApp(__NAGf90_cosmp_init+0x123)[0x434433]
[borgl097:235223] [19] ./esmApp(__NAGf90_cosmp_init+0x123)[0x434433]
[borgl097:235225] [19] ./esmApp[0x495143]
[borgl097:235225] [20] /lib64/libc.so.6(__libc_start_main+0xef)[0x14b6200f224d]
[borgl097:235225] [21] ./esmApp[0x495143]
[borgl097:235223] [20] /lib64/libc.so.6(__libc_start_main+0xef)[0x14a3114f224d]
[borgl097:235223] [21] ./esmApp[0x40b89a]
./esmApp[0x40b89a]
[borgl097:235225] *** End of error message ***
[borgl097:235223] *** End of error message ***
--------------------------------------------------------------------------
Primary job  terminated normally, but 1 process returned
a non-zero exit code. Per user-direction, the job has been aborted.
--------------------------------------------------------------------------
--------------------------------------------------------------------------
mpirun noticed that process rank 3 with PID 235226 on node borgl097 exited on signal 6 (Aborted).
--------------------------------------------------------------------------
