2024-10-16 22:53:10
Runtime Error: Unexpected end of format specifRuntime Error: Unexpected end of format specification
Program terminated by I/Runtime Error: Unexpected end of format specification
Program terminated bRuntime Error: Unexpected end of format specification
Program terminated by I/O error ication
Program terminated by I/O error on internO error on internal file
y I/O error on internal file
on internal file
al file
[borgj116:176650] *** Process received signal ***
[borgj116:176650] Signal: Aborted (6)
[borgj116:176650] Signal code:  (-6)
[borgj116:176653] *** Process received signal ***
[borgj116:176653] Signal: Aborted (6)
[borgj116:176653] Signal code:  (-6)
[borgj116:176652] *** Process received signal ***
[borgj116:176652] Signal: Aborted (6)
[borgj116:176652] Signal code:  (-6)
[borgj116:176651] *** Process received signal ***
[borgj116:176651] Signal: Aborted (6)
[borgj116:176651] Signal code:  (-6)
[borgj116:176650] [ 0] /lib64/libpthread.so.0(+0x16910)[0x151eda53a910]
[borgj116:176652] [ 0] [borgj116:176653] [ 0] /lib64/libpthread.so.0(+0x16910)[0x14ea46f4d910]
[borgj116:176653] [ 1] [borgj116:176650] [ 1] /lib64/libpthread.so.0(+0x16910)[0x154b58f1e910]
[borgj116:176652] [ 1] /lib64/libc.so.6(gsignal+0x10d)[0x14ea46653d2b]
[borgj116:176653] [ 2] /lib64/libc.so.6(abort+0x177)[0x14ea466553e5]
[borgj116:176653] [ 3] ./esmApp(__NAGf90_io_abort+0x78)[0x459fb8]
/lib64/libc.so.6(gsignal+0x10d)[0x151ed9c53d2b]
[borgj116:176650] [ 2] /lib64/libc.so.6(abort+0x177)[0x151ed9c553e5]
[borgj116:176650] [ 3] ./esmApp(__NAGf90_io_abort+0x78)[0x459fb8]
[borgj116:176650] [ 4] [borgj116:176651] [ 0] /lib64/libpthread.so.0(+0x16910)[0x14a61eb0b910]
[borgj116:176651] [ 1] /lib64/libc.so.6(gsignal+0x10d)[0x14a61e253d2b]
[borgj116:176651] [ 2] /lib64/libc.so.6(gsignal+0x10d)[0x154b58653d2b]
[borgj116:176652] [ 2] /lib64/libc.so.6(abort+0x177)[0x154b586553e5]
[borgj116:176652] [ 3] ./esmApp(__NAGf90_io_abort+0x78)[0x459fb8]
[borgj116:176652] [ 4] ./esmApp(__NAGf90_ioerr+0x1cd)[0x45a61d]
[borgj116:176652] [ 5] [borgj116:176653] [ 4] ./esmApp(__NAGf90_ioerr+0x1cd)[0x45a61d]
[borgj116:176653] [ 5] ./esmApp(__NAGf90_ioerr+0x1cd)[0x45a61d]
[borgj116:176650] [ 5] /discover/nobackup/projects/gmao/SIteam/comp/SLES-15/nag/7.2.15/lib/NAG_Fortran/libf72rts.so.1(__NAGf90_maybe_next_edit+0xe19)[0x154b588aa629]
[borgj116:176652] [ 6] /discover/nobackup/projects/gmao/SIteam/comp/SLES-15/nag/7.2.15/lib/NAG_Fortran/libf72rts.so.1(__NAGf90_maybe_next_edit+0xe19)[0x14ea468aa629]
[borgj116:176653] [ 6] /discover/nobackup/projects/gmao/SIteam/comp/SLES-15/nag/7.2.15/lib/NAG_Fortran/libf72rts.so.1(__NAGf90_maybe_next_edit+0xe19)[0x151ed9eaa629]
[borgj116:176650] [ 6] /lib64/libc.so.6(abort+0x177)[0x14a61e2553e5]
[borgj116:176651] [ 3] ./esmApp(__NAGf90_io_abort+0x78)[0x459fb8]
[borgj116:176651] [ 4] ./esmApp(__NAGf90_ioerr+0x1cd)[0x45a61d]
[borgj116:176651] [ 5] /discover/nobackup/projects/gmao/SIteam/comp/SLES-15/nag/7.2.15/lib/NAG_Fortran/libf72rts.so.1(__NAGf90_maybe_next_edit+0xe19)[0x14a61e4aa629]
[borgj116:176651] [ 6] /discover/nobackup/projects/gmao/SIteam/ESMF_Testing/nag_7.2.15_openmpi_O_develop/esmf/DEFAULTINSTALLDIR/lib/libO/Linux.nag.64.openmpi.default/libesmf.so(nuopc_driver_MP_loopdatadependentinitialize+0x3aef)[0x151edc887ccd]
[borgj116:176650] [ 7] /discover/nobackup/projects/gmao/SIteam/ESMF_Testing/nag_7.2.15_openmpi_O_develop/esmf/DEFAULTINSTALLDIR/lib/libO/Linux.nag.64.openmpi.default/libesmf.so(nuopc_driver_MP_loopdatadependentinitialize+0x3aef)[0x14ea4929accd]
[borgj116:176653] [ 7] /discover/nobackup/projects/gmao/SIteam/ESMF_Testing/nag_7.2.15_openmpi_O_develop/esmf/DEFAULTINSTALLDIR/lib/libO/Linux.nag.64.openmpi.default/libesmf.so(nuopc_driver_MP_loopdatadependentinitialize+0x3aef)[0x154b5b26bccd]
[borgj116:176652] [ 7] /discover/nobackup/projects/gmao/SIteam/ESMF_Testing/nag_7.2.15_openmpi_O_develop/esmf/DEFAULTINSTALLDIR/lib/libO/Linux.nag.64.openmpi.default/libesmf.so(nuopc_driver_MP_loopdatadependentinitialize+0x3aef)[0x14a620e58ccd]
[borgj116:176651] [ 7] /discover/nobackup/projects/gmao/SIteam/ESMF_Testing/nag_7.2.15_openmpi_O_develop/esmf/DEFAULTINSTALLDIR/lib/libO/Linux.nag.64.openmpi.default/libesmf.so(nuopc_driver_MP_initializeipdv02p5data+0x3180)[0x151edc897bef]
[borgj116:176650] [ 8] /discover/nobackup/projects/gmao/SIteam/ESMF_Testing/nag_7.2.15_openmpi_O_develop/esmf/DEFAULTINSTALLDIR/lib/libO/Linux.nag.64.openmpi.default/libesmf.so(nuopc_driver_MP_initializeipdv02p5data+0x3180)[0x14ea492aabef]
[borgj116:176653] [ 8] /discover/nobackup/projects/gmao/SIteam/ESMF_Testing/nag_7.2.15_openmpi_O_develop/esmf/DEFAULTINSTALLDIR/lib/libO/Linux.nag.64.openmpi.default/libesmf.so(nuopc_driver_MP_initializeipdv02p5data+0x3180)[0x154b5b27bbef]
[borgj116:176652] [ 8] /discover/nobackup/projects/gmao/SIteam/ESMF_Testing/nag_7.2.15_openmpi_O_develop/esmf/DEFAULTINSTALLDIR/lib/libO/Linux.nag.64.openmpi.default/libesmf.so(nuopc_driver_MP_initializeipdv02p5data+0x3180)[0x14a620e68bef]
[borgj116:176651] [ 8] /discover/nobackup/projects/gmao/SIteam/ESMF_Testing/nag_7.2.15_openmpi_O_develop/esmf/DEFAULTINSTALLDIR/lib/libO/Linux.nag.64.openmpi.default/libesmf.so(nuopc_driver_MP_initializeipdv02p5+0x4779)[0x14ea492b01b4]
[borgj116:176653] [ 9] /discover/nobackup/projects/gmao/SIteam/ESMF_Testing/nag_7.2.15_openmpi_O_develop/esmf/DEFAULTINSTALLDIR/lib/libO/Linux.nag.64.openmpi.default/libesmf.so(nuopc_driver_MP_initializeipdv02p5+0x4779)[0x154b5b2811b4]
[borgj116:176652] [ 9] /discover/nobackup/projects/gmao/SIteam/ESMF_Testing/nag_7.2.15_openmpi_O_develop/esmf/DEFAULTINSTALLDIR/lib/libO/Linux.nag.64.openmpi.default/libesmf.so(nuopc_driver_MP_initializeipdv02p5+0x4779)[0x151edc89d1b4]
[borgj116:176650] [ 9] /discover/nobackup/projects/gmao/SIteam/ESMF_Testing/nag_7.2.15_openmpi_O_develop/esmf/DEFAULTINSTALLDIR/lib/libO/Linux.nag.64.openmpi.default/libesmf.so(nuopc_driver_MP_initializeipdv02p5+0x4779)[0x14a620e6e1b4]
[borgj116:176651] [ 9] /discover/nobackup/projects/gmao/SIteam/ESMF_Testing/nag_7.2.15_openmpi_O_develop/esmf/DEFAULTINSTALLDIR/lib/libO/Linux.nag.64.openmpi.default/libesmf.so(nuopc_driver_MP_initializegeneric+0x1a06)[0x151edc8d2842]
[borgj116:176650] [10] /discover/nobackup/projects/gmao/SIteam/ESMF_Testing/nag_7.2.15_openmpi_O_develop/esmf/DEFAULTINSTALLDIR/lib/libO/Linux.nag.64.openmpi.default/libesmf.so(nuopc_driver_MP_initializegeneric+0x1a06)[0x14ea492e5842]
[borgj116:176653] [10] /discover/nobackup/projects/gmao/SIteam/ESMF_Testing/nag_7.2.15_openmpi_O_develop/esmf/DEFAULTINSTALLDIR/lib/libO/Linux.nag.64.openmpi.default/libesmf.so(nuopc_driver_MP_initializegeneric+0x1a06)[0x154b5b2b6842]
[borgj116:176652] [10] /discover/nobackup/projects/gmao/SIteam/ESMF_Testing/nag_7.2.15_openmpi_O_develop/esmf/DEFAULTINSTALLDIR/lib/libO/Linux.nag.64.openmpi.default/libesmf.so(nuopc_driver_MP_initializegeneric+0x1a06)[0x14a620ea3842]
[borgj116:176651] [10] /discover/nobackup/projects/gmao/SIteam/ESMF_Testing/nag_7.2.15_openmpi_O_develop/esmf/DEFAULTINSTALLDIR/lib/libO/Linux.nag.64.openmpi.default/libesmf.so(_ZN5ESMCI6FTable12callVFuncPtrEPKcPNS_2VMEPi+0xc55)[0x154b5a3c0e89]
[borgj116:176652] [11] /discover/nobackup/projects/gmao/SIteam/ESMF_Testing/nag_7.2.15_openmpi_O_develop/esmf/DEFAULTINSTALLDIR/lib/libO/Linux.nag.64.openmpi.default/libesmf.so(_ZN5ESMCI6FTable12callVFuncPtrEPKcPNS_2VMEPi+0xc55)[0x151edb9dce89]
[borgj116:176650] [11] /discover/nobackup/projects/gmao/SIteam/ESMF_Testing/nag_7.2.15_openmpi_O_develop/esmf/DEFAULTINSTALLDIR/lib/libO/Linux.nag.64.openmpi.default/libesmf.so(_ZN5ESMCI6FTable12callVFuncPtrEPKcPNS_2VMEPi+0xc55)[0x14ea483efe89]
[borgj116:176653] [11] /discover/nobackup/projects/gmao/SIteam/ESMF_Testing/nag_7.2.15_openmpi_O_develop/esmf/DEFAULTINSTALLDIR/lib/libO/Linux.nag.64.openmpi.default/libesmf.so(_ZN5ESMCI6FTable12callVFuncPtrEPKcPNS_2VMEPi+0xc55)[0x14a61ffade89]
[borgj116:176651] [11] /discover/nobackup/projects/gmao/SIteam/ESMF_Testing/nag_7.2.15_openmpi_O_develop/esmf/DEFAULTINSTALLDIR/lib/libO/Linux.nag.64.openmpi.default/libesmf.so(ESMCI_FTableCallEntryPointVMHop+0x32e)[0x14ea483ecf5c]
[borgj116:176653] [12] /discover/nobackup/projects/gmao/SIteam/ESMF_Testing/nag_7.2.15_openmpi_O_develop/esmf/DEFAULTINSTALLDIR/lib/libO/Linux.nag.64.openmpi.default/libesmf.so(ESMCI_FTableCallEntryPointVMHop+0x32e)[0x154b5a3bdf5c]
[borgj116:176652] [12] /discover/nobackup/projects/gmao/SIteam/ESMF_Testing/nag_7.2.15_openmpi_O_develop/esmf/DEFAULTINSTALLDIR/lib/libO/Linux.nag.64.openmpi.default/libesmf.so(ESMCI_FTableCallEntryPointVMHop+0x32e)[0x151edb9d9f5c]
[borgj116:176650] [12] /discover/nobackup/projects/gmao/SIteam/ESMF_Testing/nag_7.2.15_openmpi_O_develop/esmf/DEFAULTINSTALLDIR/lib/libO/Linux.nag.64.openmpi.default/libesmf.so(ESMCI_FTableCallEntryPointVMHop+0x32e)[0x14a61ffaaf5c]
[borgj116:176651] [12] /discover/nobackup/projects/gmao/SIteam/ESMF_Testing/nag_7.2.15_openmpi_O_develop/esmf/DEFAULTINSTALLDIR/lib/libO/Linux.nag.64.openmpi.default/libesmf.so(_ZN5ESMCI3VMK5enterEPNS_7VMKPlanEPvS3_+0xd5)[0x151edbdd964b]
[borgj116:176650] [13] /discover/nobackup/projects/gmao/SIteam/ESMF_Testing/nag_7.2.15_openmpi_O_develop/esmf/DEFAULTINSTALLDIR/lib/libO/Linux.nag.64.openmpi.default/libesmf.so(_ZN5ESMCI3VMK5enterEPNS_7VMKPlanEPvS3_+0xd5)[0x14ea487ec64b]
[borgj116:176653] [13] /discover/nobackup/projects/gmao/SIteam/ESMF_Testing/nag_7.2.15_openmpi_O_develop/esmf/DEFAULTINSTALLDIR/lib/libO/Linux.nag.64.openmpi.default/libesmf.so(_ZN5ESMCI3VMK5enterEPNS_7VMKPlanEPvS3_+0xd5)[0x154b5a7bd64b]
[borgj116:176652] [13] /discover/nobackup/projects/gmao/SIteam/ESMF_Testing/nag_7.2.15_openmpi_O_develop/esmf/DEFAULTINSTALLDIR/lib/libO/Linux.nag.64.openmpi.default/libesmf.so(_ZN5ESMCI3VMK5enterEPNS_7VMKPlanEPvS3_+0xd5)[0x14a6203aa64b]
[borgj116:176651] [13] /discover/nobackup/projects/gmao/SIteam/ESMF_Testing/nag_7.2.15_openmpi_O_develop/esmf/DEFAULTINSTALLDIR/lib/libO/Linux.nag.64.openmpi.default/libesmf.so(_ZN5ESMCI2VM5enterEPNS_6VMPlanEPvS3_+0xb7)[0x154b5a7a7565]
[borgj116:176652] [14] /discover/nobackup/projects/gmao/SIteam/ESMF_Testing/nag_7.2.15_openmpi_O_develop/esmf/DEFAULTINSTALLDIR/lib/libO/Linux.nag.64.openmpi.default/libesmf.so(_ZN5ESMCI2VM5enterEPNS_6VMPlanEPvS3_+0xb7)[0x151edbdc3565]
[borgj116:176650] [14] /discover/nobackup/projects/gmao/SIteam/ESMF_Testing/nag_7.2.15_openmpi_O_develop/esmf/DEFAULTINSTALLDIR/lib/libO/Linux.nag.64.openmpi.default/libesmf.so(_ZN5ESMCI2VM5enterEPNS_6VMPlanEPvS3_+0xb7)[0x14ea487d6565]
[borgj116:176653] [14] /discover/nobackup/projects/gmao/SIteam/ESMF_Testing/nag_7.2.15_openmpi_O_develop/esmf/DEFAULTINSTALLDIR/lib/libO/Linux.nag.64.openmpi.default/libesmf.so(_ZN5ESMCI2VM5enterEPNS_6VMPlanEPvS3_+0xb7)[0x14a620394565]
[borgj116:176651] [14] /discover/nobackup/projects/gmao/SIteam/ESMF_Testing/nag_7.2.15_openmpi_O_develop/esmf/DEFAULTINSTALLDIR/lib/libO/Linux.nag.64.openmpi.default/libesmf.so(c_esmc_ftablecallentrypointvm_+0x35f)[0x14ea483ed3f5]
[borgj116:176653] [15] /discover/nobackup/projects/gmao/SIteam/ESMF_Testing/nag_7.2.15_openmpi_O_develop/esmf/DEFAULTINSTALLDIR/lib/libO/Linux.nag.64.openmpi.default/libesmf.so(c_esmc_ftablecallentrypointvm_+0x35f)[0x154b5a3be3f5]
[borgj116:176652] [15] /discover/nobackup/projects/gmao/SIteam/ESMF_Testing/nag_7.2.15_openmpi_O_develop/esmf/DEFAULTINSTALLDIR/lib/libO/Linux.nag.64.openmpi.default/libesmf.so(c_esmc_ftablecallentrypointvm_+0x35f)[0x151edb9da3f5]
[borgj116:176650] [15] /discover/nobackup/projects/gmao/SIteam/ESMF_Testing/nag_7.2.15_openmpi_O_develop/esmf/DEFAULTINSTALLDIR/lib/libO/Linux.nag.64.openmpi.default/libesmf.so(c_esmc_ftablecallentrypointvm_+0x35f)[0x14a61ffab3f5]
[borgj116:176651] [15] /discover/nobackup/projects/gmao/SIteam/ESMF_Testing/nag_7.2.15_openmpi_O_develop/esmf/DEFAULTINSTALLDIR/lib/libO/Linux.nag.64.openmpi.default/libesmf.so(esmf_compmod_MP_esmf_compexecute+0xa6b)[0x14ea48a8518e]
[borgj116:176653] [16] /discover/nobackup/projects/gmao/SIteam/ESMF_Testing/nag_7.2.15_openmpi_O_develop/esmf/DEFAULTINSTALLDIR/lib/libO/Linux.nag.64.openmpi.default/libesmf.so(esmf_compmod_MP_esmf_compexecute+0xa6b)[0x154b5aa5618e]
[borgj116:176652] [16] /discover/nobackup/projects/gmao/SIteam/ESMF_Testing/nag_7.2.15_openmpi_O_develop/esmf/DEFAULTINSTALLDIR/lib/libO/Linux.nag.64.openmpi.default/libesmf.so(esmf_compmod_MP_esmf_compexecute+0xa6b)[0x151edc07218e]
[borgj116:176650] [16] /discover/nobackup/projects/gmao/SIteam/ESMF_Testing/nag_7.2.15_openmpi_O_develop/esmf/DEFAULTINSTALLDIR/lib/libO/Linux.nag.64.openmpi.default/libesmf.so(esmf_compmod_MP_esmf_compexecute+0xa6b)[0x14a62064318e]
[borgj116:176651] [16] /discover/nobackup/projects/gmao/SIteam/ESMF_Testing/nag_7.2.15_openmpi_O_develop/esmf/DEFAULTINSTALLDIR/lib/libO/Linux.nag.64.openmpi.default/libesmf.so(esmf_gridcompmod_MP_esmf_gridcompinitialize+0x176)[0x154b5ad777e5]
[borgj116:176652] [17] /discover/nobackup/projects/gmao/SIteam/ESMF_Testing/nag_7.2.15_openmpi_O_develop/esmf/DEFAULTINSTALLDIR/lib/libO/Linux.nag.64.openmpi.default/libesmf.so(esmf_gridcompmod_MP_esmf_gridcompinitialize+0x176)[0x151edc3937e5]
[borgj116:176650] [17] ./esmApp[0x495356]
[borgj116:176650] [18] /discover/nobackup/projects/gmao/SIteam/ESMF_Testing/nag_7.2.15_openmpi_O_develop/esmf/DEFAULTINSTALLDIR/lib/libO/Linux.nag.64.openmpi.default/libesmf.so(esmf_gridcompmod_MP_esmf_gridcompinitialize+0x176)[0x14ea48da67e5]
[borgj116:176653] [17] ./esmApp[0x495356]
[borgj116:176653] [18] /discover/nobackup/projects/gmao/SIteam/ESMF_Testing/nag_7.2.15_openmpi_O_develop/esmf/DEFAULTINSTALLDIR/lib/libO/Linux.nag.64.openmpi.default/libesmf.so(esmf_gridcompmod_MP_esmf_gridcompinitialize+0x176)[0x14a6209647e5]
[borgj116:176651] [17] ./esmApp[0x495356]
[borgj116:176652] [18] ./esmApp(__NAGf90_cosmp_init+0x123)[0x434223]
[borgj116:176652] ./esmApp(__NAGf90_cosmp_init+0x123)[0x434223]
[borgj116:176650] [19] ./esmApp[0x494f33]
[borgj116:176650] ./esmApp(__NAGf90_cosmp_init+0x123)[0x434223]
[borgj116:176653] [19] ./esmApp[0x494f33]
[borgj116:176653] [20] ./esmApp[0x495356]
[borgj116:176651] [18] ./esmApp(__NAGf90_cosmp_init+0x123)[0x434223]
[borgj116:176651] [19] ./esmApp[0x494f33]
[borgj116:176651] [20] [19] ./esmApp[0x494f33]
[borgj116:176652] [20] /lib64/libc.so.6(__libc_start_main+0xef)[0x154b5863e24d]
[borgj116:176652] [21] ./esmApp[0x40b68a]
[borgj116:176652] *** End of error message ***
/lib64/libc.so.6(__libc_start_main+0xef)[0x14ea4663e24d]
[borgj116:176653] [21] ./esmApp[0x40b68a]
[borgj116:176653] *** End of error message ***
[20] /lib64/libc.so.6(__libc_start_main+0xef)[0x151ed9c3e24d]
[borgj116:176650] [21] ./esmApp[0x40b68a]
[borgj116:176650] *** End of error message ***
/lib64/libc.so.6(__libc_start_main+0xef)[0x14a61e23e24d]
[borgj116:176651] [21] ./esmApp[0x40b68a]
[borgj116:176651] *** End of error message ***
--------------------------------------------------------------------------
Primary job  terminated normally, but 1 process returned
a non-zero exit code. Per user-direction, the job has been aborted.
--------------------------------------------------------------------------
--------------------------------------------------------------------------
mpirun noticed that process rank 3 with PID 176653 on node borgj116 exited on signal 6 (Aborted).
--------------------------------------------------------------------------
2 total processes killed (some possibly by mpirun during cleanup)
