2024-10-14 22:28:28
Runtime Error: Unexpected end of format specificatiRuntime Error: Unexpected end of format specification
Program terminated bRuntime Error: Unexpected end of format specification
Program terminated by I/Runtime Error: Unexpected end of format specification
Program terminated by I/O erroy I/O error on internal r on internal fileO error on internal file
on
Program terminated by I/O error on internal file
file

[borgj179:214539] *** Process received signal ***
[borgj179:214539] Signal: Aborted (6)
[borgj179:214539] Signal code:  (-6)
[borgj179:214541] *** Process received signal ***
[borgj179:214540] *** Process received signal ***
[borgj179:214538] *** Process received signal ***
[borgj179:214541] Signal: Aborted (6)
[borgj179:214541] Signal code:  (-6)
[borgj179:214540] Signal: Aborted (6)
[borgj179:214540] Signal code:  (-6)
[borgj179:214538] Signal: Aborted (6)
[borgj179:214538] Signal code:  (-6)
[borgj179:214539] [ 0] /lib64/libpthread.so.0(+0x16910)[0x1505d3766910]
[borgj179:214539] [ 1] [borgj179:214538] [ 0] [borgj179:214540] [ 0] [borgj179:214541] [ 0] /lib64/libpthread.so.0(+0x16910)[0x15262931e910]
[borgj179:214538] [ 1] /lib64/libc.so.6(gsignal+0x10d)[0x152628a53d2b]
[borgj179:214538] [ 2] /lib64/libpthread.so.0(+0x16910)[0x1465ed7e4910]
[borgj179:214540] [ 1] /lib64/libc.so.6(gsignal+0x10d)[0x1465ecd07d2b]
[borgj179:214540] [ 2] /lib64/libpthread.so.0(+0x16910)[0x1473fa7b0910]
[borgj179:214541] [ 1] /lib64/libc.so.6(gsignal+0x10d)[0x1473f9d07d2b]
[borgj179:214541] [ 2] /lib64/libc.so.6(gsignal+0x10d)[0x1505d2e53d2b]
[borgj179:214539] [ 2] /lib64/libc.so.6(abort+0x177)[0x1505d2e553e5]
[borgj179:214539] [ 3] ./esmApp(__NAGf90_io_abort+0x78)[0x459fa8]
[borgj179:214539] [ 4] ./esmApp(__NAGf90_ioerr+0x1cd)[0x45a60d]
[borgj179:214539] [ 5] /lib64/libc.so.6(abort+0x177)[0x1473f9d093e5]
[borgj179:214541] [ 3] ./esmApp(__NAGf90_io_abort+0x78)[0x459fa8]
[borgj179:214541] [ 4] ./esmApp(__NAGf90_ioerr+0x1cd)[0x45a60d]
[borgj179:214541] [ 5] /lib64/libc.so.6(abort+0x177)[0x1465ecd093e5]
[borgj179:214540] [ 3] ./esmApp(__NAGf90_io_abort+0x78)[0x459fa8]
[borgj179:214540] [ 4] ./esmApp(__NAGf90_ioerr+0x1cd)[0x45a60d]
[borgj179:214540] [ 5] /lib64/libc.so.6(abort+0x177)[0x152628a553e5]
[borgj179:214538] [ 3] ./esmApp(__NAGf90_io_abort+0x78)[0x459fa8]
[borgj179:214538] [ 4] ./esmApp(__NAGf90_ioerr+0x1cd)[0x45a60d]
[borgj179:214538] [ 5] /discover/nobackup/projects/gmao/SIteam/comp/SLES-15/nag/7.2.15/lib/NAG_Fortran/libf72rts.so.1(__NAGf90_maybe_next_edit+0xe19)[0x1505d30aa629]
[borgj179:214539] [ 6] /discover/nobackup/projects/gmao/SIteam/comp/SLES-15/nag/7.2.15/lib/NAG_Fortran/libf72rts.so.1(__NAGf90_maybe_next_edit+0xe19)[0x152628caa629]
[borgj179:214538] [ 6] /discover/nobackup/projects/gmao/SIteam/comp/SLES-15/nag/7.2.15/lib/NAG_Fortran/libf72rts.so.1(__NAGf90_maybe_next_edit+0xe19)[0x1473fa0aa629]
[borgj179:214541] [ 6] /discover/nobackup/projects/gmao/SIteam/comp/SLES-15/nag/7.2.15/lib/NAG_Fortran/libf72rts.so.1(__NAGf90_maybe_next_edit+0xe19)[0x1465ed0aa629]
[borgj179:214540] [ 6] /discover/nobackup/projects/gmao/SIteam/ESMF_Testing/nag_7.2.15_openmpi_O_develop/esmf/DEFAULTINSTALLDIR/lib/libO/Linux.nag.64.openmpi.default/libesmf.so(nuopc_driver_MP_loopdatadependentinitialize+0x3aef)[0x1505d5ab14c0]
[borgj179:214539] [ 7] /discover/nobackup/projects/gmao/SIteam/ESMF_Testing/nag_7.2.15_openmpi_O_develop/esmf/DEFAULTINSTALLDIR/lib/libO/Linux.nag.64.openmpi.default/libesmf.so(nuopc_driver_MP_loopdatadependentinitialize+0x3aef)[0x1465ef9e34c0]
[borgj179:214540] [ 7] /discover/nobackup/projects/gmao/SIteam/ESMF_Testing/nag_7.2.15_openmpi_O_develop/esmf/DEFAULTINSTALLDIR/lib/libO/Linux.nag.64.openmpi.default/libesmf.so(nuopc_driver_MP_loopdatadependentinitialize+0x3aef)[0x15262b6694c0]
[borgj179:214538] [ 7] /discover/nobackup/projects/gmao/SIteam/ESMF_Testing/nag_7.2.15_openmpi_O_develop/esmf/DEFAULTINSTALLDIR/lib/libO/Linux.nag.64.openmpi.default/libesmf.so(nuopc_driver_MP_loopdatadependentinitialize+0x3aef)[0x1473fc9af4c0]
[borgj179:214541] [ 7] /discover/nobackup/projects/gmao/SIteam/ESMF_Testing/nag_7.2.15_openmpi_O_develop/esmf/DEFAULTINSTALLDIR/lib/libO/Linux.nag.64.openmpi.default/libesmf.so(nuopc_driver_MP_initializeipdv02p5data+0x3180)[0x1505d5ac13e2]
[borgj179:214539] [ 8] /discover/nobackup/projects/gmao/SIteam/ESMF_Testing/nag_7.2.15_openmpi_O_develop/esmf/DEFAULTINSTALLDIR/lib/libO/Linux.nag.64.openmpi.default/libesmf.so(nuopc_driver_MP_initializeipdv02p5data+0x3180)[0x1465ef9f33e2]
[borgj179:214540] [ 8] /discover/nobackup/projects/gmao/SIteam/ESMF_Testing/nag_7.2.15_openmpi_O_develop/esmf/DEFAULTINSTALLDIR/lib/libO/Linux.nag.64.openmpi.default/libesmf.so(nuopc_driver_MP_initializeipdv02p5data+0x3180)[0x15262b6793e2]
[borgj179:214538] [ 8] /discover/nobackup/projects/gmao/SIteam/ESMF_Testing/nag_7.2.15_openmpi_O_develop/esmf/DEFAULTINSTALLDIR/lib/libO/Linux.nag.64.openmpi.default/libesmf.so(nuopc_driver_MP_initializeipdv02p5data+0x3180)[0x1473fc9bf3e2]
[borgj179:214541] [ 8] /discover/nobackup/projects/gmao/SIteam/ESMF_Testing/nag_7.2.15_openmpi_O_develop/esmf/DEFAULTINSTALLDIR/lib/libO/Linux.nag.64.openmpi.default/libesmf.so(nuopc_driver_MP_initializeipdv02p5+0x4779)[0x1505d5ac69a7]
[borgj179:214539] [ 9] /discover/nobackup/projects/gmao/SIteam/ESMF_Testing/nag_7.2.15_openmpi_O_develop/esmf/DEFAULTINSTALLDIR/lib/libO/Linux.nag.64.openmpi.default/libesmf.so(nuopc_driver_MP_initializeipdv02p5+0x4779)[0x15262b67e9a7]
[borgj179:214538] [ 9] /discover/nobackup/projects/gmao/SIteam/ESMF_Testing/nag_7.2.15_openmpi_O_develop/esmf/DEFAULTINSTALLDIR/lib/libO/Linux.nag.64.openmpi.default/libesmf.so(nuopc_driver_MP_initializeipdv02p5+0x4779)[0x1473fc9c49a7]
[borgj179:214541] [ 9] /discover/nobackup/projects/gmao/SIteam/ESMF_Testing/nag_7.2.15_openmpi_O_develop/esmf/DEFAULTINSTALLDIR/lib/libO/Linux.nag.64.openmpi.default/libesmf.so(nuopc_driver_MP_initializeipdv02p5+0x4779)[0x1465ef9f89a7]
[borgj179:214540] [ 9] /discover/nobackup/projects/gmao/SIteam/ESMF_Testing/nag_7.2.15_openmpi_O_develop/esmf/DEFAULTINSTALLDIR/lib/libO/Linux.nag.64.openmpi.default/libesmf.so(nuopc_driver_MP_initializegeneric+0x1a06)[0x1505d5afc035]
[borgj179:214539] [10] /discover/nobackup/projects/gmao/SIteam/ESMF_Testing/nag_7.2.15_openmpi_O_develop/esmf/DEFAULTINSTALLDIR/lib/libO/Linux.nag.64.openmpi.default/libesmf.so(nuopc_driver_MP_initializegeneric+0x1a06)[0x15262b6b4035]
[borgj179:214538] [10] /discover/nobackup/projects/gmao/SIteam/ESMF_Testing/nag_7.2.15_openmpi_O_develop/esmf/DEFAULTINSTALLDIR/lib/libO/Linux.nag.64.openmpi.default/libesmf.so(nuopc_driver_MP_initializegeneric+0x1a06)[0x1473fc9fa035]
[borgj179:214541] [10] /discover/nobackup/projects/gmao/SIteam/ESMF_Testing/nag_7.2.15_openmpi_O_develop/esmf/DEFAULTINSTALLDIR/lib/libO/Linux.nag.64.openmpi.default/libesmf.so(nuopc_driver_MP_initializegeneric+0x1a06)[0x1465efa2e035]
[borgj179:214540] [10] /discover/nobackup/projects/gmao/SIteam/ESMF_Testing/nag_7.2.15_openmpi_O_develop/esmf/DEFAULTINSTALLDIR/lib/libO/Linux.nag.64.openmpi.default/libesmf.so(_ZN5ESMCI6FTable12callVFuncPtrEPKcPNS_2VMEPi+0xc55)[0x1505d4c08ce9]
[borgj179:214539] [11] /discover/nobackup/projects/gmao/SIteam/ESMF_Testing/nag_7.2.15_openmpi_O_develop/esmf/DEFAULTINSTALLDIR/lib/libO/Linux.nag.64.openmpi.default/libesmf.so(_ZN5ESMCI6FTable12callVFuncPtrEPKcPNS_2VMEPi+0xc55)[0x15262a7c0ce9]
[borgj179:214538] [11] /discover/nobackup/projects/gmao/SIteam/ESMF_Testing/nag_7.2.15_openmpi_O_develop/esmf/DEFAULTINSTALLDIR/lib/libO/Linux.nag.64.openmpi.default/libesmf.so(_ZN5ESMCI6FTable12callVFuncPtrEPKcPNS_2VMEPi+0xc55)[0x1473fbb06ce9]
[borgj179:214541] [11] /discover/nobackup/projects/gmao/SIteam/ESMF_Testing/nag_7.2.15_openmpi_O_develop/esmf/DEFAULTINSTALLDIR/lib/libO/Linux.nag.64.openmpi.default/libesmf.so(_ZN5ESMCI6FTable12callVFuncPtrEPKcPNS_2VMEPi+0xc55)[0x1465eeb3ace9]
[borgj179:214540] [11] /discover/nobackup/projects/gmao/SIteam/ESMF_Testing/nag_7.2.15_openmpi_O_develop/esmf/DEFAULTINSTALLDIR/lib/libO/Linux.nag.64.openmpi.default/libesmf.so(ESMCI_FTableCallEntryPointVMHop+0x32e)[0x1505d4c05dbc]
[borgj179:214539] [12] /discover/nobackup/projects/gmao/SIteam/ESMF_Testing/nag_7.2.15_openmpi_O_develop/esmf/DEFAULTINSTALLDIR/lib/libO/Linux.nag.64.openmpi.default/libesmf.so(ESMCI_FTableCallEntryPointVMHop+0x32e)[0x1473fbb03dbc]
[borgj179:214541] [12] /discover/nobackup/projects/gmao/SIteam/ESMF_Testing/nag_7.2.15_openmpi_O_develop/esmf/DEFAULTINSTALLDIR/lib/libO/Linux.nag.64.openmpi.default/libesmf.so(ESMCI_FTableCallEntryPointVMHop+0x32e)[0x15262a7bddbc]
[borgj179:214538] [12] /discover/nobackup/projects/gmao/SIteam/ESMF_Testing/nag_7.2.15_openmpi_O_develop/esmf/DEFAULTINSTALLDIR/lib/libO/Linux.nag.64.openmpi.default/libesmf.so(ESMCI_FTableCallEntryPointVMHop+0x32e)[0x1465eeb37dbc]
[borgj179:214540] [12] /discover/nobackup/projects/gmao/SIteam/ESMF_Testing/nag_7.2.15_openmpi_O_develop/esmf/DEFAULTINSTALLDIR/lib/libO/Linux.nag.64.openmpi.default/libesmf.so(_ZN5ESMCI3VMK5enterEPNS_7VMKPlanEPvS3_+0xd5)[0x1505d50054ab]
[borgj179:214539] [13] /discover/nobackup/projects/gmao/SIteam/ESMF_Testing/nag_7.2.15_openmpi_O_develop/esmf/DEFAULTINSTALLDIR/lib/libO/Linux.nag.64.openmpi.default/libesmf.so(_ZN5ESMCI3VMK5enterEPNS_7VMKPlanEPvS3_+0xd5)[0x15262abbd4ab]
[borgj179:214538] [13] /discover/nobackup/projects/gmao/SIteam/ESMF_Testing/nag_7.2.15_openmpi_O_develop/esmf/DEFAULTINSTALLDIR/lib/libO/Linux.nag.64.openmpi.default/libesmf.so(_ZN5ESMCI3VMK5enterEPNS_7VMKPlanEPvS3_+0xd5)[0x1473fbf034ab]
[borgj179:214541] [13] /discover/nobackup/projects/gmao/SIteam/ESMF_Testing/nag_7.2.15_openmpi_O_develop/esmf/DEFAULTINSTALLDIR/lib/libO/Linux.nag.64.openmpi.default/libesmf.so(_ZN5ESMCI3VMK5enterEPNS_7VMKPlanEPvS3_+0xd5)[0x1465eef374ab]
[borgj179:214540] [13] /discover/nobackup/projects/gmao/SIteam/ESMF_Testing/nag_7.2.15_openmpi_O_develop/esmf/DEFAULTINSTALLDIR/lib/libO/Linux.nag.64.openmpi.default/libesmf.so(_ZN5ESMCI2VM5enterEPNS_6VMPlanEPvS3_+0xb7)[0x1505d4fef3c5]
[borgj179:214539] [14] /discover/nobackup/projects/gmao/SIteam/ESMF_Testing/nag_7.2.15_openmpi_O_develop/esmf/DEFAULTINSTALLDIR/lib/libO/Linux.nag.64.openmpi.default/libesmf.so(_ZN5ESMCI2VM5enterEPNS_6VMPlanEPvS3_+0xb7)[0x15262aba73c5]
[borgj179:214538] [14] /discover/nobackup/projects/gmao/SIteam/ESMF_Testing/nag_7.2.15_openmpi_O_develop/esmf/DEFAULTINSTALLDIR/lib/libO/Linux.nag.64.openmpi.default/libesmf.so(_ZN5ESMCI2VM5enterEPNS_6VMPlanEPvS3_+0xb7)[0x1473fbeed3c5]
[borgj179:214541] [14] /discover/nobackup/projects/gmao/SIteam/ESMF_Testing/nag_7.2.15_openmpi_O_develop/esmf/DEFAULTINSTALLDIR/lib/libO/Linux.nag.64.openmpi.default/libesmf.so(_ZN5ESMCI2VM5enterEPNS_6VMPlanEPvS3_+0xb7)[0x1465eef213c5]
[borgj179:214540] [14] /discover/nobackup/projects/gmao/SIteam/ESMF_Testing/nag_7.2.15_openmpi_O_develop/esmf/DEFAULTINSTALLDIR/lib/libO/Linux.nag.64.openmpi.default/libesmf.so(c_esmc_ftablecallentrypointvm_+0x35f)[0x1505d4c06255]
[borgj179:214539] [15] /discover/nobackup/projects/gmao/SIteam/ESMF_Testing/nag_7.2.15_openmpi_O_develop/esmf/DEFAULTINSTALLDIR/lib/libO/Linux.nag.64.openmpi.default/libesmf.so(c_esmc_ftablecallentrypointvm_+0x35f)[0x15262a7be255]
[borgj179:214538] [15] /discover/nobackup/projects/gmao/SIteam/ESMF_Testing/nag_7.2.15_openmpi_O_develop/esmf/DEFAULTINSTALLDIR/lib/libO/Linux.nag.64.openmpi.default/libesmf.so(c_esmc_ftablecallentrypointvm_+0x35f)[0x1473fbb04255]
[borgj179:214541] /discover/nobackup/projects/gmao/SIteam/ESMF_Testing/nag_7.2.15_openmpi_O_develop/esmf/DEFAULTINSTALLDIR/lib/libO/Linux.nag.64.openmpi.default/libesmf.so(c_esmc_ftablecallentrypointvm_+0x35f)[0x1465eeb38255]
[borgj179:214540] [15] [15] /discover/nobackup/projects/gmao/SIteam/ESMF_Testing/nag_7.2.15_openmpi_O_develop/esmf/DEFAULTINSTALLDIR/lib/libO/Linux.nag.64.openmpi.default/libesmf.so(esmf_compmod_MP_esmf_compexecute+0xa3d)[0x1505d529bbb1]
[borgj179:214539] [16] /discover/nobackup/projects/gmao/SIteam/ESMF_Testing/nag_7.2.15_openmpi_O_develop/esmf/DEFAULTINSTALLDIR/lib/libO/Linux.nag.64.openmpi.default/libesmf.so(esmf_compmod_MP_esmf_compexecute+0xa3d)[0x15262ae53bb1]
[borgj179:214538] [16] /discover/nobackup/projects/gmao/SIteam/ESMF_Testing/nag_7.2.15_openmpi_O_develop/esmf/DEFAULTINSTALLDIR/lib/libO/Linux.nag.64.openmpi.default/libesmf.so(esmf_compmod_MP_esmf_compexecute+0xa3d)[0x1473fc199bb1]
[borgj179:214541] /discover/nobackup/projects/gmao/SIteam/ESMF_Testing/nag_7.2.15_openmpi_O_develop/esmf/DEFAULTINSTALLDIR/lib/libO/Linux.nag.64.openmpi.default/libesmf.so(esmf_compmod_MP_esmf_compexecute+0xa3d)[0x1465ef1cdbb1]
[borgj179:214540] [16] [16] /discover/nobackup/projects/gmao/SIteam/ESMF_Testing/nag_7.2.15_openmpi_O_develop/esmf/DEFAULTINSTALLDIR/lib/libO/Linux.nag.64.openmpi.default/libesmf.so(esmf_gridcompmod_MP_esmf_gridcompinitialize+0x176)[0x1505d55bd2e9]
[borgj179:214539] [17] ./esmApp[0x4955de]
[borgj179:214539] [18] /discover/nobackup/projects/gmao/SIteam/ESMF_Testing/nag_7.2.15_openmpi_O_develop/esmf/DEFAULTINSTALLDIR/lib/libO/Linux.nag.64.openmpi.default/libesmf.so(esmf_gridcompmod_MP_esmf_gridcompinitialize+0x176)[0x15262b1752e9]
[borgj179:214538] [17] ./esmApp[0x4955de]
[borgj179:214538] [18] /discover/nobackup/projects/gmao/SIteam/ESMF_Testing/nag_7.2.15_openmpi_O_develop/esmf/DEFAULTINSTALLDIR/lib/libO/Linux.nag.64.openmpi.default/libesmf.so(esmf_gridcompmod_MP_esmf_gridcompinitialize+0x176)[0x1473fc4bb2e9]
[borgj179:214541] [17] /discover/nobackup/projects/gmao/SIteam/ESMF_Testing/nag_7.2.15_openmpi_O_develop/esmf/DEFAULTINSTALLDIR/lib/libO/Linux.nag.64.openmpi.default/libesmf.so(esmf_gridcompmod_MP_esmf_gridcompinitialize+0x176)[0x1465ef4ef2e9]
[borgj179:214540] [17] ./esmApp[0x4955de]
[borgj179:214540] [18] ./esmApp(__NAGf90_cosmp_init+0x123)[0x434213]
[borgj179:214540] [19] ./esmApp[0x494f23]
[borgj179:214540] [20] ./esmApp[0x4955de]
[borgj179:214541] [18] ./esmApp(__NAGf90_cosmp_init+0x123)[0x434213]
[borgj179:214541] [19] ./esmApp[0x494f23]
[borgj179:214541] [20] ./esmApp(__NAGf90_cosmp_init+0x123)[0x434213]
[borgj179:214539] [19] ./esmApp[0x494f23]
[borgj179:214539] [20] /lib64/libc.so.6(__libc_start_main+0xef)[0x1505d2e3e24d]
[borgj179:214539] [21] ./esmApp[0x40b67a]
[borgj179:214539] *** End of error message ***
./esmApp(__NAGf90_cosmp_init+0x123)[0x434213]
[borgj179:214538] [19] ./esmApp[0x494f23]
[borgj179:214538] [20] /lib64/libc.so.6(__libc_start_main+0xef)[0x152628a3e24d]
[borgj179:214538] [21] ./esmApp[0x40b67a]
[borgj179:214538] *** End of error message ***
/lib64/libc.so.6(__libc_start_main+0xef)[0x1465eccf224d]
[borgj179:214540] [21] ./esmApp[0x40b67a]
[borgj179:214540] *** End of error message ***
/lib64/libc.so.6(__libc_start_main+0xef)[0x1473f9cf224d]
[borgj179:214541] [21] ./esmApp[0x40b67a]
[borgj179:214541] *** End of error message ***
--------------------------------------------------------------------------
Primary job  terminated normally, but 1 process returned
a non-zero exit code. Per user-direction, the job has been aborted.
--------------------------------------------------------------------------
--------------------------------------------------------------------------
mpirun noticed that process rank 1 with PID 214539 on node borgj179 exited on signal 6 (Aborted).
--------------------------------------------------------------------------
3 total processes killed (some possibly by mpirun during cleanup)
