2024-10-12 23:34:59
 staggerEdgeLWidth 0 0
 staggerEdgeUWidth 0 0
 staggerAlign 0 0
 staggerEdgeLWidth 1 1
 staggerEdgeUWidth 0 0
 staggerAlign 1 1
 staggerEdgeLWidth 0 1
 staggerEdgeUWidth 1 1
 staggerAlign -1 -1
 staggerEdgeLWidth 1 0
 staggerEdgeUWidth 0 1
 staggerAlign 1 -1
Runtime Error: Unexpected end of formatRuntime Error: Unexpected end of format specification
Program teRuntime Error: Unexpected end of format specification
Program terminatedRuntime Error: Unexpected end of format specification
Program terminated by I/O er specification
Program terminated by I/O errrminated by I/O error on internal fi by I/O error on internal file
or on internal file
le
ror on internal file
[borgl054:227879] *** Process received signal ***
[borgl054:227879] Signal: Aborted (6)
[borgl054:227879] Signal code:  (-6)
[borgl054:227880] *** Process received signal ***
[borgl054:227880] Signal: Aborted (6)
[borgl054:227880] Signal code:  (-6)
[borgl054:227877] *** Process received signal ***
[borgl054:227877] Signal: Aborted (6)
[borgl054:227877] Signal code:  (-6)
[borgl054:227878] *** Process received signal ***
[borgl054:227878] Signal: Aborted (6)
[borgl054:227878] Signal code:  (-6)
[borgl054:227879] [ 0] [borgl054:227880] [ 0] /lib64/libpthread.so.0(+0x16910)[0x14e8045d4910]
[borgl054:227880] [ 1] [borgl054:227877] [ 0] /lib64/libpthread.so.0(+0x16910)[0x1488feb09910]
[borgl054:227879] [ 1] [borgl054:227878] [ 0] /lib64/libpthread.so.0(+0x16910)[0x14d29cde3910]
[borgl054:227878] [ 1] /lib64/libpthread.so.0(+0x16910)[0x14f416fe2910]
[borgl054:227877] [ 1] /lib64/libc.so.6(gsignal+0x10d)[0x14f416507d2b]
[borgl054:227877] [ 2] /lib64/libc.so.6(gsignal+0x10d)[0x14e803b07d2b]
[borgl054:227880] [ 2] /lib64/libc.so.6(abort+0x177)[0x14e803b093e5]
[borgl054:227880] [ 3] /lib64/libc.so.6(gsignal+0x10d)[0x1488fe107d2b]
[borgl054:227879] [ 2] /lib64/libc.so.6(abort+0x177)[0x1488fe1093e5]
[borgl054:227879] [ 3] /lib64/libc.so.6(gsignal+0x10d)[0x14d29c307d2b]
[borgl054:227878] [ 2] /lib64/libc.so.6(abort+0x177)[0x14f4165093e5]
[borgl054:227877] [ 3] ./esmApp(__NAGf90_io_abort+0x78)[0x45b3d8]
[borgl054:227877] [ 4] ./esmApp(__NAGf90_ioerr+0x1cd)[0x45ba3d]
[borgl054:227877] [ 5] /lib64/libc.so.6(abort+0x177)[0x14d29c3093e5]
[borgl054:227878] [ 3] ./esmApp(__NAGf90_io_abort+0x78)[0x45b3d8]
[borgl054:227878] [ 4] ./esmApp(__NAGf90_ioerr+0x1cd)[0x45ba3d]
[borgl054:227878] [ 5] ./esmApp(__NAGf90_io_abort+0x78)[0x45b3d8]
[borgl054:227880] [ 4] ./esmApp(__NAGf90_ioerr+0x1cd)[0x45ba3d]
[borgl054:227880] [ 5] /discover/nobackup/projects/gmao/SIteam/comp/SLES-15/nag/7.2.15/lib/NAG_Fortran/libf72rts.so.1(__NAGf90_maybe_next_edit+0xe19)[0x14e803eaa629]
[borgl054:227880] [ 6] ./esmApp(__NAGf90_io_abort+0x78)[0x45b3d8]
[borgl054:227879] [ 4] ./esmApp(__NAGf90_ioerr+0x1cd)[0x45ba3d]
[borgl054:227879] [ 5] /discover/nobackup/projects/gmao/SIteam/comp/SLES-15/nag/7.2.15/lib/NAG_Fortran/libf72rts.so.1(__NAGf90_maybe_next_edit+0xe19)[0x1488fe4aa629]
[borgl054:227879] [ 6] /discover/nobackup/projects/gmao/SIteam/comp/SLES-15/nag/7.2.15/lib/NAG_Fortran/libf72rts.so.1(__NAGf90_maybe_next_edit+0xe19)[0x14d29c6aa629]
[borgl054:227878] [ 6] /discover/nobackup/projects/gmao/SIteam/comp/SLES-15/nag/7.2.15/lib/NAG_Fortran/libf72rts.so.1(__NAGf90_maybe_next_edit+0xe19)[0x14f4168aa629]
[borgl054:227877] [ 6] /discover/nobackup/projects/gmao/SIteam/ESMF_Testing/nag_7.2.15_openmpi_O_develop/esmf/DEFAULTINSTALLDIR/lib/libO/Linux.nag.64.openmpi.default/libesmf.so(nuopc_driver_MP_loopdatadependentinitialize+0x3aef)[0x14e8067d34c0]
[borgl054:227880] [ 7] /discover/nobackup/projects/gmao/SIteam/ESMF_Testing/nag_7.2.15_openmpi_O_develop/esmf/DEFAULTINSTALLDIR/lib/libO/Linux.nag.64.openmpi.default/libesmf.so(nuopc_driver_MP_loopdatadependentinitialize+0x3aef)[0x148900d084c0]
[borgl054:227879] [ 7] /discover/nobackup/projects/gmao/SIteam/ESMF_Testing/nag_7.2.15_openmpi_O_develop/esmf/DEFAULTINSTALLDIR/lib/libO/Linux.nag.64.openmpi.default/libesmf.so(nuopc_driver_MP_loopdatadependentinitialize+0x3aef)[0x14f4191e14c0]
[borgl054:227877] [ 7] /discover/nobackup/projects/gmao/SIteam/ESMF_Testing/nag_7.2.15_openmpi_O_develop/esmf/DEFAULTINSTALLDIR/lib/libO/Linux.nag.64.openmpi.default/libesmf.so(nuopc_driver_MP_loopdatadependentinitialize+0x3aef)[0x14d29efe24c0]
[borgl054:227878] [ 7] /discover/nobackup/projects/gmao/SIteam/ESMF_Testing/nag_7.2.15_openmpi_O_develop/esmf/DEFAULTINSTALLDIR/lib/libO/Linux.nag.64.openmpi.default/libesmf.so(nuopc_driver_MP_initializeipdv02p5data+0x3180)[0x14e8067e33e2]
[borgl054:227880] [ 8] /discover/nobackup/projects/gmao/SIteam/ESMF_Testing/nag_7.2.15_openmpi_O_develop/esmf/DEFAULTINSTALLDIR/lib/libO/Linux.nag.64.openmpi.default/libesmf.so(nuopc_driver_MP_initializeipdv02p5data+0x3180)[0x148900d183e2]
[borgl054:227879] [ 8] /discover/nobackup/projects/gmao/SIteam/ESMF_Testing/nag_7.2.15_openmpi_O_develop/esmf/DEFAULTINSTALLDIR/lib/libO/Linux.nag.64.openmpi.default/libesmf.so(nuopc_driver_MP_initializeipdv02p5data+0x3180)[0x14d29eff23e2]
[borgl054:227878] [ 8] /discover/nobackup/projects/gmao/SIteam/ESMF_Testing/nag_7.2.15_openmpi_O_develop/esmf/DEFAULTINSTALLDIR/lib/libO/Linux.nag.64.openmpi.default/libesmf.so(nuopc_driver_MP_initializeipdv02p5data+0x3180)[0x14f4191f13e2]
[borgl054:227877] [ 8] /discover/nobackup/projects/gmao/SIteam/ESMF_Testing/nag_7.2.15_openmpi_O_develop/esmf/DEFAULTINSTALLDIR/lib/libO/Linux.nag.64.openmpi.default/libesmf.so(nuopc_driver_MP_initializeipdv02p5+0x4779)[0x14e8067e89a7]
[borgl054:227880] [ 9] /discover/nobackup/projects/gmao/SIteam/ESMF_Testing/nag_7.2.15_openmpi_O_develop/esmf/DEFAULTINSTALLDIR/lib/libO/Linux.nag.64.openmpi.default/libesmf.so(nuopc_driver_MP_initializeipdv02p5+0x4779)[0x148900d1d9a7]
[borgl054:227879] [ 9] /discover/nobackup/projects/gmao/SIteam/ESMF_Testing/nag_7.2.15_openmpi_O_develop/esmf/DEFAULTINSTALLDIR/lib/libO/Linux.nag.64.openmpi.default/libesmf.so(nuopc_driver_MP_initializeipdv02p5+0x4779)[0x14f4191f69a7]
[borgl054:227877] [ 9] /discover/nobackup/projects/gmao/SIteam/ESMF_Testing/nag_7.2.15_openmpi_O_develop/esmf/DEFAULTINSTALLDIR/lib/libO/Linux.nag.64.openmpi.default/libesmf.so(nuopc_driver_MP_initializeipdv02p5+0x4779)[0x14d29eff79a7]
[borgl054:227878] [ 9] /discover/nobackup/projects/gmao/SIteam/ESMF_Testing/nag_7.2.15_openmpi_O_develop/esmf/DEFAULTINSTALLDIR/lib/libO/Linux.nag.64.openmpi.default/libesmf.so(nuopc_driver_MP_initializegeneric+0x1a06)[0x14e80681e035]
[borgl054:227880] [10] /discover/nobackup/projects/gmao/SIteam/ESMF_Testing/nag_7.2.15_openmpi_O_develop/esmf/DEFAULTINSTALLDIR/lib/libO/Linux.nag.64.openmpi.default/libesmf.so(nuopc_driver_MP_initializegeneric+0x1a06)[0x148900d53035]
[borgl054:227879] [10] /discover/nobackup/projects/gmao/SIteam/ESMF_Testing/nag_7.2.15_openmpi_O_develop/esmf/DEFAULTINSTALLDIR/lib/libO/Linux.nag.64.openmpi.default/libesmf.so(nuopc_driver_MP_initializegeneric+0x1a06)[0x14d29f02d035]
[borgl054:227878] [10] /discover/nobackup/projects/gmao/SIteam/ESMF_Testing/nag_7.2.15_openmpi_O_develop/esmf/DEFAULTINSTALLDIR/lib/libO/Linux.nag.64.openmpi.default/libesmf.so(nuopc_driver_MP_initializegeneric+0x1a06)[0x14f41922c035]
[borgl054:227877] [10] /discover/nobackup/projects/gmao/SIteam/ESMF_Testing/nag_7.2.15_openmpi_O_develop/esmf/DEFAULTINSTALLDIR/lib/libO/Linux.nag.64.openmpi.default/libesmf.so(_ZN5ESMCI6FTable12callVFuncPtrEPKcPNS_2VMEPi+0xc55)[0x14e80592ace9]
[borgl054:227880] [11] /discover/nobackup/projects/gmao/SIteam/ESMF_Testing/nag_7.2.15_openmpi_O_develop/esmf/DEFAULTINSTALLDIR/lib/libO/Linux.nag.64.openmpi.default/libesmf.so(_ZN5ESMCI6FTable12callVFuncPtrEPKcPNS_2VMEPi+0xc55)[0x1488ffe5fce9]
[borgl054:227879] [11] /discover/nobackup/projects/gmao/SIteam/ESMF_Testing/nag_7.2.15_openmpi_O_develop/esmf/DEFAULTINSTALLDIR/lib/libO/Linux.nag.64.openmpi.default/libesmf.so(_ZN5ESMCI6FTable12callVFuncPtrEPKcPNS_2VMEPi+0xc55)[0x14d29e139ce9]
[borgl054:227878] [11] /discover/nobackup/projects/gmao/SIteam/ESMF_Testing/nag_7.2.15_openmpi_O_develop/esmf/DEFAULTINSTALLDIR/lib/libO/Linux.nag.64.openmpi.default/libesmf.so(_ZN5ESMCI6FTable12callVFuncPtrEPKcPNS_2VMEPi+0xc55)[0x14f418338ce9]
[borgl054:227877] [11] /discover/nobackup/projects/gmao/SIteam/ESMF_Testing/nag_7.2.15_openmpi_O_develop/esmf/DEFAULTINSTALLDIR/lib/libO/Linux.nag.64.openmpi.default/libesmf.so(ESMCI_FTableCallEntryPointVMHop+0x32e)[0x14e805927dbc]
[borgl054:227880] [12] /discover/nobackup/projects/gmao/SIteam/ESMF_Testing/nag_7.2.15_openmpi_O_develop/esmf/DEFAULTINSTALLDIR/lib/libO/Linux.nag.64.openmpi.default/libesmf.so(ESMCI_FTableCallEntryPointVMHop+0x32e)[0x1488ffe5cdbc]
[borgl054:227879] [12] /discover/nobackup/projects/gmao/SIteam/ESMF_Testing/nag_7.2.15_openmpi_O_develop/esmf/DEFAULTINSTALLDIR/lib/libO/Linux.nag.64.openmpi.default/libesmf.so(ESMCI_FTableCallEntryPointVMHop+0x32e)[0x14f418335dbc]
[borgl054:227877] [12] /discover/nobackup/projects/gmao/SIteam/ESMF_Testing/nag_7.2.15_openmpi_O_develop/esmf/DEFAULTINSTALLDIR/lib/libO/Linux.nag.64.openmpi.default/libesmf.so(ESMCI_FTableCallEntryPointVMHop+0x32e)[0x14d29e136dbc]
[borgl054:227878] [12] /discover/nobackup/projects/gmao/SIteam/ESMF_Testing/nag_7.2.15_openmpi_O_develop/esmf/DEFAULTINSTALLDIR/lib/libO/Linux.nag.64.openmpi.default/libesmf.so(_ZN5ESMCI3VMK5enterEPNS_7VMKPlanEPvS3_+0xd5)[0x14e805d274ab]
[borgl054:227880] [13] /discover/nobackup/projects/gmao/SIteam/ESMF_Testing/nag_7.2.15_openmpi_O_develop/esmf/DEFAULTINSTALLDIR/lib/libO/Linux.nag.64.openmpi.default/libesmf.so(_ZN5ESMCI3VMK5enterEPNS_7VMKPlanEPvS3_+0xd5)[0x14890025c4ab]
[borgl054:227879] [13] /discover/nobackup/projects/gmao/SIteam/ESMF_Testing/nag_7.2.15_openmpi_O_develop/esmf/DEFAULTINSTALLDIR/lib/libO/Linux.nag.64.openmpi.default/libesmf.so(_ZN5ESMCI3VMK5enterEPNS_7VMKPlanEPvS3_+0xd5)[0x14f4187354ab]
[borgl054:227877] [13] /discover/nobackup/projects/gmao/SIteam/ESMF_Testing/nag_7.2.15_openmpi_O_develop/esmf/DEFAULTINSTALLDIR/lib/libO/Linux.nag.64.openmpi.default/libesmf.so(_ZN5ESMCI3VMK5enterEPNS_7VMKPlanEPvS3_+0xd5)[0x14d29e5364ab]
[borgl054:227878] [13] /discover/nobackup/projects/gmao/SIteam/ESMF_Testing/nag_7.2.15_openmpi_O_develop/esmf/DEFAULTINSTALLDIR/lib/libO/Linux.nag.64.openmpi.default/libesmf.so(_ZN5ESMCI2VM5enterEPNS_6VMPlanEPvS3_+0xb7)[0x14e805d113c5]
[borgl054:227880] [14] /discover/nobackup/projects/gmao/SIteam/ESMF_Testing/nag_7.2.15_openmpi_O_develop/esmf/DEFAULTINSTALLDIR/lib/libO/Linux.nag.64.openmpi.default/libesmf.so(_ZN5ESMCI2VM5enterEPNS_6VMPlanEPvS3_+0xb7)[0x1489002463c5]
[borgl054:227879] [14] /discover/nobackup/projects/gmao/SIteam/ESMF_Testing/nag_7.2.15_openmpi_O_develop/esmf/DEFAULTINSTALLDIR/lib/libO/Linux.nag.64.openmpi.default/libesmf.so(_ZN5ESMCI2VM5enterEPNS_6VMPlanEPvS3_+0xb7)[0x14f41871f3c5]
[borgl054:227877] [14] /discover/nobackup/projects/gmao/SIteam/ESMF_Testing/nag_7.2.15_openmpi_O_develop/esmf/DEFAULTINSTALLDIR/lib/libO/Linux.nag.64.openmpi.default/libesmf.so(_ZN5ESMCI2VM5enterEPNS_6VMPlanEPvS3_+0xb7)[0x14d29e5203c5]
[borgl054:227878] [14] /discover/nobackup/projects/gmao/SIteam/ESMF_Testing/nag_7.2.15_openmpi_O_develop/esmf/DEFAULTINSTALLDIR/lib/libO/Linux.nag.64.openmpi.default/libesmf.so(c_esmc_ftablecallentrypointvm_+0x35f)[0x14d29e137255]
[borgl054:227878] [15] /discover/nobackup/projects/gmao/SIteam/ESMF_Testing/nag_7.2.15_openmpi_O_develop/esmf/DEFAULTINSTALLDIR/lib/libO/Linux.nag.64.openmpi.default/libesmf.so(c_esmc_ftablecallentrypointvm_+0x35f)[0x14e805928255]
[borgl054:227880] [15] /discover/nobackup/projects/gmao/SIteam/ESMF_Testing/nag_7.2.15_openmpi_O_develop/esmf/DEFAULTINSTALLDIR/lib/libO/Linux.nag.64.openmpi.default/libesmf.so(c_esmc_ftablecallentrypointvm_+0x35f)[0x1488ffe5d255]
[borgl054:227879] [15] /discover/nobackup/projects/gmao/SIteam/ESMF_Testing/nag_7.2.15_openmpi_O_develop/esmf/DEFAULTINSTALLDIR/lib/libO/Linux.nag.64.openmpi.default/libesmf.so(c_esmc_ftablecallentrypointvm_+0x35f)[0x14f418336255]
[borgl054:227877] [15] /discover/nobackup/projects/gmao/SIteam/ESMF_Testing/nag_7.2.15_openmpi_O_develop/esmf/DEFAULTINSTALLDIR/lib/libO/Linux.nag.64.openmpi.default/libesmf.so(esmf_compmod_MP_esmf_compexecute+0xa3d)[0x14d29e7ccbb1]
[borgl054:227878] [16] /discover/nobackup/projects/gmao/SIteam/ESMF_Testing/nag_7.2.15_openmpi_O_develop/esmf/DEFAULTINSTALLDIR/lib/libO/Linux.nag.64.openmpi.default/libesmf.so(esmf_compmod_MP_esmf_compexecute+0xa3d)[0x14e805fbdbb1]
[borgl054:227880] [16] /discover/nobackup/projects/gmao/SIteam/ESMF_Testing/nag_7.2.15_openmpi_O_develop/esmf/DEFAULTINSTALLDIR/lib/libO/Linux.nag.64.openmpi.default/libesmf.so(esmf_compmod_MP_esmf_compexecute+0xa3d)[0x1489004f2bb1]
[borgl054:227879] [16] /discover/nobackup/projects/gmao/SIteam/ESMF_Testing/nag_7.2.15_openmpi_O_develop/esmf/DEFAULTINSTALLDIR/lib/libO/Linux.nag.64.openmpi.default/libesmf.so(esmf_compmod_MP_esmf_compexecute+0xa3d)[0x14f4189cbbb1]
[borgl054:227877] [16] /discover/nobackup/projects/gmao/SIteam/ESMF_Testing/nag_7.2.15_openmpi_O_develop/esmf/DEFAULTINSTALLDIR/lib/libO/Linux.nag.64.openmpi.default/libesmf.so(esmf_gridcompmod_MP_esmf_gridcompinitialize+0x176)[0x14d29eaee2e9]
[borgl054:227878] [17] ./esmApp[0x496776]
/discover/nobackup/projects/gmao/SIteam/ESMF_Testing/nag_7.2.15_openmpi_O_develop/esmf/DEFAULTINSTALLDIR/lib/libO/Linux.nag.64.openmpi.default/libesmf.so(esmf_gridcompmod_MP_esmf_gridcompinitialize+0x176)[0x14f418ced2e9]
[borgl054:227877] [17] /discover/nobackup/projects/gmao/SIteam/ESMF_Testing/nag_7.2.15_openmpi_O_develop/esmf/DEFAULTINSTALLDIR/lib/libO/Linux.nag.64.openmpi.default/libesmf.so(esmf_gridcompmod_MP_esmf_gridcompinitialize+0x176)[0x14e8062df2e9]
[borgl054:227880] [17] ./esmApp[0x496776]
[borgl054:227880] [18] ./esmApp(__NAGf90_cosmp_init+0x123)[0x435643]
/discover/nobackup/projects/gmao/SIteam/ESMF_Testing/nag_7.2.15_openmpi_O_develop/esmf/DEFAULTINSTALLDIR/lib/libO/Linux.nag.64.openmpi.default/libesmf.so(esmf_gridcompmod_MP_esmf_gridcompinitialize+0x176)[0x1489008142e9]
[borgl054:227879] [17] ./esmApp[0x496776]
[borgl054:227879] [18] [borgl054:227878] [18] ./esmApp(__NAGf90_cosmp_init+0x123)[0x435643]
[borgl054:227878] [19] ./esmApp(__NAGf90_cosmp_init+0x123)[0x435643]
[borgl054:227879] [19] ./esmApp[0x496776]
[borgl054:227877] [18] ./esmApp(__NAGf90_cosmp_init+0x123)[0x435643]
[borgl054:227877] [19] [borgl054:227880] [19] ./esmApp[0x496353]
[borgl054:227880] [20] ./esmApp[0x496353]
[borgl054:227879] [20] /lib64/libc.so.6(__libc_start_main+0xef)[0x1488fe0f224d]
[borgl054:227879] [21] ./esmApp[0x40caaa]
./esmApp[0x496353]
[borgl054:227877] [20] /lib64/libc.so.6(__libc_start_main+0xef)[0x14f4164f224d]
[borgl054:227877] [21] ./esmApp[0x40caaa]
[borgl054:227877] *** End of error message ***
./esmApp[0x496353]
[borgl054:227878] [20] /lib64/libc.so.6(__libc_start_main+0xef)[0x14d29c2f224d]
[borgl054:227878] [21] ./esmApp[0x40caaa]
[borgl054:227878] *** End of error message ***
/lib64/libc.so.6(__libc_start_main+0xef)[0x14e803af224d]
[borgl054:227880] [21] ./esmApp[0x40caaa]
[borgl054:227880] *** End of error message ***
[borgl054:227879] *** End of error message ***
--------------------------------------------------------------------------
Primary job  terminated normally, but 1 process returned
a non-zero exit code. Per user-direction, the job has been aborted.
--------------------------------------------------------------------------
--------------------------------------------------------------------------
mpirun noticed that process rank 1 with PID 227878 on node borgl054 exited on signal 6 (Aborted).
--------------------------------------------------------------------------
