2024-10-17 22:40:11
Runtime Error: Unexpected Runtime Error: Unexpected end of formaend of format specification
ProgrRuntime Error: Unexpected end of format specifiRuntime Error: Unexpected end of format specification
t specification
Program Program terminated by I/O error on internal file
am terminated by I/O error on internal file
cation
Program terminated by I/O error on internal file
terminated by I/O error on internal file
[borgk189:119026] *** Process received signal ***
[borgk189:119026] Signal: Aborted (6)
[borgk189:119026] Signal code:  (-6)
[borgk189:119027] *** Process received signal ***
[borgk189:119027] Signal: Aborted (6)
[borgk189:119027] Signal code:  (-6)
[borgk189:119028] *** Process received signal ***
[borgk189:119028] Signal: Aborted (6)
[borgk189:119028] Signal code:  (-6)
[borgk189:119025] *** Process received signal ***
[borgk189:119025] Signal: Aborted (6)
[borgk189:119025] Signal code:  (-6)
[borgk189:119027] [ 0] [borgk189:119026] [ 0] /lib64/libpthread.so.0(+0x16910)[0x14d91474f910]
[borgk189:119026] [ 1] [borgk189:119028] [ 0] /lib64/libpthread.so.0(+0x16910)[0x150381716910]
[borgk189:119028] [ 1] /lib64/libc.so.6(gsignal+0x10d)[0x14d913e53d2b]
[borgk189:119026] [ 2] [borgk189:119025] [ 0] /lib64/libpthread.so.0(+0x16910)[0x14aa89ee9910]
/lib64/libpthread.so.0(+0x16910)[0x146edff8b910]
[borgk189:119027] [ 1] /lib64/libc.so.6(gsignal+0x10d)[0x146edf507d2b]
[borgk189:119027] [ 2] /lib64/libc.so.6(gsignal+0x10d)[0x150380e53d2b]
[borgk189:119028] [ 2] /lib64/libc.so.6(abort+0x177)[0x14d913e553e5]
[borgk189:119026] [ 3] ./esmApp(__NAGf90_io_abort+0x78)[0x45a728]
[borgk189:119026] [ 4] [borgk189:119025] [ 1] /lib64/libc.so.6(abort+0x177)[0x146edf5093e5]
[borgk189:119027] [ 3] ./esmApp(__NAGf90_io_abort+0x78)[0x45a728]
[borgk189:119027] [ 4] ./esmApp(__NAGf90_ioerr+0x1cd)[0x45ad8d]
[borgk189:119027] [ 5] /discover/nobackup/projects/gmao/SIteam/comp/SLES-15/nag/7.2.15/lib/NAG_Fortran/libf72rts.so.1(__NAGf90_maybe_next_edit+0xe19)[0x146edf8aa629]
[borgk189:119027] [ 6] /lib64/libc.so.6(gsignal+0x10d)[0x14aa89507d2b]
[borgk189:119025] [ 2] /lib64/libc.so.6(abort+0x177)[0x14aa895093e5]
[borgk189:119025] [ 3] ./esmApp(__NAGf90_io_abort+0x78)[0x45a728]
[borgk189:119025] [ 4] ./esmApp(__NAGf90_ioerr+0x1cd)[0x45ad8d]
[borgk189:119025] [ 5] /lib64/libc.so.6(abort+0x177)[0x150380e553e5]
[borgk189:119028] [ 3] ./esmApp(__NAGf90_io_abort+0x78)[0x45a728]
[borgk189:119028] [ 4] ./esmApp(__NAGf90_ioerr+0x1cd)[0x45ad8d]
[borgk189:119028] [ 5] /discover/nobackup/projects/gmao/SIteam/comp/SLES-15/nag/7.2.15/lib/NAG_Fortran/libf72rts.so.1(__NAGf90_maybe_next_edit+0xe19)[0x1503810aa629]
[borgk189:119028] [ 6] ./esmApp(__NAGf90_ioerr+0x1cd)[0x45ad8d]
[borgk189:119026] [ 5] /discover/nobackup/projects/gmao/SIteam/comp/SLES-15/nag/7.2.15/lib/NAG_Fortran/libf72rts.so.1(__NAGf90_maybe_next_edit+0xe19)[0x14d9140aa629]
[borgk189:119026] [ 6] /discover/nobackup/projects/gmao/SIteam/comp/SLES-15/nag/7.2.15/lib/NAG_Fortran/libf72rts.so.1(__NAGf90_maybe_next_edit+0xe19)[0x14aa898aa629]
[borgk189:119025] [ 6] /discover/nobackup/projects/gmao/SIteam/ESMF_Testing/nag_7.2.15_openmpi_O_develop/esmf/DEFAULTINSTALLDIR/lib/libO/Linux.nag.64.openmpi.default/libesmf.so(nuopc_driver_MP_loopdatadependentinitialize+0x3aef)[0x146ee218cccd]
[borgk189:119027] [ 7] /discover/nobackup/projects/gmao/SIteam/ESMF_Testing/nag_7.2.15_openmpi_O_develop/esmf/DEFAULTINSTALLDIR/lib/libO/Linux.nag.64.openmpi.default/libesmf.so(nuopc_driver_MP_loopdatadependentinitialize+0x3aef)[0x14d916a9cccd]
[borgk189:119026] [ 7] /discover/nobackup/projects/gmao/SIteam/ESMF_Testing/nag_7.2.15_openmpi_O_develop/esmf/DEFAULTINSTALLDIR/lib/libO/Linux.nag.64.openmpi.default/libesmf.so(nuopc_driver_MP_loopdatadependentinitialize+0x3aef)[0x14aa8c0eaccd]
[borgk189:119025] [ 7] /discover/nobackup/projects/gmao/SIteam/ESMF_Testing/nag_7.2.15_openmpi_O_develop/esmf/DEFAULTINSTALLDIR/lib/libO/Linux.nag.64.openmpi.default/libesmf.so(nuopc_driver_MP_loopdatadependentinitialize+0x3aef)[0x150383a63ccd]
[borgk189:119028] [ 7] /discover/nobackup/projects/gmao/SIteam/ESMF_Testing/nag_7.2.15_openmpi_O_develop/esmf/DEFAULTINSTALLDIR/lib/libO/Linux.nag.64.openmpi.default/libesmf.so(nuopc_driver_MP_initializeipdv02p5data+0x3180)[0x14d916aacbef]
[borgk189:119026] [ 8] /discover/nobackup/projects/gmao/SIteam/ESMF_Testing/nag_7.2.15_openmpi_O_develop/esmf/DEFAULTINSTALLDIR/lib/libO/Linux.nag.64.openmpi.default/libesmf.so(nuopc_driver_MP_initializeipdv02p5data+0x3180)[0x146ee219cbef]
[borgk189:119027] [ 8] /discover/nobackup/projects/gmao/SIteam/ESMF_Testing/nag_7.2.15_openmpi_O_develop/esmf/DEFAULTINSTALLDIR/lib/libO/Linux.nag.64.openmpi.default/libesmf.so(nuopc_driver_MP_initializeipdv02p5data+0x3180)[0x150383a73bef]
[borgk189:119028] [ 8] /discover/nobackup/projects/gmao/SIteam/ESMF_Testing/nag_7.2.15_openmpi_O_develop/esmf/DEFAULTINSTALLDIR/lib/libO/Linux.nag.64.openmpi.default/libesmf.so(nuopc_driver_MP_initializeipdv02p5data+0x3180)[0x14aa8c0fabef]
[borgk189:119025] [ 8] /discover/nobackup/projects/gmao/SIteam/ESMF_Testing/nag_7.2.15_openmpi_O_develop/esmf/DEFAULTINSTALLDIR/lib/libO/Linux.nag.64.openmpi.default/libesmf.so(nuopc_driver_MP_initializeipdv02p5+0x4779)[0x14d916ab21b4]
[borgk189:119026] [ 9] /discover/nobackup/projects/gmao/SIteam/ESMF_Testing/nag_7.2.15_openmpi_O_develop/esmf/DEFAULTINSTALLDIR/lib/libO/Linux.nag.64.openmpi.default/libesmf.so(nuopc_driver_MP_initializeipdv02p5+0x4779)[0x146ee21a21b4]
[borgk189:119027] [ 9] /discover/nobackup/projects/gmao/SIteam/ESMF_Testing/nag_7.2.15_openmpi_O_develop/esmf/DEFAULTINSTALLDIR/lib/libO/Linux.nag.64.openmpi.default/libesmf.so(nuopc_driver_MP_initializeipdv02p5+0x4779)[0x14aa8c1001b4]
[borgk189:119025] [ 9] /discover/nobackup/projects/gmao/SIteam/ESMF_Testing/nag_7.2.15_openmpi_O_develop/esmf/DEFAULTINSTALLDIR/lib/libO/Linux.nag.64.openmpi.default/libesmf.so(nuopc_driver_MP_initializeipdv02p5+0x4779)[0x150383a791b4]
[borgk189:119028] [ 9] /discover/nobackup/projects/gmao/SIteam/ESMF_Testing/nag_7.2.15_openmpi_O_develop/esmf/DEFAULTINSTALLDIR/lib/libO/Linux.nag.64.openmpi.default/libesmf.so(nuopc_driver_MP_initializegeneric+0x1a06)[0x14d916ae7842]
[borgk189:119026] [10] /discover/nobackup/projects/gmao/SIteam/ESMF_Testing/nag_7.2.15_openmpi_O_develop/esmf/DEFAULTINSTALLDIR/lib/libO/Linux.nag.64.openmpi.default/libesmf.so(nuopc_driver_MP_initializegeneric+0x1a06)[0x146ee21d7842]
[borgk189:119027] [10] /discover/nobackup/projects/gmao/SIteam/ESMF_Testing/nag_7.2.15_openmpi_O_develop/esmf/DEFAULTINSTALLDIR/lib/libO/Linux.nag.64.openmpi.default/libesmf.so(nuopc_driver_MP_initializegeneric+0x1a06)[0x14aa8c135842]
[borgk189:119025] [10] /discover/nobackup/projects/gmao/SIteam/ESMF_Testing/nag_7.2.15_openmpi_O_develop/esmf/DEFAULTINSTALLDIR/lib/libO/Linux.nag.64.openmpi.default/libesmf.so(nuopc_driver_MP_initializegeneric+0x1a06)[0x150383aae842]
[borgk189:119028] [10] /discover/nobackup/projects/gmao/SIteam/ESMF_Testing/nag_7.2.15_openmpi_O_develop/esmf/DEFAULTINSTALLDIR/lib/libO/Linux.nag.64.openmpi.default/libesmf.so(_ZN5ESMCI6FTable12callVFuncPtrEPKcPNS_2VMEPi+0xc55)[0x14d915bf1e89]
[borgk189:119026] [11] /discover/nobackup/projects/gmao/SIteam/ESMF_Testing/nag_7.2.15_openmpi_O_develop/esmf/DEFAULTINSTALLDIR/lib/libO/Linux.nag.64.openmpi.default/libesmf.so(_ZN5ESMCI6FTable12callVFuncPtrEPKcPNS_2VMEPi+0xc55)[0x146ee12e1e89]
[borgk189:119027] [11] /discover/nobackup/projects/gmao/SIteam/ESMF_Testing/nag_7.2.15_openmpi_O_develop/esmf/DEFAULTINSTALLDIR/lib/libO/Linux.nag.64.openmpi.default/libesmf.so(_ZN5ESMCI6FTable12callVFuncPtrEPKcPNS_2VMEPi+0xc55)[0x150382bb8e89]
[borgk189:119028] [11] /discover/nobackup/projects/gmao/SIteam/ESMF_Testing/nag_7.2.15_openmpi_O_develop/esmf/DEFAULTINSTALLDIR/lib/libO/Linux.nag.64.openmpi.default/libesmf.so(_ZN5ESMCI6FTable12callVFuncPtrEPKcPNS_2VMEPi+0xc55)[0x14aa8b23fe89]
[borgk189:119025] [11] /discover/nobackup/projects/gmao/SIteam/ESMF_Testing/nag_7.2.15_openmpi_O_develop/esmf/DEFAULTINSTALLDIR/lib/libO/Linux.nag.64.openmpi.default/libesmf.so(ESMCI_FTableCallEntryPointVMHop+0x32e)[0x14d915beef5c]
[borgk189:119026] [12] /discover/nobackup/projects/gmao/SIteam/ESMF_Testing/nag_7.2.15_openmpi_O_develop/esmf/DEFAULTINSTALLDIR/lib/libO/Linux.nag.64.openmpi.default/libesmf.so(ESMCI_FTableCallEntryPointVMHop+0x32e)[0x146ee12def5c]
[borgk189:119027] [12] /discover/nobackup/projects/gmao/SIteam/ESMF_Testing/nag_7.2.15_openmpi_O_develop/esmf/DEFAULTINSTALLDIR/lib/libO/Linux.nag.64.openmpi.default/libesmf.so(ESMCI_FTableCallEntryPointVMHop+0x32e)[0x150382bb5f5c]
[borgk189:119028] [12] /discover/nobackup/projects/gmao/SIteam/ESMF_Testing/nag_7.2.15_openmpi_O_develop/esmf/DEFAULTINSTALLDIR/lib/libO/Linux.nag.64.openmpi.default/libesmf.so(ESMCI_FTableCallEntryPointVMHop+0x32e)[0x14aa8b23cf5c]
[borgk189:119025] [12] /discover/nobackup/projects/gmao/SIteam/ESMF_Testing/nag_7.2.15_openmpi_O_develop/esmf/DEFAULTINSTALLDIR/lib/libO/Linux.nag.64.openmpi.default/libesmf.so(_ZN5ESMCI3VMK5enterEPNS_7VMKPlanEPvS3_+0xd5)[0x14d915fee64b]
[borgk189:119026] [13] /discover/nobackup/projects/gmao/SIteam/ESMF_Testing/nag_7.2.15_openmpi_O_develop/esmf/DEFAULTINSTALLDIR/lib/libO/Linux.nag.64.openmpi.default/libesmf.so(_ZN5ESMCI3VMK5enterEPNS_7VMKPlanEPvS3_+0xd5)[0x146ee16de64b]
[borgk189:119027] [13] /discover/nobackup/projects/gmao/SIteam/ESMF_Testing/nag_7.2.15_openmpi_O_develop/esmf/DEFAULTINSTALLDIR/lib/libO/Linux.nag.64.openmpi.default/libesmf.so(_ZN5ESMCI3VMK5enterEPNS_7VMKPlanEPvS3_+0xd5)[0x150382fb564b]
[borgk189:119028] [13] /discover/nobackup/projects/gmao/SIteam/ESMF_Testing/nag_7.2.15_openmpi_O_develop/esmf/DEFAULTINSTALLDIR/lib/libO/Linux.nag.64.openmpi.default/libesmf.so(_ZN5ESMCI3VMK5enterEPNS_7VMKPlanEPvS3_+0xd5)[0x14aa8b63c64b]
[borgk189:119025] [13] /discover/nobackup/projects/gmao/SIteam/ESMF_Testing/nag_7.2.15_openmpi_O_develop/esmf/DEFAULTINSTALLDIR/lib/libO/Linux.nag.64.openmpi.default/libesmf.so(_ZN5ESMCI2VM5enterEPNS_6VMPlanEPvS3_+0xb7)[0x14d915fd8565]
[borgk189:119026] [14] /discover/nobackup/projects/gmao/SIteam/ESMF_Testing/nag_7.2.15_openmpi_O_develop/esmf/DEFAULTINSTALLDIR/lib/libO/Linux.nag.64.openmpi.default/libesmf.so(_ZN5ESMCI2VM5enterEPNS_6VMPlanEPvS3_+0xb7)[0x146ee16c8565]
[borgk189:119027] [14] /discover/nobackup/projects/gmao/SIteam/ESMF_Testing/nag_7.2.15_openmpi_O_develop/esmf/DEFAULTINSTALLDIR/lib/libO/Linux.nag.64.openmpi.default/libesmf.so(_ZN5ESMCI2VM5enterEPNS_6VMPlanEPvS3_+0xb7)[0x150382f9f565]
[borgk189:119028] [14] /discover/nobackup/projects/gmao/SIteam/ESMF_Testing/nag_7.2.15_openmpi_O_develop/esmf/DEFAULTINSTALLDIR/lib/libO/Linux.nag.64.openmpi.default/libesmf.so(_ZN5ESMCI2VM5enterEPNS_6VMPlanEPvS3_+0xb7)[0x14aa8b626565]
[borgk189:119025] [14] /discover/nobackup/projects/gmao/SIteam/ESMF_Testing/nag_7.2.15_openmpi_O_develop/esmf/DEFAULTINSTALLDIR/lib/libO/Linux.nag.64.openmpi.default/libesmf.so(c_esmc_ftablecallentrypointvm_+0x35f)[0x14d915bef3f5]
[borgk189:119026] [15] /discover/nobackup/projects/gmao/SIteam/ESMF_Testing/nag_7.2.15_openmpi_O_develop/esmf/DEFAULTINSTALLDIR/lib/libO/Linux.nag.64.openmpi.default/libesmf.so(c_esmc_ftablecallentrypointvm_+0x35f)[0x146ee12df3f5]
[borgk189:119027] [15] /discover/nobackup/projects/gmao/SIteam/ESMF_Testing/nag_7.2.15_openmpi_O_develop/esmf/DEFAULTINSTALLDIR/lib/libO/Linux.nag.64.openmpi.default/libesmf.so(c_esmc_ftablecallentrypointvm_+0x35f)[0x150382bb63f5]
[borgk189:119028] [15] /discover/nobackup/projects/gmao/SIteam/ESMF_Testing/nag_7.2.15_openmpi_O_develop/esmf/DEFAULTINSTALLDIR/lib/libO/Linux.nag.64.openmpi.default/libesmf.so(c_esmc_ftablecallentrypointvm_+0x35f)[0x14aa8b23d3f5]
[borgk189:119025] [15] /discover/nobackup/projects/gmao/SIteam/ESMF_Testing/nag_7.2.15_openmpi_O_develop/esmf/DEFAULTINSTALLDIR/lib/libO/Linux.nag.64.openmpi.default/libesmf.so(esmf_compmod_MP_esmf_compexecute+0xa6b)[0x14d91628718e]
[borgk189:119026] [16] /discover/nobackup/projects/gmao/SIteam/ESMF_Testing/nag_7.2.15_openmpi_O_develop/esmf/DEFAULTINSTALLDIR/lib/libO/Linux.nag.64.openmpi.default/libesmf.so(esmf_compmod_MP_esmf_compexecute+0xa6b)[0x146ee197718e]
[borgk189:119027] [16] /discover/nobackup/projects/gmao/SIteam/ESMF_Testing/nag_7.2.15_openmpi_O_develop/esmf/DEFAULTINSTALLDIR/lib/libO/Linux.nag.64.openmpi.default/libesmf.so(esmf_compmod_MP_esmf_compexecute+0xa6b)[0x15038324e18e]
[borgk189:119028] [16] /discover/nobackup/projects/gmao/SIteam/ESMF_Testing/nag_7.2.15_openmpi_O_develop/esmf/DEFAULTINSTALLDIR/lib/libO/Linux.nag.64.openmpi.default/libesmf.so(esmf_compmod_MP_esmf_compexecute+0xa6b)[0x14aa8b8d518e]
[borgk189:119025] [16] /discover/nobackup/projects/gmao/SIteam/ESMF_Testing/nag_7.2.15_openmpi_O_develop/esmf/DEFAULTINSTALLDIR/lib/libO/Linux.nag.64.openmpi.default/libesmf.so(esmf_gridcompmod_MP_esmf_gridcompinitialize+0x176)[0x14d9165a87e5]
[borgk189:119026] [17] ./esmApp[0x495abe]
[borgk189:119026] [18] ./esmApp(__NAGf90_cosmp_init+0x123)[0x434993]
[borgk189:119026] [19] ./esmApp[0x4956a3]
[borgk189:119026] [20] /discover/nobackup/projects/gmao/SIteam/ESMF_Testing/nag_7.2.15_openmpi_O_develop/esmf/DEFAULTINSTALLDIR/lib/libO/Linux.nag.64.openmpi.default/libesmf.so(esmf_gridcompmod_MP_esmf_gridcompinitialize+0x176)[0x146ee1c987e5]
[borgk189:119027] [17] /discover/nobackup/projects/gmao/SIteam/ESMF_Testing/nag_7.2.15_openmpi_O_develop/esmf/DEFAULTINSTALLDIR/lib/libO/Linux.nag.64.openmpi.default/libesmf.so(esmf_gridcompmod_MP_esmf_gridcompinitialize+0x176)[0x15038356f7e5]
[borgk189:119028] [17] ./esmApp[0x495abe]
[borgk189:119028] [18] /lib64/libc.so.6(__libc_start_main+0xef)[0x14d913e3e24d]
[borgk189:119026] [21] ./esmApp[0x40bdfa]
[borgk189:119026] *** End of error message ***
./esmApp[0x495abe]
[borgk189:119027] [18] ./esmApp(__NAGf90_cosmp_init+0x123)[0x434993]
[borgk189:119027] [19] ./esmApp[0x4956a3]
[borgk189:119027] [20] /discover/nobackup/projects/gmao/SIteam/ESMF_Testing/nag_7.2.15_openmpi_O_develop/esmf/DEFAULTINSTALLDIR/lib/libO/Linux.nag.64.openmpi.default/libesmf.so(esmf_gridcompmod_MP_esmf_gridcompinitialize+0x176)[0x14aa8bbf67e5]
[borgk189:119025] [17] ./esmApp(__NAGf90_cosmp_init+0x123)[0x434993]
[borgk189:119028] [19] ./esmApp[0x4956a3]
[borgk189:119028] /lib64/libc.so.6(__libc_start_main+0xef)[0x146edf4f224d]
[borgk189:119027] [21] ./esmApp[0x40bdfa]
[borgk189:119027] *** End of error message ***
./esmApp[0x495abe]
[borgk189:119025] [18] ./esmApp(__NAGf90_cosmp_init+0x123)[0x434993]
[borgk189:119025] [19] ./esmApp[0x4956a3]
[borgk189:119025] [20] /lib64/libc.so.6(__libc_start_main+0xef)[0x14aa894f224d]
[borgk189:119025] [20] /lib64/libc.so.6(__libc_start_main+0xef)[0x150380e3e24d]
[borgk189:119028] [21] ./esmApp[0x40bdfa]
[borgk189:119028] *** End of error message ***
[21] ./esmApp[0x40bdfa]
[borgk189:119025] *** End of error message ***
--------------------------------------------------------------------------
Primary job  terminated normally, but 1 process returned
a non-zero exit code. Per user-direction, the job has been aborted.
--------------------------------------------------------------------------
--------------------------------------------------------------------------
mpirun noticed that process rank 1 with PID 119026 on node borgk189 exited on signal 6 (Aborted).
--------------------------------------------------------------------------
