2024-10-10 00:38:28
Runtime Error: Unexpected end of Runtime Error: Unexpected end of format specification
PrograRuntime Error: Unexpected end of format specification
Program terminatRuntime Error: Unexpected end of format specification
Program termformat specification
Program terminated by I/Om terminated by I/O error oned by I/O error on internal finated by I/O error on internalile
 error on internal file
 internal file
 file
[borgk088:211715] *** Process received signal ***
[borgk088:211715] Signal: Aborted (6)
[borgk088:211715] Signal code:  (-6)
[borgk088:211716] *** Process received signal ***
[borgk088:211716] Signal: Aborted (6)
[borgk088:211716] Signal code:  (-6)
[borgk088:211717] *** Process received signal ***
[borgk088:211718] *** Process received signal ***
[borgk088:211718] Signal: Aborted (6)
[borgk088:211718] Signal code:  (-6)
[borgk088:211717] Signal: Aborted (6)
[borgk088:211717] Signal code:  (-6)
[borgk088:211715] [ 0] /lib64/libpthread.so.0(+0x16910)[0x14e859fab910]
[borgk088:211715] [ 1] [borgk088:211716] [ 0] [borgk088:211718] [ 0] /lib64/libpthread.so.0(+0x16910)[0x14804c7ab910]
[borgk088:211718] [ 1] /lib64/libpthread.so.0(+0x16910)[0x145bc1510910]
[borgk088:211716] [ 1] /lib64/libc.so.6(gsignal+0x10d)[0x14e859507d2b]
[borgk088:211715] [ 2] [borgk088:211717] [ 0] /lib64/libpthread.so.0(+0x16910)[0x146b5dfe8910]
[borgk088:211717] [ 1] /lib64/libc.so.6(gsignal+0x10d)[0x145bc0b07d2b]
[borgk088:211716] [ 2] /lib64/libc.so.6(gsignal+0x10d)[0x146b5d507d2b]
[borgk088:211717] [ 2] /lib64/libc.so.6(abort+0x177)[0x146b5d5093e5]
[borgk088:211717] [ 3] ./esmApp(__NAGf90_io_abort+0x78)[0x45a498]
/lib64/libc.so.6(abort+0x177)[0x14e8595093e5]
[borgk088:211715] [ 3] ./esmApp(__NAGf90_io_abort+0x78)[0x45a498]
[borgk088:211715] [ 4] ./esmApp(__NAGf90_ioerr+0x1cd)[0x45aafd]
[borgk088:211715] [ 5] /lib64/libc.so.6(gsignal+0x10d)[0x14804bd07d2b]
[borgk088:211718] [ 2] /lib64/libc.so.6(abort+0x177)[0x14804bd093e5]
[borgk088:211718] [ 3] /lib64/libc.so.6(abort+0x177)[0x145bc0b093e5]
[borgk088:211716] [ 3] ./esmApp(__NAGf90_io_abort+0x78)[0x45a498]
[borgk088:211716] [ 4] ./esmApp(__NAGf90_ioerr+0x1cd)[0x45aafd]
[borgk088:211716] [ 5] [borgk088:211717] [ 4] ./esmApp(__NAGf90_ioerr+0x1cd)[0x45aafd]
[borgk088:211717] [ 5] ./esmApp(__NAGf90_io_abort+0x78)[0x45a498]
[borgk088:211718] [ 4] /discover/nobackup/projects/gmao/SIteam/comp/SLES-15/nag/7.2.15/lib/NAG_Fortran/libf72rts.so.1(__NAGf90_maybe_next_edit+0xe19)[0x145bc0eaa629]
[borgk088:211716] [ 6] /discover/nobackup/projects/gmao/SIteam/comp/SLES-15/nag/7.2.15/lib/NAG_Fortran/libf72rts.so.1(__NAGf90_maybe_next_edit+0xe19)[0x14e8598aa629]
[borgk088:211715] [ 6] ./esmApp(__NAGf90_ioerr+0x1cd)[0x45aafd]
[borgk088:211718] [ 5] /discover/nobackup/projects/gmao/SIteam/comp/SLES-15/nag/7.2.15/lib/NAG_Fortran/libf72rts.so.1(__NAGf90_maybe_next_edit+0xe19)[0x14804c0aa629]
[borgk088:211718] [ 6] /discover/nobackup/projects/gmao/SIteam/comp/SLES-15/nag/7.2.15/lib/NAG_Fortran/libf72rts.so.1(__NAGf90_maybe_next_edit+0xe19)[0x146b5d8aa629]
[borgk088:211717] [ 6] /discover/nobackup/projects/gmao/SIteam/ESMF_Testing/nag_7.2.15_openmpi_O_develop/esmf/DEFAULTINSTALLDIR/lib/libO/Linux.nag.64.openmpi.default/libesmf.so(nuopc_driver_MP_loopdatadependentinitialize+0x3aef)[0x145bc370f4c0]
[borgk088:211716] [ 7] /discover/nobackup/projects/gmao/SIteam/ESMF_Testing/nag_7.2.15_openmpi_O_develop/esmf/DEFAULTINSTALLDIR/lib/libO/Linux.nag.64.openmpi.default/libesmf.so(nuopc_driver_MP_loopdatadependentinitialize+0x3aef)[0x14e85c1aa4c0]
[borgk088:211715] [ 7] /discover/nobackup/projects/gmao/SIteam/ESMF_Testing/nag_7.2.15_openmpi_O_develop/esmf/DEFAULTINSTALLDIR/lib/libO/Linux.nag.64.openmpi.default/libesmf.so(nuopc_driver_MP_loopdatadependentinitialize+0x3aef)[0x146b601e74c0]
[borgk088:211717] /discover/nobackup/projects/gmao/SIteam/ESMF_Testing/nag_7.2.15_openmpi_O_develop/esmf/DEFAULTINSTALLDIR/lib/libO/Linux.nag.64.openmpi.default/libesmf.so(nuopc_driver_MP_loopdatadependentinitialize+0x3aef)[0x14804e9aa4c0]
[borgk088:211718] [ 7] [ 7] /discover/nobackup/projects/gmao/SIteam/ESMF_Testing/nag_7.2.15_openmpi_O_develop/esmf/DEFAULTINSTALLDIR/lib/libO/Linux.nag.64.openmpi.default/libesmf.so(nuopc_driver_MP_initializeipdv02p5data+0x3180)[0x145bc371f3e2]
[borgk088:211716] [ 8] /discover/nobackup/projects/gmao/SIteam/ESMF_Testing/nag_7.2.15_openmpi_O_develop/esmf/DEFAULTINSTALLDIR/lib/libO/Linux.nag.64.openmpi.default/libesmf.so(nuopc_driver_MP_initializeipdv02p5data+0x3180)[0x14e85c1ba3e2]
[borgk088:211715] [ 8] /discover/nobackup/projects/gmao/SIteam/ESMF_Testing/nag_7.2.15_openmpi_O_develop/esmf/DEFAULTINSTALLDIR/lib/libO/Linux.nag.64.openmpi.default/libesmf.so(nuopc_driver_MP_initializeipdv02p5data+0x3180)[0x146b601f73e2]
[borgk088:211717] [ 8] /discover/nobackup/projects/gmao/SIteam/ESMF_Testing/nag_7.2.15_openmpi_O_develop/esmf/DEFAULTINSTALLDIR/lib/libO/Linux.nag.64.openmpi.default/libesmf.so(nuopc_driver_MP_initializeipdv02p5data+0x3180)[0x14804e9ba3e2]
[borgk088:211718] [ 8] /discover/nobackup/projects/gmao/SIteam/ESMF_Testing/nag_7.2.15_openmpi_O_develop/esmf/DEFAULTINSTALLDIR/lib/libO/Linux.nag.64.openmpi.default/libesmf.so(nuopc_driver_MP_initializeipdv02p5+0x4779)[0x14e85c1bf9a7]
[borgk088:211715] [ 9] /discover/nobackup/projects/gmao/SIteam/ESMF_Testing/nag_7.2.15_openmpi_O_develop/esmf/DEFAULTINSTALLDIR/lib/libO/Linux.nag.64.openmpi.default/libesmf.so(nuopc_driver_MP_initializeipdv02p5+0x4779)[0x145bc37249a7]
[borgk088:211716] [ 9] /discover/nobackup/projects/gmao/SIteam/ESMF_Testing/nag_7.2.15_openmpi_O_develop/esmf/DEFAULTINSTALLDIR/lib/libO/Linux.nag.64.openmpi.default/libesmf.so(nuopc_driver_MP_initializeipdv02p5+0x4779)[0x14804e9bf9a7]
[borgk088:211718] [ 9] /discover/nobackup/projects/gmao/SIteam/ESMF_Testing/nag_7.2.15_openmpi_O_develop/esmf/DEFAULTINSTALLDIR/lib/libO/Linux.nag.64.openmpi.default/libesmf.so(nuopc_driver_MP_initializeipdv02p5+0x4779)[0x146b601fc9a7]
[borgk088:211717] [ 9] /discover/nobackup/projects/gmao/SIteam/ESMF_Testing/nag_7.2.15_openmpi_O_develop/esmf/DEFAULTINSTALLDIR/lib/libO/Linux.nag.64.openmpi.default/libesmf.so(nuopc_driver_MP_initializegeneric+0x1a06)[0x145bc375a035]
[borgk088:211716] [10] /discover/nobackup/projects/gmao/SIteam/ESMF_Testing/nag_7.2.15_openmpi_O_develop/esmf/DEFAULTINSTALLDIR/lib/libO/Linux.nag.64.openmpi.default/libesmf.so(nuopc_driver_MP_initializegeneric+0x1a06)[0x14e85c1f5035]
[borgk088:211715] [10] /discover/nobackup/projects/gmao/SIteam/ESMF_Testing/nag_7.2.15_openmpi_O_develop/esmf/DEFAULTINSTALLDIR/lib/libO/Linux.nag.64.openmpi.default/libesmf.so(nuopc_driver_MP_initializegeneric+0x1a06)[0x146b60232035]
[borgk088:211717] /discover/nobackup/projects/gmao/SIteam/ESMF_Testing/nag_7.2.15_openmpi_O_develop/esmf/DEFAULTINSTALLDIR/lib/libO/Linux.nag.64.openmpi.default/libesmf.so(nuopc_driver_MP_initializegeneric+0x1a06)[0x14804e9f5035]
[borgk088:211718] [10] [10] /discover/nobackup/projects/gmao/SIteam/ESMF_Testing/nag_7.2.15_openmpi_O_develop/esmf/DEFAULTINSTALLDIR/lib/libO/Linux.nag.64.openmpi.default/libesmf.so(_ZN5ESMCI6FTable12callVFuncPtrEPKcPNS_2VMEPi+0xc55)[0x14e85b301ce9]
[borgk088:211715] [11] /discover/nobackup/projects/gmao/SIteam/ESMF_Testing/nag_7.2.15_openmpi_O_develop/esmf/DEFAULTINSTALLDIR/lib/libO/Linux.nag.64.openmpi.default/libesmf.so(_ZN5ESMCI6FTable12callVFuncPtrEPKcPNS_2VMEPi+0xc55)[0x145bc2866ce9]
[borgk088:211716] [11] /discover/nobackup/projects/gmao/SIteam/ESMF_Testing/nag_7.2.15_openmpi_O_develop/esmf/DEFAULTINSTALLDIR/lib/libO/Linux.nag.64.openmpi.default/libesmf.so(_ZN5ESMCI6FTable12callVFuncPtrEPKcPNS_2VMEPi+0xc55)[0x146b5f33ece9]
[borgk088:211717] [11] /discover/nobackup/projects/gmao/SIteam/ESMF_Testing/nag_7.2.15_openmpi_O_develop/esmf/DEFAULTINSTALLDIR/lib/libO/Linux.nag.64.openmpi.default/libesmf.so(_ZN5ESMCI6FTable12callVFuncPtrEPKcPNS_2VMEPi+0xc55)[0x14804db01ce9]
[borgk088:211718] [11] /discover/nobackup/projects/gmao/SIteam/ESMF_Testing/nag_7.2.15_openmpi_O_develop/esmf/DEFAULTINSTALLDIR/lib/libO/Linux.nag.64.openmpi.default/libesmf.so(ESMCI_FTableCallEntryPointVMHop+0x32e)[0x14e85b2fedbc]
[borgk088:211715] [12] /discover/nobackup/projects/gmao/SIteam/ESMF_Testing/nag_7.2.15_openmpi_O_develop/esmf/DEFAULTINSTALLDIR/lib/libO/Linux.nag.64.openmpi.default/libesmf.so(ESMCI_FTableCallEntryPointVMHop+0x32e)[0x145bc2863dbc]
[borgk088:211716] [12] /discover/nobackup/projects/gmao/SIteam/ESMF_Testing/nag_7.2.15_openmpi_O_develop/esmf/DEFAULTINSTALLDIR/lib/libO/Linux.nag.64.openmpi.default/libesmf.so(ESMCI_FTableCallEntryPointVMHop+0x32e)[0x146b5f33bdbc]
[borgk088:211717] [12] /discover/nobackup/projects/gmao/SIteam/ESMF_Testing/nag_7.2.15_openmpi_O_develop/esmf/DEFAULTINSTALLDIR/lib/libO/Linux.nag.64.openmpi.default/libesmf.so(ESMCI_FTableCallEntryPointVMHop+0x32e)[0x14804dafedbc]
[borgk088:211718] [12] /discover/nobackup/projects/gmao/SIteam/ESMF_Testing/nag_7.2.15_openmpi_O_develop/esmf/DEFAULTINSTALLDIR/lib/libO/Linux.nag.64.openmpi.default/libesmf.so(_ZN5ESMCI3VMK5enterEPNS_7VMKPlanEPvS3_+0xd5)[0x14804defe4ab]
[borgk088:211718] [13] /discover/nobackup/projects/gmao/SIteam/ESMF_Testing/nag_7.2.15_openmpi_O_develop/esmf/DEFAULTINSTALLDIR/lib/libO/Linux.nag.64.openmpi.default/libesmf.so(_ZN5ESMCI3VMK5enterEPNS_7VMKPlanEPvS3_+0xd5)[0x145bc2c634ab]
[borgk088:211716] [13] /discover/nobackup/projects/gmao/SIteam/ESMF_Testing/nag_7.2.15_openmpi_O_develop/esmf/DEFAULTINSTALLDIR/lib/libO/Linux.nag.64.openmpi.default/libesmf.so(_ZN5ESMCI3VMK5enterEPNS_7VMKPlanEPvS3_+0xd5)[0x14e85b6fe4ab]
[borgk088:211715] [13] /discover/nobackup/projects/gmao/SIteam/ESMF_Testing/nag_7.2.15_openmpi_O_develop/esmf/DEFAULTINSTALLDIR/lib/libO/Linux.nag.64.openmpi.default/libesmf.so(_ZN5ESMCI3VMK5enterEPNS_7VMKPlanEPvS3_+0xd5)[0x146b5f73b4ab]
[borgk088:211717] [13] /discover/nobackup/projects/gmao/SIteam/ESMF_Testing/nag_7.2.15_openmpi_O_develop/esmf/DEFAULTINSTALLDIR/lib/libO/Linux.nag.64.openmpi.default/libesmf.so(_ZN5ESMCI2VM5enterEPNS_6VMPlanEPvS3_+0xb7)[0x14804dee83c5]
[borgk088:211718] [14] /discover/nobackup/projects/gmao/SIteam/ESMF_Testing/nag_7.2.15_openmpi_O_develop/esmf/DEFAULTINSTALLDIR/lib/libO/Linux.nag.64.openmpi.default/libesmf.so(_ZN5ESMCI2VM5enterEPNS_6VMPlanEPvS3_+0xb7)[0x145bc2c4d3c5]
[borgk088:211716] [14] /discover/nobackup/projects/gmao/SIteam/ESMF_Testing/nag_7.2.15_openmpi_O_develop/esmf/DEFAULTINSTALLDIR/lib/libO/Linux.nag.64.openmpi.default/libesmf.so(_ZN5ESMCI2VM5enterEPNS_6VMPlanEPvS3_+0xb7)[0x14e85b6e83c5]
[borgk088:211715] [14] /discover/nobackup/projects/gmao/SIteam/ESMF_Testing/nag_7.2.15_openmpi_O_develop/esmf/DEFAULTINSTALLDIR/lib/libO/Linux.nag.64.openmpi.default/libesmf.so(_ZN5ESMCI2VM5enterEPNS_6VMPlanEPvS3_+0xb7)[0x146b5f7253c5]
[borgk088:211717] [14] /discover/nobackup/projects/gmao/SIteam/ESMF_Testing/nag_7.2.15_openmpi_O_develop/esmf/DEFAULTINSTALLDIR/lib/libO/Linux.nag.64.openmpi.default/libesmf.so(c_esmc_ftablecallentrypointvm_+0x35f)[0x14e85b2ff255]
[borgk088:211715] [15] /discover/nobackup/projects/gmao/SIteam/ESMF_Testing/nag_7.2.15_openmpi_O_develop/esmf/DEFAULTINSTALLDIR/lib/libO/Linux.nag.64.openmpi.default/libesmf.so(c_esmc_ftablecallentrypointvm_+0x35f)[0x14804daff255]
[borgk088:211718] [15] /discover/nobackup/projects/gmao/SIteam/ESMF_Testing/nag_7.2.15_openmpi_O_develop/esmf/DEFAULTINSTALLDIR/lib/libO/Linux.nag.64.openmpi.default/libesmf.so(c_esmc_ftablecallentrypointvm_+0x35f)[0x145bc2864255]
[borgk088:211716] [15] /discover/nobackup/projects/gmao/SIteam/ESMF_Testing/nag_7.2.15_openmpi_O_develop/esmf/DEFAULTINSTALLDIR/lib/libO/Linux.nag.64.openmpi.default/libesmf.so(c_esmc_ftablecallentrypointvm_+0x35f)[0x146b5f33c255]
[borgk088:211717] [15] /discover/nobackup/projects/gmao/SIteam/ESMF_Testing/nag_7.2.15_openmpi_O_develop/esmf/DEFAULTINSTALLDIR/lib/libO/Linux.nag.64.openmpi.default/libesmf.so(esmf_compmod_MP_esmf_compexecute+0xa3d)[0x145bc2ef9bb1]
[borgk088:211716] [16] /discover/nobackup/projects/gmao/SIteam/ESMF_Testing/nag_7.2.15_openmpi_O_develop/esmf/DEFAULTINSTALLDIR/lib/libO/Linux.nag.64.openmpi.default/libesmf.so(esmf_compmod_MP_esmf_compexecute+0xa3d)[0x14e85b994bb1]
[borgk088:211715] [16] /discover/nobackup/projects/gmao/SIteam/ESMF_Testing/nag_7.2.15_openmpi_O_develop/esmf/DEFAULTINSTALLDIR/lib/libO/Linux.nag.64.openmpi.default/libesmf.so(esmf_compmod_MP_esmf_compexecute+0xa3d)[0x14804e194bb1]
[borgk088:211718] [16] /discover/nobackup/projects/gmao/SIteam/ESMF_Testing/nag_7.2.15_openmpi_O_develop/esmf/DEFAULTINSTALLDIR/lib/libO/Linux.nag.64.openmpi.default/libesmf.so(esmf_compmod_MP_esmf_compexecute+0xa3d)[0x146b5f9d1bb1]
[borgk088:211717] [16] /discover/nobackup/projects/gmao/SIteam/ESMF_Testing/nag_7.2.15_openmpi_O_develop/esmf/DEFAULTINSTALLDIR/lib/libO/Linux.nag.64.openmpi.default/libesmf.so(esmf_gridcompmod_MP_esmf_gridcompinitialize+0x176)[0x14804e4b62e9]
[borgk088:211718] [17] /discover/nobackup/projects/gmao/SIteam/ESMF_Testing/nag_7.2.15_openmpi_O_develop/esmf/DEFAULTINSTALLDIR/lib/libO/Linux.nag.64.openmpi.default/libesmf.so(esmf_gridcompmod_MP_esmf_gridcompinitialize+0x176)[0x145bc321b2e9]
[borgk088:211716] [17] ./esmApp[0x4958d5]
[borgk088:211716] [18] /discover/nobackup/projects/gmao/SIteam/ESMF_Testing/nag_7.2.15_openmpi_O_develop/esmf/DEFAULTINSTALLDIR/lib/libO/Linux.nag.64.openmpi.default/libesmf.so(esmf_gridcompmod_MP_esmf_gridcompinitialize+0x176)[0x14e85bcb62e9]
[borgk088:211715] [17] ./esmApp[0x4958d5]
[borgk088:211715] [18] ./esmApp[0x4958d5]
[borgk088:211718] [18] ./esmApp(__NAGf90_cosmp_init+0x123)[0x434703]
[borgk088:211716] [19] /discover/nobackup/projects/gmao/SIteam/ESMF_Testing/nag_7.2.15_openmpi_O_develop/esmf/DEFAULTINSTALLDIR/lib/libO/Linux.nag.64.openmpi.default/libesmf.so(esmf_gridcompmod_MP_esmf_gridcompinitialize+0x176)[0x146b5fcf32e9]
[borgk088:211717] [17] ./esmApp[0x495413]
[borgk088:211716] [20] /lib64/libc.so.6(__libc_start_main+0xef)[0x145bc0af224d]
[borgk088:211716] [21] ./esmApp[0x40bb6a]
[borgk088:211716] *** End of error message ***
./esmApp(__NAGf90_cosmp_init+0x123)[0x434703]
[borgk088:211715] [19] ./esmApp[0x495413]
[borgk088:211715] [20] /lib64/libc.so.6(__libc_start_main+0xef)[0x14e8594f224d]
[borgk088:211715] [21] ./esmApp[0x40bb6a]
[borgk088:211715] *** End of error message ***
./esmApp(__NAGf90_cosmp_init+0x123)[0x434703]
[borgk088:211718] [19] ./esmApp[0x495413]
[borgk088:211718] [20] /lib64/libc.so.6(__libc_start_main+0xef)[0x14804bcf224d]
[borgk088:211718] [21] ./esmApp[0x40bb6a]
[borgk088:211718] *** End of error message ***
./esmApp[0x4958d5]
[borgk088:211717] [18] ./esmApp(__NAGf90_cosmp_init+0x123)[0x434703]
[borgk088:211717] [19] ./esmApp[0x495413]
[borgk088:211717] [20] /lib64/libc.so.6(__libc_start_main+0xef)[0x146b5d4f224d]
[borgk088:211717] [21] ./esmApp[0x40bb6a]
[borgk088:211717] *** End of error message ***
--------------------------------------------------------------------------
Primary job  terminated normally, but 1 process returned
a non-zero exit code. Per user-direction, the job has been aborted.
--------------------------------------------------------------------------
--------------------------------------------------------------------------
mpirun noticed that process rank 1 with PID 211716 on node borgk088 exited on signal 6 (Aborted).
--------------------------------------------------------------------------
