2024-10-13 22:49:59
Runtime Error: Unexpected end oRuntime Error: Unexpected end of format specifRuntime Error: Unexpected end of format specification
Runtime Error: Unexpected end of format specification
Program terminatProgram terminated by ication
Program terminated by I/f format specification
Program terminated by I/O error on ined by I/O error on internal file
[borgk146:41855] *** Process received signal ***
[borgk146:41855] Signal: Aborted (6)
[borgk146:41855] Signal code:  (-6)
I/O error on internal file
[borgk146:41858] *** Process received signal ***
[borgk146:41858] Signal: Aborted (6)
[borgk146:41858] Signal code:  (-6)
O error on internal file
[borgk146:41857] *** Process received signal ***
[borgk146:41857] Signal: Aborted (6)
[borgk146:41857] Signal code:  (-6)
ternal file
[borgk146:41856] *** Process received signal ***
[borgk146:41856] Signal: Aborted (6)
[borgk146:41856] Signal code:  (-6)
[borgk146:41858] [ 0] /lib64/libpthread.so.0(+0x16910)[0x14d8ca750910]
[borgk146:41856] [ 0] /lib64/libpthread.so.0(+0x16910)[0x154e52b35910]
[borgk146:41856] [borgk146:41857] [ 0] /lib64/libpthread.so.0(+0x16910)[0x14de8e8fc910]
[borgk146:41857] [ 1] [borgk146:41855] [ 0] /lib64/libpthread.so.0(+0x16910)[0x1464caed9910]
[borgk146:41855] [ 1] [borgk146:41858] [ 1] [ 1] /lib64/libc.so.6(gsignal+0x10d)[0x14d8c9d07d2b]
[borgk146:41858] [ 2] /lib64/libc.so.6(abort+0x177)[0x14d8c9d093e5]
[borgk146:41858] [ 3] ./esmApp(__NAGf90_io_abort+0x78)[0x459d98]
[borgk146:41858] [ 4] ./esmApp(__NAGf90_ioerr+0x1cd)[0x45a3fd]
[borgk146:41858] [ 5] /lib64/libc.so.6(gsignal+0x10d)[0x14de8e053d2b]
[borgk146:41857] [ 2] /lib64/libc.so.6(abort+0x177)[0x14de8e0553e5]
[borgk146:41857] [ 3] ./esmApp(__NAGf90_io_abort+0x78)[0x459d98]
[borgk146:41857] [ 4] ./esmApp(__NAGf90_ioerr+0x1cd)[0x45a3fd]
[borgk146:41857] [ 5] /lib64/libc.so.6(gsignal+0x10d)[0x1464ca653d2b]
[borgk146:41855] [ 2] /lib64/libc.so.6(abort+0x177)[0x1464ca6553e5]
[borgk146:41855] [ 3] ./esmApp(__NAGf90_io_abort+0x78)[0x459d98]
[borgk146:41855] [ 4] ./esmApp(__NAGf90_ioerr+0x1cd)[0x45a3fd]
[borgk146:41855] [ 5] /lib64/libc.so.6(gsignal+0x10d)[0x154e52253d2b]
[borgk146:41856] [ 2] /lib64/libc.so.6(abort+0x177)[0x154e522553e5]
[borgk146:41856] [ 3] ./esmApp(__NAGf90_io_abort+0x78)[0x459d98]
[borgk146:41856] [ 4] ./esmApp(__NAGf90_ioerr+0x1cd)[0x45a3fd]
[borgk146:41856] [ 5] /discover/nobackup/projects/gmao/SIteam/comp/SLES-15/nag/7.2.15/lib/NAG_Fortran/libf72rts.so.1(__NAGf90_maybe_next_edit+0xe19)[0x154e524aa629]
[borgk146:41856] [ 6] /discover/nobackup/projects/gmao/SIteam/comp/SLES-15/nag/7.2.15/lib/NAG_Fortran/libf72rts.so.1(__NAGf90_maybe_next_edit+0xe19)[0x1464ca8aa629]
[borgk146:41855] [ 6] /discover/nobackup/projects/gmao/SIteam/comp/SLES-15/nag/7.2.15/lib/NAG_Fortran/libf72rts.so.1(__NAGf90_maybe_next_edit+0xe19)[0x14d8ca0aa629]
[borgk146:41858] [ 6] /discover/nobackup/projects/gmao/SIteam/comp/SLES-15/nag/7.2.15/lib/NAG_Fortran/libf72rts.so.1(__NAGf90_maybe_next_edit+0xe19)[0x14de8e2aa629]
[borgk146:41857] [ 6] /discover/nobackup/projects/gmao/SIteam/ESMF_Testing/nag_7.2.15_openmpi_O_develop/esmf/DEFAULTINSTALLDIR/lib/libO/Linux.nag.64.openmpi.default/libesmf.so(nuopc_driver_MP_loopdatadependentinitialize+0x3aef)[0x154e54e804c0]
[borgk146:41856] [ 7] /discover/nobackup/projects/gmao/SIteam/ESMF_Testing/nag_7.2.15_openmpi_O_develop/esmf/DEFAULTINSTALLDIR/lib/libO/Linux.nag.64.openmpi.default/libesmf.so(nuopc_driver_MP_loopdatadependentinitialize+0x3aef)[0x1464cd2244c0]
[borgk146:41855] [ 7] /discover/nobackup/projects/gmao/SIteam/ESMF_Testing/nag_7.2.15_openmpi_O_develop/esmf/DEFAULTINSTALLDIR/lib/libO/Linux.nag.64.openmpi.default/libesmf.so(nuopc_driver_MP_loopdatadependentinitialize+0x3aef)[0x14d8cc94f4c0]
[borgk146:41858] [ 7] /discover/nobackup/projects/gmao/SIteam/ESMF_Testing/nag_7.2.15_openmpi_O_develop/esmf/DEFAULTINSTALLDIR/lib/libO/Linux.nag.64.openmpi.default/libesmf.so(nuopc_driver_MP_loopdatadependentinitialize+0x3aef)[0x14de90c474c0]
[borgk146:41857] [ 7] /discover/nobackup/projects/gmao/SIteam/ESMF_Testing/nag_7.2.15_openmpi_O_develop/esmf/DEFAULTINSTALLDIR/lib/libO/Linux.nag.64.openmpi.default/libesmf.so(nuopc_driver_MP_initializeipdv02p5data+0x3180)[0x14d8cc95f3e2]
[borgk146:41858] [ 8] /discover/nobackup/projects/gmao/SIteam/ESMF_Testing/nag_7.2.15_openmpi_O_develop/esmf/DEFAULTINSTALLDIR/lib/libO/Linux.nag.64.openmpi.default/libesmf.so(nuopc_driver_MP_initializeipdv02p5data+0x3180)[0x154e54e903e2]
[borgk146:41856] [ 8] /discover/nobackup/projects/gmao/SIteam/ESMF_Testing/nag_7.2.15_openmpi_O_develop/esmf/DEFAULTINSTALLDIR/lib/libO/Linux.nag.64.openmpi.default/libesmf.so(nuopc_driver_MP_initializeipdv02p5data+0x3180)[0x1464cd2343e2]
[borgk146:41855] [ 8] /discover/nobackup/projects/gmao/SIteam/ESMF_Testing/nag_7.2.15_openmpi_O_develop/esmf/DEFAULTINSTALLDIR/lib/libO/Linux.nag.64.openmpi.default/libesmf.so(nuopc_driver_MP_initializeipdv02p5data+0x3180)[0x14de90c573e2]
[borgk146:41857] [ 8] /discover/nobackup/projects/gmao/SIteam/ESMF_Testing/nag_7.2.15_openmpi_O_develop/esmf/DEFAULTINSTALLDIR/lib/libO/Linux.nag.64.openmpi.default/libesmf.so(nuopc_driver_MP_initializeipdv02p5+0x4779)[0x14de90c5c9a7]
[borgk146:41857] [ 9] /discover/nobackup/projects/gmao/SIteam/ESMF_Testing/nag_7.2.15_openmpi_O_develop/esmf/DEFAULTINSTALLDIR/lib/libO/Linux.nag.64.openmpi.default/libesmf.so(nuopc_driver_MP_initializeipdv02p5+0x4779)[0x1464cd2399a7]
[borgk146:41855] [ 9] /discover/nobackup/projects/gmao/SIteam/ESMF_Testing/nag_7.2.15_openmpi_O_develop/esmf/DEFAULTINSTALLDIR/lib/libO/Linux.nag.64.openmpi.default/libesmf.so(nuopc_driver_MP_initializeipdv02p5+0x4779)[0x14d8cc9649a7]
[borgk146:41858] [ 9] /discover/nobackup/projects/gmao/SIteam/ESMF_Testing/nag_7.2.15_openmpi_O_develop/esmf/DEFAULTINSTALLDIR/lib/libO/Linux.nag.64.openmpi.default/libesmf.so(nuopc_driver_MP_initializeipdv02p5+0x4779)[0x154e54e959a7]
[borgk146:41856] [ 9] /discover/nobackup/projects/gmao/SIteam/ESMF_Testing/nag_7.2.15_openmpi_O_develop/esmf/DEFAULTINSTALLDIR/lib/libO/Linux.nag.64.openmpi.default/libesmf.so(nuopc_driver_MP_initializegeneric+0x1a06)[0x14de90c92035]
[borgk146:41857] [10] /discover/nobackup/projects/gmao/SIteam/ESMF_Testing/nag_7.2.15_openmpi_O_develop/esmf/DEFAULTINSTALLDIR/lib/libO/Linux.nag.64.openmpi.default/libesmf.so(nuopc_driver_MP_initializegeneric+0x1a06)[0x1464cd26f035]
[borgk146:41855] [10] /discover/nobackup/projects/gmao/SIteam/ESMF_Testing/nag_7.2.15_openmpi_O_develop/esmf/DEFAULTINSTALLDIR/lib/libO/Linux.nag.64.openmpi.default/libesmf.so(nuopc_driver_MP_initializegeneric+0x1a06)[0x14d8cc99a035]
[borgk146:41858] [10] /discover/nobackup/projects/gmao/SIteam/ESMF_Testing/nag_7.2.15_openmpi_O_develop/esmf/DEFAULTINSTALLDIR/lib/libO/Linux.nag.64.openmpi.default/libesmf.so(nuopc_driver_MP_initializegeneric+0x1a06)[0x154e54ecb035]
[borgk146:41856] [10] /discover/nobackup/projects/gmao/SIteam/ESMF_Testing/nag_7.2.15_openmpi_O_develop/esmf/DEFAULTINSTALLDIR/lib/libO/Linux.nag.64.openmpi.default/libesmf.so(_ZN5ESMCI6FTable12callVFuncPtrEPKcPNS_2VMEPi+0xc55)[0x14de8fd9ece9]
[borgk146:41857] [11] /discover/nobackup/projects/gmao/SIteam/ESMF_Testing/nag_7.2.15_openmpi_O_develop/esmf/DEFAULTINSTALLDIR/lib/libO/Linux.nag.64.openmpi.default/libesmf.so(_ZN5ESMCI6FTable12callVFuncPtrEPKcPNS_2VMEPi+0xc55)[0x1464cc37bce9]
[borgk146:41855] [11] /discover/nobackup/projects/gmao/SIteam/ESMF_Testing/nag_7.2.15_openmpi_O_develop/esmf/DEFAULTINSTALLDIR/lib/libO/Linux.nag.64.openmpi.default/libesmf.so(_ZN5ESMCI6FTable12callVFuncPtrEPKcPNS_2VMEPi+0xc55)[0x154e53fd7ce9]
[borgk146:41856] [11] /discover/nobackup/projects/gmao/SIteam/ESMF_Testing/nag_7.2.15_openmpi_O_develop/esmf/DEFAULTINSTALLDIR/lib/libO/Linux.nag.64.openmpi.default/libesmf.so(_ZN5ESMCI6FTable12callVFuncPtrEPKcPNS_2VMEPi+0xc55)[0x14d8cbaa6ce9]
[borgk146:41858] [11] /discover/nobackup/projects/gmao/SIteam/ESMF_Testing/nag_7.2.15_openmpi_O_develop/esmf/DEFAULTINSTALLDIR/lib/libO/Linux.nag.64.openmpi.default/libesmf.so(ESMCI_FTableCallEntryPointVMHop+0x32e)[0x1464cc378dbc]
[borgk146:41855] [12] /discover/nobackup/projects/gmao/SIteam/ESMF_Testing/nag_7.2.15_openmpi_O_develop/esmf/DEFAULTINSTALLDIR/lib/libO/Linux.nag.64.openmpi.default/libesmf.so(ESMCI_FTableCallEntryPointVMHop+0x32e)[0x14de8fd9bdbc]
[borgk146:41857] [12] /discover/nobackup/projects/gmao/SIteam/ESMF_Testing/nag_7.2.15_openmpi_O_develop/esmf/DEFAULTINSTALLDIR/lib/libO/Linux.nag.64.openmpi.default/libesmf.so(ESMCI_FTableCallEntryPointVMHop+0x32e)[0x14d8cbaa3dbc]
[borgk146:41858] [12] /discover/nobackup/projects/gmao/SIteam/ESMF_Testing/nag_7.2.15_openmpi_O_develop/esmf/DEFAULTINSTALLDIR/lib/libO/Linux.nag.64.openmpi.default/libesmf.so(ESMCI_FTableCallEntryPointVMHop+0x32e)[0x154e53fd4dbc]
[borgk146:41856] [12] /discover/nobackup/projects/gmao/SIteam/ESMF_Testing/nag_7.2.15_openmpi_O_develop/esmf/DEFAULTINSTALLDIR/lib/libO/Linux.nag.64.openmpi.default/libesmf.so(_ZN5ESMCI3VMK5enterEPNS_7VMKPlanEPvS3_+0xd5)[0x1464cc7784ab]
[borgk146:41855] [13] /discover/nobackup/projects/gmao/SIteam/ESMF_Testing/nag_7.2.15_openmpi_O_develop/esmf/DEFAULTINSTALLDIR/lib/libO/Linux.nag.64.openmpi.default/libesmf.so(_ZN5ESMCI3VMK5enterEPNS_7VMKPlanEPvS3_+0xd5)[0x154e543d44ab]
[borgk146:41856] [13] /discover/nobackup/projects/gmao/SIteam/ESMF_Testing/nag_7.2.15_openmpi_O_develop/esmf/DEFAULTINSTALLDIR/lib/libO/Linux.nag.64.openmpi.default/libesmf.so(_ZN5ESMCI3VMK5enterEPNS_7VMKPlanEPvS3_+0xd5)[0x14d8cbea34ab]
[borgk146:41858] [13] /discover/nobackup/projects/gmao/SIteam/ESMF_Testing/nag_7.2.15_openmpi_O_develop/esmf/DEFAULTINSTALLDIR/lib/libO/Linux.nag.64.openmpi.default/libesmf.so(_ZN5ESMCI3VMK5enterEPNS_7VMKPlanEPvS3_+0xd5)[0x14de9019b4ab]
[borgk146:41857] [13] /discover/nobackup/projects/gmao/SIteam/ESMF_Testing/nag_7.2.15_openmpi_O_develop/esmf/DEFAULTINSTALLDIR/lib/libO/Linux.nag.64.openmpi.default/libesmf.so(_ZN5ESMCI2VM5enterEPNS_6VMPlanEPvS3_+0xb7)[0x154e543be3c5]
[borgk146:41856] [14] /discover/nobackup/projects/gmao/SIteam/ESMF_Testing/nag_7.2.15_openmpi_O_develop/esmf/DEFAULTINSTALLDIR/lib/libO/Linux.nag.64.openmpi.default/libesmf.so(_ZN5ESMCI2VM5enterEPNS_6VMPlanEPvS3_+0xb7)[0x14d8cbe8d3c5]
[borgk146:41858] [14] /discover/nobackup/projects/gmao/SIteam/ESMF_Testing/nag_7.2.15_openmpi_O_develop/esmf/DEFAULTINSTALLDIR/lib/libO/Linux.nag.64.openmpi.default/libesmf.so(_ZN5ESMCI2VM5enterEPNS_6VMPlanEPvS3_+0xb7)[0x1464cc7623c5]
[borgk146:41855] [14] /discover/nobackup/projects/gmao/SIteam/ESMF_Testing/nag_7.2.15_openmpi_O_develop/esmf/DEFAULTINSTALLDIR/lib/libO/Linux.nag.64.openmpi.default/libesmf.so(_ZN5ESMCI2VM5enterEPNS_6VMPlanEPvS3_+0xb7)[0x14de901853c5]
[borgk146:41857] [14] /discover/nobackup/projects/gmao/SIteam/ESMF_Testing/nag_7.2.15_openmpi_O_develop/esmf/DEFAULTINSTALLDIR/lib/libO/Linux.nag.64.openmpi.default/libesmf.so(c_esmc_ftablecallentrypointvm_+0x35f)[0x154e53fd5255]
[borgk146:41856] [15] /discover/nobackup/projects/gmao/SIteam/ESMF_Testing/nag_7.2.15_openmpi_O_develop/esmf/DEFAULTINSTALLDIR/lib/libO/Linux.nag.64.openmpi.default/libesmf.so(c_esmc_ftablecallentrypointvm_+0x35f)[0x14d8cbaa4255]
[borgk146:41858] [15] /discover/nobackup/projects/gmao/SIteam/ESMF_Testing/nag_7.2.15_openmpi_O_develop/esmf/DEFAULTINSTALLDIR/lib/libO/Linux.nag.64.openmpi.default/libesmf.so(c_esmc_ftablecallentrypointvm_+0x35f)[0x14de8fd9c255]
[borgk146:41857] [15] /discover/nobackup/projects/gmao/SIteam/ESMF_Testing/nag_7.2.15_openmpi_O_develop/esmf/DEFAULTINSTALLDIR/lib/libO/Linux.nag.64.openmpi.default/libesmf.so(c_esmc_ftablecallentrypointvm_+0x35f)[0x1464cc379255]
[borgk146:41855] [15] /discover/nobackup/projects/gmao/SIteam/ESMF_Testing/nag_7.2.15_openmpi_O_develop/esmf/DEFAULTINSTALLDIR/lib/libO/Linux.nag.64.openmpi.default/libesmf.so(esmf_compmod_MP_esmf_compexecute+0xa3d)[0x14de90431bb1]
[borgk146:41857] [16] /discover/nobackup/projects/gmao/SIteam/ESMF_Testing/nag_7.2.15_openmpi_O_develop/esmf/DEFAULTINSTALLDIR/lib/libO/Linux.nag.64.openmpi.default/libesmf.so(esmf_compmod_MP_esmf_compexecute+0xa3d)[0x14d8cc139bb1]
[borgk146:41858] [16] /discover/nobackup/projects/gmao/SIteam/ESMF_Testing/nag_7.2.15_openmpi_O_develop/esmf/DEFAULTINSTALLDIR/lib/libO/Linux.nag.64.openmpi.default/libesmf.so(esmf_compmod_MP_esmf_compexecute+0xa3d)[0x154e5466abb1]
[borgk146:41856] [16] /discover/nobackup/projects/gmao/SIteam/ESMF_Testing/nag_7.2.15_openmpi_O_develop/esmf/DEFAULTINSTALLDIR/lib/libO/Linux.nag.64.openmpi.default/libesmf.so(esmf_compmod_MP_esmf_compexecute+0xa3d)[0x1464cca0ebb1]
[borgk146:41855] [16] /discover/nobackup/projects/gmao/SIteam/ESMF_Testing/nag_7.2.15_openmpi_O_develop/esmf/DEFAULTINSTALLDIR/lib/libO/Linux.nag.64.openmpi.default/libesmf.so(esmf_gridcompmod_MP_esmf_gridcompinitialize+0x176)[0x1464ccd302e9]
[borgk146:41855] [17] ./esmApp[0x4951d5]
[borgk146:41855] [18] /discover/nobackup/projects/gmao/SIteam/ESMF_Testing/nag_7.2.15_openmpi_O_develop/esmf/DEFAULTINSTALLDIR/lib/libO/Linux.nag.64.openmpi.default/libesmf.so(esmf_gridcompmod_MP_esmf_gridcompinitialize+0x176)[0x154e5498c2e9]
[borgk146:41856] [17] ./esmApp[0x4951d5]
[borgk146:41856] [18] /discover/nobackup/projects/gmao/SIteam/ESMF_Testing/nag_7.2.15_openmpi_O_develop/esmf/DEFAULTINSTALLDIR/lib/libO/Linux.nag.64.openmpi.default/libesmf.so(esmf_gridcompmod_MP_esmf_gridcompinitialize+0x176)[0x14de907532e9]
[borgk146:41857] [17] ./esmApp[0x4951d5]
[borgk146:41857] [18] /discover/nobackup/projects/gmao/SIteam/ESMF_Testing/nag_7.2.15_openmpi_O_develop/esmf/DEFAULTINSTALLDIR/lib/libO/Linux.nag.64.openmpi.default/libesmf.so(esmf_gridcompmod_MP_esmf_gridcompinitialize+0x176)[0x14d8cc45b2e9]
[borgk146:41858] [17] ./esmApp[0x4951d5]
[borgk146:41858] [18] ./esmApp(__NAGf90_cosmp_init+0x123)[0x434003]
[borgk146:41858] [19] ./esmApp(__NAGf90_cosmp_init+0x123)[0x434003]
[borgk146:41855] [19] ./esmApp[0x494d13]
[borgk146:41855] ./esmApp(__NAGf90_cosmp_init+0x123)[0x434003]
[borgk146:41856] [19] ./esmApp[0x494d13]
[borgk146:41856] [20] ./esmApp(__NAGf90_cosmp_init+0x123)[0x434003]
[borgk146:41857] [19] ./esmApp[0x494d13]
[borgk146:41857] [20] /lib64/libc.so.6(__libc_start_main+0xef)[0x14de8e03e24d]
[borgk146:41857] [21] ./esmApp[0x40b46a]
[borgk146:41857] *** End of error message ***
./esmApp[0x494d13]
[borgk146:41858] [20] /lib64/libc.so.6(__libc_start_main+0xef)[0x14d8c9cf224d]
[borgk146:41858] [21] ./esmApp[0x40b46a]
[borgk146:41858] *** End of error message ***
[20] /lib64/libc.so.6(__libc_start_main+0xef)[0x1464ca63e24d]
[borgk146:41855] [21] ./esmApp[0x40b46a]
[borgk146:41855] *** End of error message ***
/lib64/libc.so.6(__libc_start_main+0xef)[0x154e5223e24d]
[borgk146:41856] [21] ./esmApp[0x40b46a]
[borgk146:41856] *** End of error message ***
--------------------------------------------------------------------------
Primary job  terminated normally, but 1 process returned
a non-zero exit code. Per user-direction, the job has been aborted.
--------------------------------------------------------------------------
--------------------------------------------------------------------------
mpirun noticed that process rank 3 with PID 41858 on node borgk146 exited on signal 6 (Aborted).
--------------------------------------------------------------------------
