2024-10-16 22:53:10
Runtime Error: UnRuntime Error: Unexpected end of format specificRuntime Error: Unexpected end of format specification
Runtime Error: Unexpected end of format specification
Program Program terminatexpected end of format specification
Program termination
Program terminated by I/O errterminated by I/O error on intated by I/O error on internal file
ernal file
or on internal file
ed by I/O error on internal file
[borgj116:176165] *** Process received signal ***
[borgj116:176165] Signal: Aborted (6)
[borgj116:176165] Signal code:  (-6)
[borgj116:176167] *** Process received signal ***
[borgj116:176167] Signal: Aborted (6)
[borgj116:176167] Signal code:  (-6)
[borgj116:176166] *** Process received signal ***
[borgj116:176166] Signal: Aborted (6)
[borgj116:176166] Signal code:  (-6)
[borgj116:176164] *** Process received signal ***
[borgj116:176164] Signal: Aborted (6)
[borgj116:176164] Signal code:  (-6)
[borgj116:176166] [ 0] [borgj116:176167] [ 0] [borgj116:176165] [ 0] /lib64/libpthread.so.0(+0x16910)[0x149114ae5910]
[borgj116:176166] [ 1] [borgj116:176164] [ 0] /lib64/libpthread.so.0(+0x16910)[0x154ed6b25910]
[borgj116:176167] [ 1] /lib64/libpthread.so.0(+0x16910)[0x1502b539d910]
[borgj116:176164] [ 1] /lib64/libc.so.6(gsignal+0x10d)[0x1502b4907d2b]
[borgj116:176164] [ 2] /lib64/libpthread.so.0(+0x16910)[0x151d23b56910]
[borgj116:176165] [ 1] /lib64/libc.so.6(gsignal+0x10d)[0x151d23253d2b]
[borgj116:176165] [ 2] /lib64/libc.so.6(gsignal+0x10d)[0x149114253d2b]
[borgj116:176166] [ 2] /lib64/libc.so.6(abort+0x177)[0x1491142553e5]
[borgj116:176166] [ 3] /lib64/libc.so.6(gsignal+0x10d)[0x154ed6107d2b]
[borgj116:176167] [ 2] /lib64/libc.so.6(abort+0x177)[0x154ed61093e5]
[borgj116:176167] [ 3] ./esmApp(__NAGf90_io_abort+0x78)[0x459e88]
[borgj116:176166] [ 4] ./esmApp(__NAGf90_ioerr+0x1cd)[0x45a4ed]
[borgj116:176166] [ 5] /lib64/libc.so.6(abort+0x177)[0x1502b49093e5]
[borgj116:176164] [ 3] ./esmApp(__NAGf90_io_abort+0x78)[0x459e88]
[borgj116:176164] [ 4] ./esmApp(__NAGf90_ioerr+0x1cd)[0x45a4ed]
[borgj116:176164] [ 5] /lib64/libc.so.6(abort+0x177)[0x151d232553e5]
[borgj116:176165] [ 3] ./esmApp(__NAGf90_io_abort+0x78)[0x459e88]
[borgj116:176165] [ 4] ./esmApp(__NAGf90_ioerr+0x1cd)[0x45a4ed]
[borgj116:176165] [ 5] ./esmApp(__NAGf90_io_abort+0x78)[0x459e88]
[borgj116:176167] [ 4] ./esmApp(__NAGf90_ioerr+0x1cd)[0x45a4ed]
[borgj116:176167] [ 5] /discover/nobackup/projects/gmao/SIteam/comp/SLES-15/nag/7.2.15/lib/NAG_Fortran/libf72rts.so.1(__NAGf90_maybe_next_edit+0xe19)[0x1502b4caa629]
[borgj116:176164] [ 6] /discover/nobackup/projects/gmao/SIteam/comp/SLES-15/nag/7.2.15/lib/NAG_Fortran/libf72rts.so.1(__NAGf90_maybe_next_edit+0xe19)[0x154ed64aa629]
[borgj116:176167] [ 6] /discover/nobackup/projects/gmao/SIteam/comp/SLES-15/nag/7.2.15/lib/NAG_Fortran/libf72rts.so.1(__NAGf90_maybe_next_edit+0xe19)[0x151d234aa629]
[borgj116:176165] [ 6] /discover/nobackup/projects/gmao/SIteam/comp/SLES-15/nag/7.2.15/lib/NAG_Fortran/libf72rts.so.1(__NAGf90_maybe_next_edit+0xe19)[0x1491144aa629]
[borgj116:176166] [ 6] /discover/nobackup/projects/gmao/SIteam/ESMF_Testing/nag_7.2.15_openmpi_O_develop/esmf/DEFAULTINSTALLDIR/lib/libO/Linux.nag.64.openmpi.default/libesmf.so(nuopc_driver_MP_loopdatadependentinitialize+0x3aef)[0x149116e32ccd]
[borgj116:176166] [ 7] /discover/nobackup/projects/gmao/SIteam/ESMF_Testing/nag_7.2.15_openmpi_O_develop/esmf/DEFAULTINSTALLDIR/lib/libO/Linux.nag.64.openmpi.default/libesmf.so(nuopc_driver_MP_loopdatadependentinitialize+0x3aef)[0x154ed8d26ccd]
[borgj116:176167] [ 7] /discover/nobackup/projects/gmao/SIteam/ESMF_Testing/nag_7.2.15_openmpi_O_develop/esmf/DEFAULTINSTALLDIR/lib/libO/Linux.nag.64.openmpi.default/libesmf.so(nuopc_driver_MP_loopdatadependentinitialize+0x3aef)[0x151d25ea3ccd]
[borgj116:176165] [ 7] /discover/nobackup/projects/gmao/SIteam/ESMF_Testing/nag_7.2.15_openmpi_O_develop/esmf/DEFAULTINSTALLDIR/lib/libO/Linux.nag.64.openmpi.default/libesmf.so(nuopc_driver_MP_loopdatadependentinitialize+0x3aef)[0x1502b759eccd]
[borgj116:176164] [ 7] /discover/nobackup/projects/gmao/SIteam/ESMF_Testing/nag_7.2.15_openmpi_O_develop/esmf/DEFAULTINSTALLDIR/lib/libO/Linux.nag.64.openmpi.default/libesmf.so(nuopc_driver_MP_initializeipdv02p5data+0x3180)[0x149116e42bef]
[borgj116:176166] [ 8] /discover/nobackup/projects/gmao/SIteam/ESMF_Testing/nag_7.2.15_openmpi_O_develop/esmf/DEFAULTINSTALLDIR/lib/libO/Linux.nag.64.openmpi.default/libesmf.so(nuopc_driver_MP_initializeipdv02p5data+0x3180)[0x154ed8d36bef]
[borgj116:176167] [ 8] /discover/nobackup/projects/gmao/SIteam/ESMF_Testing/nag_7.2.15_openmpi_O_develop/esmf/DEFAULTINSTALLDIR/lib/libO/Linux.nag.64.openmpi.default/libesmf.so(nuopc_driver_MP_initializeipdv02p5data+0x3180)[0x151d25eb3bef]
[borgj116:176165] [ 8] /discover/nobackup/projects/gmao/SIteam/ESMF_Testing/nag_7.2.15_openmpi_O_develop/esmf/DEFAULTINSTALLDIR/lib/libO/Linux.nag.64.openmpi.default/libesmf.so(nuopc_driver_MP_initializeipdv02p5data+0x3180)[0x1502b75aebef]
[borgj116:176164] [ 8] /discover/nobackup/projects/gmao/SIteam/ESMF_Testing/nag_7.2.15_openmpi_O_develop/esmf/DEFAULTINSTALLDIR/lib/libO/Linux.nag.64.openmpi.default/libesmf.so(nuopc_driver_MP_initializeipdv02p5+0x4779)[0x151d25eb91b4]
[borgj116:176165] [ 9] /discover/nobackup/projects/gmao/SIteam/ESMF_Testing/nag_7.2.15_openmpi_O_develop/esmf/DEFAULTINSTALLDIR/lib/libO/Linux.nag.64.openmpi.default/libesmf.so(nuopc_driver_MP_initializeipdv02p5+0x4779)[0x149116e481b4]
[borgj116:176166] [ 9] /discover/nobackup/projects/gmao/SIteam/ESMF_Testing/nag_7.2.15_openmpi_O_develop/esmf/DEFAULTINSTALLDIR/lib/libO/Linux.nag.64.openmpi.default/libesmf.so(nuopc_driver_MP_initializeipdv02p5+0x4779)[0x154ed8d3c1b4]
[borgj116:176167] [ 9] /discover/nobackup/projects/gmao/SIteam/ESMF_Testing/nag_7.2.15_openmpi_O_develop/esmf/DEFAULTINSTALLDIR/lib/libO/Linux.nag.64.openmpi.default/libesmf.so(nuopc_driver_MP_initializeipdv02p5+0x4779)[0x1502b75b41b4]
[borgj116:176164] [ 9] /discover/nobackup/projects/gmao/SIteam/ESMF_Testing/nag_7.2.15_openmpi_O_develop/esmf/DEFAULTINSTALLDIR/lib/libO/Linux.nag.64.openmpi.default/libesmf.so(nuopc_driver_MP_initializegeneric+0x1a06)[0x149116e7d842]
[borgj116:176166] [10] /discover/nobackup/projects/gmao/SIteam/ESMF_Testing/nag_7.2.15_openmpi_O_develop/esmf/DEFAULTINSTALLDIR/lib/libO/Linux.nag.64.openmpi.default/libesmf.so(nuopc_driver_MP_initializegeneric+0x1a06)[0x154ed8d71842]
[borgj116:176167] [10] /discover/nobackup/projects/gmao/SIteam/ESMF_Testing/nag_7.2.15_openmpi_O_develop/esmf/DEFAULTINSTALLDIR/lib/libO/Linux.nag.64.openmpi.default/libesmf.so(nuopc_driver_MP_initializegeneric+0x1a06)[0x151d25eee842]
[borgj116:176165] [10] /discover/nobackup/projects/gmao/SIteam/ESMF_Testing/nag_7.2.15_openmpi_O_develop/esmf/DEFAULTINSTALLDIR/lib/libO/Linux.nag.64.openmpi.default/libesmf.so(nuopc_driver_MP_initializegeneric+0x1a06)[0x1502b75e9842]
[borgj116:176164] [10] /discover/nobackup/projects/gmao/SIteam/ESMF_Testing/nag_7.2.15_openmpi_O_develop/esmf/DEFAULTINSTALLDIR/lib/libO/Linux.nag.64.openmpi.default/libesmf.so(_ZN5ESMCI6FTable12callVFuncPtrEPKcPNS_2VMEPi+0xc55)[0x154ed7e7be89]
[borgj116:176167] [11] /discover/nobackup/projects/gmao/SIteam/ESMF_Testing/nag_7.2.15_openmpi_O_develop/esmf/DEFAULTINSTALLDIR/lib/libO/Linux.nag.64.openmpi.default/libesmf.so(_ZN5ESMCI6FTable12callVFuncPtrEPKcPNS_2VMEPi+0xc55)[0x151d24ff8e89]
[borgj116:176165] [11] /discover/nobackup/projects/gmao/SIteam/ESMF_Testing/nag_7.2.15_openmpi_O_develop/esmf/DEFAULTINSTALLDIR/lib/libO/Linux.nag.64.openmpi.default/libesmf.so(_ZN5ESMCI6FTable12callVFuncPtrEPKcPNS_2VMEPi+0xc55)[0x149115f87e89]
[borgj116:176166] [11] /discover/nobackup/projects/gmao/SIteam/ESMF_Testing/nag_7.2.15_openmpi_O_develop/esmf/DEFAULTINSTALLDIR/lib/libO/Linux.nag.64.openmpi.default/libesmf.so(_ZN5ESMCI6FTable12callVFuncPtrEPKcPNS_2VMEPi+0xc55)[0x1502b66f3e89]
[borgj116:176164] [11] /discover/nobackup/projects/gmao/SIteam/ESMF_Testing/nag_7.2.15_openmpi_O_develop/esmf/DEFAULTINSTALLDIR/lib/libO/Linux.nag.64.openmpi.default/libesmf.so(ESMCI_FTableCallEntryPointVMHop+0x32e)[0x149115f84f5c]
[borgj116:176166] [12] /discover/nobackup/projects/gmao/SIteam/ESMF_Testing/nag_7.2.15_openmpi_O_develop/esmf/DEFAULTINSTALLDIR/lib/libO/Linux.nag.64.openmpi.default/libesmf.so(ESMCI_FTableCallEntryPointVMHop+0x32e)[0x154ed7e78f5c]
[borgj116:176167] [12] /discover/nobackup/projects/gmao/SIteam/ESMF_Testing/nag_7.2.15_openmpi_O_develop/esmf/DEFAULTINSTALLDIR/lib/libO/Linux.nag.64.openmpi.default/libesmf.so(ESMCI_FTableCallEntryPointVMHop+0x32e)[0x151d24ff5f5c]
[borgj116:176165] [12] /discover/nobackup/projects/gmao/SIteam/ESMF_Testing/nag_7.2.15_openmpi_O_develop/esmf/DEFAULTINSTALLDIR/lib/libO/Linux.nag.64.openmpi.default/libesmf.so(ESMCI_FTableCallEntryPointVMHop+0x32e)[0x1502b66f0f5c]
[borgj116:176164] [12] /discover/nobackup/projects/gmao/SIteam/ESMF_Testing/nag_7.2.15_openmpi_O_develop/esmf/DEFAULTINSTALLDIR/lib/libO/Linux.nag.64.openmpi.default/libesmf.so(_ZN5ESMCI3VMK5enterEPNS_7VMKPlanEPvS3_+0xd5)[0x14911638464b]
[borgj116:176166] [13] /discover/nobackup/projects/gmao/SIteam/ESMF_Testing/nag_7.2.15_openmpi_O_develop/esmf/DEFAULTINSTALLDIR/lib/libO/Linux.nag.64.openmpi.default/libesmf.so(_ZN5ESMCI3VMK5enterEPNS_7VMKPlanEPvS3_+0xd5)[0x154ed827864b]
[borgj116:176167] [13] /discover/nobackup/projects/gmao/SIteam/ESMF_Testing/nag_7.2.15_openmpi_O_develop/esmf/DEFAULTINSTALLDIR/lib/libO/Linux.nag.64.openmpi.default/libesmf.so(_ZN5ESMCI3VMK5enterEPNS_7VMKPlanEPvS3_+0xd5)[0x151d253f564b]
[borgj116:176165] [13] /discover/nobackup/projects/gmao/SIteam/ESMF_Testing/nag_7.2.15_openmpi_O_develop/esmf/DEFAULTINSTALLDIR/lib/libO/Linux.nag.64.openmpi.default/libesmf.so(_ZN5ESMCI3VMK5enterEPNS_7VMKPlanEPvS3_+0xd5)[0x1502b6af064b]
[borgj116:176164] [13] /discover/nobackup/projects/gmao/SIteam/ESMF_Testing/nag_7.2.15_openmpi_O_develop/esmf/DEFAULTINSTALLDIR/lib/libO/Linux.nag.64.openmpi.default/libesmf.so(_ZN5ESMCI2VM5enterEPNS_6VMPlanEPvS3_+0xb7)[0x14911636e565]
[borgj116:176166] [14] /discover/nobackup/projects/gmao/SIteam/ESMF_Testing/nag_7.2.15_openmpi_O_develop/esmf/DEFAULTINSTALLDIR/lib/libO/Linux.nag.64.openmpi.default/libesmf.so(_ZN5ESMCI2VM5enterEPNS_6VMPlanEPvS3_+0xb7)[0x154ed8262565]
[borgj116:176167] [14] /discover/nobackup/projects/gmao/SIteam/ESMF_Testing/nag_7.2.15_openmpi_O_develop/esmf/DEFAULTINSTALLDIR/lib/libO/Linux.nag.64.openmpi.default/libesmf.so(_ZN5ESMCI2VM5enterEPNS_6VMPlanEPvS3_+0xb7)[0x151d253df565]
[borgj116:176165] [14] /discover/nobackup/projects/gmao/SIteam/ESMF_Testing/nag_7.2.15_openmpi_O_develop/esmf/DEFAULTINSTALLDIR/lib/libO/Linux.nag.64.openmpi.default/libesmf.so(_ZN5ESMCI2VM5enterEPNS_6VMPlanEPvS3_+0xb7)[0x1502b6ada565]
[borgj116:176164] [14] /discover/nobackup/projects/gmao/SIteam/ESMF_Testing/nag_7.2.15_openmpi_O_develop/esmf/DEFAULTINSTALLDIR/lib/libO/Linux.nag.64.openmpi.default/libesmf.so(c_esmc_ftablecallentrypointvm_+0x35f)[0x151d24ff63f5]
[borgj116:176165] [15] /discover/nobackup/projects/gmao/SIteam/ESMF_Testing/nag_7.2.15_openmpi_O_develop/esmf/DEFAULTINSTALLDIR/lib/libO/Linux.nag.64.openmpi.default/libesmf.so(c_esmc_ftablecallentrypointvm_+0x35f)[0x149115f853f5]
[borgj116:176166] [15] /discover/nobackup/projects/gmao/SIteam/ESMF_Testing/nag_7.2.15_openmpi_O_develop/esmf/DEFAULTINSTALLDIR/lib/libO/Linux.nag.64.openmpi.default/libesmf.so(c_esmc_ftablecallentrypointvm_+0x35f)[0x154ed7e793f5]
[borgj116:176167] [15] /discover/nobackup/projects/gmao/SIteam/ESMF_Testing/nag_7.2.15_openmpi_O_develop/esmf/DEFAULTINSTALLDIR/lib/libO/Linux.nag.64.openmpi.default/libesmf.so(c_esmc_ftablecallentrypointvm_+0x35f)[0x1502b66f13f5]
[borgj116:176164] [15] /discover/nobackup/projects/gmao/SIteam/ESMF_Testing/nag_7.2.15_openmpi_O_develop/esmf/DEFAULTINSTALLDIR/lib/libO/Linux.nag.64.openmpi.default/libesmf.so(esmf_compmod_MP_esmf_compexecute+0xa6b)[0x151d2568e18e]
[borgj116:176165] [16] /discover/nobackup/projects/gmao/SIteam/ESMF_Testing/nag_7.2.15_openmpi_O_develop/esmf/DEFAULTINSTALLDIR/lib/libO/Linux.nag.64.openmpi.default/libesmf.so(esmf_compmod_MP_esmf_compexecute+0xa6b)[0x14911661d18e]
[borgj116:176166] [16] /discover/nobackup/projects/gmao/SIteam/ESMF_Testing/nag_7.2.15_openmpi_O_develop/esmf/DEFAULTINSTALLDIR/lib/libO/Linux.nag.64.openmpi.default/libesmf.so(esmf_compmod_MP_esmf_compexecute+0xa6b)[0x1502b6d8918e]
[borgj116:176164] [16] /discover/nobackup/projects/gmao/SIteam/ESMF_Testing/nag_7.2.15_openmpi_O_develop/esmf/DEFAULTINSTALLDIR/lib/libO/Linux.nag.64.openmpi.default/libesmf.so(esmf_compmod_MP_esmf_compexecute+0xa6b)[0x154ed851118e]
[borgj116:176167] [16] /discover/nobackup/projects/gmao/SIteam/ESMF_Testing/nag_7.2.15_openmpi_O_develop/esmf/DEFAULTINSTALLDIR/lib/libO/Linux.nag.64.openmpi.default/libesmf.so(esmf_gridcompmod_MP_esmf_gridcompinitialize+0x176)[0x151d259af7e5]
[borgj116:176165] [17] /discover/nobackup/projects/gmao/SIteam/ESMF_Testing/nag_7.2.15_openmpi_O_develop/esmf/DEFAULTINSTALLDIR/lib/libO/Linux.nag.64.openmpi.default/libesmf.so(esmf_gridcompmod_MP_esmf_gridcompinitialize+0x176)[0x154ed88327e5]
[borgj116:176167] [17] ./esmApp[0x495226]
[borgj116:176167] [18] /discover/nobackup/projects/gmao/SIteam/ESMF_Testing/nag_7.2.15_openmpi_O_develop/esmf/DEFAULTINSTALLDIR/lib/libO/Linux.nag.64.openmpi.default/libesmf.so(esmf_gridcompmod_MP_esmf_gridcompinitialize+0x176)[0x1502b70aa7e5]
[borgj116:176164] [17] ./esmApp[0x495226]
/discover/nobackup/projects/gmao/SIteam/ESMF_Testing/nag_7.2.15_openmpi_O_develop/esmf/DEFAULTINSTALLDIR/lib/libO/Linux.nag.64.openmpi.default/libesmf.so(esmf_gridcompmod_MP_esmf_gridcompinitialize+0x176)[0x14911693e7e5]
[borgj116:176166] [17] ./esmApp[0x495226]
[borgj116:176166] [18] ./esmApp(__NAGf90_cosmp_init+0x123)[0x4340f3]
[borgj116:176167] [19] [borgj116:176164] [18] ./esmApp(__NAGf90_cosmp_init+0x123)[0x4340f3]
./esmApp[0x495226]
[borgj116:176165] [18] ./esmApp(__NAGf90_cosmp_init+0x123)[0x4340f3]
[borgj116:176165] [19] ./esmApp[0x494e03]
[borgj116:176165] ./esmApp(__NAGf90_cosmp_init+0x123)[0x4340f3]
[borgj116:176166] [19] ./esmApp[0x494e03]
[borgj116:176166] [20] [20] /lib64/libc.so.6(__libc_start_main+0xef)[0x151d2323e24d]
[borgj116:176165] [21] ./esmApp[0x40b55a]
[borgj116:176165] *** End of error message ***
./esmApp[0x494e03]
[borgj116:176167] [20] /lib64/libc.so.6(__libc_start_main+0xef)[0x154ed60f224d]
[borgj116:176167] [21] ./esmApp[0x40b55a]
[borgj116:176167] *** End of error message ***
[borgj116:176164] [19] ./esmApp[0x494e03]
[borgj116:176164] [20] /lib64/libc.so.6(__libc_start_main+0xef)[0x1502b48f224d]
[borgj116:176164] [21] ./esmApp[0x40b55a]
[borgj116:176164] *** End of error message ***
/lib64/libc.so.6(__libc_start_main+0xef)[0x14911423e24d]
[borgj116:176166] [21] ./esmApp[0x40b55a]
[borgj116:176166] *** End of error message ***
--------------------------------------------------------------------------
Primary job  terminated normally, but 1 process returned
a non-zero exit code. Per user-direction, the job has been aborted.
--------------------------------------------------------------------------
--------------------------------------------------------------------------
mpirun noticed that process rank 0 with PID 176164 on node borgj116 exited on signal 6 (Aborted).
--------------------------------------------------------------------------
3 total processes killed (some possibly by mpirun during cleanup)
