2024-10-12 23:34:59
Runtime Error: UnexpeRuntime Error: Unexpected end of formatRuntime Error: Unexpected end of format specifi specification
Pcted end of format specification
Program terminaRuntime Error: Unexpected end of format specification
Progrrogram terminated by I/O error on internal file
ted by I/O error on internal file
cation
Program terminated by I/O error on internal file
am terminated by I/O error on internal file
[borgl054:227570] *** Process received signal ***
[borgl054:227570] Signal: Aborted (6)
[borgl054:227570] Signal code:  (-6)
[borgl054:227572] *** Process received signal ***
[borgl054:227572] Signal: Aborted (6)
[borgl054:227572] Signal code:  (-6)
[borgl054:227571] *** Process received signal ***
[borgl054:227571] Signal: Aborted (6)
[borgl054:227571] Signal code:  (-6)
[borgl054:227573] *** Process received signal ***
[borgl054:227573] Signal: Aborted (6)
[borgl054:227573] Signal code:  (-6)
[borgl054:227570] [ 0] /lib64/libpthread.so.0(+0x16910)[0x14a927136910]
[borgl054:227572] [ 0] /lib64/libpthread.so.0(+0x16910)[0x14e23c8e8910]
[borgl054:227572] [ 1] [borgl054:227570] [ 1] [borgl054:227573] [ 0] /lib64/libpthread.so.0(+0x16910)[0x1476d7aa6910]
/lib64/libc.so.6(gsignal+0x10d)[0x14e23c053d2b]
[borgl054:227572] [ 2] /lib64/libc.so.6(abort+0x177)[0x14e23c0553e5]
[borgl054:227571] [ 0] /lib64/libpthread.so.0(+0x16910)[0x14b9999fe910]
[borgl054:227571] [ 1] /lib64/libc.so.6(gsignal+0x10d)[0x14b998f07d2b]
/lib64/libc.so.6(gsignal+0x10d)[0x14a926707d2b]
[borgl054:227570] [ 2] /lib64/libc.so.6(abort+0x177)[0x14a9267093e5]
[borgl054:227570] [ 3] ./esmApp(__NAGf90_io_abort+0x78)[0x459fb8]
[borgl054:227571] [ 2] [borgl054:227573] [ 1] [borgl054:227572] [ 3] ./esmApp(__NAGf90_io_abort+0x78)[0x459fb8]
[borgl054:227572] [ 4] ./esmApp(__NAGf90_ioerr+0x1cd)[0x45a61d]
[borgl054:227570] [ 4] ./esmApp(__NAGf90_ioerr+0x1cd)[0x45a61d]
[borgl054:227570] [ 5] /lib64/libc.so.6(abort+0x177)[0x14b998f093e5]
[borgl054:227571] [ 3] ./esmApp(__NAGf90_io_abort+0x78)[0x459fb8]
[borgl054:227571] [ 4] ./esmApp(__NAGf90_ioerr+0x1cd)[0x45a61d]
[borgl054:227571] [ 5] /discover/nobackup/projects/gmao/SIteam/comp/SLES-15/nag/7.2.15/lib/NAG_Fortran/libf72rts.so.1(__NAGf90_maybe_next_edit+0xe19)[0x14b9992aa629]
[borgl054:227571] [ 6] /lib64/libc.so.6(gsignal+0x10d)[0x1476d78e3d2b]
[borgl054:227573] [ 2] /lib64/libc.so.6(abort+0x177)[0x1476d78e53e5]
[borgl054:227573] [ 3] ./esmApp(__NAGf90_io_abort+0x78)[0x459fb8]
[borgl054:227573] [ 4] ./esmApp(__NAGf90_ioerr+0x1cd)[0x45a61d]
[borgl054:227573] [ 5] /discover/nobackup/projects/gmao/SIteam/comp/SLES-15/nag/7.2.15/lib/NAG_Fortran/libf72rts.so.1(__NAGf90_maybe_next_edit+0xe19)[0x1476d7caa629]
/discover/nobackup/projects/gmao/SIteam/comp/SLES-15/nag/7.2.15/lib/NAG_Fortran/libf72rts.so.1(__NAGf90_maybe_next_edit+0xe19)[0x14a926aaa629]
[borgl054:227570] [ 6] [borgl054:227572] [ 5] /discover/nobackup/projects/gmao/SIteam/comp/SLES-15/nag/7.2.15/lib/NAG_Fortran/libf72rts.so.1(__NAGf90_maybe_next_edit+0xe19)[0x14e23c2aa629]
[borgl054:227572] [ 6] [borgl054:227573] [ 6] /discover/nobackup/projects/gmao/SIteam/ESMF_Testing/nag_7.2.15_openmpi_O_develop/esmf/DEFAULTINSTALLDIR/lib/libO/Linux.nag.64.openmpi.default/libesmf.so(nuopc_driver_MP_loopdatadependentinitialize+0x3aef)[0x14a9293354c0]
[borgl054:227570] [ 7] /discover/nobackup/projects/gmao/SIteam/ESMF_Testing/nag_7.2.15_openmpi_O_develop/esmf/DEFAULTINSTALLDIR/lib/libO/Linux.nag.64.openmpi.default/libesmf.so(nuopc_driver_MP_loopdatadependentinitialize+0x3aef)[0x14e23ec334c0]
[borgl054:227572] [ 7] /discover/nobackup/projects/gmao/SIteam/ESMF_Testing/nag_7.2.15_openmpi_O_develop/esmf/DEFAULTINSTALLDIR/lib/libO/Linux.nag.64.openmpi.default/libesmf.so(nuopc_driver_MP_loopdatadependentinitialize+0x3aef)[0x14b99bbfd4c0]
[borgl054:227571] [ 7] /discover/nobackup/projects/gmao/SIteam/ESMF_Testing/nag_7.2.15_openmpi_O_develop/esmf/DEFAULTINSTALLDIR/lib/libO/Linux.nag.64.openmpi.default/libesmf.so(nuopc_driver_MP_loopdatadependentinitialize+0x3aef)[0x1476da4c54c0]
[borgl054:227573] [ 7] /discover/nobackup/projects/gmao/SIteam/ESMF_Testing/nag_7.2.15_openmpi_O_develop/esmf/DEFAULTINSTALLDIR/lib/libO/Linux.nag.64.openmpi.default/libesmf.so(nuopc_driver_MP_initializeipdv02p5data+0x3180)[0x14a9293453e2]
[borgl054:227570] [ 8] /discover/nobackup/projects/gmao/SIteam/ESMF_Testing/nag_7.2.15_openmpi_O_develop/esmf/DEFAULTINSTALLDIR/lib/libO/Linux.nag.64.openmpi.default/libesmf.so(nuopc_driver_MP_initializeipdv02p5data+0x3180)[0x14e23ec433e2]
[borgl054:227572] [ 8] /discover/nobackup/projects/gmao/SIteam/ESMF_Testing/nag_7.2.15_openmpi_O_develop/esmf/DEFAULTINSTALLDIR/lib/libO/Linux.nag.64.openmpi.default/libesmf.so(nuopc_driver_MP_initializeipdv02p5data+0x3180)[0x14b99bc0d3e2]
[borgl054:227571] [ 8] /discover/nobackup/projects/gmao/SIteam/ESMF_Testing/nag_7.2.15_openmpi_O_develop/esmf/DEFAULTINSTALLDIR/lib/libO/Linux.nag.64.openmpi.default/libesmf.so(nuopc_driver_MP_initializeipdv02p5data+0x3180)[0x1476da4d53e2]
[borgl054:227573] [ 8] /discover/nobackup/projects/gmao/SIteam/ESMF_Testing/nag_7.2.15_openmpi_O_develop/esmf/DEFAULTINSTALLDIR/lib/libO/Linux.nag.64.openmpi.default/libesmf.so(nuopc_driver_MP_initializeipdv02p5+0x4779)[0x14e23ec489a7]
[borgl054:227572] [ 9] /discover/nobackup/projects/gmao/SIteam/ESMF_Testing/nag_7.2.15_openmpi_O_develop/esmf/DEFAULTINSTALLDIR/lib/libO/Linux.nag.64.openmpi.default/libesmf.so(nuopc_driver_MP_initializeipdv02p5+0x4779)[0x14a92934a9a7]
[borgl054:227570] [ 9] /discover/nobackup/projects/gmao/SIteam/ESMF_Testing/nag_7.2.15_openmpi_O_develop/esmf/DEFAULTINSTALLDIR/lib/libO/Linux.nag.64.openmpi.default/libesmf.so(nuopc_driver_MP_initializeipdv02p5+0x4779)[0x14b99bc129a7]
[borgl054:227571] [ 9] /discover/nobackup/projects/gmao/SIteam/ESMF_Testing/nag_7.2.15_openmpi_O_develop/esmf/DEFAULTINSTALLDIR/lib/libO/Linux.nag.64.openmpi.default/libesmf.so(nuopc_driver_MP_initializeipdv02p5+0x4779)[0x1476da4da9a7]
[borgl054:227573] [ 9] /discover/nobackup/projects/gmao/SIteam/ESMF_Testing/nag_7.2.15_openmpi_O_develop/esmf/DEFAULTINSTALLDIR/lib/libO/Linux.nag.64.openmpi.default/libesmf.so(nuopc_driver_MP_initializegeneric+0x1a06)[0x14a929380035]
[borgl054:227570] [10] /discover/nobackup/projects/gmao/SIteam/ESMF_Testing/nag_7.2.15_openmpi_O_develop/esmf/DEFAULTINSTALLDIR/lib/libO/Linux.nag.64.openmpi.default/libesmf.so(nuopc_driver_MP_initializegeneric+0x1a06)[0x14e23ec7e035]
[borgl054:227572] [10] /discover/nobackup/projects/gmao/SIteam/ESMF_Testing/nag_7.2.15_openmpi_O_develop/esmf/DEFAULTINSTALLDIR/lib/libO/Linux.nag.64.openmpi.default/libesmf.so(nuopc_driver_MP_initializegeneric+0x1a06)[0x14b99bc48035]
[borgl054:227571] [10] /discover/nobackup/projects/gmao/SIteam/ESMF_Testing/nag_7.2.15_openmpi_O_develop/esmf/DEFAULTINSTALLDIR/lib/libO/Linux.nag.64.openmpi.default/libesmf.so(nuopc_driver_MP_initializegeneric+0x1a06)[0x1476da510035]
[borgl054:227573] [10] /discover/nobackup/projects/gmao/SIteam/ESMF_Testing/nag_7.2.15_openmpi_O_develop/esmf/DEFAULTINSTALLDIR/lib/libO/Linux.nag.64.openmpi.default/libesmf.so(_ZN5ESMCI6FTable12callVFuncPtrEPKcPNS_2VMEPi+0xc55)[0x14a92848cce9]
[borgl054:227570] [11] /discover/nobackup/projects/gmao/SIteam/ESMF_Testing/nag_7.2.15_openmpi_O_develop/esmf/DEFAULTINSTALLDIR/lib/libO/Linux.nag.64.openmpi.default/libesmf.so(_ZN5ESMCI6FTable12callVFuncPtrEPKcPNS_2VMEPi+0xc55)[0x14e23dd8ace9]
[borgl054:227572] [11] /discover/nobackup/projects/gmao/SIteam/ESMF_Testing/nag_7.2.15_openmpi_O_develop/esmf/DEFAULTINSTALLDIR/lib/libO/Linux.nag.64.openmpi.default/libesmf.so(_ZN5ESMCI6FTable12callVFuncPtrEPKcPNS_2VMEPi+0xc55)[0x14b99ad54ce9]
[borgl054:227571] [11] /discover/nobackup/projects/gmao/SIteam/ESMF_Testing/nag_7.2.15_openmpi_O_develop/esmf/DEFAULTINSTALLDIR/lib/libO/Linux.nag.64.openmpi.default/libesmf.so(_ZN5ESMCI6FTable12callVFuncPtrEPKcPNS_2VMEPi+0xc55)[0x1476d961cce9]
[borgl054:227573] [11] /discover/nobackup/projects/gmao/SIteam/ESMF_Testing/nag_7.2.15_openmpi_O_develop/esmf/DEFAULTINSTALLDIR/lib/libO/Linux.nag.64.openmpi.default/libesmf.so(ESMCI_FTableCallEntryPointVMHop+0x32e)[0x14a928489dbc]
[borgl054:227570] [12] /discover/nobackup/projects/gmao/SIteam/ESMF_Testing/nag_7.2.15_openmpi_O_develop/esmf/DEFAULTINSTALLDIR/lib/libO/Linux.nag.64.openmpi.default/libesmf.so(ESMCI_FTableCallEntryPointVMHop+0x32e)[0x14e23dd87dbc]
[borgl054:227572] [12] /discover/nobackup/projects/gmao/SIteam/ESMF_Testing/nag_7.2.15_openmpi_O_develop/esmf/DEFAULTINSTALLDIR/lib/libO/Linux.nag.64.openmpi.default/libesmf.so(ESMCI_FTableCallEntryPointVMHop+0x32e)[0x14b99ad51dbc]
[borgl054:227571] [12] /discover/nobackup/projects/gmao/SIteam/ESMF_Testing/nag_7.2.15_openmpi_O_develop/esmf/DEFAULTINSTALLDIR/lib/libO/Linux.nag.64.openmpi.default/libesmf.so(ESMCI_FTableCallEntryPointVMHop+0x32e)[0x1476d9619dbc]
[borgl054:227573] [12] /discover/nobackup/projects/gmao/SIteam/ESMF_Testing/nag_7.2.15_openmpi_O_develop/esmf/DEFAULTINSTALLDIR/lib/libO/Linux.nag.64.openmpi.default/libesmf.so(_ZN5ESMCI3VMK5enterEPNS_7VMKPlanEPvS3_+0xd5)[0x14e23e1874ab]
[borgl054:227572] [13] /discover/nobackup/projects/gmao/SIteam/ESMF_Testing/nag_7.2.15_openmpi_O_develop/esmf/DEFAULTINSTALLDIR/lib/libO/Linux.nag.64.openmpi.default/libesmf.so(_ZN5ESMCI3VMK5enterEPNS_7VMKPlanEPvS3_+0xd5)[0x14b99b1514ab]
[borgl054:227571] [13] /discover/nobackup/projects/gmao/SIteam/ESMF_Testing/nag_7.2.15_openmpi_O_develop/esmf/DEFAULTINSTALLDIR/lib/libO/Linux.nag.64.openmpi.default/libesmf.so(_ZN5ESMCI3VMK5enterEPNS_7VMKPlanEPvS3_+0xd5)[0x14a9288894ab]
[borgl054:227570] [13] /discover/nobackup/projects/gmao/SIteam/ESMF_Testing/nag_7.2.15_openmpi_O_develop/esmf/DEFAULTINSTALLDIR/lib/libO/Linux.nag.64.openmpi.default/libesmf.so(_ZN5ESMCI3VMK5enterEPNS_7VMKPlanEPvS3_+0xd5)[0x1476d9a194ab]
[borgl054:227573] [13] /discover/nobackup/projects/gmao/SIteam/ESMF_Testing/nag_7.2.15_openmpi_O_develop/esmf/DEFAULTINSTALLDIR/lib/libO/Linux.nag.64.openmpi.default/libesmf.so(_ZN5ESMCI2VM5enterEPNS_6VMPlanEPvS3_+0xb7)[0x14e23e1713c5]
[borgl054:227572] [14] /discover/nobackup/projects/gmao/SIteam/ESMF_Testing/nag_7.2.15_openmpi_O_develop/esmf/DEFAULTINSTALLDIR/lib/libO/Linux.nag.64.openmpi.default/libesmf.so(_ZN5ESMCI2VM5enterEPNS_6VMPlanEPvS3_+0xb7)[0x14b99b13b3c5]
[borgl054:227571] [14] /discover/nobackup/projects/gmao/SIteam/ESMF_Testing/nag_7.2.15_openmpi_O_develop/esmf/DEFAULTINSTALLDIR/lib/libO/Linux.nag.64.openmpi.default/libesmf.so(_ZN5ESMCI2VM5enterEPNS_6VMPlanEPvS3_+0xb7)[0x14a9288733c5]
[borgl054:227570] [14] /discover/nobackup/projects/gmao/SIteam/ESMF_Testing/nag_7.2.15_openmpi_O_develop/esmf/DEFAULTINSTALLDIR/lib/libO/Linux.nag.64.openmpi.default/libesmf.so(_ZN5ESMCI2VM5enterEPNS_6VMPlanEPvS3_+0xb7)[0x1476d9a033c5]
[borgl054:227573] [14] /discover/nobackup/projects/gmao/SIteam/ESMF_Testing/nag_7.2.15_openmpi_O_develop/esmf/DEFAULTINSTALLDIR/lib/libO/Linux.nag.64.openmpi.default/libesmf.so(c_esmc_ftablecallentrypointvm_+0x35f)[0x14e23dd88255]
[borgl054:227572] [15] /discover/nobackup/projects/gmao/SIteam/ESMF_Testing/nag_7.2.15_openmpi_O_develop/esmf/DEFAULTINSTALLDIR/lib/libO/Linux.nag.64.openmpi.default/libesmf.so(c_esmc_ftablecallentrypointvm_+0x35f)[0x14a92848a255]
[borgl054:227570] [15] /discover/nobackup/projects/gmao/SIteam/ESMF_Testing/nag_7.2.15_openmpi_O_develop/esmf/DEFAULTINSTALLDIR/lib/libO/Linux.nag.64.openmpi.default/libesmf.so(c_esmc_ftablecallentrypointvm_+0x35f)[0x14b99ad52255]
[borgl054:227571] [15] /discover/nobackup/projects/gmao/SIteam/ESMF_Testing/nag_7.2.15_openmpi_O_develop/esmf/DEFAULTINSTALLDIR/lib/libO/Linux.nag.64.openmpi.default/libesmf.so(c_esmc_ftablecallentrypointvm_+0x35f)[0x1476d961a255]
[borgl054:227573] [15] /discover/nobackup/projects/gmao/SIteam/ESMF_Testing/nag_7.2.15_openmpi_O_develop/esmf/DEFAULTINSTALLDIR/lib/libO/Linux.nag.64.openmpi.default/libesmf.so(esmf_compmod_MP_esmf_compexecute+0xa3d)[0x14e23e41dbb1]
[borgl054:227572] [16] /discover/nobackup/projects/gmao/SIteam/ESMF_Testing/nag_7.2.15_openmpi_O_develop/esmf/DEFAULTINSTALLDIR/lib/libO/Linux.nag.64.openmpi.default/libesmf.so(esmf_compmod_MP_esmf_compexecute+0xa3d)[0x14b99b3e7bb1]
[borgl054:227571] /discover/nobackup/projects/gmao/SIteam/ESMF_Testing/nag_7.2.15_openmpi_O_develop/esmf/DEFAULTINSTALLDIR/lib/libO/Linux.nag.64.openmpi.default/libesmf.so(esmf_compmod_MP_esmf_compexecute+0xa3d)[0x14a928b1fbb1]
[borgl054:227570] [16] [16] /discover/nobackup/projects/gmao/SIteam/ESMF_Testing/nag_7.2.15_openmpi_O_develop/esmf/DEFAULTINSTALLDIR/lib/libO/Linux.nag.64.openmpi.default/libesmf.so(esmf_compmod_MP_esmf_compexecute+0xa3d)[0x1476d9cafbb1]
[borgl054:227573] [16] /discover/nobackup/projects/gmao/SIteam/ESMF_Testing/nag_7.2.15_openmpi_O_develop/esmf/DEFAULTINSTALLDIR/lib/libO/Linux.nag.64.openmpi.default/libesmf.so(esmf_gridcompmod_MP_esmf_gridcompinitialize+0x176)[0x14e23e73f2e9]
[borgl054:227572] [17] ./esmApp[0x495356]
[borgl054:227572] [18] /discover/nobackup/projects/gmao/SIteam/ESMF_Testing/nag_7.2.15_openmpi_O_develop/esmf/DEFAULTINSTALLDIR/lib/libO/Linux.nag.64.openmpi.default/libesmf.so(esmf_gridcompmod_MP_esmf_gridcompinitialize+0x176)[0x14b99b7092e9]
[borgl054:227571] [17] /discover/nobackup/projects/gmao/SIteam/ESMF_Testing/nag_7.2.15_openmpi_O_develop/esmf/DEFAULTINSTALLDIR/lib/libO/Linux.nag.64.openmpi.default/libesmf.so(esmf_gridcompmod_MP_esmf_gridcompinitialize+0x176)[0x14a928e412e9]
[borgl054:227570] [17] ./esmApp(__NAGf90_cosmp_init+0x123)[0x434223]
[borgl054:227572] [19] ./esmApp[0x494f33]
[borgl054:227572] [20] /discover/nobackup/projects/gmao/SIteam/ESMF_Testing/nag_7.2.15_openmpi_O_develop/esmf/DEFAULTINSTALLDIR/lib/libO/Linux.nag.64.openmpi.default/libesmf.so(esmf_gridcompmod_MP_esmf_gridcompinitialize+0x176)[0x1476d9fd12e9]
[borgl054:227573] [17] ./esmApp[0x495356]
[borgl054:227571] [18] ./esmApp(__NAGf90_cosmp_init+0x123)[0x434223]
[borgl054:227571] [19] ./esmApp[0x494f33]
[borgl054:227571] [20] ./esmApp[0x495356]
[borgl054:227570] [18] ./esmApp(__NAGf90_cosmp_init+0x123)[0x434223]
[borgl054:227570] [19] ./esmApp[0x494f33]
[borgl054:227570] [20] /lib64/libc.so.6(__libc_start_main+0xef)[0x14e23c03e24d]
[borgl054:227572] [21] ./esmApp[0x40b68a]
./esmApp[0x495356]
[borgl054:227573] [18] /lib64/libc.so.6(__libc_start_main+0xef)[0x14b998ef224d]
[borgl054:227571] [21] ./esmApp[0x40b68a]
[borgl054:227571] *** End of error message ***
/lib64/libc.so.6(__libc_start_main+0xef)[0x14a9266f224d]
[borgl054:227570] [21] ./esmApp[0x40b68a]
[borgl054:227570] *** End of error message ***
[borgl054:227572] *** End of error message ***
./esmApp(__NAGf90_cosmp_init+0x123)[0x434223]
[borgl054:227573] [19] ./esmApp[0x494f33]
[borgl054:227573] [20] /lib64/libc.so.6(__libc_start_main+0xef)[0x1476d78ce24d]
[borgl054:227573] [21] ./esmApp[0x40b68a]
[borgl054:227573] *** End of error message ***
--------------------------------------------------------------------------
Primary job  terminated normally, but 1 process returned
a non-zero exit code. Per user-direction, the job has been aborted.
--------------------------------------------------------------------------
--------------------------------------------------------------------------
mpirun noticed that process rank 0 with PID 227570 on node borgl054 exited on signal 6 (Aborted).
--------------------------------------------------------------------------
