2024-10-16 22:53:10
20241016 233843.218 INFO             PET0 !!!!!!!!!!!!!!!!!!!!!!!!!!!!!!!!!!!!!!!!!!!!!!!!!!!!!!
20241016 233843.218 INFO             PET0 !!! THE ESMF_LOG IS SET TO OUTPUT ALL LOG MESSAGES !!!
20241016 233843.218 INFO             PET0 !!!     THIS MAY CAUSE SLOWDOWN IN PERFORMANCE     !!!
20241016 233843.218 INFO             PET0 !!! FOR PRODUCTION RUNS, USE:                      !!!
20241016 233843.218 INFO             PET0 !!!                   ESMF_LOGKIND_Multi_On_Error  !!!
20241016 233843.218 INFO             PET0 !!!!!!!!!!!!!!!!!!!!!!!!!!!!!!!!!!!!!!!!!!!!!!!!!!!!!!
20241016 233843.218 INFO             PET0 Running with ESMF Version   : v8.8.0b01-6-g3ed6fcfd2b
20241016 233843.218 INFO             PET0 ESMF library build date/time: "Oct 16 2024" "22:49:39"
20241016 233843.218 INFO             PET0 ESMF library build location : /discover/nobackup/projects/gmao/SIteam/ESMF_Testing/nag_7.2.15_openmpi_O_develop/esmf
20241016 233843.218 INFO             PET0 ESMF_COMM                   : openmpi
20241016 233843.219 INFO             PET0 ESMF_MOAB                   : enabled
20241016 233843.219 INFO             PET0 ESMF_LAPACK                 : enabled
20241016 233843.219 INFO             PET0 ESMF_NETCDF                 : disabled
20241016 233843.219 INFO             PET0 ESMF_PNETCDF                : disabled
20241016 233843.219 INFO             PET0 ESMF_PIO                    : disabled
20241016 233843.219 INFO             PET0 ESMF_YAMLCPP                : enabled
20241016 233843.223 INFO             PET0 esmApp STARTING
20241016 233843.229 INFO             PET0 esm: InitializeGeneric intro.
20241016 233843.229 INFO             PET0   esm: InitializeGeneric intro {IS}:--- StateLog() start -----------------
20241016 233843.229 INFO             PET0   esm: InitializeGeneric intro {IS}:State object is invalid! Not created or deleted!
20241016 233843.229 INFO             PET0   esm: InitializeGeneric intro {IS}:--- StateLog() end -------------------
20241016 233843.229 INFO             PET0   esm: InitializeGeneric intro {ES}:--- StateLog() start -----------------
20241016 233843.229 INFO             PET0   esm: InitializeGeneric intro {ES}:State object is invalid! Not created or deleted!
20241016 233843.229 INFO             PET0   esm: InitializeGeneric intro {ES}:--- StateLog() end -------------------
20241016 233843.229 INFO             PET0   esm: InitializeP0 intro.
20241016 233843.229 INFO             PET0     esm: InitializeP0 intro {IS}:--- StateLog() start -----------------
20241016 233843.230 INFO             PET0     esm: InitializeP0 intro {IS}:State object is invalid! Not created or deleted!
20241016 233843.230 INFO             PET0     esm: InitializeP0 intro {IS}:--- StateLog() end -------------------
20241016 233843.230 INFO             PET0     esm: InitializeP0 intro {ES}:--- StateLog() start -----------------
20241016 233843.230 INFO             PET0     esm: InitializeP0 intro {ES}:State object is invalid! Not created or deleted!
20241016 233843.230 INFO             PET0     esm: InitializeP0 intro {ES}:--- StateLog() end -------------------
20241016 233843.230 INFO             PET0     esm: InitializeP0 extro {IS}:--- StateLog() start -----------------
20241016 233843.230 INFO             PET0     esm: InitializeP0 extro {IS}:State object is invalid! Not created or deleted!
20241016 233843.230 INFO             PET0     esm: InitializeP0 extro {IS}:--- StateLog() end -------------------
20241016 233843.230 INFO             PET0     esm: InitializeP0 extro {ES}:--- StateLog() start -----------------
20241016 233843.230 INFO             PET0     esm: InitializeP0 extro {ES}:State object is invalid! Not created or deleted!
20241016 233843.230 INFO             PET0     esm: InitializeP0 extro {ES}:--- StateLog() end -------------------
20241016 233843.230 INFO             PET0   esm: InitializeP0 extro.
20241016 233843.230 INFO             PET0   esm: InitializeIPDv02p1 intro.
20241016 233843.230 INFO             PET0     esm: InitializeIPDv02p1 intro {IS}:--- StateLog() start -----------------
20241016 233843.230 INFO             PET0     esm: InitializeIPDv02p1 intro {IS}:State object is invalid! Not created or deleted!
20241016 233843.230 INFO             PET0     esm: InitializeIPDv02p1 intro {IS}:--- StateLog() end -------------------
20241016 233843.230 INFO             PET0     esm: InitializeIPDv02p1 intro {ES}:--- StateLog() start -----------------
20241016 233843.230 INFO             PET0     esm: InitializeIPDv02p1 intro {ES}:State object is invalid! Not created or deleted!
20241016 233843.230 INFO             PET0     esm: InitializeIPDv02p1 intro {ES}:--- StateLog() end -------------------
20241016 233843.230 INFO             PET0     >>>esm: entered Initialize (phase=<none>) without valid internal Clock.
20241016 233843.231 INFO             PET0     esm - Creating model component ATM with petList of size 2 :
20241016 233843.231 INFO             PET0           0      1
20241016 233843.234 INFO             PET0     esm - Creating model component OCN with petList of size 2 :
20241016 233843.234 INFO             PET0           2      3
20241016 233843.234 INFO             PET0     esm - Creating connector component ATM-TO-OCN with petList of size 4 :
20241016 233843.234 INFO             PET0           0      1      2      3
20241016 233843.241 INFO             PET0     esm - Creating connector component OCN-TO-ATM with petList of size 4 :
20241016 233843.241 INFO             PET0           2      3      0      1
20241016 233843.247 INFO             PET0     esm - Creating state: modelComp 1 Import State
20241016 233843.247 INFO             PET0     esm - Creating state: modelComp 1 Export State
20241016 233843.247 INFO             PET0     esm - Creating state: modelComp 2 Import State
20241016 233843.247 INFO             PET0     esm - Creating state: modelComp 2 Export State
20241016 233843.256 INFO             PET0     esm: IInitAdvertise intro.
20241016 233843.256 INFO             PET0       esm: IInitAdvertise intro {IS}:--- StateLog() start -----------------
20241016 233843.256 INFO             PET0       esm: IInitAdvertise intro {IS}:State object is invalid! Not created or deleted!
20241016 233843.256 INFO             PET0       esm: IInitAdvertise intro {IS}:--- StateLog() end -------------------
20241016 233843.256 INFO             PET0       esm: IInitAdvertise intro {ES}:--- StateLog() start -----------------
20241016 233843.256 INFO             PET0       esm: IInitAdvertise intro {ES}:State object is invalid! Not created or deleted!
20241016 233843.256 INFO             PET0       esm: IInitAdvertise intro {ES}:--- StateLog() end -------------------
20241016 233843.256 INFO             PET0       esm: IInitAdvertise extro {IS}:--- StateLog() start -----------------
20241016 233843.256 INFO             PET0       esm: IInitAdvertise extro {IS}:State object is invalid! Not created or deleted!
20241016 233843.256 INFO             PET0       esm: IInitAdvertise extro {IS}:--- StateLog() end -------------------
20241016 233843.256 INFO             PET0       esm: IInitAdvertise extro {ES}:--- StateLog() start -----------------
20241016 233843.256 INFO             PET0       esm: IInitAdvertise extro {ES}:State object is invalid! Not created or deleted!
20241016 233843.256 INFO             PET0       esm: IInitAdvertise extro {ES}:--- StateLog() end -------------------
20241016 233843.256 INFO             PET0     esm: IInitAdvertise extro.
20241016 233843.270 INFO             PET0     esm: IInitAdvertiseFinish intro.
20241016 233843.270 INFO             PET0       esm: IInitAdvertiseFinish intro {IS}:--- StateLog() start -----------------
20241016 233843.270 INFO             PET0       esm: IInitAdvertiseFinish intro {IS}:State object is invalid! Not created or deleted!
20241016 233843.270 INFO             PET0       esm: IInitAdvertiseFinish intro {IS}:--- StateLog() end -------------------
20241016 233843.270 INFO             PET0       esm: IInitAdvertiseFinish intro {ES}:--- StateLog() start -----------------
20241016 233843.270 INFO             PET0       esm: IInitAdvertiseFinish intro {ES}:State object is invalid! Not created or deleted!
20241016 233843.270 INFO             PET0       esm: IInitAdvertiseFinish intro {ES}:--- StateLog() end -------------------
20241016 233843.270 INFO             PET0       esm: IInitAdvertiseFinish extro {IS}:--- StateLog() start -----------------
20241016 233843.270 INFO             PET0       esm: IInitAdvertiseFinish extro {IS}:State object is invalid! Not created or deleted!
20241016 233843.270 INFO             PET0       esm: IInitAdvertiseFinish extro {IS}:--- StateLog() end -------------------
20241016 233843.270 INFO             PET0       esm: IInitAdvertiseFinish extro {ES}:--- StateLog() start -----------------
20241016 233843.270 INFO             PET0       esm: IInitAdvertiseFinish extro {ES}:State object is invalid! Not created or deleted!
20241016 233843.270 INFO             PET0       esm: IInitAdvertiseFinish extro {ES}:--- StateLog() end -------------------
20241016 233843.270 INFO             PET0     esm: IInitAdvertiseFinish extro.
20241016 233843.287 INFO             PET0     esm: IInitModifyCplLists intro.
20241016 233843.287 INFO             PET0       esm: IInitModifyCplLists intro {IS}:--- StateLog() start -----------------
20241016 233843.287 INFO             PET0       esm: IInitModifyCplLists intro {IS}:State object is invalid! Not created or deleted!
20241016 233843.287 INFO             PET0       esm: IInitModifyCplLists intro {IS}:--- StateLog() end -------------------
20241016 233843.287 INFO             PET0       esm: IInitModifyCplLists intro {ES}:--- StateLog() start -----------------
20241016 233843.287 INFO             PET0       esm: IInitModifyCplLists intro {ES}:State object is invalid! Not created or deleted!
20241016 233843.287 INFO             PET0       esm: IInitModifyCplLists intro {ES}:--- StateLog() end -------------------
20241016 233843.287 INFO             PET0       Driver is in ModifyCplLists()
20241016 233843.287 INFO             PET0        Found  2  Connectors. Modifying CplList Attribute....
20241016 233843.287 INFO             PET0       esm: IInitModifyCplLists extro {IS}:--- StateLog() start -----------------
20241016 233843.288 INFO             PET0       esm: IInitModifyCplLists extro {IS}:State object is invalid! Not created or deleted!
20241016 233843.288 INFO             PET0       esm: IInitModifyCplLists extro {IS}:--- StateLog() end -------------------
20241016 233843.288 INFO             PET0       esm: IInitModifyCplLists extro {ES}:--- StateLog() start -----------------
20241016 233843.288 INFO             PET0       esm: IInitModifyCplLists extro {ES}:State object is invalid! Not created or deleted!
20241016 233843.288 INFO             PET0       esm: IInitModifyCplLists extro {ES}:--- StateLog() end -------------------
20241016 233843.288 INFO             PET0     esm: IInitModifyCplLists extro.
20241016 233843.296 INFO             PET0     <<<esm: leaving Initialize (phase=<none>) with current time: 2010  6  1  0  0  0   0
20241016 233843.296 INFO             PET0     esm: InitializeIPDv02p1 extro {IS}:--- StateLog() start -----------------
20241016 233843.296 INFO             PET0     esm: InitializeIPDv02p1 extro {IS}:State object is invalid! Not created or deleted!
20241016 233843.296 INFO             PET0     esm: InitializeIPDv02p1 extro {IS}:--- StateLog() end -------------------
20241016 233843.296 INFO             PET0     esm: InitializeIPDv02p1 extro {ES}:--- StateLog() start -----------------
20241016 233843.296 INFO             PET0     esm: InitializeIPDv02p1 extro {ES}:State object is invalid! Not created or deleted!
20241016 233843.296 INFO             PET0     esm: InitializeIPDv02p1 extro {ES}:--- StateLog() end -------------------
20241016 233843.296 INFO             PET0   esm: InitializeIPDv02p1 extro.
20241016 233843.297 INFO             PET0   esm: InitializeIPDv02p3 intro.
20241016 233843.297 INFO             PET0     esm: InitializeIPDv02p3 intro {IS}:--- StateLog() start -----------------
20241016 233843.297 INFO             PET0     esm: InitializeIPDv02p3 intro {IS}:State object is invalid! Not created or deleted!
20241016 233843.297 INFO             PET0     esm: InitializeIPDv02p3 intro {IS}:--- StateLog() end -------------------
20241016 233843.297 INFO             PET0     esm: InitializeIPDv02p3 intro {ES}:--- StateLog() start -----------------
20241016 233843.297 INFO             PET0     esm: InitializeIPDv02p3 intro {ES}:State object is invalid! Not created or deleted!
20241016 233843.297 INFO             PET0     esm: InitializeIPDv02p3 intro {ES}:--- StateLog() end -------------------
20241016 233843.297 INFO             PET0     >>>esm: entered Initialize (phase=<none>) with current time: 2010  6  1  0  0  0   0
20241016 233843.297 INFO             PET0     esm: IInitCheck intro.
20241016 233843.297 INFO             PET0       esm: IInitCheck intro {IS}:--- StateLog() start -----------------
20241016 233843.297 INFO             PET0       esm: IInitCheck intro {IS}:State object is invalid! Not created or deleted!
20241016 233843.297 INFO             PET0       esm: IInitCheck intro {IS}:--- StateLog() end -------------------
20241016 233843.297 INFO             PET0       esm: IInitCheck intro {ES}:--- StateLog() start -----------------
20241016 233843.297 INFO             PET0       esm: IInitCheck intro {ES}:State object is invalid! Not created or deleted!
20241016 233843.297 INFO             PET0       esm: IInitCheck intro {ES}:--- StateLog() end -------------------
20241016 233843.297 INFO             PET0       esm: IInitCheck extro {IS}:--- StateLog() start -----------------
20241016 233843.297 INFO             PET0       esm: IInitCheck extro {IS}:State object is invalid! Not created or deleted!
20241016 233843.297 INFO             PET0       esm: IInitCheck extro {IS}:--- StateLog() end -------------------
20241016 233843.297 INFO             PET0       esm: IInitCheck extro {ES}:--- StateLog() start -----------------
20241016 233843.297 INFO             PET0       esm: IInitCheck extro {ES}:State object is invalid! Not created or deleted!
20241016 233843.297 INFO             PET0       esm: IInitCheck extro {ES}:--- StateLog() end -------------------
20241016 233843.297 INFO             PET0     esm: IInitCheck extro.
20241016 233843.299 INFO             PET0     ATM is accepting LocStream for Field 'sst'.
20241016 233843.314 INFO             PET0      ATM - InitializeP4: transferred LocStream name = Temperature Measurements
20241016 233843.314 INFO             PET0      ATM - InitializeP4: localDeCount =  1
20241016 233843.314 INFO             PET0      ATM - InitializeP4: final LocStream localDeCount =  1
20241016 233843.333 INFO             PET0     esm: IInitRealize intro.
20241016 233843.333 INFO             PET0       esm: IInitRealize intro {IS}:--- StateLog() start -----------------
20241016 233843.333 INFO             PET0       esm: IInitRealize intro {IS}:State object is invalid! Not created or deleted!
20241016 233843.333 INFO             PET0       esm: IInitRealize intro {IS}:--- StateLog() end -------------------
20241016 233843.333 INFO             PET0       esm: IInitRealize intro {ES}:--- StateLog() start -----------------
20241016 233843.333 INFO             PET0       esm: IInitRealize intro {ES}:State object is invalid! Not created or deleted!
20241016 233843.333 INFO             PET0       esm: IInitRealize intro {ES}:--- StateLog() end -------------------
20241016 233843.333 INFO             PET0       esm: IInitRealize extro {IS}:--- StateLog() start -----------------
20241016 233843.333 INFO             PET0       esm: IInitRealize extro {IS}:State object is invalid! Not created or deleted!
20241016 233843.333 INFO             PET0       esm: IInitRealize extro {IS}:--- StateLog() end -------------------
20241016 233843.333 INFO             PET0       esm: IInitRealize extro {ES}:--- StateLog() start -----------------
20241016 233843.333 INFO             PET0       esm: IInitRealize extro {ES}:State object is invalid! Not created or deleted!
20241016 233843.333 INFO             PET0       esm: IInitRealize extro {ES}:--- StateLog() end -------------------
20241016 233843.333 INFO             PET0     esm: IInitRealize extro.
20241016 233843.333 INFO             PET0      ATM - Just realized the 'sst' Field in importState.
20241016 233843.334 INFO             PET0      ATM - Just realized the 'pmsl' Field in exportState.
20241016 233843.334 INFO             PET0      ATM - InitializeP5: transferred LocStream name = Temperature Measurements
20241016 233843.353 INFO             PET0     <<<esm: leaving Initialize (phase=<none>) with current time: 2010  6  1  0  0  0   0
20241016 233843.353 INFO             PET0     esm: InitializeIPDv02p3 extro {IS}:--- StateLog() start -----------------
20241016 233843.353 INFO             PET0     esm: InitializeIPDv02p3 extro {IS}:State object is invalid! Not created or deleted!
20241016 233843.353 INFO             PET0     esm: InitializeIPDv02p3 extro {IS}:--- StateLog() end -------------------
20241016 233843.353 INFO             PET0     esm: InitializeIPDv02p3 extro {ES}:--- StateLog() start -----------------
20241016 233843.353 INFO             PET0     esm: InitializeIPDv02p3 extro {ES}:State object is invalid! Not created or deleted!
20241016 233843.353 INFO             PET0     esm: InitializeIPDv02p3 extro {ES}:--- StateLog() end -------------------
20241016 233843.353 INFO             PET0   esm: InitializeIPDv02p3 extro.
20241016 233843.353 INFO             PET0   esm: InitializeIPDv02p5 intro.
20241016 233843.353 INFO             PET0     esm: InitializeIPDv02p5 intro {IS}:--- StateLog() start -----------------
20241016 233843.353 INFO             PET0     esm: InitializeIPDv02p5 intro {IS}:State object is invalid! Not created or deleted!
20241016 233843.353 INFO             PET0     esm: InitializeIPDv02p5 intro {IS}:--- StateLog() end -------------------
20241016 233843.353 INFO             PET0     esm: InitializeIPDv02p5 intro {ES}:--- StateLog() start -----------------
20241016 233843.353 INFO             PET0     esm: InitializeIPDv02p5 intro {ES}:State object is invalid! Not created or deleted!
20241016 233843.353 INFO             PET0     esm: InitializeIPDv02p5 intro {ES}:--- StateLog() end -------------------
20241016 233843.353 INFO             PET0     >>>esm: entered Initialize (phase=<none>) with current time: 2010  6  1  0  0  0   0
20241016 233843.353 INFO             PET0     esm: this is a top level driver, no 'Updated' and 'InitializeDataComplete' info on this level.
20241016 233843.353 INFO             PET0     esm: InitializeIPDv02p5Data intro.
20241016 233843.353 INFO             PET0       esm: InitializeIPDv02p5Data intro {IS}:--- StateLog() start -----------------
20241016 233843.353 INFO             PET0       esm: InitializeIPDv02p5Data intro {IS}:State object is invalid! Not created or deleted!
20241016 233843.353 INFO             PET0       esm: InitializeIPDv02p5Data intro {IS}:--- StateLog() end -------------------
20241016 233843.353 INFO             PET0       esm: InitializeIPDv02p5Data intro {ES}:--- StateLog() start -----------------
20241016 233843.353 INFO             PET0       esm: InitializeIPDv02p5Data intro {ES}:State object is invalid! Not created or deleted!
20241016 233843.353 INFO             PET0       esm: InitializeIPDv02p5Data intro {ES}:--- StateLog() end -------------------
20241016 233843.354 INFO             PET0       esm: InternalInitializeComplete intro.
20241016 233843.354 INFO             PET0         esm: InternalInitializeComplete intro {IS}:--- StateLog() start -----------------
20241016 233843.354 INFO             PET0         esm: InternalInitializeComplete intro {IS}:State object is invalid! Not created or deleted!
20241016 233843.354 INFO             PET0         esm: InternalInitializeComplete intro {IS}:--- StateLog() end -------------------
20241016 233843.354 INFO             PET0         esm: InternalInitializeComplete intro {ES}:--- StateLog() start -----------------
20241016 233843.354 INFO             PET0         esm: InternalInitializeComplete intro {ES}:State object is invalid! Not created or deleted!
20241016 233843.354 INFO             PET0         esm: InternalInitializeComplete intro {ES}:--- StateLog() end -------------------
20241016 233843.354 INFO             PET0         esm: InitializeDataComplete='true'
20241016 233843.354 INFO             PET0         esm: InternalInitializeComplete extro {IS}:--- StateLog() start -----------------
20241016 233843.354 INFO             PET0         esm: InternalInitializeComplete extro {IS}:State object is invalid! Not created or deleted!
20241016 233843.354 INFO             PET0         esm: InternalInitializeComplete extro {IS}:--- StateLog() end -------------------
20241016 233843.354 INFO             PET0         esm: InternalInitializeComplete extro {ES}:--- StateLog() start -----------------
20241016 233843.354 INFO             PET0         esm: InternalInitializeComplete extro {ES}:State object is invalid! Not created or deleted!
20241016 233843.354 INFO             PET0         esm: InternalInitializeComplete extro {ES}:--- StateLog() end -------------------
20241016 233843.354 INFO             PET0       esm: InternalInitializeComplete extro.
20241016 233843.356 INFO             PET0       esm: components present that trigger loopDataDependentInitialize().
20241016 233843.356 INFO             PET0       esm: loopDataDependentInitialize intro.
20241016 233843.356 INFO             PET0         esm: loopDataDependentInitialize intro {IS}:--- StateLog() start -----------------
20241016 233843.356 INFO             PET0         esm: loopDataDependentInitialize intro {IS}:State object is invalid! Not created or deleted!
20241016 233843.221 INFO             PET1 !!!!!!!!!!!!!!!!!!!!!!!!!!!!!!!!!!!!!!!!!!!!!!!!!!!!!!
20241016 233843.221 INFO             PET1 !!! THE ESMF_LOG IS SET TO OUTPUT ALL LOG MESSAGES !!!
20241016 233843.221 INFO             PET1 !!!     THIS MAY CAUSE SLOWDOWN IN PERFORMANCE     !!!
20241016 233843.221 INFO             PET1 !!! FOR PRODUCTION RUNS, USE:                      !!!
20241016 233843.221 INFO             PET1 !!!                   ESMF_LOGKIND_Multi_On_Error  !!!
20241016 233843.221 INFO             PET1 !!!!!!!!!!!!!!!!!!!!!!!!!!!!!!!!!!!!!!!!!!!!!!!!!!!!!!
20241016 233843.221 INFO             PET1 Running with ESMF Version   : v8.8.0b01-6-g3ed6fcfd2b
20241016 233843.221 INFO             PET1 ESMF library build date/time: "Oct 16 2024" "22:49:39"
20241016 233843.221 INFO             PET1 ESMF library build location : /discover/nobackup/projects/gmao/SIteam/ESMF_Testing/nag_7.2.15_openmpi_O_develop/esmf
20241016 233843.221 INFO             PET1 ESMF_COMM                   : openmpi
20241016 233843.221 INFO             PET1 ESMF_MOAB                   : enabled
20241016 233843.221 INFO             PET1 ESMF_LAPACK                 : enabled
20241016 233843.221 INFO             PET1 ESMF_NETCDF                 : disabled
20241016 233843.221 INFO             PET1 ESMF_PNETCDF                : disabled
20241016 233843.221 INFO             PET1 ESMF_PIO                    : disabled
20241016 233843.221 INFO             PET1 ESMF_YAMLCPP                : enabled
20241016 233843.223 INFO             PET1 esmApp STARTING
20241016 233843.229 INFO             PET1 esm: InitializeGeneric intro.
20241016 233843.229 INFO             PET1   esm: InitializeGeneric intro {IS}:--- StateLog() start -----------------
20241016 233843.229 INFO             PET1   esm: InitializeGeneric intro {IS}:State object is invalid! Not created or deleted!
20241016 233843.229 INFO             PET1   esm: InitializeGeneric intro {IS}:--- StateLog() end -------------------
20241016 233843.229 INFO             PET1   esm: InitializeGeneric intro {ES}:--- StateLog() start -----------------
20241016 233843.229 INFO             PET1   esm: InitializeGeneric intro {ES}:State object is invalid! Not created or deleted!
20241016 233843.229 INFO             PET1   esm: InitializeGeneric intro {ES}:--- StateLog() end -------------------
20241016 233843.230 INFO             PET1   esm: InitializeP0 intro.
20241016 233843.230 INFO             PET1     esm: InitializeP0 intro {IS}:--- StateLog() start -----------------
20241016 233843.230 INFO             PET1     esm: InitializeP0 intro {IS}:State object is invalid! Not created or deleted!
20241016 233843.230 INFO             PET1     esm: InitializeP0 intro {IS}:--- StateLog() end -------------------
20241016 233843.230 INFO             PET1     esm: InitializeP0 intro {ES}:--- StateLog() start -----------------
20241016 233843.230 INFO             PET1     esm: InitializeP0 intro {ES}:State object is invalid! Not created or deleted!
20241016 233843.230 INFO             PET1     esm: InitializeP0 intro {ES}:--- StateLog() end -------------------
20241016 233843.230 INFO             PET1     esm: InitializeP0 extro {IS}:--- StateLog() start -----------------
20241016 233843.230 INFO             PET1     esm: InitializeP0 extro {IS}:State object is invalid! Not created or deleted!
20241016 233843.230 INFO             PET1     esm: InitializeP0 extro {IS}:--- StateLog() end -------------------
20241016 233843.230 INFO             PET1     esm: InitializeP0 extro {ES}:--- StateLog() start -----------------
20241016 233843.230 INFO             PET1     esm: InitializeP0 extro {ES}:State object is invalid! Not created or deleted!
20241016 233843.230 INFO             PET1     esm: InitializeP0 extro {ES}:--- StateLog() end -------------------
20241016 233843.230 INFO             PET1   esm: InitializeP0 extro.
20241016 233843.230 INFO             PET1   esm: InitializeIPDv02p1 intro.
20241016 233843.230 INFO             PET1     esm: InitializeIPDv02p1 intro {IS}:--- StateLog() start -----------------
20241016 233843.230 INFO             PET1     esm: InitializeIPDv02p1 intro {IS}:State object is invalid! Not created or deleted!
20241016 233843.230 INFO             PET1     esm: InitializeIPDv02p1 intro {IS}:--- StateLog() end -------------------
20241016 233843.230 INFO             PET1     esm: InitializeIPDv02p1 intro {ES}:--- StateLog() start -----------------
20241016 233843.230 INFO             PET1     esm: InitializeIPDv02p1 intro {ES}:State object is invalid! Not created or deleted!
20241016 233843.230 INFO             PET1     esm: InitializeIPDv02p1 intro {ES}:--- StateLog() end -------------------
20241016 233843.230 INFO             PET1     >>>esm: entered Initialize (phase=<none>) without valid internal Clock.
20241016 233843.231 INFO             PET1     esm - Creating model component ATM with petList of size 2 :
20241016 233843.231 INFO             PET1           0      1
20241016 233843.234 INFO             PET1     esm - Creating model component OCN with petList of size 2 :
20241016 233843.234 INFO             PET1           2      3
20241016 233843.234 INFO             PET1     esm - Creating connector component ATM-TO-OCN with petList of size 4 :
20241016 233843.234 INFO             PET1           0      1      2      3
20241016 233843.241 INFO             PET1     esm - Creating connector component OCN-TO-ATM with petList of size 4 :
20241016 233843.241 INFO             PET1           2      3      0      1
20241016 233843.247 INFO             PET1     esm - Creating state: modelComp 1 Import State
20241016 233843.247 INFO             PET1     esm - Creating state: modelComp 1 Export State
20241016 233843.247 INFO             PET1     esm - Creating state: modelComp 2 Import State
20241016 233843.247 INFO             PET1     esm - Creating state: modelComp 2 Export State
20241016 233843.256 INFO             PET1     esm: IInitAdvertise intro.
20241016 233843.256 INFO             PET1       esm: IInitAdvertise intro {IS}:--- StateLog() start -----------------
20241016 233843.256 INFO             PET1       esm: IInitAdvertise intro {IS}:State object is invalid! Not created or deleted!
20241016 233843.256 INFO             PET1       esm: IInitAdvertise intro {IS}:--- StateLog() end -------------------
20241016 233843.256 INFO             PET1       esm: IInitAdvertise intro {ES}:--- StateLog() start -----------------
20241016 233843.256 INFO             PET1       esm: IInitAdvertise intro {ES}:State object is invalid! Not created or deleted!
20241016 233843.256 INFO             PET1       esm: IInitAdvertise intro {ES}:--- StateLog() end -------------------
20241016 233843.256 INFO             PET1       esm: IInitAdvertise extro {IS}:--- StateLog() start -----------------
20241016 233843.256 INFO             PET1       esm: IInitAdvertise extro {IS}:State object is invalid! Not created or deleted!
20241016 233843.256 INFO             PET1       esm: IInitAdvertise extro {IS}:--- StateLog() end -------------------
20241016 233843.256 INFO             PET1       esm: IInitAdvertise extro {ES}:--- StateLog() start -----------------
20241016 233843.256 INFO             PET1       esm: IInitAdvertise extro {ES}:State object is invalid! Not created or deleted!
20241016 233843.256 INFO             PET1       esm: IInitAdvertise extro {ES}:--- StateLog() end -------------------
20241016 233843.256 INFO             PET1     esm: IInitAdvertise extro.
20241016 233843.270 INFO             PET1     esm: IInitAdvertiseFinish intro.
20241016 233843.270 INFO             PET1       esm: IInitAdvertiseFinish intro {IS}:--- StateLog() start -----------------
20241016 233843.270 INFO             PET1       esm: IInitAdvertiseFinish intro {IS}:State object is invalid! Not created or deleted!
20241016 233843.270 INFO             PET1       esm: IInitAdvertiseFinish intro {IS}:--- StateLog() end -------------------
20241016 233843.270 INFO             PET1       esm: IInitAdvertiseFinish intro {ES}:--- StateLog() start -----------------
20241016 233843.270 INFO             PET1       esm: IInitAdvertiseFinish intro {ES}:State object is invalid! Not created or deleted!
20241016 233843.270 INFO             PET1       esm: IInitAdvertiseFinish intro {ES}:--- StateLog() end -------------------
20241016 233843.270 INFO             PET1       esm: IInitAdvertiseFinish extro {IS}:--- StateLog() start -----------------
20241016 233843.270 INFO             PET1       esm: IInitAdvertiseFinish extro {IS}:State object is invalid! Not created or deleted!
20241016 233843.270 INFO             PET1       esm: IInitAdvertiseFinish extro {IS}:--- StateLog() end -------------------
20241016 233843.270 INFO             PET1       esm: IInitAdvertiseFinish extro {ES}:--- StateLog() start -----------------
20241016 233843.270 INFO             PET1       esm: IInitAdvertiseFinish extro {ES}:State object is invalid! Not created or deleted!
20241016 233843.270 INFO             PET1       esm: IInitAdvertiseFinish extro {ES}:--- StateLog() end -------------------
20241016 233843.270 INFO             PET1     esm: IInitAdvertiseFinish extro.
20241016 233843.287 INFO             PET1     esm: IInitModifyCplLists intro.
20241016 233843.287 INFO             PET1       esm: IInitModifyCplLists intro {IS}:--- StateLog() start -----------------
20241016 233843.287 INFO             PET1       esm: IInitModifyCplLists intro {IS}:State object is invalid! Not created or deleted!
20241016 233843.287 INFO             PET1       esm: IInitModifyCplLists intro {IS}:--- StateLog() end -------------------
20241016 233843.287 INFO             PET1       esm: IInitModifyCplLists intro {ES}:--- StateLog() start -----------------
20241016 233843.287 INFO             PET1       esm: IInitModifyCplLists intro {ES}:State object is invalid! Not created or deleted!
20241016 233843.287 INFO             PET1       esm: IInitModifyCplLists intro {ES}:--- StateLog() end -------------------
20241016 233843.287 INFO             PET1       Driver is in ModifyCplLists()
20241016 233843.287 INFO             PET1        Found  2  Connectors. Modifying CplList Attribute....
20241016 233843.287 INFO             PET1       esm: IInitModifyCplLists extro {IS}:--- StateLog() start -----------------
20241016 233843.288 INFO             PET1       esm: IInitModifyCplLists extro {IS}:State object is invalid! Not created or deleted!
20241016 233843.288 INFO             PET1       esm: IInitModifyCplLists extro {IS}:--- StateLog() end -------------------
20241016 233843.288 INFO             PET1       esm: IInitModifyCplLists extro {ES}:--- StateLog() start -----------------
20241016 233843.288 INFO             PET1       esm: IInitModifyCplLists extro {ES}:State object is invalid! Not created or deleted!
20241016 233843.288 INFO             PET1       esm: IInitModifyCplLists extro {ES}:--- StateLog() end -------------------
20241016 233843.288 INFO             PET1     esm: IInitModifyCplLists extro.
20241016 233843.296 INFO             PET1     <<<esm: leaving Initialize (phase=<none>) with current time: 2010  6  1  0  0  0   0
20241016 233843.296 INFO             PET1     esm: InitializeIPDv02p1 extro {IS}:--- StateLog() start -----------------
20241016 233843.296 INFO             PET1     esm: InitializeIPDv02p1 extro {IS}:State object is invalid! Not created or deleted!
20241016 233843.296 INFO             PET1     esm: InitializeIPDv02p1 extro {IS}:--- StateLog() end -------------------
20241016 233843.296 INFO             PET1     esm: InitializeIPDv02p1 extro {ES}:--- StateLog() start -----------------
20241016 233843.296 INFO             PET1     esm: InitializeIPDv02p1 extro {ES}:State object is invalid! Not created or deleted!
20241016 233843.296 INFO             PET1     esm: InitializeIPDv02p1 extro {ES}:--- StateLog() end -------------------
20241016 233843.296 INFO             PET1   esm: InitializeIPDv02p1 extro.
20241016 233843.297 INFO             PET1   esm: InitializeIPDv02p3 intro.
20241016 233843.297 INFO             PET1     esm: InitializeIPDv02p3 intro {IS}:--- StateLog() start -----------------
20241016 233843.297 INFO             PET1     esm: InitializeIPDv02p3 intro {IS}:State object is invalid! Not created or deleted!
20241016 233843.297 INFO             PET1     esm: InitializeIPDv02p3 intro {IS}:--- StateLog() end -------------------
20241016 233843.297 INFO             PET1     esm: InitializeIPDv02p3 intro {ES}:--- StateLog() start -----------------
20241016 233843.297 INFO             PET1     esm: InitializeIPDv02p3 intro {ES}:State object is invalid! Not created or deleted!
20241016 233843.297 INFO             PET1     esm: InitializeIPDv02p3 intro {ES}:--- StateLog() end -------------------
20241016 233843.297 INFO             PET1     >>>esm: entered Initialize (phase=<none>) with current time: 2010  6  1  0  0  0   0
20241016 233843.297 INFO             PET1     esm: IInitCheck intro.
20241016 233843.297 INFO             PET1       esm: IInitCheck intro {IS}:--- StateLog() start -----------------
20241016 233843.297 INFO             PET1       esm: IInitCheck intro {IS}:State object is invalid! Not created or deleted!
20241016 233843.297 INFO             PET1       esm: IInitCheck intro {IS}:--- StateLog() end -------------------
20241016 233843.297 INFO             PET1       esm: IInitCheck intro {ES}:--- StateLog() start -----------------
20241016 233843.297 INFO             PET1       esm: IInitCheck intro {ES}:State object is invalid! Not created or deleted!
20241016 233843.297 INFO             PET1       esm: IInitCheck intro {ES}:--- StateLog() end -------------------
20241016 233843.297 INFO             PET1       esm: IInitCheck extro {IS}:--- StateLog() start -----------------
20241016 233843.297 INFO             PET1       esm: IInitCheck extro {IS}:State object is invalid! Not created or deleted!
20241016 233843.297 INFO             PET1       esm: IInitCheck extro {IS}:--- StateLog() end -------------------
20241016 233843.297 INFO             PET1       esm: IInitCheck extro {ES}:--- StateLog() start -----------------
20241016 233843.297 INFO             PET1       esm: IInitCheck extro {ES}:State object is invalid! Not created or deleted!
20241016 233843.297 INFO             PET1       esm: IInitCheck extro {ES}:--- StateLog() end -------------------
20241016 233843.297 INFO             PET1     esm: IInitCheck extro.
20241016 233843.299 INFO             PET1     ATM is accepting LocStream for Field 'sst'.
20241016 233843.314 INFO             PET1      ATM - InitializeP4: transferred LocStream name = Temperature Measurements
20241016 233843.314 INFO             PET1      ATM - InitializeP4: localDeCount =  1
20241016 233843.314 INFO             PET1      ATM - InitializeP4: final LocStream localDeCount =  1
20241016 233843.333 INFO             PET1     esm: IInitRealize intro.
20241016 233843.333 INFO             PET1       esm: IInitRealize intro {IS}:--- StateLog() start -----------------
20241016 233843.333 INFO             PET1       esm: IInitRealize intro {IS}:State object is invalid! Not created or deleted!
20241016 233843.333 INFO             PET1       esm: IInitRealize intro {IS}:--- StateLog() end -------------------
20241016 233843.333 INFO             PET1       esm: IInitRealize intro {ES}:--- StateLog() start -----------------
20241016 233843.333 INFO             PET1       esm: IInitRealize intro {ES}:State object is invalid! Not created or deleted!
20241016 233843.333 INFO             PET1       esm: IInitRealize intro {ES}:--- StateLog() end -------------------
20241016 233843.333 INFO             PET1       esm: IInitRealize extro {IS}:--- StateLog() start -----------------
20241016 233843.333 INFO             PET1       esm: IInitRealize extro {IS}:State object is invalid! Not created or deleted!
20241016 233843.333 INFO             PET1       esm: IInitRealize extro {IS}:--- StateLog() end -------------------
20241016 233843.333 INFO             PET1       esm: IInitRealize extro {ES}:--- StateLog() start -----------------
20241016 233843.333 INFO             PET1       esm: IInitRealize extro {ES}:State object is invalid! Not created or deleted!
20241016 233843.333 INFO             PET1       esm: IInitRealize extro {ES}:--- StateLog() end -------------------
20241016 233843.333 INFO             PET1     esm: IInitRealize extro.
20241016 233843.333 INFO             PET1      ATM - Just realized the 'sst' Field in importState.
20241016 233843.334 INFO             PET1      ATM - Just realized the 'pmsl' Field in exportState.
20241016 233843.334 INFO             PET1      ATM - InitializeP5: transferred LocStream name = Temperature Measurements
20241016 233843.353 INFO             PET1     <<<esm: leaving Initialize (phase=<none>) with current time: 2010  6  1  0  0  0   0
20241016 233843.353 INFO             PET1     esm: InitializeIPDv02p3 extro {IS}:--- StateLog() start -----------------
20241016 233843.353 INFO             PET1     esm: InitializeIPDv02p3 extro {IS}:State object is invalid! Not created or deleted!
20241016 233843.353 INFO             PET1     esm: InitializeIPDv02p3 extro {IS}:--- StateLog() end -------------------
20241016 233843.353 INFO             PET1     esm: InitializeIPDv02p3 extro {ES}:--- StateLog() start -----------------
20241016 233843.353 INFO             PET1     esm: InitializeIPDv02p3 extro {ES}:State object is invalid! Not created or deleted!
20241016 233843.353 INFO             PET1     esm: InitializeIPDv02p3 extro {ES}:--- StateLog() end -------------------
20241016 233843.353 INFO             PET1   esm: InitializeIPDv02p3 extro.
20241016 233843.353 INFO             PET1   esm: InitializeIPDv02p5 intro.
20241016 233843.353 INFO             PET1     esm: InitializeIPDv02p5 intro {IS}:--- StateLog() start -----------------
20241016 233843.353 INFO             PET1     esm: InitializeIPDv02p5 intro {IS}:State object is invalid! Not created or deleted!
20241016 233843.353 INFO             PET1     esm: InitializeIPDv02p5 intro {IS}:--- StateLog() end -------------------
20241016 233843.353 INFO             PET1     esm: InitializeIPDv02p5 intro {ES}:--- StateLog() start -----------------
20241016 233843.353 INFO             PET1     esm: InitializeIPDv02p5 intro {ES}:State object is invalid! Not created or deleted!
20241016 233843.353 INFO             PET1     esm: InitializeIPDv02p5 intro {ES}:--- StateLog() end -------------------
20241016 233843.353 INFO             PET1     >>>esm: entered Initialize (phase=<none>) with current time: 2010  6  1  0  0  0   0
20241016 233843.353 INFO             PET1     esm: this is a top level driver, no 'Updated' and 'InitializeDataComplete' info on this level.
20241016 233843.353 INFO             PET1     esm: InitializeIPDv02p5Data intro.
20241016 233843.353 INFO             PET1       esm: InitializeIPDv02p5Data intro {IS}:--- StateLog() start -----------------
20241016 233843.353 INFO             PET1       esm: InitializeIPDv02p5Data intro {IS}:State object is invalid! Not created or deleted!
20241016 233843.353 INFO             PET1       esm: InitializeIPDv02p5Data intro {IS}:--- StateLog() end -------------------
20241016 233843.353 INFO             PET1       esm: InitializeIPDv02p5Data intro {ES}:--- StateLog() start -----------------
20241016 233843.353 INFO             PET1       esm: InitializeIPDv02p5Data intro {ES}:State object is invalid! Not created or deleted!
20241016 233843.353 INFO             PET1       esm: InitializeIPDv02p5Data intro {ES}:--- StateLog() end -------------------
20241016 233843.354 INFO             PET1       esm: InternalInitializeComplete intro.
20241016 233843.354 INFO             PET1         esm: InternalInitializeComplete intro {IS}:--- StateLog() start -----------------
20241016 233843.354 INFO             PET1         esm: InternalInitializeComplete intro {IS}:State object is invalid! Not created or deleted!
20241016 233843.354 INFO             PET1         esm: InternalInitializeComplete intro {IS}:--- StateLog() end -------------------
20241016 233843.354 INFO             PET1         esm: InternalInitializeComplete intro {ES}:--- StateLog() start -----------------
20241016 233843.354 INFO             PET1         esm: InternalInitializeComplete intro {ES}:State object is invalid! Not created or deleted!
20241016 233843.354 INFO             PET1         esm: InternalInitializeComplete intro {ES}:--- StateLog() end -------------------
20241016 233843.354 INFO             PET1         esm: InitializeDataComplete='true'
20241016 233843.354 INFO             PET1         esm: InternalInitializeComplete extro {IS}:--- StateLog() start -----------------
20241016 233843.354 INFO             PET1         esm: InternalInitializeComplete extro {IS}:State object is invalid! Not created or deleted!
20241016 233843.354 INFO             PET1         esm: InternalInitializeComplete extro {IS}:--- StateLog() end -------------------
20241016 233843.354 INFO             PET1         esm: InternalInitializeComplete extro {ES}:--- StateLog() start -----------------
20241016 233843.354 INFO             PET1         esm: InternalInitializeComplete extro {ES}:State object is invalid! Not created or deleted!
20241016 233843.354 INFO             PET1         esm: InternalInitializeComplete extro {ES}:--- StateLog() end -------------------
20241016 233843.354 INFO             PET1       esm: InternalInitializeComplete extro.
20241016 233843.356 INFO             PET1       esm: components present that trigger loopDataDependentInitialize().
20241016 233843.356 INFO             PET1       esm: loopDataDependentInitialize intro.
20241016 233843.356 INFO             PET1         esm: loopDataDependentInitialize intro {IS}:--- StateLog() start -----------------
20241016 233843.356 INFO             PET1         esm: loopDataDependentInitialize intro {IS}:State object is invalid! Not created or deleted!
20241016 233843.219 INFO             PET2 !!!!!!!!!!!!!!!!!!!!!!!!!!!!!!!!!!!!!!!!!!!!!!!!!!!!!!
20241016 233843.219 INFO             PET2 !!! THE ESMF_LOG IS SET TO OUTPUT ALL LOG MESSAGES !!!
20241016 233843.219 INFO             PET2 !!!     THIS MAY CAUSE SLOWDOWN IN PERFORMANCE     !!!
20241016 233843.219 INFO             PET2 !!! FOR PRODUCTION RUNS, USE:                      !!!
20241016 233843.219 INFO             PET2 !!!                   ESMF_LOGKIND_Multi_On_Error  !!!
20241016 233843.219 INFO             PET2 !!!!!!!!!!!!!!!!!!!!!!!!!!!!!!!!!!!!!!!!!!!!!!!!!!!!!!
20241016 233843.219 INFO             PET2 Running with ESMF Version   : v8.8.0b01-6-g3ed6fcfd2b
20241016 233843.219 INFO             PET2 ESMF library build date/time: "Oct 16 2024" "22:49:39"
20241016 233843.219 INFO             PET2 ESMF library build location : /discover/nobackup/projects/gmao/SIteam/ESMF_Testing/nag_7.2.15_openmpi_O_develop/esmf
20241016 233843.219 INFO             PET2 ESMF_COMM                   : openmpi
20241016 233843.219 INFO             PET2 ESMF_MOAB                   : enabled
20241016 233843.219 INFO             PET2 ESMF_LAPACK                 : enabled
20241016 233843.219 INFO             PET2 ESMF_NETCDF                 : disabled
20241016 233843.219 INFO             PET2 ESMF_PNETCDF                : disabled
20241016 233843.219 INFO             PET2 ESMF_PIO                    : disabled
20241016 233843.219 INFO             PET2 ESMF_YAMLCPP                : enabled
20241016 233843.223 INFO             PET2 esmApp STARTING
20241016 233843.229 INFO             PET2 esm: InitializeGeneric intro.
20241016 233843.229 INFO             PET2   esm: InitializeGeneric intro {IS}:--- StateLog() start -----------------
20241016 233843.229 INFO             PET2   esm: InitializeGeneric intro {IS}:State object is invalid! Not created or deleted!
20241016 233843.229 INFO             PET2   esm: InitializeGeneric intro {IS}:--- StateLog() end -------------------
20241016 233843.229 INFO             PET2   esm: InitializeGeneric intro {ES}:--- StateLog() start -----------------
20241016 233843.229 INFO             PET2   esm: InitializeGeneric intro {ES}:State object is invalid! Not created or deleted!
20241016 233843.229 INFO             PET2   esm: InitializeGeneric intro {ES}:--- StateLog() end -------------------
20241016 233843.229 INFO             PET2   esm: InitializeP0 intro.
20241016 233843.229 INFO             PET2     esm: InitializeP0 intro {IS}:--- StateLog() start -----------------
20241016 233843.230 INFO             PET2     esm: InitializeP0 intro {IS}:State object is invalid! Not created or deleted!
20241016 233843.230 INFO             PET2     esm: InitializeP0 intro {IS}:--- StateLog() end -------------------
20241016 233843.230 INFO             PET2     esm: InitializeP0 intro {ES}:--- StateLog() start -----------------
20241016 233843.230 INFO             PET2     esm: InitializeP0 intro {ES}:State object is invalid! Not created or deleted!
20241016 233843.230 INFO             PET2     esm: InitializeP0 intro {ES}:--- StateLog() end -------------------
20241016 233843.230 INFO             PET2     esm: InitializeP0 extro {IS}:--- StateLog() start -----------------
20241016 233843.230 INFO             PET2     esm: InitializeP0 extro {IS}:State object is invalid! Not created or deleted!
20241016 233843.230 INFO             PET2     esm: InitializeP0 extro {IS}:--- StateLog() end -------------------
20241016 233843.230 INFO             PET2     esm: InitializeP0 extro {ES}:--- StateLog() start -----------------
20241016 233843.230 INFO             PET2     esm: InitializeP0 extro {ES}:State object is invalid! Not created or deleted!
20241016 233843.230 INFO             PET2     esm: InitializeP0 extro {ES}:--- StateLog() end -------------------
20241016 233843.230 INFO             PET2   esm: InitializeP0 extro.
20241016 233843.230 INFO             PET2   esm: InitializeIPDv02p1 intro.
20241016 233843.230 INFO             PET2     esm: InitializeIPDv02p1 intro {IS}:--- StateLog() start -----------------
20241016 233843.230 INFO             PET2     esm: InitializeIPDv02p1 intro {IS}:State object is invalid! Not created or deleted!
20241016 233843.230 INFO             PET2     esm: InitializeIPDv02p1 intro {IS}:--- StateLog() end -------------------
20241016 233843.230 INFO             PET2     esm: InitializeIPDv02p1 intro {ES}:--- StateLog() start -----------------
20241016 233843.230 INFO             PET2     esm: InitializeIPDv02p1 intro {ES}:State object is invalid! Not created or deleted!
20241016 233843.230 INFO             PET2     esm: InitializeIPDv02p1 intro {ES}:--- StateLog() end -------------------
20241016 233843.230 INFO             PET2     >>>esm: entered Initialize (phase=<none>) without valid internal Clock.
20241016 233843.231 INFO             PET2     esm - Creating model component ATM with petList of size 2 :
20241016 233843.231 INFO             PET2           0      1
20241016 233843.234 INFO             PET2     esm - Creating model component OCN with petList of size 2 :
20241016 233843.234 INFO             PET2           2      3
20241016 233843.236 INFO             PET2     esm - Creating connector component ATM-TO-OCN with petList of size 4 :
20241016 233843.236 INFO             PET2           0      1      2      3
20241016 233843.241 INFO             PET2     esm - Creating connector component OCN-TO-ATM with petList of size 4 :
20241016 233843.241 INFO             PET2           2      3      0      1
20241016 233843.247 INFO             PET2     esm - Creating state: modelComp 1 Import State
20241016 233843.247 INFO             PET2     esm - Creating state: modelComp 1 Export State
20241016 233843.247 INFO             PET2     esm - Creating state: modelComp 2 Import State
20241016 233843.247 INFO             PET2     esm - Creating state: modelComp 2 Export State
20241016 233843.256 INFO             PET2     esm: IInitAdvertise intro.
20241016 233843.256 INFO             PET2       esm: IInitAdvertise intro {IS}:--- StateLog() start -----------------
20241016 233843.256 INFO             PET2       esm: IInitAdvertise intro {IS}:State object is invalid! Not created or deleted!
20241016 233843.256 INFO             PET2       esm: IInitAdvertise intro {IS}:--- StateLog() end -------------------
20241016 233843.256 INFO             PET2       esm: IInitAdvertise intro {ES}:--- StateLog() start -----------------
20241016 233843.256 INFO             PET2       esm: IInitAdvertise intro {ES}:State object is invalid! Not created or deleted!
20241016 233843.256 INFO             PET2       esm: IInitAdvertise intro {ES}:--- StateLog() end -------------------
20241016 233843.256 INFO             PET2       esm: IInitAdvertise extro {IS}:--- StateLog() start -----------------
20241016 233843.256 INFO             PET2       esm: IInitAdvertise extro {IS}:State object is invalid! Not created or deleted!
20241016 233843.256 INFO             PET2       esm: IInitAdvertise extro {IS}:--- StateLog() end -------------------
20241016 233843.256 INFO             PET2       esm: IInitAdvertise extro {ES}:--- StateLog() start -----------------
20241016 233843.256 INFO             PET2       esm: IInitAdvertise extro {ES}:State object is invalid! Not created or deleted!
20241016 233843.256 INFO             PET2       esm: IInitAdvertise extro {ES}:--- StateLog() end -------------------
20241016 233843.256 INFO             PET2     esm: IInitAdvertise extro.
20241016 233843.270 INFO             PET2     esm: IInitAdvertiseFinish intro.
20241016 233843.270 INFO             PET2       esm: IInitAdvertiseFinish intro {IS}:--- StateLog() start -----------------
20241016 233843.270 INFO             PET2       esm: IInitAdvertiseFinish intro {IS}:State object is invalid! Not created or deleted!
20241016 233843.270 INFO             PET2       esm: IInitAdvertiseFinish intro {IS}:--- StateLog() end -------------------
20241016 233843.270 INFO             PET2       esm: IInitAdvertiseFinish intro {ES}:--- StateLog() start -----------------
20241016 233843.270 INFO             PET2       esm: IInitAdvertiseFinish intro {ES}:State object is invalid! Not created or deleted!
20241016 233843.270 INFO             PET2       esm: IInitAdvertiseFinish intro {ES}:--- StateLog() end -------------------
20241016 233843.270 INFO             PET2       esm: IInitAdvertiseFinish extro {IS}:--- StateLog() start -----------------
20241016 233843.270 INFO             PET2       esm: IInitAdvertiseFinish extro {IS}:State object is invalid! Not created or deleted!
20241016 233843.270 INFO             PET2       esm: IInitAdvertiseFinish extro {IS}:--- StateLog() end -------------------
20241016 233843.270 INFO             PET2       esm: IInitAdvertiseFinish extro {ES}:--- StateLog() start -----------------
20241016 233843.270 INFO             PET2       esm: IInitAdvertiseFinish extro {ES}:State object is invalid! Not created or deleted!
20241016 233843.270 INFO             PET2       esm: IInitAdvertiseFinish extro {ES}:--- StateLog() end -------------------
20241016 233843.270 INFO             PET2     esm: IInitAdvertiseFinish extro.
20241016 233843.287 INFO             PET2     esm: IInitModifyCplLists intro.
20241016 233843.287 INFO             PET2       esm: IInitModifyCplLists intro {IS}:--- StateLog() start -----------------
20241016 233843.287 INFO             PET2       esm: IInitModifyCplLists intro {IS}:State object is invalid! Not created or deleted!
20241016 233843.287 INFO             PET2       esm: IInitModifyCplLists intro {IS}:--- StateLog() end -------------------
20241016 233843.287 INFO             PET2       esm: IInitModifyCplLists intro {ES}:--- StateLog() start -----------------
20241016 233843.287 INFO             PET2       esm: IInitModifyCplLists intro {ES}:State object is invalid! Not created or deleted!
20241016 233843.287 INFO             PET2       esm: IInitModifyCplLists intro {ES}:--- StateLog() end -------------------
20241016 233843.287 INFO             PET2       Driver is in ModifyCplLists()
20241016 233843.287 INFO             PET2        Found  2  Connectors. Modifying CplList Attribute....
20241016 233843.287 INFO             PET2       esm: IInitModifyCplLists extro {IS}:--- StateLog() start -----------------
20241016 233843.288 INFO             PET2       esm: IInitModifyCplLists extro {IS}:State object is invalid! Not created or deleted!
20241016 233843.288 INFO             PET2       esm: IInitModifyCplLists extro {IS}:--- StateLog() end -------------------
20241016 233843.288 INFO             PET2       esm: IInitModifyCplLists extro {ES}:--- StateLog() start -----------------
20241016 233843.288 INFO             PET2       esm: IInitModifyCplLists extro {ES}:State object is invalid! Not created or deleted!
20241016 233843.288 INFO             PET2       esm: IInitModifyCplLists extro {ES}:--- StateLog() end -------------------
20241016 233843.288 INFO             PET2     esm: IInitModifyCplLists extro.
20241016 233843.296 INFO             PET2     <<<esm: leaving Initialize (phase=<none>) with current time: 2010  6  1  0  0  0   0
20241016 233843.296 INFO             PET2     esm: InitializeIPDv02p1 extro {IS}:--- StateLog() start -----------------
20241016 233843.296 INFO             PET2     esm: InitializeIPDv02p1 extro {IS}:State object is invalid! Not created or deleted!
20241016 233843.296 INFO             PET2     esm: InitializeIPDv02p1 extro {IS}:--- StateLog() end -------------------
20241016 233843.296 INFO             PET2     esm: InitializeIPDv02p1 extro {ES}:--- StateLog() start -----------------
20241016 233843.296 INFO             PET2     esm: InitializeIPDv02p1 extro {ES}:State object is invalid! Not created or deleted!
20241016 233843.296 INFO             PET2     esm: InitializeIPDv02p1 extro {ES}:--- StateLog() end -------------------
20241016 233843.296 INFO             PET2   esm: InitializeIPDv02p1 extro.
20241016 233843.297 INFO             PET2   esm: InitializeIPDv02p3 intro.
20241016 233843.297 INFO             PET2     esm: InitializeIPDv02p3 intro {IS}:--- StateLog() start -----------------
20241016 233843.297 INFO             PET2     esm: InitializeIPDv02p3 intro {IS}:State object is invalid! Not created or deleted!
20241016 233843.297 INFO             PET2     esm: InitializeIPDv02p3 intro {IS}:--- StateLog() end -------------------
20241016 233843.297 INFO             PET2     esm: InitializeIPDv02p3 intro {ES}:--- StateLog() start -----------------
20241016 233843.297 INFO             PET2     esm: InitializeIPDv02p3 intro {ES}:State object is invalid! Not created or deleted!
20241016 233843.297 INFO             PET2     esm: InitializeIPDv02p3 intro {ES}:--- StateLog() end -------------------
20241016 233843.297 INFO             PET2     >>>esm: entered Initialize (phase=<none>) with current time: 2010  6  1  0  0  0   0
20241016 233843.297 INFO             PET2     esm: IInitCheck intro.
20241016 233843.297 INFO             PET2       esm: IInitCheck intro {IS}:--- StateLog() start -----------------
20241016 233843.297 INFO             PET2       esm: IInitCheck intro {IS}:State object is invalid! Not created or deleted!
20241016 233843.297 INFO             PET2       esm: IInitCheck intro {IS}:--- StateLog() end -------------------
20241016 233843.297 INFO             PET2       esm: IInitCheck intro {ES}:--- StateLog() start -----------------
20241016 233843.297 INFO             PET2       esm: IInitCheck intro {ES}:State object is invalid! Not created or deleted!
20241016 233843.297 INFO             PET2       esm: IInitCheck intro {ES}:--- StateLog() end -------------------
20241016 233843.297 INFO             PET2       esm: IInitCheck extro {IS}:--- StateLog() start -----------------
20241016 233843.297 INFO             PET2       esm: IInitCheck extro {IS}:State object is invalid! Not created or deleted!
20241016 233843.297 INFO             PET2       esm: IInitCheck extro {IS}:--- StateLog() end -------------------
20241016 233843.297 INFO             PET2       esm: IInitCheck extro {ES}:--- StateLog() start -----------------
20241016 233843.297 INFO             PET2       esm: IInitCheck extro {ES}:State object is invalid! Not created or deleted!
20241016 233843.297 INFO             PET2       esm: IInitCheck extro {ES}:--- StateLog() end -------------------
20241016 233843.297 INFO             PET2     esm: IInitCheck extro.
20241016 233843.333 INFO             PET2     esm: IInitRealize intro.
20241016 233843.333 INFO             PET2       esm: IInitRealize intro {IS}:--- StateLog() start -----------------
20241016 233843.333 INFO             PET2       esm: IInitRealize intro {IS}:State object is invalid! Not created or deleted!
20241016 233843.333 INFO             PET2       esm: IInitRealize intro {IS}:--- StateLog() end -------------------
20241016 233843.333 INFO             PET2       esm: IInitRealize intro {ES}:--- StateLog() start -----------------
20241016 233843.333 INFO             PET2       esm: IInitRealize intro {ES}:State object is invalid! Not created or deleted!
20241016 233843.333 INFO             PET2       esm: IInitRealize intro {ES}:--- StateLog() end -------------------
20241016 233843.333 INFO             PET2       esm: IInitRealize extro {IS}:--- StateLog() start -----------------
20241016 233843.333 INFO             PET2       esm: IInitRealize extro {IS}:State object is invalid! Not created or deleted!
20241016 233843.333 INFO             PET2       esm: IInitRealize extro {IS}:--- StateLog() end -------------------
20241016 233843.333 INFO             PET2       esm: IInitRealize extro {ES}:--- StateLog() start -----------------
20241016 233843.333 INFO             PET2       esm: IInitRealize extro {ES}:State object is invalid! Not created or deleted!
20241016 233843.333 INFO             PET2       esm: IInitRealize extro {ES}:--- StateLog() end -------------------
20241016 233843.333 INFO             PET2     esm: IInitRealize extro.
20241016 233843.353 INFO             PET2     <<<esm: leaving Initialize (phase=<none>) with current time: 2010  6  1  0  0  0   0
20241016 233843.353 INFO             PET2     esm: InitializeIPDv02p3 extro {IS}:--- StateLog() start -----------------
20241016 233843.353 INFO             PET2     esm: InitializeIPDv02p3 extro {IS}:State object is invalid! Not created or deleted!
20241016 233843.353 INFO             PET2     esm: InitializeIPDv02p3 extro {IS}:--- StateLog() end -------------------
20241016 233843.353 INFO             PET2     esm: InitializeIPDv02p3 extro {ES}:--- StateLog() start -----------------
20241016 233843.353 INFO             PET2     esm: InitializeIPDv02p3 extro {ES}:State object is invalid! Not created or deleted!
20241016 233843.353 INFO             PET2     esm: InitializeIPDv02p3 extro {ES}:--- StateLog() end -------------------
20241016 233843.353 INFO             PET2   esm: InitializeIPDv02p3 extro.
20241016 233843.353 INFO             PET2   esm: InitializeIPDv02p5 intro.
20241016 233843.353 INFO             PET2     esm: InitializeIPDv02p5 intro {IS}:--- StateLog() start -----------------
20241016 233843.353 INFO             PET2     esm: InitializeIPDv02p5 intro {IS}:State object is invalid! Not created or deleted!
20241016 233843.353 INFO             PET2     esm: InitializeIPDv02p5 intro {IS}:--- StateLog() end -------------------
20241016 233843.353 INFO             PET2     esm: InitializeIPDv02p5 intro {ES}:--- StateLog() start -----------------
20241016 233843.353 INFO             PET2     esm: InitializeIPDv02p5 intro {ES}:State object is invalid! Not created or deleted!
20241016 233843.353 INFO             PET2     esm: InitializeIPDv02p5 intro {ES}:--- StateLog() end -------------------
20241016 233843.353 INFO             PET2     >>>esm: entered Initialize (phase=<none>) with current time: 2010  6  1  0  0  0   0
20241016 233843.353 INFO             PET2     esm: this is a top level driver, no 'Updated' and 'InitializeDataComplete' info on this level.
20241016 233843.353 INFO             PET2     esm: InitializeIPDv02p5Data intro.
20241016 233843.353 INFO             PET2       esm: InitializeIPDv02p5Data intro {IS}:--- StateLog() start -----------------
20241016 233843.353 INFO             PET2       esm: InitializeIPDv02p5Data intro {IS}:State object is invalid! Not created or deleted!
20241016 233843.353 INFO             PET2       esm: InitializeIPDv02p5Data intro {IS}:--- StateLog() end -------------------
20241016 233843.353 INFO             PET2       esm: InitializeIPDv02p5Data intro {ES}:--- StateLog() start -----------------
20241016 233843.353 INFO             PET2       esm: InitializeIPDv02p5Data intro {ES}:State object is invalid! Not created or deleted!
20241016 233843.353 INFO             PET2       esm: InitializeIPDv02p5Data intro {ES}:--- StateLog() end -------------------
20241016 233843.354 INFO             PET2       esm: InternalInitializeComplete intro.
20241016 233843.354 INFO             PET2         esm: InternalInitializeComplete intro {IS}:--- StateLog() start -----------------
20241016 233843.354 INFO             PET2         esm: InternalInitializeComplete intro {IS}:State object is invalid! Not created or deleted!
20241016 233843.354 INFO             PET2         esm: InternalInitializeComplete intro {IS}:--- StateLog() end -------------------
20241016 233843.354 INFO             PET2         esm: InternalInitializeComplete intro {ES}:--- StateLog() start -----------------
20241016 233843.354 INFO             PET2         esm: InternalInitializeComplete intro {ES}:State object is invalid! Not created or deleted!
20241016 233843.354 INFO             PET2         esm: InternalInitializeComplete intro {ES}:--- StateLog() end -------------------
20241016 233843.354 INFO             PET2         esm: InitializeDataComplete='true'
20241016 233843.354 INFO             PET2         esm: InternalInitializeComplete extro {IS}:--- StateLog() start -----------------
20241016 233843.354 INFO             PET2         esm: InternalInitializeComplete extro {IS}:State object is invalid! Not created or deleted!
20241016 233843.354 INFO             PET2         esm: InternalInitializeComplete extro {IS}:--- StateLog() end -------------------
20241016 233843.354 INFO             PET2         esm: InternalInitializeComplete extro {ES}:--- StateLog() start -----------------
20241016 233843.354 INFO             PET2         esm: InternalInitializeComplete extro {ES}:State object is invalid! Not created or deleted!
20241016 233843.354 INFO             PET2         esm: InternalInitializeComplete extro {ES}:--- StateLog() end -------------------
20241016 233843.354 INFO             PET2       esm: InternalInitializeComplete extro.
20241016 233843.356 INFO             PET2       esm: components present that trigger loopDataDependentInitialize().
20241016 233843.222 INFO             PET3 !!!!!!!!!!!!!!!!!!!!!!!!!!!!!!!!!!!!!!!!!!!!!!!!!!!!!!
20241016 233843.222 INFO             PET3 !!! THE ESMF_LOG IS SET TO OUTPUT ALL LOG MESSAGES !!!
20241016 233843.222 INFO             PET3 !!!     THIS MAY CAUSE SLOWDOWN IN PERFORMANCE     !!!
20241016 233843.222 INFO             PET3 !!! FOR PRODUCTION RUNS, USE:                      !!!
20241016 233843.222 INFO             PET3 !!!                   ESMF_LOGKIND_Multi_On_Error  !!!
20241016 233843.222 INFO             PET3 !!!!!!!!!!!!!!!!!!!!!!!!!!!!!!!!!!!!!!!!!!!!!!!!!!!!!!
20241016 233843.222 INFO             PET3 Running with ESMF Version   : v8.8.0b01-6-g3ed6fcfd2b
20241016 233843.222 INFO             PET3 ESMF library build date/time: "Oct 16 2024" "22:49:39"
20241016 233843.222 INFO             PET3 ESMF library build location : /discover/nobackup/projects/gmao/SIteam/ESMF_Testing/nag_7.2.15_openmpi_O_develop/esmf
20241016 233843.222 INFO             PET3 ESMF_COMM                   : openmpi
20241016 233843.222 INFO             PET3 ESMF_MOAB                   : enabled
20241016 233843.222 INFO             PET3 ESMF_LAPACK                 : enabled
20241016 233843.222 INFO             PET3 ESMF_NETCDF                 : disabled
20241016 233843.222 INFO             PET3 ESMF_PNETCDF                : disabled
20241016 233843.222 INFO             PET3 ESMF_PIO                    : disabled
20241016 233843.222 INFO             PET3 ESMF_YAMLCPP                : enabled
20241016 233843.223 INFO             PET3 esmApp STARTING
20241016 233843.229 INFO             PET3 esm: InitializeGeneric intro.
20241016 233843.229 INFO             PET3   esm: InitializeGeneric intro {IS}:--- StateLog() start -----------------
20241016 233843.229 INFO             PET3   esm: InitializeGeneric intro {IS}:State object is invalid! Not created or deleted!
20241016 233843.229 INFO             PET3   esm: InitializeGeneric intro {IS}:--- StateLog() end -------------------
20241016 233843.229 INFO             PET3   esm: InitializeGeneric intro {ES}:--- StateLog() start -----------------
20241016 233843.229 INFO             PET3   esm: InitializeGeneric intro {ES}:State object is invalid! Not created or deleted!
20241016 233843.229 INFO             PET3   esm: InitializeGeneric intro {ES}:--- StateLog() end -------------------
20241016 233843.229 INFO             PET3   esm: InitializeP0 intro.
20241016 233843.229 INFO             PET3     esm: InitializeP0 intro {IS}:--- StateLog() start -----------------
20241016 233843.230 INFO             PET3     esm: InitializeP0 intro {IS}:State object is invalid! Not created or deleted!
20241016 233843.230 INFO             PET3     esm: InitializeP0 intro {IS}:--- StateLog() end -------------------
20241016 233843.230 INFO             PET3     esm: InitializeP0 intro {ES}:--- StateLog() start -----------------
20241016 233843.230 INFO             PET3     esm: InitializeP0 intro {ES}:State object is invalid! Not created or deleted!
20241016 233843.230 INFO             PET3     esm: InitializeP0 intro {ES}:--- StateLog() end -------------------
20241016 233843.230 INFO             PET3     esm: InitializeP0 extro {IS}:--- StateLog() start -----------------
20241016 233843.230 INFO             PET3     esm: InitializeP0 extro {IS}:State object is invalid! Not created or deleted!
20241016 233843.230 INFO             PET3     esm: InitializeP0 extro {IS}:--- StateLog() end -------------------
20241016 233843.230 INFO             PET3     esm: InitializeP0 extro {ES}:--- StateLog() start -----------------
20241016 233843.230 INFO             PET3     esm: InitializeP0 extro {ES}:State object is invalid! Not created or deleted!
20241016 233843.230 INFO             PET3     esm: InitializeP0 extro {ES}:--- StateLog() end -------------------
20241016 233843.230 INFO             PET3   esm: InitializeP0 extro.
20241016 233843.230 INFO             PET3   esm: InitializeIPDv02p1 intro.
20241016 233843.230 INFO             PET3     esm: InitializeIPDv02p1 intro {IS}:--- StateLog() start -----------------
20241016 233843.230 INFO             PET3     esm: InitializeIPDv02p1 intro {IS}:State object is invalid! Not created or deleted!
20241016 233843.230 INFO             PET3     esm: InitializeIPDv02p1 intro {IS}:--- StateLog() end -------------------
20241016 233843.230 INFO             PET3     esm: InitializeIPDv02p1 intro {ES}:--- StateLog() start -----------------
20241016 233843.230 INFO             PET3     esm: InitializeIPDv02p1 intro {ES}:State object is invalid! Not created or deleted!
20241016 233843.230 INFO             PET3     esm: InitializeIPDv02p1 intro {ES}:--- StateLog() end -------------------
20241016 233843.230 INFO             PET3     >>>esm: entered Initialize (phase=<none>) without valid internal Clock.
20241016 233843.231 INFO             PET3     esm - Creating model component ATM with petList of size 2 :
20241016 233843.231 INFO             PET3           0      1
20241016 233843.234 INFO             PET3     esm - Creating model component OCN with petList of size 2 :
20241016 233843.234 INFO             PET3           2      3
20241016 233843.236 INFO             PET3     esm - Creating connector component ATM-TO-OCN with petList of size 4 :
20241016 233843.236 INFO             PET3           0      1      2      3
20241016 233843.241 INFO             PET3     esm - Creating connector component OCN-TO-ATM with petList of size 4 :
20241016 233843.241 INFO             PET3           2      3      0      1
20241016 233843.247 INFO             PET3     esm - Creating state: modelComp 1 Import State
20241016 233843.247 INFO             PET3     esm - Creating state: modelComp 1 Export State
20241016 233843.247 INFO             PET3     esm - Creating state: modelComp 2 Import State
20241016 233843.247 INFO             PET3     esm - Creating state: modelComp 2 Export State
20241016 233843.256 INFO             PET3     esm: IInitAdvertise intro.
20241016 233843.256 INFO             PET3       esm: IInitAdvertise intro {IS}:--- StateLog() start -----------------
20241016 233843.256 INFO             PET3       esm: IInitAdvertise intro {IS}:State object is invalid! Not created or deleted!
20241016 233843.256 INFO             PET3       esm: IInitAdvertise intro {IS}:--- StateLog() end -------------------
20241016 233843.256 INFO             PET3       esm: IInitAdvertise intro {ES}:--- StateLog() start -----------------
20241016 233843.256 INFO             PET3       esm: IInitAdvertise intro {ES}:State object is invalid! Not created or deleted!
20241016 233843.256 INFO             PET3       esm: IInitAdvertise intro {ES}:--- StateLog() end -------------------
20241016 233843.256 INFO             PET3       esm: IInitAdvertise extro {IS}:--- StateLog() start -----------------
20241016 233843.256 INFO             PET3       esm: IInitAdvertise extro {IS}:State object is invalid! Not created or deleted!
20241016 233843.256 INFO             PET3       esm: IInitAdvertise extro {IS}:--- StateLog() end -------------------
20241016 233843.256 INFO             PET3       esm: IInitAdvertise extro {ES}:--- StateLog() start -----------------
20241016 233843.256 INFO             PET3       esm: IInitAdvertise extro {ES}:State object is invalid! Not created or deleted!
20241016 233843.256 INFO             PET3       esm: IInitAdvertise extro {ES}:--- StateLog() end -------------------
20241016 233843.256 INFO             PET3     esm: IInitAdvertise extro.
20241016 233843.270 INFO             PET3     esm: IInitAdvertiseFinish intro.
20241016 233843.270 INFO             PET3       esm: IInitAdvertiseFinish intro {IS}:--- StateLog() start -----------------
20241016 233843.270 INFO             PET3       esm: IInitAdvertiseFinish intro {IS}:State object is invalid! Not created or deleted!
20241016 233843.270 INFO             PET3       esm: IInitAdvertiseFinish intro {IS}:--- StateLog() end -------------------
20241016 233843.270 INFO             PET3       esm: IInitAdvertiseFinish intro {ES}:--- StateLog() start -----------------
20241016 233843.270 INFO             PET3       esm: IInitAdvertiseFinish intro {ES}:State object is invalid! Not created or deleted!
20241016 233843.270 INFO             PET3       esm: IInitAdvertiseFinish intro {ES}:--- StateLog() end -------------------
20241016 233843.270 INFO             PET3       esm: IInitAdvertiseFinish extro {IS}:--- StateLog() start -----------------
20241016 233843.270 INFO             PET3       esm: IInitAdvertiseFinish extro {IS}:State object is invalid! Not created or deleted!
20241016 233843.270 INFO             PET3       esm: IInitAdvertiseFinish extro {IS}:--- StateLog() end -------------------
20241016 233843.270 INFO             PET3       esm: IInitAdvertiseFinish extro {ES}:--- StateLog() start -----------------
20241016 233843.270 INFO             PET3       esm: IInitAdvertiseFinish extro {ES}:State object is invalid! Not created or deleted!
20241016 233843.270 INFO             PET3       esm: IInitAdvertiseFinish extro {ES}:--- StateLog() end -------------------
20241016 233843.270 INFO             PET3     esm: IInitAdvertiseFinish extro.
20241016 233843.287 INFO             PET3     esm: IInitModifyCplLists intro.
20241016 233843.287 INFO             PET3       esm: IInitModifyCplLists intro {IS}:--- StateLog() start -----------------
20241016 233843.287 INFO             PET3       esm: IInitModifyCplLists intro {IS}:State object is invalid! Not created or deleted!
20241016 233843.287 INFO             PET3       esm: IInitModifyCplLists intro {IS}:--- StateLog() end -------------------
20241016 233843.287 INFO             PET3       esm: IInitModifyCplLists intro {ES}:--- StateLog() start -----------------
20241016 233843.287 INFO             PET3       esm: IInitModifyCplLists intro {ES}:State object is invalid! Not created or deleted!
20241016 233843.287 INFO             PET3       esm: IInitModifyCplLists intro {ES}:--- StateLog() end -------------------
20241016 233843.287 INFO             PET3       Driver is in ModifyCplLists()
20241016 233843.287 INFO             PET3        Found  2  Connectors. Modifying CplList Attribute....
20241016 233843.287 INFO             PET3       esm: IInitModifyCplLists extro {IS}:--- StateLog() start -----------------
20241016 233843.288 INFO             PET3       esm: IInitModifyCplLists extro {IS}:State object is invalid! Not created or deleted!
20241016 233843.288 INFO             PET3       esm: IInitModifyCplLists extro {IS}:--- StateLog() end -------------------
20241016 233843.288 INFO             PET3       esm: IInitModifyCplLists extro {ES}:--- StateLog() start -----------------
20241016 233843.288 INFO             PET3       esm: IInitModifyCplLists extro {ES}:State object is invalid! Not created or deleted!
20241016 233843.288 INFO             PET3       esm: IInitModifyCplLists extro {ES}:--- StateLog() end -------------------
20241016 233843.288 INFO             PET3     esm: IInitModifyCplLists extro.
20241016 233843.296 INFO             PET3     <<<esm: leaving Initialize (phase=<none>) with current time: 2010  6  1  0  0  0   0
20241016 233843.296 INFO             PET3     esm: InitializeIPDv02p1 extro {IS}:--- StateLog() start -----------------
20241016 233843.296 INFO             PET3     esm: InitializeIPDv02p1 extro {IS}:State object is invalid! Not created or deleted!
20241016 233843.296 INFO             PET3     esm: InitializeIPDv02p1 extro {IS}:--- StateLog() end -------------------
20241016 233843.296 INFO             PET3     esm: InitializeIPDv02p1 extro {ES}:--- StateLog() start -----------------
20241016 233843.296 INFO             PET3     esm: InitializeIPDv02p1 extro {ES}:State object is invalid! Not created or deleted!
20241016 233843.296 INFO             PET3     esm: InitializeIPDv02p1 extro {ES}:--- StateLog() end -------------------
20241016 233843.296 INFO             PET3   esm: InitializeIPDv02p1 extro.
20241016 233843.297 INFO             PET3   esm: InitializeIPDv02p3 intro.
20241016 233843.297 INFO             PET3     esm: InitializeIPDv02p3 intro {IS}:--- StateLog() start -----------------
20241016 233843.297 INFO             PET3     esm: InitializeIPDv02p3 intro {IS}:State object is invalid! Not created or deleted!
20241016 233843.297 INFO             PET3     esm: InitializeIPDv02p3 intro {IS}:--- StateLog() end -------------------
20241016 233843.297 INFO             PET3     esm: InitializeIPDv02p3 intro {ES}:--- StateLog() start -----------------
20241016 233843.297 INFO             PET3     esm: InitializeIPDv02p3 intro {ES}:State object is invalid! Not created or deleted!
20241016 233843.297 INFO             PET3     esm: InitializeIPDv02p3 intro {ES}:--- StateLog() end -------------------
20241016 233843.297 INFO             PET3     >>>esm: entered Initialize (phase=<none>) with current time: 2010  6  1  0  0  0   0
20241016 233843.297 INFO             PET3     esm: IInitCheck intro.
20241016 233843.297 INFO             PET3       esm: IInitCheck intro {IS}:--- StateLog() start -----------------
20241016 233843.297 INFO             PET3       esm: IInitCheck intro {IS}:State object is invalid! Not created or deleted!
20241016 233843.297 INFO             PET3       esm: IInitCheck intro {IS}:--- StateLog() end -------------------
20241016 233843.297 INFO             PET3       esm: IInitCheck intro {ES}:--- StateLog() start -----------------
20241016 233843.297 INFO             PET3       esm: IInitCheck intro {ES}:State object is invalid! Not created or deleted!
20241016 233843.297 INFO             PET3       esm: IInitCheck intro {ES}:--- StateLog() end -------------------
20241016 233843.297 INFO             PET3       esm: IInitCheck extro {IS}:--- StateLog() start -----------------
20241016 233843.297 INFO             PET3       esm: IInitCheck extro {IS}:State object is invalid! Not created or deleted!
20241016 233843.297 INFO             PET3       esm: IInitCheck extro {IS}:--- StateLog() end -------------------
20241016 233843.297 INFO             PET3       esm: IInitCheck extro {ES}:--- StateLog() start -----------------
20241016 233843.297 INFO             PET3       esm: IInitCheck extro {ES}:State object is invalid! Not created or deleted!
20241016 233843.297 INFO             PET3       esm: IInitCheck extro {ES}:--- StateLog() end -------------------
20241016 233843.297 INFO             PET3     esm: IInitCheck extro.
20241016 233843.333 INFO             PET3     esm: IInitRealize intro.
20241016 233843.333 INFO             PET3       esm: IInitRealize intro {IS}:--- StateLog() start -----------------
20241016 233843.333 INFO             PET3       esm: IInitRealize intro {IS}:State object is invalid! Not created or deleted!
20241016 233843.333 INFO             PET3       esm: IInitRealize intro {IS}:--- StateLog() end -------------------
20241016 233843.333 INFO             PET3       esm: IInitRealize intro {ES}:--- StateLog() start -----------------
20241016 233843.333 INFO             PET3       esm: IInitRealize intro {ES}:State object is invalid! Not created or deleted!
20241016 233843.333 INFO             PET3       esm: IInitRealize intro {ES}:--- StateLog() end -------------------
20241016 233843.333 INFO             PET3       esm: IInitRealize extro {IS}:--- StateLog() start -----------------
20241016 233843.333 INFO             PET3       esm: IInitRealize extro {IS}:State object is invalid! Not created or deleted!
20241016 233843.333 INFO             PET3       esm: IInitRealize extro {IS}:--- StateLog() end -------------------
20241016 233843.333 INFO             PET3       esm: IInitRealize extro {ES}:--- StateLog() start -----------------
20241016 233843.333 INFO             PET3       esm: IInitRealize extro {ES}:State object is invalid! Not created or deleted!
20241016 233843.333 INFO             PET3       esm: IInitRealize extro {ES}:--- StateLog() end -------------------
20241016 233843.333 INFO             PET3     esm: IInitRealize extro.
20241016 233843.353 INFO             PET3     <<<esm: leaving Initialize (phase=<none>) with current time: 2010  6  1  0  0  0   0
20241016 233843.353 INFO             PET3     esm: InitializeIPDv02p3 extro {IS}:--- StateLog() start -----------------
20241016 233843.353 INFO             PET3     esm: InitializeIPDv02p3 extro {IS}:State object is invalid! Not created or deleted!
20241016 233843.353 INFO             PET3     esm: InitializeIPDv02p3 extro {IS}:--- StateLog() end -------------------
20241016 233843.353 INFO             PET3     esm: InitializeIPDv02p3 extro {ES}:--- StateLog() start -----------------
20241016 233843.353 INFO             PET3     esm: InitializeIPDv02p3 extro {ES}:State object is invalid! Not created or deleted!
20241016 233843.353 INFO             PET3     esm: InitializeIPDv02p3 extro {ES}:--- StateLog() end -------------------
20241016 233843.353 INFO             PET3   esm: InitializeIPDv02p3 extro.
20241016 233843.353 INFO             PET3   esm: InitializeIPDv02p5 intro.
20241016 233843.353 INFO             PET3     esm: InitializeIPDv02p5 intro {IS}:--- StateLog() start -----------------
20241016 233843.353 INFO             PET3     esm: InitializeIPDv02p5 intro {IS}:State object is invalid! Not created or deleted!
20241016 233843.353 INFO             PET3     esm: InitializeIPDv02p5 intro {IS}:--- StateLog() end -------------------
20241016 233843.353 INFO             PET3     esm: InitializeIPDv02p5 intro {ES}:--- StateLog() start -----------------
20241016 233843.353 INFO             PET3     esm: InitializeIPDv02p5 intro {ES}:State object is invalid! Not created or deleted!
20241016 233843.353 INFO             PET3     esm: InitializeIPDv02p5 intro {ES}:--- StateLog() end -------------------
20241016 233843.353 INFO             PET3     >>>esm: entered Initialize (phase=<none>) with current time: 2010  6  1  0  0  0   0
20241016 233843.353 INFO             PET3     esm: this is a top level driver, no 'Updated' and 'InitializeDataComplete' info on this level.
20241016 233843.353 INFO             PET3     esm: InitializeIPDv02p5Data intro.
20241016 233843.353 INFO             PET3       esm: InitializeIPDv02p5Data intro {IS}:--- StateLog() start -----------------
20241016 233843.353 INFO             PET3       esm: InitializeIPDv02p5Data intro {IS}:State object is invalid! Not created or deleted!
20241016 233843.353 INFO             PET3       esm: InitializeIPDv02p5Data intro {IS}:--- StateLog() end -------------------
20241016 233843.353 INFO             PET3       esm: InitializeIPDv02p5Data intro {ES}:--- StateLog() start -----------------
20241016 233843.353 INFO             PET3       esm: InitializeIPDv02p5Data intro {ES}:State object is invalid! Not created or deleted!
20241016 233843.353 INFO             PET3       esm: InitializeIPDv02p5Data intro {ES}:--- StateLog() end -------------------
20241016 233843.354 INFO             PET3       esm: InternalInitializeComplete intro.
20241016 233843.354 INFO             PET3         esm: InternalInitializeComplete intro {IS}:--- StateLog() start -----------------
20241016 233843.354 INFO             PET3         esm: InternalInitializeComplete intro {IS}:State object is invalid! Not created or deleted!
20241016 233843.354 INFO             PET3         esm: InternalInitializeComplete intro {IS}:--- StateLog() end -------------------
20241016 233843.354 INFO             PET3         esm: InternalInitializeComplete intro {ES}:--- StateLog() start -----------------
20241016 233843.354 INFO             PET3         esm: InternalInitializeComplete intro {ES}:State object is invalid! Not created or deleted!
20241016 233843.354 INFO             PET3         esm: InternalInitializeComplete intro {ES}:--- StateLog() end -------------------
20241016 233843.354 INFO             PET3         esm: InitializeDataComplete='true'
20241016 233843.354 INFO             PET3         esm: InternalInitializeComplete extro {IS}:--- StateLog() start -----------------
20241016 233843.354 INFO             PET3         esm: InternalInitializeComplete extro {IS}:State object is invalid! Not created or deleted!
20241016 233843.354 INFO             PET3         esm: InternalInitializeComplete extro {IS}:--- StateLog() end -------------------
20241016 233843.354 INFO             PET3         esm: InternalInitializeComplete extro {ES}:--- StateLog() start -----------------
20241016 233843.354 INFO             PET3         esm: InternalInitializeComplete extro {ES}:State object is invalid! Not created or deleted!
20241016 233843.354 INFO             PET3         esm: InternalInitializeComplete extro {ES}:--- StateLog() end -------------------
20241016 233843.354 INFO             PET3       esm: InternalInitializeComplete extro.
20241016 233843.356 INFO             PET3       esm: components present that trigger loopDataDependentInitialize().
