2024-10-15 22:42:02
Runtime Error: Unexpected end ofRuntime Error: Unexpected end of format specification
Runtime Error: Unexpected end of format specification
ProgrRuntime Error: Unexpected end of format specification
Program termin format specification
Program terminated by I/O eProgram terminated by I/O errorated by I/O erroram terminated by I/O error on inte on internal file
 on internal file
rror on internal file
rnal file
[borgk103:175807] *** Process received signal ***
[borgk103:175807] Signal: Aborted (6)
[borgk103:175807] Signal code:  (-6)
[borgk103:175806] *** Process received signal ***
[borgk103:175806] Signal: Aborted (6)
[borgk103:175806] Signal code:  (-6)
[borgk103:175809] *** Process received signal ***
[borgk103:175808] *** Process received signal ***
[borgk103:175808] Signal: Aborted (6)
[borgk103:175808] Signal code:  (-6)
[borgk103:175809] Signal: Aborted (6)
[borgk103:175809] Signal code:  (-6)
[borgk103:175807] [ 0] [borgk103:175806] [ 0] /lib64/libpthread.so.0(+0x16910)[0x14ea3f522910]
[borgk103:175807] [ 1] /lib64/libpthread.so.0(+0x16910)[0x14fa9cb1e910]
[borgk103:175806] [ 1] [borgk103:175809] [ 0] /lib64/libpthread.so.0(+0x16910)[0x153b7b5f2910]
[borgk103:175809] [ 1] /lib64/libc.so.6(gsignal+0x10d)[0x14ea3ec53d2b]
[borgk103:175807] [ 2] [borgk103:175808] [ 0] /lib64/libpthread.so.0(+0x16910)[0x151db8ea6910]
[borgk103:175808] [ 1] /lib64/libc.so.6(gsignal+0x10d)[0x14fa9c107d2b]
[borgk103:175806] [ 2] /lib64/libc.so.6(gsignal+0x10d)[0x153b7b42fd2b]
[borgk103:175809] [ 2] /lib64/libc.so.6(abort+0x177)[0x14ea3ec553e5]
[borgk103:175807] [ 3] /lib64/libc.so.6(abort+0x177)[0x14fa9c1093e5]
[borgk103:175806] [ 3] /lib64/libc.so.6(abort+0x177)[0x153b7b4313e5]
[borgk103:175809] [ 3] ./esmApp(__NAGf90_io_abort+0x78)[0x45a0f8]
[borgk103:175809] [ 4] ./esmApp(__NAGf90_ioerr+0x1cd)[0x45a75d]
[borgk103:175809] [ 5] ./esmApp(__NAGf90_io_abort+0x78)[0x45a0f8]
[borgk103:175806] [ 4] ./esmApp(__NAGf90_ioerr+0x1cd)[0x45a75d]
[borgk103:175806] [ 5] /discover/nobackup/projects/gmao/SIteam/comp/SLES-15/nag/7.2.15/lib/NAG_Fortran/libf72rts.so.1(__NAGf90_maybe_next_edit+0xe19)[0x14fa9c4aa629]
[borgk103:175806] [ 6] /lib64/libc.so.6(gsignal+0x10d)[0x151db8ce3d2b]
[borgk103:175808] [ 2] /lib64/libc.so.6(abort+0x177)[0x151db8ce53e5]
[borgk103:175808] [ 3] ./esmApp(__NAGf90_io_abort+0x78)[0x45a0f8]
[borgk103:175808] [ 4] ./esmApp(__NAGf90_ioerr+0x1cd)[0x45a75d]
[borgk103:175808] [ 5] ./esmApp(__NAGf90_io_abort+0x78)[0x45a0f8]
[borgk103:175807] [ 4] ./esmApp(__NAGf90_ioerr+0x1cd)[0x45a75d]
[borgk103:175807] [ 5] /discover/nobackup/projects/gmao/SIteam/comp/SLES-15/nag/7.2.15/lib/NAG_Fortran/libf72rts.so.1(__NAGf90_maybe_next_edit+0xe19)[0x14ea3eeaa629]
[borgk103:175807] [ 6] /discover/nobackup/projects/gmao/SIteam/comp/SLES-15/nag/7.2.15/lib/NAG_Fortran/libf72rts.so.1(__NAGf90_maybe_next_edit+0xe19)[0x153b7b6aa629]
[borgk103:175809] [ 6] /discover/nobackup/projects/gmao/SIteam/comp/SLES-15/nag/7.2.15/lib/NAG_Fortran/libf72rts.so.1(__NAGf90_maybe_next_edit+0xe19)[0x151db90aa629]
[borgk103:175808] [ 6] /discover/nobackup/projects/gmao/SIteam/ESMF_Testing/nag_7.2.15_openmpi_O_develop/esmf/DEFAULTINSTALLDIR/lib/libO/Linux.nag.64.openmpi.default/libesmf.so(nuopc_driver_MP_loopdatadependentinitialize+0x3aef)[0x14fa9ed1fccd]
[borgk103:175806] [ 7] /discover/nobackup/projects/gmao/SIteam/ESMF_Testing/nag_7.2.15_openmpi_O_develop/esmf/DEFAULTINSTALLDIR/lib/libO/Linux.nag.64.openmpi.default/libesmf.so(nuopc_driver_MP_loopdatadependentinitialize+0x3aef)[0x14ea4186fccd]
[borgk103:175807] [ 7] /discover/nobackup/projects/gmao/SIteam/ESMF_Testing/nag_7.2.15_openmpi_O_develop/esmf/DEFAULTINSTALLDIR/lib/libO/Linux.nag.64.openmpi.default/libesmf.so(nuopc_driver_MP_loopdatadependentinitialize+0x3aef)[0x153b7e024ccd]
[borgk103:175809] [ 7] /discover/nobackup/projects/gmao/SIteam/ESMF_Testing/nag_7.2.15_openmpi_O_develop/esmf/DEFAULTINSTALLDIR/lib/libO/Linux.nag.64.openmpi.default/libesmf.so(nuopc_driver_MP_loopdatadependentinitialize+0x3aef)[0x151dbb8c0ccd]
[borgk103:175808] [ 7] /discover/nobackup/projects/gmao/SIteam/ESMF_Testing/nag_7.2.15_openmpi_O_develop/esmf/DEFAULTINSTALLDIR/lib/libO/Linux.nag.64.openmpi.default/libesmf.so(nuopc_driver_MP_initializeipdv02p5data+0x3180)[0x14ea4187fbef]
[borgk103:175807] [ 8] /discover/nobackup/projects/gmao/SIteam/ESMF_Testing/nag_7.2.15_openmpi_O_develop/esmf/DEFAULTINSTALLDIR/lib/libO/Linux.nag.64.openmpi.default/libesmf.so(nuopc_driver_MP_initializeipdv02p5data+0x3180)[0x14fa9ed2fbef]
[borgk103:175806] [ 8] /discover/nobackup/projects/gmao/SIteam/ESMF_Testing/nag_7.2.15_openmpi_O_develop/esmf/DEFAULTINSTALLDIR/lib/libO/Linux.nag.64.openmpi.default/libesmf.so(nuopc_driver_MP_initializeipdv02p5data+0x3180)[0x151dbb8d0bef]
[borgk103:175808] [ 8] /discover/nobackup/projects/gmao/SIteam/ESMF_Testing/nag_7.2.15_openmpi_O_develop/esmf/DEFAULTINSTALLDIR/lib/libO/Linux.nag.64.openmpi.default/libesmf.so(nuopc_driver_MP_initializeipdv02p5data+0x3180)[0x153b7e034bef]
[borgk103:175809] [ 8] /discover/nobackup/projects/gmao/SIteam/ESMF_Testing/nag_7.2.15_openmpi_O_develop/esmf/DEFAULTINSTALLDIR/lib/libO/Linux.nag.64.openmpi.default/libesmf.so(nuopc_driver_MP_initializeipdv02p5+0x4779)[0x14ea418851b4]
[borgk103:175807] [ 9] /discover/nobackup/projects/gmao/SIteam/ESMF_Testing/nag_7.2.15_openmpi_O_develop/esmf/DEFAULTINSTALLDIR/lib/libO/Linux.nag.64.openmpi.default/libesmf.so(nuopc_driver_MP_initializeipdv02p5+0x4779)[0x14fa9ed351b4]
[borgk103:175806] [ 9] /discover/nobackup/projects/gmao/SIteam/ESMF_Testing/nag_7.2.15_openmpi_O_develop/esmf/DEFAULTINSTALLDIR/lib/libO/Linux.nag.64.openmpi.default/libesmf.so(nuopc_driver_MP_initializeipdv02p5+0x4779)[0x153b7e03a1b4]
/discover/nobackup/projects/gmao/SIteam/ESMF_Testing/nag_7.2.15_openmpi_O_develop/esmf/DEFAULTINSTALLDIR/lib/libO/Linux.nag.64.openmpi.default/libesmf.so(nuopc_driver_MP_initializeipdv02p5+0x4779)[0x151dbb8d61b4]
[borgk103:175808] [ 9] [borgk103:175809] [ 9] /discover/nobackup/projects/gmao/SIteam/ESMF_Testing/nag_7.2.15_openmpi_O_develop/esmf/DEFAULTINSTALLDIR/lib/libO/Linux.nag.64.openmpi.default/libesmf.so(nuopc_driver_MP_initializegeneric+0x1a06)[0x14ea418ba842]
[borgk103:175807] [10] /discover/nobackup/projects/gmao/SIteam/ESMF_Testing/nag_7.2.15_openmpi_O_develop/esmf/DEFAULTINSTALLDIR/lib/libO/Linux.nag.64.openmpi.default/libesmf.so(nuopc_driver_MP_initializegeneric+0x1a06)[0x14fa9ed6a842]
[borgk103:175806] [10] /discover/nobackup/projects/gmao/SIteam/ESMF_Testing/nag_7.2.15_openmpi_O_develop/esmf/DEFAULTINSTALLDIR/lib/libO/Linux.nag.64.openmpi.default/libesmf.so(nuopc_driver_MP_initializegeneric+0x1a06)[0x153b7e06f842]
[borgk103:175809] [10] /discover/nobackup/projects/gmao/SIteam/ESMF_Testing/nag_7.2.15_openmpi_O_develop/esmf/DEFAULTINSTALLDIR/lib/libO/Linux.nag.64.openmpi.default/libesmf.so(nuopc_driver_MP_initializegeneric+0x1a06)[0x151dbb90b842]
[borgk103:175808] [10] /discover/nobackup/projects/gmao/SIteam/ESMF_Testing/nag_7.2.15_openmpi_O_develop/esmf/DEFAULTINSTALLDIR/lib/libO/Linux.nag.64.openmpi.default/libesmf.so(_ZN5ESMCI6FTable12callVFuncPtrEPKcPNS_2VMEPi+0xc55)[0x14fa9de74e89]
[borgk103:175806] [11] /discover/nobackup/projects/gmao/SIteam/ESMF_Testing/nag_7.2.15_openmpi_O_develop/esmf/DEFAULTINSTALLDIR/lib/libO/Linux.nag.64.openmpi.default/libesmf.so(_ZN5ESMCI6FTable12callVFuncPtrEPKcPNS_2VMEPi+0xc55)[0x14ea409c4e89]
[borgk103:175807] [11] /discover/nobackup/projects/gmao/SIteam/ESMF_Testing/nag_7.2.15_openmpi_O_develop/esmf/DEFAULTINSTALLDIR/lib/libO/Linux.nag.64.openmpi.default/libesmf.so(_ZN5ESMCI6FTable12callVFuncPtrEPKcPNS_2VMEPi+0xc55)[0x153b7d179e89]
[borgk103:175809] [11] /discover/nobackup/projects/gmao/SIteam/ESMF_Testing/nag_7.2.15_openmpi_O_develop/esmf/DEFAULTINSTALLDIR/lib/libO/Linux.nag.64.openmpi.default/libesmf.so(_ZN5ESMCI6FTable12callVFuncPtrEPKcPNS_2VMEPi+0xc55)[0x151dbaa15e89]
[borgk103:175808] [11] /discover/nobackup/projects/gmao/SIteam/ESMF_Testing/nag_7.2.15_openmpi_O_develop/esmf/DEFAULTINSTALLDIR/lib/libO/Linux.nag.64.openmpi.default/libesmf.so(ESMCI_FTableCallEntryPointVMHop+0x32e)[0x14fa9de71f5c]
[borgk103:175806] [12] /discover/nobackup/projects/gmao/SIteam/ESMF_Testing/nag_7.2.15_openmpi_O_develop/esmf/DEFAULTINSTALLDIR/lib/libO/Linux.nag.64.openmpi.default/libesmf.so(ESMCI_FTableCallEntryPointVMHop+0x32e)[0x14ea409c1f5c]
[borgk103:175807] [12] /discover/nobackup/projects/gmao/SIteam/ESMF_Testing/nag_7.2.15_openmpi_O_develop/esmf/DEFAULTINSTALLDIR/lib/libO/Linux.nag.64.openmpi.default/libesmf.so(ESMCI_FTableCallEntryPointVMHop+0x32e)[0x153b7d176f5c]
[borgk103:175809] /discover/nobackup/projects/gmao/SIteam/ESMF_Testing/nag_7.2.15_openmpi_O_develop/esmf/DEFAULTINSTALLDIR/lib/libO/Linux.nag.64.openmpi.default/libesmf.so(ESMCI_FTableCallEntryPointVMHop+0x32e)[0x151dbaa12f5c]
[borgk103:175808] [12] [12] /discover/nobackup/projects/gmao/SIteam/ESMF_Testing/nag_7.2.15_openmpi_O_develop/esmf/DEFAULTINSTALLDIR/lib/libO/Linux.nag.64.openmpi.default/libesmf.so(_ZN5ESMCI3VMK5enterEPNS_7VMKPlanEPvS3_+0xd5)[0x14fa9e27164b]
[borgk103:175806] [13] /discover/nobackup/projects/gmao/SIteam/ESMF_Testing/nag_7.2.15_openmpi_O_develop/esmf/DEFAULTINSTALLDIR/lib/libO/Linux.nag.64.openmpi.default/libesmf.so(_ZN5ESMCI3VMK5enterEPNS_7VMKPlanEPvS3_+0xd5)[0x14ea40dc164b]
[borgk103:175807] [13] /discover/nobackup/projects/gmao/SIteam/ESMF_Testing/nag_7.2.15_openmpi_O_develop/esmf/DEFAULTINSTALLDIR/lib/libO/Linux.nag.64.openmpi.default/libesmf.so(_ZN5ESMCI3VMK5enterEPNS_7VMKPlanEPvS3_+0xd5)[0x153b7d57664b]
[borgk103:175809] [13] /discover/nobackup/projects/gmao/SIteam/ESMF_Testing/nag_7.2.15_openmpi_O_develop/esmf/DEFAULTINSTALLDIR/lib/libO/Linux.nag.64.openmpi.default/libesmf.so(_ZN5ESMCI3VMK5enterEPNS_7VMKPlanEPvS3_+0xd5)[0x151dbae1264b]
[borgk103:175808] [13] /discover/nobackup/projects/gmao/SIteam/ESMF_Testing/nag_7.2.15_openmpi_O_develop/esmf/DEFAULTINSTALLDIR/lib/libO/Linux.nag.64.openmpi.default/libesmf.so(_ZN5ESMCI2VM5enterEPNS_6VMPlanEPvS3_+0xb7)[0x14ea40dab565]
[borgk103:175807] [14] /discover/nobackup/projects/gmao/SIteam/ESMF_Testing/nag_7.2.15_openmpi_O_develop/esmf/DEFAULTINSTALLDIR/lib/libO/Linux.nag.64.openmpi.default/libesmf.so(_ZN5ESMCI2VM5enterEPNS_6VMPlanEPvS3_+0xb7)[0x14fa9e25b565]
[borgk103:175806] [14] /discover/nobackup/projects/gmao/SIteam/ESMF_Testing/nag_7.2.15_openmpi_O_develop/esmf/DEFAULTINSTALLDIR/lib/libO/Linux.nag.64.openmpi.default/libesmf.so(_ZN5ESMCI2VM5enterEPNS_6VMPlanEPvS3_+0xb7)[0x153b7d560565]
[borgk103:175809] [14] /discover/nobackup/projects/gmao/SIteam/ESMF_Testing/nag_7.2.15_openmpi_O_develop/esmf/DEFAULTINSTALLDIR/lib/libO/Linux.nag.64.openmpi.default/libesmf.so(_ZN5ESMCI2VM5enterEPNS_6VMPlanEPvS3_+0xb7)[0x151dbadfc565]
[borgk103:175808] [14] /discover/nobackup/projects/gmao/SIteam/ESMF_Testing/nag_7.2.15_openmpi_O_develop/esmf/DEFAULTINSTALLDIR/lib/libO/Linux.nag.64.openmpi.default/libesmf.so(c_esmc_ftablecallentrypointvm_+0x35f)[0x14ea409c23f5]
[borgk103:175807] [15] /discover/nobackup/projects/gmao/SIteam/ESMF_Testing/nag_7.2.15_openmpi_O_develop/esmf/DEFAULTINSTALLDIR/lib/libO/Linux.nag.64.openmpi.default/libesmf.so(c_esmc_ftablecallentrypointvm_+0x35f)[0x14fa9de723f5]
[borgk103:175806] [15] /discover/nobackup/projects/gmao/SIteam/ESMF_Testing/nag_7.2.15_openmpi_O_develop/esmf/DEFAULTINSTALLDIR/lib/libO/Linux.nag.64.openmpi.default/libesmf.so(c_esmc_ftablecallentrypointvm_+0x35f)[0x153b7d1773f5]
[borgk103:175809] [15] /discover/nobackup/projects/gmao/SIteam/ESMF_Testing/nag_7.2.15_openmpi_O_develop/esmf/DEFAULTINSTALLDIR/lib/libO/Linux.nag.64.openmpi.default/libesmf.so(c_esmc_ftablecallentrypointvm_+0x35f)[0x151dbaa133f5]
[borgk103:175808] [15] /discover/nobackup/projects/gmao/SIteam/ESMF_Testing/nag_7.2.15_openmpi_O_develop/esmf/DEFAULTINSTALLDIR/lib/libO/Linux.nag.64.openmpi.default/libesmf.so(esmf_compmod_MP_esmf_compexecute+0xa6b)[0x153b7d80f18e]
[borgk103:175809] [16] /discover/nobackup/projects/gmao/SIteam/ESMF_Testing/nag_7.2.15_openmpi_O_develop/esmf/DEFAULTINSTALLDIR/lib/libO/Linux.nag.64.openmpi.default/libesmf.so(esmf_compmod_MP_esmf_compexecute+0xa6b)[0x14ea4105a18e]
[borgk103:175807] [16] /discover/nobackup/projects/gmao/SIteam/ESMF_Testing/nag_7.2.15_openmpi_O_develop/esmf/DEFAULTINSTALLDIR/lib/libO/Linux.nag.64.openmpi.default/libesmf.so(esmf_compmod_MP_esmf_compexecute+0xa6b)[0x14fa9e50a18e]
[borgk103:175806] [16] /discover/nobackup/projects/gmao/SIteam/ESMF_Testing/nag_7.2.15_openmpi_O_develop/esmf/DEFAULTINSTALLDIR/lib/libO/Linux.nag.64.openmpi.default/libesmf.so(esmf_compmod_MP_esmf_compexecute+0xa6b)[0x151dbb0ab18e]
[borgk103:175808] [16] /discover/nobackup/projects/gmao/SIteam/ESMF_Testing/nag_7.2.15_openmpi_O_develop/esmf/DEFAULTINSTALLDIR/lib/libO/Linux.nag.64.openmpi.default/libesmf.so(esmf_gridcompmod_MP_esmf_gridcompinitialize+0x176)[0x153b7db307e5]
[borgk103:175809] [17] /discover/nobackup/projects/gmao/SIteam/ESMF_Testing/nag_7.2.15_openmpi_O_develop/esmf/DEFAULTINSTALLDIR/lib/libO/Linux.nag.64.openmpi.default/libesmf.so(esmf_gridcompmod_MP_esmf_gridcompinitialize+0x176)[0x14ea4137b7e5]
[borgk103:175807] [17] ./esmApp[0x495496]
[borgk103:175807] [18] /discover/nobackup/projects/gmao/SIteam/ESMF_Testing/nag_7.2.15_openmpi_O_develop/esmf/DEFAULTINSTALLDIR/lib/libO/Linux.nag.64.openmpi.default/libesmf.so(esmf_gridcompmod_MP_esmf_gridcompinitialize+0x176)[0x14fa9e82b7e5]
[borgk103:175806] [17] ./esmApp[0x495496]
[borgk103:175806] [18] ./esmApp(__NAGf90_cosmp_init+0x123)[0x434363]
[borgk103:175806] ./esmApp[0x495496]
[borgk103:175809] [18] ./esmApp(__NAGf90_cosmp_init+0x123)[0x434363]
[borgk103:175807] [19] ./esmApp[0x495073]
[borgk103:175807] ./esmApp(__NAGf90_cosmp_init+0x123)[0x434363]
[borgk103:175809] [19] ./esmApp[0x495073]
[borgk103:175809] [20] /lib64/libc.so.6(__libc_start_main+0xef)[0x153b7b41a24d]
[borgk103:175809] [21] ./esmApp[0x40b7ca]
[borgk103:175809] *** End of error message ***
/discover/nobackup/projects/gmao/SIteam/ESMF_Testing/nag_7.2.15_openmpi_O_develop/esmf/DEFAULTINSTALLDIR/lib/libO/Linux.nag.64.openmpi.default/libesmf.so(esmf_gridcompmod_MP_esmf_gridcompinitialize+0x176)[0x151dbb3cc7e5]
[borgk103:175808] [17] ./esmApp[0x495496]
[borgk103:175808] [18] ./esmApp(__NAGf90_cosmp_init+0x123)[0x434363]
[borgk103:175808] [19] ./esmApp[0x495073]
[borgk103:175808] [20] [20] /lib64/libc.so.6(__libc_start_main+0xef)[0x14ea3ec3e24d]
[borgk103:175807] [21] ./esmApp[0x40b7ca]
[borgk103:175807] *** End of error message ***
[19] ./esmApp[0x495073]
[borgk103:175806] [20] /lib64/libc.so.6(__libc_start_main+0xef)[0x14fa9c0f224d]
[borgk103:175806] [21] ./esmApp[0x40b7ca]
[borgk103:175806] *** End of error message ***
/lib64/libc.so.6(__libc_start_main+0xef)[0x151db8cce24d]
[borgk103:175808] [21] ./esmApp[0x40b7ca]
[borgk103:175808] *** End of error message ***
--------------------------------------------------------------------------
Primary job  terminated normally, but 1 process returned
a non-zero exit code. Per user-direction, the job has been aborted.
--------------------------------------------------------------------------
--------------------------------------------------------------------------
mpirun noticed that process rank 0 with PID 175806 on node borgk103 exited on signal 6 (Aborted).
--------------------------------------------------------------------------
3 total processes killed (some possibly by mpirun during cleanup)
