2024-10-12 23:34:59
Runtime Error: Unexpected end of format specifiRuntime Error: Unexpected end of format specification
Program tRuntime Error: Unexpected end of format specification
Program terminRuntime Error: Unexpected end of format specification
Program terminated by I/O ated by I/O errorerminated by I/O error on intecation
Program terminated by I/O error on internal fileerror on internal file

 on internal file
rnal file
[borgl054:226213] *** Process received signal ***
[borgl054:226213] Signal: Aborted (6)
[borgl054:226213] Signal code:  (-6)
[borgl054:226214] *** Process received signal ***
[borgl054:226214] Signal: Aborted (6)
[borgl054:226214] Signal code:  (-6)
[borgl054:226216] *** Process received signal ***
[borgl054:226215] *** Process received signal ***
[borgl054:226215] Signal: Aborted (6)
[borgl054:226215] Signal code:  (-6)
[borgl054:226216] Signal: Aborted (6)
[borgl054:226216] Signal code:  (-6)
[borgl054:226214] [ 0] [borgl054:226216] [ 0] [borgl054:226215] [ 0] [borgl054:226213] [ 0] /lib64/libpthread.so.0(+0x16910)[0x14bf6adb1910]
[borgl054:226214] [ 1] /lib64/libpthread.so.0(+0x16910)[0x14759ff5a910]
[borgl054:226216] [ 1] /lib64/libc.so.6(gsignal+0x10d)[0x14759f653d2b]
[borgl054:226216] [ 2] /lib64/libpthread.so.0(+0x16910)[0x14b97e3d8910]
[borgl054:226215] [ 1] /lib64/libc.so.6(gsignal+0x10d)[0x14b97d907d2b]
[borgl054:226215] [ 2] /lib64/libpthread.so.0(+0x16910)[0x14e1ff37c910]
[borgl054:226213] [ 1] /lib64/libc.so.6(gsignal+0x10d)[0x14e1fe907d2b]
[borgl054:226213] [ 2] /lib64/libc.so.6(gsignal+0x10d)[0x14bf6a307d2b]
[borgl054:226214] [ 2] /lib64/libc.so.6(abort+0x177)[0x14bf6a3093e5]
[borgl054:226214] [ 3] /lib64/libc.so.6(abort+0x177)[0x14b97d9093e5]
[borgl054:226215] [ 3] ./esmApp(__NAGf90_io_abort+0x78)[0x45a4a8]
[borgl054:226215] [ 4] ./esmApp(__NAGf90_ioerr+0x1cd)[0x45ab0d]
[borgl054:226215] [ 5] ./esmApp(__NAGf90_io_abort+0x78)[0x45a4a8]
[borgl054:226214] [ 4] ./esmApp(__NAGf90_ioerr+0x1cd)[0x45ab0d]
[borgl054:226214] [ 5] /lib64/libc.so.6(abort+0x177)[0x14e1fe9093e5]
[borgl054:226213] [ 3] ./esmApp(__NAGf90_io_abort+0x78)[0x45a4a8]
[borgl054:226213] [ 4] ./esmApp(__NAGf90_ioerr+0x1cd)[0x45ab0d]
[borgl054:226213] [ 5] /lib64/libc.so.6(abort+0x177)[0x14759f6553e5]
[borgl054:226216] [ 3] ./esmApp(__NAGf90_io_abort+0x78)[0x45a4a8]
[borgl054:226216] [ 4] ./esmApp(__NAGf90_ioerr+0x1cd)[0x45ab0d]
[borgl054:226216] [ 5] /discover/nobackup/projects/gmao/SIteam/comp/SLES-15/nag/7.2.15/lib/NAG_Fortran/libf72rts.so.1(__NAGf90_maybe_next_edit+0xe19)[0x14e1fecaa629]
[borgl054:226213] [ 6] /discover/nobackup/projects/gmao/SIteam/comp/SLES-15/nag/7.2.15/lib/NAG_Fortran/libf72rts.so.1(__NAGf90_maybe_next_edit+0xe19)[0x14b97dcaa629]
[borgl054:226215] [ 6] /discover/nobackup/projects/gmao/SIteam/comp/SLES-15/nag/7.2.15/lib/NAG_Fortran/libf72rts.so.1(__NAGf90_maybe_next_edit+0xe19)[0x14759f8aa629]
[borgl054:226216] [ 6] /discover/nobackup/projects/gmao/SIteam/comp/SLES-15/nag/7.2.15/lib/NAG_Fortran/libf72rts.so.1(__NAGf90_maybe_next_edit+0xe19)[0x14bf6a6aa629]
[borgl054:226214] [ 6] /discover/nobackup/projects/gmao/SIteam/ESMF_Testing/nag_7.2.15_openmpi_O_develop/esmf/DEFAULTINSTALLDIR/lib/libO/Linux.nag.64.openmpi.default/libesmf.so(nuopc_driver_MP_loopdatadependentinitialize+0x3aef)[0x1475a22a54c0]
[borgl054:226216] [ 7] /discover/nobackup/projects/gmao/SIteam/ESMF_Testing/nag_7.2.15_openmpi_O_develop/esmf/DEFAULTINSTALLDIR/lib/libO/Linux.nag.64.openmpi.default/libesmf.so(nuopc_driver_MP_loopdatadependentinitialize+0x3aef)[0x14b9805d74c0]
[borgl054:226215] [ 7] /discover/nobackup/projects/gmao/SIteam/ESMF_Testing/nag_7.2.15_openmpi_O_develop/esmf/DEFAULTINSTALLDIR/lib/libO/Linux.nag.64.openmpi.default/libesmf.so(nuopc_driver_MP_loopdatadependentinitialize+0x3aef)[0x14bf6cfb04c0]
[borgl054:226214] [ 7] /discover/nobackup/projects/gmao/SIteam/ESMF_Testing/nag_7.2.15_openmpi_O_develop/esmf/DEFAULTINSTALLDIR/lib/libO/Linux.nag.64.openmpi.default/libesmf.so(nuopc_driver_MP_loopdatadependentinitialize+0x3aef)[0x14e20157b4c0]
[borgl054:226213] [ 7] /discover/nobackup/projects/gmao/SIteam/ESMF_Testing/nag_7.2.15_openmpi_O_develop/esmf/DEFAULTINSTALLDIR/lib/libO/Linux.nag.64.openmpi.default/libesmf.so(nuopc_driver_MP_initializeipdv02p5data+0x3180)[0x1475a22b53e2]
[borgl054:226216] [ 8] /discover/nobackup/projects/gmao/SIteam/ESMF_Testing/nag_7.2.15_openmpi_O_develop/esmf/DEFAULTINSTALLDIR/lib/libO/Linux.nag.64.openmpi.default/libesmf.so(nuopc_driver_MP_initializeipdv02p5data+0x3180)[0x14bf6cfc03e2]
[borgl054:226214] [ 8] /discover/nobackup/projects/gmao/SIteam/ESMF_Testing/nag_7.2.15_openmpi_O_develop/esmf/DEFAULTINSTALLDIR/lib/libO/Linux.nag.64.openmpi.default/libesmf.so(nuopc_driver_MP_initializeipdv02p5data+0x3180)[0x14e20158b3e2]
[borgl054:226213] [ 8] /discover/nobackup/projects/gmao/SIteam/ESMF_Testing/nag_7.2.15_openmpi_O_develop/esmf/DEFAULTINSTALLDIR/lib/libO/Linux.nag.64.openmpi.default/libesmf.so(nuopc_driver_MP_initializeipdv02p5data+0x3180)[0x14b9805e73e2]
[borgl054:226215] [ 8] /discover/nobackup/projects/gmao/SIteam/ESMF_Testing/nag_7.2.15_openmpi_O_develop/esmf/DEFAULTINSTALLDIR/lib/libO/Linux.nag.64.openmpi.default/libesmf.so(nuopc_driver_MP_initializeipdv02p5+0x4779)[0x14bf6cfc59a7]
[borgl054:226214] [ 9] /discover/nobackup/projects/gmao/SIteam/ESMF_Testing/nag_7.2.15_openmpi_O_develop/esmf/DEFAULTINSTALLDIR/lib/libO/Linux.nag.64.openmpi.default/libesmf.so(nuopc_driver_MP_initializeipdv02p5+0x4779)[0x1475a22ba9a7]
[borgl054:226216] [ 9] /discover/nobackup/projects/gmao/SIteam/ESMF_Testing/nag_7.2.15_openmpi_O_develop/esmf/DEFAULTINSTALLDIR/lib/libO/Linux.nag.64.openmpi.default/libesmf.so(nuopc_driver_MP_initializeipdv02p5+0x4779)[0x14e2015909a7]
[borgl054:226213] [ 9] /discover/nobackup/projects/gmao/SIteam/ESMF_Testing/nag_7.2.15_openmpi_O_develop/esmf/DEFAULTINSTALLDIR/lib/libO/Linux.nag.64.openmpi.default/libesmf.so(nuopc_driver_MP_initializeipdv02p5+0x4779)[0x14b9805ec9a7]
[borgl054:226215] [ 9] /discover/nobackup/projects/gmao/SIteam/ESMF_Testing/nag_7.2.15_openmpi_O_develop/esmf/DEFAULTINSTALLDIR/lib/libO/Linux.nag.64.openmpi.default/libesmf.so(nuopc_driver_MP_initializegeneric+0x1a06)[0x1475a22f0035]
[borgl054:226216] [10] /discover/nobackup/projects/gmao/SIteam/ESMF_Testing/nag_7.2.15_openmpi_O_develop/esmf/DEFAULTINSTALLDIR/lib/libO/Linux.nag.64.openmpi.default/libesmf.so(nuopc_driver_MP_initializegeneric+0x1a06)[0x14bf6cffb035]
[borgl054:226214] [10] /discover/nobackup/projects/gmao/SIteam/ESMF_Testing/nag_7.2.15_openmpi_O_develop/esmf/DEFAULTINSTALLDIR/lib/libO/Linux.nag.64.openmpi.default/libesmf.so(nuopc_driver_MP_initializegeneric+0x1a06)[0x14b980622035]
[borgl054:226215] [10] /discover/nobackup/projects/gmao/SIteam/ESMF_Testing/nag_7.2.15_openmpi_O_develop/esmf/DEFAULTINSTALLDIR/lib/libO/Linux.nag.64.openmpi.default/libesmf.so(nuopc_driver_MP_initializegeneric+0x1a06)[0x14e2015c6035]
[borgl054:226213] [10] /discover/nobackup/projects/gmao/SIteam/ESMF_Testing/nag_7.2.15_openmpi_O_develop/esmf/DEFAULTINSTALLDIR/lib/libO/Linux.nag.64.openmpi.default/libesmf.so(_ZN5ESMCI6FTable12callVFuncPtrEPKcPNS_2VMEPi+0xc55)[0x14bf6c107ce9]
[borgl054:226214] [11] /discover/nobackup/projects/gmao/SIteam/ESMF_Testing/nag_7.2.15_openmpi_O_develop/esmf/DEFAULTINSTALLDIR/lib/libO/Linux.nag.64.openmpi.default/libesmf.so(_ZN5ESMCI6FTable12callVFuncPtrEPKcPNS_2VMEPi+0xc55)[0x1475a13fcce9]
[borgl054:226216] [11] /discover/nobackup/projects/gmao/SIteam/ESMF_Testing/nag_7.2.15_openmpi_O_develop/esmf/DEFAULTINSTALLDIR/lib/libO/Linux.nag.64.openmpi.default/libesmf.so(_ZN5ESMCI6FTable12callVFuncPtrEPKcPNS_2VMEPi+0xc55)[0x14e2006d2ce9]
[borgl054:226213] [11] /discover/nobackup/projects/gmao/SIteam/ESMF_Testing/nag_7.2.15_openmpi_O_develop/esmf/DEFAULTINSTALLDIR/lib/libO/Linux.nag.64.openmpi.default/libesmf.so(_ZN5ESMCI6FTable12callVFuncPtrEPKcPNS_2VMEPi+0xc55)[0x14b97f72ece9]
[borgl054:226215] [11] /discover/nobackup/projects/gmao/SIteam/ESMF_Testing/nag_7.2.15_openmpi_O_develop/esmf/DEFAULTINSTALLDIR/lib/libO/Linux.nag.64.openmpi.default/libesmf.so(ESMCI_FTableCallEntryPointVMHop+0x32e)[0x14bf6c104dbc]
[borgl054:226214] [12] /discover/nobackup/projects/gmao/SIteam/ESMF_Testing/nag_7.2.15_openmpi_O_develop/esmf/DEFAULTINSTALLDIR/lib/libO/Linux.nag.64.openmpi.default/libesmf.so(ESMCI_FTableCallEntryPointVMHop+0x32e)[0x14b97f72bdbc]
[borgl054:226215] [12] /discover/nobackup/projects/gmao/SIteam/ESMF_Testing/nag_7.2.15_openmpi_O_develop/esmf/DEFAULTINSTALLDIR/lib/libO/Linux.nag.64.openmpi.default/libesmf.so(ESMCI_FTableCallEntryPointVMHop+0x32e)[0x1475a13f9dbc]
[borgl054:226216] [12] /discover/nobackup/projects/gmao/SIteam/ESMF_Testing/nag_7.2.15_openmpi_O_develop/esmf/DEFAULTINSTALLDIR/lib/libO/Linux.nag.64.openmpi.default/libesmf.so(ESMCI_FTableCallEntryPointVMHop+0x32e)[0x14e2006cfdbc]
[borgl054:226213] [12] /discover/nobackup/projects/gmao/SIteam/ESMF_Testing/nag_7.2.15_openmpi_O_develop/esmf/DEFAULTINSTALLDIR/lib/libO/Linux.nag.64.openmpi.default/libesmf.so(_ZN5ESMCI3VMK5enterEPNS_7VMKPlanEPvS3_+0xd5)[0x1475a17f94ab]
[borgl054:226216] [13] /discover/nobackup/projects/gmao/SIteam/ESMF_Testing/nag_7.2.15_openmpi_O_develop/esmf/DEFAULTINSTALLDIR/lib/libO/Linux.nag.64.openmpi.default/libesmf.so(_ZN5ESMCI3VMK5enterEPNS_7VMKPlanEPvS3_+0xd5)[0x14bf6c5044ab]
[borgl054:226214] [13] /discover/nobackup/projects/gmao/SIteam/ESMF_Testing/nag_7.2.15_openmpi_O_develop/esmf/DEFAULTINSTALLDIR/lib/libO/Linux.nag.64.openmpi.default/libesmf.so(_ZN5ESMCI3VMK5enterEPNS_7VMKPlanEPvS3_+0xd5)[0x14b97fb2b4ab]
[borgl054:226215] [13] /discover/nobackup/projects/gmao/SIteam/ESMF_Testing/nag_7.2.15_openmpi_O_develop/esmf/DEFAULTINSTALLDIR/lib/libO/Linux.nag.64.openmpi.default/libesmf.so(_ZN5ESMCI3VMK5enterEPNS_7VMKPlanEPvS3_+0xd5)[0x14e200acf4ab]
[borgl054:226213] [13] /discover/nobackup/projects/gmao/SIteam/ESMF_Testing/nag_7.2.15_openmpi_O_develop/esmf/DEFAULTINSTALLDIR/lib/libO/Linux.nag.64.openmpi.default/libesmf.so(_ZN5ESMCI2VM5enterEPNS_6VMPlanEPvS3_+0xb7)[0x1475a17e33c5]
[borgl054:226216] [14] /discover/nobackup/projects/gmao/SIteam/ESMF_Testing/nag_7.2.15_openmpi_O_develop/esmf/DEFAULTINSTALLDIR/lib/libO/Linux.nag.64.openmpi.default/libesmf.so(_ZN5ESMCI2VM5enterEPNS_6VMPlanEPvS3_+0xb7)[0x14e200ab93c5]
[borgl054:226213] [14] /discover/nobackup/projects/gmao/SIteam/ESMF_Testing/nag_7.2.15_openmpi_O_develop/esmf/DEFAULTINSTALLDIR/lib/libO/Linux.nag.64.openmpi.default/libesmf.so(_ZN5ESMCI2VM5enterEPNS_6VMPlanEPvS3_+0xb7)[0x14bf6c4ee3c5]
[borgl054:226214] [14] /discover/nobackup/projects/gmao/SIteam/ESMF_Testing/nag_7.2.15_openmpi_O_develop/esmf/DEFAULTINSTALLDIR/lib/libO/Linux.nag.64.openmpi.default/libesmf.so(_ZN5ESMCI2VM5enterEPNS_6VMPlanEPvS3_+0xb7)[0x14b97fb153c5]
[borgl054:226215] [14] /discover/nobackup/projects/gmao/SIteam/ESMF_Testing/nag_7.2.15_openmpi_O_develop/esmf/DEFAULTINSTALLDIR/lib/libO/Linux.nag.64.openmpi.default/libesmf.so(c_esmc_ftablecallentrypointvm_+0x35f)[0x14b97f72c255]
[borgl054:226215] [15] /discover/nobackup/projects/gmao/SIteam/ESMF_Testing/nag_7.2.15_openmpi_O_develop/esmf/DEFAULTINSTALLDIR/lib/libO/Linux.nag.64.openmpi.default/libesmf.so(c_esmc_ftablecallentrypointvm_+0x35f)[0x14e2006d0255]
[borgl054:226213] [15] /discover/nobackup/projects/gmao/SIteam/ESMF_Testing/nag_7.2.15_openmpi_O_develop/esmf/DEFAULTINSTALLDIR/lib/libO/Linux.nag.64.openmpi.default/libesmf.so(c_esmc_ftablecallentrypointvm_+0x35f)[0x14bf6c105255]
[borgl054:226214] [15] /discover/nobackup/projects/gmao/SIteam/ESMF_Testing/nag_7.2.15_openmpi_O_develop/esmf/DEFAULTINSTALLDIR/lib/libO/Linux.nag.64.openmpi.default/libesmf.so(c_esmc_ftablecallentrypointvm_+0x35f)[0x1475a13fa255]
[borgl054:226216] [15] /discover/nobackup/projects/gmao/SIteam/ESMF_Testing/nag_7.2.15_openmpi_O_develop/esmf/DEFAULTINSTALLDIR/lib/libO/Linux.nag.64.openmpi.default/libesmf.so(esmf_compmod_MP_esmf_compexecute+0xa3d)[0x14e200d65bb1]
[borgl054:226213] [16] /discover/nobackup/projects/gmao/SIteam/ESMF_Testing/nag_7.2.15_openmpi_O_develop/esmf/DEFAULTINSTALLDIR/lib/libO/Linux.nag.64.openmpi.default/libesmf.so(esmf_compmod_MP_esmf_compexecute+0xa3d)[0x14bf6c79abb1]
[borgl054:226214] [16] /discover/nobackup/projects/gmao/SIteam/ESMF_Testing/nag_7.2.15_openmpi_O_develop/esmf/DEFAULTINSTALLDIR/lib/libO/Linux.nag.64.openmpi.default/libesmf.so(esmf_compmod_MP_esmf_compexecute+0xa3d)[0x1475a1a8fbb1]
[borgl054:226216] [16] /discover/nobackup/projects/gmao/SIteam/ESMF_Testing/nag_7.2.15_openmpi_O_develop/esmf/DEFAULTINSTALLDIR/lib/libO/Linux.nag.64.openmpi.default/libesmf.so(esmf_compmod_MP_esmf_compexecute+0xa3d)[0x14b97fdc1bb1]
[borgl054:226215] [16] /discover/nobackup/projects/gmao/SIteam/ESMF_Testing/nag_7.2.15_openmpi_O_develop/esmf/DEFAULTINSTALLDIR/lib/libO/Linux.nag.64.openmpi.default/libesmf.so(esmf_gridcompmod_MP_esmf_gridcompinitialize+0x176)[0x1475a1db12e9]
[borgl054:226216] [17] ./esmApp[0x49583e]
[borgl054:226216] [18] /discover/nobackup/projects/gmao/SIteam/ESMF_Testing/nag_7.2.15_openmpi_O_develop/esmf/DEFAULTINSTALLDIR/lib/libO/Linux.nag.64.openmpi.default/libesmf.so(esmf_gridcompmod_MP_esmf_gridcompinitialize+0x176)[0x14bf6cabc2e9]
[borgl054:226214] [17] /discover/nobackup/projects/gmao/SIteam/ESMF_Testing/nag_7.2.15_openmpi_O_develop/esmf/DEFAULTINSTALLDIR/lib/libO/Linux.nag.64.openmpi.default/libesmf.so(esmf_gridcompmod_MP_esmf_gridcompinitialize+0x176)[0x14e2010872e9]
[borgl054:226213] [17] ./esmApp[0x49583e]
[borgl054:226213] /discover/nobackup/projects/gmao/SIteam/ESMF_Testing/nag_7.2.15_openmpi_O_develop/esmf/DEFAULTINSTALLDIR/lib/libO/Linux.nag.64.openmpi.default/libesmf.so(esmf_gridcompmod_MP_esmf_gridcompinitialize+0x176)[0x14b9800e32e9]
[borgl054:226215] [17] ./esmApp[0x49583e]
[borgl054:226215] [18] [18] ./esmApp(__NAGf90_cosmp_init+0x123)[0x434713]
./esmApp(__NAGf90_cosmp_init+0x123)[0x434713]
[borgl054:226216] [19] ./esmApp[0x495423]
[borgl054:226216] [20] ./esmApp[0x49583e]
[borgl054:226214] [18] ./esmApp(__NAGf90_cosmp_init+0x123)[0x434713]
[borgl054:226214] [19] ./esmApp(__NAGf90_cosmp_init+0x123)[0x434713]
[borgl054:226215] [19] ./esmApp[0x495423]
[borgl054:226215] [20] [borgl054:226213] [19] ./esmApp[0x495423]
[borgl054:226213] [20] /lib64/libc.so.6(__libc_start_main+0xef)[0x14e1fe8f224d]
[borgl054:226213] [21] ./esmApp[0x40bb7a]
[borgl054:226213] *** End of error message ***
/lib64/libc.so.6(__libc_start_main+0xef)[0x14759f63e24d]
[borgl054:226216] [21] ./esmApp[0x40bb7a]
[borgl054:226216] *** End of error message ***
/lib64/libc.so.6(__libc_start_main+0xef)[0x14b97d8f224d]
[borgl054:226215] [21] ./esmApp[0x40bb7a]
[borgl054:226215] *** End of error message ***
./esmApp[0x495423]
[borgl054:226214] [20] /lib64/libc.so.6(__libc_start_main+0xef)[0x14bf6a2f224d]
[borgl054:226214] [21] ./esmApp[0x40bb7a]
[borgl054:226214] *** End of error message ***
--------------------------------------------------------------------------
Primary job  terminated normally, but 1 process returned
a non-zero exit code. Per user-direction, the job has been aborted.
--------------------------------------------------------------------------
--------------------------------------------------------------------------
mpirun noticed that process rank 3 with PID 226216 on node borgl054 exited on signal 6 (Aborted).
--------------------------------------------------------------------------
