2024-10-16 22:53:10
Runtime Error: Runtime Error: Unexpected end of forRuntime Error: Unexpected end of formRuntime Error: Unexpected end of format speciat specification
Pfication
PrograUnexpected end of format specification
Promat specification
Program terminated by I/rogram terminated by I/O error on internal file
O error on internal file
m terminated by I/O error on internal file
gram terminated by I/O error on internal file
[borgj116:177015] *** Process received signal ***
[borgj116:177014] *** Process received signal ***
[borgj116:177016] *** Process received signal ***
[borgj116:177017] *** Process received signal ***
[borgj116:177015] Signal: Aborted (6)
[borgj116:177015] Signal code:  (-6)
[borgj116:177014] Signal: Aborted (6)
[borgj116:177014] Signal code:  (-6)
[borgj116:177016] Signal: Aborted (6)
[borgj116:177016] Signal code:  (-6)
[borgj116:177017] Signal: Aborted (6)
[borgj116:177017] Signal code:  (-6)
[borgj116:177016] [ 0] [borgj116:177015] [ 0] /lib64/libpthread.so.0(+0x16910)[0x14c0e458f910]
[borgj116:177015] [ 1] [borgj116:177014] [ 0] /lib64/libpthread.so.0(+0x16910)[0x14ea87721910]
[borgj116:177014] [borgj116:177017] [ 0] /lib64/libpthread.so.0(+0x16910)[0x150964f3f910]
[ 1] /lib64/libpthread.so.0(+0x16910)[0x14742db7e910]
[borgj116:177016] [ 1] [borgj116:177017] [ 1] /lib64/libc.so.6(gsignal+0x10d)[0x14742d107d2b]
[borgj116:177016] [ 2] /lib64/libc.so.6(abort+0x177)[0x14742d1093e5]
[borgj116:177016] [ 3] ./mainApp(__NAGf90_io_abort+0x78)[0x459cf8]
[borgj116:177016] [ 4] ./mainApp(__NAGf90_ioerr+0x1cd)[0x45a35d]
[borgj116:177016] [ 5] /lib64/libc.so.6(gsignal+0x10d)[0x14ea86e53d2b]
[borgj116:177014] [ 2] /lib64/libc.so.6(abort+0x177)[0x14ea86e553e5]
[borgj116:177014] [ 3] ./mainApp(__NAGf90_io_abort+0x78)[0x459cf8]
[borgj116:177014] [ 4] ./mainApp(__NAGf90_ioerr+0x1cd)[0x45a35d]
[borgj116:177014] [ 5] /lib64/libc.so.6(gsignal+0x10d)[0x14c0e3b07d2b]
[borgj116:177015] [ 2] /lib64/libc.so.6(abort+0x177)[0x14c0e3b093e5]
[borgj116:177015] [ 3] ./mainApp(__NAGf90_io_abort+0x78)[0x459cf8]
[borgj116:177015] [ 4] ./mainApp(__NAGf90_ioerr+0x1cd)[0x45a35d]
[borgj116:177015] [ 5] /lib64/libc.so.6(gsignal+0x10d)[0x150964653d2b]
[borgj116:177017] [ 2] /lib64/libc.so.6(abort+0x177)[0x1509646553e5]
[borgj116:177017] [ 3] ./mainApp(__NAGf90_io_abort+0x78)[0x459cf8]
[borgj116:177017] [ 4] ./mainApp(__NAGf90_ioerr+0x1cd)[0x45a35d]
[borgj116:177017] [ 5] /discover/nobackup/projects/gmao/SIteam/comp/SLES-15/nag/7.2.15/lib/NAG_Fortran/libf72rts.so.1(__NAGf90_maybe_next_edit+0xe19)[0x14742d4aa629]
[borgj116:177016] [ 6] /discover/nobackup/projects/gmao/SIteam/comp/SLES-15/nag/7.2.15/lib/NAG_Fortran/libf72rts.so.1(__NAGf90_maybe_next_edit+0xe19)[0x14ea870aa629]
[borgj116:177014] [ 6] /discover/nobackup/projects/gmao/SIteam/comp/SLES-15/nag/7.2.15/lib/NAG_Fortran/libf72rts.so.1(__NAGf90_maybe_next_edit+0xe19)[0x1509648aa629]
[borgj116:177017] [ 6] /discover/nobackup/projects/gmao/SIteam/comp/SLES-15/nag/7.2.15/lib/NAG_Fortran/libf72rts.so.1(__NAGf90_maybe_next_edit+0xe19)[0x14c0e3eaa629]
[borgj116:177015] [ 6] /discover/nobackup/projects/gmao/SIteam/ESMF_Testing/nag_7.2.15_openmpi_O_develop/esmf/DEFAULTINSTALLDIR/lib/libO/Linux.nag.64.openmpi.default/libesmf.so(nuopc_driver_MP_loopdatadependentinitialize+0x3aef)[0x15096728cccd]
[borgj116:177017] [ 7] /discover/nobackup/projects/gmao/SIteam/ESMF_Testing/nag_7.2.15_openmpi_O_develop/esmf/DEFAULTINSTALLDIR/lib/libO/Linux.nag.64.openmpi.default/libesmf.so(nuopc_driver_MP_loopdatadependentinitialize+0x3aef)[0x14ea89a6eccd]
[borgj116:177014] [ 7] /discover/nobackup/projects/gmao/SIteam/ESMF_Testing/nag_7.2.15_openmpi_O_develop/esmf/DEFAULTINSTALLDIR/lib/libO/Linux.nag.64.openmpi.default/libesmf.so(nuopc_driver_MP_loopdatadependentinitialize+0x3aef)[0x14c0e6790ccd]
[borgj116:177015] [ 7] /discover/nobackup/projects/gmao/SIteam/ESMF_Testing/nag_7.2.15_openmpi_O_develop/esmf/DEFAULTINSTALLDIR/lib/libO/Linux.nag.64.openmpi.default/libesmf.so(nuopc_driver_MP_loopdatadependentinitialize+0x3aef)[0x14742fd7fccd]
[borgj116:177016] [ 7] /discover/nobackup/projects/gmao/SIteam/ESMF_Testing/nag_7.2.15_openmpi_O_develop/esmf/DEFAULTINSTALLDIR/lib/libO/Linux.nag.64.openmpi.default/libesmf.so(nuopc_driver_MP_initializeipdv02p5data+0x3180)[0x14c0e67a0bef]
[borgj116:177015] [ 8] /discover/nobackup/projects/gmao/SIteam/ESMF_Testing/nag_7.2.15_openmpi_O_develop/esmf/DEFAULTINSTALLDIR/lib/libO/Linux.nag.64.openmpi.default/libesmf.so(nuopc_driver_MP_initializeipdv02p5data+0x3180)[0x14ea89a7ebef]
[borgj116:177014] [ 8] /discover/nobackup/projects/gmao/SIteam/ESMF_Testing/nag_7.2.15_openmpi_O_develop/esmf/DEFAULTINSTALLDIR/lib/libO/Linux.nag.64.openmpi.default/libesmf.so(nuopc_driver_MP_initializeipdv02p5data+0x3180)[0x15096729cbef]
[borgj116:177017] [ 8] /discover/nobackup/projects/gmao/SIteam/ESMF_Testing/nag_7.2.15_openmpi_O_develop/esmf/DEFAULTINSTALLDIR/lib/libO/Linux.nag.64.openmpi.default/libesmf.so(nuopc_driver_MP_initializeipdv02p5data+0x3180)[0x14742fd8fbef]
[borgj116:177016] [ 8] /discover/nobackup/projects/gmao/SIteam/ESMF_Testing/nag_7.2.15_openmpi_O_develop/esmf/DEFAULTINSTALLDIR/lib/libO/Linux.nag.64.openmpi.default/libesmf.so(nuopc_driver_MP_initializeipdv02p5+0x4779)[0x14ea89a841b4]
[borgj116:177014] [ 9] /discover/nobackup/projects/gmao/SIteam/ESMF_Testing/nag_7.2.15_openmpi_O_develop/esmf/DEFAULTINSTALLDIR/lib/libO/Linux.nag.64.openmpi.default/libesmf.so(nuopc_driver_MP_initializeipdv02p5+0x4779)[0x1509672a21b4]
[borgj116:177017] [ 9] /discover/nobackup/projects/gmao/SIteam/ESMF_Testing/nag_7.2.15_openmpi_O_develop/esmf/DEFAULTINSTALLDIR/lib/libO/Linux.nag.64.openmpi.default/libesmf.so(nuopc_driver_MP_initializeipdv02p5+0x4779)[0x14742fd951b4]
[borgj116:177016] [ 9] /discover/nobackup/projects/gmao/SIteam/ESMF_Testing/nag_7.2.15_openmpi_O_develop/esmf/DEFAULTINSTALLDIR/lib/libO/Linux.nag.64.openmpi.default/libesmf.so(nuopc_driver_MP_initializeipdv02p5+0x4779)[0x14c0e67a61b4]
[borgj116:177015] [ 9] /discover/nobackup/projects/gmao/SIteam/ESMF_Testing/nag_7.2.15_openmpi_O_develop/esmf/DEFAULTINSTALLDIR/lib/libO/Linux.nag.64.openmpi.default/libesmf.so(nuopc_driver_MP_initializegeneric+0x1a06)[0x1509672d7842]
[borgj116:177017] [10] /discover/nobackup/projects/gmao/SIteam/ESMF_Testing/nag_7.2.15_openmpi_O_develop/esmf/DEFAULTINSTALLDIR/lib/libO/Linux.nag.64.openmpi.default/libesmf.so(nuopc_driver_MP_initializegeneric+0x1a06)[0x14ea89ab9842]
[borgj116:177014] [10] /discover/nobackup/projects/gmao/SIteam/ESMF_Testing/nag_7.2.15_openmpi_O_develop/esmf/DEFAULTINSTALLDIR/lib/libO/Linux.nag.64.openmpi.default/libesmf.so(nuopc_driver_MP_initializegeneric+0x1a06)[0x14c0e67db842]
[borgj116:177015] [10] /discover/nobackup/projects/gmao/SIteam/ESMF_Testing/nag_7.2.15_openmpi_O_develop/esmf/DEFAULTINSTALLDIR/lib/libO/Linux.nag.64.openmpi.default/libesmf.so(nuopc_driver_MP_initializegeneric+0x1a06)[0x14742fdca842]
[borgj116:177016] [10] /discover/nobackup/projects/gmao/SIteam/ESMF_Testing/nag_7.2.15_openmpi_O_develop/esmf/DEFAULTINSTALLDIR/lib/libO/Linux.nag.64.openmpi.default/libesmf.so(_ZN5ESMCI6FTable12callVFuncPtrEPKcPNS_2VMEPi+0xc55)[0x14c0e58e5e89]
[borgj116:177015] [11] /discover/nobackup/projects/gmao/SIteam/ESMF_Testing/nag_7.2.15_openmpi_O_develop/esmf/DEFAULTINSTALLDIR/lib/libO/Linux.nag.64.openmpi.default/libesmf.so(_ZN5ESMCI6FTable12callVFuncPtrEPKcPNS_2VMEPi+0xc55)[0x14ea88bc3e89]
[borgj116:177014] [11] /discover/nobackup/projects/gmao/SIteam/ESMF_Testing/nag_7.2.15_openmpi_O_develop/esmf/DEFAULTINSTALLDIR/lib/libO/Linux.nag.64.openmpi.default/libesmf.so(_ZN5ESMCI6FTable12callVFuncPtrEPKcPNS_2VMEPi+0xc55)[0x1509663e1e89]
[borgj116:177017] [11] /discover/nobackup/projects/gmao/SIteam/ESMF_Testing/nag_7.2.15_openmpi_O_develop/esmf/DEFAULTINSTALLDIR/lib/libO/Linux.nag.64.openmpi.default/libesmf.so(_ZN5ESMCI6FTable12callVFuncPtrEPKcPNS_2VMEPi+0xc55)[0x14742eed4e89]
[borgj116:177016] [11] /discover/nobackup/projects/gmao/SIteam/ESMF_Testing/nag_7.2.15_openmpi_O_develop/esmf/DEFAULTINSTALLDIR/lib/libO/Linux.nag.64.openmpi.default/libesmf.so(ESMCI_FTableCallEntryPointVMHop+0x32e)[0x14742eed1f5c]
[borgj116:177016] [12] /discover/nobackup/projects/gmao/SIteam/ESMF_Testing/nag_7.2.15_openmpi_O_develop/esmf/DEFAULTINSTALLDIR/lib/libO/Linux.nag.64.openmpi.default/libesmf.so(ESMCI_FTableCallEntryPointVMHop+0x32e)[0x1509663def5c]
[borgj116:177017] [12] /discover/nobackup/projects/gmao/SIteam/ESMF_Testing/nag_7.2.15_openmpi_O_develop/esmf/DEFAULTINSTALLDIR/lib/libO/Linux.nag.64.openmpi.default/libesmf.so(ESMCI_FTableCallEntryPointVMHop+0x32e)[0x14c0e58e2f5c]
[borgj116:177015] [12] /discover/nobackup/projects/gmao/SIteam/ESMF_Testing/nag_7.2.15_openmpi_O_develop/esmf/DEFAULTINSTALLDIR/lib/libO/Linux.nag.64.openmpi.default/libesmf.so(ESMCI_FTableCallEntryPointVMHop+0x32e)[0x14ea88bc0f5c]
[borgj116:177014] [12] /discover/nobackup/projects/gmao/SIteam/ESMF_Testing/nag_7.2.15_openmpi_O_develop/esmf/DEFAULTINSTALLDIR/lib/libO/Linux.nag.64.openmpi.default/libesmf.so(_ZN5ESMCI3VMK5enterEPNS_7VMKPlanEPvS3_+0xd5)[0x14ea88fc064b]
[borgj116:177014] [13] /discover/nobackup/projects/gmao/SIteam/ESMF_Testing/nag_7.2.15_openmpi_O_develop/esmf/DEFAULTINSTALLDIR/lib/libO/Linux.nag.64.openmpi.default/libesmf.so(_ZN5ESMCI3VMK5enterEPNS_7VMKPlanEPvS3_+0xd5)[0x14742f2d164b]
[borgj116:177016] [13] /discover/nobackup/projects/gmao/SIteam/ESMF_Testing/nag_7.2.15_openmpi_O_develop/esmf/DEFAULTINSTALLDIR/lib/libO/Linux.nag.64.openmpi.default/libesmf.so(_ZN5ESMCI3VMK5enterEPNS_7VMKPlanEPvS3_+0xd5)[0x1509667de64b]
[borgj116:177017] [13] /discover/nobackup/projects/gmao/SIteam/ESMF_Testing/nag_7.2.15_openmpi_O_develop/esmf/DEFAULTINSTALLDIR/lib/libO/Linux.nag.64.openmpi.default/libesmf.so(_ZN5ESMCI3VMK5enterEPNS_7VMKPlanEPvS3_+0xd5)[0x14c0e5ce264b]
[borgj116:177015] [13] /discover/nobackup/projects/gmao/SIteam/ESMF_Testing/nag_7.2.15_openmpi_O_develop/esmf/DEFAULTINSTALLDIR/lib/libO/Linux.nag.64.openmpi.default/libesmf.so(_ZN5ESMCI2VM5enterEPNS_6VMPlanEPvS3_+0xb7)[0x14c0e5ccc565]
[borgj116:177015] [14] /discover/nobackup/projects/gmao/SIteam/ESMF_Testing/nag_7.2.15_openmpi_O_develop/esmf/DEFAULTINSTALLDIR/lib/libO/Linux.nag.64.openmpi.default/libesmf.so(_ZN5ESMCI2VM5enterEPNS_6VMPlanEPvS3_+0xb7)[0x14ea88faa565]
[borgj116:177014] [14] /discover/nobackup/projects/gmao/SIteam/ESMF_Testing/nag_7.2.15_openmpi_O_develop/esmf/DEFAULTINSTALLDIR/lib/libO/Linux.nag.64.openmpi.default/libesmf.so(_ZN5ESMCI2VM5enterEPNS_6VMPlanEPvS3_+0xb7)[0x14742f2bb565]
[borgj116:177016] [14] /discover/nobackup/projects/gmao/SIteam/ESMF_Testing/nag_7.2.15_openmpi_O_develop/esmf/DEFAULTINSTALLDIR/lib/libO/Linux.nag.64.openmpi.default/libesmf.so(_ZN5ESMCI2VM5enterEPNS_6VMPlanEPvS3_+0xb7)[0x1509667c8565]
[borgj116:177017] [14] /discover/nobackup/projects/gmao/SIteam/ESMF_Testing/nag_7.2.15_openmpi_O_develop/esmf/DEFAULTINSTALLDIR/lib/libO/Linux.nag.64.openmpi.default/libesmf.so(c_esmc_ftablecallentrypointvm_+0x35f)[0x14c0e58e33f5]
[borgj116:177015] [15] /discover/nobackup/projects/gmao/SIteam/ESMF_Testing/nag_7.2.15_openmpi_O_develop/esmf/DEFAULTINSTALLDIR/lib/libO/Linux.nag.64.openmpi.default/libesmf.so(c_esmc_ftablecallentrypointvm_+0x35f)[0x14ea88bc13f5]
[borgj116:177014] [15] /discover/nobackup/projects/gmao/SIteam/ESMF_Testing/nag_7.2.15_openmpi_O_develop/esmf/DEFAULTINSTALLDIR/lib/libO/Linux.nag.64.openmpi.default/libesmf.so(c_esmc_ftablecallentrypointvm_+0x35f)[0x14742eed23f5]
[borgj116:177016] [15] /discover/nobackup/projects/gmao/SIteam/ESMF_Testing/nag_7.2.15_openmpi_O_develop/esmf/DEFAULTINSTALLDIR/lib/libO/Linux.nag.64.openmpi.default/libesmf.so(c_esmc_ftablecallentrypointvm_+0x35f)[0x1509663df3f5]
[borgj116:177017] [15] /discover/nobackup/projects/gmao/SIteam/ESMF_Testing/nag_7.2.15_openmpi_O_develop/esmf/DEFAULTINSTALLDIR/lib/libO/Linux.nag.64.openmpi.default/libesmf.so(esmf_compmod_MP_esmf_compexecute+0xa6b)[0x14ea8925918e]
[borgj116:177014] [16] /discover/nobackup/projects/gmao/SIteam/ESMF_Testing/nag_7.2.15_openmpi_O_develop/esmf/DEFAULTINSTALLDIR/lib/libO/Linux.nag.64.openmpi.default/libesmf.so(esmf_compmod_MP_esmf_compexecute+0xa6b)[0x150966a7718e]
[borgj116:177017] [16] /discover/nobackup/projects/gmao/SIteam/ESMF_Testing/nag_7.2.15_openmpi_O_develop/esmf/DEFAULTINSTALLDIR/lib/libO/Linux.nag.64.openmpi.default/libesmf.so(esmf_compmod_MP_esmf_compexecute+0xa6b)[0x14742f56a18e]
[borgj116:177016] [16] /discover/nobackup/projects/gmao/SIteam/ESMF_Testing/nag_7.2.15_openmpi_O_develop/esmf/DEFAULTINSTALLDIR/lib/libO/Linux.nag.64.openmpi.default/libesmf.so(esmf_compmod_MP_esmf_compexecute+0xa6b)[0x14c0e5f7b18e]
[borgj116:177015] [16] /discover/nobackup/projects/gmao/SIteam/ESMF_Testing/nag_7.2.15_openmpi_O_develop/esmf/DEFAULTINSTALLDIR/lib/libO/Linux.nag.64.openmpi.default/libesmf.so(esmf_gridcompmod_MP_esmf_gridcompinitialize+0x176)[0x150966d987e5]
[borgj116:177017] [17] ./mainApp[0x49538c]
[borgj116:177017] [18] ./mainApp(__NAGf90_cosmp_init+0x123)[0x433f63]
[borgj116:177017] /discover/nobackup/projects/gmao/SIteam/ESMF_Testing/nag_7.2.15_openmpi_O_develop/esmf/DEFAULTINSTALLDIR/lib/libO/Linux.nag.64.openmpi.default/libesmf.so(esmf_gridcompmod_MP_esmf_gridcompinitialize+0x176)[0x14742f88b7e5]
[borgj116:177016] [17] ./mainApp[0x49538c]
[borgj116:177016] [18] ./mainApp(__NAGf90_cosmp_init+0x123)[0x433f63]
[borgj116:177016] [19] /discover/nobackup/projects/gmao/SIteam/ESMF_Testing/nag_7.2.15_openmpi_O_develop/esmf/DEFAULTINSTALLDIR/lib/libO/Linux.nag.64.openmpi.default/libesmf.so(esmf_gridcompmod_MP_esmf_gridcompinitialize+0x176)[0x14ea8957a7e5]
[borgj116:177014] [17] ./mainApp[0x49538c]
[borgj116:177014] [18] ./mainApp(__NAGf90_cosmp_init+0x123)[0x433f63]
[borgj116:177014] [19] ./mainApp[0x494c73]
[borgj116:177014] [20] /discover/nobackup/projects/gmao/SIteam/ESMF_Testing/nag_7.2.15_openmpi_O_develop/esmf/DEFAULTINSTALLDIR/lib/libO/Linux.nag.64.openmpi.default/libesmf.so(esmf_gridcompmod_MP_esmf_gridcompinitialize+0x176)[0x14c0e629c7e5]
[borgj116:177015] [17] ./mainApp[0x49538c]
[borgj116:177015] [18] ./mainApp(__NAGf90_cosmp_init+0x123)[0x433f63]
[borgj116:177015] [19] ./mainApp[0x494c73]
[borgj116:177015] [20] [19] ./mainApp[0x494c73]
[borgj116:177017] [20] ./mainApp[0x494c73]
[borgj116:177016] [20] /lib64/libc.so.6(__libc_start_main+0xef)[0x15096463e24d]
[borgj116:177017] [21] ./mainApp[0x40b3ca]
[borgj116:177017] *** End of error message ***
/lib64/libc.so.6(__libc_start_main+0xef)[0x14742d0f224d]
[borgj116:177016] [21] ./mainApp[0x40b3ca]
[borgj116:177016] *** End of error message ***
/lib64/libc.so.6(__libc_start_main+0xef)[0x14ea86e3e24d]
[borgj116:177014] [21] ./mainApp[0x40b3ca]
[borgj116:177014] *** End of error message ***
/lib64/libc.so.6(__libc_start_main+0xef)[0x14c0e3af224d]
[borgj116:177015] [21] ./mainApp[0x40b3ca]
[borgj116:177015] *** End of error message ***
--------------------------------------------------------------------------
Primary job  terminated normally, but 1 process returned
a non-zero exit code. Per user-direction, the job has been aborted.
--------------------------------------------------------------------------
--------------------------------------------------------------------------
mpirun noticed that process rank 1 with PID 177015 on node borgj116 exited on signal 6 (Aborted).
--------------------------------------------------------------------------
3 total processes killed (some possibly by mpirun during cleanup)
