2024-10-13 22:49:59
Runtime Error: Expected integer literal constant in format specification
PrRuntime Error: Expected integer literal constant in formogram terminated by I/O error on internal file
at specification
Program terminated by I/O error on internal file
[borgk146:43506] *** Process received signal ***
[borgk146:43506] Signal: Aborted (6)
[borgk146:43506] Signal code:  (-6)
[borgk146:43507] *** Process received signal ***
[borgk146:43507] Signal: Aborted (6)
[borgk146:43507] Signal code:  (-6)
[borgk146:43506] [ 0] /lib64/libpthread.so.0(+0x16910)[0x14beafd87910]
[borgk146:43506] [ 1] /lib64/libc.so.6(gsignal+0x10d)[0x14beaf307d2b]
[borgk146:43506] [ 2] [borgk146:43507] [ 0] /lib64/libpthread.so.0(+0x16910)[0x153f8e947910]
[borgk146:43507] [ 1] /lib64/libc.so.6(gsignal+0x10d)[0x153f8e053d2b]
[borgk146:43507] [ 2] /lib64/libc.so.6(abort+0x177)[0x153f8e0553e5]
[borgk146:43507] [ 3] ./mainApp(__NAGf90_io_abort+0x78)[0x45a018]
[borgk146:43507] [ 4] ./mainApp(__NAGf90_ioerr+0x1cd)[0x45a67d]
[borgk146:43507] [ 5] /lib64/libc.so.6(abort+0x177)[0x14beaf3093e5]
[borgk146:43506] [ 3] ./mainApp(__NAGf90_io_abort+0x78)[0x45a018]
[borgk146:43506] [ 4] ./mainApp(__NAGf90_ioerr+0x1cd)[0x45a67d]
[borgk146:43506] [ 5] /discover/nobackup/projects/gmao/SIteam/comp/SLES-15/nag/7.2.15/lib/NAG_Fortran/libf72rts.so.1(__NAGf90_maybe_next_edit+0xe19)[0x14beaf6aa629]
[borgk146:43506] [ 6] /discover/nobackup/projects/gmao/SIteam/comp/SLES-15/nag/7.2.15/lib/NAG_Fortran/libf72rts.so.1(__NAGf90_maybe_next_edit+0xe19)[0x153f8e2aa629]
[borgk146:43507] [ 6] /discover/nobackup/projects/gmao/SIteam/ESMF_Testing/nag_7.2.15_openmpi_O_develop/esmf/DEFAULTINSTALLDIR/lib/libO/Linux.nag.64.openmpi.default/libesmf.so(nuopc_driver_MP_initializeipdv02p5+0x4025)[0x14beb1f9b253]
[borgk146:43506] [ 7] /discover/nobackup/projects/gmao/SIteam/ESMF_Testing/nag_7.2.15_openmpi_O_develop/esmf/DEFAULTINSTALLDIR/lib/libO/Linux.nag.64.openmpi.default/libesmf.so(nuopc_driver_MP_initializeipdv02p5+0x4025)[0x153f90ca7253]
[borgk146:43507] [ 7] /discover/nobackup/projects/gmao/SIteam/ESMF_Testing/nag_7.2.15_openmpi_O_develop/esmf/DEFAULTINSTALLDIR/lib/libO/Linux.nag.64.openmpi.default/libesmf.so(_ZN5ESMCI6FTable12callVFuncPtrEPKcPNS_2VMEPi+0xc55)[0x153f8fde9ce9]
[borgk146:43507] [ 8] /discover/nobackup/projects/gmao/SIteam/ESMF_Testing/nag_7.2.15_openmpi_O_develop/esmf/DEFAULTINSTALLDIR/lib/libO/Linux.nag.64.openmpi.default/libesmf.so(_ZN5ESMCI6FTable12callVFuncPtrEPKcPNS_2VMEPi+0xc55)[0x14beb10ddce9]
[borgk146:43506] [ 8] /discover/nobackup/projects/gmao/SIteam/ESMF_Testing/nag_7.2.15_openmpi_O_develop/esmf/DEFAULTINSTALLDIR/lib/libO/Linux.nag.64.openmpi.default/libesmf.so(ESMCI_FTableCallEntryPointVMHop+0x32e)[0x153f8fde6dbc]
[borgk146:43507] [ 9] /discover/nobackup/projects/gmao/SIteam/ESMF_Testing/nag_7.2.15_openmpi_O_develop/esmf/DEFAULTINSTALLDIR/lib/libO/Linux.nag.64.openmpi.default/libesmf.so(ESMCI_FTableCallEntryPointVMHop+0x32e)[0x14beb10dadbc]
[borgk146:43506] [ 9] /discover/nobackup/projects/gmao/SIteam/ESMF_Testing/nag_7.2.15_openmpi_O_develop/esmf/DEFAULTINSTALLDIR/lib/libO/Linux.nag.64.openmpi.default/libesmf.so(_ZN5ESMCI3VMK5enterEPNS_7VMKPlanEPvS3_+0xd5)[0x14beb14da4ab]
[borgk146:43506] [10] /discover/nobackup/projects/gmao/SIteam/ESMF_Testing/nag_7.2.15_openmpi_O_develop/esmf/DEFAULTINSTALLDIR/lib/libO/Linux.nag.64.openmpi.default/libesmf.so(_ZN5ESMCI3VMK5enterEPNS_7VMKPlanEPvS3_+0xd5)[0x153f901e64ab]
[borgk146:43507] [10] /discover/nobackup/projects/gmao/SIteam/ESMF_Testing/nag_7.2.15_openmpi_O_develop/esmf/DEFAULTINSTALLDIR/lib/libO/Linux.nag.64.openmpi.default/libesmf.so(_ZN5ESMCI2VM5enterEPNS_6VMPlanEPvS3_+0xb7)[0x153f901d03c5]
[borgk146:43507] [11] /discover/nobackup/projects/gmao/SIteam/ESMF_Testing/nag_7.2.15_openmpi_O_develop/esmf/DEFAULTINSTALLDIR/lib/libO/Linux.nag.64.openmpi.default/libesmf.so(_ZN5ESMCI2VM5enterEPNS_6VMPlanEPvS3_+0xb7)[0x14beb14c43c5]
[borgk146:43506] [11] /discover/nobackup/projects/gmao/SIteam/ESMF_Testing/nag_7.2.15_openmpi_O_develop/esmf/DEFAULTINSTALLDIR/lib/libO/Linux.nag.64.openmpi.default/libesmf.so(c_esmc_ftablecallentrypointvm_+0x35f)[0x153f8fde7255]
[borgk146:43507] [12] /discover/nobackup/projects/gmao/SIteam/ESMF_Testing/nag_7.2.15_openmpi_O_develop/esmf/DEFAULTINSTALLDIR/lib/libO/Linux.nag.64.openmpi.default/libesmf.so(c_esmc_ftablecallentrypointvm_+0x35f)[0x14beb10db255]
[borgk146:43506] [12] /discover/nobackup/projects/gmao/SIteam/ESMF_Testing/nag_7.2.15_openmpi_O_develop/esmf/DEFAULTINSTALLDIR/lib/libO/Linux.nag.64.openmpi.default/libesmf.so(esmf_compmod_MP_esmf_compexecute+0xa3d)[0x14beb1770bb1]
[borgk146:43506] [13] /discover/nobackup/projects/gmao/SIteam/ESMF_Testing/nag_7.2.15_openmpi_O_develop/esmf/DEFAULTINSTALLDIR/lib/libO/Linux.nag.64.openmpi.default/libesmf.so(esmf_compmod_MP_esmf_compexecute+0xa3d)[0x153f9047cbb1]
[borgk146:43507] [13] /discover/nobackup/projects/gmao/SIteam/ESMF_Testing/nag_7.2.15_openmpi_O_develop/esmf/DEFAULTINSTALLDIR/lib/libO/Linux.nag.64.openmpi.default/libesmf.so(esmf_gridcompmod_MP_esmf_gridcompinitialize+0x176)[0x153f9079e2e9]
[borgk146:43507] [14] /discover/nobackup/projects/gmao/SIteam/ESMF_Testing/nag_7.2.15_openmpi_O_develop/esmf/DEFAULTINSTALLDIR/lib/libO/Linux.nag.64.openmpi.default/libesmf.so(esmf_gridcompmod_MP_esmf_gridcompinitialize+0x176)[0x14beb1a922e9]
[borgk146:43506] [14] /discover/nobackup/projects/gmao/SIteam/ESMF_Testing/nag_7.2.15_openmpi_O_develop/esmf/DEFAULTINSTALLDIR/lib/libO/Linux.nag.64.openmpi.default/libesmf.so(nuopc_driver_MP_loopmodelcompss+0x13e8)[0x153f90c9dfc9]
[borgk146:43507] [15] /discover/nobackup/projects/gmao/SIteam/ESMF_Testing/nag_7.2.15_openmpi_O_develop/esmf/DEFAULTINSTALLDIR/lib/libO/Linux.nag.64.openmpi.default/libesmf.so(nuopc_driver_MP_loopmodelcompss+0x13e8)[0x14beb1f91fc9]
[borgk146:43506] [15] /discover/nobackup/projects/gmao/SIteam/ESMF_Testing/nag_7.2.15_openmpi_O_develop/esmf/DEFAULTINSTALLDIR/lib/libO/Linux.nag.64.openmpi.default/libesmf.so(nuopc_driver_MP_initializeipdv02p5data+0x18f7)[0x14beb1f94b59]
[borgk146:43506] [16] /discover/nobackup/projects/gmao/SIteam/ESMF_Testing/nag_7.2.15_openmpi_O_develop/esmf/DEFAULTINSTALLDIR/lib/libO/Linux.nag.64.openmpi.default/libesmf.so(nuopc_driver_MP_initializeipdv02p5data+0x18f7)[0x153f90ca0b59]
[borgk146:43507] [16] /discover/nobackup/projects/gmao/SIteam/ESMF_Testing/nag_7.2.15_openmpi_O_develop/esmf/DEFAULTINSTALLDIR/lib/libO/Linux.nag.64.openmpi.default/libesmf.so(nuopc_driver_MP_initializeipdv02p5+0x4779)[0x153f90ca79a7]
[borgk146:43507] [17] /discover/nobackup/projects/gmao/SIteam/ESMF_Testing/nag_7.2.15_openmpi_O_develop/esmf/DEFAULTINSTALLDIR/lib/libO/Linux.nag.64.openmpi.default/libesmf.so(nuopc_driver_MP_initializeipdv02p5+0x4779)[0x14beb1f9b9a7]
[borgk146:43506] [17] /discover/nobackup/projects/gmao/SIteam/ESMF_Testing/nag_7.2.15_openmpi_O_develop/esmf/DEFAULTINSTALLDIR/lib/libO/Linux.nag.64.openmpi.default/libesmf.so(nuopc_driver_MP_initializegeneric+0x1a06)[0x153f90cdd035]
[borgk146:43507] [18] /discover/nobackup/projects/gmao/SIteam/ESMF_Testing/nag_7.2.15_openmpi_O_develop/esmf/DEFAULTINSTALLDIR/lib/libO/Linux.nag.64.openmpi.default/libesmf.so(nuopc_driver_MP_initializegeneric+0x1a06)[0x14beb1fd1035]
[borgk146:43506] [18] /discover/nobackup/projects/gmao/SIteam/ESMF_Testing/nag_7.2.15_openmpi_O_develop/esmf/DEFAULTINSTALLDIR/lib/libO/Linux.nag.64.openmpi.default/libesmf.so(_ZN5ESMCI6FTable12callVFuncPtrEPKcPNS_2VMEPi+0xc55)[0x153f8fde9ce9]
[borgk146:43507] [19] /discover/nobackup/projects/gmao/SIteam/ESMF_Testing/nag_7.2.15_openmpi_O_develop/esmf/DEFAULTINSTALLDIR/lib/libO/Linux.nag.64.openmpi.default/libesmf.so(_ZN5ESMCI6FTable12callVFuncPtrEPKcPNS_2VMEPi+0xc55)[0x14beb10ddce9]
[borgk146:43506] [19] /discover/nobackup/projects/gmao/SIteam/ESMF_Testing/nag_7.2.15_openmpi_O_develop/esmf/DEFAULTINSTALLDIR/lib/libO/Linux.nag.64.openmpi.default/libesmf.so(ESMCI_FTableCallEntryPointVMHop+0x32e)[0x14beb10dadbc]
[borgk146:43506] [20] /discover/nobackup/projects/gmao/SIteam/ESMF_Testing/nag_7.2.15_openmpi_O_develop/esmf/DEFAULTINSTALLDIR/lib/libO/Linux.nag.64.openmpi.default/libesmf.so(ESMCI_FTableCallEntryPointVMHop+0x32e)[0x153f8fde6dbc]
[borgk146:43507] [20] /discover/nobackup/projects/gmao/SIteam/ESMF_Testing/nag_7.2.15_openmpi_O_develop/esmf/DEFAULTINSTALLDIR/lib/libO/Linux.nag.64.openmpi.default/libesmf.so(_ZN5ESMCI3VMK5enterEPNS_7VMKPlanEPvS3_+0xd5)[0x14beb14da4ab]
[borgk146:43506] [21] /discover/nobackup/projects/gmao/SIteam/ESMF_Testing/nag_7.2.15_openmpi_O_develop/esmf/DEFAULTINSTALLDIR/lib/libO/Linux.nag.64.openmpi.default/libesmf.so(_ZN5ESMCI3VMK5enterEPNS_7VMKPlanEPvS3_+0xd5)[0x153f901e64ab]
[borgk146:43507] [21] /discover/nobackup/projects/gmao/SIteam/ESMF_Testing/nag_7.2.15_openmpi_O_develop/esmf/DEFAULTINSTALLDIR/lib/libO/Linux.nag.64.openmpi.default/libesmf.so(_ZN5ESMCI2VM5enterEPNS_6VMPlanEPvS3_+0xb7)[0x14beb14c43c5]
[borgk146:43506] [22] /discover/nobackup/projects/gmao/SIteam/ESMF_Testing/nag_7.2.15_openmpi_O_develop/esmf/DEFAULTINSTALLDIR/lib/libO/Linux.nag.64.openmpi.default/libesmf.so(_ZN5ESMCI2VM5enterEPNS_6VMPlanEPvS3_+0xb7)[0x153f901d03c5]
[borgk146:43507] [22] /discover/nobackup/projects/gmao/SIteam/ESMF_Testing/nag_7.2.15_openmpi_O_develop/esmf/DEFAULTINSTALLDIR/lib/libO/Linux.nag.64.openmpi.default/libesmf.so(c_esmc_ftablecallentrypointvm_+0x35f)[0x14beb10db255]
[borgk146:43506] [23] /discover/nobackup/projects/gmao/SIteam/ESMF_Testing/nag_7.2.15_openmpi_O_develop/esmf/DEFAULTINSTALLDIR/lib/libO/Linux.nag.64.openmpi.default/libesmf.so(c_esmc_ftablecallentrypointvm_+0x35f)[0x153f8fde7255]
[borgk146:43507] [23] /discover/nobackup/projects/gmao/SIteam/ESMF_Testing/nag_7.2.15_openmpi_O_develop/esmf/DEFAULTINSTALLDIR/lib/libO/Linux.nag.64.openmpi.default/libesmf.so(esmf_compmod_MP_esmf_compexecute+0xa3d)[0x14beb1770bb1]
[borgk146:43506] [24] /discover/nobackup/projects/gmao/SIteam/ESMF_Testing/nag_7.2.15_openmpi_O_develop/esmf/DEFAULTINSTALLDIR/lib/libO/Linux.nag.64.openmpi.default/libesmf.so(esmf_compmod_MP_esmf_compexecute+0xa3d)[0x153f9047cbb1]
[borgk146:43507] [24] /discover/nobackup/projects/gmao/SIteam/ESMF_Testing/nag_7.2.15_openmpi_O_develop/esmf/DEFAULTINSTALLDIR/lib/libO/Linux.nag.64.openmpi.default/libesmf.so(esmf_gridcompmod_MP_esmf_gridcompinitialize+0x176)[0x14beb1a922e9]
[borgk146:43506] [25] ./mainApp[0x4953ac]
[borgk146:43506] [26] ./mainApp(__NAGf90_cosmp_init+0x123)[0x434283]
[borgk146:43506] [27] ./mainApp[0x494f93]
[borgk146:43506] [28] /discover/nobackup/projects/gmao/SIteam/ESMF_Testing/nag_7.2.15_openmpi_O_develop/esmf/DEFAULTINSTALLDIR/lib/libO/Linux.nag.64.openmpi.default/libesmf.so(esmf_gridcompmod_MP_esmf_gridcompinitialize+0x176)[0x153f9079e2e9]
[borgk146:43507] [25] ./mainApp[0x4953ac]
[borgk146:43507] [26] ./mainApp(__NAGf90_cosmp_init+0x123)[0x434283]
[borgk146:43507] [27] ./mainApp[0x494f93]
[borgk146:43507] [28] /lib64/libc.so.6(__libc_start_main+0xef)[0x153f8e03e24d]
[borgk146:43507] [29] /lib64/libc.so.6(__libc_start_main+0xef)[0x14beaf2f224d]
[borgk146:43506] [29] ./mainApp[0x40b6ea]
[borgk146:43506] *** End of error message ***
./mainApp[0x40b6ea]
[borgk146:43507] *** End of error message ***
--------------------------------------------------------------------------
Primary job  terminated normally, but 1 process returned
a non-zero exit code. Per user-direction, the job has been aborted.
--------------------------------------------------------------------------
--------------------------------------------------------------------------
mpirun noticed that process rank 0 with PID 43506 on node borgk146 exited on signal 6 (Aborted).
--------------------------------------------------------------------------
