2024-10-14 22:28:28
Runtime Error: Unexpected end of format spRuntime Error: Unexpected end of format specification
Program Runtime Error: Unexpected end of format specification
Program terminatRuntime Error: Unexpected end of format specification
Program terminated by I/O eed by I/O error on ecification
Program terminated by I/O error on internaterminated by I/O error on internal file
rror on internal file
internal file
l file
[borgj179:216553] *** Process received signal ***
[borgj179:216553] Signal: Aborted (6)
[borgj179:216553] Signal code:  (-6)
[borgj179:216551] *** Process received signal ***
[borgj179:216552] *** Process received signal ***
[borgj179:216550] *** Process received signal ***
[borgj179:216551] Signal: Aborted (6)
[borgj179:216551] Signal code:  (-6)
[borgj179:216552] Signal: Aborted (6)
[borgj179:216552] Signal code:  (-6)
[borgj179:216550] Signal: Aborted (6)
[borgj179:216550] Signal code:  (-6)
[borgj179:216552] [ 0] [borgj179:216551] [ 0] /lib64/libpthread.so.0(+0x16910)[0x150eaf331910]
[borgj179:216552] [ 1] [borgj179:216553] [ 0] /lib64/libpthread.so.0(+0x16910)[0x14cd1efac910]
[borgj179:216553] [ 1] /lib64/libpthread.so.0(+0x16910)[0x1526b71f2910]
[borgj179:216551] [ 1] [borgj179:216550] [ 0] /lib64/libpthread.so.0(+0x16910)[0x14bd0b3b2910]
[borgj179:216550] [ 1] /lib64/libc.so.6(gsignal+0x10d)[0x150eaea53d2b]
[borgj179:216552] [ 2] /lib64/libc.so.6(gsignal+0x10d)[0x1526b702fd2b]
[borgj179:216551] [ 2] /lib64/libc.so.6(abort+0x177)[0x1526b70313e5]
[borgj179:216551] [ 3] ./esmApp(__NAGf90_io_abort+0x78)[0x45a3f8]
[borgj179:216551] [ 4] ./esmApp(__NAGf90_ioerr+0x1cd)[0x45aa5d]
[borgj179:216551] /lib64/libc.so.6(gsignal+0x10d)[0x14bd0a907d2b]
[borgj179:216550] [ 2] /lib64/libc.so.6(abort+0x177)[0x14bd0a9093e5]
[borgj179:216550] [ 3] ./esmApp(__NAGf90_io_abort+0x78)[0x45a3f8]
[borgj179:216550] /lib64/libc.so.6(gsignal+0x10d)[0x14cd1e507d2b]
[borgj179:216553] [ 2] /lib64/libc.so.6(abort+0x177)[0x14cd1e5093e5]
[borgj179:216553] [ 3] /lib64/libc.so.6(abort+0x177)[0x150eaea553e5]
[borgj179:216552] [ 3] ./esmApp(__NAGf90_io_abort+0x78)[0x45a3f8]
[borgj179:216552] [ 4] ./esmApp(__NAGf90_ioerr+0x1cd)[0x45aa5d]
[borgj179:216552] [ 5] [ 5] [ 4] ./esmApp(__NAGf90_ioerr+0x1cd)[0x45aa5d]
[borgj179:216550] [ 5] ./esmApp(__NAGf90_io_abort+0x78)[0x45a3f8]
[borgj179:216553] [ 4] ./esmApp(__NAGf90_ioerr+0x1cd)[0x45aa5d]
[borgj179:216553] [ 5] /discover/nobackup/projects/gmao/SIteam/comp/SLES-15/nag/7.2.15/lib/NAG_Fortran/libf72rts.so.1(__NAGf90_maybe_next_edit+0xe19)[0x14cd1e8aa629]
[borgj179:216553] [ 6] /discover/nobackup/projects/gmao/SIteam/comp/SLES-15/nag/7.2.15/lib/NAG_Fortran/libf72rts.so.1(__NAGf90_maybe_next_edit+0xe19)[0x14bd0acaa629]
[borgj179:216550] [ 6] /discover/nobackup/projects/gmao/SIteam/comp/SLES-15/nag/7.2.15/lib/NAG_Fortran/libf72rts.so.1(__NAGf90_maybe_next_edit+0xe19)[0x150eaecaa629]
[borgj179:216552] [ 6] /discover/nobackup/projects/gmao/SIteam/comp/SLES-15/nag/7.2.15/lib/NAG_Fortran/libf72rts.so.1(__NAGf90_maybe_next_edit+0xe19)[0x1526b72aa629]
[borgj179:216551] [ 6] /discover/nobackup/projects/gmao/SIteam/ESMF_Testing/nag_7.2.15_openmpi_O_develop/esmf/DEFAULTINSTALLDIR/lib/libO/Linux.nag.64.openmpi.default/libesmf.so(nuopc_driver_MP_loopdatadependentinitialize+0x3aef)[0x150eb167c4c0]
[borgj179:216552] [ 7] /discover/nobackup/projects/gmao/SIteam/ESMF_Testing/nag_7.2.15_openmpi_O_develop/esmf/DEFAULTINSTALLDIR/lib/libO/Linux.nag.64.openmpi.default/libesmf.so(nuopc_driver_MP_loopdatadependentinitialize+0x3aef)[0x1526b9c114c0]
[borgj179:216551] [ 7] /discover/nobackup/projects/gmao/SIteam/ESMF_Testing/nag_7.2.15_openmpi_O_develop/esmf/DEFAULTINSTALLDIR/lib/libO/Linux.nag.64.openmpi.default/libesmf.so(nuopc_driver_MP_loopdatadependentinitialize+0x3aef)[0x14bd0d5b14c0]
[borgj179:216550] [ 7] /discover/nobackup/projects/gmao/SIteam/ESMF_Testing/nag_7.2.15_openmpi_O_develop/esmf/DEFAULTINSTALLDIR/lib/libO/Linux.nag.64.openmpi.default/libesmf.so(nuopc_driver_MP_loopdatadependentinitialize+0x3aef)[0x14cd211ab4c0]
[borgj179:216553] [ 7] /discover/nobackup/projects/gmao/SIteam/ESMF_Testing/nag_7.2.15_openmpi_O_develop/esmf/DEFAULTINSTALLDIR/lib/libO/Linux.nag.64.openmpi.default/libesmf.so(nuopc_driver_MP_initializeipdv02p5data+0x3180)[0x1526b9c213e2]
[borgj179:216551] [ 8] /discover/nobackup/projects/gmao/SIteam/ESMF_Testing/nag_7.2.15_openmpi_O_develop/esmf/DEFAULTINSTALLDIR/lib/libO/Linux.nag.64.openmpi.default/libesmf.so(nuopc_driver_MP_initializeipdv02p5data+0x3180)[0x150eb168c3e2]
[borgj179:216552] [ 8] /discover/nobackup/projects/gmao/SIteam/ESMF_Testing/nag_7.2.15_openmpi_O_develop/esmf/DEFAULTINSTALLDIR/lib/libO/Linux.nag.64.openmpi.default/libesmf.so(nuopc_driver_MP_initializeipdv02p5data+0x3180)[0x14bd0d5c13e2]
[borgj179:216550] [ 8] /discover/nobackup/projects/gmao/SIteam/ESMF_Testing/nag_7.2.15_openmpi_O_develop/esmf/DEFAULTINSTALLDIR/lib/libO/Linux.nag.64.openmpi.default/libesmf.so(nuopc_driver_MP_initializeipdv02p5data+0x3180)[0x14cd211bb3e2]
[borgj179:216553] [ 8] /discover/nobackup/projects/gmao/SIteam/ESMF_Testing/nag_7.2.15_openmpi_O_develop/esmf/DEFAULTINSTALLDIR/lib/libO/Linux.nag.64.openmpi.default/libesmf.so(nuopc_driver_MP_initializeipdv02p5+0x4779)[0x1526b9c269a7]
[borgj179:216551] [ 9] /discover/nobackup/projects/gmao/SIteam/ESMF_Testing/nag_7.2.15_openmpi_O_develop/esmf/DEFAULTINSTALLDIR/lib/libO/Linux.nag.64.openmpi.default/libesmf.so(nuopc_driver_MP_initializeipdv02p5+0x4779)[0x150eb16919a7]
[borgj179:216552] [ 9] /discover/nobackup/projects/gmao/SIteam/ESMF_Testing/nag_7.2.15_openmpi_O_develop/esmf/DEFAULTINSTALLDIR/lib/libO/Linux.nag.64.openmpi.default/libesmf.so(nuopc_driver_MP_initializeipdv02p5+0x4779)[0x14bd0d5c69a7]
[borgj179:216550] [ 9] /discover/nobackup/projects/gmao/SIteam/ESMF_Testing/nag_7.2.15_openmpi_O_develop/esmf/DEFAULTINSTALLDIR/lib/libO/Linux.nag.64.openmpi.default/libesmf.so(nuopc_driver_MP_initializeipdv02p5+0x4779)[0x14cd211c09a7]
[borgj179:216553] [ 9] /discover/nobackup/projects/gmao/SIteam/ESMF_Testing/nag_7.2.15_openmpi_O_develop/esmf/DEFAULTINSTALLDIR/lib/libO/Linux.nag.64.openmpi.default/libesmf.so(nuopc_driver_MP_initializegeneric+0x1a06)[0x1526b9c5c035]
[borgj179:216551] [10] /discover/nobackup/projects/gmao/SIteam/ESMF_Testing/nag_7.2.15_openmpi_O_develop/esmf/DEFAULTINSTALLDIR/lib/libO/Linux.nag.64.openmpi.default/libesmf.so(nuopc_driver_MP_initializegeneric+0x1a06)[0x150eb16c7035]
[borgj179:216552] [10] /discover/nobackup/projects/gmao/SIteam/ESMF_Testing/nag_7.2.15_openmpi_O_develop/esmf/DEFAULTINSTALLDIR/lib/libO/Linux.nag.64.openmpi.default/libesmf.so(nuopc_driver_MP_initializegeneric+0x1a06)[0x14bd0d5fc035]
[borgj179:216550] [10] /discover/nobackup/projects/gmao/SIteam/ESMF_Testing/nag_7.2.15_openmpi_O_develop/esmf/DEFAULTINSTALLDIR/lib/libO/Linux.nag.64.openmpi.default/libesmf.so(nuopc_driver_MP_initializegeneric+0x1a06)[0x14cd211f6035]
[borgj179:216553] [10] /discover/nobackup/projects/gmao/SIteam/ESMF_Testing/nag_7.2.15_openmpi_O_develop/esmf/DEFAULTINSTALLDIR/lib/libO/Linux.nag.64.openmpi.default/libesmf.so(_ZN5ESMCI6FTable12callVFuncPtrEPKcPNS_2VMEPi+0xc55)[0x1526b8d68ce9]
[borgj179:216551] [11] /discover/nobackup/projects/gmao/SIteam/ESMF_Testing/nag_7.2.15_openmpi_O_develop/esmf/DEFAULTINSTALLDIR/lib/libO/Linux.nag.64.openmpi.default/libesmf.so(_ZN5ESMCI6FTable12callVFuncPtrEPKcPNS_2VMEPi+0xc55)[0x150eb07d3ce9]
[borgj179:216552] [11] /discover/nobackup/projects/gmao/SIteam/ESMF_Testing/nag_7.2.15_openmpi_O_develop/esmf/DEFAULTINSTALLDIR/lib/libO/Linux.nag.64.openmpi.default/libesmf.so(_ZN5ESMCI6FTable12callVFuncPtrEPKcPNS_2VMEPi+0xc55)[0x14bd0c708ce9]
[borgj179:216550] [11] /discover/nobackup/projects/gmao/SIteam/ESMF_Testing/nag_7.2.15_openmpi_O_develop/esmf/DEFAULTINSTALLDIR/lib/libO/Linux.nag.64.openmpi.default/libesmf.so(_ZN5ESMCI6FTable12callVFuncPtrEPKcPNS_2VMEPi+0xc55)[0x14cd20302ce9]
[borgj179:216553] [11] /discover/nobackup/projects/gmao/SIteam/ESMF_Testing/nag_7.2.15_openmpi_O_develop/esmf/DEFAULTINSTALLDIR/lib/libO/Linux.nag.64.openmpi.default/libesmf.so(ESMCI_FTableCallEntryPointVMHop+0x32e)[0x1526b8d65dbc]
[borgj179:216551] [12] /discover/nobackup/projects/gmao/SIteam/ESMF_Testing/nag_7.2.15_openmpi_O_develop/esmf/DEFAULTINSTALLDIR/lib/libO/Linux.nag.64.openmpi.default/libesmf.so(ESMCI_FTableCallEntryPointVMHop+0x32e)[0x150eb07d0dbc]
[borgj179:216552] [12] /discover/nobackup/projects/gmao/SIteam/ESMF_Testing/nag_7.2.15_openmpi_O_develop/esmf/DEFAULTINSTALLDIR/lib/libO/Linux.nag.64.openmpi.default/libesmf.so(ESMCI_FTableCallEntryPointVMHop+0x32e)[0x14bd0c705dbc]
[borgj179:216550] [12] /discover/nobackup/projects/gmao/SIteam/ESMF_Testing/nag_7.2.15_openmpi_O_develop/esmf/DEFAULTINSTALLDIR/lib/libO/Linux.nag.64.openmpi.default/libesmf.so(ESMCI_FTableCallEntryPointVMHop+0x32e)[0x14cd202ffdbc]
[borgj179:216553] [12] /discover/nobackup/projects/gmao/SIteam/ESMF_Testing/nag_7.2.15_openmpi_O_develop/esmf/DEFAULTINSTALLDIR/lib/libO/Linux.nag.64.openmpi.default/libesmf.so(_ZN5ESMCI3VMK5enterEPNS_7VMKPlanEPvS3_+0xd5)[0x150eb0bd04ab]
[borgj179:216552] [13] /discover/nobackup/projects/gmao/SIteam/ESMF_Testing/nag_7.2.15_openmpi_O_develop/esmf/DEFAULTINSTALLDIR/lib/libO/Linux.nag.64.openmpi.default/libesmf.so(_ZN5ESMCI3VMK5enterEPNS_7VMKPlanEPvS3_+0xd5)[0x14bd0cb054ab]
[borgj179:216550] [13] /discover/nobackup/projects/gmao/SIteam/ESMF_Testing/nag_7.2.15_openmpi_O_develop/esmf/DEFAULTINSTALLDIR/lib/libO/Linux.nag.64.openmpi.default/libesmf.so(_ZN5ESMCI3VMK5enterEPNS_7VMKPlanEPvS3_+0xd5)[0x1526b91654ab]
[borgj179:216551] [13] /discover/nobackup/projects/gmao/SIteam/ESMF_Testing/nag_7.2.15_openmpi_O_develop/esmf/DEFAULTINSTALLDIR/lib/libO/Linux.nag.64.openmpi.default/libesmf.so(_ZN5ESMCI3VMK5enterEPNS_7VMKPlanEPvS3_+0xd5)[0x14cd206ff4ab]
[borgj179:216553] [13] /discover/nobackup/projects/gmao/SIteam/ESMF_Testing/nag_7.2.15_openmpi_O_develop/esmf/DEFAULTINSTALLDIR/lib/libO/Linux.nag.64.openmpi.default/libesmf.so(_ZN5ESMCI2VM5enterEPNS_6VMPlanEPvS3_+0xb7)[0x1526b914f3c5]
[borgj179:216551] [14] /discover/nobackup/projects/gmao/SIteam/ESMF_Testing/nag_7.2.15_openmpi_O_develop/esmf/DEFAULTINSTALLDIR/lib/libO/Linux.nag.64.openmpi.default/libesmf.so(_ZN5ESMCI2VM5enterEPNS_6VMPlanEPvS3_+0xb7)[0x150eb0bba3c5]
[borgj179:216552] [14] /discover/nobackup/projects/gmao/SIteam/ESMF_Testing/nag_7.2.15_openmpi_O_develop/esmf/DEFAULTINSTALLDIR/lib/libO/Linux.nag.64.openmpi.default/libesmf.so(_ZN5ESMCI2VM5enterEPNS_6VMPlanEPvS3_+0xb7)[0x14bd0caef3c5]
[borgj179:216550] [14] /discover/nobackup/projects/gmao/SIteam/ESMF_Testing/nag_7.2.15_openmpi_O_develop/esmf/DEFAULTINSTALLDIR/lib/libO/Linux.nag.64.openmpi.default/libesmf.so(_ZN5ESMCI2VM5enterEPNS_6VMPlanEPvS3_+0xb7)[0x14cd206e93c5]
[borgj179:216553] [14] /discover/nobackup/projects/gmao/SIteam/ESMF_Testing/nag_7.2.15_openmpi_O_develop/esmf/DEFAULTINSTALLDIR/lib/libO/Linux.nag.64.openmpi.default/libesmf.so(c_esmc_ftablecallentrypointvm_+0x35f)[0x14bd0c706255]
[borgj179:216550] [15] /discover/nobackup/projects/gmao/SIteam/ESMF_Testing/nag_7.2.15_openmpi_O_develop/esmf/DEFAULTINSTALLDIR/lib/libO/Linux.nag.64.openmpi.default/libesmf.so(c_esmc_ftablecallentrypointvm_+0x35f)[0x1526b8d66255]
[borgj179:216551] [15] /discover/nobackup/projects/gmao/SIteam/ESMF_Testing/nag_7.2.15_openmpi_O_develop/esmf/DEFAULTINSTALLDIR/lib/libO/Linux.nag.64.openmpi.default/libesmf.so(c_esmc_ftablecallentrypointvm_+0x35f)[0x150eb07d1255]
[borgj179:216552] [15] /discover/nobackup/projects/gmao/SIteam/ESMF_Testing/nag_7.2.15_openmpi_O_develop/esmf/DEFAULTINSTALLDIR/lib/libO/Linux.nag.64.openmpi.default/libesmf.so(c_esmc_ftablecallentrypointvm_+0x35f)[0x14cd20300255]
[borgj179:216553] [15] /discover/nobackup/projects/gmao/SIteam/ESMF_Testing/nag_7.2.15_openmpi_O_develop/esmf/DEFAULTINSTALLDIR/lib/libO/Linux.nag.64.openmpi.default/libesmf.so(esmf_compmod_MP_esmf_compexecute+0xa3d)[0x1526b93fbbb1]
[borgj179:216551] [16] /discover/nobackup/projects/gmao/SIteam/ESMF_Testing/nag_7.2.15_openmpi_O_develop/esmf/DEFAULTINSTALLDIR/lib/libO/Linux.nag.64.openmpi.default/libesmf.so(esmf_compmod_MP_esmf_compexecute+0xa3d)[0x14cd20995bb1]
[borgj179:216553] [16] /discover/nobackup/projects/gmao/SIteam/ESMF_Testing/nag_7.2.15_openmpi_O_develop/esmf/DEFAULTINSTALLDIR/lib/libO/Linux.nag.64.openmpi.default/libesmf.so(esmf_compmod_MP_esmf_compexecute+0xa3d)[0x150eb0e66bb1]
[borgj179:216552] [16] /discover/nobackup/projects/gmao/SIteam/ESMF_Testing/nag_7.2.15_openmpi_O_develop/esmf/DEFAULTINSTALLDIR/lib/libO/Linux.nag.64.openmpi.default/libesmf.so(esmf_compmod_MP_esmf_compexecute+0xa3d)[0x14bd0cd9bbb1]
[borgj179:216550] [16] /discover/nobackup/projects/gmao/SIteam/ESMF_Testing/nag_7.2.15_openmpi_O_develop/esmf/DEFAULTINSTALLDIR/lib/libO/Linux.nag.64.openmpi.default/libesmf.so(esmf_gridcompmod_MP_esmf_gridcompinitialize+0x176)[0x150eb11882e9]
[borgj179:216552] [17] ./esmApp[0x495ed0]
[borgj179:216552] [18] /discover/nobackup/projects/gmao/SIteam/ESMF_Testing/nag_7.2.15_openmpi_O_develop/esmf/DEFAULTINSTALLDIR/lib/libO/Linux.nag.64.openmpi.default/libesmf.so(esmf_gridcompmod_MP_esmf_gridcompinitialize+0x176)[0x1526b971d2e9]
[borgj179:216551] [17] ./esmApp[0x495ed0]
[borgj179:216551] [18] /discover/nobackup/projects/gmao/SIteam/ESMF_Testing/nag_7.2.15_openmpi_O_develop/esmf/DEFAULTINSTALLDIR/lib/libO/Linux.nag.64.openmpi.default/libesmf.so(esmf_gridcompmod_MP_esmf_gridcompinitialize+0x176)[0x14bd0d0bd2e9]
[borgj179:216550] [17] ./esmApp[0x495ed0]
[borgj179:216550] /discover/nobackup/projects/gmao/SIteam/ESMF_Testing/nag_7.2.15_openmpi_O_develop/esmf/DEFAULTINSTALLDIR/lib/libO/Linux.nag.64.openmpi.default/libesmf.so(esmf_gridcompmod_MP_esmf_gridcompinitialize+0x176)[0x14cd20cb72e9]
[borgj179:216553] [17] ./esmApp[0x495ed0]
[borgj179:216553] [18] [18] ./esmApp(__NAGf90_cosmp_init+0x123)[0x434663]
[borgj179:216551] [19] ./esmApp[0x495373]
[borgj179:216551] [20] ./esmApp(__NAGf90_cosmp_init+0x123)[0x434663]
[borgj179:216552] [19] ./esmApp[0x495373]
[borgj179:216552] [20] ./esmApp(__NAGf90_cosmp_init+0x123)[0x434663]
[borgj179:216553] [19] ./esmApp[0x495373]
[borgj179:216553] [20] /lib64/libc.so.6(__libc_start_main+0xef)[0x14cd1e4f224d]
[borgj179:216553] [21] ./esmApp(__NAGf90_cosmp_init+0x123)[0x434663]
[borgj179:216550] [19] ./esmApp[0x495373]
[borgj179:216550] [20] /lib64/libc.so.6(__libc_start_main+0xef)[0x14bd0a8f224d]
[borgj179:216550] [21] ./esmApp[0x40baca]
/lib64/libc.so.6(__libc_start_main+0xef)[0x1526b701a24d]
[borgj179:216551] [21] ./esmApp[0x40baca]
[borgj179:216551] *** End of error message ***
/lib64/libc.so.6(__libc_start_main+0xef)[0x150eaea3e24d]
[borgj179:216552] [21] ./esmApp[0x40baca]
[borgj179:216552] *** End of error message ***
./esmApp[0x40baca]
[borgj179:216553] *** End of error message ***
[borgj179:216550] *** End of error message ***
--------------------------------------------------------------------------
Primary job  terminated normally, but 1 process returned
a non-zero exit code. Per user-direction, the job has been aborted.
--------------------------------------------------------------------------
--------------------------------------------------------------------------
mpirun noticed that process rank 1 with PID 216551 on node borgj179 exited on signal 6 (Aborted).
--------------------------------------------------------------------------
