2024-10-16 22:53:10
Runtime Error: Expected integer liteRuntime Error: Expected integer literal constant in foral constant in format specificatiormat specificatioRuntime Error: Expected n
Program terminated by I/O error on internal file
n
Program terminated by I/O error on internal file
Runtime Error: Expecinteger literalted integer literal constant in format specification
Progr constant in format specification
Program terminated by I/am terminaO error ted by I/O error on internal file
on internal file
[borgj116:177326] *** Process received signal ***
[borgj116:177326] Signal: Aborted (6)
[borgj116:177326] Signal code:  (-6)
[borgj116:177327] *** Process received signal ***
[borgj116:177327] Signal: Aborted (6)
[borgj116:177327] Signal code:  (-6)
[borgj116:177324] *** Process received signal ***
[borgj116:177324] Signal: Aborted (6)
[borgj116:177324] Signal code:  (-6)
[borgj116:177325] *** Process received signal ***
[borgj116:177325] Signal: Aborted (6)
[borgj116:177325] Signal code:  (-6)
[borgj116:177327] [ 0] [borgj116:177326] [ 0] /lib64/libpthread.so.0(+0x16910)[0x1541a71f1910]
[borgj116:177326] [ 1] /lib64/libc.so.6(gsignal+0x10d)[0x1541a6707d2b]
[borgj116:177326] [ 2] /lib64/libpthread.so.0(+0x16910)[0x146290d1b910]
[borgj116:177327] [ 1] /lib64/libc.so.6(gsignal+0x10d)[0x146290453d2b]
[borgj116:177327] [ 2] /lib64/libc.so.6(abort+0x177)[0x1541a67093e5]
[borgj116:177326] [ 3] /lib64/libc.so.6(abort+0x177)[0x1462904553e5]
[borgj116:177327] [ 3] [borgj116:177324] [ 0] [borgj116:177325] [ 0] /lib64/libpthread.so.0(+0x16910)[0x14cbf52e3910]
[borgj116:177325] [ 1] ./externalApp(__NAGf90_io_abort+0x78)[0x45a498]
[borgj116:177326] [ 4] ./externalApp(__NAGf90_ioerr+0x1cd)[0x45aafd]
[borgj116:177326] [ 5] ./externalApp(__NAGf90_io_abort+0x78)[0x45a498]
[borgj116:177327] [ 4] ./externalApp(__NAGf90_ioerr+0x1cd)[0x45aafd]
[borgj116:177327] [ 5] /lib64/libpthread.so.0(+0x16910)[0x1536c8bb9910]
[borgj116:177324] [ 1] /lib64/libc.so.6(gsignal+0x10d)[0x1536c8107d2b]
[borgj116:177324] [ 2] /discover/nobackup/projects/gmao/SIteam/comp/SLES-15/nag/7.2.15/lib/NAG_Fortran/libf72rts.so.1(__NAGf90_maybe_next_edit+0xe19)[0x1462906aa629]
[borgj116:177327] [ 6] /lib64/libc.so.6(gsignal+0x10d)[0x14cbf4a53d2b]
[borgj116:177325] [ 2] /lib64/libc.so.6(abort+0x177)[0x14cbf4a553e5]
[borgj116:177325] [ 3] ./externalApp(__NAGf90_io_abort+0x78)[0x45a498]
[borgj116:177325] /discover/nobackup/projects/gmao/SIteam/comp/SLES-15/nag/7.2.15/lib/NAG_Fortran/libf72rts.so.1(__NAGf90_maybe_next_edit+0xe19)[0x1541a6aaa629]
[borgj116:177326] [ 6] /lib64/libc.so.6(abort+0x177)[0x1536c81093e5]
[borgj116:177324] [ 3] ./externalApp(__NAGf90_io_abort+0x78)[0x45a498]
[borgj116:177324] [ 4] ./externalApp(__NAGf90_ioerr+0x1cd)[0x45aafd]
[borgj116:177324] [ 5] [ 4] ./externalApp(__NAGf90_ioerr+0x1cd)[0x45aafd]
[borgj116:177325] [ 5] /discover/nobackup/projects/gmao/SIteam/comp/SLES-15/nag/7.2.15/lib/NAG_Fortran/libf72rts.so.1(__NAGf90_maybe_next_edit+0xe19)[0x1536c84aa629]
[borgj116:177324] [ 6] /discover/nobackup/projects/gmao/SIteam/comp/SLES-15/nag/7.2.15/lib/NAG_Fortran/libf72rts.so.1(__NAGf90_maybe_next_edit+0xe19)[0x14cbf4caa629]
[borgj116:177325] [ 6] /discover/nobackup/projects/gmao/SIteam/ESMF_Testing/nag_7.2.15_openmpi_O_develop/esmf/DEFAULTINSTALLDIR/lib/libO/Linux.nag.64.openmpi.default/libesmf.so(nuopc_driver_MP_initializeipdv02p5+0x4025)[0x1541a9407a60]
[borgj116:177326] [ 7] /discover/nobackup/projects/gmao/SIteam/ESMF_Testing/nag_7.2.15_openmpi_O_develop/esmf/DEFAULTINSTALLDIR/lib/libO/Linux.nag.64.openmpi.default/libesmf.so(nuopc_driver_MP_initializeipdv02p5+0x4025)[0x14629307da60]
[borgj116:177327] [ 7] /discover/nobackup/projects/gmao/SIteam/ESMF_Testing/nag_7.2.15_openmpi_O_develop/esmf/DEFAULTINSTALLDIR/lib/libO/Linux.nag.64.openmpi.default/libesmf.so(nuopc_driver_MP_initializeipdv02p5+0x4025)[0x14cbf7645a60]
[borgj116:177325] [ 7] /discover/nobackup/projects/gmao/SIteam/ESMF_Testing/nag_7.2.15_openmpi_O_develop/esmf/DEFAULTINSTALLDIR/lib/libO/Linux.nag.64.openmpi.default/libesmf.so(nuopc_driver_MP_initializeipdv02p5+0x4025)[0x1536cadcfa60]
[borgj116:177324] [ 7] /discover/nobackup/projects/gmao/SIteam/ESMF_Testing/nag_7.2.15_openmpi_O_develop/esmf/DEFAULTINSTALLDIR/lib/libO/Linux.nag.64.openmpi.default/libesmf.so(_ZN5ESMCI6FTable12callVFuncPtrEPKcPNS_2VMEPi+0xc55)[0x1541a8547e89]
[borgj116:177326] [ 8] /discover/nobackup/projects/gmao/SIteam/ESMF_Testing/nag_7.2.15_openmpi_O_develop/esmf/DEFAULTINSTALLDIR/lib/libO/Linux.nag.64.openmpi.default/libesmf.so(_ZN5ESMCI6FTable12callVFuncPtrEPKcPNS_2VMEPi+0xc55)[0x1462921bde89]
[borgj116:177327] [ 8] /discover/nobackup/projects/gmao/SIteam/ESMF_Testing/nag_7.2.15_openmpi_O_develop/esmf/DEFAULTINSTALLDIR/lib/libO/Linux.nag.64.openmpi.default/libesmf.so(_ZN5ESMCI6FTable12callVFuncPtrEPKcPNS_2VMEPi+0xc55)[0x1536c9f0fe89]
[borgj116:177324] [ 8] /discover/nobackup/projects/gmao/SIteam/ESMF_Testing/nag_7.2.15_openmpi_O_develop/esmf/DEFAULTINSTALLDIR/lib/libO/Linux.nag.64.openmpi.default/libesmf.so(_ZN5ESMCI6FTable12callVFuncPtrEPKcPNS_2VMEPi+0xc55)[0x14cbf6785e89]
[borgj116:177325] [ 8] /discover/nobackup/projects/gmao/SIteam/ESMF_Testing/nag_7.2.15_openmpi_O_develop/esmf/DEFAULTINSTALLDIR/lib/libO/Linux.nag.64.openmpi.default/libesmf.so(ESMCI_FTableCallEntryPointVMHop+0x32e)[0x1541a8544f5c]
[borgj116:177326] [ 9] /discover/nobackup/projects/gmao/SIteam/ESMF_Testing/nag_7.2.15_openmpi_O_develop/esmf/DEFAULTINSTALLDIR/lib/libO/Linux.nag.64.openmpi.default/libesmf.so(ESMCI_FTableCallEntryPointVMHop+0x32e)[0x1462921baf5c]
[borgj116:177327] [ 9] /discover/nobackup/projects/gmao/SIteam/ESMF_Testing/nag_7.2.15_openmpi_O_develop/esmf/DEFAULTINSTALLDIR/lib/libO/Linux.nag.64.openmpi.default/libesmf.so(ESMCI_FTableCallEntryPointVMHop+0x32e)[0x1536c9f0cf5c]
[borgj116:177324] [ 9] /discover/nobackup/projects/gmao/SIteam/ESMF_Testing/nag_7.2.15_openmpi_O_develop/esmf/DEFAULTINSTALLDIR/lib/libO/Linux.nag.64.openmpi.default/libesmf.so(ESMCI_FTableCallEntryPointVMHop+0x32e)[0x14cbf6782f5c]
[borgj116:177325] [ 9] /discover/nobackup/projects/gmao/SIteam/ESMF_Testing/nag_7.2.15_openmpi_O_develop/esmf/DEFAULTINSTALLDIR/lib/libO/Linux.nag.64.openmpi.default/libesmf.so(_ZN5ESMCI3VMK5enterEPNS_7VMKPlanEPvS3_+0xd5)[0x1541a894464b]
[borgj116:177326] [10] /discover/nobackup/projects/gmao/SIteam/ESMF_Testing/nag_7.2.15_openmpi_O_develop/esmf/DEFAULTINSTALLDIR/lib/libO/Linux.nag.64.openmpi.default/libesmf.so(_ZN5ESMCI3VMK5enterEPNS_7VMKPlanEPvS3_+0xd5)[0x1462925ba64b]
[borgj116:177327] [10] /discover/nobackup/projects/gmao/SIteam/ESMF_Testing/nag_7.2.15_openmpi_O_develop/esmf/DEFAULTINSTALLDIR/lib/libO/Linux.nag.64.openmpi.default/libesmf.so(_ZN5ESMCI3VMK5enterEPNS_7VMKPlanEPvS3_+0xd5)[0x1536ca30c64b]
[borgj116:177324] [10] /discover/nobackup/projects/gmao/SIteam/ESMF_Testing/nag_7.2.15_openmpi_O_develop/esmf/DEFAULTINSTALLDIR/lib/libO/Linux.nag.64.openmpi.default/libesmf.so(_ZN5ESMCI3VMK5enterEPNS_7VMKPlanEPvS3_+0xd5)[0x14cbf6b8264b]
[borgj116:177325] [10] /discover/nobackup/projects/gmao/SIteam/ESMF_Testing/nag_7.2.15_openmpi_O_develop/esmf/DEFAULTINSTALLDIR/lib/libO/Linux.nag.64.openmpi.default/libesmf.so(_ZN5ESMCI2VM5enterEPNS_6VMPlanEPvS3_+0xb7)[0x1462925a4565]
[borgj116:177327] [11] /discover/nobackup/projects/gmao/SIteam/ESMF_Testing/nag_7.2.15_openmpi_O_develop/esmf/DEFAULTINSTALLDIR/lib/libO/Linux.nag.64.openmpi.default/libesmf.so(_ZN5ESMCI2VM5enterEPNS_6VMPlanEPvS3_+0xb7)[0x1541a892e565]
[borgj116:177326] [11] /discover/nobackup/projects/gmao/SIteam/ESMF_Testing/nag_7.2.15_openmpi_O_develop/esmf/DEFAULTINSTALLDIR/lib/libO/Linux.nag.64.openmpi.default/libesmf.so(_ZN5ESMCI2VM5enterEPNS_6VMPlanEPvS3_+0xb7)[0x14cbf6b6c565]
[borgj116:177325] [11] /discover/nobackup/projects/gmao/SIteam/ESMF_Testing/nag_7.2.15_openmpi_O_develop/esmf/DEFAULTINSTALLDIR/lib/libO/Linux.nag.64.openmpi.default/libesmf.so(_ZN5ESMCI2VM5enterEPNS_6VMPlanEPvS3_+0xb7)[0x1536ca2f6565]
[borgj116:177324] [11] /discover/nobackup/projects/gmao/SIteam/ESMF_Testing/nag_7.2.15_openmpi_O_develop/esmf/DEFAULTINSTALLDIR/lib/libO/Linux.nag.64.openmpi.default/libesmf.so(c_esmc_ftablecallentrypointvm_+0x35f)[0x1541a85453f5]
[borgj116:177326] [12] /discover/nobackup/projects/gmao/SIteam/ESMF_Testing/nag_7.2.15_openmpi_O_develop/esmf/DEFAULTINSTALLDIR/lib/libO/Linux.nag.64.openmpi.default/libesmf.so(c_esmc_ftablecallentrypointvm_+0x35f)[0x1462921bb3f5]
[borgj116:177327] [12] /discover/nobackup/projects/gmao/SIteam/ESMF_Testing/nag_7.2.15_openmpi_O_develop/esmf/DEFAULTINSTALLDIR/lib/libO/Linux.nag.64.openmpi.default/libesmf.so(c_esmc_ftablecallentrypointvm_+0x35f)[0x14cbf67833f5]
[borgj116:177325] [12] /discover/nobackup/projects/gmao/SIteam/ESMF_Testing/nag_7.2.15_openmpi_O_develop/esmf/DEFAULTINSTALLDIR/lib/libO/Linux.nag.64.openmpi.default/libesmf.so(c_esmc_ftablecallentrypointvm_+0x35f)[0x1536c9f0d3f5]
[borgj116:177324] [12] /discover/nobackup/projects/gmao/SIteam/ESMF_Testing/nag_7.2.15_openmpi_O_develop/esmf/DEFAULTINSTALLDIR/lib/libO/Linux.nag.64.openmpi.default/libesmf.so(esmf_compmod_MP_esmf_compexecute+0xa6b)[0x14629285318e]
[borgj116:177327] [13] /discover/nobackup/projects/gmao/SIteam/ESMF_Testing/nag_7.2.15_openmpi_O_develop/esmf/DEFAULTINSTALLDIR/lib/libO/Linux.nag.64.openmpi.default/libesmf.so(esmf_compmod_MP_esmf_compexecute+0xa6b)[0x1541a8bdd18e]
[borgj116:177326] [13] /discover/nobackup/projects/gmao/SIteam/ESMF_Testing/nag_7.2.15_openmpi_O_develop/esmf/DEFAULTINSTALLDIR/lib/libO/Linux.nag.64.openmpi.default/libesmf.so(esmf_compmod_MP_esmf_compexecute+0xa6b)[0x14cbf6e1b18e]
[borgj116:177325] [13] /discover/nobackup/projects/gmao/SIteam/ESMF_Testing/nag_7.2.15_openmpi_O_develop/esmf/DEFAULTINSTALLDIR/lib/libO/Linux.nag.64.openmpi.default/libesmf.so(esmf_compmod_MP_esmf_compexecute+0xa6b)[0x1536ca5a518e]
[borgj116:177324] [13] /discover/nobackup/projects/gmao/SIteam/ESMF_Testing/nag_7.2.15_openmpi_O_develop/esmf/DEFAULTINSTALLDIR/lib/libO/Linux.nag.64.openmpi.default/libesmf.so(esmf_gridcompmod_MP_esmf_gridcompinitialize+0x176)[0x146292b747e5]
[borgj116:177327] [14] ./externalApp[0x496942]
[borgj116:177327] [15] /discover/nobackup/projects/gmao/SIteam/ESMF_Testing/nag_7.2.15_openmpi_O_develop/esmf/DEFAULTINSTALLDIR/lib/libO/Linux.nag.64.openmpi.default/libesmf.so(esmf_gridcompmod_MP_esmf_gridcompinitialize+0x176)[0x1541a8efe7e5]
[borgj116:177326] [14] ./externalApp(__NAGf90_cosmp_init+0x123)[0x434703]
[borgj116:177327] [16] ./externalApp[0x495413]
[borgj116:177327] [17] ./externalApp[0x496942]
[borgj116:177326] [15] ./externalApp(__NAGf90_cosmp_init+0x123)[0x434703]
[borgj116:177326] [16] ./externalApp[0x495413]
[borgj116:177326] [17] /lib64/libc.so.6(__libc_start_main+0xef)[0x1541a66f224d]
[borgj116:177326] [18] /lib64/libc.so.6(__libc_start_main+0xef)[0x14629043e24d]
[borgj116:177327] [18] ./externalApp[0x40bb6a]
[borgj116:177327] *** End of error message ***
./externalApp[0x40bb6a]
[borgj116:177326] *** End of error message ***
/discover/nobackup/projects/gmao/SIteam/ESMF_Testing/nag_7.2.15_openmpi_O_develop/esmf/DEFAULTINSTALLDIR/lib/libO/Linux.nag.64.openmpi.default/libesmf.so(esmf_gridcompmod_MP_esmf_gridcompinitialize+0x176)[0x1536ca8c67e5]
[borgj116:177324] [14] ./externalApp[0x496942]
[borgj116:177324] [15] /discover/nobackup/projects/gmao/SIteam/ESMF_Testing/nag_7.2.15_openmpi_O_develop/esmf/DEFAULTINSTALLDIR/lib/libO/Linux.nag.64.openmpi.default/libesmf.so(esmf_gridcompmod_MP_esmf_gridcompinitialize+0x176)[0x14cbf713c7e5]
[borgj116:177325] [14] ./externalApp[0x496942]
[borgj116:177325] [15] ./externalApp(__NAGf90_cosmp_init+0x123)[0x434703]
[borgj116:177325] [16] ./externalApp[0x495413]
./externalApp(__NAGf90_cosmp_init+0x123)[0x434703]
[borgj116:177324] [16] [borgj116:177325] [17] ./externalApp[0x495413]
[borgj116:177324] [17] /lib64/libc.so.6(__libc_start_main+0xef)[0x1536c80f224d]
[borgj116:177324] [18] ./externalApp[0x40bb6a]
/lib64/libc.so.6(__libc_start_main+0xef)[0x14cbf4a3e24d]
[borgj116:177325] [18] ./externalApp[0x40bb6a]
[borgj116:177325] *** End of error message ***
[borgj116:177324] *** End of error message ***
--------------------------------------------------------------------------
Primary job  terminated normally, but 1 process returned
a non-zero exit code. Per user-direction, the job has been aborted.
--------------------------------------------------------------------------
--------------------------------------------------------------------------
mpirun noticed that process rank 2 with PID 177326 on node borgj116 exited on signal 6 (Aborted).
--------------------------------------------------------------------------
