2024-10-17 22:40:11
Runtime Error: Expected intRuntime Error: Expected integer literal constanteger literal constant in forma in format specification
Program terminated by I/O error on internal file
t specification
Program terminated by I/O error on internal file
Runtime Error: ExpRuntime Error: ected inteExpecteger literal constant in format specification
d integer literal constant in format specificatiProgram ton
Pro[borgk189:121513] *** Process received signal ***
[borgk189:121513] Signal: Aborted (6)
[borgk189:121513] Signal code:  (-6)
erminated by I/O error on internal file
[borgk189:121514] *** Process received signal ***
[borgk189:121514] Signal: Aborted (6)
[borgk189:121514] Signal code:  (-6)
gram terminated by I/O error on internal file
[borgk189:121513] [ 0] [borgk189:121514] [ 0] /lib64/libpthread.so.0(+0x16910)[0x14e9eb2db910]
[borgk189:121514] [ 1] [borgk189:121511] *** Process received signal ***
/lib64/libc.so.6(gsignal+0x10d)[0x14e9eaa53d2b]
[borgk189:121514] [ 2] /lib64/libpthread.so.0(+0x16910)[0x15202bf06910]
[borgk189:121513] [ 1] /lib64/libc.so.6(gsignal+0x10d)[0x15202b653d2b]
[borgk189:121513] [borgk189:121512] *** Process received signal ***
[borgk189:121511] Signal: Aborted (6)
[borgk189:121511] Signal code:  (-6)
[ 2] /lib64/libc.so.6(abort+0x177)[0x14e9eaa553e5]
[borgk189:121514] [ 3] ./externalApp(__NAGf90_io_abort+0x78)[0x45aa88]
[borgk189:121514] [ 4] ./externalApp(__NAGf90_ioerr+0x1cd)[0x45b0ed]
[borgk189:121514] [ 5] [borgk189:121512] Signal: Aborted (6)
[borgk189:121512] Signal code:  (-6)
/lib64/libc.so.6(abort+0x177)[0x15202b6553e5]
[borgk189:121513] [ 3] ./externalApp(__NAGf90_io_abort+0x78)[0x45aa88]
[borgk189:121513] [ 4] ./externalApp(__NAGf90_ioerr+0x1cd)[0x45b0ed]
[borgk189:121513] [ 5] /discover/nobackup/projects/gmao/SIteam/comp/SLES-15/nag/7.2.15/lib/NAG_Fortran/libf72rts.so.1(__NAGf90_maybe_next_edit+0xe19)[0x14e9eacaa629]
[borgk189:121514] [ 6] /discover/nobackup/projects/gmao/SIteam/comp/SLES-15/nag/7.2.15/lib/NAG_Fortran/libf72rts.so.1(__NAGf90_maybe_next_edit+0xe19)[0x15202b8aa629]
[borgk189:121513] [ 6] [borgk189:121511] [ 0] [borgk189:121512] [ 0] /lib64/libpthread.so.0(+0x16910)[0x152aa01c7910]
[borgk189:121511] [ 1] /lib64/libpthread.so.0(+0x16910)[0x1542280e7910]
[borgk189:121512] [ 1] /lib64/libc.so.6(gsignal+0x10d)[0x152a9f707d2b]
[borgk189:121511] [ 2] /lib64/libc.so.6(gsignal+0x10d)[0x154227707d2b]
[borgk189:121512] [ 2] /lib64/libc.so.6(abort+0x177)[0x152a9f7093e5]
[borgk189:121511] [ 3] ./externalApp(__NAGf90_io_abort+0x78)[0x45aa88]
[borgk189:121511] [ 4] ./externalApp(__NAGf90_ioerr+0x1cd)[0x45b0ed]
[borgk189:121511] [ 5] /lib64/libc.so.6(abort+0x177)[0x1542277093e5]
[borgk189:121512] [ 3] ./externalApp(__NAGf90_io_abort+0x78)[0x45aa88]
[borgk189:121512] [ 4] ./externalApp(__NAGf90_ioerr+0x1cd)[0x45b0ed]
[borgk189:121512] [ 5] /discover/nobackup/projects/gmao/SIteam/comp/SLES-15/nag/7.2.15/lib/NAG_Fortran/libf72rts.so.1(__NAGf90_maybe_next_edit+0xe19)[0x152a9faaa629]
[borgk189:121511] [ 6] /discover/nobackup/projects/gmao/SIteam/comp/SLES-15/nag/7.2.15/lib/NAG_Fortran/libf72rts.so.1(__NAGf90_maybe_next_edit+0xe19)[0x154227aaa629]
[borgk189:121512] [ 6] /discover/nobackup/projects/gmao/SIteam/ESMF_Testing/nag_7.2.15_openmpi_O_develop/esmf/DEFAULTINSTALLDIR/lib/libO/Linux.nag.64.openmpi.default/libesmf.so(nuopc_driver_MP_initializeipdv02p5+0x4025)[0x15202e268a60]
[borgk189:121513] [ 7] /discover/nobackup/projects/gmao/SIteam/ESMF_Testing/nag_7.2.15_openmpi_O_develop/esmf/DEFAULTINSTALLDIR/lib/libO/Linux.nag.64.openmpi.default/libesmf.so(nuopc_driver_MP_initializeipdv02p5+0x4025)[0x14e9ed63da60]
[borgk189:121514] [ 7] /discover/nobackup/projects/gmao/SIteam/ESMF_Testing/nag_7.2.15_openmpi_O_develop/esmf/DEFAULTINSTALLDIR/lib/libO/Linux.nag.64.openmpi.default/libesmf.so(nuopc_driver_MP_initializeipdv02p5+0x4025)[0x152aa23dda60]
[borgk189:121511] [ 7] /discover/nobackup/projects/gmao/SIteam/ESMF_Testing/nag_7.2.15_openmpi_O_develop/esmf/DEFAULTINSTALLDIR/lib/libO/Linux.nag.64.openmpi.default/libesmf.so(nuopc_driver_MP_initializeipdv02p5+0x4025)[0x15422a2fda60]
[borgk189:121512] [ 7] /discover/nobackup/projects/gmao/SIteam/ESMF_Testing/nag_7.2.15_openmpi_O_develop/esmf/DEFAULTINSTALLDIR/lib/libO/Linux.nag.64.openmpi.default/libesmf.so(_ZN5ESMCI6FTable12callVFuncPtrEPKcPNS_2VMEPi+0xc55)[0x14e9ec77de89]
[borgk189:121514] [ 8] /discover/nobackup/projects/gmao/SIteam/ESMF_Testing/nag_7.2.15_openmpi_O_develop/esmf/DEFAULTINSTALLDIR/lib/libO/Linux.nag.64.openmpi.default/libesmf.so(_ZN5ESMCI6FTable12callVFuncPtrEPKcPNS_2VMEPi+0xc55)[0x15202d3a8e89]
[borgk189:121513] [ 8] /discover/nobackup/projects/gmao/SIteam/ESMF_Testing/nag_7.2.15_openmpi_O_develop/esmf/DEFAULTINSTALLDIR/lib/libO/Linux.nag.64.openmpi.default/libesmf.so(_ZN5ESMCI6FTable12callVFuncPtrEPKcPNS_2VMEPi+0xc55)[0x152aa151de89]
[borgk189:121511] [ 8] /discover/nobackup/projects/gmao/SIteam/ESMF_Testing/nag_7.2.15_openmpi_O_develop/esmf/DEFAULTINSTALLDIR/lib/libO/Linux.nag.64.openmpi.default/libesmf.so(_ZN5ESMCI6FTable12callVFuncPtrEPKcPNS_2VMEPi+0xc55)[0x15422943de89]
[borgk189:121512] [ 8] /discover/nobackup/projects/gmao/SIteam/ESMF_Testing/nag_7.2.15_openmpi_O_develop/esmf/DEFAULTINSTALLDIR/lib/libO/Linux.nag.64.openmpi.default/libesmf.so(ESMCI_FTableCallEntryPointVMHop+0x32e)[0x15202d3a5f5c]
[borgk189:121513] [ 9] /discover/nobackup/projects/gmao/SIteam/ESMF_Testing/nag_7.2.15_openmpi_O_develop/esmf/DEFAULTINSTALLDIR/lib/libO/Linux.nag.64.openmpi.default/libesmf.so(ESMCI_FTableCallEntryPointVMHop+0x32e)[0x14e9ec77af5c]
[borgk189:121514] [ 9] /discover/nobackup/projects/gmao/SIteam/ESMF_Testing/nag_7.2.15_openmpi_O_develop/esmf/DEFAULTINSTALLDIR/lib/libO/Linux.nag.64.openmpi.default/libesmf.so(ESMCI_FTableCallEntryPointVMHop+0x32e)[0x152aa151af5c]
[borgk189:121511] [ 9] /discover/nobackup/projects/gmao/SIteam/ESMF_Testing/nag_7.2.15_openmpi_O_develop/esmf/DEFAULTINSTALLDIR/lib/libO/Linux.nag.64.openmpi.default/libesmf.so(ESMCI_FTableCallEntryPointVMHop+0x32e)[0x15422943af5c]
[borgk189:121512] [ 9] /discover/nobackup/projects/gmao/SIteam/ESMF_Testing/nag_7.2.15_openmpi_O_develop/esmf/DEFAULTINSTALLDIR/lib/libO/Linux.nag.64.openmpi.default/libesmf.so(_ZN5ESMCI3VMK5enterEPNS_7VMKPlanEPvS3_+0xd5)[0x14e9ecb7a64b]
[borgk189:121514] [10] /discover/nobackup/projects/gmao/SIteam/ESMF_Testing/nag_7.2.15_openmpi_O_develop/esmf/DEFAULTINSTALLDIR/lib/libO/Linux.nag.64.openmpi.default/libesmf.so(_ZN5ESMCI3VMK5enterEPNS_7VMKPlanEPvS3_+0xd5)[0x15202d7a564b]
[borgk189:121513] [10] /discover/nobackup/projects/gmao/SIteam/ESMF_Testing/nag_7.2.15_openmpi_O_develop/esmf/DEFAULTINSTALLDIR/lib/libO/Linux.nag.64.openmpi.default/libesmf.so(_ZN5ESMCI3VMK5enterEPNS_7VMKPlanEPvS3_+0xd5)[0x152aa191a64b]
[borgk189:121511] [10] /discover/nobackup/projects/gmao/SIteam/ESMF_Testing/nag_7.2.15_openmpi_O_develop/esmf/DEFAULTINSTALLDIR/lib/libO/Linux.nag.64.openmpi.default/libesmf.so(_ZN5ESMCI3VMK5enterEPNS_7VMKPlanEPvS3_+0xd5)[0x15422983a64b]
[borgk189:121512] [10] /discover/nobackup/projects/gmao/SIteam/ESMF_Testing/nag_7.2.15_openmpi_O_develop/esmf/DEFAULTINSTALLDIR/lib/libO/Linux.nag.64.openmpi.default/libesmf.so(_ZN5ESMCI2VM5enterEPNS_6VMPlanEPvS3_+0xb7)[0x14e9ecb64565]
[borgk189:121514] [11] /discover/nobackup/projects/gmao/SIteam/ESMF_Testing/nag_7.2.15_openmpi_O_develop/esmf/DEFAULTINSTALLDIR/lib/libO/Linux.nag.64.openmpi.default/libesmf.so(_ZN5ESMCI2VM5enterEPNS_6VMPlanEPvS3_+0xb7)[0x15202d78f565]
[borgk189:121513] [11] /discover/nobackup/projects/gmao/SIteam/ESMF_Testing/nag_7.2.15_openmpi_O_develop/esmf/DEFAULTINSTALLDIR/lib/libO/Linux.nag.64.openmpi.default/libesmf.so(_ZN5ESMCI2VM5enterEPNS_6VMPlanEPvS3_+0xb7)[0x152aa1904565]
[borgk189:121511] [11] /discover/nobackup/projects/gmao/SIteam/ESMF_Testing/nag_7.2.15_openmpi_O_develop/esmf/DEFAULTINSTALLDIR/lib/libO/Linux.nag.64.openmpi.default/libesmf.so(_ZN5ESMCI2VM5enterEPNS_6VMPlanEPvS3_+0xb7)[0x154229824565]
[borgk189:121512] [11] /discover/nobackup/projects/gmao/SIteam/ESMF_Testing/nag_7.2.15_openmpi_O_develop/esmf/DEFAULTINSTALLDIR/lib/libO/Linux.nag.64.openmpi.default/libesmf.so(c_esmc_ftablecallentrypointvm_+0x35f)[0x14e9ec77b3f5]
[borgk189:121514] [12] /discover/nobackup/projects/gmao/SIteam/ESMF_Testing/nag_7.2.15_openmpi_O_develop/esmf/DEFAULTINSTALLDIR/lib/libO/Linux.nag.64.openmpi.default/libesmf.so(c_esmc_ftablecallentrypointvm_+0x35f)[0x15202d3a63f5]
[borgk189:121513] [12] /discover/nobackup/projects/gmao/SIteam/ESMF_Testing/nag_7.2.15_openmpi_O_develop/esmf/DEFAULTINSTALLDIR/lib/libO/Linux.nag.64.openmpi.default/libesmf.so(c_esmc_ftablecallentrypointvm_+0x35f)[0x152aa151b3f5]
[borgk189:121511] [12] /discover/nobackup/projects/gmao/SIteam/ESMF_Testing/nag_7.2.15_openmpi_O_develop/esmf/DEFAULTINSTALLDIR/lib/libO/Linux.nag.64.openmpi.default/libesmf.so(c_esmc_ftablecallentrypointvm_+0x35f)[0x15422943b3f5]
[borgk189:121512] [12] /discover/nobackup/projects/gmao/SIteam/ESMF_Testing/nag_7.2.15_openmpi_O_develop/esmf/DEFAULTINSTALLDIR/lib/libO/Linux.nag.64.openmpi.default/libesmf.so(esmf_compmod_MP_esmf_compexecute+0xa6b)[0x14e9ece1318e]
[borgk189:121514] [13] /discover/nobackup/projects/gmao/SIteam/ESMF_Testing/nag_7.2.15_openmpi_O_develop/esmf/DEFAULTINSTALLDIR/lib/libO/Linux.nag.64.openmpi.default/libesmf.so(esmf_compmod_MP_esmf_compexecute+0xa6b)[0x15202da3e18e]
[borgk189:121513] [13] /discover/nobackup/projects/gmao/SIteam/ESMF_Testing/nag_7.2.15_openmpi_O_develop/esmf/DEFAULTINSTALLDIR/lib/libO/Linux.nag.64.openmpi.default/libesmf.so(esmf_compmod_MP_esmf_compexecute+0xa6b)[0x152aa1bb318e]
[borgk189:121511] [13] /discover/nobackup/projects/gmao/SIteam/ESMF_Testing/nag_7.2.15_openmpi_O_develop/esmf/DEFAULTINSTALLDIR/lib/libO/Linux.nag.64.openmpi.default/libesmf.so(esmf_compmod_MP_esmf_compexecute+0xa6b)[0x154229ad318e]
[borgk189:121512] [13] /discover/nobackup/projects/gmao/SIteam/ESMF_Testing/nag_7.2.15_openmpi_O_develop/esmf/DEFAULTINSTALLDIR/lib/libO/Linux.nag.64.openmpi.default/libesmf.so(esmf_gridcompmod_MP_esmf_gridcompinitialize+0x176)[0x14e9ed1347e5]
[borgk189:121514] [14] ./externalApp[0x497f3d]
[borgk189:121514] [15] ./externalApp[0x4961bc]
[borgk189:121514] [16] ./externalApp[0x495ba8]
[borgk189:121514] [17] ./externalApp(__NAGf90_cosmp_init+0x123)[0x434cf3]
[borgk189:121514] [18] ./externalApp[0x495a03]
[borgk189:121514] /discover/nobackup/projects/gmao/SIteam/ESMF_Testing/nag_7.2.15_openmpi_O_develop/esmf/DEFAULTINSTALLDIR/lib/libO/Linux.nag.64.openmpi.default/libesmf.so(esmf_gridcompmod_MP_esmf_gridcompinitialize+0x176)[0x15202dd5f7e5]
[borgk189:121513] [14] ./externalApp[0x497f3d]
[borgk189:121513] [15] ./externalApp[0x4961bc]
[borgk189:121513] [16] [19] ./externalApp[0x495ba8]
[borgk189:121513] [17] /lib64/libc.so.6(__libc_start_main+0xef)[0x14e9eaa3e24d]
[borgk189:121514] [20] ./externalApp[0x40c15a]
[borgk189:121514] *** End of error message ***
./externalApp(__NAGf90_cosmp_init+0x123)[0x434cf3]
[borgk189:121513] [18] ./externalApp[0x495a03]
[borgk189:121513] [19] /lib64/libc.so.6(__libc_start_main+0xef)[0x15202b63e24d]
[borgk189:121513] [20] ./externalApp[0x40c15a]
[borgk189:121513] *** End of error message ***
/discover/nobackup/projects/gmao/SIteam/ESMF_Testing/nag_7.2.15_openmpi_O_develop/esmf/DEFAULTINSTALLDIR/lib/libO/Linux.nag.64.openmpi.default/libesmf.so(esmf_gridcompmod_MP_esmf_gridcompinitialize+0x176)[0x152aa1ed47e5]
[borgk189:121511] [14] ./externalApp[0x497f3d]
[borgk189:121511] [15] /discover/nobackup/projects/gmao/SIteam/ESMF_Testing/nag_7.2.15_openmpi_O_develop/esmf/DEFAULTINSTALLDIR/lib/libO/Linux.nag.64.openmpi.default/libesmf.so(esmf_gridcompmod_MP_esmf_gridcompinitialize+0x176)[0x154229df47e5]
[borgk189:121512] [14] ./externalApp[0x497f3d]
[borgk189:121512] [15] ./externalApp[0x495d8e]
[borgk189:121511] [16] ./externalApp[0x495b5d]
[borgk189:121511] [17] ./externalApp[0x495d8e]
[borgk189:121512] [16] ./externalApp[0x495b5d]
[borgk189:121512] [17] ./externalApp(__NAGf90_cosmp_init+0x123)[0x434cf3]
[borgk189:121512] [18] ./externalApp[0x495a03]
[borgk189:121512] [19] ./externalApp(__NAGf90_cosmp_init+0x123)[0x434cf3]
[borgk189:121511] [18] ./externalApp[0x495a03]
[borgk189:121511] [19] /lib64/libc.so.6(__libc_start_main+0xef)[0x152a9f6f224d]
[borgk189:121511] [20] /lib64/libc.so.6(__libc_start_main+0xef)[0x1542276f224d]
[borgk189:121512] [20] ./externalApp[0x40c15a]
[borgk189:121512] *** End of error message ***
./externalApp[0x40c15a]
[borgk189:121511] *** End of error message ***
--------------------------------------------------------------------------
Primary job  terminated normally, but 1 process returned
a non-zero exit code. Per user-direction, the job has been aborted.
--------------------------------------------------------------------------
--------------------------------------------------------------------------
mpirun noticed that process rank 3 with PID 121514 on node borgk189 exited on signal 6 (Aborted).
--------------------------------------------------------------------------
