2024-10-11 22:38:23
Runtime Error: Unexpected end ofRuntime Error: Unexpected end of format specification
PrRuntime Error: Unexpected end of format specification
ProgrRuntime Error: Unexpected end of format specification
Program terminam terminated by Iogram terminated by I/O error o format specification
Program terminated by I/O errated by I/O error on internal n internal file
file
or on internal file
/O error on internal file
[borgk077:105116] *** Process received signal ***
[borgk077:105116] Signal: Aborted (6)
[borgk077:105116] Signal code:  (-6)
[borgk077:105117] *** Process received signal ***
[borgk077:105117] Signal: Aborted (6)
[borgk077:105117] Signal code:  (-6)
[borgk077:105114] *** Process received signal ***
[borgk077:105114] Signal: Aborted (6)
[borgk077:105114] Signal code:  (-6)
[borgk077:105115] *** Process received signal ***
[borgk077:105115] Signal: Aborted (6)
[borgk077:105115] Signal code:  (-6)
[borgk077:105117] [ 0] /lib64/libpthread.so.0(+0x16910)[0x14a5898a6910]
[borgk077:105117] [ 1] [borgk077:105114] [ 0] /lib64/libpthread.so.0(+0x16910)[0x14b6deff2910]
[borgk077:105114] [ 1] /lib64/libc.so.6(gsignal+0x10d)[0x14b6dee2fd2b]
[borgk077:105114] [ 2] [borgk077:105116] [ 0] /lib64/libpthread.so.0(+0x16910)[0x149488edb910]
[borgk077:105116] [ 1] /lib64/libc.so.6(gsignal+0x10d)[0x149488653d2b]
[borgk077:105116] [ 2] [borgk077:105115] [ 0] /lib64/libpthread.so.0(+0x16910)[0x14eb0ebcd910]
[borgk077:105115] [ 1] /lib64/libc.so.6(gsignal+0x10d)[0x14eb0e107d2b]
[borgk077:105115] [ 2] /lib64/libc.so.6(gsignal+0x10d)[0x14a5896e3d2b]
[borgk077:105117] [ 2] /lib64/libc.so.6(abort+0x177)[0x14a5896e53e5]
[borgk077:105117] [ 3] ./app(__NAGf90_io_abort+0x78)[0x45ab48]
[borgk077:105117] [ 4] ./app(__NAGf90_ioerr+0x1cd)[0x45b1ad]
[borgk077:105117] [ 5] /lib64/libc.so.6(abort+0x177)[0x1494886553e5]
[borgk077:105116] [ 3] ./app(__NAGf90_io_abort+0x78)[0x45ab48]
[borgk077:105116] [ 4] ./app(__NAGf90_ioerr+0x1cd)[0x45b1ad]
[borgk077:105116] [ 5] /lib64/libc.so.6(abort+0x177)[0x14eb0e1093e5]
[borgk077:105115] [ 3] ./app(__NAGf90_io_abort+0x78)[0x45ab48]
[borgk077:105115] [ 4] ./app(__NAGf90_ioerr+0x1cd)[0x45b1ad]
[borgk077:105115] [ 5] /lib64/libc.so.6(abort+0x177)[0x14b6dee313e5]
[borgk077:105114] [ 3] ./app(__NAGf90_io_abort+0x78)[0x45ab48]
[borgk077:105114] [ 4] ./app(__NAGf90_ioerr+0x1cd)[0x45b1ad]
[borgk077:105114] [ 5] /discover/nobackup/projects/gmao/SIteam/comp/SLES-15/nag/7.2.15/lib/NAG_Fortran/libf72rts.so.1(__NAGf90_maybe_next_edit+0xe19)[0x14b6df0aa629]
[borgk077:105114] [ 6] /discover/nobackup/projects/gmao/SIteam/comp/SLES-15/nag/7.2.15/lib/NAG_Fortran/libf72rts.so.1(__NAGf90_maybe_next_edit+0xe19)[0x14a589aaa629]
[borgk077:105117] [ 6] /discover/nobackup/projects/gmao/SIteam/comp/SLES-15/nag/7.2.15/lib/NAG_Fortran/libf72rts.so.1(__NAGf90_maybe_next_edit+0xe19)[0x1494888aa629]
[borgk077:105116] [ 6] /discover/nobackup/projects/gmao/SIteam/comp/SLES-15/nag/7.2.15/lib/NAG_Fortran/libf72rts.so.1(__NAGf90_maybe_next_edit+0xe19)[0x14eb0e4aa629]
[borgk077:105115] [ 6] /discover/nobackup/projects/gmao/SIteam/ESMF_Testing/nag_7.2.15_openmpi_O_develop/esmf/DEFAULTINSTALLDIR/lib/libO/Linux.nag.64.openmpi.default/libesmf.so(nuopc_driver_MP_loopdatadependentinitialize+0x3aef)[0x14b6e1a1a4c0]
[borgk077:105114] [ 7] /discover/nobackup/projects/gmao/SIteam/ESMF_Testing/nag_7.2.15_openmpi_O_develop/esmf/DEFAULTINSTALLDIR/lib/libO/Linux.nag.64.openmpi.default/libesmf.so(nuopc_driver_MP_loopdatadependentinitialize+0x3aef)[0x14a58c2bb4c0]
[borgk077:105117] [ 7] /discover/nobackup/projects/gmao/SIteam/ESMF_Testing/nag_7.2.15_openmpi_O_develop/esmf/DEFAULTINSTALLDIR/lib/libO/Linux.nag.64.openmpi.default/libesmf.so(nuopc_driver_MP_loopdatadependentinitialize+0x3aef)[0x14eb10dcc4c0]
[borgk077:105115] [ 7] /discover/nobackup/projects/gmao/SIteam/ESMF_Testing/nag_7.2.15_openmpi_O_develop/esmf/DEFAULTINSTALLDIR/lib/libO/Linux.nag.64.openmpi.default/libesmf.so(nuopc_driver_MP_loopdatadependentinitialize+0x3aef)[0x14948b2264c0]
[borgk077:105116] [ 7] /discover/nobackup/projects/gmao/SIteam/ESMF_Testing/nag_7.2.15_openmpi_O_develop/esmf/DEFAULTINSTALLDIR/lib/libO/Linux.nag.64.openmpi.default/libesmf.so(nuopc_driver_MP_initializeipdv02p5data+0x3180)[0x14eb10ddc3e2]
[borgk077:105115] [ 8] /discover/nobackup/projects/gmao/SIteam/ESMF_Testing/nag_7.2.15_openmpi_O_develop/esmf/DEFAULTINSTALLDIR/lib/libO/Linux.nag.64.openmpi.default/libesmf.so(nuopc_driver_MP_initializeipdv02p5data+0x3180)[0x14a58c2cb3e2]
[borgk077:105117] [ 8] /discover/nobackup/projects/gmao/SIteam/ESMF_Testing/nag_7.2.15_openmpi_O_develop/esmf/DEFAULTINSTALLDIR/lib/libO/Linux.nag.64.openmpi.default/libesmf.so(nuopc_driver_MP_initializeipdv02p5data+0x3180)[0x14b6e1a2a3e2]
[borgk077:105114] [ 8] /discover/nobackup/projects/gmao/SIteam/ESMF_Testing/nag_7.2.15_openmpi_O_develop/esmf/DEFAULTINSTALLDIR/lib/libO/Linux.nag.64.openmpi.default/libesmf.so(nuopc_driver_MP_initializeipdv02p5data+0x3180)[0x14948b2363e2]
[borgk077:105116] [ 8] /discover/nobackup/projects/gmao/SIteam/ESMF_Testing/nag_7.2.15_openmpi_O_develop/esmf/DEFAULTINSTALLDIR/lib/libO/Linux.nag.64.openmpi.default/libesmf.so(nuopc_driver_MP_initializeipdv02p5+0x4779)[0x14a58c2d09a7]
[borgk077:105117] [ 9] /discover/nobackup/projects/gmao/SIteam/ESMF_Testing/nag_7.2.15_openmpi_O_develop/esmf/DEFAULTINSTALLDIR/lib/libO/Linux.nag.64.openmpi.default/libesmf.so(nuopc_driver_MP_initializeipdv02p5+0x4779)[0x14b6e1a2f9a7]
[borgk077:105114] [ 9] /discover/nobackup/projects/gmao/SIteam/ESMF_Testing/nag_7.2.15_openmpi_O_develop/esmf/DEFAULTINSTALLDIR/lib/libO/Linux.nag.64.openmpi.default/libesmf.so(nuopc_driver_MP_initializeipdv02p5+0x4779)[0x14eb10de19a7]
[borgk077:105115] [ 9] /discover/nobackup/projects/gmao/SIteam/ESMF_Testing/nag_7.2.15_openmpi_O_develop/esmf/DEFAULTINSTALLDIR/lib/libO/Linux.nag.64.openmpi.default/libesmf.so(nuopc_driver_MP_initializeipdv02p5+0x4779)[0x14948b23b9a7]
[borgk077:105116] [ 9] /discover/nobackup/projects/gmao/SIteam/ESMF_Testing/nag_7.2.15_openmpi_O_develop/esmf/DEFAULTINSTALLDIR/lib/libO/Linux.nag.64.openmpi.default/libesmf.so(nuopc_driver_MP_initializegeneric+0x1a06)[0x14b6e1a65035]
[borgk077:105114] [10] /discover/nobackup/projects/gmao/SIteam/ESMF_Testing/nag_7.2.15_openmpi_O_develop/esmf/DEFAULTINSTALLDIR/lib/libO/Linux.nag.64.openmpi.default/libesmf.so(nuopc_driver_MP_initializegeneric+0x1a06)[0x14eb10e17035]
[borgk077:105115] [10] /discover/nobackup/projects/gmao/SIteam/ESMF_Testing/nag_7.2.15_openmpi_O_develop/esmf/DEFAULTINSTALLDIR/lib/libO/Linux.nag.64.openmpi.default/libesmf.so(nuopc_driver_MP_initializegeneric+0x1a06)[0x14a58c306035]
[borgk077:105117] [10] /discover/nobackup/projects/gmao/SIteam/ESMF_Testing/nag_7.2.15_openmpi_O_develop/esmf/DEFAULTINSTALLDIR/lib/libO/Linux.nag.64.openmpi.default/libesmf.so(nuopc_driver_MP_initializegeneric+0x1a06)[0x14948b271035]
[borgk077:105116] [10] /discover/nobackup/projects/gmao/SIteam/ESMF_Testing/nag_7.2.15_openmpi_O_develop/esmf/DEFAULTINSTALLDIR/lib/libO/Linux.nag.64.openmpi.default/libesmf.so(_ZN5ESMCI6FTable12callVFuncPtrEPKcPNS_2VMEPi+0xc55)[0x14a58b412ce9]
[borgk077:105117] [11] /discover/nobackup/projects/gmao/SIteam/ESMF_Testing/nag_7.2.15_openmpi_O_develop/esmf/DEFAULTINSTALLDIR/lib/libO/Linux.nag.64.openmpi.default/libesmf.so(_ZN5ESMCI6FTable12callVFuncPtrEPKcPNS_2VMEPi+0xc55)[0x14b6e0b71ce9]
[borgk077:105114] [11] /discover/nobackup/projects/gmao/SIteam/ESMF_Testing/nag_7.2.15_openmpi_O_develop/esmf/DEFAULTINSTALLDIR/lib/libO/Linux.nag.64.openmpi.default/libesmf.so(_ZN5ESMCI6FTable12callVFuncPtrEPKcPNS_2VMEPi+0xc55)[0x14eb0ff23ce9]
[borgk077:105115] [11] /discover/nobackup/projects/gmao/SIteam/ESMF_Testing/nag_7.2.15_openmpi_O_develop/esmf/DEFAULTINSTALLDIR/lib/libO/Linux.nag.64.openmpi.default/libesmf.so(_ZN5ESMCI6FTable12callVFuncPtrEPKcPNS_2VMEPi+0xc55)[0x14948a37dce9]
[borgk077:105116] [11] /discover/nobackup/projects/gmao/SIteam/ESMF_Testing/nag_7.2.15_openmpi_O_develop/esmf/DEFAULTINSTALLDIR/lib/libO/Linux.nag.64.openmpi.default/libesmf.so(ESMCI_FTableCallEntryPointVMHop+0x32e)[0x14eb0ff20dbc]
[borgk077:105115] [12] /discover/nobackup/projects/gmao/SIteam/ESMF_Testing/nag_7.2.15_openmpi_O_develop/esmf/DEFAULTINSTALLDIR/lib/libO/Linux.nag.64.openmpi.default/libesmf.so(ESMCI_FTableCallEntryPointVMHop+0x32e)[0x14a58b40fdbc]
[borgk077:105117] [12] /discover/nobackup/projects/gmao/SIteam/ESMF_Testing/nag_7.2.15_openmpi_O_develop/esmf/DEFAULTINSTALLDIR/lib/libO/Linux.nag.64.openmpi.default/libesmf.so(ESMCI_FTableCallEntryPointVMHop+0x32e)[0x14b6e0b6edbc]
[borgk077:105114] [12] /discover/nobackup/projects/gmao/SIteam/ESMF_Testing/nag_7.2.15_openmpi_O_develop/esmf/DEFAULTINSTALLDIR/lib/libO/Linux.nag.64.openmpi.default/libesmf.so(ESMCI_FTableCallEntryPointVMHop+0x32e)[0x14948a37adbc]
[borgk077:105116] [12] /discover/nobackup/projects/gmao/SIteam/ESMF_Testing/nag_7.2.15_openmpi_O_develop/esmf/DEFAULTINSTALLDIR/lib/libO/Linux.nag.64.openmpi.default/libesmf.so(_ZN5ESMCI3VMK5enterEPNS_7VMKPlanEPvS3_+0xd5)[0x14b6e0f6e4ab]
[borgk077:105114] [13] /discover/nobackup/projects/gmao/SIteam/ESMF_Testing/nag_7.2.15_openmpi_O_develop/esmf/DEFAULTINSTALLDIR/lib/libO/Linux.nag.64.openmpi.default/libesmf.so(_ZN5ESMCI3VMK5enterEPNS_7VMKPlanEPvS3_+0xd5)[0x14a58b80f4ab]
[borgk077:105117] [13] /discover/nobackup/projects/gmao/SIteam/ESMF_Testing/nag_7.2.15_openmpi_O_develop/esmf/DEFAULTINSTALLDIR/lib/libO/Linux.nag.64.openmpi.default/libesmf.so(_ZN5ESMCI3VMK5enterEPNS_7VMKPlanEPvS3_+0xd5)[0x14eb103204ab]
[borgk077:105115] [13] /discover/nobackup/projects/gmao/SIteam/ESMF_Testing/nag_7.2.15_openmpi_O_develop/esmf/DEFAULTINSTALLDIR/lib/libO/Linux.nag.64.openmpi.default/libesmf.so(_ZN5ESMCI3VMK5enterEPNS_7VMKPlanEPvS3_+0xd5)[0x14948a77a4ab]
[borgk077:105116] [13] /discover/nobackup/projects/gmao/SIteam/ESMF_Testing/nag_7.2.15_openmpi_O_develop/esmf/DEFAULTINSTALLDIR/lib/libO/Linux.nag.64.openmpi.default/libesmf.so(_ZN5ESMCI2VM5enterEPNS_6VMPlanEPvS3_+0xb7)[0x14a58b7f93c5]
[borgk077:105117] [14] /discover/nobackup/projects/gmao/SIteam/ESMF_Testing/nag_7.2.15_openmpi_O_develop/esmf/DEFAULTINSTALLDIR/lib/libO/Linux.nag.64.openmpi.default/libesmf.so(_ZN5ESMCI2VM5enterEPNS_6VMPlanEPvS3_+0xb7)[0x14b6e0f583c5]
[borgk077:105114] [14] /discover/nobackup/projects/gmao/SIteam/ESMF_Testing/nag_7.2.15_openmpi_O_develop/esmf/DEFAULTINSTALLDIR/lib/libO/Linux.nag.64.openmpi.default/libesmf.so(_ZN5ESMCI2VM5enterEPNS_6VMPlanEPvS3_+0xb7)[0x14eb1030a3c5]
[borgk077:105115] [14] /discover/nobackup/projects/gmao/SIteam/ESMF_Testing/nag_7.2.15_openmpi_O_develop/esmf/DEFAULTINSTALLDIR/lib/libO/Linux.nag.64.openmpi.default/libesmf.so(_ZN5ESMCI2VM5enterEPNS_6VMPlanEPvS3_+0xb7)[0x14948a7643c5]
[borgk077:105116] [14] /discover/nobackup/projects/gmao/SIteam/ESMF_Testing/nag_7.2.15_openmpi_O_develop/esmf/DEFAULTINSTALLDIR/lib/libO/Linux.nag.64.openmpi.default/libesmf.so(c_esmc_ftablecallentrypointvm_+0x35f)[0x14b6e0b6f255]
[borgk077:105114] [15] /discover/nobackup/projects/gmao/SIteam/ESMF_Testing/nag_7.2.15_openmpi_O_develop/esmf/DEFAULTINSTALLDIR/lib/libO/Linux.nag.64.openmpi.default/libesmf.so(c_esmc_ftablecallentrypointvm_+0x35f)[0x14eb0ff21255]
[borgk077:105115] [15] /discover/nobackup/projects/gmao/SIteam/ESMF_Testing/nag_7.2.15_openmpi_O_develop/esmf/DEFAULTINSTALLDIR/lib/libO/Linux.nag.64.openmpi.default/libesmf.so(c_esmc_ftablecallentrypointvm_+0x35f)[0x14a58b410255]
[borgk077:105117] [15] /discover/nobackup/projects/gmao/SIteam/ESMF_Testing/nag_7.2.15_openmpi_O_develop/esmf/DEFAULTINSTALLDIR/lib/libO/Linux.nag.64.openmpi.default/libesmf.so(c_esmc_ftablecallentrypointvm_+0x35f)[0x14948a37b255]
[borgk077:105116] [15] /discover/nobackup/projects/gmao/SIteam/ESMF_Testing/nag_7.2.15_openmpi_O_develop/esmf/DEFAULTINSTALLDIR/lib/libO/Linux.nag.64.openmpi.default/libesmf.so(esmf_compmod_MP_esmf_compexecute+0xa3d)[0x14a58baa5bb1]
[borgk077:105117] [16] /discover/nobackup/projects/gmao/SIteam/ESMF_Testing/nag_7.2.15_openmpi_O_develop/esmf/DEFAULTINSTALLDIR/lib/libO/Linux.nag.64.openmpi.default/libesmf.so(esmf_compmod_MP_esmf_compexecute+0xa3d)[0x14b6e1204bb1]
[borgk077:105114] [16] /discover/nobackup/projects/gmao/SIteam/ESMF_Testing/nag_7.2.15_openmpi_O_develop/esmf/DEFAULTINSTALLDIR/lib/libO/Linux.nag.64.openmpi.default/libesmf.so(esmf_compmod_MP_esmf_compexecute+0xa3d)[0x14eb105b6bb1]
[borgk077:105115] [16] /discover/nobackup/projects/gmao/SIteam/ESMF_Testing/nag_7.2.15_openmpi_O_develop/esmf/DEFAULTINSTALLDIR/lib/libO/Linux.nag.64.openmpi.default/libesmf.so(esmf_compmod_MP_esmf_compexecute+0xa3d)[0x14948aa10bb1]
[borgk077:105116] [16] /discover/nobackup/projects/gmao/SIteam/ESMF_Testing/nag_7.2.15_openmpi_O_develop/esmf/DEFAULTINSTALLDIR/lib/libO/Linux.nag.64.openmpi.default/libesmf.so(esmf_gridcompmod_MP_esmf_gridcompinitialize+0x176)[0x14eb108d82e9]
[borgk077:105115] [17] ./app[0x495f85]
[borgk077:105115] [18] /discover/nobackup/projects/gmao/SIteam/ESMF_Testing/nag_7.2.15_openmpi_O_develop/esmf/DEFAULTINSTALLDIR/lib/libO/Linux.nag.64.openmpi.default/libesmf.so(esmf_gridcompmod_MP_esmf_gridcompinitialize+0x176)[0x14a58bdc72e9]
[borgk077:105117] [17] ./app[0x495f85]
[borgk077:105117] [18] /discover/nobackup/projects/gmao/SIteam/ESMF_Testing/nag_7.2.15_openmpi_O_develop/esmf/DEFAULTINSTALLDIR/lib/libO/Linux.nag.64.openmpi.default/libesmf.so(esmf_gridcompmod_MP_esmf_gridcompinitialize+0x176)[0x14b6e15262e9]
[borgk077:105114] [17] ./app[0x495f85]
[borgk077:105114] [18] ./app(__NAGf90_cosmp_init+0x123)[0x434db3]
[borgk077:105114] [19] ./app[0x495ac3]
[borgk077:105114] [20] ./app(__NAGf90_cosmp_init+0x123)[0x434db3]
[borgk077:105115] [19] ./app(__NAGf90_cosmp_init+0x123)[0x434db3]
[borgk077:105117] [19] ./app[0x495ac3]
[borgk077:105117] [20] /lib64/libc.so.6(__libc_start_main+0xef)[0x14b6dee1a24d]
[borgk077:105114] [21] ./app[0x40c21a]
[borgk077:105114] *** End of error message ***
./app[0x495ac3]
[borgk077:105115] [20] /lib64/libc.so.6(__libc_start_main+0xef)[0x14eb0e0f224d]
[borgk077:105115] [21] ./app[0x40c21a]
[borgk077:105115] *** End of error message ***
/lib64/libc.so.6(__libc_start_main+0xef)[0x14a5896ce24d]
[borgk077:105117] [21] ./app[0x40c21a]
[borgk077:105117] *** End of error message ***
/discover/nobackup/projects/gmao/SIteam/ESMF_Testing/nag_7.2.15_openmpi_O_develop/esmf/DEFAULTINSTALLDIR/lib/libO/Linux.nag.64.openmpi.default/libesmf.so(esmf_gridcompmod_MP_esmf_gridcompinitialize+0x176)[0x14948ad322e9]
[borgk077:105116] [17] ./app[0x495f85]
[borgk077:105116] [18] ./app(__NAGf90_cosmp_init+0x123)[0x434db3]
[borgk077:105116] [19] ./app[0x495ac3]
[borgk077:105116] [20] /lib64/libc.so.6(__libc_start_main+0xef)[0x14948863e24d]
[borgk077:105116] [21] ./app[0x40c21a]
[borgk077:105116] *** End of error message ***
--------------------------------------------------------------------------
Primary job  terminated normally, but 1 process returned
a non-zero exit code. Per user-direction, the job has been aborted.
--------------------------------------------------------------------------
--------------------------------------------------------------------------
mpirun noticed that process rank 0 with PID 105114 on node borgk077 exited on signal 6 (Aborted).
--------------------------------------------------------------------------
