2024-10-14 22:28:28
Runtime Error: Unexpected end of format specRuntime Error: Unexpected end of format specification
Program terRuntime Error: Unexpected end of format specification
Program terminatRuntime Error: Unexpected end of format specification
Program terminated bed by I/O error ification
Program terminated by I/O error on inminated by I/O error on internaly I/O error on internal file
on internal file
ternal file
 file
[borgj179:220223] *** Process received signal ***
[borgj179:220223] Signal: Aborted (6)
[borgj179:220223] Signal code:  (-6)
[borgj179:220224] *** Process received signal ***
[borgj179:220224] Signal: Aborted (6)
[borgj179:220224] Signal code:  (-6)
[borgj179:220222] *** Process received signal ***
[borgj179:220222] Signal: Aborted (6)
[borgj179:220222] Signal code:  (-6)
[borgj179:220225] *** Process received signal ***
[borgj179:220225] Signal: Aborted (6)
[borgj179:220225] Signal code:  (-6)
[borgj179:220223] [ 0] /lib64/libpthread.so.0(+0x16910)[0x151f95b43910]
[borgj179:220224] [ 0] [borgj179:220223] [ 1] /lib64/libpthread.so.0(+0x16910)[0x149b6eb0b910]
[borgj179:220224] [ 1] /lib64/libc.so.6(gsignal+0x10d)[0x149b6e253d2b]
[borgj179:220224] [borgj179:220222] [ 0] /lib64/libpthread.so.0(+0x16910)[0x1471916a6910]
[borgj179:220222] [ 1] [borgj179:220225] [ 0] /lib64/libpthread.so.0(+0x16910)[0x15111010a910]
[borgj179:220225] [ 1] /lib64/libc.so.6(gsignal+0x10d)[0x151f95107d2b]
[borgj179:220223] [ 2] [ 2] /lib64/libc.so.6(abort+0x177)[0x151f951093e5]
[borgj179:220223] [ 3] ./mainApp(__NAGf90_io_abort+0x78)[0x459ea8]
[borgj179:220223] [ 4] ./mainApp(__NAGf90_ioerr+0x1cd)[0x45a50d]
[borgj179:220223] [ 5] /lib64/libc.so.6(gsignal+0x10d)[0x1471914e3d2b]
[borgj179:220222] [ 2] /lib64/libc.so.6(abort+0x177)[0x1471914e53e5]
[borgj179:220222] [ 3] ./mainApp(__NAGf90_io_abort+0x78)[0x459ea8]
[borgj179:220222] [ 4] ./mainApp(__NAGf90_ioerr+0x1cd)[0x45a50d]
[borgj179:220222] [ 5] /lib64/libc.so.6(abort+0x177)[0x149b6e2553e5]
[borgj179:220224] [ 3] ./mainApp(__NAGf90_io_abort+0x78)[0x459ea8]
[borgj179:220224] [ 4] ./mainApp(__NAGf90_ioerr+0x1cd)[0x45a50d]
[borgj179:220224] [ 5] /lib64/libc.so.6(gsignal+0x10d)[0x15110f853d2b]
[borgj179:220225] [ 2] /lib64/libc.so.6(abort+0x177)[0x15110f8553e5]
[borgj179:220225] [ 3] ./mainApp(__NAGf90_io_abort+0x78)[0x459ea8]
/discover/nobackup/projects/gmao/SIteam/comp/SLES-15/nag/7.2.15/lib/NAG_Fortran/libf72rts.so.1(__NAGf90_maybe_next_edit+0xe19)[0x151f954aa629]
[borgj179:220223] [ 6] [borgj179:220225] [ 4] ./mainApp(__NAGf90_ioerr+0x1cd)[0x45a50d]
[borgj179:220225] [ 5] /discover/nobackup/projects/gmao/SIteam/comp/SLES-15/nag/7.2.15/lib/NAG_Fortran/libf72rts.so.1(__NAGf90_maybe_next_edit+0xe19)[0x15110faaa629]
[borgj179:220225] [ 6] /discover/nobackup/projects/gmao/SIteam/comp/SLES-15/nag/7.2.15/lib/NAG_Fortran/libf72rts.so.1(__NAGf90_maybe_next_edit+0xe19)[0x149b6e4aa629]
[borgj179:220224] [ 6] /discover/nobackup/projects/gmao/SIteam/comp/SLES-15/nag/7.2.15/lib/NAG_Fortran/libf72rts.so.1(__NAGf90_maybe_next_edit+0xe19)[0x1471918aa629]
[borgj179:220222] [ 6] /discover/nobackup/projects/gmao/SIteam/ESMF_Testing/nag_7.2.15_openmpi_O_develop/esmf/DEFAULTINSTALLDIR/lib/libO/Linux.nag.64.openmpi.default/libesmf.so(nuopc_driver_MP_loopdatadependentinitialize+0x3aef)[0x151f97d424c0]
[borgj179:220223] [ 7] /discover/nobackup/projects/gmao/SIteam/ESMF_Testing/nag_7.2.15_openmpi_O_develop/esmf/DEFAULTINSTALLDIR/lib/libO/Linux.nag.64.openmpi.default/libesmf.so(nuopc_driver_MP_loopdatadependentinitialize+0x3aef)[0x149b70e564c0]
[borgj179:220224] [ 7] /discover/nobackup/projects/gmao/SIteam/ESMF_Testing/nag_7.2.15_openmpi_O_develop/esmf/DEFAULTINSTALLDIR/lib/libO/Linux.nag.64.openmpi.default/libesmf.so(nuopc_driver_MP_loopdatadependentinitialize+0x3aef)[0x1471940c84c0]
[borgj179:220222] [ 7] /discover/nobackup/projects/gmao/SIteam/ESMF_Testing/nag_7.2.15_openmpi_O_develop/esmf/DEFAULTINSTALLDIR/lib/libO/Linux.nag.64.openmpi.default/libesmf.so(nuopc_driver_MP_loopdatadependentinitialize+0x3aef)[0x1511124554c0]
[borgj179:220225] [ 7] /discover/nobackup/projects/gmao/SIteam/ESMF_Testing/nag_7.2.15_openmpi_O_develop/esmf/DEFAULTINSTALLDIR/lib/libO/Linux.nag.64.openmpi.default/libesmf.so(nuopc_driver_MP_initializeipdv02p5data+0x3180)[0x151f97d523e2]
[borgj179:220223] [ 8] /discover/nobackup/projects/gmao/SIteam/ESMF_Testing/nag_7.2.15_openmpi_O_develop/esmf/DEFAULTINSTALLDIR/lib/libO/Linux.nag.64.openmpi.default/libesmf.so(nuopc_driver_MP_initializeipdv02p5data+0x3180)[0x1471940d83e2]
[borgj179:220222] [ 8] /discover/nobackup/projects/gmao/SIteam/ESMF_Testing/nag_7.2.15_openmpi_O_develop/esmf/DEFAULTINSTALLDIR/lib/libO/Linux.nag.64.openmpi.default/libesmf.so(nuopc_driver_MP_initializeipdv02p5data+0x3180)[0x149b70e663e2]
[borgj179:220224] [ 8] /discover/nobackup/projects/gmao/SIteam/ESMF_Testing/nag_7.2.15_openmpi_O_develop/esmf/DEFAULTINSTALLDIR/lib/libO/Linux.nag.64.openmpi.default/libesmf.so(nuopc_driver_MP_initializeipdv02p5data+0x3180)[0x1511124653e2]
[borgj179:220225] [ 8] /discover/nobackup/projects/gmao/SIteam/ESMF_Testing/nag_7.2.15_openmpi_O_develop/esmf/DEFAULTINSTALLDIR/lib/libO/Linux.nag.64.openmpi.default/libesmf.so(nuopc_driver_MP_initializeipdv02p5+0x4779)[0x151f97d579a7]
[borgj179:220223] [ 9] /discover/nobackup/projects/gmao/SIteam/ESMF_Testing/nag_7.2.15_openmpi_O_develop/esmf/DEFAULTINSTALLDIR/lib/libO/Linux.nag.64.openmpi.default/libesmf.so(nuopc_driver_MP_initializeipdv02p5+0x4779)[0x149b70e6b9a7]
[borgj179:220224] [ 9] /discover/nobackup/projects/gmao/SIteam/ESMF_Testing/nag_7.2.15_openmpi_O_develop/esmf/DEFAULTINSTALLDIR/lib/libO/Linux.nag.64.openmpi.default/libesmf.so(nuopc_driver_MP_initializeipdv02p5+0x4779)[0x1471940dd9a7]
[borgj179:220222] [ 9] /discover/nobackup/projects/gmao/SIteam/ESMF_Testing/nag_7.2.15_openmpi_O_develop/esmf/DEFAULTINSTALLDIR/lib/libO/Linux.nag.64.openmpi.default/libesmf.so(nuopc_driver_MP_initializeipdv02p5+0x4779)[0x15111246a9a7]
[borgj179:220225] [ 9] /discover/nobackup/projects/gmao/SIteam/ESMF_Testing/nag_7.2.15_openmpi_O_develop/esmf/DEFAULTINSTALLDIR/lib/libO/Linux.nag.64.openmpi.default/libesmf.so(nuopc_driver_MP_initializegeneric+0x1a06)[0x151f97d8d035]
[borgj179:220223] [10] /discover/nobackup/projects/gmao/SIteam/ESMF_Testing/nag_7.2.15_openmpi_O_develop/esmf/DEFAULTINSTALLDIR/lib/libO/Linux.nag.64.openmpi.default/libesmf.so(nuopc_driver_MP_initializegeneric+0x1a06)[0x147194113035]
[borgj179:220222] [10] /discover/nobackup/projects/gmao/SIteam/ESMF_Testing/nag_7.2.15_openmpi_O_develop/esmf/DEFAULTINSTALLDIR/lib/libO/Linux.nag.64.openmpi.default/libesmf.so(nuopc_driver_MP_initializegeneric+0x1a06)[0x149b70ea1035]
[borgj179:220224] [10] /discover/nobackup/projects/gmao/SIteam/ESMF_Testing/nag_7.2.15_openmpi_O_develop/esmf/DEFAULTINSTALLDIR/lib/libO/Linux.nag.64.openmpi.default/libesmf.so(nuopc_driver_MP_initializegeneric+0x1a06)[0x1511124a0035]
[borgj179:220225] [10] /discover/nobackup/projects/gmao/SIteam/ESMF_Testing/nag_7.2.15_openmpi_O_develop/esmf/DEFAULTINSTALLDIR/lib/libO/Linux.nag.64.openmpi.default/libesmf.so(_ZN5ESMCI6FTable12callVFuncPtrEPKcPNS_2VMEPi+0xc55)[0x151f96e99ce9]
[borgj179:220223] [11] /discover/nobackup/projects/gmao/SIteam/ESMF_Testing/nag_7.2.15_openmpi_O_develop/esmf/DEFAULTINSTALLDIR/lib/libO/Linux.nag.64.openmpi.default/libesmf.so(_ZN5ESMCI6FTable12callVFuncPtrEPKcPNS_2VMEPi+0xc55)[0x149b6ffadce9]
[borgj179:220224] [11] /discover/nobackup/projects/gmao/SIteam/ESMF_Testing/nag_7.2.15_openmpi_O_develop/esmf/DEFAULTINSTALLDIR/lib/libO/Linux.nag.64.openmpi.default/libesmf.so(_ZN5ESMCI6FTable12callVFuncPtrEPKcPNS_2VMEPi+0xc55)[0x14719321fce9]
[borgj179:220222] [11] /discover/nobackup/projects/gmao/SIteam/ESMF_Testing/nag_7.2.15_openmpi_O_develop/esmf/DEFAULTINSTALLDIR/lib/libO/Linux.nag.64.openmpi.default/libesmf.so(_ZN5ESMCI6FTable12callVFuncPtrEPKcPNS_2VMEPi+0xc55)[0x1511115acce9]
[borgj179:220225] [11] /discover/nobackup/projects/gmao/SIteam/ESMF_Testing/nag_7.2.15_openmpi_O_develop/esmf/DEFAULTINSTALLDIR/lib/libO/Linux.nag.64.openmpi.default/libesmf.so(ESMCI_FTableCallEntryPointVMHop+0x32e)[0x151f96e96dbc]
[borgj179:220223] [12] /discover/nobackup/projects/gmao/SIteam/ESMF_Testing/nag_7.2.15_openmpi_O_develop/esmf/DEFAULTINSTALLDIR/lib/libO/Linux.nag.64.openmpi.default/libesmf.so(ESMCI_FTableCallEntryPointVMHop+0x32e)[0x149b6ffaadbc]
[borgj179:220224] [12] /discover/nobackup/projects/gmao/SIteam/ESMF_Testing/nag_7.2.15_openmpi_O_develop/esmf/DEFAULTINSTALLDIR/lib/libO/Linux.nag.64.openmpi.default/libesmf.so(ESMCI_FTableCallEntryPointVMHop+0x32e)[0x14719321cdbc]
[borgj179:220222] [12] /discover/nobackup/projects/gmao/SIteam/ESMF_Testing/nag_7.2.15_openmpi_O_develop/esmf/DEFAULTINSTALLDIR/lib/libO/Linux.nag.64.openmpi.default/libesmf.so(ESMCI_FTableCallEntryPointVMHop+0x32e)[0x1511115a9dbc]
[borgj179:220225] [12] /discover/nobackup/projects/gmao/SIteam/ESMF_Testing/nag_7.2.15_openmpi_O_develop/esmf/DEFAULTINSTALLDIR/lib/libO/Linux.nag.64.openmpi.default/libesmf.so(_ZN5ESMCI3VMK5enterEPNS_7VMKPlanEPvS3_+0xd5)[0x151f972964ab]
[borgj179:220223] [13] /discover/nobackup/projects/gmao/SIteam/ESMF_Testing/nag_7.2.15_openmpi_O_develop/esmf/DEFAULTINSTALLDIR/lib/libO/Linux.nag.64.openmpi.default/libesmf.so(_ZN5ESMCI3VMK5enterEPNS_7VMKPlanEPvS3_+0xd5)[0x149b703aa4ab]
[borgj179:220224] [13] /discover/nobackup/projects/gmao/SIteam/ESMF_Testing/nag_7.2.15_openmpi_O_develop/esmf/DEFAULTINSTALLDIR/lib/libO/Linux.nag.64.openmpi.default/libesmf.so(_ZN5ESMCI3VMK5enterEPNS_7VMKPlanEPvS3_+0xd5)[0x14719361c4ab]
[borgj179:220222] [13] /discover/nobackup/projects/gmao/SIteam/ESMF_Testing/nag_7.2.15_openmpi_O_develop/esmf/DEFAULTINSTALLDIR/lib/libO/Linux.nag.64.openmpi.default/libesmf.so(_ZN5ESMCI3VMK5enterEPNS_7VMKPlanEPvS3_+0xd5)[0x1511119a94ab]
[borgj179:220225] [13] /discover/nobackup/projects/gmao/SIteam/ESMF_Testing/nag_7.2.15_openmpi_O_develop/esmf/DEFAULTINSTALLDIR/lib/libO/Linux.nag.64.openmpi.default/libesmf.so(_ZN5ESMCI2VM5enterEPNS_6VMPlanEPvS3_+0xb7)[0x151f972803c5]
[borgj179:220223] [14] /discover/nobackup/projects/gmao/SIteam/ESMF_Testing/nag_7.2.15_openmpi_O_develop/esmf/DEFAULTINSTALLDIR/lib/libO/Linux.nag.64.openmpi.default/libesmf.so(_ZN5ESMCI2VM5enterEPNS_6VMPlanEPvS3_+0xb7)[0x149b703943c5]
[borgj179:220224] [14] /discover/nobackup/projects/gmao/SIteam/ESMF_Testing/nag_7.2.15_openmpi_O_develop/esmf/DEFAULTINSTALLDIR/lib/libO/Linux.nag.64.openmpi.default/libesmf.so(_ZN5ESMCI2VM5enterEPNS_6VMPlanEPvS3_+0xb7)[0x1471936063c5]
[borgj179:220222] [14] /discover/nobackup/projects/gmao/SIteam/ESMF_Testing/nag_7.2.15_openmpi_O_develop/esmf/DEFAULTINSTALLDIR/lib/libO/Linux.nag.64.openmpi.default/libesmf.so(_ZN5ESMCI2VM5enterEPNS_6VMPlanEPvS3_+0xb7)[0x1511119933c5]
[borgj179:220225] [14] /discover/nobackup/projects/gmao/SIteam/ESMF_Testing/nag_7.2.15_openmpi_O_develop/esmf/DEFAULTINSTALLDIR/lib/libO/Linux.nag.64.openmpi.default/libesmf.so(c_esmc_ftablecallentrypointvm_+0x35f)[0x151f96e97255]
[borgj179:220223] [15] /discover/nobackup/projects/gmao/SIteam/ESMF_Testing/nag_7.2.15_openmpi_O_develop/esmf/DEFAULTINSTALLDIR/lib/libO/Linux.nag.64.openmpi.default/libesmf.so(c_esmc_ftablecallentrypointvm_+0x35f)[0x14719321d255]
[borgj179:220222] [15] /discover/nobackup/projects/gmao/SIteam/ESMF_Testing/nag_7.2.15_openmpi_O_develop/esmf/DEFAULTINSTALLDIR/lib/libO/Linux.nag.64.openmpi.default/libesmf.so(c_esmc_ftablecallentrypointvm_+0x35f)[0x1511115aa255]
/discover/nobackup/projects/gmao/SIteam/ESMF_Testing/nag_7.2.15_openmpi_O_develop/esmf/DEFAULTINSTALLDIR/lib/libO/Linux.nag.64.openmpi.default/libesmf.so(c_esmc_ftablecallentrypointvm_+0x35f)[0x149b6ffab255]
[borgj179:220224] [15] [borgj179:220225] [15] /discover/nobackup/projects/gmao/SIteam/ESMF_Testing/nag_7.2.15_openmpi_O_develop/esmf/DEFAULTINSTALLDIR/lib/libO/Linux.nag.64.openmpi.default/libesmf.so(esmf_compmod_MP_esmf_compexecute+0xa3d)[0x151f9752cbb1]
[borgj179:220223] [16] /discover/nobackup/projects/gmao/SIteam/ESMF_Testing/nag_7.2.15_openmpi_O_develop/esmf/DEFAULTINSTALLDIR/lib/libO/Linux.nag.64.openmpi.default/libesmf.so(esmf_compmod_MP_esmf_compexecute+0xa3d)[0x149b70640bb1]
[borgj179:220224] [16] /discover/nobackup/projects/gmao/SIteam/ESMF_Testing/nag_7.2.15_openmpi_O_develop/esmf/DEFAULTINSTALLDIR/lib/libO/Linux.nag.64.openmpi.default/libesmf.so(esmf_compmod_MP_esmf_compexecute+0xa3d)[0x1471938b2bb1]
[borgj179:220222] [16] /discover/nobackup/projects/gmao/SIteam/ESMF_Testing/nag_7.2.15_openmpi_O_develop/esmf/DEFAULTINSTALLDIR/lib/libO/Linux.nag.64.openmpi.default/libesmf.so(esmf_compmod_MP_esmf_compexecute+0xa3d)[0x151111c3fbb1]
[borgj179:220225] [16] /discover/nobackup/projects/gmao/SIteam/ESMF_Testing/nag_7.2.15_openmpi_O_develop/esmf/DEFAULTINSTALLDIR/lib/libO/Linux.nag.64.openmpi.default/libesmf.so(esmf_gridcompmod_MP_esmf_gridcompinitialize+0x176)[0x151f9784e2e9]
[borgj179:220223] [17] ./mainApp[0x49523c]
[borgj179:220223] [18] /discover/nobackup/projects/gmao/SIteam/ESMF_Testing/nag_7.2.15_openmpi_O_develop/esmf/DEFAULTINSTALLDIR/lib/libO/Linux.nag.64.openmpi.default/libesmf.so(esmf_gridcompmod_MP_esmf_gridcompinitialize+0x176)[0x147193bd42e9]
[borgj179:220222] [17] /discover/nobackup/projects/gmao/SIteam/ESMF_Testing/nag_7.2.15_openmpi_O_develop/esmf/DEFAULTINSTALLDIR/lib/libO/Linux.nag.64.openmpi.default/libesmf.so(esmf_gridcompmod_MP_esmf_gridcompinitialize+0x176)[0x149b709622e9]
[borgj179:220224] [17] ./mainApp[0x49523c]
[borgj179:220224] [18] ./mainApp(__NAGf90_cosmp_init+0x123)[0x434113]
[borgj179:220223] [19] ./mainApp[0x494e23]
[borgj179:220223] [20] ./mainApp[0x49523c]
[borgj179:220222] [18] /discover/nobackup/projects/gmao/SIteam/ESMF_Testing/nag_7.2.15_openmpi_O_develop/esmf/DEFAULTINSTALLDIR/lib/libO/Linux.nag.64.openmpi.default/libesmf.so(esmf_gridcompmod_MP_esmf_gridcompinitialize+0x176)[0x151111f612e9]
[borgj179:220225] [17] ./mainApp(__NAGf90_cosmp_init+0x123)[0x434113]
[borgj179:220224] [19] ./mainApp[0x494e23]
[borgj179:220224] [20] /lib64/libc.so.6(__libc_start_main+0xef)[0x149b6e23e24d]
[borgj179:220224] [21] ./mainApp[0x40b57a]
[borgj179:220224] *** End of error message ***
/lib64/libc.so.6(__libc_start_main+0xef)[0x151f950f224d]
[borgj179:220223] [21] ./mainApp[0x40b57a]
[borgj179:220223] *** End of error message ***
./mainApp(__NAGf90_cosmp_init+0x123)[0x434113]
[borgj179:220222] [19] ./mainApp[0x494e23]
[borgj179:220222] [20] /lib64/libc.so.6(__libc_start_main+0xef)[0x1471914ce24d]
[borgj179:220222] [21] ./mainApp[0x40b57a]
[borgj179:220222] *** End of error message ***
./mainApp[0x49523c]
[borgj179:220225] [18] ./mainApp(__NAGf90_cosmp_init+0x123)[0x434113]
[borgj179:220225] [19] ./mainApp[0x494e23]
[borgj179:220225] [20] /lib64/libc.so.6(__libc_start_main+0xef)[0x15110f83e24d]
[borgj179:220225] [21] ./mainApp[0x40b57a]
[borgj179:220225] *** End of error message ***
--------------------------------------------------------------------------
Primary job  terminated normally, but 1 process returned
a non-zero exit code. Per user-direction, the job has been aborted.
--------------------------------------------------------------------------
--------------------------------------------------------------------------
mpirun noticed that process rank 2 with PID 220224 on node borgj179 exited on signal 6 (Aborted).
--------------------------------------------------------------------------
2 total processes killed (some possibly by mpirun during cleanup)
