2024-10-08 22:34:25
Runtime Error: Unexpected enRuntime Error: Unexpected end of format spRuntime Error: Unexpected end of format specificationRuntime Error: Unexpected end of format specification
Progecification
Program 
Program terminated of format specification
Program terminated by ram terminated by I/O error oI/O error on internal file
terminated by I/O error on internal file
d by I/O error on internal file
n internal file
[borgl097:237844] *** Process received signal ***
[borgl097:237844] Signal: Aborted (6)
[borgl097:237844] Signal code:  (-6)
[borgl097:237845] *** Process received signal ***
[borgl097:237845] Signal: Aborted (6)
[borgl097:237845] Signal code:  (-6)
[borgl097:237843] *** Process received signal ***
[borgl097:237846] *** Process received signal ***
[borgl097:237843] Signal: Aborted (6)
[borgl097:237843] Signal code:  (-6)
[borgl097:237846] Signal: Aborted (6)
[borgl097:237846] Signal code:  (-6)
[borgl097:237843] [ 0] /lib64/libpthread.so.0(+0x16910)[0x14fdb573d910]
[borgl097:237845] [ 0] [borgl097:237843] [ 1] [borgl097:237844] [ 0] /lib64/libpthread.so.0(+0x16910)[0x14c0a51f2910]
[borgl097:237845] [ 1] /lib64/libpthread.so.0(+0x16910)[0x147d96d0d910]
[borgl097:237844] [ 1] /lib64/libc.so.6(gsignal+0x10d)[0x147d96307d2b]
[borgl097:237844] [ 2] /lib64/libc.so.6(gsignal+0x10d)[0x14fdb4d07d2b]
[borgl097:237843] [ 2] /lib64/libc.so.6(abort+0x177)[0x14fdb4d093e5]
[borgl097:237843] [ 3] ./mainApp(__NAGf90_io_abort+0x78)[0x45a7e8]
[borgl097:237843] [borgl097:237846] [ 0] /lib64/libpthread.so.0(+0x16910)[0x14a522f44910]
[borgl097:237846] [ 1] /lib64/libc.so.6(gsignal+0x10d)[0x14a522653d2b]
[borgl097:237846] [ 2] /lib64/libc.so.6(gsignal+0x10d)[0x14c0a502fd2b]
[borgl097:237845] [ 2] /lib64/libc.so.6(abort+0x177)[0x14c0a50313e5]
[borgl097:237845] [ 3] ./mainApp(__NAGf90_io_abort+0x78)[0x45a7e8]
/lib64/libc.so.6(abort+0x177)[0x147d963093e5]
[borgl097:237844] [ 3] [ 4] ./mainApp(__NAGf90_ioerr+0x1cd)[0x45ae4d]
[borgl097:237843] [ 5] [borgl097:237845] [ 4] ./mainApp(__NAGf90_ioerr+0x1cd)[0x45ae4d]
[borgl097:237845] [ 5] /lib64/libc.so.6(abort+0x177)[0x14a5226553e5]
[borgl097:237846] [ 3] ./mainApp(__NAGf90_io_abort+0x78)[0x45a7e8]
[borgl097:237846] [ 4] ./mainApp(__NAGf90_ioerr+0x1cd)[0x45ae4d]
[borgl097:237846] [ 5] /discover/nobackup/projects/gmao/SIteam/comp/SLES-15/nag/7.2.15/lib/NAG_Fortran/libf72rts.so.1(__NAGf90_maybe_next_edit+0xe19)[0x14a5228aa629]
[borgl097:237846] [ 6] /discover/nobackup/projects/gmao/SIteam/comp/SLES-15/nag/7.2.15/lib/NAG_Fortran/libf72rts.so.1(__NAGf90_maybe_next_edit+0xe19)[0x14fdb50aa629]
[borgl097:237843] [ 6] ./mainApp(__NAGf90_io_abort+0x78)[0x45a7e8]
[borgl097:237844] [ 4] ./mainApp(__NAGf90_ioerr+0x1cd)[0x45ae4d]
[borgl097:237844] [ 5] /discover/nobackup/projects/gmao/SIteam/comp/SLES-15/nag/7.2.15/lib/NAG_Fortran/libf72rts.so.1(__NAGf90_maybe_next_edit+0xe19)[0x147d966aa629]
[borgl097:237844] [ 6] /discover/nobackup/projects/gmao/SIteam/comp/SLES-15/nag/7.2.15/lib/NAG_Fortran/libf72rts.so.1(__NAGf90_maybe_next_edit+0xe19)[0x14c0a52aa629]
[borgl097:237845] [ 6] /discover/nobackup/projects/gmao/SIteam/ESMF_Testing/nag_7.2.15_openmpi_O_develop/esmf/DEFAULTINSTALLDIR/lib/libO/Linux.nag.64.openmpi.default/libesmf.so(nuopc_driver_MP_loopdatadependentinitialize+0x3aef)[0x14fdb793c4c0]
[borgl097:237843] [ 7] /discover/nobackup/projects/gmao/SIteam/ESMF_Testing/nag_7.2.15_openmpi_O_develop/esmf/DEFAULTINSTALLDIR/lib/libO/Linux.nag.64.openmpi.default/libesmf.so(nuopc_driver_MP_loopdatadependentinitialize+0x3aef)[0x14c0a7c164c0]
[borgl097:237845] [ 7] /discover/nobackup/projects/gmao/SIteam/ESMF_Testing/nag_7.2.15_openmpi_O_develop/esmf/DEFAULTINSTALLDIR/lib/libO/Linux.nag.64.openmpi.default/libesmf.so(nuopc_driver_MP_loopdatadependentinitialize+0x3aef)[0x147d98f0c4c0]
[borgl097:237844] [ 7] /discover/nobackup/projects/gmao/SIteam/ESMF_Testing/nag_7.2.15_openmpi_O_develop/esmf/DEFAULTINSTALLDIR/lib/libO/Linux.nag.64.openmpi.default/libesmf.so(nuopc_driver_MP_loopdatadependentinitialize+0x3aef)[0x14a52528f4c0]
[borgl097:237846] [ 7] /discover/nobackup/projects/gmao/SIteam/ESMF_Testing/nag_7.2.15_openmpi_O_develop/esmf/DEFAULTINSTALLDIR/lib/libO/Linux.nag.64.openmpi.default/libesmf.so(nuopc_driver_MP_initializeipdv02p5data+0x3180)[0x14fdb794c3e2]
[borgl097:237843] [ 8] /discover/nobackup/projects/gmao/SIteam/ESMF_Testing/nag_7.2.15_openmpi_O_develop/esmf/DEFAULTINSTALLDIR/lib/libO/Linux.nag.64.openmpi.default/libesmf.so(nuopc_driver_MP_initializeipdv02p5data+0x3180)[0x14c0a7c263e2]
[borgl097:237845] [ 8] /discover/nobackup/projects/gmao/SIteam/ESMF_Testing/nag_7.2.15_openmpi_O_develop/esmf/DEFAULTINSTALLDIR/lib/libO/Linux.nag.64.openmpi.default/libesmf.so(nuopc_driver_MP_initializeipdv02p5data+0x3180)[0x147d98f1c3e2]
[borgl097:237844] [ 8] /discover/nobackup/projects/gmao/SIteam/ESMF_Testing/nag_7.2.15_openmpi_O_develop/esmf/DEFAULTINSTALLDIR/lib/libO/Linux.nag.64.openmpi.default/libesmf.so(nuopc_driver_MP_initializeipdv02p5data+0x3180)[0x14a52529f3e2]
[borgl097:237846] [ 8] /discover/nobackup/projects/gmao/SIteam/ESMF_Testing/nag_7.2.15_openmpi_O_develop/esmf/DEFAULTINSTALLDIR/lib/libO/Linux.nag.64.openmpi.default/libesmf.so(nuopc_driver_MP_initializeipdv02p5+0x4779)[0x14fdb79519a7]
[borgl097:237843] [ 9] /discover/nobackup/projects/gmao/SIteam/ESMF_Testing/nag_7.2.15_openmpi_O_develop/esmf/DEFAULTINSTALLDIR/lib/libO/Linux.nag.64.openmpi.default/libesmf.so(nuopc_driver_MP_initializeipdv02p5+0x4779)[0x14c0a7c2b9a7]
[borgl097:237845] [ 9] /discover/nobackup/projects/gmao/SIteam/ESMF_Testing/nag_7.2.15_openmpi_O_develop/esmf/DEFAULTINSTALLDIR/lib/libO/Linux.nag.64.openmpi.default/libesmf.so(nuopc_driver_MP_initializeipdv02p5+0x4779)[0x147d98f219a7]
[borgl097:237844] [ 9] /discover/nobackup/projects/gmao/SIteam/ESMF_Testing/nag_7.2.15_openmpi_O_develop/esmf/DEFAULTINSTALLDIR/lib/libO/Linux.nag.64.openmpi.default/libesmf.so(nuopc_driver_MP_initializeipdv02p5+0x4779)[0x14a5252a49a7]
[borgl097:237846] [ 9] /discover/nobackup/projects/gmao/SIteam/ESMF_Testing/nag_7.2.15_openmpi_O_develop/esmf/DEFAULTINSTALLDIR/lib/libO/Linux.nag.64.openmpi.default/libesmf.so(nuopc_driver_MP_initializegeneric+0x1a06)[0x147d98f57035]
[borgl097:237844] [10] /discover/nobackup/projects/gmao/SIteam/ESMF_Testing/nag_7.2.15_openmpi_O_develop/esmf/DEFAULTINSTALLDIR/lib/libO/Linux.nag.64.openmpi.default/libesmf.so(nuopc_driver_MP_initializegeneric+0x1a06)[0x14fdb7987035]
[borgl097:237843] [10] /discover/nobackup/projects/gmao/SIteam/ESMF_Testing/nag_7.2.15_openmpi_O_develop/esmf/DEFAULTINSTALLDIR/lib/libO/Linux.nag.64.openmpi.default/libesmf.so(nuopc_driver_MP_initializegeneric+0x1a06)[0x14c0a7c61035]
[borgl097:237845] [10] /discover/nobackup/projects/gmao/SIteam/ESMF_Testing/nag_7.2.15_openmpi_O_develop/esmf/DEFAULTINSTALLDIR/lib/libO/Linux.nag.64.openmpi.default/libesmf.so(nuopc_driver_MP_initializegeneric+0x1a06)[0x14a5252da035]
[borgl097:237846] [10] /discover/nobackup/projects/gmao/SIteam/ESMF_Testing/nag_7.2.15_openmpi_O_develop/esmf/DEFAULTINSTALLDIR/lib/libO/Linux.nag.64.openmpi.default/libesmf.so(_ZN5ESMCI6FTable12callVFuncPtrEPKcPNS_2VMEPi+0xc55)[0x14c0a6d6dce9]
[borgl097:237845] [11] /discover/nobackup/projects/gmao/SIteam/ESMF_Testing/nag_7.2.15_openmpi_O_develop/esmf/DEFAULTINSTALLDIR/lib/libO/Linux.nag.64.openmpi.default/libesmf.so(_ZN5ESMCI6FTable12callVFuncPtrEPKcPNS_2VMEPi+0xc55)[0x14fdb6a93ce9]
[borgl097:237843] [11] /discover/nobackup/projects/gmao/SIteam/ESMF_Testing/nag_7.2.15_openmpi_O_develop/esmf/DEFAULTINSTALLDIR/lib/libO/Linux.nag.64.openmpi.default/libesmf.so(_ZN5ESMCI6FTable12callVFuncPtrEPKcPNS_2VMEPi+0xc55)[0x14a5243e6ce9]
[borgl097:237846] [11] /discover/nobackup/projects/gmao/SIteam/ESMF_Testing/nag_7.2.15_openmpi_O_develop/esmf/DEFAULTINSTALLDIR/lib/libO/Linux.nag.64.openmpi.default/libesmf.so(_ZN5ESMCI6FTable12callVFuncPtrEPKcPNS_2VMEPi+0xc55)[0x147d98063ce9]
[borgl097:237844] [11] /discover/nobackup/projects/gmao/SIteam/ESMF_Testing/nag_7.2.15_openmpi_O_develop/esmf/DEFAULTINSTALLDIR/lib/libO/Linux.nag.64.openmpi.default/libesmf.so(ESMCI_FTableCallEntryPointVMHop+0x32e)[0x14c0a6d6adbc]
[borgl097:237845] [12] /discover/nobackup/projects/gmao/SIteam/ESMF_Testing/nag_7.2.15_openmpi_O_develop/esmf/DEFAULTINSTALLDIR/lib/libO/Linux.nag.64.openmpi.default/libesmf.so(ESMCI_FTableCallEntryPointVMHop+0x32e)[0x147d98060dbc]
[borgl097:237844] [12] /discover/nobackup/projects/gmao/SIteam/ESMF_Testing/nag_7.2.15_openmpi_O_develop/esmf/DEFAULTINSTALLDIR/lib/libO/Linux.nag.64.openmpi.default/libesmf.so(ESMCI_FTableCallEntryPointVMHop+0x32e)[0x14fdb6a90dbc]
[borgl097:237843] [12] /discover/nobackup/projects/gmao/SIteam/ESMF_Testing/nag_7.2.15_openmpi_O_develop/esmf/DEFAULTINSTALLDIR/lib/libO/Linux.nag.64.openmpi.default/libesmf.so(ESMCI_FTableCallEntryPointVMHop+0x32e)[0x14a5243e3dbc]
[borgl097:237846] [12] /discover/nobackup/projects/gmao/SIteam/ESMF_Testing/nag_7.2.15_openmpi_O_develop/esmf/DEFAULTINSTALLDIR/lib/libO/Linux.nag.64.openmpi.default/libesmf.so(_ZN5ESMCI3VMK5enterEPNS_7VMKPlanEPvS3_+0xd5)[0x147d984604ab]
[borgl097:237844] [13] /discover/nobackup/projects/gmao/SIteam/ESMF_Testing/nag_7.2.15_openmpi_O_develop/esmf/DEFAULTINSTALLDIR/lib/libO/Linux.nag.64.openmpi.default/libesmf.so(_ZN5ESMCI3VMK5enterEPNS_7VMKPlanEPvS3_+0xd5)[0x14fdb6e904ab]
[borgl097:237843] [13] /discover/nobackup/projects/gmao/SIteam/ESMF_Testing/nag_7.2.15_openmpi_O_develop/esmf/DEFAULTINSTALLDIR/lib/libO/Linux.nag.64.openmpi.default/libesmf.so(_ZN5ESMCI3VMK5enterEPNS_7VMKPlanEPvS3_+0xd5)[0x14c0a716a4ab]
[borgl097:237845] [13] /discover/nobackup/projects/gmao/SIteam/ESMF_Testing/nag_7.2.15_openmpi_O_develop/esmf/DEFAULTINSTALLDIR/lib/libO/Linux.nag.64.openmpi.default/libesmf.so(_ZN5ESMCI3VMK5enterEPNS_7VMKPlanEPvS3_+0xd5)[0x14a5247e34ab]
[borgl097:237846] [13] /discover/nobackup/projects/gmao/SIteam/ESMF_Testing/nag_7.2.15_openmpi_O_develop/esmf/DEFAULTINSTALLDIR/lib/libO/Linux.nag.64.openmpi.default/libesmf.so(_ZN5ESMCI2VM5enterEPNS_6VMPlanEPvS3_+0xb7)[0x14fdb6e7a3c5]
[borgl097:237843] [14] /discover/nobackup/projects/gmao/SIteam/ESMF_Testing/nag_7.2.15_openmpi_O_develop/esmf/DEFAULTINSTALLDIR/lib/libO/Linux.nag.64.openmpi.default/libesmf.so(_ZN5ESMCI2VM5enterEPNS_6VMPlanEPvS3_+0xb7)[0x14c0a71543c5]
[borgl097:237845] [14] /discover/nobackup/projects/gmao/SIteam/ESMF_Testing/nag_7.2.15_openmpi_O_develop/esmf/DEFAULTINSTALLDIR/lib/libO/Linux.nag.64.openmpi.default/libesmf.so(_ZN5ESMCI2VM5enterEPNS_6VMPlanEPvS3_+0xb7)[0x147d9844a3c5]
[borgl097:237844] [14] /discover/nobackup/projects/gmao/SIteam/ESMF_Testing/nag_7.2.15_openmpi_O_develop/esmf/DEFAULTINSTALLDIR/lib/libO/Linux.nag.64.openmpi.default/libesmf.so(_ZN5ESMCI2VM5enterEPNS_6VMPlanEPvS3_+0xb7)[0x14a5247cd3c5]
[borgl097:237846] [14] /discover/nobackup/projects/gmao/SIteam/ESMF_Testing/nag_7.2.15_openmpi_O_develop/esmf/DEFAULTINSTALLDIR/lib/libO/Linux.nag.64.openmpi.default/libesmf.so(c_esmc_ftablecallentrypointvm_+0x35f)[0x14fdb6a91255]
[borgl097:237843] [15] /discover/nobackup/projects/gmao/SIteam/ESMF_Testing/nag_7.2.15_openmpi_O_develop/esmf/DEFAULTINSTALLDIR/lib/libO/Linux.nag.64.openmpi.default/libesmf.so(c_esmc_ftablecallentrypointvm_+0x35f)[0x147d98061255]
[borgl097:237844] [15] /discover/nobackup/projects/gmao/SIteam/ESMF_Testing/nag_7.2.15_openmpi_O_develop/esmf/DEFAULTINSTALLDIR/lib/libO/Linux.nag.64.openmpi.default/libesmf.so(c_esmc_ftablecallentrypointvm_+0x35f)[0x14a5243e4255]
[borgl097:237846] [15] /discover/nobackup/projects/gmao/SIteam/ESMF_Testing/nag_7.2.15_openmpi_O_develop/esmf/DEFAULTINSTALLDIR/lib/libO/Linux.nag.64.openmpi.default/libesmf.so(c_esmc_ftablecallentrypointvm_+0x35f)[0x14c0a6d6b255]
[borgl097:237845] [15] /discover/nobackup/projects/gmao/SIteam/ESMF_Testing/nag_7.2.15_openmpi_O_develop/esmf/DEFAULTINSTALLDIR/lib/libO/Linux.nag.64.openmpi.default/libesmf.so(esmf_compmod_MP_esmf_compexecute+0xa3d)[0x147d986f6bb1]
[borgl097:237844] [16] /discover/nobackup/projects/gmao/SIteam/ESMF_Testing/nag_7.2.15_openmpi_O_develop/esmf/DEFAULTINSTALLDIR/lib/libO/Linux.nag.64.openmpi.default/libesmf.so(esmf_compmod_MP_esmf_compexecute+0xa3d)[0x14fdb7126bb1]
[borgl097:237843] [16] /discover/nobackup/projects/gmao/SIteam/ESMF_Testing/nag_7.2.15_openmpi_O_develop/esmf/DEFAULTINSTALLDIR/lib/libO/Linux.nag.64.openmpi.default/libesmf.so(esmf_compmod_MP_esmf_compexecute+0xa3d)[0x14c0a7400bb1]
[borgl097:237845] /discover/nobackup/projects/gmao/SIteam/ESMF_Testing/nag_7.2.15_openmpi_O_develop/esmf/DEFAULTINSTALLDIR/lib/libO/Linux.nag.64.openmpi.default/libesmf.so(esmf_compmod_MP_esmf_compexecute+0xa3d)[0x14a524a79bb1]
[borgl097:237846] [16] [16] /discover/nobackup/projects/gmao/SIteam/ESMF_Testing/nag_7.2.15_openmpi_O_develop/esmf/DEFAULTINSTALLDIR/lib/libO/Linux.nag.64.openmpi.default/libesmf.so(esmf_gridcompmod_MP_esmf_gridcompinitialize+0x176)[0x14fdb74482e9]
[borgl097:237843] [17] ./mainApp[0x495c1b]
[borgl097:237843] [18] /discover/nobackup/projects/gmao/SIteam/ESMF_Testing/nag_7.2.15_openmpi_O_develop/esmf/DEFAULTINSTALLDIR/lib/libO/Linux.nag.64.openmpi.default/libesmf.so(esmf_gridcompmod_MP_esmf_gridcompinitialize+0x176)[0x147d98a182e9]
[borgl097:237844] [17] ./mainApp[0x495c1b]
[borgl097:237844] /discover/nobackup/projects/gmao/SIteam/ESMF_Testing/nag_7.2.15_openmpi_O_develop/esmf/DEFAULTINSTALLDIR/lib/libO/Linux.nag.64.openmpi.default/libesmf.so(esmf_gridcompmod_MP_esmf_gridcompinitialize+0x176)[0x14c0a77222e9]
[borgl097:237845] ./mainApp(__NAGf90_cosmp_init+0x123)[0x434a53]
[borgl097:237843] [19] ./mainApp[0x495763]
[18] ./mainApp(__NAGf90_cosmp_init+0x123)[0x434a53]
[borgl097:237844] [19] [17] ./mainApp[0x495c1b]
[borgl097:237845] [18] ./mainApp(__NAGf90_cosmp_init+0x123)[0x434a53]
[borgl097:237845] [19] ./mainApp[0x495763]
[borgl097:237845] [20] ./mainApp[0x495763]
[borgl097:237844] [20] /lib64/libc.so.6(__libc_start_main+0xef)[0x147d962f224d]
[borgl097:237844] [21] ./mainApp[0x40beba]
[borgl097:237844] *** End of error message ***
[borgl097:237843] [20] /lib64/libc.so.6(__libc_start_main+0xef)[0x14fdb4cf224d]
[borgl097:237843] [21] ./mainApp[0x40beba]
[borgl097:237843] *** End of error message ***
/discover/nobackup/projects/gmao/SIteam/ESMF_Testing/nag_7.2.15_openmpi_O_develop/esmf/DEFAULTINSTALLDIR/lib/libO/Linux.nag.64.openmpi.default/libesmf.so(esmf_gridcompmod_MP_esmf_gridcompinitialize+0x176)[0x14a524d9b2e9]
[borgl097:237846] [17] ./mainApp[0x495c1b]
[borgl097:237846] [18] ./mainApp(__NAGf90_cosmp_init+0x123)[0x434a53]
[borgl097:237846] [19] ./mainApp[0x495763]
[borgl097:237846] [20] /lib64/libc.so.6(__libc_start_main+0xef)[0x14a52263e24d]
[borgl097:237846] [21] /lib64/libc.so.6(__libc_start_main+0xef)[0x14c0a501a24d]
[borgl097:237845] [21] ./mainApp[0x40beba]
./mainApp[0x40beba]
[borgl097:237846] *** End of error message ***
[borgl097:237845] *** End of error message ***
--------------------------------------------------------------------------
Primary job  terminated normally, but 1 process returned
a non-zero exit code. Per user-direction, the job has been aborted.
--------------------------------------------------------------------------
--------------------------------------------------------------------------
mpirun noticed that process rank 3 with PID 237846 on node borgl097 exited on signal 6 (Aborted).
--------------------------------------------------------------------------
3 total processes killed (some possibly by mpirun during cleanup)
