2024-10-12 23:34:59
Runtime Error: UnexpecteRuntime Error: Unexpected end of format specifRuntime Error: Unexpected end of format specification
ProgramRuntime Error: Unexpected end of format specification
Program terminatd end of format specification
Program terminateded by I/O error ication
Program terminated by I/ terminated by I/O error on internal file
on internal file
O error on internal file
 by I/O error on internal file
[borgl054:228883] *** Process received signal ***
[borgl054:228883] Signal: Aborted (6)
[borgl054:228883] Signal code:  (-6)
[borgl054:228880] *** Process received signal ***
[borgl054:228881] *** Process received signal ***
[borgl054:228881] Signal: Aborted (6)
[borgl054:228881] Signal code:  (-6)
[borgl054:228882] *** Process received signal ***
[borgl054:228880] Signal: Aborted (6)
[borgl054:228880] Signal code:  (-6)
[borgl054:228882] Signal: Aborted (6)
[borgl054:228882] Signal code:  (-6)
[borgl054:228881] [ 0] [borgl054:228882] [ 0] [borgl054:228883] [ 0] /lib64/libpthread.so.0(+0x16910)[0x151b6cd71910]
[borgl054:228883] [ 1] [borgl054:228880] [ 0] /lib64/libpthread.so.0(+0x16910)[0x14cb784db910]
/lib64/libpthread.so.0(+0x16910)[0x14fc871a6910]
[borgl054:228881] [ 1] /lib64/libc.so.6(gsignal+0x10d)[0x14fc86707d2b]
[borgl054:228881] [ 2] /lib64/libpthread.so.0(+0x16910)[0x14bc8d2a6910]
[borgl054:228882] [ 1] /lib64/libc.so.6(gsignal+0x10d)[0x14bc8d0e3d2b]
[borgl054:228882] [ 2] /lib64/libc.so.6(gsignal+0x10d)[0x151b6c307d2b]
[borgl054:228883] [ 2] /lib64/libc.so.6(abort+0x177)[0x151b6c3093e5]
[borgl054:228883] [ 3] [borgl054:228880] [ 1] /lib64/libc.so.6(gsignal+0x10d)[0x14cb77c53d2b]
[borgl054:228880] [ 2] ./mainApp(__NAGf90_io_abort+0x78)[0x45a7e8]
[borgl054:228883] [ 4] ./mainApp(__NAGf90_ioerr+0x1cd)[0x45ae4d]
/lib64/libc.so.6(abort+0x177)[0x14cb77c553e5]
[borgl054:228880] [ 3] /lib64/libc.so.6(abort+0x177)[0x14fc867093e5]
[borgl054:228881] [ 3] ./mainApp(__NAGf90_io_abort+0x78)[0x45a7e8]
[borgl054:228881] [ 4] ./mainApp(__NAGf90_ioerr+0x1cd)[0x45ae4d]
[borgl054:228881] [ 5] /lib64/libc.so.6(abort+0x177)[0x14bc8d0e53e5]
[borgl054:228882] [ 3] ./mainApp(__NAGf90_io_abort+0x78)[0x45a7e8]
[borgl054:228882] [ 4] ./mainApp(__NAGf90_ioerr+0x1cd)[0x45ae4d]
[borgl054:228882] [ 5] [borgl054:228883] [ 5] /discover/nobackup/projects/gmao/SIteam/comp/SLES-15/nag/7.2.15/lib/NAG_Fortran/libf72rts.so.1(__NAGf90_maybe_next_edit+0xe19)[0x151b6c6aa629]
[borgl054:228883] [ 6] ./mainApp(__NAGf90_io_abort+0x78)[0x45a7e8]
[borgl054:228880] [ 4] ./mainApp(__NAGf90_ioerr+0x1cd)[0x45ae4d]
[borgl054:228880] [ 5] /discover/nobackup/projects/gmao/SIteam/comp/SLES-15/nag/7.2.15/lib/NAG_Fortran/libf72rts.so.1(__NAGf90_maybe_next_edit+0xe19)[0x14cb77eaa629]
[borgl054:228880] [ 6] /discover/nobackup/projects/gmao/SIteam/comp/SLES-15/nag/7.2.15/lib/NAG_Fortran/libf72rts.so.1(__NAGf90_maybe_next_edit+0xe19)[0x14fc86aaa629]
[borgl054:228881] [ 6] /discover/nobackup/projects/gmao/SIteam/comp/SLES-15/nag/7.2.15/lib/NAG_Fortran/libf72rts.so.1(__NAGf90_maybe_next_edit+0xe19)[0x14bc8d4aa629]
[borgl054:228882] [ 6] /discover/nobackup/projects/gmao/SIteam/ESMF_Testing/nag_7.2.15_openmpi_O_develop/esmf/DEFAULTINSTALLDIR/lib/libO/Linux.nag.64.openmpi.default/libesmf.so(nuopc_driver_MP_loopdatadependentinitialize+0x3aef)[0x151b6ef704c0]
[borgl054:228883] [ 7] /discover/nobackup/projects/gmao/SIteam/ESMF_Testing/nag_7.2.15_openmpi_O_develop/esmf/DEFAULTINSTALLDIR/lib/libO/Linux.nag.64.openmpi.default/libesmf.so(nuopc_driver_MP_loopdatadependentinitialize+0x3aef)[0x14cb7a8264c0]
[borgl054:228880] [ 7] /discover/nobackup/projects/gmao/SIteam/ESMF_Testing/nag_7.2.15_openmpi_O_develop/esmf/DEFAULTINSTALLDIR/lib/libO/Linux.nag.64.openmpi.default/libesmf.so(nuopc_driver_MP_loopdatadependentinitialize+0x3aef)[0x14fc893a54c0]
[borgl054:228881] [ 7] /discover/nobackup/projects/gmao/SIteam/ESMF_Testing/nag_7.2.15_openmpi_O_develop/esmf/DEFAULTINSTALLDIR/lib/libO/Linux.nag.64.openmpi.default/libesmf.so(nuopc_driver_MP_loopdatadependentinitialize+0x3aef)[0x14bc8fcd64c0]
[borgl054:228882] [ 7] /discover/nobackup/projects/gmao/SIteam/ESMF_Testing/nag_7.2.15_openmpi_O_develop/esmf/DEFAULTINSTALLDIR/lib/libO/Linux.nag.64.openmpi.default/libesmf.so(nuopc_driver_MP_initializeipdv02p5data+0x3180)[0x151b6ef803e2]
[borgl054:228883] [ 8] /discover/nobackup/projects/gmao/SIteam/ESMF_Testing/nag_7.2.15_openmpi_O_develop/esmf/DEFAULTINSTALLDIR/lib/libO/Linux.nag.64.openmpi.default/libesmf.so(nuopc_driver_MP_initializeipdv02p5data+0x3180)[0x14cb7a8363e2]
[borgl054:228880] [ 8] /discover/nobackup/projects/gmao/SIteam/ESMF_Testing/nag_7.2.15_openmpi_O_develop/esmf/DEFAULTINSTALLDIR/lib/libO/Linux.nag.64.openmpi.default/libesmf.so(nuopc_driver_MP_initializeipdv02p5data+0x3180)[0x14fc893b53e2]
[borgl054:228881] [ 8] /discover/nobackup/projects/gmao/SIteam/ESMF_Testing/nag_7.2.15_openmpi_O_develop/esmf/DEFAULTINSTALLDIR/lib/libO/Linux.nag.64.openmpi.default/libesmf.so(nuopc_driver_MP_initializeipdv02p5data+0x3180)[0x14bc8fce63e2]
[borgl054:228882] [ 8] /discover/nobackup/projects/gmao/SIteam/ESMF_Testing/nag_7.2.15_openmpi_O_develop/esmf/DEFAULTINSTALLDIR/lib/libO/Linux.nag.64.openmpi.default/libesmf.so(nuopc_driver_MP_initializeipdv02p5+0x4779)[0x151b6ef859a7]
[borgl054:228883] [ 9] /discover/nobackup/projects/gmao/SIteam/ESMF_Testing/nag_7.2.15_openmpi_O_develop/esmf/DEFAULTINSTALLDIR/lib/libO/Linux.nag.64.openmpi.default/libesmf.so(nuopc_driver_MP_initializeipdv02p5+0x4779)[0x14cb7a83b9a7]
[borgl054:228880] [ 9] /discover/nobackup/projects/gmao/SIteam/ESMF_Testing/nag_7.2.15_openmpi_O_develop/esmf/DEFAULTINSTALLDIR/lib/libO/Linux.nag.64.openmpi.default/libesmf.so(nuopc_driver_MP_initializeipdv02p5+0x4779)[0x14fc893ba9a7]
[borgl054:228881] [ 9] /discover/nobackup/projects/gmao/SIteam/ESMF_Testing/nag_7.2.15_openmpi_O_develop/esmf/DEFAULTINSTALLDIR/lib/libO/Linux.nag.64.openmpi.default/libesmf.so(nuopc_driver_MP_initializeipdv02p5+0x4779)[0x14bc8fceb9a7]
[borgl054:228882] [ 9] /discover/nobackup/projects/gmao/SIteam/ESMF_Testing/nag_7.2.15_openmpi_O_develop/esmf/DEFAULTINSTALLDIR/lib/libO/Linux.nag.64.openmpi.default/libesmf.so(nuopc_driver_MP_initializegeneric+0x1a06)[0x151b6efbb035]
[borgl054:228883] [10] /discover/nobackup/projects/gmao/SIteam/ESMF_Testing/nag_7.2.15_openmpi_O_develop/esmf/DEFAULTINSTALLDIR/lib/libO/Linux.nag.64.openmpi.default/libesmf.so(nuopc_driver_MP_initializegeneric+0x1a06)[0x14cb7a871035]
[borgl054:228880] [10] /discover/nobackup/projects/gmao/SIteam/ESMF_Testing/nag_7.2.15_openmpi_O_develop/esmf/DEFAULTINSTALLDIR/lib/libO/Linux.nag.64.openmpi.default/libesmf.so(nuopc_driver_MP_initializegeneric+0x1a06)[0x14fc893f0035]
[borgl054:228881] [10] /discover/nobackup/projects/gmao/SIteam/ESMF_Testing/nag_7.2.15_openmpi_O_develop/esmf/DEFAULTINSTALLDIR/lib/libO/Linux.nag.64.openmpi.default/libesmf.so(nuopc_driver_MP_initializegeneric+0x1a06)[0x14bc8fd21035]
[borgl054:228882] [10] /discover/nobackup/projects/gmao/SIteam/ESMF_Testing/nag_7.2.15_openmpi_O_develop/esmf/DEFAULTINSTALLDIR/lib/libO/Linux.nag.64.openmpi.default/libesmf.so(_ZN5ESMCI6FTable12callVFuncPtrEPKcPNS_2VMEPi+0xc55)[0x151b6e0c7ce9]
[borgl054:228883] [11] /discover/nobackup/projects/gmao/SIteam/ESMF_Testing/nag_7.2.15_openmpi_O_develop/esmf/DEFAULTINSTALLDIR/lib/libO/Linux.nag.64.openmpi.default/libesmf.so(_ZN5ESMCI6FTable12callVFuncPtrEPKcPNS_2VMEPi+0xc55)[0x14cb7997dce9]
[borgl054:228880] [11] /discover/nobackup/projects/gmao/SIteam/ESMF_Testing/nag_7.2.15_openmpi_O_develop/esmf/DEFAULTINSTALLDIR/lib/libO/Linux.nag.64.openmpi.default/libesmf.so(_ZN5ESMCI6FTable12callVFuncPtrEPKcPNS_2VMEPi+0xc55)[0x14fc884fcce9]
[borgl054:228881] [11] /discover/nobackup/projects/gmao/SIteam/ESMF_Testing/nag_7.2.15_openmpi_O_develop/esmf/DEFAULTINSTALLDIR/lib/libO/Linux.nag.64.openmpi.default/libesmf.so(_ZN5ESMCI6FTable12callVFuncPtrEPKcPNS_2VMEPi+0xc55)[0x14bc8ee2dce9]
[borgl054:228882] [11] /discover/nobackup/projects/gmao/SIteam/ESMF_Testing/nag_7.2.15_openmpi_O_develop/esmf/DEFAULTINSTALLDIR/lib/libO/Linux.nag.64.openmpi.default/libesmf.so(ESMCI_FTableCallEntryPointVMHop+0x32e)[0x151b6e0c4dbc]
[borgl054:228883] [12] /discover/nobackup/projects/gmao/SIteam/ESMF_Testing/nag_7.2.15_openmpi_O_develop/esmf/DEFAULTINSTALLDIR/lib/libO/Linux.nag.64.openmpi.default/libesmf.so(ESMCI_FTableCallEntryPointVMHop+0x32e)[0x14cb7997adbc]
[borgl054:228880] [12] /discover/nobackup/projects/gmao/SIteam/ESMF_Testing/nag_7.2.15_openmpi_O_develop/esmf/DEFAULTINSTALLDIR/lib/libO/Linux.nag.64.openmpi.default/libesmf.so(ESMCI_FTableCallEntryPointVMHop+0x32e)[0x14fc884f9dbc]
[borgl054:228881] [12] /discover/nobackup/projects/gmao/SIteam/ESMF_Testing/nag_7.2.15_openmpi_O_develop/esmf/DEFAULTINSTALLDIR/lib/libO/Linux.nag.64.openmpi.default/libesmf.so(ESMCI_FTableCallEntryPointVMHop+0x32e)[0x14bc8ee2adbc]
[borgl054:228882] [12] /discover/nobackup/projects/gmao/SIteam/ESMF_Testing/nag_7.2.15_openmpi_O_develop/esmf/DEFAULTINSTALLDIR/lib/libO/Linux.nag.64.openmpi.default/libesmf.so(_ZN5ESMCI3VMK5enterEPNS_7VMKPlanEPvS3_+0xd5)[0x151b6e4c44ab]
[borgl054:228883] [13] /discover/nobackup/projects/gmao/SIteam/ESMF_Testing/nag_7.2.15_openmpi_O_develop/esmf/DEFAULTINSTALLDIR/lib/libO/Linux.nag.64.openmpi.default/libesmf.so(_ZN5ESMCI3VMK5enterEPNS_7VMKPlanEPvS3_+0xd5)[0x14cb79d7a4ab]
[borgl054:228880] [13] /discover/nobackup/projects/gmao/SIteam/ESMF_Testing/nag_7.2.15_openmpi_O_develop/esmf/DEFAULTINSTALLDIR/lib/libO/Linux.nag.64.openmpi.default/libesmf.so(_ZN5ESMCI3VMK5enterEPNS_7VMKPlanEPvS3_+0xd5)[0x14fc888f94ab]
[borgl054:228881] [13] /discover/nobackup/projects/gmao/SIteam/ESMF_Testing/nag_7.2.15_openmpi_O_develop/esmf/DEFAULTINSTALLDIR/lib/libO/Linux.nag.64.openmpi.default/libesmf.so(_ZN5ESMCI3VMK5enterEPNS_7VMKPlanEPvS3_+0xd5)[0x14bc8f22a4ab]
[borgl054:228882] [13] /discover/nobackup/projects/gmao/SIteam/ESMF_Testing/nag_7.2.15_openmpi_O_develop/esmf/DEFAULTINSTALLDIR/lib/libO/Linux.nag.64.openmpi.default/libesmf.so(_ZN5ESMCI2VM5enterEPNS_6VMPlanEPvS3_+0xb7)[0x151b6e4ae3c5]
[borgl054:228883] [14] /discover/nobackup/projects/gmao/SIteam/ESMF_Testing/nag_7.2.15_openmpi_O_develop/esmf/DEFAULTINSTALLDIR/lib/libO/Linux.nag.64.openmpi.default/libesmf.so(_ZN5ESMCI2VM5enterEPNS_6VMPlanEPvS3_+0xb7)[0x14cb79d643c5]
[borgl054:228880] [14] /discover/nobackup/projects/gmao/SIteam/ESMF_Testing/nag_7.2.15_openmpi_O_develop/esmf/DEFAULTINSTALLDIR/lib/libO/Linux.nag.64.openmpi.default/libesmf.so(_ZN5ESMCI2VM5enterEPNS_6VMPlanEPvS3_+0xb7)[0x14fc888e33c5]
[borgl054:228881] [14] /discover/nobackup/projects/gmao/SIteam/ESMF_Testing/nag_7.2.15_openmpi_O_develop/esmf/DEFAULTINSTALLDIR/lib/libO/Linux.nag.64.openmpi.default/libesmf.so(_ZN5ESMCI2VM5enterEPNS_6VMPlanEPvS3_+0xb7)[0x14bc8f2143c5]
[borgl054:228882] [14] /discover/nobackup/projects/gmao/SIteam/ESMF_Testing/nag_7.2.15_openmpi_O_develop/esmf/DEFAULTINSTALLDIR/lib/libO/Linux.nag.64.openmpi.default/libesmf.so(c_esmc_ftablecallentrypointvm_+0x35f)[0x151b6e0c5255]
[borgl054:228883] [15] /discover/nobackup/projects/gmao/SIteam/ESMF_Testing/nag_7.2.15_openmpi_O_develop/esmf/DEFAULTINSTALLDIR/lib/libO/Linux.nag.64.openmpi.default/libesmf.so(c_esmc_ftablecallentrypointvm_+0x35f)[0x14cb7997b255]
[borgl054:228880] [15] /discover/nobackup/projects/gmao/SIteam/ESMF_Testing/nag_7.2.15_openmpi_O_develop/esmf/DEFAULTINSTALLDIR/lib/libO/Linux.nag.64.openmpi.default/libesmf.so(c_esmc_ftablecallentrypointvm_+0x35f)[0x14fc884fa255]
[borgl054:228881] [15] /discover/nobackup/projects/gmao/SIteam/ESMF_Testing/nag_7.2.15_openmpi_O_develop/esmf/DEFAULTINSTALLDIR/lib/libO/Linux.nag.64.openmpi.default/libesmf.so(c_esmc_ftablecallentrypointvm_+0x35f)[0x14bc8ee2b255]
[borgl054:228882] [15] /discover/nobackup/projects/gmao/SIteam/ESMF_Testing/nag_7.2.15_openmpi_O_develop/esmf/DEFAULTINSTALLDIR/lib/libO/Linux.nag.64.openmpi.default/libesmf.so(esmf_compmod_MP_esmf_compexecute+0xa3d)[0x151b6e75abb1]
[borgl054:228883] [16] /discover/nobackup/projects/gmao/SIteam/ESMF_Testing/nag_7.2.15_openmpi_O_develop/esmf/DEFAULTINSTALLDIR/lib/libO/Linux.nag.64.openmpi.default/libesmf.so(esmf_compmod_MP_esmf_compexecute+0xa3d)[0x14cb7a010bb1]
[borgl054:228880] [16] /discover/nobackup/projects/gmao/SIteam/ESMF_Testing/nag_7.2.15_openmpi_O_develop/esmf/DEFAULTINSTALLDIR/lib/libO/Linux.nag.64.openmpi.default/libesmf.so(esmf_compmod_MP_esmf_compexecute+0xa3d)[0x14fc88b8fbb1]
[borgl054:228881] [16] /discover/nobackup/projects/gmao/SIteam/ESMF_Testing/nag_7.2.15_openmpi_O_develop/esmf/DEFAULTINSTALLDIR/lib/libO/Linux.nag.64.openmpi.default/libesmf.so(esmf_compmod_MP_esmf_compexecute+0xa3d)[0x14bc8f4c0bb1]
[borgl054:228882] [16] /discover/nobackup/projects/gmao/SIteam/ESMF_Testing/nag_7.2.15_openmpi_O_develop/esmf/DEFAULTINSTALLDIR/lib/libO/Linux.nag.64.openmpi.default/libesmf.so(esmf_gridcompmod_MP_esmf_gridcompinitialize+0x176)[0x151b6ea7c2e9]
[borgl054:228883] [17] ./mainApp[0x495c1b]
[borgl054:228883] [18] /discover/nobackup/projects/gmao/SIteam/ESMF_Testing/nag_7.2.15_openmpi_O_develop/esmf/DEFAULTINSTALLDIR/lib/libO/Linux.nag.64.openmpi.default/libesmf.so(esmf_gridcompmod_MP_esmf_gridcompinitialize+0x176)[0x14cb7a3322e9]
[borgl054:228880] [17] ./mainApp[0x495c1b]
[borgl054:228880] [18] ./mainApp(__NAGf90_cosmp_init+0x123)[0x434a53]
[borgl054:228883] [19] ./mainApp[0x495763]
[borgl054:228883] [20] ./mainApp(__NAGf90_cosmp_init+0x123)[0x434a53]
[borgl054:228880] [19] ./mainApp[0x495763]
[borgl054:228880] [20] /lib64/libc.so.6(__libc_start_main+0xef)[0x151b6c2f224d]
[borgl054:228883] [21] /lib64/libc.so.6(__libc_start_main+0xef)[0x14cb77c3e24d]
[borgl054:228880] [21] ./mainApp[0x40beba]
[borgl054:228880] *** End of error message ***
./mainApp[0x40beba]
[borgl054:228883] *** End of error message ***
/discover/nobackup/projects/gmao/SIteam/ESMF_Testing/nag_7.2.15_openmpi_O_develop/esmf/DEFAULTINSTALLDIR/lib/libO/Linux.nag.64.openmpi.default/libesmf.so(esmf_gridcompmod_MP_esmf_gridcompinitialize+0x176)[0x14fc88eb12e9]
[borgl054:228881] [17] ./mainApp[0x495c1b]
[borgl054:228881] [18] ./mainApp(__NAGf90_cosmp_init+0x123)[0x434a53]
[borgl054:228881] [19] ./mainApp[0x495763]
[borgl054:228881] [20] /discover/nobackup/projects/gmao/SIteam/ESMF_Testing/nag_7.2.15_openmpi_O_develop/esmf/DEFAULTINSTALLDIR/lib/libO/Linux.nag.64.openmpi.default/libesmf.so(esmf_gridcompmod_MP_esmf_gridcompinitialize+0x176)[0x14bc8f7e22e9]
[borgl054:228882] [17] ./mainApp[0x495c1b]
[borgl054:228882] [18] ./mainApp(__NAGf90_cosmp_init+0x123)[0x434a53]
[borgl054:228882] [19] ./mainApp[0x495763]
[borgl054:228882] [20] /lib64/libc.so.6(__libc_start_main+0xef)[0x14bc8d0ce24d]
[borgl054:228882] /lib64/libc.so.6(__libc_start_main+0xef)[0x14fc866f224d]
[borgl054:228881] [21] ./mainApp[0x40beba]
[borgl054:228881] *** End of error message ***
[21] ./mainApp[0x40beba]
[borgl054:228882] *** End of error message ***
--------------------------------------------------------------------------
Primary job  terminated normally, but 1 process returned
a non-zero exit code. Per user-direction, the job has been aborted.
--------------------------------------------------------------------------
--------------------------------------------------------------------------
mpirun noticed that process rank 0 with PID 228880 on node borgl054 exited on signal 6 (Aborted).
--------------------------------------------------------------------------
