2024-10-08 22:34:25
Runtime Error: Runtime Error: Unexpected end of formatRuntime Error: Unexpected end of format speRuntime Error: Unexpected end of format specificUnexpected end of format specificationation
Programcification
Program terminate specification
Program terminated by I/O  terminated by I/O error on internal file
d by I/O error on internal file

Program terminated by I/O error on internal file
error on internal file
[borgl097:238098] *** Process received signal ***
[borgl097:238098] Signal: Aborted (6)
[borgl097:238098] Signal code:  (-6)
[borgl097:238096] *** Process received signal ***
[borgl097:238096] Signal: Aborted (6)
[borgl097:238096] Signal code:  (-6)
[borgl097:238099] *** Process received signal ***
[borgl097:238099] Signal: Aborted (6)
[borgl097:238099] Signal code:  (-6)
[borgl097:238097] *** Process received signal ***
[borgl097:238097] Signal: Aborted (6)
[borgl097:238097] Signal code:  (-6)
[borgl097:238098] [ 0] /lib64/libpthread.so.0(+0x16910)[0x15433055b910]
[borgl097:238098] [ 1] /lib64/libc.so.6(gsignal+0x10d)[0x15432fc53d2b]
[borgl097:238098] [ 2] /lib64/libc.so.6(abort+0x177)[0x15432fc553e5]
[borgl097:238098] [ 3] ./mainApp(__NAGf90_io_abort+0x78)[0x459f98]
[borgl097:238098] [ 4] ./mainApp(__NAGf90_ioerr+0x1cd)[0x45a5fd]
[borgl097:238098] [ 5] [borgl097:238096] [ 0] /discover/nobackup/projects/gmao/SIteam/comp/SLES-15/nag/7.2.15/lib/NAG_Fortran/libf72rts.so.1(__NAGf90_maybe_next_edit+0xe19)[0x15432feaa629]
[borgl097:238098] [ 6] [borgl097:238099] [ 0] /lib64/libpthread.so.0(+0x16910)[0x145c81bb2910]
[borgl097:238096] [ 1] [borgl097:238097] [ 0] /lib64/libpthread.so.0(+0x16910)[0x14a38690d910]
[borgl097:238099] [ 1] /lib64/libc.so.6(gsignal+0x10d)[0x145c81107d2b]
[borgl097:238096] [ 2] /lib64/libc.so.6(gsignal+0x10d)[0x14a386053d2b]
[borgl097:238099] [ 2] /lib64/libpthread.so.0(+0x16910)[0x14fda7d39910]
[borgl097:238097] [ 1] /lib64/libc.so.6(gsignal+0x10d)[0x14fda7307d2b]
[borgl097:238097] [ 2] /lib64/libc.so.6(abort+0x177)[0x145c811093e5]
[borgl097:238096] [ 3] ./mainApp(__NAGf90_io_abort+0x78)[0x459f98]
[borgl097:238096] [ 4] ./mainApp(__NAGf90_ioerr+0x1cd)[0x45a5fd]
[borgl097:238096] [ 5] /lib64/libc.so.6(abort+0x177)[0x14a3860553e5]
[borgl097:238099] [ 3] /lib64/libc.so.6(abort+0x177)[0x14fda73093e5]
[borgl097:238097] [ 3] ./mainApp(__NAGf90_io_abort+0x78)[0x459f98]
[borgl097:238097] [ 4] ./mainApp(__NAGf90_ioerr+0x1cd)[0x45a5fd]
[borgl097:238097] [ 5] /discover/nobackup/projects/gmao/SIteam/comp/SLES-15/nag/7.2.15/lib/NAG_Fortran/libf72rts.so.1(__NAGf90_maybe_next_edit+0xe19)[0x145c814aa629]
[borgl097:238096] [ 6] ./mainApp(__NAGf90_io_abort+0x78)[0x459f98]
[borgl097:238099] [ 4] ./mainApp(__NAGf90_ioerr+0x1cd)[0x45a5fd]
[borgl097:238099] [ 5] /discover/nobackup/projects/gmao/SIteam/comp/SLES-15/nag/7.2.15/lib/NAG_Fortran/libf72rts.so.1(__NAGf90_maybe_next_edit+0xe19)[0x14a3862aa629]
[borgl097:238099] /discover/nobackup/projects/gmao/SIteam/comp/SLES-15/nag/7.2.15/lib/NAG_Fortran/libf72rts.so.1(__NAGf90_maybe_next_edit+0xe19)[0x14fda76aa629]
[borgl097:238097] [ 6] [ 6] /discover/nobackup/projects/gmao/SIteam/ESMF_Testing/nag_7.2.15_openmpi_O_develop/esmf/DEFAULTINSTALLDIR/lib/libO/Linux.nag.64.openmpi.default/libesmf.so(nuopc_driver_MP_loopdatadependentinitialize+0x3aef)[0x1543328a64c0]
[borgl097:238098] [ 7] /discover/nobackup/projects/gmao/SIteam/ESMF_Testing/nag_7.2.15_openmpi_O_develop/esmf/DEFAULTINSTALLDIR/lib/libO/Linux.nag.64.openmpi.default/libesmf.so(nuopc_driver_MP_loopdatadependentinitialize+0x3aef)[0x145c83db14c0]
[borgl097:238096] [ 7] /discover/nobackup/projects/gmao/SIteam/ESMF_Testing/nag_7.2.15_openmpi_O_develop/esmf/DEFAULTINSTALLDIR/lib/libO/Linux.nag.64.openmpi.default/libesmf.so(nuopc_driver_MP_loopdatadependentinitialize+0x3aef)[0x14fda9f384c0]
[borgl097:238097] [ 7] /discover/nobackup/projects/gmao/SIteam/ESMF_Testing/nag_7.2.15_openmpi_O_develop/esmf/DEFAULTINSTALLDIR/lib/libO/Linux.nag.64.openmpi.default/libesmf.so(nuopc_driver_MP_loopdatadependentinitialize+0x3aef)[0x14a388c584c0]
[borgl097:238099] [ 7] /discover/nobackup/projects/gmao/SIteam/ESMF_Testing/nag_7.2.15_openmpi_O_develop/esmf/DEFAULTINSTALLDIR/lib/libO/Linux.nag.64.openmpi.default/libesmf.so(nuopc_driver_MP_initializeipdv02p5data+0x3180)[0x1543328b63e2]
[borgl097:238098] [ 8] /discover/nobackup/projects/gmao/SIteam/ESMF_Testing/nag_7.2.15_openmpi_O_develop/esmf/DEFAULTINSTALLDIR/lib/libO/Linux.nag.64.openmpi.default/libesmf.so(nuopc_driver_MP_initializeipdv02p5data+0x3180)[0x145c83dc13e2]
[borgl097:238096] [ 8] /discover/nobackup/projects/gmao/SIteam/ESMF_Testing/nag_7.2.15_openmpi_O_develop/esmf/DEFAULTINSTALLDIR/lib/libO/Linux.nag.64.openmpi.default/libesmf.so(nuopc_driver_MP_initializeipdv02p5data+0x3180)[0x14a388c683e2]
[borgl097:238099] [ 8] /discover/nobackup/projects/gmao/SIteam/ESMF_Testing/nag_7.2.15_openmpi_O_develop/esmf/DEFAULTINSTALLDIR/lib/libO/Linux.nag.64.openmpi.default/libesmf.so(nuopc_driver_MP_initializeipdv02p5data+0x3180)[0x14fda9f483e2]
[borgl097:238097] [ 8] /discover/nobackup/projects/gmao/SIteam/ESMF_Testing/nag_7.2.15_openmpi_O_develop/esmf/DEFAULTINSTALLDIR/lib/libO/Linux.nag.64.openmpi.default/libesmf.so(nuopc_driver_MP_initializeipdv02p5+0x4779)[0x1543328bb9a7]
[borgl097:238098] [ 9] /discover/nobackup/projects/gmao/SIteam/ESMF_Testing/nag_7.2.15_openmpi_O_develop/esmf/DEFAULTINSTALLDIR/lib/libO/Linux.nag.64.openmpi.default/libesmf.so(nuopc_driver_MP_initializeipdv02p5+0x4779)[0x145c83dc69a7]
[borgl097:238096] [ 9] /discover/nobackup/projects/gmao/SIteam/ESMF_Testing/nag_7.2.15_openmpi_O_develop/esmf/DEFAULTINSTALLDIR/lib/libO/Linux.nag.64.openmpi.default/libesmf.so(nuopc_driver_MP_initializeipdv02p5+0x4779)[0x14fda9f4d9a7]
[borgl097:238097] [ 9] /discover/nobackup/projects/gmao/SIteam/ESMF_Testing/nag_7.2.15_openmpi_O_develop/esmf/DEFAULTINSTALLDIR/lib/libO/Linux.nag.64.openmpi.default/libesmf.so(nuopc_driver_MP_initializeipdv02p5+0x4779)[0x14a388c6d9a7]
[borgl097:238099] [ 9] /discover/nobackup/projects/gmao/SIteam/ESMF_Testing/nag_7.2.15_openmpi_O_develop/esmf/DEFAULTINSTALLDIR/lib/libO/Linux.nag.64.openmpi.default/libesmf.so(nuopc_driver_MP_initializegeneric+0x1a06)[0x1543328f1035]
[borgl097:238098] [10] /discover/nobackup/projects/gmao/SIteam/ESMF_Testing/nag_7.2.15_openmpi_O_develop/esmf/DEFAULTINSTALLDIR/lib/libO/Linux.nag.64.openmpi.default/libesmf.so(nuopc_driver_MP_initializegeneric+0x1a06)[0x145c83dfc035]
[borgl097:238096] [10] /discover/nobackup/projects/gmao/SIteam/ESMF_Testing/nag_7.2.15_openmpi_O_develop/esmf/DEFAULTINSTALLDIR/lib/libO/Linux.nag.64.openmpi.default/libesmf.so(nuopc_driver_MP_initializegeneric+0x1a06)[0x14fda9f83035]
[borgl097:238097] [10] /discover/nobackup/projects/gmao/SIteam/ESMF_Testing/nag_7.2.15_openmpi_O_develop/esmf/DEFAULTINSTALLDIR/lib/libO/Linux.nag.64.openmpi.default/libesmf.so(nuopc_driver_MP_initializegeneric+0x1a06)[0x14a388ca3035]
[borgl097:238099] [10] /discover/nobackup/projects/gmao/SIteam/ESMF_Testing/nag_7.2.15_openmpi_O_develop/esmf/DEFAULTINSTALLDIR/lib/libO/Linux.nag.64.openmpi.default/libesmf.so(_ZN5ESMCI6FTable12callVFuncPtrEPKcPNS_2VMEPi+0xc55)[0x1543319fdce9]
[borgl097:238098] [11] /discover/nobackup/projects/gmao/SIteam/ESMF_Testing/nag_7.2.15_openmpi_O_develop/esmf/DEFAULTINSTALLDIR/lib/libO/Linux.nag.64.openmpi.default/libesmf.so(_ZN5ESMCI6FTable12callVFuncPtrEPKcPNS_2VMEPi+0xc55)[0x145c82f08ce9]
[borgl097:238096] [11] /discover/nobackup/projects/gmao/SIteam/ESMF_Testing/nag_7.2.15_openmpi_O_develop/esmf/DEFAULTINSTALLDIR/lib/libO/Linux.nag.64.openmpi.default/libesmf.so(_ZN5ESMCI6FTable12callVFuncPtrEPKcPNS_2VMEPi+0xc55)[0x14a387dafce9]
[borgl097:238099] [11] /discover/nobackup/projects/gmao/SIteam/ESMF_Testing/nag_7.2.15_openmpi_O_develop/esmf/DEFAULTINSTALLDIR/lib/libO/Linux.nag.64.openmpi.default/libesmf.so(_ZN5ESMCI6FTable12callVFuncPtrEPKcPNS_2VMEPi+0xc55)[0x14fda908fce9]
[borgl097:238097] [11] /discover/nobackup/projects/gmao/SIteam/ESMF_Testing/nag_7.2.15_openmpi_O_develop/esmf/DEFAULTINSTALLDIR/lib/libO/Linux.nag.64.openmpi.default/libesmf.so(ESMCI_FTableCallEntryPointVMHop+0x32e)[0x1543319fadbc]
[borgl097:238098] [12] /discover/nobackup/projects/gmao/SIteam/ESMF_Testing/nag_7.2.15_openmpi_O_develop/esmf/DEFAULTINSTALLDIR/lib/libO/Linux.nag.64.openmpi.default/libesmf.so(ESMCI_FTableCallEntryPointVMHop+0x32e)[0x145c82f05dbc]
[borgl097:238096] [12] /discover/nobackup/projects/gmao/SIteam/ESMF_Testing/nag_7.2.15_openmpi_O_develop/esmf/DEFAULTINSTALLDIR/lib/libO/Linux.nag.64.openmpi.default/libesmf.so(ESMCI_FTableCallEntryPointVMHop+0x32e)[0x14fda908cdbc]
[borgl097:238097] [12] /discover/nobackup/projects/gmao/SIteam/ESMF_Testing/nag_7.2.15_openmpi_O_develop/esmf/DEFAULTINSTALLDIR/lib/libO/Linux.nag.64.openmpi.default/libesmf.so(ESMCI_FTableCallEntryPointVMHop+0x32e)[0x14a387dacdbc]
[borgl097:238099] [12] /discover/nobackup/projects/gmao/SIteam/ESMF_Testing/nag_7.2.15_openmpi_O_develop/esmf/DEFAULTINSTALLDIR/lib/libO/Linux.nag.64.openmpi.default/libesmf.so(_ZN5ESMCI3VMK5enterEPNS_7VMKPlanEPvS3_+0xd5)[0x154331dfa4ab]
[borgl097:238098] [13] /discover/nobackup/projects/gmao/SIteam/ESMF_Testing/nag_7.2.15_openmpi_O_develop/esmf/DEFAULTINSTALLDIR/lib/libO/Linux.nag.64.openmpi.default/libesmf.so(_ZN5ESMCI3VMK5enterEPNS_7VMKPlanEPvS3_+0xd5)[0x145c833054ab]
[borgl097:238096] [13] /discover/nobackup/projects/gmao/SIteam/ESMF_Testing/nag_7.2.15_openmpi_O_develop/esmf/DEFAULTINSTALLDIR/lib/libO/Linux.nag.64.openmpi.default/libesmf.so(_ZN5ESMCI3VMK5enterEPNS_7VMKPlanEPvS3_+0xd5)[0x14fda948c4ab]
[borgl097:238097] [13] /discover/nobackup/projects/gmao/SIteam/ESMF_Testing/nag_7.2.15_openmpi_O_develop/esmf/DEFAULTINSTALLDIR/lib/libO/Linux.nag.64.openmpi.default/libesmf.so(_ZN5ESMCI3VMK5enterEPNS_7VMKPlanEPvS3_+0xd5)[0x14a3881ac4ab]
[borgl097:238099] [13] /discover/nobackup/projects/gmao/SIteam/ESMF_Testing/nag_7.2.15_openmpi_O_develop/esmf/DEFAULTINSTALLDIR/lib/libO/Linux.nag.64.openmpi.default/libesmf.so(_ZN5ESMCI2VM5enterEPNS_6VMPlanEPvS3_+0xb7)[0x154331de43c5]
[borgl097:238098] [14] /discover/nobackup/projects/gmao/SIteam/ESMF_Testing/nag_7.2.15_openmpi_O_develop/esmf/DEFAULTINSTALLDIR/lib/libO/Linux.nag.64.openmpi.default/libesmf.so(_ZN5ESMCI2VM5enterEPNS_6VMPlanEPvS3_+0xb7)[0x145c832ef3c5]
[borgl097:238096] [14] /discover/nobackup/projects/gmao/SIteam/ESMF_Testing/nag_7.2.15_openmpi_O_develop/esmf/DEFAULTINSTALLDIR/lib/libO/Linux.nag.64.openmpi.default/libesmf.so(_ZN5ESMCI2VM5enterEPNS_6VMPlanEPvS3_+0xb7)[0x14fda94763c5]
[borgl097:238097] [14] /discover/nobackup/projects/gmao/SIteam/ESMF_Testing/nag_7.2.15_openmpi_O_develop/esmf/DEFAULTINSTALLDIR/lib/libO/Linux.nag.64.openmpi.default/libesmf.so(_ZN5ESMCI2VM5enterEPNS_6VMPlanEPvS3_+0xb7)[0x14a3881963c5]
[borgl097:238099] [14] /discover/nobackup/projects/gmao/SIteam/ESMF_Testing/nag_7.2.15_openmpi_O_develop/esmf/DEFAULTINSTALLDIR/lib/libO/Linux.nag.64.openmpi.default/libesmf.so(c_esmc_ftablecallentrypointvm_+0x35f)[0x1543319fb255]
[borgl097:238098] [15] /discover/nobackup/projects/gmao/SIteam/ESMF_Testing/nag_7.2.15_openmpi_O_develop/esmf/DEFAULTINSTALLDIR/lib/libO/Linux.nag.64.openmpi.default/libesmf.so(c_esmc_ftablecallentrypointvm_+0x35f)[0x145c82f06255]
[borgl097:238096] [15] /discover/nobackup/projects/gmao/SIteam/ESMF_Testing/nag_7.2.15_openmpi_O_develop/esmf/DEFAULTINSTALLDIR/lib/libO/Linux.nag.64.openmpi.default/libesmf.so(c_esmc_ftablecallentrypointvm_+0x35f)[0x14fda908d255]
[borgl097:238097] [15] /discover/nobackup/projects/gmao/SIteam/ESMF_Testing/nag_7.2.15_openmpi_O_develop/esmf/DEFAULTINSTALLDIR/lib/libO/Linux.nag.64.openmpi.default/libesmf.so(c_esmc_ftablecallentrypointvm_+0x35f)[0x14a387dad255]
[borgl097:238099] [15] /discover/nobackup/projects/gmao/SIteam/ESMF_Testing/nag_7.2.15_openmpi_O_develop/esmf/DEFAULTINSTALLDIR/lib/libO/Linux.nag.64.openmpi.default/libesmf.so(esmf_compmod_MP_esmf_compexecute+0xa3d)[0x154332090bb1]
[borgl097:238098] [16] /discover/nobackup/projects/gmao/SIteam/ESMF_Testing/nag_7.2.15_openmpi_O_develop/esmf/DEFAULTINSTALLDIR/lib/libO/Linux.nag.64.openmpi.default/libesmf.so(esmf_compmod_MP_esmf_compexecute+0xa3d)[0x145c8359bbb1]
[borgl097:238096] [16] /discover/nobackup/projects/gmao/SIteam/ESMF_Testing/nag_7.2.15_openmpi_O_develop/esmf/DEFAULTINSTALLDIR/lib/libO/Linux.nag.64.openmpi.default/libesmf.so(esmf_compmod_MP_esmf_compexecute+0xa3d)[0x14fda9722bb1]
[borgl097:238097] [16] /discover/nobackup/projects/gmao/SIteam/ESMF_Testing/nag_7.2.15_openmpi_O_develop/esmf/DEFAULTINSTALLDIR/lib/libO/Linux.nag.64.openmpi.default/libesmf.so(esmf_compmod_MP_esmf_compexecute+0xa3d)[0x14a388442bb1]
[borgl097:238099] [16] /discover/nobackup/projects/gmao/SIteam/ESMF_Testing/nag_7.2.15_openmpi_O_develop/esmf/DEFAULTINSTALLDIR/lib/libO/Linux.nag.64.openmpi.default/libesmf.so(esmf_gridcompmod_MP_esmf_gridcompinitialize+0x176)[0x1543323b22e9]
[borgl097:238098] [17] ./mainApp[0x4953dd]
[borgl097:238098] [18] ./mainApp(__NAGf90_cosmp_init+0x123)[0x434203]
[borgl097:238098] [19] ./mainApp[0x494f13]
[borgl097:238098] [20] /lib64/libc.so.6(__libc_start_main+0xef)[0x15432fc3e24d]
[borgl097:238098] [21] ./mainApp[0x40b66a]
[borgl097:238098] *** End of error message ***
/discover/nobackup/projects/gmao/SIteam/ESMF_Testing/nag_7.2.15_openmpi_O_develop/esmf/DEFAULTINSTALLDIR/lib/libO/Linux.nag.64.openmpi.default/libesmf.so(esmf_gridcompmod_MP_esmf_gridcompinitialize+0x176)[0x145c838bd2e9]
[borgl097:238096] [17] ./mainApp[0x4953dd]
[borgl097:238096] [18] /discover/nobackup/projects/gmao/SIteam/ESMF_Testing/nag_7.2.15_openmpi_O_develop/esmf/DEFAULTINSTALLDIR/lib/libO/Linux.nag.64.openmpi.default/libesmf.so(esmf_gridcompmod_MP_esmf_gridcompinitialize+0x176)[0x14fda9a442e9]
[borgl097:238097] [17] ./mainApp(__NAGf90_cosmp_init+0x123)[0x434203]
[borgl097:238096] [19] ./mainApp[0x494f13]
[borgl097:238096] [20] ./mainApp[0x4953dd]
[borgl097:238097] [18] ./mainApp(__NAGf90_cosmp_init+0x123)[0x434203]
[borgl097:238097] [19] ./mainApp[0x494f13]
[borgl097:238097] [20] /lib64/libc.so.6(__libc_start_main+0xef)[0x145c810f224d]
[borgl097:238096] [21] ./mainApp[0x40b66a]
[borgl097:238096] *** End of error message ***
/lib64/libc.so.6(__libc_start_main+0xef)[0x14fda72f224d]
[borgl097:238097] [21] /discover/nobackup/projects/gmao/SIteam/ESMF_Testing/nag_7.2.15_openmpi_O_develop/esmf/DEFAULTINSTALLDIR/lib/libO/Linux.nag.64.openmpi.default/libesmf.so(esmf_gridcompmod_MP_esmf_gridcompinitialize+0x176)[0x14a3887642e9]
[borgl097:238099] [17] ./mainApp[0x4953dd]
./mainApp[0x40b66a]
[borgl097:238097] *** End of error message ***
[borgl097:238099] [18] ./mainApp(__NAGf90_cosmp_init+0x123)[0x434203]
[borgl097:238099] [19] ./mainApp[0x494f13]
[borgl097:238099] [20] /lib64/libc.so.6(__libc_start_main+0xef)[0x14a38603e24d]
[borgl097:238099] [21] ./mainApp[0x40b66a]
[borgl097:238099] *** End of error message ***
--------------------------------------------------------------------------
Primary job  terminated normally, but 1 process returned
a non-zero exit code. Per user-direction, the job has been aborted.
--------------------------------------------------------------------------
--------------------------------------------------------------------------
mpirun noticed that process rank 2 with PID 238098 on node borgl097 exited on signal 6 (Aborted).
--------------------------------------------------------------------------
