2024-10-14 22:28:28
Runtime Error: UneRuntime Error: Unexpected end of format specificatRuntime Error: Unexpected end of format specificatRuntime Error: Unexpected end of format specification
Program teion
Program texpected end of format specification
Program terminaion
Program terminated by I/O errorminated by I/O error on inter on internal file
rminated by I/O error on internal file
ted by I/O error on internal file
rnal file
[borgj179:220536] *** Process received signal ***
[borgj179:220536] Signal: Aborted (6)
[borgj179:220536] Signal code:  (-6)
[borgj179:220538] *** Process received signal ***
[borgj179:220538] Signal: Aborted (6)
[borgj179:220538] Signal code:  (-6)
[borgj179:220535] *** Process received signal ***
[borgj179:220537] *** Process received signal ***
[borgj179:220537] Signal: Aborted (6)
[borgj179:220537] Signal code:  (-6)
[borgj179:220535] Signal: Aborted (6)
[borgj179:220535] Signal code:  (-6)
[borgj179:220536] [ 0] /lib64/libpthread.so.0(+0x16910)[0x1505e8112910]
[borgj179:220536] [ 1] /lib64/libc.so.6(gsignal+0x10d)[0x1505e7707d2b]
[borgj179:220536] [ 2] /lib64/libc.so.6(abort+0x177)[0x1505e77093e5]
[borgj179:220536] [ 3] ./mainApp(__NAGf90_io_abort+0x78)[0x45a0b8]
[borgj179:220536] [ 4] ./mainApp(__NAGf90_ioerr+0x1cd)[0x45a71d]
[borgj179:220536] [ 5] /discover/nobackup/projects/gmao/SIteam/comp/SLES-15/nag/7.2.15/lib/NAG_Fortran/libf72rts.so.1(__NAGf90_maybe_next_edit+0xe19)[0x1505e7aaa629]
[borgj179:220536] [ 6] [borgj179:220538] [ 0] /lib64/libpthread.so.0(+0x16910)[0x14f7f758f910]
[borgj179:220535] [ 0] [borgj179:220538] [ 1] /lib64/libpthread.so.0(+0x16910)[0x1543bfd36910]
[borgj179:220535] [ 1] /lib64/libc.so.6(gsignal+0x10d)[0x1543bf307d2b]
[borgj179:220535] [borgj179:220537] [ 0] /lib64/libpthread.so.0(+0x16910)[0x14cf9a7f2910]
[borgj179:220537] [ 1] /lib64/libc.so.6(gsignal+0x10d)[0x14f7f6b07d2b]
[borgj179:220538] [ 2] [ 2] /lib64/libc.so.6(abort+0x177)[0x14f7f6b093e5]
[borgj179:220538] [ 3] ./mainApp(__NAGf90_io_abort+0x78)[0x45a0b8]
[borgj179:220538] [ 4] ./mainApp(__NAGf90_ioerr+0x1cd)[0x45a71d]
[borgj179:220538] [ 5] /lib64/libc.so.6(abort+0x177)[0x1543bf3093e5]
[borgj179:220535] [ 3] ./mainApp(__NAGf90_io_abort+0x78)[0x45a0b8]
[borgj179:220535] [ 4] ./mainApp(__NAGf90_ioerr+0x1cd)[0x45a71d]
[borgj179:220535] [ 5] /lib64/libc.so.6(gsignal+0x10d)[0x14cf9a62fd2b]
[borgj179:220537] [ 2] /lib64/libc.so.6(abort+0x177)[0x14cf9a6313e5]
[borgj179:220537] [ 3] ./mainApp(__NAGf90_io_abort+0x78)[0x45a0b8]
[borgj179:220537] [ 4] ./mainApp(__NAGf90_ioerr+0x1cd)[0x45a71d]
[borgj179:220537] [ 5] /discover/nobackup/projects/gmao/SIteam/comp/SLES-15/nag/7.2.15/lib/NAG_Fortran/libf72rts.so.1(__NAGf90_maybe_next_edit+0xe19)[0x14cf9a8aa629]
[borgj179:220537] [ 6] /discover/nobackup/projects/gmao/SIteam/comp/SLES-15/nag/7.2.15/lib/NAG_Fortran/libf72rts.so.1(__NAGf90_maybe_next_edit+0xe19)[0x1543bf6aa629]
[borgj179:220535] [ 6] /discover/nobackup/projects/gmao/SIteam/comp/SLES-15/nag/7.2.15/lib/NAG_Fortran/libf72rts.so.1(__NAGf90_maybe_next_edit+0xe19)[0x14f7f6eaa629]
[borgj179:220538] [ 6] /discover/nobackup/projects/gmao/SIteam/ESMF_Testing/nag_7.2.15_openmpi_O_develop/esmf/DEFAULTINSTALLDIR/lib/libO/Linux.nag.64.openmpi.default/libesmf.so(nuopc_driver_MP_loopdatadependentinitialize+0x3aef)[0x1505ea3114c0]
[borgj179:220536] [ 7] /discover/nobackup/projects/gmao/SIteam/ESMF_Testing/nag_7.2.15_openmpi_O_develop/esmf/DEFAULTINSTALLDIR/lib/libO/Linux.nag.64.openmpi.default/libesmf.so(nuopc_driver_MP_loopdatadependentinitialize+0x3aef)[0x14f7f978e4c0]
[borgj179:220538] [ 7] /discover/nobackup/projects/gmao/SIteam/ESMF_Testing/nag_7.2.15_openmpi_O_develop/esmf/DEFAULTINSTALLDIR/lib/libO/Linux.nag.64.openmpi.default/libesmf.so(nuopc_driver_MP_loopdatadependentinitialize+0x3aef)[0x1543c1f354c0]
[borgj179:220535] [ 7] /discover/nobackup/projects/gmao/SIteam/ESMF_Testing/nag_7.2.15_openmpi_O_develop/esmf/DEFAULTINSTALLDIR/lib/libO/Linux.nag.64.openmpi.default/libesmf.so(nuopc_driver_MP_loopdatadependentinitialize+0x3aef)[0x14cf9d2104c0]
[borgj179:220537] [ 7] /discover/nobackup/projects/gmao/SIteam/ESMF_Testing/nag_7.2.15_openmpi_O_develop/esmf/DEFAULTINSTALLDIR/lib/libO/Linux.nag.64.openmpi.default/libesmf.so(nuopc_driver_MP_initializeipdv02p5data+0x3180)[0x1505ea3213e2]
[borgj179:220536] [ 8] /discover/nobackup/projects/gmao/SIteam/ESMF_Testing/nag_7.2.15_openmpi_O_develop/esmf/DEFAULTINSTALLDIR/lib/libO/Linux.nag.64.openmpi.default/libesmf.so(nuopc_driver_MP_initializeipdv02p5data+0x3180)[0x14f7f979e3e2]
[borgj179:220538] [ 8] /discover/nobackup/projects/gmao/SIteam/ESMF_Testing/nag_7.2.15_openmpi_O_develop/esmf/DEFAULTINSTALLDIR/lib/libO/Linux.nag.64.openmpi.default/libesmf.so(nuopc_driver_MP_initializeipdv02p5data+0x3180)[0x14cf9d2203e2]
[borgj179:220537] [ 8] /discover/nobackup/projects/gmao/SIteam/ESMF_Testing/nag_7.2.15_openmpi_O_develop/esmf/DEFAULTINSTALLDIR/lib/libO/Linux.nag.64.openmpi.default/libesmf.so(nuopc_driver_MP_initializeipdv02p5data+0x3180)[0x1543c1f453e2]
[borgj179:220535] [ 8] /discover/nobackup/projects/gmao/SIteam/ESMF_Testing/nag_7.2.15_openmpi_O_develop/esmf/DEFAULTINSTALLDIR/lib/libO/Linux.nag.64.openmpi.default/libesmf.so(nuopc_driver_MP_initializeipdv02p5+0x4779)[0x1505ea3269a7]
[borgj179:220536] [ 9] /discover/nobackup/projects/gmao/SIteam/ESMF_Testing/nag_7.2.15_openmpi_O_develop/esmf/DEFAULTINSTALLDIR/lib/libO/Linux.nag.64.openmpi.default/libesmf.so(nuopc_driver_MP_initializeipdv02p5+0x4779)[0x14f7f97a39a7]
[borgj179:220538] [ 9] /discover/nobackup/projects/gmao/SIteam/ESMF_Testing/nag_7.2.15_openmpi_O_develop/esmf/DEFAULTINSTALLDIR/lib/libO/Linux.nag.64.openmpi.default/libesmf.so(nuopc_driver_MP_initializeipdv02p5+0x4779)[0x14cf9d2259a7]
[borgj179:220537] [ 9] /discover/nobackup/projects/gmao/SIteam/ESMF_Testing/nag_7.2.15_openmpi_O_develop/esmf/DEFAULTINSTALLDIR/lib/libO/Linux.nag.64.openmpi.default/libesmf.so(nuopc_driver_MP_initializeipdv02p5+0x4779)[0x1543c1f4a9a7]
[borgj179:220535] [ 9] /discover/nobackup/projects/gmao/SIteam/ESMF_Testing/nag_7.2.15_openmpi_O_develop/esmf/DEFAULTINSTALLDIR/lib/libO/Linux.nag.64.openmpi.default/libesmf.so(nuopc_driver_MP_initializegeneric+0x1a06)[0x1505ea35c035]
[borgj179:220536] [10] /discover/nobackup/projects/gmao/SIteam/ESMF_Testing/nag_7.2.15_openmpi_O_develop/esmf/DEFAULTINSTALLDIR/lib/libO/Linux.nag.64.openmpi.default/libesmf.so(nuopc_driver_MP_initializegeneric+0x1a06)[0x14f7f97d9035]
[borgj179:220538] [10] /discover/nobackup/projects/gmao/SIteam/ESMF_Testing/nag_7.2.15_openmpi_O_develop/esmf/DEFAULTINSTALLDIR/lib/libO/Linux.nag.64.openmpi.default/libesmf.so(nuopc_driver_MP_initializegeneric+0x1a06)[0x14cf9d25b035]
[borgj179:220537] [10] /discover/nobackup/projects/gmao/SIteam/ESMF_Testing/nag_7.2.15_openmpi_O_develop/esmf/DEFAULTINSTALLDIR/lib/libO/Linux.nag.64.openmpi.default/libesmf.so(nuopc_driver_MP_initializegeneric+0x1a06)[0x1543c1f80035]
[borgj179:220535] [10] /discover/nobackup/projects/gmao/SIteam/ESMF_Testing/nag_7.2.15_openmpi_O_develop/esmf/DEFAULTINSTALLDIR/lib/libO/Linux.nag.64.openmpi.default/libesmf.so(_ZN5ESMCI6FTable12callVFuncPtrEPKcPNS_2VMEPi+0xc55)[0x1505e9468ce9]
[borgj179:220536] [11] /discover/nobackup/projects/gmao/SIteam/ESMF_Testing/nag_7.2.15_openmpi_O_develop/esmf/DEFAULTINSTALLDIR/lib/libO/Linux.nag.64.openmpi.default/libesmf.so(_ZN5ESMCI6FTable12callVFuncPtrEPKcPNS_2VMEPi+0xc55)[0x14f7f88e5ce9]
[borgj179:220538] [11] /discover/nobackup/projects/gmao/SIteam/ESMF_Testing/nag_7.2.15_openmpi_O_develop/esmf/DEFAULTINSTALLDIR/lib/libO/Linux.nag.64.openmpi.default/libesmf.so(_ZN5ESMCI6FTable12callVFuncPtrEPKcPNS_2VMEPi+0xc55)[0x14cf9c367ce9]
[borgj179:220537] [11] /discover/nobackup/projects/gmao/SIteam/ESMF_Testing/nag_7.2.15_openmpi_O_develop/esmf/DEFAULTINSTALLDIR/lib/libO/Linux.nag.64.openmpi.default/libesmf.so(_ZN5ESMCI6FTable12callVFuncPtrEPKcPNS_2VMEPi+0xc55)[0x1543c108cce9]
[borgj179:220535] [11] /discover/nobackup/projects/gmao/SIteam/ESMF_Testing/nag_7.2.15_openmpi_O_develop/esmf/DEFAULTINSTALLDIR/lib/libO/Linux.nag.64.openmpi.default/libesmf.so(ESMCI_FTableCallEntryPointVMHop+0x32e)[0x1505e9465dbc]
[borgj179:220536] [12] /discover/nobackup/projects/gmao/SIteam/ESMF_Testing/nag_7.2.15_openmpi_O_develop/esmf/DEFAULTINSTALLDIR/lib/libO/Linux.nag.64.openmpi.default/libesmf.so(ESMCI_FTableCallEntryPointVMHop+0x32e)[0x14f7f88e2dbc]
[borgj179:220538] [12] /discover/nobackup/projects/gmao/SIteam/ESMF_Testing/nag_7.2.15_openmpi_O_develop/esmf/DEFAULTINSTALLDIR/lib/libO/Linux.nag.64.openmpi.default/libesmf.so(ESMCI_FTableCallEntryPointVMHop+0x32e)[0x14cf9c364dbc]
[borgj179:220537] [12] /discover/nobackup/projects/gmao/SIteam/ESMF_Testing/nag_7.2.15_openmpi_O_develop/esmf/DEFAULTINSTALLDIR/lib/libO/Linux.nag.64.openmpi.default/libesmf.so(ESMCI_FTableCallEntryPointVMHop+0x32e)[0x1543c1089dbc]
[borgj179:220535] [12] /discover/nobackup/projects/gmao/SIteam/ESMF_Testing/nag_7.2.15_openmpi_O_develop/esmf/DEFAULTINSTALLDIR/lib/libO/Linux.nag.64.openmpi.default/libesmf.so(_ZN5ESMCI3VMK5enterEPNS_7VMKPlanEPvS3_+0xd5)[0x1505e98654ab]
[borgj179:220536] [13] /discover/nobackup/projects/gmao/SIteam/ESMF_Testing/nag_7.2.15_openmpi_O_develop/esmf/DEFAULTINSTALLDIR/lib/libO/Linux.nag.64.openmpi.default/libesmf.so(_ZN5ESMCI3VMK5enterEPNS_7VMKPlanEPvS3_+0xd5)[0x14f7f8ce24ab]
[borgj179:220538] [13] /discover/nobackup/projects/gmao/SIteam/ESMF_Testing/nag_7.2.15_openmpi_O_develop/esmf/DEFAULTINSTALLDIR/lib/libO/Linux.nag.64.openmpi.default/libesmf.so(_ZN5ESMCI3VMK5enterEPNS_7VMKPlanEPvS3_+0xd5)[0x1543c14894ab]
[borgj179:220535] [13] /discover/nobackup/projects/gmao/SIteam/ESMF_Testing/nag_7.2.15_openmpi_O_develop/esmf/DEFAULTINSTALLDIR/lib/libO/Linux.nag.64.openmpi.default/libesmf.so(_ZN5ESMCI3VMK5enterEPNS_7VMKPlanEPvS3_+0xd5)[0x14cf9c7644ab]
[borgj179:220537] [13] /discover/nobackup/projects/gmao/SIteam/ESMF_Testing/nag_7.2.15_openmpi_O_develop/esmf/DEFAULTINSTALLDIR/lib/libO/Linux.nag.64.openmpi.default/libesmf.so(_ZN5ESMCI2VM5enterEPNS_6VMPlanEPvS3_+0xb7)[0x1505e984f3c5]
[borgj179:220536] [14] /discover/nobackup/projects/gmao/SIteam/ESMF_Testing/nag_7.2.15_openmpi_O_develop/esmf/DEFAULTINSTALLDIR/lib/libO/Linux.nag.64.openmpi.default/libesmf.so(_ZN5ESMCI2VM5enterEPNS_6VMPlanEPvS3_+0xb7)[0x14f7f8ccc3c5]
[borgj179:220538] [14] /discover/nobackup/projects/gmao/SIteam/ESMF_Testing/nag_7.2.15_openmpi_O_develop/esmf/DEFAULTINSTALLDIR/lib/libO/Linux.nag.64.openmpi.default/libesmf.so(_ZN5ESMCI2VM5enterEPNS_6VMPlanEPvS3_+0xb7)[0x14cf9c74e3c5]
[borgj179:220537] [14] /discover/nobackup/projects/gmao/SIteam/ESMF_Testing/nag_7.2.15_openmpi_O_develop/esmf/DEFAULTINSTALLDIR/lib/libO/Linux.nag.64.openmpi.default/libesmf.so(_ZN5ESMCI2VM5enterEPNS_6VMPlanEPvS3_+0xb7)[0x1543c14733c5]
[borgj179:220535] [14] /discover/nobackup/projects/gmao/SIteam/ESMF_Testing/nag_7.2.15_openmpi_O_develop/esmf/DEFAULTINSTALLDIR/lib/libO/Linux.nag.64.openmpi.default/libesmf.so(c_esmc_ftablecallentrypointvm_+0x35f)[0x1505e9466255]
[borgj179:220536] [15] /discover/nobackup/projects/gmao/SIteam/ESMF_Testing/nag_7.2.15_openmpi_O_develop/esmf/DEFAULTINSTALLDIR/lib/libO/Linux.nag.64.openmpi.default/libesmf.so(c_esmc_ftablecallentrypointvm_+0x35f)[0x14f7f88e3255]
[borgj179:220538] [15] /discover/nobackup/projects/gmao/SIteam/ESMF_Testing/nag_7.2.15_openmpi_O_develop/esmf/DEFAULTINSTALLDIR/lib/libO/Linux.nag.64.openmpi.default/libesmf.so(c_esmc_ftablecallentrypointvm_+0x35f)[0x14cf9c365255]
[borgj179:220537] [15] /discover/nobackup/projects/gmao/SIteam/ESMF_Testing/nag_7.2.15_openmpi_O_develop/esmf/DEFAULTINSTALLDIR/lib/libO/Linux.nag.64.openmpi.default/libesmf.so(c_esmc_ftablecallentrypointvm_+0x35f)[0x1543c108a255]
[borgj179:220535] [15] /discover/nobackup/projects/gmao/SIteam/ESMF_Testing/nag_7.2.15_openmpi_O_develop/esmf/DEFAULTINSTALLDIR/lib/libO/Linux.nag.64.openmpi.default/libesmf.so(esmf_compmod_MP_esmf_compexecute+0xa3d)[0x1505e9afbbb1]
[borgj179:220536] [16] /discover/nobackup/projects/gmao/SIteam/ESMF_Testing/nag_7.2.15_openmpi_O_develop/esmf/DEFAULTINSTALLDIR/lib/libO/Linux.nag.64.openmpi.default/libesmf.so(esmf_compmod_MP_esmf_compexecute+0xa3d)[0x14f7f8f78bb1]
[borgj179:220538] [16] /discover/nobackup/projects/gmao/SIteam/ESMF_Testing/nag_7.2.15_openmpi_O_develop/esmf/DEFAULTINSTALLDIR/lib/libO/Linux.nag.64.openmpi.default/libesmf.so(esmf_compmod_MP_esmf_compexecute+0xa3d)[0x14cf9c9fabb1]
[borgj179:220537] [16] /discover/nobackup/projects/gmao/SIteam/ESMF_Testing/nag_7.2.15_openmpi_O_develop/esmf/DEFAULTINSTALLDIR/lib/libO/Linux.nag.64.openmpi.default/libesmf.so(esmf_compmod_MP_esmf_compexecute+0xa3d)[0x1543c171fbb1]
[borgj179:220535] [16] /discover/nobackup/projects/gmao/SIteam/ESMF_Testing/nag_7.2.15_openmpi_O_develop/esmf/DEFAULTINSTALLDIR/lib/libO/Linux.nag.64.openmpi.default/libesmf.so(esmf_gridcompmod_MP_esmf_gridcompinitialize+0x176)[0x1505e9e1d2e9]
[borgj179:220536] [17] ./mainApp[0x4954fd]
[borgj179:220536] [18] ./mainApp(__NAGf90_cosmp_init+0x123)[0x434323]
[borgj179:220536] [19] ./mainApp[0x495033]
[borgj179:220536] [20] /lib64/libc.so.6(__libc_start_main+0xef)[0x1505e76f224d]
[borgj179:220536] [21] ./mainApp[0x40b78a]
[borgj179:220536] *** End of error message ***
/discover/nobackup/projects/gmao/SIteam/ESMF_Testing/nag_7.2.15_openmpi_O_develop/esmf/DEFAULTINSTALLDIR/lib/libO/Linux.nag.64.openmpi.default/libesmf.so(esmf_gridcompmod_MP_esmf_gridcompinitialize+0x176)[0x14f7f929a2e9]
[borgj179:220538] [17] ./mainApp[0x4954fd]
[borgj179:220538] [18] /discover/nobackup/projects/gmao/SIteam/ESMF_Testing/nag_7.2.15_openmpi_O_develop/esmf/DEFAULTINSTALLDIR/lib/libO/Linux.nag.64.openmpi.default/libesmf.so(esmf_gridcompmod_MP_esmf_gridcompinitialize+0x176)[0x14cf9cd1c2e9]
[borgj179:220537] [17] ./mainApp[0x4954fd]
[borgj179:220537] [18] /discover/nobackup/projects/gmao/SIteam/ESMF_Testing/nag_7.2.15_openmpi_O_develop/esmf/DEFAULTINSTALLDIR/lib/libO/Linux.nag.64.openmpi.default/libesmf.so(esmf_gridcompmod_MP_esmf_gridcompinitialize+0x176)[0x1543c1a412e9]
[borgj179:220535] [17] ./mainApp[0x4954fd]
[borgj179:220535] [18] ./mainApp(__NAGf90_cosmp_init+0x123)[0x434323]
[borgj179:220538] [19] ./mainApp[0x495033]
[borgj179:220538] [20] ./mainApp(__NAGf90_cosmp_init+0x123)[0x434323]
[borgj179:220535] [19] ./mainApp(__NAGf90_cosmp_init+0x123)[0x434323]
[borgj179:220537] [19] ./mainApp[0x495033]
[borgj179:220537] [20] /lib64/libc.so.6(__libc_start_main+0xef)[0x14f7f6af224d]
[borgj179:220538] [21] ./mainApp[0x40b78a]
[borgj179:220538] *** End of error message ***
./mainApp[0x495033]
[borgj179:220535] [20] /lib64/libc.so.6(__libc_start_main+0xef)[0x1543bf2f224d]
[borgj179:220535] [21] ./mainApp[0x40b78a]
[borgj179:220535] *** End of error message ***
/lib64/libc.so.6(__libc_start_main+0xef)[0x14cf9a61a24d]
[borgj179:220537] [21] ./mainApp[0x40b78a]
[borgj179:220537] *** End of error message ***
--------------------------------------------------------------------------
Primary job  terminated normally, but 1 process returned
a non-zero exit code. Per user-direction, the job has been aborted.
--------------------------------------------------------------------------
--------------------------------------------------------------------------
mpirun noticed that process rank 1 with PID 220536 on node borgj179 exited on signal 6 (Aborted).
--------------------------------------------------------------------------
