2024-10-10 23:38:00
Runtime Error: Unexpected end of format speciRuntime Error: Unexpected end of format specification
Program teRuntime Error: Unexpected end of format specification
Program termRuntime Error: Unexpected end of format specification
Program terminated by Ification
Program terminated by I/O error onrminated by I/O error on inte/O error on internal inated by I/O error on internal file
rnal file
 internal file
file
[borgl165:246786] *** Process received signal ***
[borgl165:246786] Signal: Aborted (6)
[borgl165:246786] Signal code:  (-6)
[borgl165:246786] [ 0] /lib64/libpthread.so.0(+0x16910)[0x14d99db87910]
[borgl165:246786] [ 1] /lib64/libc.so.6(gsignal+0x10d)[0x14d99d107d2b]
[borgl165:246786] [ 2] /lib64/libc.so.6(abort+0x177)[0x14d99d1093e5]
[borgl165:246786] [ 3] ./mainApp(__NAGf90_io_abort+0x78)[0x459a68]
[borgl165:246786] [ 4] ./mainApp(__NAGf90_ioerr+0x1cd)[0x45a0cd]
[borgl165:246786] [ 5] /discover/nobackup/projects/gmao/SIteam/comp/SLES-15/nag/7.2.15/lib/NAG_Fortran/libf72rts.so.1(__NAGf90_maybe_next_edit+0xe19)[0x14d99d4aa629]
[borgl165:246786] [ 6] [borgl165:246783] *** Process received signal ***
[borgl165:246783] Signal: Aborted (6)
[borgl165:246783] Signal code:  (-6)
[borgl165:246784] *** Process received signal ***
[borgl165:246784] Signal: Aborted (6)
[borgl165:246784] Signal code:  (-6)
[borgl165:246783] [ 0] /lib64/libpthread.so.0(+0x16910)[0x1484df7c5910]
[borgl165:246783] [ 1] [borgl165:246784] [ 0] /lib64/libc.so.6(gsignal+0x10d)[0x1484ded07d2b]
[borgl165:246783] [ 2] /lib64/libpthread.so.0(+0x16910)[0x14a494335910]
[borgl165:246784] /lib64/libc.so.6(abort+0x177)[0x1484ded093e5]
[borgl165:246783] [ 3] ./mainApp(__NAGf90_io_abort+0x78)[0x459a68]
[borgl165:246783] [ 4] ./mainApp(__NAGf90_ioerr+0x1cd)[0x45a0cd]
[borgl165:246783] [ 5] [ 1] /lib64/libc.so.6(gsignal+0x10d)[0x14a493907d2b]
[borgl165:246784] [ 2] /lib64/libc.so.6(abort+0x177)[0x14a4939093e5]
[borgl165:246784] [ 3] /discover/nobackup/projects/gmao/SIteam/comp/SLES-15/nag/7.2.15/lib/NAG_Fortran/libf72rts.so.1(__NAGf90_maybe_next_edit+0xe19)[0x1484df0aa629]
[borgl165:246783] [ 6] ./mainApp(__NAGf90_io_abort+0x78)[0x459a68]
[borgl165:246784] [ 4] ./mainApp(__NAGf90_ioerr+0x1cd)[0x45a0cd]
[borgl165:246784] [ 5] [borgl165:246785] *** Process received signal ***
[borgl165:246785] Signal: Aborted (6)
[borgl165:246785] Signal code:  (-6)
/discover/nobackup/projects/gmao/SIteam/comp/SLES-15/nag/7.2.15/lib/NAG_Fortran/libf72rts.so.1(__NAGf90_maybe_next_edit+0xe19)[0x14a493caa629]
[borgl165:246784] [ 6] [borgl165:246785] [ 0] /lib64/libpthread.so.0(+0x16910)[0x14d518164910]
[borgl165:246785] [ 1] /lib64/libc.so.6(gsignal+0x10d)[0x14d517707d2b]
[borgl165:246785] [ 2] /lib64/libc.so.6(abort+0x177)[0x14d5177093e5]
[borgl165:246785] [ 3] ./mainApp(__NAGf90_io_abort+0x78)[0x459a68]
[borgl165:246785] [ 4] ./mainApp(__NAGf90_ioerr+0x1cd)[0x45a0cd]
[borgl165:246785] [ 5] /discover/nobackup/projects/gmao/SIteam/comp/SLES-15/nag/7.2.15/lib/NAG_Fortran/libf72rts.so.1(__NAGf90_maybe_next_edit+0xe19)[0x14d517aaa629]
[borgl165:246785] [ 6] /discover/nobackup/projects/gmao/SIteam/ESMF_Testing/nag_7.2.15_openmpi_O_develop/esmf/DEFAULTINSTALLDIR/lib/libO/Linux.nag.64.openmpi.default/libesmf.so(nuopc_driver_MP_loopdatadependentinitialize+0x3aef)[0x14d99fd864c0]
[borgl165:246786] [ 7] /discover/nobackup/projects/gmao/SIteam/ESMF_Testing/nag_7.2.15_openmpi_O_develop/esmf/DEFAULTINSTALLDIR/lib/libO/Linux.nag.64.openmpi.default/libesmf.so(nuopc_driver_MP_loopdatadependentinitialize+0x3aef)[0x1484e19c44c0]
[borgl165:246783] [ 7] /discover/nobackup/projects/gmao/SIteam/ESMF_Testing/nag_7.2.15_openmpi_O_develop/esmf/DEFAULTINSTALLDIR/lib/libO/Linux.nag.64.openmpi.default/libesmf.so(nuopc_driver_MP_loopdatadependentinitialize+0x3aef)[0x14a4965344c0]
[borgl165:246784] [ 7] /discover/nobackup/projects/gmao/SIteam/ESMF_Testing/nag_7.2.15_openmpi_O_develop/esmf/DEFAULTINSTALLDIR/lib/libO/Linux.nag.64.openmpi.default/libesmf.so(nuopc_driver_MP_loopdatadependentinitialize+0x3aef)[0x14d51a3634c0]
[borgl165:246785] [ 7] /discover/nobackup/projects/gmao/SIteam/ESMF_Testing/nag_7.2.15_openmpi_O_develop/esmf/DEFAULTINSTALLDIR/lib/libO/Linux.nag.64.openmpi.default/libesmf.so(nuopc_driver_MP_initializeipdv02p5data+0x3180)[0x14d99fd963e2]
[borgl165:246786] [ 8] /discover/nobackup/projects/gmao/SIteam/ESMF_Testing/nag_7.2.15_openmpi_O_develop/esmf/DEFAULTINSTALLDIR/lib/libO/Linux.nag.64.openmpi.default/libesmf.so(nuopc_driver_MP_initializeipdv02p5data+0x3180)[0x14d51a3733e2]
[borgl165:246785] [ 8] /discover/nobackup/projects/gmao/SIteam/ESMF_Testing/nag_7.2.15_openmpi_O_develop/esmf/DEFAULTINSTALLDIR/lib/libO/Linux.nag.64.openmpi.default/libesmf.so(nuopc_driver_MP_initializeipdv02p5+0x4779)[0x14d99fd9b9a7]
[borgl165:246786] [ 9] /discover/nobackup/projects/gmao/SIteam/ESMF_Testing/nag_7.2.15_openmpi_O_develop/esmf/DEFAULTINSTALLDIR/lib/libO/Linux.nag.64.openmpi.default/libesmf.so(nuopc_driver_MP_initializeipdv02p5data+0x3180)[0x14a4965443e2]
[borgl165:246784] [ 8] /discover/nobackup/projects/gmao/SIteam/ESMF_Testing/nag_7.2.15_openmpi_O_develop/esmf/DEFAULTINSTALLDIR/lib/libO/Linux.nag.64.openmpi.default/libesmf.so(nuopc_driver_MP_initializeipdv02p5data+0x3180)[0x1484e19d43e2]
[borgl165:246783] [ 8] /discover/nobackup/projects/gmao/SIteam/ESMF_Testing/nag_7.2.15_openmpi_O_develop/esmf/DEFAULTINSTALLDIR/lib/libO/Linux.nag.64.openmpi.default/libesmf.so(nuopc_driver_MP_initializeipdv02p5+0x4779)[0x1484e19d99a7]
[borgl165:246783] [ 9] /discover/nobackup/projects/gmao/SIteam/ESMF_Testing/nag_7.2.15_openmpi_O_develop/esmf/DEFAULTINSTALLDIR/lib/libO/Linux.nag.64.openmpi.default/libesmf.so(nuopc_driver_MP_initializeipdv02p5+0x4779)[0x14a4965499a7]
[borgl165:246784] [ 9] /discover/nobackup/projects/gmao/SIteam/ESMF_Testing/nag_7.2.15_openmpi_O_develop/esmf/DEFAULTINSTALLDIR/lib/libO/Linux.nag.64.openmpi.default/libesmf.so(nuopc_driver_MP_initializegeneric+0x1a06)[0x14d99fdd1035]
[borgl165:246786] [10] /discover/nobackup/projects/gmao/SIteam/ESMF_Testing/nag_7.2.15_openmpi_O_develop/esmf/DEFAULTINSTALLDIR/lib/libO/Linux.nag.64.openmpi.default/libesmf.so(nuopc_driver_MP_initializeipdv02p5+0x4779)[0x14d51a3789a7]
[borgl165:246785] [ 9] /discover/nobackup/projects/gmao/SIteam/ESMF_Testing/nag_7.2.15_openmpi_O_develop/esmf/DEFAULTINSTALLDIR/lib/libO/Linux.nag.64.openmpi.default/libesmf.so(nuopc_driver_MP_initializegeneric+0x1a06)[0x1484e1a0f035]
[borgl165:246783] [10] /discover/nobackup/projects/gmao/SIteam/ESMF_Testing/nag_7.2.15_openmpi_O_develop/esmf/DEFAULTINSTALLDIR/lib/libO/Linux.nag.64.openmpi.default/libesmf.so(nuopc_driver_MP_initializegeneric+0x1a06)[0x14a49657f035]
[borgl165:246784] [10] /discover/nobackup/projects/gmao/SIteam/ESMF_Testing/nag_7.2.15_openmpi_O_develop/esmf/DEFAULTINSTALLDIR/lib/libO/Linux.nag.64.openmpi.default/libesmf.so(nuopc_driver_MP_initializegeneric+0x1a06)[0x14d51a3ae035]
[borgl165:246785] [10] /discover/nobackup/projects/gmao/SIteam/ESMF_Testing/nag_7.2.15_openmpi_O_develop/esmf/DEFAULTINSTALLDIR/lib/libO/Linux.nag.64.openmpi.default/libesmf.so(_ZN5ESMCI6FTable12callVFuncPtrEPKcPNS_2VMEPi+0xc55)[0x14d99eeddce9]
[borgl165:246786] [11] /discover/nobackup/projects/gmao/SIteam/ESMF_Testing/nag_7.2.15_openmpi_O_develop/esmf/DEFAULTINSTALLDIR/lib/libO/Linux.nag.64.openmpi.default/libesmf.so(_ZN5ESMCI6FTable12callVFuncPtrEPKcPNS_2VMEPi+0xc55)[0x1484e0b1bce9]
[borgl165:246783] [11] /discover/nobackup/projects/gmao/SIteam/ESMF_Testing/nag_7.2.15_openmpi_O_develop/esmf/DEFAULTINSTALLDIR/lib/libO/Linux.nag.64.openmpi.default/libesmf.so(_ZN5ESMCI6FTable12callVFuncPtrEPKcPNS_2VMEPi+0xc55)[0x14a49568bce9]
[borgl165:246784] [11] /discover/nobackup/projects/gmao/SIteam/ESMF_Testing/nag_7.2.15_openmpi_O_develop/esmf/DEFAULTINSTALLDIR/lib/libO/Linux.nag.64.openmpi.default/libesmf.so(_ZN5ESMCI6FTable12callVFuncPtrEPKcPNS_2VMEPi+0xc55)[0x14d5194bace9]
[borgl165:246785] [11] /discover/nobackup/projects/gmao/SIteam/ESMF_Testing/nag_7.2.15_openmpi_O_develop/esmf/DEFAULTINSTALLDIR/lib/libO/Linux.nag.64.openmpi.default/libesmf.so(ESMCI_FTableCallEntryPointVMHop+0x32e)[0x14d99eedadbc]
[borgl165:246786] [12] /discover/nobackup/projects/gmao/SIteam/ESMF_Testing/nag_7.2.15_openmpi_O_develop/esmf/DEFAULTINSTALLDIR/lib/libO/Linux.nag.64.openmpi.default/libesmf.so(ESMCI_FTableCallEntryPointVMHop+0x32e)[0x1484e0b18dbc]
[borgl165:246783] [12] /discover/nobackup/projects/gmao/SIteam/ESMF_Testing/nag_7.2.15_openmpi_O_develop/esmf/DEFAULTINSTALLDIR/lib/libO/Linux.nag.64.openmpi.default/libesmf.so(ESMCI_FTableCallEntryPointVMHop+0x32e)[0x14a495688dbc]
[borgl165:246784] [12] /discover/nobackup/projects/gmao/SIteam/ESMF_Testing/nag_7.2.15_openmpi_O_develop/esmf/DEFAULTINSTALLDIR/lib/libO/Linux.nag.64.openmpi.default/libesmf.so(ESMCI_FTableCallEntryPointVMHop+0x32e)[0x14d5194b7dbc]
[borgl165:246785] [12] /discover/nobackup/projects/gmao/SIteam/ESMF_Testing/nag_7.2.15_openmpi_O_develop/esmf/DEFAULTINSTALLDIR/lib/libO/Linux.nag.64.openmpi.default/libesmf.so(_ZN5ESMCI3VMK5enterEPNS_7VMKPlanEPvS3_+0xd5)[0x14d99f2da4ab]
[borgl165:246786] [13] /discover/nobackup/projects/gmao/SIteam/ESMF_Testing/nag_7.2.15_openmpi_O_develop/esmf/DEFAULTINSTALLDIR/lib/libO/Linux.nag.64.openmpi.default/libesmf.so(_ZN5ESMCI3VMK5enterEPNS_7VMKPlanEPvS3_+0xd5)[0x1484e0f184ab]
[borgl165:246783] [13] /discover/nobackup/projects/gmao/SIteam/ESMF_Testing/nag_7.2.15_openmpi_O_develop/esmf/DEFAULTINSTALLDIR/lib/libO/Linux.nag.64.openmpi.default/libesmf.so(_ZN5ESMCI3VMK5enterEPNS_7VMKPlanEPvS3_+0xd5)[0x14a495a884ab]
[borgl165:246784] [13] /discover/nobackup/projects/gmao/SIteam/ESMF_Testing/nag_7.2.15_openmpi_O_develop/esmf/DEFAULTINSTALLDIR/lib/libO/Linux.nag.64.openmpi.default/libesmf.so(_ZN5ESMCI3VMK5enterEPNS_7VMKPlanEPvS3_+0xd5)[0x14d5198b74ab]
[borgl165:246785] [13] /discover/nobackup/projects/gmao/SIteam/ESMF_Testing/nag_7.2.15_openmpi_O_develop/esmf/DEFAULTINSTALLDIR/lib/libO/Linux.nag.64.openmpi.default/libesmf.so(_ZN5ESMCI2VM5enterEPNS_6VMPlanEPvS3_+0xb7)[0x14d99f2c43c5]
[borgl165:246786] [14] /discover/nobackup/projects/gmao/SIteam/ESMF_Testing/nag_7.2.15_openmpi_O_develop/esmf/DEFAULTINSTALLDIR/lib/libO/Linux.nag.64.openmpi.default/libesmf.so(_ZN5ESMCI2VM5enterEPNS_6VMPlanEPvS3_+0xb7)[0x1484e0f023c5]
[borgl165:246783] [14] /discover/nobackup/projects/gmao/SIteam/ESMF_Testing/nag_7.2.15_openmpi_O_develop/esmf/DEFAULTINSTALLDIR/lib/libO/Linux.nag.64.openmpi.default/libesmf.so(_ZN5ESMCI2VM5enterEPNS_6VMPlanEPvS3_+0xb7)[0x14a495a723c5]
[borgl165:246784] [14] /discover/nobackup/projects/gmao/SIteam/ESMF_Testing/nag_7.2.15_openmpi_O_develop/esmf/DEFAULTINSTALLDIR/lib/libO/Linux.nag.64.openmpi.default/libesmf.so(_ZN5ESMCI2VM5enterEPNS_6VMPlanEPvS3_+0xb7)[0x14d5198a13c5]
[borgl165:246785] [14] /discover/nobackup/projects/gmao/SIteam/ESMF_Testing/nag_7.2.15_openmpi_O_develop/esmf/DEFAULTINSTALLDIR/lib/libO/Linux.nag.64.openmpi.default/libesmf.so(c_esmc_ftablecallentrypointvm_+0x35f)[0x14d99eedb255]
[borgl165:246786] [15] /discover/nobackup/projects/gmao/SIteam/ESMF_Testing/nag_7.2.15_openmpi_O_develop/esmf/DEFAULTINSTALLDIR/lib/libO/Linux.nag.64.openmpi.default/libesmf.so(c_esmc_ftablecallentrypointvm_+0x35f)[0x1484e0b19255]
[borgl165:246783] [15] /discover/nobackup/projects/gmao/SIteam/ESMF_Testing/nag_7.2.15_openmpi_O_develop/esmf/DEFAULTINSTALLDIR/lib/libO/Linux.nag.64.openmpi.default/libesmf.so(c_esmc_ftablecallentrypointvm_+0x35f)[0x14a495689255]
[borgl165:246784] [15] /discover/nobackup/projects/gmao/SIteam/ESMF_Testing/nag_7.2.15_openmpi_O_develop/esmf/DEFAULTINSTALLDIR/lib/libO/Linux.nag.64.openmpi.default/libesmf.so(c_esmc_ftablecallentrypointvm_+0x35f)[0x14d5194b8255]
[borgl165:246785] [15] /discover/nobackup/projects/gmao/SIteam/ESMF_Testing/nag_7.2.15_openmpi_O_develop/esmf/DEFAULTINSTALLDIR/lib/libO/Linux.nag.64.openmpi.default/libesmf.so(esmf_compmod_MP_esmf_compexecute+0xa3d)[0x14d99f570bb1]
[borgl165:246786] [16] /discover/nobackup/projects/gmao/SIteam/ESMF_Testing/nag_7.2.15_openmpi_O_develop/esmf/DEFAULTINSTALLDIR/lib/libO/Linux.nag.64.openmpi.default/libesmf.so(esmf_compmod_MP_esmf_compexecute+0xa3d)[0x1484e11aebb1]
[borgl165:246783] [16] /discover/nobackup/projects/gmao/SIteam/ESMF_Testing/nag_7.2.15_openmpi_O_develop/esmf/DEFAULTINSTALLDIR/lib/libO/Linux.nag.64.openmpi.default/libesmf.so(esmf_compmod_MP_esmf_compexecute+0xa3d)[0x14a495d1ebb1]
[borgl165:246784] [16] /discover/nobackup/projects/gmao/SIteam/ESMF_Testing/nag_7.2.15_openmpi_O_develop/esmf/DEFAULTINSTALLDIR/lib/libO/Linux.nag.64.openmpi.default/libesmf.so(esmf_compmod_MP_esmf_compexecute+0xa3d)[0x14d519b4dbb1]
[borgl165:246785] [16] /discover/nobackup/projects/gmao/SIteam/ESMF_Testing/nag_7.2.15_openmpi_O_develop/esmf/DEFAULTINSTALLDIR/lib/libO/Linux.nag.64.openmpi.default/libesmf.so(esmf_gridcompmod_MP_esmf_gridcompinitialize+0x176)[0x14d99f8922e9]
[borgl165:246786] [17] ./mainApp[0x494dfc]
[borgl165:246786] [18] ./mainApp(__NAGf90_cosmp_init+0x123)[0x433cd3]
[borgl165:246786] [19] ./mainApp[0x4949e3]
[borgl165:246786] [20] /lib64/libc.so.6(__libc_start_main+0xef)[0x14d99d0f224d]
[borgl165:246786] [21] ./mainApp[0x40b13a]
[borgl165:246786] *** End of error message ***
/discover/nobackup/projects/gmao/SIteam/ESMF_Testing/nag_7.2.15_openmpi_O_develop/esmf/DEFAULTINSTALLDIR/lib/libO/Linux.nag.64.openmpi.default/libesmf.so(esmf_gridcompmod_MP_esmf_gridcompinitialize+0x176)[0x1484e14d02e9]
[borgl165:246783] [17] ./mainApp[0x494dfc]
[borgl165:246783] [18] ./mainApp(__NAGf90_cosmp_init+0x123)[0x433cd3]
[borgl165:246783] [19] ./mainApp[0x4949e3]
[borgl165:246783] [20] /discover/nobackup/projects/gmao/SIteam/ESMF_Testing/nag_7.2.15_openmpi_O_develop/esmf/DEFAULTINSTALLDIR/lib/libO/Linux.nag.64.openmpi.default/libesmf.so(esmf_gridcompmod_MP_esmf_gridcompinitialize+0x176)[0x14a4960402e9]
[borgl165:246784] [17] ./mainApp[0x494dfc]
[borgl165:246784] [18] /lib64/libc.so.6(__libc_start_main+0xef)[0x1484decf224d]
[borgl165:246783] [21] ./mainApp[0x40b13a]
[borgl165:246783] *** End of error message ***
./mainApp(__NAGf90_cosmp_init+0x123)[0x433cd3]
[borgl165:246784] [19] ./mainApp[0x4949e3]
[borgl165:246784] [20] /lib64/libc.so.6(__libc_start_main+0xef)[0x14a4938f224d]
[borgl165:246784] [21] ./mainApp[0x40b13a]
[borgl165:246784] *** End of error message ***
/discover/nobackup/projects/gmao/SIteam/ESMF_Testing/nag_7.2.15_openmpi_O_develop/esmf/DEFAULTINSTALLDIR/lib/libO/Linux.nag.64.openmpi.default/libesmf.so(esmf_gridcompmod_MP_esmf_gridcompinitialize+0x176)[0x14d519e6f2e9]
[borgl165:246785] [17] ./mainApp[0x494dfc]
[borgl165:246785] [18] ./mainApp(__NAGf90_cosmp_init+0x123)[0x433cd3]
[borgl165:246785] [19] ./mainApp[0x4949e3]
[borgl165:246785] [20] /lib64/libc.so.6(__libc_start_main+0xef)[0x14d5176f224d]
[borgl165:246785] [21] ./mainApp[0x40b13a]
[borgl165:246785] *** End of error message ***
--------------------------------------------------------------------------
Primary job  terminated normally, but 1 process returned
a non-zero exit code. Per user-direction, the job has been aborted.
--------------------------------------------------------------------------
--------------------------------------------------------------------------
mpirun noticed that process rank 3 with PID 246786 on node borgl165 exited on signal 6 (Aborted).
--------------------------------------------------------------------------
