2024-10-14 02:40:11
20241014 034324.724 INFO             PET0 !!!!!!!!!!!!!!!!!!!!!!!!!!!!!!!!!!!!!!!!!!!!!!!!!!!!!!
20241014 034324.724 INFO             PET0 !!! THE ESMF_LOG IS SET TO OUTPUT ALL LOG MESSAGES !!!
20241014 034324.725 INFO             PET0 !!!     THIS MAY CAUSE SLOWDOWN IN PERFORMANCE     !!!
20241014 034324.725 INFO             PET0 !!! FOR PRODUCTION RUNS, USE:                      !!!
20241014 034324.725 INFO             PET0 !!!                   ESMF_LOGKIND_Multi_On_Error  !!!
20241014 034324.725 INFO             PET0 !!!!!!!!!!!!!!!!!!!!!!!!!!!!!!!!!!!!!!!!!!!!!!!!!!!!!!
20241014 034324.725 INFO             PET0 Running with ESMF Version   : v8.8.0b01
20241014 034324.725 INFO             PET0 ESMF library build date/time: "Oct 14 2024" "02:36:20"
20241014 034324.725 INFO             PET0 ESMF library build location : /work/noaa/da/mpotts/sandbox/intel_2020.2.1_intelmpi_g_develop/esmf
20241014 034324.725 INFO             PET0 ESMF_COMM                   : intelmpi
20241014 034324.725 INFO             PET0 ESMF_MOAB                   : enabled
20241014 034324.725 INFO             PET0 ESMF_LAPACK                 : enabled
20241014 034324.725 INFO             PET0 ESMF_NETCDF                 : enabled
20241014 034324.725 INFO             PET0 ESMF_PNETCDF                : disabled
20241014 034324.725 INFO             PET0 ESMF_PIO                    : enabled
20241014 034324.725 INFO             PET0 ESMF_YAMLCPP                : enabled
20241014 034324.732 INFO             PET0 AsString: 1
20241014 034324.732 INFO             PET0 asOkay:  T valueI4:          1
20241014 034324.732 INFO             PET0 asOkay:  T valueI8:          1
20241014 034324.732 INFO             PET0 asOkay:  T valueR4:   1.000000
20241014 034324.732 INFO             PET0 asOkay:  T valueR8:   1.000000
20241014 034324.732 INFO             PET0 asOkay:  F valueL:           F
20241014 034324.732 INFO             PET0 AsString: 2
20241014 034324.732 INFO             PET0 asOkay:  T valueI4:          2
20241014 034324.732 INFO             PET0 asOkay:  T valueI8:          2
20241014 034324.732 INFO             PET0 asOkay:  T valueR4:   2.000000
20241014 034324.732 INFO             PET0 asOkay:  T valueR8:   2.000000
20241014 034324.732 INFO             PET0 asOkay:  F valueL:           F
20241014 034324.732 INFO             PET0 AsString: 3
20241014 034324.732 INFO             PET0 asOkay:  T valueI4:          3
20241014 034324.732 INFO             PET0 asOkay:  T valueI8:          3
20241014 034324.732 INFO             PET0 asOkay:  T valueR4:   3.000000
20241014 034324.732 INFO             PET0 asOkay:  T valueR8:   3.000000
20241014 034324.732 INFO             PET0 asOkay:  F valueL:           F
20241014 034324.732 INFO             PET0 AsString: abc
20241014 034324.732 INFO             PET0 asOkay:  F valueI4:          0
20241014 034324.732 INFO             PET0 asOkay:  F valueI8:          0
20241014 034324.732 INFO             PET0 asOkay:  F valueR4:   0.000000
20241014 034324.733 INFO             PET0 asOkay:  F valueR8:   0.000000
20241014 034324.733 INFO             PET0 asOkay:  F valueL:           F
20241014 034324.733 INFO             PET0 AsString: b
20241014 034324.733 INFO             PET0 asOkay:  F valueI4:          0
20241014 034324.733 INFO             PET0 asOkay:  F valueI8:          0
20241014 034324.733 INFO             PET0 asOkay:  F valueR4:   0.000000
20241014 034324.733 INFO             PET0 asOkay:  F valueR8:   0.000000
20241014 034324.733 INFO             PET0 asOkay:  F valueL:           F
20241014 034324.733 INFO             PET0 AsString: TRUE
20241014 034324.733 INFO             PET0 asOkay:  F valueI4:          0
20241014 034324.733 INFO             PET0 asOkay:  F valueI8:          0
20241014 034324.733 INFO             PET0 asOkay:  F valueR4:   0.000000
20241014 034324.733 INFO             PET0 asOkay:  F valueR8:   0.000000
20241014 034324.733 INFO             PET0 asOkay:  T valueL:           T
20241014 034324.733 INFO             PET0 AsString: TRUE
20241014 034324.733 INFO             PET0 asOkay:  F valueI4:          0
20241014 034324.733 INFO             PET0 asOkay:  F valueI8:          0
20241014 034324.733 INFO             PET0 asOkay:  F valueR4:   0.000000
20241014 034324.733 INFO             PET0 asOkay:  F valueR8:   0.000000
20241014 034324.733 INFO             PET0 asOkay:  T valueL:           T
20241014 034324.733 INFO             PET0 AsString: b
20241014 034324.733 INFO             PET0 asOkay:  F valueI4:          0
20241014 034324.733 INFO             PET0 asOkay:  F valueI8:          0
20241014 034324.733 INFO             PET0 asOkay:  F valueR4:   0.000000
20241014 034324.733 INFO             PET0 asOkay:  F valueR8:   0.000000
20241014 034324.733 INFO             PET0 asOkay:  F valueL:           F
20241014 034324.733 INFO             PET0 AsString: abc
20241014 034324.733 INFO             PET0 asOkay:  F valueI4:          0
20241014 034324.733 INFO             PET0 asOkay:  F valueI8:          0
20241014 034324.733 INFO             PET0 asOkay:  F valueR4:   0.000000
20241014 034324.733 INFO             PET0 asOkay:  F valueR8:   0.000000
20241014 034324.734 INFO             PET0 asOkay:  F valueL:           F
20241014 034324.734 INFO             PET0 AsString: 3
20241014 034324.734 INFO             PET0 asOkay:  T valueI4:          3
20241014 034324.734 INFO             PET0 asOkay:  T valueI8:          3
20241014 034324.734 INFO             PET0 asOkay:  T valueR4:   3.000000
20241014 034324.734 INFO             PET0 asOkay:  T valueR8:   3.000000
20241014 034324.734 INFO             PET0 asOkay:  F valueL:           F
20241014 034324.734 INFO             PET0 AsString: 2
20241014 034324.734 INFO             PET0 asOkay:  T valueI4:          2
20241014 034324.734 INFO             PET0 asOkay:  T valueI8:          2
20241014 034324.734 INFO             PET0 asOkay:  T valueR4:   2.000000
20241014 034324.734 INFO             PET0 asOkay:  T valueR8:   2.000000
20241014 034324.734 INFO             PET0 asOkay:  F valueL:           F
20241014 034324.734 INFO             PET0 AsString: 1
20241014 034324.734 INFO             PET0 asOkay:  T valueI4:          1
20241014 034324.734 INFO             PET0 asOkay:  T valueI8:          1
20241014 034324.734 INFO             PET0 asOkay:  T valueR4:   1.000000
20241014 034324.734 INFO             PET0 asOkay:  T valueR8:   1.000000
20241014 034324.734 INFO             PET0 asOkay:  F valueL:           F
20241014 034324.735 INFO             PET0 map key=car map value: AsString: red
20241014 034324.735 INFO             PET0 map key=       car map value: asOkay:  F valueI4:          0
20241014 034324.735 INFO             PET0 map key=       car map value: asOkay:  F valueI8:          0
20241014 034324.735 INFO             PET0 map key=       car map value: asOkay:  F valueR4:   0.000000
20241014 034324.735 INFO             PET0 map key=       car map value: asOkay:  F valueR8:   0.000000
20241014 034324.735 INFO             PET0 map key=       car map value: asOkay:  F valueL:          F
20241014 034324.735 INFO             PET0 map key=bike map value: AsString: 22
20241014 034324.735 INFO             PET0 map key=      bike map value: asOkay:  T valueI4:         22
20241014 034324.735 INFO             PET0 map key=      bike map value: asOkay:  T valueI8:         22
20241014 034324.735 INFO             PET0 map key=      bike map value: asOkay:  T valueR4:  22.000000
20241014 034324.735 INFO             PET0 map key=      bike map value: asOkay:  T valueR8:  22.000000
20241014 034324.735 INFO             PET0 map key=      bike map value: asOkay:  F valueL:          F
20241014 034324.736 INFO             PET0 map key=plane map value: AsString: TRUE
20241014 034324.736 INFO             PET0 map key=     plane map value: asOkay:  F valueI4:          0
20241014 034324.736 INFO             PET0 map key=     plane map value: asOkay:  F valueI8:          0
20241014 034324.736 INFO             PET0 map key=     plane map value: asOkay:  F valueR4:   0.000000
20241014 034324.736 INFO             PET0 map key=     plane map value: asOkay:  F valueR8:   0.000000
20241014 034324.736 INFO             PET0 map key=     plane map value: asOkay:  T valueL:          T
20241014 034324.737 INFO             PET0 map key=bike map value: AsString: 22
20241014 034324.737 INFO             PET0 map key=      bike map value: asOkay:  T valueI4:         22
20241014 034324.737 INFO             PET0 map key=      bike map value: asOkay:  T valueI8:         22
20241014 034324.737 INFO             PET0 map key=      bike map value: asOkay:  T valueR4:  22.000000
20241014 034324.737 INFO             PET0 map key=      bike map value: asOkay:  T valueR8:  22.000000
20241014 034324.738 INFO             PET0 map key=      bike map value: asOkay:  F valueL:          F
20241014 034324.738 INFO             PET0 map key=plane map value: AsString: TRUE
20241014 034324.738 INFO             PET0 map key=     plane map value: asOkay:  F valueI4:          0
20241014 034324.738 INFO             PET0 map key=     plane map value: asOkay:  F valueI8:          0
20241014 034324.738 INFO             PET0 map key=     plane map value: asOkay:  F valueR4:   0.000000
20241014 034324.739 INFO             PET0 map key=     plane map value: asOkay:  F valueR8:   0.000000
20241014 034324.739 INFO             PET0 map key=     plane map value: asOkay:  T valueL:          T
20241014 034324.739 INFO             PET0 map key=car map value: AsString: red
20241014 034324.740 INFO             PET0 map key=       car map value: asOkay:  F valueI4:          0
20241014 034324.740 INFO             PET0 map key=       car map value: asOkay:  F valueI8:          0
20241014 034324.740 INFO             PET0 map key=       car map value: asOkay:  F valueR4:   0.000000
20241014 034324.740 INFO             PET0 map key=       car map value: asOkay:  F valueR8:   0.000000
20241014 034324.740 INFO             PET0 map key=       car map value: asOkay:  F valueL:          F
20241014 034324.745 INFO             PET0 HConfig from Config IsDefined:  T
20241014 034324.745 INFO             PET0 HConfig from Config IsNull:  F
20241014 034324.745 INFO             PET0 HConfig from Config IsSequence:  F
20241014 034324.745 INFO             PET0 HConfig from Config IsMap:  T
20241014 034324.760 INFO             PET0 Empty HConfig tag:               tag:yaml.org,2002:null
20241014 034324.765 INFO             PET0 WithTagsStart: --- HConfig::log() start ---------------------------------
20241014 034324.768 INFO             PET0 WithTagsStart: value_one: {word1: this, word2: is, word3: a, word4: map}
20241014 034324.768 INFO             PET0 WithTagsStart: value_two: [this, is, a, list]
20241014 034324.768 INFO             PET0 WithTagsStart: value_three: 123
20241014 034324.768 INFO             PET0 WithTagsStart: value_four: !<tag:yaml.org,2002:float> 123
20241014 034324.768 INFO             PET0 WithTagsStart: value_five: 2.5
20241014 034324.768 INFO             PET0 WithTagsStart: value_six: !<tag:yaml.org,2002:str> 2.5
20241014 034324.768 INFO             PET0 WithTagsStart: value_seven: False
20241014 034324.768 INFO             PET0 WithTagsStart: value_eight: !<tag:yaml.org,2002:str> true
20241014 034324.768 INFO             PET0 WithTagsStart: value_nine: 0x234
20241014 034324.768 INFO             PET0 WithTagsStart: value_ten: ~
20241014 034324.768 INFO             PET0 WithTagsStart: value_eleven: ~
20241014 034324.768 INFO             PET0 WithTagsStart: value_twelve: !<!myStuff> xyz
20241014 034324.768 INFO             PET0 WithTagsStart: value_thirteen: NO
20241014 034324.768 INFO             PET0 WithTagsStart: value_fourteen: !<tag:yaml.org,2002:str> NO
20241014 034324.768 INFO             PET0 WithTagsStart: --- HConfig::log() end -----------------------------------
20241014 034324.768 INFO             PET0 value_ten HConfig tag:          tag:yaml.org,2002:null
20241014 034324.769 INFO             PET0 value_eleven HConfig tag:          tag:yaml.org,2002:null
20241014 034324.769 INFO             PET0 Top level HConfig tag:          tag:yaml.org,2002:map
20241014 034324.769 INFO             PET0 value_two HConfig tag:           tag:yaml.org,2002:seq
20241014 034324.769 INFO             PET0 first key HConfig tag:           tag:yaml.org,2002:str
20241014 034324.769 INFO             PET0 value_three HConfig tag:           tag:yaml.org,2002:int
20241014 034324.770 INFO             PET0 value_nine HConfig tag:           tag:yaml.org,2002:int
20241014 034324.770 INFO             PET0 value_five HConfig tag:           tag:yaml.org,2002:float
20241014 034324.770 INFO             PET0 value_seven HConfig tag:            tag:yaml.org,2002:bool
20241014 034324.770 INFO             PET0 value_thirteen HConfig tag:            tag:yaml.org,2002:bool
20241014 034324.771 INFO             PET0 value_fourteen HConfig tag:             tag:yaml.org,2002:str
20241014 034324.772 INFO             PET0 value_added HConfig tag:             tag:yaml.org,2002:str
20241014 034324.772 INFO             PET0 WithTagsFinish: --- HConfig::log() start ---------------------------------
20241014 034324.775 INFO             PET0 WithTagsFinish: value_one: {word1: this, word2: is, word3: a, word4: map}
20241014 034324.775 INFO             PET0 WithTagsFinish: value_two: [this, is, a, list]
20241014 034324.775 INFO             PET0 WithTagsFinish: value_three: 123
20241014 034324.775 INFO             PET0 WithTagsFinish: value_four: !<tag:yaml.org,2002:float> 123
20241014 034324.775 INFO             PET0 WithTagsFinish: value_five: 2.5
20241014 034324.775 INFO             PET0 WithTagsFinish: value_six: !<tag:yaml.org,2002:str> 2.5
20241014 034324.775 INFO             PET0 WithTagsFinish: value_seven: False
20241014 034324.775 INFO             PET0 WithTagsFinish: value_eight: !<tag:yaml.org,2002:str> true
20241014 034324.775 INFO             PET0 WithTagsFinish: value_nine: 0x234
20241014 034324.775 INFO             PET0 WithTagsFinish: value_ten: ~
20241014 034324.775 INFO             PET0 WithTagsFinish: value_eleven: ~
20241014 034324.775 INFO             PET0 WithTagsFinish: value_twelve: !<!myStuff> xyz
20241014 034324.775 INFO             PET0 WithTagsFinish: value_thirteen: NO
20241014 034324.775 INFO             PET0 WithTagsFinish: value_fourteen: !<tag:yaml.org,2002:str> NO
20241014 034324.775 INFO             PET0 WithTagsFinish: value_added: !<tag:yaml.org,2002:str> NO
20241014 034324.775 INFO             PET0 WithTagsFinish: --- HConfig::log() end -----------------------------------
20241014 034324.776 INFO             PET0 value_four HConfig tag:           tag:yaml.org,2002:float
20241014 034324.776 INFO             PET0 value_six HConfig tag:             tag:yaml.org,2002:str
20241014 034324.776 INFO             PET0 value_eight HConfig tag:             tag:yaml.org,2002:str
20241014 034324.776 INFO             PET0 value_twelve HConfig tag:                          !myStuff
20241014 034324.777 INFO             PET0 isAlias:  T
20241014 034324.777 INFO             PET0 isNotAlias:  F
20241014 034324.777 INFO             PET0 isAlias from match:  T
20241014 034324.778 INFO             PET0 isAlias for diff objects:  F
20241014 034324.778 INFO             PET0 isExact:  T
20241014 034324.778 INFO             PET0 isMatch:  T
20241014 034324.780 INFO             PET0 isNone:  T
20241014 034324.815 INFO             PET0 docCount:        3
20241014 034324.816 INFO             PET0 my-multi-doc: --- HConfig::log() start ---------------------------------
20241014 034324.817 INFO             PET0 my-multi-doc: ---
20241014 034324.817 INFO             PET0 my-multi-doc: - This
20241014 034324.817 INFO             PET0 my-multi-doc: - is
20241014 034324.817 INFO             PET0 my-multi-doc: - the
20241014 034324.817 INFO             PET0 my-multi-doc: - first document.
20241014 034324.817 INFO             PET0 my-multi-doc: ...
20241014 034324.817 INFO             PET0 my-multi-doc: ---
20241014 034324.817 INFO             PET0 my-multi-doc: - And
20241014 034324.817 INFO             PET0 my-multi-doc: - a second document.
20241014 034324.817 INFO             PET0 my-multi-doc: ...
20241014 034324.817 INFO             PET0 my-multi-doc: ---
20241014 034324.817 INFO             PET0 my-multi-doc: - And
20241014 034324.817 INFO             PET0 my-multi-doc: - finally a
20241014 034324.817 INFO             PET0 my-multi-doc: - third document.
20241014 034324.817 INFO             PET0 my-multi-doc: ...
20241014 034324.817 INFO             PET0 my-multi-doc: --- HConfig::log() end -----------------------------------
20241014 034324.822 INFO             PET0 valueI4Seq:        1       2       3
20241014 034324.822 INFO             PET0 asOkay for Logical:  F
20241014 034324.822 INFO             PET0 asOkay for String:  T
20241014 034324.822 INFO             PET0 valueSSeq: 1         2         3
20241014 034324.829 INFO             PET0  NUMBER_OF_PROCESSORS           4
20241014 034324.829 INFO             PET0  PASS  Example ESMF_HConfigEx, ESMF_HConfigEx.F90, line 2033
20241014 034324.829 INFO             PET0  Finalizing ESMF
20241014 034324.725 INFO             PET1 !!!!!!!!!!!!!!!!!!!!!!!!!!!!!!!!!!!!!!!!!!!!!!!!!!!!!!
20241014 034324.725 INFO             PET1 !!! THE ESMF_LOG IS SET TO OUTPUT ALL LOG MESSAGES !!!
20241014 034324.725 INFO             PET1 !!!     THIS MAY CAUSE SLOWDOWN IN PERFORMANCE     !!!
20241014 034324.725 INFO             PET1 !!! FOR PRODUCTION RUNS, USE:                      !!!
20241014 034324.725 INFO             PET1 !!!                   ESMF_LOGKIND_Multi_On_Error  !!!
20241014 034324.725 INFO             PET1 !!!!!!!!!!!!!!!!!!!!!!!!!!!!!!!!!!!!!!!!!!!!!!!!!!!!!!
20241014 034324.725 INFO             PET1 Running with ESMF Version   : v8.8.0b01
20241014 034324.725 INFO             PET1 ESMF library build date/time: "Oct 14 2024" "02:36:20"
20241014 034324.725 INFO             PET1 ESMF library build location : /work/noaa/da/mpotts/sandbox/intel_2020.2.1_intelmpi_g_develop/esmf
20241014 034324.725 INFO             PET1 ESMF_COMM                   : intelmpi
20241014 034324.726 INFO             PET1 ESMF_MOAB                   : enabled
20241014 034324.726 INFO             PET1 ESMF_LAPACK                 : enabled
20241014 034324.726 INFO             PET1 ESMF_NETCDF                 : enabled
20241014 034324.726 INFO             PET1 ESMF_PNETCDF                : disabled
20241014 034324.726 INFO             PET1 ESMF_PIO                    : enabled
20241014 034324.726 INFO             PET1 ESMF_YAMLCPP                : enabled
20241014 034324.732 INFO             PET1 AsString: 1
20241014 034324.732 INFO             PET1 asOkay:  T valueI4:          1
20241014 034324.732 INFO             PET1 asOkay:  T valueI8:          1
20241014 034324.732 INFO             PET1 asOkay:  T valueR4:   1.000000
20241014 034324.732 INFO             PET1 asOkay:  T valueR8:   1.000000
20241014 034324.732 INFO             PET1 asOkay:  F valueL:           F
20241014 034324.732 INFO             PET1 AsString: 2
20241014 034324.732 INFO             PET1 asOkay:  T valueI4:          2
20241014 034324.732 INFO             PET1 asOkay:  T valueI8:          2
20241014 034324.732 INFO             PET1 asOkay:  T valueR4:   2.000000
20241014 034324.732 INFO             PET1 asOkay:  T valueR8:   2.000000
20241014 034324.732 INFO             PET1 asOkay:  F valueL:           F
20241014 034324.732 INFO             PET1 AsString: 3
20241014 034324.732 INFO             PET1 asOkay:  T valueI4:          3
20241014 034324.732 INFO             PET1 asOkay:  T valueI8:          3
20241014 034324.732 INFO             PET1 asOkay:  T valueR4:   3.000000
20241014 034324.732 INFO             PET1 asOkay:  T valueR8:   3.000000
20241014 034324.732 INFO             PET1 asOkay:  F valueL:           F
20241014 034324.732 INFO             PET1 AsString: abc
20241014 034324.732 INFO             PET1 asOkay:  F valueI4:          0
20241014 034324.733 INFO             PET1 asOkay:  F valueI8:          0
20241014 034324.733 INFO             PET1 asOkay:  F valueR4:   0.000000
20241014 034324.733 INFO             PET1 asOkay:  F valueR8:   0.000000
20241014 034324.733 INFO             PET1 asOkay:  F valueL:           F
20241014 034324.733 INFO             PET1 AsString: b
20241014 034324.733 INFO             PET1 asOkay:  F valueI4:          0
20241014 034324.733 INFO             PET1 asOkay:  F valueI8:          0
20241014 034324.733 INFO             PET1 asOkay:  F valueR4:   0.000000
20241014 034324.733 INFO             PET1 asOkay:  F valueR8:   0.000000
20241014 034324.733 INFO             PET1 asOkay:  F valueL:           F
20241014 034324.733 INFO             PET1 AsString: TRUE
20241014 034324.733 INFO             PET1 asOkay:  F valueI4:          0
20241014 034324.733 INFO             PET1 asOkay:  F valueI8:          0
20241014 034324.733 INFO             PET1 asOkay:  F valueR4:   0.000000
20241014 034324.733 INFO             PET1 asOkay:  F valueR8:   0.000000
20241014 034324.733 INFO             PET1 asOkay:  T valueL:           T
20241014 034324.733 INFO             PET1 AsString: TRUE
20241014 034324.733 INFO             PET1 asOkay:  F valueI4:          0
20241014 034324.733 INFO             PET1 asOkay:  F valueI8:          0
20241014 034324.733 INFO             PET1 asOkay:  F valueR4:   0.000000
20241014 034324.733 INFO             PET1 asOkay:  F valueR8:   0.000000
20241014 034324.733 INFO             PET1 asOkay:  T valueL:           T
20241014 034324.733 INFO             PET1 AsString: b
20241014 034324.733 INFO             PET1 asOkay:  F valueI4:          0
20241014 034324.733 INFO             PET1 asOkay:  F valueI8:          0
20241014 034324.733 INFO             PET1 asOkay:  F valueR4:   0.000000
20241014 034324.733 INFO             PET1 asOkay:  F valueR8:   0.000000
20241014 034324.733 INFO             PET1 asOkay:  F valueL:           F
20241014 034324.733 INFO             PET1 AsString: abc
20241014 034324.733 INFO             PET1 asOkay:  F valueI4:          0
20241014 034324.734 INFO             PET1 asOkay:  F valueI8:          0
20241014 034324.734 INFO             PET1 asOkay:  F valueR4:   0.000000
20241014 034324.734 INFO             PET1 asOkay:  F valueR8:   0.000000
20241014 034324.734 INFO             PET1 asOkay:  F valueL:           F
20241014 034324.734 INFO             PET1 AsString: 3
20241014 034324.734 INFO             PET1 asOkay:  T valueI4:          3
20241014 034324.734 INFO             PET1 asOkay:  T valueI8:          3
20241014 034324.734 INFO             PET1 asOkay:  T valueR4:   3.000000
20241014 034324.734 INFO             PET1 asOkay:  T valueR8:   3.000000
20241014 034324.734 INFO             PET1 asOkay:  F valueL:           F
20241014 034324.734 INFO             PET1 AsString: 2
20241014 034324.734 INFO             PET1 asOkay:  T valueI4:          2
20241014 034324.734 INFO             PET1 asOkay:  T valueI8:          2
20241014 034324.734 INFO             PET1 asOkay:  T valueR4:   2.000000
20241014 034324.734 INFO             PET1 asOkay:  T valueR8:   2.000000
20241014 034324.734 INFO             PET1 asOkay:  F valueL:           F
20241014 034324.734 INFO             PET1 AsString: 1
20241014 034324.734 INFO             PET1 asOkay:  T valueI4:          1
20241014 034324.734 INFO             PET1 asOkay:  T valueI8:          1
20241014 034324.734 INFO             PET1 asOkay:  T valueR4:   1.000000
20241014 034324.734 INFO             PET1 asOkay:  T valueR8:   1.000000
20241014 034324.734 INFO             PET1 asOkay:  F valueL:           F
20241014 034324.735 INFO             PET1 map key=car map value: AsString: red
20241014 034324.735 INFO             PET1 map key=       car map value: asOkay:  F valueI4:          0
20241014 034324.735 INFO             PET1 map key=       car map value: asOkay:  F valueI8:          0
20241014 034324.735 INFO             PET1 map key=       car map value: asOkay:  F valueR4:   0.000000
20241014 034324.735 INFO             PET1 map key=       car map value: asOkay:  F valueR8:   0.000000
20241014 034324.736 INFO             PET1 map key=       car map value: asOkay:  F valueL:          F
20241014 034324.736 INFO             PET1 map key=bike map value: AsString: 22
20241014 034324.736 INFO             PET1 map key=      bike map value: asOkay:  T valueI4:         22
20241014 034324.736 INFO             PET1 map key=      bike map value: asOkay:  T valueI8:         22
20241014 034324.736 INFO             PET1 map key=      bike map value: asOkay:  T valueR4:  22.000000
20241014 034324.736 INFO             PET1 map key=      bike map value: asOkay:  T valueR8:  22.000000
20241014 034324.736 INFO             PET1 map key=      bike map value: asOkay:  F valueL:          F
20241014 034324.736 INFO             PET1 map key=plane map value: AsString: TRUE
20241014 034324.736 INFO             PET1 map key=     plane map value: asOkay:  F valueI4:          0
20241014 034324.736 INFO             PET1 map key=     plane map value: asOkay:  F valueI8:          0
20241014 034324.736 INFO             PET1 map key=     plane map value: asOkay:  F valueR4:   0.000000
20241014 034324.736 INFO             PET1 map key=     plane map value: asOkay:  F valueR8:   0.000000
20241014 034324.736 INFO             PET1 map key=     plane map value: asOkay:  T valueL:          T
20241014 034324.737 INFO             PET1 map key=bike map value: AsString: 22
20241014 034324.737 INFO             PET1 map key=      bike map value: asOkay:  T valueI4:         22
20241014 034324.737 INFO             PET1 map key=      bike map value: asOkay:  T valueI8:         22
20241014 034324.737 INFO             PET1 map key=      bike map value: asOkay:  T valueR4:  22.000000
20241014 034324.738 INFO             PET1 map key=      bike map value: asOkay:  T valueR8:  22.000000
20241014 034324.738 INFO             PET1 map key=      bike map value: asOkay:  F valueL:          F
20241014 034324.738 INFO             PET1 map key=plane map value: AsString: TRUE
20241014 034324.739 INFO             PET1 map key=     plane map value: asOkay:  F valueI4:          0
20241014 034324.739 INFO             PET1 map key=     plane map value: asOkay:  F valueI8:          0
20241014 034324.739 INFO             PET1 map key=     plane map value: asOkay:  F valueR4:   0.000000
20241014 034324.739 INFO             PET1 map key=     plane map value: asOkay:  F valueR8:   0.000000
20241014 034324.739 INFO             PET1 map key=     plane map value: asOkay:  T valueL:          T
20241014 034324.740 INFO             PET1 map key=car map value: AsString: red
20241014 034324.740 INFO             PET1 map key=       car map value: asOkay:  F valueI4:          0
20241014 034324.740 INFO             PET1 map key=       car map value: asOkay:  F valueI8:          0
20241014 034324.740 INFO             PET1 map key=       car map value: asOkay:  F valueR4:   0.000000
20241014 034324.741 INFO             PET1 map key=       car map value: asOkay:  F valueR8:   0.000000
20241014 034324.741 INFO             PET1 map key=       car map value: asOkay:  F valueL:          F
20241014 034324.746 INFO             PET1 HConfig from Config IsDefined:  T
20241014 034324.746 INFO             PET1 HConfig from Config IsNull:  F
20241014 034324.746 INFO             PET1 HConfig from Config IsSequence:  F
20241014 034324.746 INFO             PET1 HConfig from Config IsMap:  T
20241014 034324.756 INFO             PET1 Empty HConfig tag:               tag:yaml.org,2002:null
20241014 034324.761 INFO             PET1 WithTagsStart: --- HConfig::log() start ---------------------------------
20241014 034324.764 INFO             PET1 WithTagsStart: value_one: {word1: this, word2: is, word3: a, word4: map}
20241014 034324.764 INFO             PET1 WithTagsStart: value_two: [this, is, a, list]
20241014 034324.764 INFO             PET1 WithTagsStart: value_three: 123
20241014 034324.764 INFO             PET1 WithTagsStart: value_four: !<tag:yaml.org,2002:float> 123
20241014 034324.764 INFO             PET1 WithTagsStart: value_five: 2.5
20241014 034324.764 INFO             PET1 WithTagsStart: value_six: !<tag:yaml.org,2002:str> 2.5
20241014 034324.764 INFO             PET1 WithTagsStart: value_seven: False
20241014 034324.764 INFO             PET1 WithTagsStart: value_eight: !<tag:yaml.org,2002:str> true
20241014 034324.764 INFO             PET1 WithTagsStart: value_nine: 0x234
20241014 034324.764 INFO             PET1 WithTagsStart: value_ten: ~
20241014 034324.764 INFO             PET1 WithTagsStart: value_eleven: ~
20241014 034324.764 INFO             PET1 WithTagsStart: value_twelve: !<!myStuff> xyz
20241014 034324.764 INFO             PET1 WithTagsStart: value_thirteen: NO
20241014 034324.764 INFO             PET1 WithTagsStart: value_fourteen: !<tag:yaml.org,2002:str> NO
20241014 034324.764 INFO             PET1 WithTagsStart: --- HConfig::log() end -----------------------------------
20241014 034324.764 INFO             PET1 value_ten HConfig tag:          tag:yaml.org,2002:null
20241014 034324.765 INFO             PET1 value_eleven HConfig tag:          tag:yaml.org,2002:null
20241014 034324.765 INFO             PET1 Top level HConfig tag:          tag:yaml.org,2002:map
20241014 034324.765 INFO             PET1 value_two HConfig tag:           tag:yaml.org,2002:seq
20241014 034324.765 INFO             PET1 first key HConfig tag:           tag:yaml.org,2002:str
20241014 034324.765 INFO             PET1 value_three HConfig tag:           tag:yaml.org,2002:int
20241014 034324.766 INFO             PET1 value_nine HConfig tag:           tag:yaml.org,2002:int
20241014 034324.766 INFO             PET1 value_five HConfig tag:           tag:yaml.org,2002:float
20241014 034324.766 INFO             PET1 value_seven HConfig tag:            tag:yaml.org,2002:bool
20241014 034324.767 INFO             PET1 value_thirteen HConfig tag:            tag:yaml.org,2002:bool
20241014 034324.767 INFO             PET1 value_fourteen HConfig tag:             tag:yaml.org,2002:str
20241014 034324.768 INFO             PET1 value_added HConfig tag:             tag:yaml.org,2002:str
20241014 034324.768 INFO             PET1 WithTagsFinish: --- HConfig::log() start ---------------------------------
20241014 034324.771 INFO             PET1 WithTagsFinish: value_one: {word1: this, word2: is, word3: a, word4: map}
20241014 034324.771 INFO             PET1 WithTagsFinish: value_two: [this, is, a, list]
20241014 034324.771 INFO             PET1 WithTagsFinish: value_three: 123
20241014 034324.771 INFO             PET1 WithTagsFinish: value_four: !<tag:yaml.org,2002:float> 123
20241014 034324.771 INFO             PET1 WithTagsFinish: value_five: 2.5
20241014 034324.771 INFO             PET1 WithTagsFinish: value_six: !<tag:yaml.org,2002:str> 2.5
20241014 034324.771 INFO             PET1 WithTagsFinish: value_seven: False
20241014 034324.771 INFO             PET1 WithTagsFinish: value_eight: !<tag:yaml.org,2002:str> true
20241014 034324.771 INFO             PET1 WithTagsFinish: value_nine: 0x234
20241014 034324.771 INFO             PET1 WithTagsFinish: value_ten: ~
20241014 034324.771 INFO             PET1 WithTagsFinish: value_eleven: ~
20241014 034324.771 INFO             PET1 WithTagsFinish: value_twelve: !<!myStuff> xyz
20241014 034324.772 INFO             PET1 WithTagsFinish: value_thirteen: NO
20241014 034324.772 INFO             PET1 WithTagsFinish: value_fourteen: !<tag:yaml.org,2002:str> NO
20241014 034324.772 INFO             PET1 WithTagsFinish: value_added: !<tag:yaml.org,2002:str> NO
20241014 034324.772 INFO             PET1 WithTagsFinish: --- HConfig::log() end -----------------------------------
20241014 034324.772 INFO             PET1 value_four HConfig tag:           tag:yaml.org,2002:float
20241014 034324.772 INFO             PET1 value_six HConfig tag:             tag:yaml.org,2002:str
20241014 034324.772 INFO             PET1 value_eight HConfig tag:             tag:yaml.org,2002:str
20241014 034324.773 INFO             PET1 value_twelve HConfig tag:                          !myStuff
20241014 034324.773 INFO             PET1 isAlias:  T
20241014 034324.773 INFO             PET1 isNotAlias:  F
20241014 034324.773 INFO             PET1 isAlias from match:  T
20241014 034324.774 INFO             PET1 isAlias for diff objects:  F
20241014 034324.775 INFO             PET1 isExact:  T
20241014 034324.775 INFO             PET1 isMatch:  T
20241014 034324.776 INFO             PET1 isNone:  T
20241014 034324.796 INFO             PET1 docCount:        3
20241014 034324.796 INFO             PET1 my-multi-doc: --- HConfig::log() start ---------------------------------
20241014 034324.797 INFO             PET1 my-multi-doc: ---
20241014 034324.797 INFO             PET1 my-multi-doc: - This
20241014 034324.797 INFO             PET1 my-multi-doc: - is
20241014 034324.797 INFO             PET1 my-multi-doc: - the
20241014 034324.797 INFO             PET1 my-multi-doc: - first document.
20241014 034324.797 INFO             PET1 my-multi-doc: ...
20241014 034324.797 INFO             PET1 my-multi-doc: ---
20241014 034324.797 INFO             PET1 my-multi-doc: - And
20241014 034324.797 INFO             PET1 my-multi-doc: - a second document.
20241014 034324.797 INFO             PET1 my-multi-doc: ...
20241014 034324.797 INFO             PET1 my-multi-doc: ---
20241014 034324.797 INFO             PET1 my-multi-doc: - And
20241014 034324.797 INFO             PET1 my-multi-doc: - finally a
20241014 034324.797 INFO             PET1 my-multi-doc: - third document.
20241014 034324.797 INFO             PET1 my-multi-doc: ...
20241014 034324.797 INFO             PET1 my-multi-doc: --- HConfig::log() end -----------------------------------
20241014 034324.799 INFO             PET1 valueI4Seq:        1       2       3
20241014 034324.799 INFO             PET1 asOkay for Logical:  F
20241014 034324.799 INFO             PET1 asOkay for String:  T
20241014 034324.800 INFO             PET1 valueSSeq: 1         2         3
20241014 034324.804 INFO             PET1  NUMBER_OF_PROCESSORS           4
20241014 034324.805 INFO             PET1  PASS  Example ESMF_HConfigEx, ESMF_HConfigEx.F90, line 2033
20241014 034324.805 INFO             PET1  Finalizing ESMF
20241014 034324.725 INFO             PET2 !!!!!!!!!!!!!!!!!!!!!!!!!!!!!!!!!!!!!!!!!!!!!!!!!!!!!!
20241014 034324.725 INFO             PET2 !!! THE ESMF_LOG IS SET TO OUTPUT ALL LOG MESSAGES !!!
20241014 034324.725 INFO             PET2 !!!     THIS MAY CAUSE SLOWDOWN IN PERFORMANCE     !!!
20241014 034324.725 INFO             PET2 !!! FOR PRODUCTION RUNS, USE:                      !!!
20241014 034324.725 INFO             PET2 !!!                   ESMF_LOGKIND_Multi_On_Error  !!!
20241014 034324.725 INFO             PET2 !!!!!!!!!!!!!!!!!!!!!!!!!!!!!!!!!!!!!!!!!!!!!!!!!!!!!!
20241014 034324.725 INFO             PET2 Running with ESMF Version   : v8.8.0b01
20241014 034324.725 INFO             PET2 ESMF library build date/time: "Oct 14 2024" "02:36:20"
20241014 034324.725 INFO             PET2 ESMF library build location : /work/noaa/da/mpotts/sandbox/intel_2020.2.1_intelmpi_g_develop/esmf
20241014 034324.725 INFO             PET2 ESMF_COMM                   : intelmpi
20241014 034324.725 INFO             PET2 ESMF_MOAB                   : enabled
20241014 034324.725 INFO             PET2 ESMF_LAPACK                 : enabled
20241014 034324.725 INFO             PET2 ESMF_NETCDF                 : enabled
20241014 034324.725 INFO             PET2 ESMF_PNETCDF                : disabled
20241014 034324.725 INFO             PET2 ESMF_PIO                    : enabled
20241014 034324.725 INFO             PET2 ESMF_YAMLCPP                : enabled
20241014 034324.732 INFO             PET2 AsString: 1
20241014 034324.732 INFO             PET2 asOkay:  T valueI4:          1
20241014 034324.732 INFO             PET2 asOkay:  T valueI8:          1
20241014 034324.732 INFO             PET2 asOkay:  T valueR4:   1.000000
20241014 034324.732 INFO             PET2 asOkay:  T valueR8:   1.000000
20241014 034324.732 INFO             PET2 asOkay:  F valueL:           F
20241014 034324.732 INFO             PET2 AsString: 2
20241014 034324.732 INFO             PET2 asOkay:  T valueI4:          2
20241014 034324.732 INFO             PET2 asOkay:  T valueI8:          2
20241014 034324.732 INFO             PET2 asOkay:  T valueR4:   2.000000
20241014 034324.732 INFO             PET2 asOkay:  T valueR8:   2.000000
20241014 034324.732 INFO             PET2 asOkay:  F valueL:           F
20241014 034324.732 INFO             PET2 AsString: 3
20241014 034324.732 INFO             PET2 asOkay:  T valueI4:          3
20241014 034324.732 INFO             PET2 asOkay:  T valueI8:          3
20241014 034324.732 INFO             PET2 asOkay:  T valueR4:   3.000000
20241014 034324.732 INFO             PET2 asOkay:  T valueR8:   3.000000
20241014 034324.732 INFO             PET2 asOkay:  F valueL:           F
20241014 034324.732 INFO             PET2 AsString: abc
20241014 034324.732 INFO             PET2 asOkay:  F valueI4:          0
20241014 034324.732 INFO             PET2 asOkay:  F valueI8:          0
20241014 034324.732 INFO             PET2 asOkay:  F valueR4:   0.000000
20241014 034324.733 INFO             PET2 asOkay:  F valueR8:   0.000000
20241014 034324.733 INFO             PET2 asOkay:  F valueL:           F
20241014 034324.733 INFO             PET2 AsString: b
20241014 034324.733 INFO             PET2 asOkay:  F valueI4:          0
20241014 034324.733 INFO             PET2 asOkay:  F valueI8:          0
20241014 034324.733 INFO             PET2 asOkay:  F valueR4:   0.000000
20241014 034324.733 INFO             PET2 asOkay:  F valueR8:   0.000000
20241014 034324.733 INFO             PET2 asOkay:  F valueL:           F
20241014 034324.733 INFO             PET2 AsString: TRUE
20241014 034324.733 INFO             PET2 asOkay:  F valueI4:          0
20241014 034324.733 INFO             PET2 asOkay:  F valueI8:          0
20241014 034324.733 INFO             PET2 asOkay:  F valueR4:   0.000000
20241014 034324.733 INFO             PET2 asOkay:  F valueR8:   0.000000
20241014 034324.733 INFO             PET2 asOkay:  T valueL:           T
20241014 034324.733 INFO             PET2 AsString: TRUE
20241014 034324.733 INFO             PET2 asOkay:  F valueI4:          0
20241014 034324.733 INFO             PET2 asOkay:  F valueI8:          0
20241014 034324.733 INFO             PET2 asOkay:  F valueR4:   0.000000
20241014 034324.733 INFO             PET2 asOkay:  F valueR8:   0.000000
20241014 034324.733 INFO             PET2 asOkay:  T valueL:           T
20241014 034324.733 INFO             PET2 AsString: b
20241014 034324.733 INFO             PET2 asOkay:  F valueI4:          0
20241014 034324.733 INFO             PET2 asOkay:  F valueI8:          0
20241014 034324.733 INFO             PET2 asOkay:  F valueR4:   0.000000
20241014 034324.733 INFO             PET2 asOkay:  F valueR8:   0.000000
20241014 034324.733 INFO             PET2 asOkay:  F valueL:           F
20241014 034324.733 INFO             PET2 AsString: abc
20241014 034324.733 INFO             PET2 asOkay:  F valueI4:          0
20241014 034324.733 INFO             PET2 asOkay:  F valueI8:          0
20241014 034324.733 INFO             PET2 asOkay:  F valueR4:   0.000000
20241014 034324.733 INFO             PET2 asOkay:  F valueR8:   0.000000
20241014 034324.734 INFO             PET2 asOkay:  F valueL:           F
20241014 034324.734 INFO             PET2 AsString: 3
20241014 034324.734 INFO             PET2 asOkay:  T valueI4:          3
20241014 034324.734 INFO             PET2 asOkay:  T valueI8:          3
20241014 034324.734 INFO             PET2 asOkay:  T valueR4:   3.000000
20241014 034324.734 INFO             PET2 asOkay:  T valueR8:   3.000000
20241014 034324.734 INFO             PET2 asOkay:  F valueL:           F
20241014 034324.734 INFO             PET2 AsString: 2
20241014 034324.734 INFO             PET2 asOkay:  T valueI4:          2
20241014 034324.734 INFO             PET2 asOkay:  T valueI8:          2
20241014 034324.734 INFO             PET2 asOkay:  T valueR4:   2.000000
20241014 034324.734 INFO             PET2 asOkay:  T valueR8:   2.000000
20241014 034324.734 INFO             PET2 asOkay:  F valueL:           F
20241014 034324.734 INFO             PET2 AsString: 1
20241014 034324.734 INFO             PET2 asOkay:  T valueI4:          1
20241014 034324.734 INFO             PET2 asOkay:  T valueI8:          1
20241014 034324.734 INFO             PET2 asOkay:  T valueR4:   1.000000
20241014 034324.734 INFO             PET2 asOkay:  T valueR8:   1.000000
20241014 034324.734 INFO             PET2 asOkay:  F valueL:           F
20241014 034324.735 INFO             PET2 map key=car map value: AsString: red
20241014 034324.735 INFO             PET2 map key=       car map value: asOkay:  F valueI4:          0
20241014 034324.735 INFO             PET2 map key=       car map value: asOkay:  F valueI8:          0
20241014 034324.735 INFO             PET2 map key=       car map value: asOkay:  F valueR4:   0.000000
20241014 034324.735 INFO             PET2 map key=       car map value: asOkay:  F valueR8:   0.000000
20241014 034324.735 INFO             PET2 map key=       car map value: asOkay:  F valueL:          F
20241014 034324.735 INFO             PET2 map key=bike map value: AsString: 22
20241014 034324.735 INFO             PET2 map key=      bike map value: asOkay:  T valueI4:         22
20241014 034324.735 INFO             PET2 map key=      bike map value: asOkay:  T valueI8:         22
20241014 034324.735 INFO             PET2 map key=      bike map value: asOkay:  T valueR4:  22.000000
20241014 034324.735 INFO             PET2 map key=      bike map value: asOkay:  T valueR8:  22.000000
20241014 034324.735 INFO             PET2 map key=      bike map value: asOkay:  F valueL:          F
20241014 034324.736 INFO             PET2 map key=plane map value: AsString: TRUE
20241014 034324.736 INFO             PET2 map key=     plane map value: asOkay:  F valueI4:          0
20241014 034324.736 INFO             PET2 map key=     plane map value: asOkay:  F valueI8:          0
20241014 034324.736 INFO             PET2 map key=     plane map value: asOkay:  F valueR4:   0.000000
20241014 034324.736 INFO             PET2 map key=     plane map value: asOkay:  F valueR8:   0.000000
20241014 034324.736 INFO             PET2 map key=     plane map value: asOkay:  T valueL:          T
20241014 034324.737 INFO             PET2 map key=bike map value: AsString: 22
20241014 034324.737 INFO             PET2 map key=      bike map value: asOkay:  T valueI4:         22
20241014 034324.737 INFO             PET2 map key=      bike map value: asOkay:  T valueI8:         22
20241014 034324.737 INFO             PET2 map key=      bike map value: asOkay:  T valueR4:  22.000000
20241014 034324.737 INFO             PET2 map key=      bike map value: asOkay:  T valueR8:  22.000000
20241014 034324.738 INFO             PET2 map key=      bike map value: asOkay:  F valueL:          F
20241014 034324.738 INFO             PET2 map key=plane map value: AsString: TRUE
20241014 034324.738 INFO             PET2 map key=     plane map value: asOkay:  F valueI4:          0
20241014 034324.738 INFO             PET2 map key=     plane map value: asOkay:  F valueI8:          0
20241014 034324.738 INFO             PET2 map key=     plane map value: asOkay:  F valueR4:   0.000000
20241014 034324.739 INFO             PET2 map key=     plane map value: asOkay:  F valueR8:   0.000000
20241014 034324.739 INFO             PET2 map key=     plane map value: asOkay:  T valueL:          T
20241014 034324.739 INFO             PET2 map key=car map value: AsString: red
20241014 034324.739 INFO             PET2 map key=       car map value: asOkay:  F valueI4:          0
20241014 034324.740 INFO             PET2 map key=       car map value: asOkay:  F valueI8:          0
20241014 034324.740 INFO             PET2 map key=       car map value: asOkay:  F valueR4:   0.000000
20241014 034324.740 INFO             PET2 map key=       car map value: asOkay:  F valueR8:   0.000000
20241014 034324.740 INFO             PET2 map key=       car map value: asOkay:  F valueL:          F
20241014 034324.745 INFO             PET2 HConfig from Config IsDefined:  T
20241014 034324.745 INFO             PET2 HConfig from Config IsNull:  F
20241014 034324.745 INFO             PET2 HConfig from Config IsSequence:  F
20241014 034324.745 INFO             PET2 HConfig from Config IsMap:  T
20241014 034324.754 INFO             PET2 Empty HConfig tag:               tag:yaml.org,2002:null
20241014 034324.759 INFO             PET2 WithTagsStart: --- HConfig::log() start ---------------------------------
20241014 034324.762 INFO             PET2 WithTagsStart: value_one: {word1: this, word2: is, word3: a, word4: map}
20241014 034324.762 INFO             PET2 WithTagsStart: value_two: [this, is, a, list]
20241014 034324.762 INFO             PET2 WithTagsStart: value_three: 123
20241014 034324.762 INFO             PET2 WithTagsStart: value_four: !<tag:yaml.org,2002:float> 123
20241014 034324.762 INFO             PET2 WithTagsStart: value_five: 2.5
20241014 034324.762 INFO             PET2 WithTagsStart: value_six: !<tag:yaml.org,2002:str> 2.5
20241014 034324.762 INFO             PET2 WithTagsStart: value_seven: False
20241014 034324.762 INFO             PET2 WithTagsStart: value_eight: !<tag:yaml.org,2002:str> true
20241014 034324.762 INFO             PET2 WithTagsStart: value_nine: 0x234
20241014 034324.762 INFO             PET2 WithTagsStart: value_ten: ~
20241014 034324.762 INFO             PET2 WithTagsStart: value_eleven: ~
20241014 034324.762 INFO             PET2 WithTagsStart: value_twelve: !<!myStuff> xyz
20241014 034324.762 INFO             PET2 WithTagsStart: value_thirteen: NO
20241014 034324.762 INFO             PET2 WithTagsStart: value_fourteen: !<tag:yaml.org,2002:str> NO
20241014 034324.762 INFO             PET2 WithTagsStart: --- HConfig::log() end -----------------------------------
20241014 034324.762 INFO             PET2 value_ten HConfig tag:          tag:yaml.org,2002:null
20241014 034324.763 INFO             PET2 value_eleven HConfig tag:          tag:yaml.org,2002:null
20241014 034324.763 INFO             PET2 Top level HConfig tag:          tag:yaml.org,2002:map
20241014 034324.763 INFO             PET2 value_two HConfig tag:           tag:yaml.org,2002:seq
20241014 034324.763 INFO             PET2 first key HConfig tag:           tag:yaml.org,2002:str
20241014 034324.763 INFO             PET2 value_three HConfig tag:           tag:yaml.org,2002:int
20241014 034324.764 INFO             PET2 value_nine HConfig tag:           tag:yaml.org,2002:int
20241014 034324.764 INFO             PET2 value_five HConfig tag:           tag:yaml.org,2002:float
20241014 034324.764 INFO             PET2 value_seven HConfig tag:            tag:yaml.org,2002:bool
20241014 034324.764 INFO             PET2 value_thirteen HConfig tag:            tag:yaml.org,2002:bool
20241014 034324.765 INFO             PET2 value_fourteen HConfig tag:             tag:yaml.org,2002:str
20241014 034324.766 INFO             PET2 value_added HConfig tag:             tag:yaml.org,2002:str
20241014 034324.766 INFO             PET2 WithTagsFinish: --- HConfig::log() start ---------------------------------
20241014 034324.769 INFO             PET2 WithTagsFinish: value_one: {word1: this, word2: is, word3: a, word4: map}
20241014 034324.769 INFO             PET2 WithTagsFinish: value_two: [this, is, a, list]
20241014 034324.769 INFO             PET2 WithTagsFinish: value_three: 123
20241014 034324.769 INFO             PET2 WithTagsFinish: value_four: !<tag:yaml.org,2002:float> 123
20241014 034324.769 INFO             PET2 WithTagsFinish: value_five: 2.5
20241014 034324.769 INFO             PET2 WithTagsFinish: value_six: !<tag:yaml.org,2002:str> 2.5
20241014 034324.769 INFO             PET2 WithTagsFinish: value_seven: False
20241014 034324.769 INFO             PET2 WithTagsFinish: value_eight: !<tag:yaml.org,2002:str> true
20241014 034324.769 INFO             PET2 WithTagsFinish: value_nine: 0x234
20241014 034324.769 INFO             PET2 WithTagsFinish: value_ten: ~
20241014 034324.769 INFO             PET2 WithTagsFinish: value_eleven: ~
20241014 034324.769 INFO             PET2 WithTagsFinish: value_twelve: !<!myStuff> xyz
20241014 034324.769 INFO             PET2 WithTagsFinish: value_thirteen: NO
20241014 034324.769 INFO             PET2 WithTagsFinish: value_fourteen: !<tag:yaml.org,2002:str> NO
20241014 034324.769 INFO             PET2 WithTagsFinish: value_added: !<tag:yaml.org,2002:str> NO
20241014 034324.769 INFO             PET2 WithTagsFinish: --- HConfig::log() end -----------------------------------
20241014 034324.770 INFO             PET2 value_four HConfig tag:           tag:yaml.org,2002:float
20241014 034324.770 INFO             PET2 value_six HConfig tag:             tag:yaml.org,2002:str
20241014 034324.770 INFO             PET2 value_eight HConfig tag:             tag:yaml.org,2002:str
20241014 034324.770 INFO             PET2 value_twelve HConfig tag:                          !myStuff
20241014 034324.771 INFO             PET2 isAlias:  T
20241014 034324.771 INFO             PET2 isNotAlias:  F
20241014 034324.771 INFO             PET2 isAlias from match:  T
20241014 034324.772 INFO             PET2 isAlias for diff objects:  F
20241014 034324.772 INFO             PET2 isExact:  T
20241014 034324.772 INFO             PET2 isMatch:  T
20241014 034324.774 INFO             PET2 isNone:  T
20241014 034324.792 INFO             PET2 docCount:        3
20241014 034324.792 INFO             PET2 my-multi-doc: --- HConfig::log() start ---------------------------------
20241014 034324.793 INFO             PET2 my-multi-doc: ---
20241014 034324.793 INFO             PET2 my-multi-doc: - This
20241014 034324.793 INFO             PET2 my-multi-doc: - is
20241014 034324.793 INFO             PET2 my-multi-doc: - the
20241014 034324.793 INFO             PET2 my-multi-doc: - first document.
20241014 034324.793 INFO             PET2 my-multi-doc: ...
20241014 034324.793 INFO             PET2 my-multi-doc: ---
20241014 034324.793 INFO             PET2 my-multi-doc: - And
20241014 034324.793 INFO             PET2 my-multi-doc: - a second document.
20241014 034324.793 INFO             PET2 my-multi-doc: ...
20241014 034324.793 INFO             PET2 my-multi-doc: ---
20241014 034324.793 INFO             PET2 my-multi-doc: - And
20241014 034324.793 INFO             PET2 my-multi-doc: - finally a
20241014 034324.793 INFO             PET2 my-multi-doc: - third document.
20241014 034324.793 INFO             PET2 my-multi-doc: ...
20241014 034324.793 INFO             PET2 my-multi-doc: --- HConfig::log() end -----------------------------------
20241014 034324.795 INFO             PET2 valueI4Seq:        1       2       3
20241014 034324.795 INFO             PET2 asOkay for Logical:  F
20241014 034324.795 INFO             PET2 asOkay for String:  T
20241014 034324.796 INFO             PET2 valueSSeq: 1         2         3
20241014 034324.800 INFO             PET2  NUMBER_OF_PROCESSORS           4
20241014 034324.800 INFO             PET2  PASS  Example ESMF_HConfigEx, ESMF_HConfigEx.F90, line 2033
20241014 034324.800 INFO             PET2  Finalizing ESMF
20241014 034324.725 INFO             PET3 !!!!!!!!!!!!!!!!!!!!!!!!!!!!!!!!!!!!!!!!!!!!!!!!!!!!!!
20241014 034324.725 INFO             PET3 !!! THE ESMF_LOG IS SET TO OUTPUT ALL LOG MESSAGES !!!
20241014 034324.725 INFO             PET3 !!!     THIS MAY CAUSE SLOWDOWN IN PERFORMANCE     !!!
20241014 034324.725 INFO             PET3 !!! FOR PRODUCTION RUNS, USE:                      !!!
20241014 034324.725 INFO             PET3 !!!                   ESMF_LOGKIND_Multi_On_Error  !!!
20241014 034324.725 INFO             PET3 !!!!!!!!!!!!!!!!!!!!!!!!!!!!!!!!!!!!!!!!!!!!!!!!!!!!!!
20241014 034324.725 INFO             PET3 Running with ESMF Version   : v8.8.0b01
20241014 034324.725 INFO             PET3 ESMF library build date/time: "Oct 14 2024" "02:36:20"
20241014 034324.725 INFO             PET3 ESMF library build location : /work/noaa/da/mpotts/sandbox/intel_2020.2.1_intelmpi_g_develop/esmf
20241014 034324.725 INFO             PET3 ESMF_COMM                   : intelmpi
20241014 034324.726 INFO             PET3 ESMF_MOAB                   : enabled
20241014 034324.726 INFO             PET3 ESMF_LAPACK                 : enabled
20241014 034324.726 INFO             PET3 ESMF_NETCDF                 : enabled
20241014 034324.726 INFO             PET3 ESMF_PNETCDF                : disabled
20241014 034324.726 INFO             PET3 ESMF_PIO                    : enabled
20241014 034324.726 INFO             PET3 ESMF_YAMLCPP                : enabled
20241014 034324.731 INFO             PET3 AsString: 1
20241014 034324.732 INFO             PET3 asOkay:  T valueI4:          1
20241014 034324.732 INFO             PET3 asOkay:  T valueI8:          1
20241014 034324.732 INFO             PET3 asOkay:  T valueR4:   1.000000
20241014 034324.732 INFO             PET3 asOkay:  T valueR8:   1.000000
20241014 034324.732 INFO             PET3 asOkay:  F valueL:           F
20241014 034324.732 INFO             PET3 AsString: 2
20241014 034324.732 INFO             PET3 asOkay:  T valueI4:          2
20241014 034324.732 INFO             PET3 asOkay:  T valueI8:          2
20241014 034324.732 INFO             PET3 asOkay:  T valueR4:   2.000000
20241014 034324.732 INFO             PET3 asOkay:  T valueR8:   2.000000
20241014 034324.732 INFO             PET3 asOkay:  F valueL:           F
20241014 034324.732 INFO             PET3 AsString: 3
20241014 034324.732 INFO             PET3 asOkay:  T valueI4:          3
20241014 034324.732 INFO             PET3 asOkay:  T valueI8:          3
20241014 034324.732 INFO             PET3 asOkay:  T valueR4:   3.000000
20241014 034324.732 INFO             PET3 asOkay:  T valueR8:   3.000000
20241014 034324.732 INFO             PET3 asOkay:  F valueL:           F
20241014 034324.732 INFO             PET3 AsString: abc
20241014 034324.732 INFO             PET3 asOkay:  F valueI4:          0
20241014 034324.732 INFO             PET3 asOkay:  F valueI8:          0
20241014 034324.732 INFO             PET3 asOkay:  F valueR4:   0.000000
20241014 034324.732 INFO             PET3 asOkay:  F valueR8:   0.000000
20241014 034324.732 INFO             PET3 asOkay:  F valueL:           F
20241014 034324.732 INFO             PET3 AsString: b
20241014 034324.732 INFO             PET3 asOkay:  F valueI4:          0
20241014 034324.732 INFO             PET3 asOkay:  F valueI8:          0
20241014 034324.732 INFO             PET3 asOkay:  F valueR4:   0.000000
20241014 034324.732 INFO             PET3 asOkay:  F valueR8:   0.000000
20241014 034324.732 INFO             PET3 asOkay:  F valueL:           F
20241014 034324.732 INFO             PET3 AsString: TRUE
20241014 034324.732 INFO             PET3 asOkay:  F valueI4:          0
20241014 034324.732 INFO             PET3 asOkay:  F valueI8:          0
20241014 034324.732 INFO             PET3 asOkay:  F valueR4:   0.000000
20241014 034324.732 INFO             PET3 asOkay:  F valueR8:   0.000000
20241014 034324.732 INFO             PET3 asOkay:  T valueL:           T
20241014 034324.732 INFO             PET3 AsString: TRUE
20241014 034324.732 INFO             PET3 asOkay:  F valueI4:          0
20241014 034324.732 INFO             PET3 asOkay:  F valueI8:          0
20241014 034324.733 INFO             PET3 asOkay:  F valueR4:   0.000000
20241014 034324.733 INFO             PET3 asOkay:  F valueR8:   0.000000
20241014 034324.733 INFO             PET3 asOkay:  T valueL:           T
20241014 034324.733 INFO             PET3 AsString: b
20241014 034324.733 INFO             PET3 asOkay:  F valueI4:          0
20241014 034324.733 INFO             PET3 asOkay:  F valueI8:          0
20241014 034324.733 INFO             PET3 asOkay:  F valueR4:   0.000000
20241014 034324.733 INFO             PET3 asOkay:  F valueR8:   0.000000
20241014 034324.733 INFO             PET3 asOkay:  F valueL:           F
20241014 034324.733 INFO             PET3 AsString: abc
20241014 034324.733 INFO             PET3 asOkay:  F valueI4:          0
20241014 034324.733 INFO             PET3 asOkay:  F valueI8:          0
20241014 034324.733 INFO             PET3 asOkay:  F valueR4:   0.000000
20241014 034324.733 INFO             PET3 asOkay:  F valueR8:   0.000000
20241014 034324.733 INFO             PET3 asOkay:  F valueL:           F
20241014 034324.733 INFO             PET3 AsString: 3
20241014 034324.733 INFO             PET3 asOkay:  T valueI4:          3
20241014 034324.733 INFO             PET3 asOkay:  T valueI8:          3
20241014 034324.733 INFO             PET3 asOkay:  T valueR4:   3.000000
20241014 034324.733 INFO             PET3 asOkay:  T valueR8:   3.000000
20241014 034324.733 INFO             PET3 asOkay:  F valueL:           F
20241014 034324.733 INFO             PET3 AsString: 2
20241014 034324.733 INFO             PET3 asOkay:  T valueI4:          2
20241014 034324.733 INFO             PET3 asOkay:  T valueI8:          2
20241014 034324.733 INFO             PET3 asOkay:  T valueR4:   2.000000
20241014 034324.733 INFO             PET3 asOkay:  T valueR8:   2.000000
20241014 034324.733 INFO             PET3 asOkay:  F valueL:           F
20241014 034324.733 INFO             PET3 AsString: 1
20241014 034324.733 INFO             PET3 asOkay:  T valueI4:          1
20241014 034324.733 INFO             PET3 asOkay:  T valueI8:          1
20241014 034324.733 INFO             PET3 asOkay:  T valueR4:   1.000000
20241014 034324.733 INFO             PET3 asOkay:  T valueR8:   1.000000
20241014 034324.733 INFO             PET3 asOkay:  F valueL:           F
20241014 034324.734 INFO             PET3 map key=car map value: AsString: red
20241014 034324.734 INFO             PET3 map key=       car map value: asOkay:  F valueI4:          0
20241014 034324.734 INFO             PET3 map key=       car map value: asOkay:  F valueI8:          0
20241014 034324.734 INFO             PET3 map key=       car map value: asOkay:  F valueR4:   0.000000
20241014 034324.734 INFO             PET3 map key=       car map value: asOkay:  F valueR8:   0.000000
20241014 034324.734 INFO             PET3 map key=       car map value: asOkay:  F valueL:          F
20241014 034324.735 INFO             PET3 map key=bike map value: AsString: 22
20241014 034324.735 INFO             PET3 map key=      bike map value: asOkay:  T valueI4:         22
20241014 034324.735 INFO             PET3 map key=      bike map value: asOkay:  T valueI8:         22
20241014 034324.735 INFO             PET3 map key=      bike map value: asOkay:  T valueR4:  22.000000
20241014 034324.735 INFO             PET3 map key=      bike map value: asOkay:  T valueR8:  22.000000
20241014 034324.735 INFO             PET3 map key=      bike map value: asOkay:  F valueL:          F
20241014 034324.735 INFO             PET3 map key=plane map value: AsString: TRUE
20241014 034324.735 INFO             PET3 map key=     plane map value: asOkay:  F valueI4:          0
20241014 034324.735 INFO             PET3 map key=     plane map value: asOkay:  F valueI8:          0
20241014 034324.735 INFO             PET3 map key=     plane map value: asOkay:  F valueR4:   0.000000
20241014 034324.735 INFO             PET3 map key=     plane map value: asOkay:  F valueR8:   0.000000
20241014 034324.735 INFO             PET3 map key=     plane map value: asOkay:  T valueL:          T
20241014 034324.736 INFO             PET3 map key=bike map value: AsString: 22
20241014 034324.736 INFO             PET3 map key=      bike map value: asOkay:  T valueI4:         22
20241014 034324.736 INFO             PET3 map key=      bike map value: asOkay:  T valueI8:         22
20241014 034324.736 INFO             PET3 map key=      bike map value: asOkay:  T valueR4:  22.000000
20241014 034324.736 INFO             PET3 map key=      bike map value: asOkay:  T valueR8:  22.000000
20241014 034324.736 INFO             PET3 map key=      bike map value: asOkay:  F valueL:          F
20241014 034324.737 INFO             PET3 map key=plane map value: AsString: TRUE
20241014 034324.737 INFO             PET3 map key=     plane map value: asOkay:  F valueI4:          0
20241014 034324.737 INFO             PET3 map key=     plane map value: asOkay:  F valueI8:          0
20241014 034324.737 INFO             PET3 map key=     plane map value: asOkay:  F valueR4:   0.000000
20241014 034324.737 INFO             PET3 map key=     plane map value: asOkay:  F valueR8:   0.000000
20241014 034324.738 INFO             PET3 map key=     plane map value: asOkay:  T valueL:          T
20241014 034324.738 INFO             PET3 map key=car map value: AsString: red
20241014 034324.738 INFO             PET3 map key=       car map value: asOkay:  F valueI4:          0
20241014 034324.738 INFO             PET3 map key=       car map value: asOkay:  F valueI8:          0
20241014 034324.738 INFO             PET3 map key=       car map value: asOkay:  F valueR4:   0.000000
20241014 034324.739 INFO             PET3 map key=       car map value: asOkay:  F valueR8:   0.000000
20241014 034324.739 INFO             PET3 map key=       car map value: asOkay:  F valueL:          F
20241014 034324.743 INFO             PET3 HConfig from Config IsDefined:  T
20241014 034324.743 INFO             PET3 HConfig from Config IsNull:  F
20241014 034324.743 INFO             PET3 HConfig from Config IsSequence:  F
20241014 034324.743 INFO             PET3 HConfig from Config IsMap:  T
20241014 034324.751 INFO             PET3 Empty HConfig tag:               tag:yaml.org,2002:null
20241014 034324.755 INFO             PET3 WithTagsStart: --- HConfig::log() start ---------------------------------
20241014 034324.757 INFO             PET3 WithTagsStart: value_one: {word1: this, word2: is, word3: a, word4: map}
20241014 034324.758 INFO             PET3 WithTagsStart: value_two: [this, is, a, list]
20241014 034324.758 INFO             PET3 WithTagsStart: value_three: 123
20241014 034324.758 INFO             PET3 WithTagsStart: value_four: !<tag:yaml.org,2002:float> 123
20241014 034324.758 INFO             PET3 WithTagsStart: value_five: 2.5
20241014 034324.758 INFO             PET3 WithTagsStart: value_six: !<tag:yaml.org,2002:str> 2.5
20241014 034324.758 INFO             PET3 WithTagsStart: value_seven: False
20241014 034324.758 INFO             PET3 WithTagsStart: value_eight: !<tag:yaml.org,2002:str> true
20241014 034324.758 INFO             PET3 WithTagsStart: value_nine: 0x234
20241014 034324.758 INFO             PET3 WithTagsStart: value_ten: ~
20241014 034324.758 INFO             PET3 WithTagsStart: value_eleven: ~
20241014 034324.758 INFO             PET3 WithTagsStart: value_twelve: !<!myStuff> xyz
20241014 034324.758 INFO             PET3 WithTagsStart: value_thirteen: NO
20241014 034324.758 INFO             PET3 WithTagsStart: value_fourteen: !<tag:yaml.org,2002:str> NO
20241014 034324.758 INFO             PET3 WithTagsStart: --- HConfig::log() end -----------------------------------
20241014 034324.758 INFO             PET3 value_ten HConfig tag:          tag:yaml.org,2002:null
20241014 034324.758 INFO             PET3 value_eleven HConfig tag:          tag:yaml.org,2002:null
20241014 034324.758 INFO             PET3 Top level HConfig tag:          tag:yaml.org,2002:map
20241014 034324.758 INFO             PET3 value_two HConfig tag:           tag:yaml.org,2002:seq
20241014 034324.758 INFO             PET3 first key HConfig tag:           tag:yaml.org,2002:str
20241014 034324.759 INFO             PET3 value_three HConfig tag:           tag:yaml.org,2002:int
20241014 034324.759 INFO             PET3 value_nine HConfig tag:           tag:yaml.org,2002:int
20241014 034324.759 INFO             PET3 value_five HConfig tag:           tag:yaml.org,2002:float
20241014 034324.759 INFO             PET3 value_seven HConfig tag:            tag:yaml.org,2002:bool
20241014 034324.760 INFO             PET3 value_thirteen HConfig tag:            tag:yaml.org,2002:bool
20241014 034324.760 INFO             PET3 value_fourteen HConfig tag:             tag:yaml.org,2002:str
20241014 034324.761 INFO             PET3 value_added HConfig tag:             tag:yaml.org,2002:str
20241014 034324.761 INFO             PET3 WithTagsFinish: --- HConfig::log() start ---------------------------------
20241014 034324.763 INFO             PET3 WithTagsFinish: value_one: {word1: this, word2: is, word3: a, word4: map}
20241014 034324.763 INFO             PET3 WithTagsFinish: value_two: [this, is, a, list]
20241014 034324.763 INFO             PET3 WithTagsFinish: value_three: 123
20241014 034324.763 INFO             PET3 WithTagsFinish: value_four: !<tag:yaml.org,2002:float> 123
20241014 034324.763 INFO             PET3 WithTagsFinish: value_five: 2.5
20241014 034324.764 INFO             PET3 WithTagsFinish: value_six: !<tag:yaml.org,2002:str> 2.5
20241014 034324.764 INFO             PET3 WithTagsFinish: value_seven: False
20241014 034324.764 INFO             PET3 WithTagsFinish: value_eight: !<tag:yaml.org,2002:str> true
20241014 034324.764 INFO             PET3 WithTagsFinish: value_nine: 0x234
20241014 034324.764 INFO             PET3 WithTagsFinish: value_ten: ~
20241014 034324.764 INFO             PET3 WithTagsFinish: value_eleven: ~
20241014 034324.764 INFO             PET3 WithTagsFinish: value_twelve: !<!myStuff> xyz
20241014 034324.764 INFO             PET3 WithTagsFinish: value_thirteen: NO
20241014 034324.764 INFO             PET3 WithTagsFinish: value_fourteen: !<tag:yaml.org,2002:str> NO
20241014 034324.764 INFO             PET3 WithTagsFinish: value_added: !<tag:yaml.org,2002:str> NO
20241014 034324.764 INFO             PET3 WithTagsFinish: --- HConfig::log() end -----------------------------------
20241014 034324.764 INFO             PET3 value_four HConfig tag:           tag:yaml.org,2002:float
20241014 034324.764 INFO             PET3 value_six HConfig tag:             tag:yaml.org,2002:str
20241014 034324.764 INFO             PET3 value_eight HConfig tag:             tag:yaml.org,2002:str
20241014 034324.765 INFO             PET3 value_twelve HConfig tag:                          !myStuff
20241014 034324.765 INFO             PET3 isAlias:  T
20241014 034324.765 INFO             PET3 isNotAlias:  F
20241014 034324.765 INFO             PET3 isAlias from match:  T
20241014 034324.766 INFO             PET3 isAlias for diff objects:  F
20241014 034324.766 INFO             PET3 isExact:  T
20241014 034324.766 INFO             PET3 isMatch:  T
20241014 034324.767 INFO             PET3 isNone:  T
20241014 034324.783 INFO             PET3 docCount:        3
20241014 034324.783 INFO             PET3 my-multi-doc: --- HConfig::log() start ---------------------------------
20241014 034324.784 INFO             PET3 my-multi-doc: ---
20241014 034324.784 INFO             PET3 my-multi-doc: - This
20241014 034324.784 INFO             PET3 my-multi-doc: - is
20241014 034324.784 INFO             PET3 my-multi-doc: - the
20241014 034324.784 INFO             PET3 my-multi-doc: - first document.
20241014 034324.784 INFO             PET3 my-multi-doc: ...
20241014 034324.784 INFO             PET3 my-multi-doc: ---
20241014 034324.784 INFO             PET3 my-multi-doc: - And
20241014 034324.784 INFO             PET3 my-multi-doc: - a second document.
20241014 034324.784 INFO             PET3 my-multi-doc: ...
20241014 034324.784 INFO             PET3 my-multi-doc: ---
20241014 034324.784 INFO             PET3 my-multi-doc: - And
20241014 034324.784 INFO             PET3 my-multi-doc: - finally a
20241014 034324.784 INFO             PET3 my-multi-doc: - third document.
20241014 034324.784 INFO             PET3 my-multi-doc: ...
20241014 034324.784 INFO             PET3 my-multi-doc: --- HConfig::log() end -----------------------------------
20241014 034324.786 INFO             PET3 valueI4Seq:        1       2       3
20241014 034324.786 INFO             PET3 asOkay for Logical:  F
20241014 034324.786 INFO             PET3 asOkay for String:  T
20241014 034324.786 INFO             PET3 valueSSeq: 1         2         3
20241014 034324.790 INFO             PET3  NUMBER_OF_PROCESSORS           4
20241014 034324.790 INFO             PET3  PASS  Example ESMF_HConfigEx, ESMF_HConfigEx.F90, line 2033
20241014 034324.790 INFO             PET3  Finalizing ESMF
