2025-05-10 02:46:32
20250510 035124.493 INFO             PET0 !!!!!!!!!!!!!!!!!!!!!!!!!!!!!!!!!!!!!!!!!!!!!!!!!!!!!!
20250510 035124.493 INFO             PET0 !!! THE ESMF_LOG IS SET TO OUTPUT ALL LOG MESSAGES !!!
20250510 035124.493 INFO             PET0 !!!     THIS MAY CAUSE SLOWDOWN IN PERFORMANCE     !!!
20250510 035124.493 INFO             PET0 !!! FOR PRODUCTION RUNS, USE:                      !!!
20250510 035124.493 INFO             PET0 !!!                   ESMF_LOGKIND_Multi_On_Error  !!!
20250510 035124.493 INFO             PET0 !!!!!!!!!!!!!!!!!!!!!!!!!!!!!!!!!!!!!!!!!!!!!!!!!!!!!!
20250510 035124.493 INFO             PET0 Running with ESMF Version   : v8.9.0b08-9-gea72ab2180
20250510 035124.494 INFO             PET0 ESMF library build date/time: "May 10 2025" "02:42:29"
20250510 035124.494 INFO             PET0 ESMF library build location : /work/noaa/da/mpotts/sandbox/intel_2020.2.1_intelmpi_g_develop/esmf
20250510 035124.494 INFO             PET0 ESMF_COMM                   : intelmpi
20250510 035124.494 INFO             PET0 ESMF_MOAB                   : enabled
20250510 035124.494 INFO             PET0 ESMF_LAPACK                 : enabled
20250510 035124.494 INFO             PET0 ESMF_NETCDF                 : enabled
20250510 035124.494 INFO             PET0 ESMF_PNETCDF                : disabled
20250510 035124.494 INFO             PET0 ESMF_PIO                    : enabled
20250510 035124.494 INFO             PET0 ESMF_YAMLCPP                : enabled
20250510 035124.495 INFO             PET0  NUMBER_OF_PROCESSORS           1
20250510 035124.495 INFO             PET0  PASS  Example ESMF_TimeIntervalEx, ESMF_TimeIntervalEx.F90, line 176
20250510 035124.495 INFO             PET0  Finalizing ESMF
