2024-10-16 02:40:30
20241016 034409.426 INFO             PET0 !!!!!!!!!!!!!!!!!!!!!!!!!!!!!!!!!!!!!!!!!!!!!!!!!!!!!!
20241016 034409.426 INFO             PET0 !!! THE ESMF_LOG IS SET TO OUTPUT ALL LOG MESSAGES !!!
20241016 034409.426 INFO             PET0 !!!     THIS MAY CAUSE SLOWDOWN IN PERFORMANCE     !!!
20241016 034409.426 INFO             PET0 !!! FOR PRODUCTION RUNS, USE:                      !!!
20241016 034409.426 INFO             PET0 !!!                   ESMF_LOGKIND_Multi_On_Error  !!!
20241016 034409.426 INFO             PET0 !!!!!!!!!!!!!!!!!!!!!!!!!!!!!!!!!!!!!!!!!!!!!!!!!!!!!!
20241016 034409.426 INFO             PET0 Running with ESMF Version   : v8.8.0b01-2-g867c30314c
20241016 034409.426 INFO             PET0 ESMF library build date/time: "Oct 16 2024" "02:36:37"
20241016 034409.426 INFO             PET0 ESMF library build location : /work/noaa/da/mpotts/sandbox/intel_2020.2.1_intelmpi_g_develop/esmf
20241016 034409.426 INFO             PET0 ESMF_COMM                   : intelmpi
20241016 034409.427 INFO             PET0 ESMF_MOAB                   : enabled
20241016 034409.427 INFO             PET0 ESMF_LAPACK                 : enabled
20241016 034409.427 INFO             PET0 ESMF_NETCDF                 : enabled
20241016 034409.427 INFO             PET0 ESMF_PNETCDF                : disabled
20241016 034409.427 INFO             PET0 ESMF_PIO                    : enabled
20241016 034409.427 INFO             PET0 ESMF_YAMLCPP                : enabled
20241016 034409.427 INFO             PET0  NUMBER_OF_PROCESSORS           1
20241016 034409.428 INFO             PET0  PASS  Example CalendarEx, ESMF_CalendarEx.F90, line 217
20241016 034409.428 INFO             PET0  Finalizing ESMF
