2025-05-08 02:55:08
20250508 041545.549 INFO             PET0 !!!!!!!!!!!!!!!!!!!!!!!!!!!!!!!!!!!!!!!!!!!!!!!!!!!!!!
20250508 041545.549 INFO             PET0 !!! THE ESMF_LOG IS SET TO OUTPUT ALL LOG MESSAGES !!!
20250508 041545.549 INFO             PET0 !!!     THIS MAY CAUSE SLOWDOWN IN PERFORMANCE     !!!
20250508 041545.549 INFO             PET0 !!! FOR PRODUCTION RUNS, USE:                      !!!
20250508 041545.549 INFO             PET0 !!!                   ESMF_LOGKIND_Multi_On_Error  !!!
20250508 041545.549 INFO             PET0 !!!!!!!!!!!!!!!!!!!!!!!!!!!!!!!!!!!!!!!!!!!!!!!!!!!!!!
20250508 041545.549 INFO             PET0 Running with ESMF Version   : v8.9.0b08-5-g079ca68fdc
20250508 041545.549 INFO             PET0 ESMF library build date/time: "May  8 2025" "02:47:35"
20250508 041545.549 INFO             PET0 ESMF library build location : /work/noaa/da/mpotts/sandbox/intel_2020.2.1_intelmpi_g_develop/esmf
20250508 041545.549 INFO             PET0 ESMF_COMM                   : intelmpi
20250508 041545.550 INFO             PET0 ESMF_MOAB                   : enabled
20250508 041545.550 INFO             PET0 ESMF_LAPACK                 : enabled
20250508 041545.550 INFO             PET0 ESMF_NETCDF                 : enabled
20250508 041545.550 INFO             PET0 ESMF_PNETCDF                : disabled
20250508 041545.550 INFO             PET0 ESMF_PIO                    : enabled
20250508 041545.550 INFO             PET0 ESMF_YAMLCPP                : enabled
20250508 041545.584 INFO             PET0  NUMBER_OF_PROCESSORS           4
20250508 041545.584 INFO             PET0  PASS  Example ESMF_ConfigOverviewEx, ESMF_ConfigOverviewEx.F90, line 638
20250508 041545.584 INFO             PET0  Finalizing ESMF
20250508 041545.550 INFO             PET1 !!!!!!!!!!!!!!!!!!!!!!!!!!!!!!!!!!!!!!!!!!!!!!!!!!!!!!
20250508 041545.550 INFO             PET1 !!! THE ESMF_LOG IS SET TO OUTPUT ALL LOG MESSAGES !!!
20250508 041545.550 INFO             PET1 !!!     THIS MAY CAUSE SLOWDOWN IN PERFORMANCE     !!!
20250508 041545.550 INFO             PET1 !!! FOR PRODUCTION RUNS, USE:                      !!!
20250508 041545.550 INFO             PET1 !!!                   ESMF_LOGKIND_Multi_On_Error  !!!
20250508 041545.550 INFO             PET1 !!!!!!!!!!!!!!!!!!!!!!!!!!!!!!!!!!!!!!!!!!!!!!!!!!!!!!
20250508 041545.550 INFO             PET1 Running with ESMF Version   : v8.9.0b08-5-g079ca68fdc
20250508 041545.550 INFO             PET1 ESMF library build date/time: "May  8 2025" "02:47:35"
20250508 041545.550 INFO             PET1 ESMF library build location : /work/noaa/da/mpotts/sandbox/intel_2020.2.1_intelmpi_g_develop/esmf
20250508 041545.550 INFO             PET1 ESMF_COMM                   : intelmpi
20250508 041545.551 INFO             PET1 ESMF_MOAB                   : enabled
20250508 041545.551 INFO             PET1 ESMF_LAPACK                 : enabled
20250508 041545.551 INFO             PET1 ESMF_NETCDF                 : enabled
20250508 041545.551 INFO             PET1 ESMF_PNETCDF                : disabled
20250508 041545.551 INFO             PET1 ESMF_PIO                    : enabled
20250508 041545.551 INFO             PET1 ESMF_YAMLCPP                : enabled
20250508 041545.584 INFO             PET1  NUMBER_OF_PROCESSORS           4
20250508 041545.584 INFO             PET1  PASS  Example ESMF_ConfigOverviewEx, ESMF_ConfigOverviewEx.F90, line 638
20250508 041545.584 INFO             PET1  Finalizing ESMF
20250508 041545.549 INFO             PET2 !!!!!!!!!!!!!!!!!!!!!!!!!!!!!!!!!!!!!!!!!!!!!!!!!!!!!!
20250508 041545.549 INFO             PET2 !!! THE ESMF_LOG IS SET TO OUTPUT ALL LOG MESSAGES !!!
20250508 041545.549 INFO             PET2 !!!     THIS MAY CAUSE SLOWDOWN IN PERFORMANCE     !!!
20250508 041545.549 INFO             PET2 !!! FOR PRODUCTION RUNS, USE:                      !!!
20250508 041545.549 INFO             PET2 !!!                   ESMF_LOGKIND_Multi_On_Error  !!!
20250508 041545.549 INFO             PET2 !!!!!!!!!!!!!!!!!!!!!!!!!!!!!!!!!!!!!!!!!!!!!!!!!!!!!!
20250508 041545.549 INFO             PET2 Running with ESMF Version   : v8.9.0b08-5-g079ca68fdc
20250508 041545.549 INFO             PET2 ESMF library build date/time: "May  8 2025" "02:47:35"
20250508 041545.549 INFO             PET2 ESMF library build location : /work/noaa/da/mpotts/sandbox/intel_2020.2.1_intelmpi_g_develop/esmf
20250508 041545.549 INFO             PET2 ESMF_COMM                   : intelmpi
20250508 041545.550 INFO             PET2 ESMF_MOAB                   : enabled
20250508 041545.550 INFO             PET2 ESMF_LAPACK                 : enabled
20250508 041545.550 INFO             PET2 ESMF_NETCDF                 : enabled
20250508 041545.550 INFO             PET2 ESMF_PNETCDF                : disabled
20250508 041545.550 INFO             PET2 ESMF_PIO                    : enabled
20250508 041545.550 INFO             PET2 ESMF_YAMLCPP                : enabled
20250508 041545.585 INFO             PET2  NUMBER_OF_PROCESSORS           4
20250508 041545.585 INFO             PET2  PASS  Example ESMF_ConfigOverviewEx, ESMF_ConfigOverviewEx.F90, line 638
20250508 041545.585 INFO             PET2  Finalizing ESMF
20250508 041545.550 INFO             PET3 !!!!!!!!!!!!!!!!!!!!!!!!!!!!!!!!!!!!!!!!!!!!!!!!!!!!!!
20250508 041545.550 INFO             PET3 !!! THE ESMF_LOG IS SET TO OUTPUT ALL LOG MESSAGES !!!
20250508 041545.550 INFO             PET3 !!!     THIS MAY CAUSE SLOWDOWN IN PERFORMANCE     !!!
20250508 041545.550 INFO             PET3 !!! FOR PRODUCTION RUNS, USE:                      !!!
20250508 041545.550 INFO             PET3 !!!                   ESMF_LOGKIND_Multi_On_Error  !!!
20250508 041545.550 INFO             PET3 !!!!!!!!!!!!!!!!!!!!!!!!!!!!!!!!!!!!!!!!!!!!!!!!!!!!!!
20250508 041545.550 INFO             PET3 Running with ESMF Version   : v8.9.0b08-5-g079ca68fdc
20250508 041545.550 INFO             PET3 ESMF library build date/time: "May  8 2025" "02:47:35"
20250508 041545.550 INFO             PET3 ESMF library build location : /work/noaa/da/mpotts/sandbox/intel_2020.2.1_intelmpi_g_develop/esmf
20250508 041545.550 INFO             PET3 ESMF_COMM                   : intelmpi
20250508 041545.550 INFO             PET3 ESMF_MOAB                   : enabled
20250508 041545.550 INFO             PET3 ESMF_LAPACK                 : enabled
20250508 041545.550 INFO             PET3 ESMF_NETCDF                 : enabled
20250508 041545.551 INFO             PET3 ESMF_PNETCDF                : disabled
20250508 041545.551 INFO             PET3 ESMF_PIO                    : enabled
20250508 041545.551 INFO             PET3 ESMF_YAMLCPP                : enabled
20250508 041545.584 INFO             PET3  NUMBER_OF_PROCESSORS           4
20250508 041545.584 INFO             PET3  PASS  Example ESMF_ConfigOverviewEx, ESMF_ConfigOverviewEx.F90, line 638
20250508 041545.585 INFO             PET3  Finalizing ESMF
