2024-10-12 02:41:19
20241012 034525.489 INFO             PET0 !!!!!!!!!!!!!!!!!!!!!!!!!!!!!!!!!!!!!!!!!!!!!!!!!!!!!!
20241012 034525.489 INFO             PET0 !!! THE ESMF_LOG IS SET TO OUTPUT ALL LOG MESSAGES !!!
20241012 034525.489 INFO             PET0 !!!     THIS MAY CAUSE SLOWDOWN IN PERFORMANCE     !!!
20241012 034525.489 INFO             PET0 !!! FOR PRODUCTION RUNS, USE:                      !!!
20241012 034525.489 INFO             PET0 !!!                   ESMF_LOGKIND_Multi_On_Error  !!!
20241012 034525.489 INFO             PET0 !!!!!!!!!!!!!!!!!!!!!!!!!!!!!!!!!!!!!!!!!!!!!!!!!!!!!!
20241012 034525.489 INFO             PET0 Running with ESMF Version   : v8.8.0b01
20241012 034525.489 INFO             PET0 ESMF library build date/time: "Oct 12 2024" "02:37:24"
20241012 034525.489 INFO             PET0 ESMF library build location : /work/noaa/da/mpotts/sandbox/intel_2020.2.1_intelmpi_g_develop/esmf
20241012 034525.489 INFO             PET0 ESMF_COMM                   : intelmpi
20241012 034525.490 INFO             PET0 ESMF_MOAB                   : enabled
20241012 034525.490 INFO             PET0 ESMF_LAPACK                 : enabled
20241012 034525.490 INFO             PET0 ESMF_NETCDF                 : enabled
20241012 034525.490 INFO             PET0 ESMF_PNETCDF                : disabled
20241012 034525.490 INFO             PET0 ESMF_PIO                    : enabled
20241012 034525.490 INFO             PET0 ESMF_YAMLCPP                : enabled
20241012 034525.491 INFO             PET0  NUMBER_OF_PROCESSORS           1
20241012 034525.491 INFO             PET0  PASS  Example ESMF_TimeEx, ESMF_TimeEx.F90, line 141
20241012 034525.491 INFO             PET0  Finalizing ESMF
