+ unset _mlshdbg
+ '[' 0 = 1 ']'
+ unset _mlre _mlIFS
+ '[' -n x ']'
+ _mlIFS=' 	
'
+ IFS=' '
+ for _mlv in ${MODULES_RUN_QUARANTINE:-}
+ '[' LD_LIBRARY_PATH = LD_LIBRARY_PATH -a LD_LIBRARY_PATH = LD_LIBRARY_PATH ']'
++ eval 'echo ${LD_LIBRARY_PATH+x}'
+++ echo x
+ '[' -n x ']'
++ eval 'echo ${LD_LIBRARY_PATH}'
+++ echo /usr/local/hdf5-1.12.0-gcc-g++-gfortran-9.3.0/lib:/usr/local/netcdf-c-4.7.4-f-4.5.2-gcc-g++-gfortran-9.3.0/lib:/cluster/torque/lib:/cluster/mvapich2-2.3.3-gcc-g++-gfortran-9.3.0/lib:/usr/local/gcc-g++-gfortran-9.3.0/lib64
+ _mlre='LD_LIBRARY_PATH_modquar='\''/usr/local/hdf5-1.12.0-gcc-g++-gfortran-9.3.0/lib:/usr/local/netcdf-c-4.7.4-f-4.5.2-gcc-g++-gfortran-9.3.0/lib:/cluster/torque/lib:/cluster/mvapich2-2.3.3-gcc-g++-gfortran-9.3.0/lib:/usr/local/gcc-g++-gfortran-9.3.0/lib64'\'' '
+ _mlrv=MODULES_RUNENV_LD_LIBRARY_PATH
++ eval 'echo ${MODULES_RUNENV_LD_LIBRARY_PATH:-}'
+++ echo
+ _mlre='LD_LIBRARY_PATH_modquar='\''/usr/local/hdf5-1.12.0-gcc-g++-gfortran-9.3.0/lib:/usr/local/netcdf-c-4.7.4-f-4.5.2-gcc-g++-gfortran-9.3.0/lib:/cluster/torque/lib:/cluster/mvapich2-2.3.3-gcc-g++-gfortran-9.3.0/lib:/usr/local/gcc-g++-gfortran-9.3.0/lib64'\'' LD_LIBRARY_PATH='\'''\'' '
+ for _mlv in ${MODULES_RUN_QUARANTINE:-}
+ '[' LD_PRELOAD = LD_PRELOAD -a LD_PRELOAD = LD_PRELOAD ']'
++ eval 'echo ${LD_PRELOAD+x}'
+++ echo
+ '[' -n '' ']'
+ _mlrv=MODULES_RUNENV_LD_PRELOAD
++ eval 'echo ${MODULES_RUNENV_LD_PRELOAD:-}'
+++ echo
+ _mlre='LD_LIBRARY_PATH_modquar='\''/usr/local/hdf5-1.12.0-gcc-g++-gfortran-9.3.0/lib:/usr/local/netcdf-c-4.7.4-f-4.5.2-gcc-g++-gfortran-9.3.0/lib:/cluster/torque/lib:/cluster/mvapich2-2.3.3-gcc-g++-gfortran-9.3.0/lib:/usr/local/gcc-g++-gfortran-9.3.0/lib64'\'' LD_LIBRARY_PATH='\'''\'' LD_PRELOAD='\'''\'' '
+ '[' -n 'LD_LIBRARY_PATH_modquar='\''/usr/local/hdf5-1.12.0-gcc-g++-gfortran-9.3.0/lib:/usr/local/netcdf-c-4.7.4-f-4.5.2-gcc-g++-gfortran-9.3.0/lib:/cluster/torque/lib:/cluster/mvapich2-2.3.3-gcc-g++-gfortran-9.3.0/lib:/usr/local/gcc-g++-gfortran-9.3.0/lib64'\'' LD_LIBRARY_PATH='\'''\'' LD_PRELOAD='\'''\'' ' ']'
++ eval 'LD_LIBRARY_PATH_modquar='\''/usr/local/hdf5-1.12.0-gcc-g++-gfortran-9.3.0/lib:/usr/local/netcdf-c-4.7.4-f-4.5.2-gcc-g++-gfortran-9.3.0/lib:/cluster/torque/lib:/cluster/mvapich2-2.3.3-gcc-g++-gfortran-9.3.0/lib:/usr/local/gcc-g++-gfortran-9.3.0/lib64'\''' 'LD_LIBRARY_PATH='\'''\''' 'LD_PRELOAD='\'''\''' /usr/bin/tclsh /usr/share/Modules/libexec/modulecmd.tcl bash '"$@"'
+++ LD_LIBRARY_PATH_modquar=/usr/local/hdf5-1.12.0-gcc-g++-gfortran-9.3.0/lib:/usr/local/netcdf-c-4.7.4-f-4.5.2-gcc-g++-gfortran-9.3.0/lib:/cluster/torque/lib:/cluster/mvapich2-2.3.3-gcc-g++-gfortran-9.3.0/lib:/usr/local/gcc-g++-gfortran-9.3.0/lib64
+++ LD_LIBRARY_PATH=
+++ LD_PRELOAD=
+++ /usr/bin/tclsh /usr/share/Modules/libexec/modulecmd.tcl bash list
Currently Loaded Modulefiles:
 1) mpi/2.3.3/gnu/9.3.0          3) tool/netcdf/4.7.4/gnu/9.3.0  
 2) tool/hdf5/1.12.0/gnu/9.3.0   4) compiler/gnu/9.3.0           
+ eval
+ _mlstatus=0
+ '[' -n x ']'
+ IFS=' 	
'
+ unset _mlre _mlv _mlrv _mlIFS
+ '[' -n '' ']'
+ unset _mlshdbg
+ return 0
