2024-10-18 07:37:12
20241018 081905.571 INFO             PET0 !!!!!!!!!!!!!!!!!!!!!!!!!!!!!!!!!!!!!!!!!!!!!!!!!!!!!!
20241018 081905.572 INFO             PET0 !!! THE ESMF_LOG IS SET TO OUTPUT ALL LOG MESSAGES !!!
20241018 081905.572 INFO             PET0 !!!     THIS MAY CAUSE SLOWDOWN IN PERFORMANCE     !!!
20241018 081905.572 INFO             PET0 !!! FOR PRODUCTION RUNS, USE:                      !!!
20241018 081905.572 INFO             PET0 !!!                   ESMF_LOGKIND_Multi_On_Error  !!!
20241018 081905.572 INFO             PET0 !!!!!!!!!!!!!!!!!!!!!!!!!!!!!!!!!!!!!!!!!!!!!!!!!!!!!!
20241018 081905.572 INFO             PET0 Running with ESMF Version   : v8.8.0b01-7-gc92d921964
20241018 081905.572 INFO             PET0 ESMF library build date/time: "Oct 18 2024" "07:33:51"
20241018 081905.572 INFO             PET0 ESMF library build location : /scratch2/NCEPDEV/stmp1/Gerhard.Theurich/ESMF-Nightly-Testing/intel_2023.2.0_mpiuni_g_develop/esmf
20241018 081905.572 INFO             PET0 ESMF_COMM                   : mpiuni
20241018 081905.573 INFO             PET0 ESMF_MOAB                   : enabled
20241018 081905.573 INFO             PET0 ESMF_LAPACK                 : enabled
20241018 081905.573 INFO             PET0 ESMF_NETCDF                 : enabled
20241018 081905.573 INFO             PET0 ESMF_PNETCDF                : disabled
20241018 081905.573 INFO             PET0 ESMF_PIO                    : enabled
20241018 081905.573 INFO             PET0 ESMF_YAMLCPP                : enabled
20241018 081905.573 INFO             PET0 ESMF Tracing Enabled
20241018 081905.573 INFO             PET0 ESMF Profiling Enabled
20241018 081905.573 INFO             PET0 ESMF Trace/Profile clock: REALTIME
20241018 081905.575 INFO             PET0  NUMBER_OF_PROCESSORS           1
20241018 081905.575 INFO             PET0  PASS  Example ESMF_TraceUserEx, ESMF_TraceUserEx.F90, line 125
20241018 081905.575 INFO             PET0  Finalizing ESMF
20241018 081905.575 INFO             PET0 **************** Region Timings *******************
20241018 081905.575 INFO             PET0 Region                Count  Total (s)   Self (s)    Mean (s)    Min (s)     Max (s)
20241018 081905.576 INFO             PET0   [ESMF]              1      0.0009      0.0005      0.0009      0.0009      0.0009
20241018 081905.576 INFO             PET0     outer_region      1      0.0004      0.0000      0.0004      0.0004      0.0004
20241018 081905.576 INFO             PET0       inner_region_1  10     0.0002      0.0002      0.0000      0.0000      0.0000
20241018 081905.576 INFO             PET0       inner_region_2  10     0.0001      0.0001      0.0000      0.0000      0.0000
