2025-05-09 07:39:34
20250509 083422.019 INFO             PET0 !!!!!!!!!!!!!!!!!!!!!!!!!!!!!!!!!!!!!!!!!!!!!!!!!!!!!!
20250509 083422.019 INFO             PET0 !!! THE ESMF_LOG IS SET TO OUTPUT ALL LOG MESSAGES !!!
20250509 083422.019 INFO             PET0 !!!     THIS MAY CAUSE SLOWDOWN IN PERFORMANCE     !!!
20250509 083422.019 INFO             PET0 !!! FOR PRODUCTION RUNS, USE:                      !!!
20250509 083422.019 INFO             PET0 !!!                   ESMF_LOGKIND_Multi_On_Error  !!!
20250509 083422.019 INFO             PET0 !!!!!!!!!!!!!!!!!!!!!!!!!!!!!!!!!!!!!!!!!!!!!!!!!!!!!!
20250509 083422.019 INFO             PET0 Running with ESMF Version   : v8.9.0b08-9-gea72ab2180
20250509 083422.019 INFO             PET0 ESMF library build date/time: "May  9 2025" "07:37:10"
20250509 083422.019 INFO             PET0 ESMF library build location : /scratch2/NCEPDEV/stmp1/Gerhard.Theurich/ESMF-Nightly-Testing/intel_2023.2.0_mpiuni_g_develop/esmf
20250509 083422.019 INFO             PET0 ESMF_COMM                   : mpiuni
20250509 083422.020 INFO             PET0 ESMF_MOAB                   : enabled
20250509 083422.020 INFO             PET0 ESMF_LAPACK                 : enabled
20250509 083422.020 INFO             PET0 ESMF_NETCDF                 : enabled
20250509 083422.020 INFO             PET0 ESMF_PNETCDF                : disabled
20250509 083422.020 INFO             PET0 ESMF_PIO                    : enabled
20250509 083422.020 INFO             PET0 ESMF_YAMLCPP                : enabled
20250509 083422.022 ERROR            PET0 ESMCI_Info.C:1289 Info::set(<json>) Cannot set value  - Error/Return Code 540 (ESMC_RC_CANNOT_SET) - Key '/myIntegerKey' already in map and force=false.
20250509 083422.022 ERROR            PET0 ESMCI_Info.C:1292 Info::set(<json>) Cannot set value  - Internal subroutine call returned Error
20250509 083422.022 ERROR            PET0 ESMCI_Info.C:1334 Info::set(<json>) Cannot set value  - Internal subroutine call returned Error
20250509 083422.022 ERROR            PET0 ESMCI_Info.C:1337 Info::set(<json>) Cannot set value  - Internal subroutine call returned Error
20250509 083422.022 ERROR            PET0 ESMCI_Info.C:1385 Info::set(<scalar>) Cannot set value  - Internal subroutine call returned Error
20250509 083422.022 ERROR            PET0 ESMC_InfoCDefGeneric.C:387 ESMC_InfoSetI4() Cannot set value  - Internal subroutine call returned Error
20250509 083422.022 ERROR            PET0 ESMF_Info.F90:2937 ESMF_InfoSetI4() Cannot set value  - Internal subroutine call returned Error
20250509 083422.023 INFO             PET0  NUMBER_OF_PROCESSORS           1
20250509 083422.023 INFO             PET0  PASS  Example ESMF_InfoTutorialEx, ESMF_InfoTutorialEx.F90, line 335
20250509 083422.023 INFO             PET0  Finalizing ESMF
