2024-10-11 07:32:59
20241011 081623.793 INFO             PET0 !!!!!!!!!!!!!!!!!!!!!!!!!!!!!!!!!!!!!!!!!!!!!!!!!!!!!!
20241011 081623.793 INFO             PET0 !!! THE ESMF_LOG IS SET TO OUTPUT ALL LOG MESSAGES !!!
20241011 081623.793 INFO             PET0 !!!     THIS MAY CAUSE SLOWDOWN IN PERFORMANCE     !!!
20241011 081623.793 INFO             PET0 !!! FOR PRODUCTION RUNS, USE:                      !!!
20241011 081623.793 INFO             PET0 !!!                   ESMF_LOGKIND_Multi_On_Error  !!!
20241011 081623.793 INFO             PET0 !!!!!!!!!!!!!!!!!!!!!!!!!!!!!!!!!!!!!!!!!!!!!!!!!!!!!!
20241011 081623.793 INFO             PET0 Running with ESMF Version   : v8.8.0b00-12-g0d4b825343
20241011 081623.793 INFO             PET0 ESMF library build date/time: "Oct 11 2024" "07:29:52"
20241011 081623.793 INFO             PET0 ESMF library build location : /scratch2/NCEPDEV/stmp1/Gerhard.Theurich/ESMF-Nightly-Testing/intel_2023.2.0_mpiuni_g_develop/esmf
20241011 081623.793 INFO             PET0 ESMF_COMM                   : mpiuni
20241011 081623.794 INFO             PET0 ESMF_MOAB                   : enabled
20241011 081623.794 INFO             PET0 ESMF_LAPACK                 : enabled
20241011 081623.794 INFO             PET0 ESMF_NETCDF                 : enabled
20241011 081623.794 INFO             PET0 ESMF_PNETCDF                : disabled
20241011 081623.794 INFO             PET0 ESMF_PIO                    : enabled
20241011 081623.794 INFO             PET0 ESMF_YAMLCPP                : enabled
20241011 081623.802 INFO             PET0 ESMF_FieldRedistStoreNF(): Just entered routine.
20241011 081624.339 INFO             PET0 ESMF_FieldRedistStoreNF(): Leaving routine.
20241011 081624.349 INFO             PET0  NUMBER_OF_PROCESSORS           1
20241011 081624.350 INFO             PET0  PASS  Example ESMF_RHandleFromFileEx, ESMF_RHandleFromFileEx.F90, line 192
20241011 081624.350 INFO             PET0  Finalizing ESMF
