2025-05-09 07:39:34
20250509 083510.801 INFO             PET0 !!!!!!!!!!!!!!!!!!!!!!!!!!!!!!!!!!!!!!!!!!!!!!!!!!!!!!
20250509 083510.801 INFO             PET0 !!! THE ESMF_LOG IS SET TO OUTPUT ALL LOG MESSAGES !!!
20250509 083510.801 INFO             PET0 !!!     THIS MAY CAUSE SLOWDOWN IN PERFORMANCE     !!!
20250509 083510.801 INFO             PET0 !!! FOR PRODUCTION RUNS, USE:                      !!!
20250509 083510.801 INFO             PET0 !!!                   ESMF_LOGKIND_Multi_On_Error  !!!
20250509 083510.801 INFO             PET0 !!!!!!!!!!!!!!!!!!!!!!!!!!!!!!!!!!!!!!!!!!!!!!!!!!!!!!
20250509 083510.801 INFO             PET0 Running with ESMF Version   : v8.9.0b08-9-gea72ab2180
20250509 083510.801 INFO             PET0 ESMF library build date/time: "May  9 2025" "07:37:10"
20250509 083510.801 INFO             PET0 ESMF library build location : /scratch2/NCEPDEV/stmp1/Gerhard.Theurich/ESMF-Nightly-Testing/intel_2023.2.0_mpiuni_g_develop/esmf
20250509 083510.801 INFO             PET0 ESMF_COMM                   : mpiuni
20250509 083510.802 INFO             PET0 ESMF_MOAB                   : enabled
20250509 083510.802 INFO             PET0 ESMF_LAPACK                 : enabled
20250509 083510.802 INFO             PET0 ESMF_NETCDF                 : enabled
20250509 083510.802 INFO             PET0 ESMF_PNETCDF                : disabled
20250509 083510.802 INFO             PET0 ESMF_PIO                    : enabled
20250509 083510.802 INFO             PET0 ESMF_YAMLCPP                : enabled
20250509 083510.803 INFO             PET0  NUMBER_OF_PROCESSORS           1
20250509 083510.804 INFO             PET0  PASS  Example ESMF_GridCreateRegFromDGEx, ESMF_GridCreateRegFromDGEx.F90, line 112
20250509 083510.804 INFO             PET0  Finalizing ESMF
