2024-10-10 07:41:52
20241010 084002.483 INFO             PET0 !!!!!!!!!!!!!!!!!!!!!!!!!!!!!!!!!!!!!!!!!!!!!!!!!!!!!!
20241010 084002.483 INFO             PET0 !!! THE ESMF_LOG IS SET TO OUTPUT ALL LOG MESSAGES !!!
20241010 084002.483 INFO             PET0 !!!     THIS MAY CAUSE SLOWDOWN IN PERFORMANCE     !!!
20241010 084002.483 INFO             PET0 !!! FOR PRODUCTION RUNS, USE:                      !!!
20241010 084002.483 INFO             PET0 !!!                   ESMF_LOGKIND_Multi_On_Error  !!!
20241010 084002.483 INFO             PET0 !!!!!!!!!!!!!!!!!!!!!!!!!!!!!!!!!!!!!!!!!!!!!!!!!!!!!!
20241010 084002.483 INFO             PET0 Running with ESMF Version   : v8.8.0b00-12-g0d4b825343
20241010 084002.483 INFO             PET0 ESMF library build date/time: "Oct 10 2024" "07:38:15"
20241010 084002.483 INFO             PET0 ESMF library build location : /scratch2/NCEPDEV/stmp1/Gerhard.Theurich/ESMF-Nightly-Testing/intel_2023.2.0-oneAPI_intelmpi_O_develop/esmf
20241010 084002.483 INFO             PET0 ESMF_COMM                   : intelmpi
20241010 084002.484 INFO             PET0 ESMF_MOAB                   : enabled
20241010 084002.484 INFO             PET0 ESMF_LAPACK                 : enabled
20241010 084002.484 INFO             PET0 ESMF_NETCDF                 : enabled
20241010 084002.484 INFO             PET0 ESMF_PNETCDF                : disabled
20241010 084002.484 INFO             PET0 ESMF_PIO                    : enabled
20241010 084002.484 INFO             PET0 ESMF_YAMLCPP                : enabled
20241010 084002.512 DEBUG            PET0 about to destroy Grid: 0x27cebc0
20241010 084002.515 DEBUG            PET0 about to destroy Grid: 0x27cf9f0
20241010 084002.523 INFO             PET0  NUMBER_OF_PROCESSORS           4
20241010 084002.523 INFO             PET0  PASS  Example ESMF_NUOPCAtmModelEx, ESMF_NUOPCAtmModelEx.F90, line 806
20241010 084002.523 INFO             PET0  Finalizing ESMF
20241010 084002.484 INFO             PET1 !!!!!!!!!!!!!!!!!!!!!!!!!!!!!!!!!!!!!!!!!!!!!!!!!!!!!!
20241010 084002.484 INFO             PET1 !!! THE ESMF_LOG IS SET TO OUTPUT ALL LOG MESSAGES !!!
20241010 084002.484 INFO             PET1 !!!     THIS MAY CAUSE SLOWDOWN IN PERFORMANCE     !!!
20241010 084002.484 INFO             PET1 !!! FOR PRODUCTION RUNS, USE:                      !!!
20241010 084002.484 INFO             PET1 !!!                   ESMF_LOGKIND_Multi_On_Error  !!!
20241010 084002.484 INFO             PET1 !!!!!!!!!!!!!!!!!!!!!!!!!!!!!!!!!!!!!!!!!!!!!!!!!!!!!!
20241010 084002.484 INFO             PET1 Running with ESMF Version   : v8.8.0b00-12-g0d4b825343
20241010 084002.484 INFO             PET1 ESMF library build date/time: "Oct 10 2024" "07:38:15"
20241010 084002.484 INFO             PET1 ESMF library build location : /scratch2/NCEPDEV/stmp1/Gerhard.Theurich/ESMF-Nightly-Testing/intel_2023.2.0-oneAPI_intelmpi_O_develop/esmf
20241010 084002.484 INFO             PET1 ESMF_COMM                   : intelmpi
20241010 084002.485 INFO             PET1 ESMF_MOAB                   : enabled
20241010 084002.485 INFO             PET1 ESMF_LAPACK                 : enabled
20241010 084002.485 INFO             PET1 ESMF_NETCDF                 : enabled
20241010 084002.485 INFO             PET1 ESMF_PNETCDF                : disabled
20241010 084002.485 INFO             PET1 ESMF_PIO                    : enabled
20241010 084002.485 INFO             PET1 ESMF_YAMLCPP                : enabled
20241010 084002.512 DEBUG            PET1 about to destroy Grid: 0x16453e0
20241010 084002.515 DEBUG            PET1 about to destroy Grid: 0x1645c80
20241010 084002.523 INFO             PET1  NUMBER_OF_PROCESSORS           4
20241010 084002.523 INFO             PET1  PASS  Example ESMF_NUOPCAtmModelEx, ESMF_NUOPCAtmModelEx.F90, line 806
20241010 084002.523 INFO             PET1  Finalizing ESMF
20241010 084002.484 INFO             PET2 !!!!!!!!!!!!!!!!!!!!!!!!!!!!!!!!!!!!!!!!!!!!!!!!!!!!!!
20241010 084002.484 INFO             PET2 !!! THE ESMF_LOG IS SET TO OUTPUT ALL LOG MESSAGES !!!
20241010 084002.484 INFO             PET2 !!!     THIS MAY CAUSE SLOWDOWN IN PERFORMANCE     !!!
20241010 084002.484 INFO             PET2 !!! FOR PRODUCTION RUNS, USE:                      !!!
20241010 084002.484 INFO             PET2 !!!                   ESMF_LOGKIND_Multi_On_Error  !!!
20241010 084002.484 INFO             PET2 !!!!!!!!!!!!!!!!!!!!!!!!!!!!!!!!!!!!!!!!!!!!!!!!!!!!!!
20241010 084002.484 INFO             PET2 Running with ESMF Version   : v8.8.0b00-12-g0d4b825343
20241010 084002.484 INFO             PET2 ESMF library build date/time: "Oct 10 2024" "07:38:15"
20241010 084002.484 INFO             PET2 ESMF library build location : /scratch2/NCEPDEV/stmp1/Gerhard.Theurich/ESMF-Nightly-Testing/intel_2023.2.0-oneAPI_intelmpi_O_develop/esmf
20241010 084002.484 INFO             PET2 ESMF_COMM                   : intelmpi
20241010 084002.484 INFO             PET2 ESMF_MOAB                   : enabled
20241010 084002.484 INFO             PET2 ESMF_LAPACK                 : enabled
20241010 084002.484 INFO             PET2 ESMF_NETCDF                 : enabled
20241010 084002.484 INFO             PET2 ESMF_PNETCDF                : disabled
20241010 084002.484 INFO             PET2 ESMF_PIO                    : enabled
20241010 084002.484 INFO             PET2 ESMF_YAMLCPP                : enabled
20241010 084002.512 DEBUG            PET2 about to destroy Grid: 0x1f285d0
20241010 084002.515 DEBUG            PET2 about to destroy Grid: 0x1f28e70
20241010 084002.523 INFO             PET2  NUMBER_OF_PROCESSORS           4
20241010 084002.523 INFO             PET2  PASS  Example ESMF_NUOPCAtmModelEx, ESMF_NUOPCAtmModelEx.F90, line 806
20241010 084002.523 INFO             PET2  Finalizing ESMF
20241010 084002.484 INFO             PET3 !!!!!!!!!!!!!!!!!!!!!!!!!!!!!!!!!!!!!!!!!!!!!!!!!!!!!!
20241010 084002.484 INFO             PET3 !!! THE ESMF_LOG IS SET TO OUTPUT ALL LOG MESSAGES !!!
20241010 084002.484 INFO             PET3 !!!     THIS MAY CAUSE SLOWDOWN IN PERFORMANCE     !!!
20241010 084002.484 INFO             PET3 !!! FOR PRODUCTION RUNS, USE:                      !!!
20241010 084002.484 INFO             PET3 !!!                   ESMF_LOGKIND_Multi_On_Error  !!!
20241010 084002.484 INFO             PET3 !!!!!!!!!!!!!!!!!!!!!!!!!!!!!!!!!!!!!!!!!!!!!!!!!!!!!!
20241010 084002.484 INFO             PET3 Running with ESMF Version   : v8.8.0b00-12-g0d4b825343
20241010 084002.485 INFO             PET3 ESMF library build date/time: "Oct 10 2024" "07:38:15"
20241010 084002.485 INFO             PET3 ESMF library build location : /scratch2/NCEPDEV/stmp1/Gerhard.Theurich/ESMF-Nightly-Testing/intel_2023.2.0-oneAPI_intelmpi_O_develop/esmf
20241010 084002.485 INFO             PET3 ESMF_COMM                   : intelmpi
20241010 084002.485 INFO             PET3 ESMF_MOAB                   : enabled
20241010 084002.485 INFO             PET3 ESMF_LAPACK                 : enabled
20241010 084002.485 INFO             PET3 ESMF_NETCDF                 : enabled
20241010 084002.485 INFO             PET3 ESMF_PNETCDF                : disabled
20241010 084002.485 INFO             PET3 ESMF_PIO                    : enabled
20241010 084002.485 INFO             PET3 ESMF_YAMLCPP                : enabled
20241010 084002.512 DEBUG            PET3 about to destroy Grid: 0x2a1a610
20241010 084002.515 DEBUG            PET3 about to destroy Grid: 0x2a1aeb0
20241010 084002.523 INFO             PET3  NUMBER_OF_PROCESSORS           4
20241010 084002.523 INFO             PET3  PASS  Example ESMF_NUOPCAtmModelEx, ESMF_NUOPCAtmModelEx.F90, line 806
20241010 084002.523 INFO             PET3  Finalizing ESMF
