2025-05-10 07:55:44
20250510 091801.349 INFO             PET0 !!!!!!!!!!!!!!!!!!!!!!!!!!!!!!!!!!!!!!!!!!!!!!!!!!!!!!
20250510 091801.349 INFO             PET0 !!! THE ESMF_LOG IS SET TO OUTPUT ALL LOG MESSAGES !!!
20250510 091801.349 INFO             PET0 !!!     THIS MAY CAUSE SLOWDOWN IN PERFORMANCE     !!!
20250510 091801.349 INFO             PET0 !!! FOR PRODUCTION RUNS, USE:                      !!!
20250510 091801.349 INFO             PET0 !!!                   ESMF_LOGKIND_Multi_On_Error  !!!
20250510 091801.349 INFO             PET0 !!!!!!!!!!!!!!!!!!!!!!!!!!!!!!!!!!!!!!!!!!!!!!!!!!!!!!
20250510 091801.349 INFO             PET0 Running with ESMF Version   : v8.9.0b08-9-gea72ab2180
20250510 091801.349 INFO             PET0 ESMF library build date/time: "May 10 2025" "07:52:07"
20250510 091801.349 INFO             PET0 ESMF library build location : /scratch2/NCEPDEV/stmp1/Gerhard.Theurich/ESMF-Nightly-Testing/nvhpc_24.1_openmpi_g_develop/esmf
20250510 091801.349 INFO             PET0 ESMF_COMM                   : openmpi
20250510 091801.349 INFO             PET0 ESMF_MOAB                   : enabled
20250510 091801.349 INFO             PET0 ESMF_LAPACK                 : enabled
20250510 091801.349 INFO             PET0 ESMF_NETCDF                 : disabled
20250510 091801.349 INFO             PET0 ESMF_PNETCDF                : disabled
20250510 091801.349 INFO             PET0 ESMF_PIO                    : disabled
20250510 091801.349 INFO             PET0 ESMF_YAMLCPP                : enabled
20250510 091801.351 INFO             PET0 Before Reconcile:--- StateLog() start -----------------
20250510 091801.351 INFO             PET0 Before Reconcile:<name: State001> <intent: ESMF_STATEINTENT_UNSPECIFIED> <itemCount:    3>
20250510 091801.351 INFO             PET0 Before Reconcile:+-<item: 0001> <itemType: Field> <itemName: Field1>
20250510 091801.351 INFO             PET0 Before Reconcile:+-<item: 0002> <itemType: Field> <itemName: Field2>
20250510 091801.351 INFO             PET0 Before Reconcile:+-<item: 0003> <itemType: Field> <itemName: Field3>
20250510 091801.351 INFO             PET0 Before Reconcile:--- StateLog() end -------------------
20250510 091801.354 INFO             PET0 After Reconcile:--- StateLog() start -----------------
20250510 091801.354 INFO             PET0 After Reconcile:<name: State001> <intent: ESMF_STATEINTENT_UNSPECIFIED> <itemCount:    3>
20250510 091801.354 INFO             PET0 After Reconcile:+-<item: 0001> <itemType: Field> <itemName: Field1>
20250510 091801.354 INFO             PET0 After Reconcile:+-<item: 0002> <itemType: Field> <itemName: Field2>
20250510 091801.354 INFO             PET0 After Reconcile:+-<item: 0003> <itemType: Field> <itemName: Field3>
20250510 091801.354 INFO             PET0 After Reconcile:--- StateLog() end -------------------
20250510 091801.354 INFO             PET0  NUMBER_OF_PROCESSORS            4
20250510 091801.354 INFO             PET0  PASS  Example ESMF_StateReconcileEx, ESMF_StateReconcileEx.F90, line 233
20250510 091801.354 INFO             PET0  Finalizing ESMF
20250510 091801.349 INFO             PET1 !!!!!!!!!!!!!!!!!!!!!!!!!!!!!!!!!!!!!!!!!!!!!!!!!!!!!!
20250510 091801.349 INFO             PET1 !!! THE ESMF_LOG IS SET TO OUTPUT ALL LOG MESSAGES !!!
20250510 091801.349 INFO             PET1 !!!     THIS MAY CAUSE SLOWDOWN IN PERFORMANCE     !!!
20250510 091801.349 INFO             PET1 !!! FOR PRODUCTION RUNS, USE:                      !!!
20250510 091801.349 INFO             PET1 !!!                   ESMF_LOGKIND_Multi_On_Error  !!!
20250510 091801.349 INFO             PET1 !!!!!!!!!!!!!!!!!!!!!!!!!!!!!!!!!!!!!!!!!!!!!!!!!!!!!!
20250510 091801.349 INFO             PET1 Running with ESMF Version   : v8.9.0b08-9-gea72ab2180
20250510 091801.349 INFO             PET1 ESMF library build date/time: "May 10 2025" "07:52:07"
20250510 091801.349 INFO             PET1 ESMF library build location : /scratch2/NCEPDEV/stmp1/Gerhard.Theurich/ESMF-Nightly-Testing/nvhpc_24.1_openmpi_g_develop/esmf
20250510 091801.349 INFO             PET1 ESMF_COMM                   : openmpi
20250510 091801.350 INFO             PET1 ESMF_MOAB                   : enabled
20250510 091801.350 INFO             PET1 ESMF_LAPACK                 : enabled
20250510 091801.350 INFO             PET1 ESMF_NETCDF                 : disabled
20250510 091801.350 INFO             PET1 ESMF_PNETCDF                : disabled
20250510 091801.350 INFO             PET1 ESMF_PIO                    : disabled
20250510 091801.350 INFO             PET1 ESMF_YAMLCPP                : enabled
20250510 091801.351 INFO             PET1 Before Reconcile:--- StateLog() start -----------------
20250510 091801.351 INFO             PET1 Before Reconcile:<name: State001> <intent: ESMF_STATEINTENT_UNSPECIFIED> <itemCount:    3>
20250510 091801.351 INFO             PET1 Before Reconcile:+-<item: 0001> <itemType: Field> <itemName: Field1>
20250510 091801.351 INFO             PET1 Before Reconcile:+-<item: 0002> <itemType: Field> <itemName: Field2>
20250510 091801.351 INFO             PET1 Before Reconcile:+-<item: 0003> <itemType: Field> <itemName: Field3>
20250510 091801.351 INFO             PET1 Before Reconcile:--- StateLog() end -------------------
20250510 091801.354 INFO             PET1 After Reconcile:--- StateLog() start -----------------
20250510 091801.354 INFO             PET1 After Reconcile:<name: State001> <intent: ESMF_STATEINTENT_UNSPECIFIED> <itemCount:    3>
20250510 091801.354 INFO             PET1 After Reconcile:+-<item: 0001> <itemType: Field> <itemName: Field1>
20250510 091801.354 INFO             PET1 After Reconcile:+-<item: 0002> <itemType: Field> <itemName: Field2>
20250510 091801.354 INFO             PET1 After Reconcile:+-<item: 0003> <itemType: Field> <itemName: Field3>
20250510 091801.354 INFO             PET1 After Reconcile:--- StateLog() end -------------------
20250510 091801.354 INFO             PET1  NUMBER_OF_PROCESSORS            4
20250510 091801.354 INFO             PET1  PASS  Example ESMF_StateReconcileEx, ESMF_StateReconcileEx.F90, line 233
20250510 091801.354 INFO             PET1  Finalizing ESMF
20250510 091801.349 INFO             PET2 !!!!!!!!!!!!!!!!!!!!!!!!!!!!!!!!!!!!!!!!!!!!!!!!!!!!!!
20250510 091801.349 INFO             PET2 !!! THE ESMF_LOG IS SET TO OUTPUT ALL LOG MESSAGES !!!
20250510 091801.349 INFO             PET2 !!!     THIS MAY CAUSE SLOWDOWN IN PERFORMANCE     !!!
20250510 091801.349 INFO             PET2 !!! FOR PRODUCTION RUNS, USE:                      !!!
20250510 091801.349 INFO             PET2 !!!                   ESMF_LOGKIND_Multi_On_Error  !!!
20250510 091801.349 INFO             PET2 !!!!!!!!!!!!!!!!!!!!!!!!!!!!!!!!!!!!!!!!!!!!!!!!!!!!!!
20250510 091801.349 INFO             PET2 Running with ESMF Version   : v8.9.0b08-9-gea72ab2180
20250510 091801.349 INFO             PET2 ESMF library build date/time: "May 10 2025" "07:52:07"
20250510 091801.349 INFO             PET2 ESMF library build location : /scratch2/NCEPDEV/stmp1/Gerhard.Theurich/ESMF-Nightly-Testing/nvhpc_24.1_openmpi_g_develop/esmf
20250510 091801.349 INFO             PET2 ESMF_COMM                   : openmpi
20250510 091801.349 INFO             PET2 ESMF_MOAB                   : enabled
20250510 091801.349 INFO             PET2 ESMF_LAPACK                 : enabled
20250510 091801.349 INFO             PET2 ESMF_NETCDF                 : disabled
20250510 091801.349 INFO             PET2 ESMF_PNETCDF                : disabled
20250510 091801.349 INFO             PET2 ESMF_PIO                    : disabled
20250510 091801.349 INFO             PET2 ESMF_YAMLCPP                : enabled
20250510 091801.351 INFO             PET2 Before Reconcile:--- StateLog() start -----------------
20250510 091801.351 INFO             PET2 Before Reconcile:<name: State001> <intent: ESMF_STATEINTENT_UNSPECIFIED> <itemCount:    0>
20250510 091801.351 INFO             PET2 Before Reconcile:--- StateLog() end -------------------
20250510 091801.355 INFO             PET2 After Reconcile:--- StateLog() start -----------------
20250510 091801.355 INFO             PET2 After Reconcile:<name: State001> <intent: ESMF_STATEINTENT_UNSPECIFIED> <itemCount:    3>
20250510 091801.355 INFO             PET2 After Reconcile:+-<item: 0001> <itemType: Field> <itemName: Field1>
20250510 091801.355 INFO             PET2 After Reconcile:+-<item: 0002> <itemType: Field> <itemName: Field2>
20250510 091801.355 INFO             PET2 After Reconcile:+-<item: 0003> <itemType: Field> <itemName: Field3>
20250510 091801.355 INFO             PET2 After Reconcile:--- StateLog() end -------------------
20250510 091801.355 INFO             PET2  NUMBER_OF_PROCESSORS            4
20250510 091801.355 INFO             PET2  PASS  Example ESMF_StateReconcileEx, ESMF_StateReconcileEx.F90, line 233
20250510 091801.355 INFO             PET2  Finalizing ESMF
20250510 091801.349 INFO             PET3 !!!!!!!!!!!!!!!!!!!!!!!!!!!!!!!!!!!!!!!!!!!!!!!!!!!!!!
20250510 091801.349 INFO             PET3 !!! THE ESMF_LOG IS SET TO OUTPUT ALL LOG MESSAGES !!!
20250510 091801.349 INFO             PET3 !!!     THIS MAY CAUSE SLOWDOWN IN PERFORMANCE     !!!
20250510 091801.349 INFO             PET3 !!! FOR PRODUCTION RUNS, USE:                      !!!
20250510 091801.349 INFO             PET3 !!!                   ESMF_LOGKIND_Multi_On_Error  !!!
20250510 091801.349 INFO             PET3 !!!!!!!!!!!!!!!!!!!!!!!!!!!!!!!!!!!!!!!!!!!!!!!!!!!!!!
20250510 091801.349 INFO             PET3 Running with ESMF Version   : v8.9.0b08-9-gea72ab2180
20250510 091801.349 INFO             PET3 ESMF library build date/time: "May 10 2025" "07:52:07"
20250510 091801.349 INFO             PET3 ESMF library build location : /scratch2/NCEPDEV/stmp1/Gerhard.Theurich/ESMF-Nightly-Testing/nvhpc_24.1_openmpi_g_develop/esmf
20250510 091801.349 INFO             PET3 ESMF_COMM                   : openmpi
20250510 091801.349 INFO             PET3 ESMF_MOAB                   : enabled
20250510 091801.349 INFO             PET3 ESMF_LAPACK                 : enabled
20250510 091801.349 INFO             PET3 ESMF_NETCDF                 : disabled
20250510 091801.349 INFO             PET3 ESMF_PNETCDF                : disabled
20250510 091801.349 INFO             PET3 ESMF_PIO                    : disabled
20250510 091801.349 INFO             PET3 ESMF_YAMLCPP                : enabled
20250510 091801.351 INFO             PET3 Before Reconcile:--- StateLog() start -----------------
20250510 091801.351 INFO             PET3 Before Reconcile:<name: State001> <intent: ESMF_STATEINTENT_UNSPECIFIED> <itemCount:    0>
20250510 091801.351 INFO             PET3 Before Reconcile:--- StateLog() end -------------------
20250510 091801.355 INFO             PET3 After Reconcile:--- StateLog() start -----------------
20250510 091801.355 INFO             PET3 After Reconcile:<name: State001> <intent: ESMF_STATEINTENT_UNSPECIFIED> <itemCount:    3>
20250510 091801.355 INFO             PET3 After Reconcile:+-<item: 0001> <itemType: Field> <itemName: Field1>
20250510 091801.355 INFO             PET3 After Reconcile:+-<item: 0002> <itemType: Field> <itemName: Field2>
20250510 091801.355 INFO             PET3 After Reconcile:+-<item: 0003> <itemType: Field> <itemName: Field3>
20250510 091801.355 INFO             PET3 After Reconcile:--- StateLog() end -------------------
20250510 091801.355 INFO             PET3  NUMBER_OF_PROCESSORS            4
20250510 091801.355 INFO             PET3  PASS  Example ESMF_StateReconcileEx, ESMF_StateReconcileEx.F90, line 233
20250510 091801.355 INFO             PET3  Finalizing ESMF
