2024-10-09 07:42:39
20241009 084514.428 INFO             PET0 !!!!!!!!!!!!!!!!!!!!!!!!!!!!!!!!!!!!!!!!!!!!!!!!!!!!!!
20241009 084514.429 INFO             PET0 !!! THE ESMF_LOG IS SET TO OUTPUT ALL LOG MESSAGES !!!
20241009 084514.429 INFO             PET0 !!!     THIS MAY CAUSE SLOWDOWN IN PERFORMANCE     !!!
20241009 084514.429 INFO             PET0 !!! FOR PRODUCTION RUNS, USE:                      !!!
20241009 084514.429 INFO             PET0 !!!                   ESMF_LOGKIND_Multi_On_Error  !!!
20241009 084514.429 INFO             PET0 !!!!!!!!!!!!!!!!!!!!!!!!!!!!!!!!!!!!!!!!!!!!!!!!!!!!!!
20241009 084514.429 INFO             PET0 Running with ESMF Version   : v8.8.0b00-12-g0d4b825343
20241009 084514.429 INFO             PET0 ESMF library build date/time: "Oct  9 2024" "07:38:48"
20241009 084514.429 INFO             PET0 ESMF library build location : /scratch2/NCEPDEV/stmp1/Gerhard.Theurich/ESMF-Nightly-Testing/nvhpc_24.1_openmpi_g_develop/esmf
20241009 084514.429 INFO             PET0 ESMF_COMM                   : openmpi
20241009 084514.429 INFO             PET0 ESMF_MOAB                   : enabled
20241009 084514.429 INFO             PET0 ESMF_LAPACK                 : enabled
20241009 084514.429 INFO             PET0 ESMF_NETCDF                 : disabled
20241009 084514.429 INFO             PET0 ESMF_PNETCDF                : disabled
20241009 084514.429 INFO             PET0 ESMF_PIO                    : disabled
20241009 084514.429 INFO             PET0 ESMF_YAMLCPP                : enabled
20241009 084514.430 INFO             PET0  NUMBER_OF_PROCESSORS            1
20241009 084514.430 INFO             PET0  PASS  Example ESMF_TimeEx, ESMF_TimeEx.F90, line 141
20241009 084514.430 INFO             PET0  Finalizing ESMF
