2024-10-15 01:56:34
20241015 023241.587 INFO             PET0 !!!!!!!!!!!!!!!!!!!!!!!!!!!!!!!!!!!!!!!!!!!!!!!!!!!!!!
20241015 023241.587 INFO             PET0 !!! THE ESMF_LOG IS SET TO OUTPUT ALL LOG MESSAGES !!!
20241015 023241.587 INFO             PET0 !!!     THIS MAY CAUSE SLOWDOWN IN PERFORMANCE     !!!
20241015 023241.587 INFO             PET0 !!! FOR PRODUCTION RUNS, USE:                      !!!
20241015 023241.587 INFO             PET0 !!!                   ESMF_LOGKIND_Multi_On_Error  !!!
20241015 023241.587 INFO             PET0 !!!!!!!!!!!!!!!!!!!!!!!!!!!!!!!!!!!!!!!!!!!!!!!!!!!!!!
20241015 023241.587 INFO             PET0 Running with ESMF Version   : v8.8.0b01
20241015 023241.587 INFO             PET0 ESMF library build date/time: "Oct 15 2024" "01:53:31"
20241015 023241.587 INFO             PET0 ESMF library build location : /glade/derecho/scratch/sacks/esmf-testing/gfortran_12.2.0_pio2.6.2_mpi_O_develop/esmf
20241015 023241.587 INFO             PET0 ESMF_COMM                   : mpi
20241015 023241.590 INFO             PET0 ESMF_MOAB                   : enabled
20241015 023241.590 INFO             PET0 ESMF_LAPACK                 : enabled
20241015 023241.590 INFO             PET0 ESMF_NETCDF                 : enabled
20241015 023241.590 INFO             PET0 ESMF_PNETCDF                : disabled
20241015 023241.590 INFO             PET0 ESMF_PIO                    : enabled
20241015 023241.590 INFO             PET0 ESMF_YAMLCPP                : enabled
20241015 023241.596 INFO             PET0  NUMBER_OF_PROCESSORS           4
20241015 023241.596 INFO             PET0  PASS  Example ESMF_FieldCommEx, ESMF_FieldCommEx.F90, line 258
20241015 023241.596 INFO             PET0  Finalizing ESMF
20241015 023241.587 INFO             PET1 !!!!!!!!!!!!!!!!!!!!!!!!!!!!!!!!!!!!!!!!!!!!!!!!!!!!!!
20241015 023241.587 INFO             PET1 !!! THE ESMF_LOG IS SET TO OUTPUT ALL LOG MESSAGES !!!
20241015 023241.587 INFO             PET1 !!!     THIS MAY CAUSE SLOWDOWN IN PERFORMANCE     !!!
20241015 023241.587 INFO             PET1 !!! FOR PRODUCTION RUNS, USE:                      !!!
20241015 023241.587 INFO             PET1 !!!                   ESMF_LOGKIND_Multi_On_Error  !!!
20241015 023241.587 INFO             PET1 !!!!!!!!!!!!!!!!!!!!!!!!!!!!!!!!!!!!!!!!!!!!!!!!!!!!!!
20241015 023241.587 INFO             PET1 Running with ESMF Version   : v8.8.0b01
20241015 023241.587 INFO             PET1 ESMF library build date/time: "Oct 15 2024" "01:53:31"
20241015 023241.587 INFO             PET1 ESMF library build location : /glade/derecho/scratch/sacks/esmf-testing/gfortran_12.2.0_pio2.6.2_mpi_O_develop/esmf
20241015 023241.587 INFO             PET1 ESMF_COMM                   : mpi
20241015 023241.589 INFO             PET1 ESMF_MOAB                   : enabled
20241015 023241.589 INFO             PET1 ESMF_LAPACK                 : enabled
20241015 023241.589 INFO             PET1 ESMF_NETCDF                 : enabled
20241015 023241.589 INFO             PET1 ESMF_PNETCDF                : disabled
20241015 023241.589 INFO             PET1 ESMF_PIO                    : enabled
20241015 023241.589 INFO             PET1 ESMF_YAMLCPP                : enabled
20241015 023241.596 INFO             PET1  NUMBER_OF_PROCESSORS           4
20241015 023241.596 INFO             PET1  PASS  Example ESMF_FieldCommEx, ESMF_FieldCommEx.F90, line 258
20241015 023241.596 INFO             PET1  Finalizing ESMF
20241015 023241.588 INFO             PET2 !!!!!!!!!!!!!!!!!!!!!!!!!!!!!!!!!!!!!!!!!!!!!!!!!!!!!!
20241015 023241.588 INFO             PET2 !!! THE ESMF_LOG IS SET TO OUTPUT ALL LOG MESSAGES !!!
20241015 023241.588 INFO             PET2 !!!     THIS MAY CAUSE SLOWDOWN IN PERFORMANCE     !!!
20241015 023241.588 INFO             PET2 !!! FOR PRODUCTION RUNS, USE:                      !!!
20241015 023241.588 INFO             PET2 !!!                   ESMF_LOGKIND_Multi_On_Error  !!!
20241015 023241.588 INFO             PET2 !!!!!!!!!!!!!!!!!!!!!!!!!!!!!!!!!!!!!!!!!!!!!!!!!!!!!!
20241015 023241.588 INFO             PET2 Running with ESMF Version   : v8.8.0b01
20241015 023241.589 INFO             PET2 ESMF library build date/time: "Oct 15 2024" "01:53:31"
20241015 023241.589 INFO             PET2 ESMF library build location : /glade/derecho/scratch/sacks/esmf-testing/gfortran_12.2.0_pio2.6.2_mpi_O_develop/esmf
20241015 023241.589 INFO             PET2 ESMF_COMM                   : mpi
20241015 023241.589 INFO             PET2 ESMF_MOAB                   : enabled
20241015 023241.589 INFO             PET2 ESMF_LAPACK                 : enabled
20241015 023241.589 INFO             PET2 ESMF_NETCDF                 : enabled
20241015 023241.589 INFO             PET2 ESMF_PNETCDF                : disabled
20241015 023241.589 INFO             PET2 ESMF_PIO                    : enabled
20241015 023241.589 INFO             PET2 ESMF_YAMLCPP                : enabled
20241015 023241.596 INFO             PET2  NUMBER_OF_PROCESSORS           4
20241015 023241.596 INFO             PET2  PASS  Example ESMF_FieldCommEx, ESMF_FieldCommEx.F90, line 258
20241015 023241.596 INFO             PET2  Finalizing ESMF
20241015 023241.587 INFO             PET3 !!!!!!!!!!!!!!!!!!!!!!!!!!!!!!!!!!!!!!!!!!!!!!!!!!!!!!
20241015 023241.587 INFO             PET3 !!! THE ESMF_LOG IS SET TO OUTPUT ALL LOG MESSAGES !!!
20241015 023241.587 INFO             PET3 !!!     THIS MAY CAUSE SLOWDOWN IN PERFORMANCE     !!!
20241015 023241.587 INFO             PET3 !!! FOR PRODUCTION RUNS, USE:                      !!!
20241015 023241.587 INFO             PET3 !!!                   ESMF_LOGKIND_Multi_On_Error  !!!
20241015 023241.587 INFO             PET3 !!!!!!!!!!!!!!!!!!!!!!!!!!!!!!!!!!!!!!!!!!!!!!!!!!!!!!
20241015 023241.587 INFO             PET3 Running with ESMF Version   : v8.8.0b01
20241015 023241.587 INFO             PET3 ESMF library build date/time: "Oct 15 2024" "01:53:31"
20241015 023241.587 INFO             PET3 ESMF library build location : /glade/derecho/scratch/sacks/esmf-testing/gfortran_12.2.0_pio2.6.2_mpi_O_develop/esmf
20241015 023241.587 INFO             PET3 ESMF_COMM                   : mpi
20241015 023241.595 INFO             PET3 ESMF_MOAB                   : enabled
20241015 023241.595 INFO             PET3 ESMF_LAPACK                 : enabled
20241015 023241.595 INFO             PET3 ESMF_NETCDF                 : enabled
20241015 023241.595 INFO             PET3 ESMF_PNETCDF                : disabled
20241015 023241.595 INFO             PET3 ESMF_PIO                    : enabled
20241015 023241.595 INFO             PET3 ESMF_YAMLCPP                : enabled
20241015 023241.596 INFO             PET3  NUMBER_OF_PROCESSORS           4
20241015 023241.596 INFO             PET3  PASS  Example ESMF_FieldCommEx, ESMF_FieldCommEx.F90, line 258
20241015 023241.596 INFO             PET3  Finalizing ESMF
