2024-10-18 02:17:18
20241018 030552.557 INFO             PET0 !!!!!!!!!!!!!!!!!!!!!!!!!!!!!!!!!!!!!!!!!!!!!!!!!!!!!!
20241018 030552.557 INFO             PET0 !!! THE ESMF_LOG IS SET TO OUTPUT ALL LOG MESSAGES !!!
20241018 030552.557 INFO             PET0 !!!     THIS MAY CAUSE SLOWDOWN IN PERFORMANCE     !!!
20241018 030552.557 INFO             PET0 !!! FOR PRODUCTION RUNS, USE:                      !!!
20241018 030552.557 INFO             PET0 !!!                   ESMF_LOGKIND_Multi_On_Error  !!!
20241018 030552.557 INFO             PET0 !!!!!!!!!!!!!!!!!!!!!!!!!!!!!!!!!!!!!!!!!!!!!!!!!!!!!!
20241018 030552.557 INFO             PET0 Running with ESMF Version   : v8.8.0b01-7-gc92d921964
20241018 030552.557 INFO             PET0 ESMF library build date/time: "Oct 18 2024" "02:14:11"
20241018 030552.557 INFO             PET0 ESMF library build location : /glade/derecho/scratch/sacks/esmf-testing/gfortran_12.2.0_pio2.6.2_mpi_O_develop/esmf
20241018 030552.557 INFO             PET0 ESMF_COMM                   : mpi
20241018 030552.563 INFO             PET0 ESMF_MOAB                   : enabled
20241018 030552.563 INFO             PET0 ESMF_LAPACK                 : enabled
20241018 030552.563 INFO             PET0 ESMF_NETCDF                 : enabled
20241018 030552.563 INFO             PET0 ESMF_PNETCDF                : disabled
20241018 030552.563 INFO             PET0 ESMF_PIO                    : enabled
20241018 030552.563 INFO             PET0 ESMF_YAMLCPP                : enabled
20241018 030552.563 INFO             PET0  NUMBER_OF_PROCESSORS           4
20241018 030552.563 INFO             PET0  PASS  Example ESMF_VMUserMpiCommMultiEx, ESMF_VMUserMpiCommMultiEx.F90, line 126
20241018 030552.563 INFO             PET0  Finalizing ESMF with endflag==ESMF_END_KEEPMPI
20241018 030552.554 INFO             PET0 !!!!!!!!!!!!!!!!!!!!!!!!!!!!!!!!!!!!!!!!!!!!!!!!!!!!!!
20241018 030552.554 INFO             PET0 !!! THE ESMF_LOG IS SET TO OUTPUT ALL LOG MESSAGES !!!
20241018 030552.554 INFO             PET0 !!!     THIS MAY CAUSE SLOWDOWN IN PERFORMANCE     !!!
20241018 030552.554 INFO             PET0 !!! FOR PRODUCTION RUNS, USE:                      !!!
20241018 030552.554 INFO             PET0 !!!                   ESMF_LOGKIND_Multi_On_Error  !!!
20241018 030552.554 INFO             PET0 !!!!!!!!!!!!!!!!!!!!!!!!!!!!!!!!!!!!!!!!!!!!!!!!!!!!!!
20241018 030552.554 INFO             PET0 Running with ESMF Version   : v8.8.0b01-7-gc92d921964
20241018 030552.554 INFO             PET0 ESMF library build date/time: "Oct 18 2024" "02:14:11"
20241018 030552.554 INFO             PET0 ESMF library build location : /glade/derecho/scratch/sacks/esmf-testing/gfortran_12.2.0_pio2.6.2_mpi_O_develop/esmf
20241018 030552.554 INFO             PET0 ESMF_COMM                   : mpi
20241018 030552.556 INFO             PET0 ESMF_MOAB                   : enabled
20241018 030552.556 INFO             PET0 ESMF_LAPACK                 : enabled
20241018 030552.556 INFO             PET0 ESMF_NETCDF                 : enabled
20241018 030552.556 INFO             PET0 ESMF_PNETCDF                : disabled
20241018 030552.556 INFO             PET0 ESMF_PIO                    : enabled
20241018 030552.556 INFO             PET0 ESMF_YAMLCPP                : enabled
20241018 030552.557 INFO             PET0  NUMBER_OF_PROCESSORS           4
20241018 030552.557 INFO             PET0  PASS  Example ESMF_VMUserMpiCommMultiEx, ESMF_VMUserMpiCommMultiEx.F90, line 154
20241018 030552.557 INFO             PET0  Finalizing ESMF with endflag==ESMF_END_KEEPMPI
20241018 030552.555 INFO             PET1 !!!!!!!!!!!!!!!!!!!!!!!!!!!!!!!!!!!!!!!!!!!!!!!!!!!!!!
20241018 030552.555 INFO             PET1 !!! THE ESMF_LOG IS SET TO OUTPUT ALL LOG MESSAGES !!!
20241018 030552.555 INFO             PET1 !!!     THIS MAY CAUSE SLOWDOWN IN PERFORMANCE     !!!
20241018 030552.555 INFO             PET1 !!! FOR PRODUCTION RUNS, USE:                      !!!
20241018 030552.555 INFO             PET1 !!!                   ESMF_LOGKIND_Multi_On_Error  !!!
20241018 030552.555 INFO             PET1 !!!!!!!!!!!!!!!!!!!!!!!!!!!!!!!!!!!!!!!!!!!!!!!!!!!!!!
20241018 030552.555 INFO             PET1 Running with ESMF Version   : v8.8.0b01-7-gc92d921964
20241018 030552.555 INFO             PET1 ESMF library build date/time: "Oct 18 2024" "02:14:11"
20241018 030552.555 INFO             PET1 ESMF library build location : /glade/derecho/scratch/sacks/esmf-testing/gfortran_12.2.0_pio2.6.2_mpi_O_develop/esmf
20241018 030552.555 INFO             PET1 ESMF_COMM                   : mpi
20241018 030552.556 INFO             PET1 ESMF_MOAB                   : enabled
20241018 030552.556 INFO             PET1 ESMF_LAPACK                 : enabled
20241018 030552.556 INFO             PET1 ESMF_NETCDF                 : enabled
20241018 030552.556 INFO             PET1 ESMF_PNETCDF                : disabled
20241018 030552.556 INFO             PET1 ESMF_PIO                    : enabled
20241018 030552.556 INFO             PET1 ESMF_YAMLCPP                : enabled
20241018 030552.563 INFO             PET1  NUMBER_OF_PROCESSORS           4
20241018 030552.563 INFO             PET1  PASS  Example ESMF_VMUserMpiCommMultiEx, ESMF_VMUserMpiCommMultiEx.F90, line 126
20241018 030552.563 INFO             PET1  Finalizing ESMF with endflag==ESMF_END_KEEPMPI
20241018 030552.556 INFO             PET1 !!!!!!!!!!!!!!!!!!!!!!!!!!!!!!!!!!!!!!!!!!!!!!!!!!!!!!
20241018 030552.556 INFO             PET1 !!! THE ESMF_LOG IS SET TO OUTPUT ALL LOG MESSAGES !!!
20241018 030552.556 INFO             PET1 !!!     THIS MAY CAUSE SLOWDOWN IN PERFORMANCE     !!!
20241018 030552.556 INFO             PET1 !!! FOR PRODUCTION RUNS, USE:                      !!!
20241018 030552.556 INFO             PET1 !!!                   ESMF_LOGKIND_Multi_On_Error  !!!
20241018 030552.556 INFO             PET1 !!!!!!!!!!!!!!!!!!!!!!!!!!!!!!!!!!!!!!!!!!!!!!!!!!!!!!
20241018 030552.556 INFO             PET1 Running with ESMF Version   : v8.8.0b01-7-gc92d921964
20241018 030552.556 INFO             PET1 ESMF library build date/time: "Oct 18 2024" "02:14:11"
20241018 030552.556 INFO             PET1 ESMF library build location : /glade/derecho/scratch/sacks/esmf-testing/gfortran_12.2.0_pio2.6.2_mpi_O_develop/esmf
20241018 030552.556 INFO             PET1 ESMF_COMM                   : mpi
20241018 030552.556 INFO             PET1 ESMF_MOAB                   : enabled
20241018 030552.556 INFO             PET1 ESMF_LAPACK                 : enabled
20241018 030552.556 INFO             PET1 ESMF_NETCDF                 : enabled
20241018 030552.556 INFO             PET1 ESMF_PNETCDF                : disabled
20241018 030552.557 INFO             PET1 ESMF_PIO                    : enabled
20241018 030552.557 INFO             PET1 ESMF_YAMLCPP                : enabled
20241018 030552.557 INFO             PET1  NUMBER_OF_PROCESSORS           4
20241018 030552.557 INFO             PET1  PASS  Example ESMF_VMUserMpiCommMultiEx, ESMF_VMUserMpiCommMultiEx.F90, line 154
20241018 030552.557 INFO             PET1  Finalizing ESMF with endflag==ESMF_END_KEEPMPI
