2024-10-14 01:49:08
20241014 022128.150 INFO             PET0 !!!!!!!!!!!!!!!!!!!!!!!!!!!!!!!!!!!!!!!!!!!!!!!!!!!!!!
20241014 022128.150 INFO             PET0 !!! THE ESMF_LOG IS SET TO OUTPUT ALL LOG MESSAGES !!!
20241014 022128.150 INFO             PET0 !!!     THIS MAY CAUSE SLOWDOWN IN PERFORMANCE     !!!
20241014 022128.150 INFO             PET0 !!! FOR PRODUCTION RUNS, USE:                      !!!
20241014 022128.150 INFO             PET0 !!!                   ESMF_LOGKIND_Multi_On_Error  !!!
20241014 022128.150 INFO             PET0 !!!!!!!!!!!!!!!!!!!!!!!!!!!!!!!!!!!!!!!!!!!!!!!!!!!!!!
20241014 022128.150 INFO             PET0 Running with ESMF Version   : v8.8.0b01
20241014 022128.150 INFO             PET0 ESMF library build date/time: "Oct 14 2024" "01:46:29"
20241014 022128.150 INFO             PET0 ESMF library build location : /glade/derecho/scratch/sacks/esmf-testing/gfortran_12.2.0_pio2.6.2_mpi_O_develop/esmf
20241014 022128.150 INFO             PET0 ESMF_COMM                   : mpi
20241014 022128.151 INFO             PET0 ESMF_MOAB                   : enabled
20241014 022128.151 INFO             PET0 ESMF_LAPACK                 : enabled
20241014 022128.151 INFO             PET0 ESMF_NETCDF                 : enabled
20241014 022128.151 INFO             PET0 ESMF_PNETCDF                : disabled
20241014 022128.151 INFO             PET0 ESMF_PIO                    : enabled
20241014 022128.151 INFO             PET0 ESMF_YAMLCPP                : enabled
20241014 022128.177 DEBUG            PET0 about to destroy Grid: 0x71aec0
20241014 022128.179 DEBUG            PET0 about to destroy Grid: 0x71cc30
20241014 022128.188 INFO             PET0  NUMBER_OF_PROCESSORS           4
20241014 022128.188 INFO             PET0  PASS  Example ESMF_NUOPCAtmModelEx, ESMF_NUOPCAtmModelEx.F90, line 806
20241014 022128.188 INFO             PET0  Finalizing ESMF
20241014 022128.149 INFO             PET1 !!!!!!!!!!!!!!!!!!!!!!!!!!!!!!!!!!!!!!!!!!!!!!!!!!!!!!
20241014 022128.149 INFO             PET1 !!! THE ESMF_LOG IS SET TO OUTPUT ALL LOG MESSAGES !!!
20241014 022128.149 INFO             PET1 !!!     THIS MAY CAUSE SLOWDOWN IN PERFORMANCE     !!!
20241014 022128.149 INFO             PET1 !!! FOR PRODUCTION RUNS, USE:                      !!!
20241014 022128.149 INFO             PET1 !!!                   ESMF_LOGKIND_Multi_On_Error  !!!
20241014 022128.149 INFO             PET1 !!!!!!!!!!!!!!!!!!!!!!!!!!!!!!!!!!!!!!!!!!!!!!!!!!!!!!
20241014 022128.149 INFO             PET1 Running with ESMF Version   : v8.8.0b01
20241014 022128.149 INFO             PET1 ESMF library build date/time: "Oct 14 2024" "01:46:29"
20241014 022128.149 INFO             PET1 ESMF library build location : /glade/derecho/scratch/sacks/esmf-testing/gfortran_12.2.0_pio2.6.2_mpi_O_develop/esmf
20241014 022128.149 INFO             PET1 ESMF_COMM                   : mpi
20241014 022128.150 INFO             PET1 ESMF_MOAB                   : enabled
20241014 022128.150 INFO             PET1 ESMF_LAPACK                 : enabled
20241014 022128.150 INFO             PET1 ESMF_NETCDF                 : enabled
20241014 022128.150 INFO             PET1 ESMF_PNETCDF                : disabled
20241014 022128.150 INFO             PET1 ESMF_PIO                    : enabled
20241014 022128.150 INFO             PET1 ESMF_YAMLCPP                : enabled
20241014 022128.177 DEBUG            PET1 about to destroy Grid: 0x7186c0
20241014 022128.179 DEBUG            PET1 about to destroy Grid: 0x71a070
20241014 022128.187 INFO             PET1  NUMBER_OF_PROCESSORS           4
20241014 022128.187 INFO             PET1  PASS  Example ESMF_NUOPCAtmModelEx, ESMF_NUOPCAtmModelEx.F90, line 806
20241014 022128.187 INFO             PET1  Finalizing ESMF
20241014 022128.150 INFO             PET2 !!!!!!!!!!!!!!!!!!!!!!!!!!!!!!!!!!!!!!!!!!!!!!!!!!!!!!
20241014 022128.150 INFO             PET2 !!! THE ESMF_LOG IS SET TO OUTPUT ALL LOG MESSAGES !!!
20241014 022128.150 INFO             PET2 !!!     THIS MAY CAUSE SLOWDOWN IN PERFORMANCE     !!!
20241014 022128.150 INFO             PET2 !!! FOR PRODUCTION RUNS, USE:                      !!!
20241014 022128.150 INFO             PET2 !!!                   ESMF_LOGKIND_Multi_On_Error  !!!
20241014 022128.150 INFO             PET2 !!!!!!!!!!!!!!!!!!!!!!!!!!!!!!!!!!!!!!!!!!!!!!!!!!!!!!
20241014 022128.150 INFO             PET2 Running with ESMF Version   : v8.8.0b01
20241014 022128.150 INFO             PET2 ESMF library build date/time: "Oct 14 2024" "01:46:29"
20241014 022128.150 INFO             PET2 ESMF library build location : /glade/derecho/scratch/sacks/esmf-testing/gfortran_12.2.0_pio2.6.2_mpi_O_develop/esmf
20241014 022128.150 INFO             PET2 ESMF_COMM                   : mpi
20241014 022128.151 INFO             PET2 ESMF_MOAB                   : enabled
20241014 022128.151 INFO             PET2 ESMF_LAPACK                 : enabled
20241014 022128.151 INFO             PET2 ESMF_NETCDF                 : enabled
20241014 022128.151 INFO             PET2 ESMF_PNETCDF                : disabled
20241014 022128.151 INFO             PET2 ESMF_PIO                    : enabled
20241014 022128.151 INFO             PET2 ESMF_YAMLCPP                : enabled
20241014 022128.177 DEBUG            PET2 about to destroy Grid: 0x7171f0
20241014 022128.179 DEBUG            PET2 about to destroy Grid: 0x7192e0
20241014 022128.187 INFO             PET2  NUMBER_OF_PROCESSORS           4
20241014 022128.187 INFO             PET2  PASS  Example ESMF_NUOPCAtmModelEx, ESMF_NUOPCAtmModelEx.F90, line 806
20241014 022128.187 INFO             PET2  Finalizing ESMF
20241014 022128.149 INFO             PET3 !!!!!!!!!!!!!!!!!!!!!!!!!!!!!!!!!!!!!!!!!!!!!!!!!!!!!!
20241014 022128.149 INFO             PET3 !!! THE ESMF_LOG IS SET TO OUTPUT ALL LOG MESSAGES !!!
20241014 022128.149 INFO             PET3 !!!     THIS MAY CAUSE SLOWDOWN IN PERFORMANCE     !!!
20241014 022128.149 INFO             PET3 !!! FOR PRODUCTION RUNS, USE:                      !!!
20241014 022128.149 INFO             PET3 !!!                   ESMF_LOGKIND_Multi_On_Error  !!!
20241014 022128.149 INFO             PET3 !!!!!!!!!!!!!!!!!!!!!!!!!!!!!!!!!!!!!!!!!!!!!!!!!!!!!!
20241014 022128.149 INFO             PET3 Running with ESMF Version   : v8.8.0b01
20241014 022128.149 INFO             PET3 ESMF library build date/time: "Oct 14 2024" "01:46:29"
20241014 022128.149 INFO             PET3 ESMF library build location : /glade/derecho/scratch/sacks/esmf-testing/gfortran_12.2.0_pio2.6.2_mpi_O_develop/esmf
20241014 022128.149 INFO             PET3 ESMF_COMM                   : mpi
20241014 022128.150 INFO             PET3 ESMF_MOAB                   : enabled
20241014 022128.150 INFO             PET3 ESMF_LAPACK                 : enabled
20241014 022128.150 INFO             PET3 ESMF_NETCDF                 : enabled
20241014 022128.150 INFO             PET3 ESMF_PNETCDF                : disabled
20241014 022128.150 INFO             PET3 ESMF_PIO                    : enabled
20241014 022128.150 INFO             PET3 ESMF_YAMLCPP                : enabled
20241014 022128.177 DEBUG            PET3 about to destroy Grid: 0x717c20
20241014 022128.179 DEBUG            PET3 about to destroy Grid: 0x719150
20241014 022128.187 INFO             PET3  NUMBER_OF_PROCESSORS           4
20241014 022128.187 INFO             PET3  PASS  Example ESMF_NUOPCAtmModelEx, ESMF_NUOPCAtmModelEx.F90, line 806
20241014 022128.187 INFO             PET3  Finalizing ESMF
