2024-10-12 02:02:49
20241012 024920.307 INFO             PET0 !!!!!!!!!!!!!!!!!!!!!!!!!!!!!!!!!!!!!!!!!!!!!!!!!!!!!!
20241012 024920.307 INFO             PET0 !!! THE ESMF_LOG IS SET TO OUTPUT ALL LOG MESSAGES !!!
20241012 024920.307 INFO             PET0 !!!     THIS MAY CAUSE SLOWDOWN IN PERFORMANCE     !!!
20241012 024920.307 INFO             PET0 !!! FOR PRODUCTION RUNS, USE:                      !!!
20241012 024920.307 INFO             PET0 !!!                   ESMF_LOGKIND_Multi_On_Error  !!!
20241012 024920.307 INFO             PET0 !!!!!!!!!!!!!!!!!!!!!!!!!!!!!!!!!!!!!!!!!!!!!!!!!!!!!!
20241012 024920.307 INFO             PET0 Running with ESMF Version   : v8.8.0b01
20241012 024920.307 INFO             PET0 ESMF library build date/time: "Oct 12 2024" "01:59:36"
20241012 024920.307 INFO             PET0 ESMF library build location : /glade/derecho/scratch/sacks/esmf-testing/intel_2023.2.1_mpiuni_O_develop/esmf
20241012 024920.307 INFO             PET0 ESMF_COMM                   : mpiuni
20241012 024920.308 INFO             PET0 ESMF_MOAB                   : enabled
20241012 024920.308 INFO             PET0 ESMF_LAPACK                 : enabled
20241012 024920.308 INFO             PET0 ESMF_NETCDF                 : enabled
20241012 024920.308 INFO             PET0 ESMF_PNETCDF                : disabled
20241012 024920.308 INFO             PET0 ESMF_PIO                    : enabled
20241012 024920.308 INFO             PET0 ESMF_YAMLCPP                : enabled
20241012 024920.310 INFO             PET0 ESMF_FieldRedistStoreNF(): Just entered routine.
20241012 024920.386 INFO             PET0 ESMF_FieldRedistStoreNF(): Leaving routine.
20241012 024920.393 INFO             PET0  NUMBER_OF_PROCESSORS           1
20241012 024920.394 INFO             PET0  PASS  Example ESMF_RHandleFromFileEx, ESMF_RHandleFromFileEx.F90, line 192
20241012 024920.394 INFO             PET0  Finalizing ESMF
