2024-10-09 01:42:33
20241009 020833.599 INFO             PET0 !!!!!!!!!!!!!!!!!!!!!!!!!!!!!!!!!!!!!!!!!!!!!!!!!!!!!!
20241009 020833.599 INFO             PET0 !!! THE ESMF_LOG IS SET TO OUTPUT ALL LOG MESSAGES !!!
20241009 020833.599 INFO             PET0 !!!     THIS MAY CAUSE SLOWDOWN IN PERFORMANCE     !!!
20241009 020833.599 INFO             PET0 !!! FOR PRODUCTION RUNS, USE:                      !!!
20241009 020833.599 INFO             PET0 !!!                   ESMF_LOGKIND_Multi_On_Error  !!!
20241009 020833.599 INFO             PET0 !!!!!!!!!!!!!!!!!!!!!!!!!!!!!!!!!!!!!!!!!!!!!!!!!!!!!!
20241009 020833.599 INFO             PET0 Running with ESMF Version   : v8.8.0b00-12-g0d4b825343
20241009 020833.599 INFO             PET0 ESMF library build date/time: "Oct  9 2024" "01:40:32"
20241009 020833.599 INFO             PET0 ESMF library build location : /glade/derecho/scratch/sacks/esmf-testing/intel_2023.2.1_mpiuni_O_develop/esmf
20241009 020833.599 INFO             PET0 ESMF_COMM                   : mpiuni
20241009 020833.599 INFO             PET0 ESMF_MOAB                   : enabled
20241009 020833.599 INFO             PET0 ESMF_LAPACK                 : enabled
20241009 020833.599 INFO             PET0 ESMF_NETCDF                 : enabled
20241009 020833.599 INFO             PET0 ESMF_PNETCDF                : disabled
20241009 020833.599 INFO             PET0 ESMF_PIO                    : enabled
20241009 020833.599 INFO             PET0 ESMF_YAMLCPP                : enabled
20241009 020833.599 INFO             PET0  NUMBER_OF_PROCESSORS           1
20241009 020833.600 INFO             PET0  PASS  Example ESMF_VMUserMpiEx, ESMF_VMUserMpiEx.F90, line 96
20241009 020833.600 INFO             PET0  Finalizing ESMF with endflag==ESMF_END_KEEPMPI
