2024-10-13 02:06:09
20241013 024850.600 INFO             PET0 !!!!!!!!!!!!!!!!!!!!!!!!!!!!!!!!!!!!!!!!!!!!!!!!!!!!!!
20241013 024850.600 INFO             PET0 !!! THE ESMF_LOG IS SET TO OUTPUT ALL LOG MESSAGES !!!
20241013 024850.600 INFO             PET0 !!!     THIS MAY CAUSE SLOWDOWN IN PERFORMANCE     !!!
20241013 024850.600 INFO             PET0 !!! FOR PRODUCTION RUNS, USE:                      !!!
20241013 024850.600 INFO             PET0 !!!                   ESMF_LOGKIND_Multi_On_Error  !!!
20241013 024850.600 INFO             PET0 !!!!!!!!!!!!!!!!!!!!!!!!!!!!!!!!!!!!!!!!!!!!!!!!!!!!!!
20241013 024850.600 INFO             PET0 Running with ESMF Version   : v8.8.0b01
20241013 024850.600 INFO             PET0 ESMF library build date/time: "Oct 13 2024" "02:03:08"
20241013 024850.600 INFO             PET0 ESMF library build location : /glade/derecho/scratch/sacks/esmf-testing/intel_2023.2.1_mpiuni_O_develop/esmf
20241013 024850.600 INFO             PET0 ESMF_COMM                   : mpiuni
20241013 024850.600 INFO             PET0 ESMF_MOAB                   : enabled
20241013 024850.600 INFO             PET0 ESMF_LAPACK                 : enabled
20241013 024850.600 INFO             PET0 ESMF_NETCDF                 : enabled
20241013 024850.600 INFO             PET0 ESMF_PNETCDF                : disabled
20241013 024850.600 INFO             PET0 ESMF_PIO                    : enabled
20241013 024850.600 INFO             PET0 ESMF_YAMLCPP                : enabled
20241013 024850.601 INFO             PET0  NUMBER_OF_PROCESSORS           1
20241013 024850.601 INFO             PET0  PASS  Example ESMF_InternalStateModEx, ESMF_InternalStateModEx.F90, line 239
20241013 024850.601 INFO             PET0  Finalizing ESMF
