2024-10-12 03:46:43

mainApp:21916 terminated with signal 11 at PC=43cfc0 SP=7ffc3bcfcc80.  Backtrace:

mainApp:21917 terminated with signal 11 at PC=43cfc0 SP=7ffed3fc83f0.  Backtrace:

mainApp:21918 terminated with signal 11 at PC=43cff3 SP=7ffc4824ff50.  Backtrace:
/tmp/intel_2023.1.0-oneAPI_mpi_O_develop/nuopc-app-prototypes/CustomFieldDictionaryProto/./mainApp[0x43cfc0]
/tmp/intel_2023.1.0-oneAPI_mpi_O_develop/nuopc-app-prototypes/CustomFieldDictionaryProto/./mainApp[0x43dfc0]
/tmp/intel_2023.1.0-oneAPI_mpi_O_develop/nuopc-app-prototypes/CustomFieldDictionaryProto/./mainApp[0x43cff3]
/tmp/intel_2023.1.0-oneAPI_mpi_O_develop/nuopc-app-prototypes/CustomFieldDictionaryProto/./mainApp[0x43dfc0]
/tmp/intel_2023.1.0-oneAPI_mpi_O_develop/nuopc-app-prototypes/CustomFieldDictionaryProto/./mainApp[0x43d165]
/tmp/intel_2023.1.0-oneAPI_mpi_O_develop/nuopc-app-prototypes/CustomFieldDictionaryProto/./mainApp[0x43d165]
/tmp/intel_2023.1.0-oneAPI_mpi_O_develop/nuopc-app-prototypes/CustomFieldDictionaryProto/./mainApp[0x43cfc0]
/tmp/intel_2023.1.0-oneAPI_mpi_O_develop/nuopc-app-prototypes/CustomFieldDictionaryProto/./mainApp[0x43dfc0]
/tmp/intel_2023.1.0-oneAPI_mpi_O_develop/nuopc-app-prototypes/CustomFieldDictionaryProto/./mainApp[0x43d165]
/tmp/intel_2023.1.0-oneAPI_mpi_O_develop/esmf/DEFAULTINSTALLDIR/lib/libO/Unicos.intel.64.mpi.default/libesmf.so(f_esmf_compcollectgarbage2_+0x2f1)[0x7f0d541e6af1]
/tmp/intel_2023.1.0-oneAPI_mpi_O_develop/esmf/DEFAULTINSTALLDIR/lib/libO/Unicos.intel.64.mpi.default/libesmf.so(f_esmf_compcollectgarbage2_+0x2f1)[0x7f30f852faf1]
/tmp/intel_2023.1.0-oneAPI_mpi_O_develop/esmf/DEFAULTINSTALLDIR/lib/libO/Unicos.intel.64.mpi.default/libesmf.so(f_esmf_compcollectgarbage2_+0x2f1)[0x7f3d34823af1]
/tmp/intel_2023.1.0-oneAPI_mpi_O_develop/esmf/DEFAULTINSTALLDIR/lib/libO/Unicos.intel.64.mpi.default/libesmf.so(_ZN5ESMCI2VM8finalizeEP12ESMC_LogicalPi+0x34f)[0x7f0d5403f7ef]
/tmp/intel_2023.1.0-oneAPI_mpi_O_develop/esmf/DEFAULTINSTALLDIR/lib/libO/Unicos.intel.64.mpi.default/libesmf.so(_ZN5ESMCI2VM8finalizeEP12ESMC_LogicalPi+0x34f)[0x7f30f83887ef]
/tmp/intel_2023.1.0-oneAPI_mpi_O_develop/esmf/DEFAULTINSTALLDIR/lib/libO/Unicos.intel.64.mpi.default/libesmf.so(_ZN5ESMCI2VM8finalizeEP12ESMC_LogicalPi+0x34f)[0x7f3d3467c7ef]
/tmp/intel_2023.1.0-oneAPI_mpi_O_develop/esmf/DEFAULTINSTALLDIR/lib/libO/Unicos.intel.64.mpi.default/libesmf.so(c_esmc_vmfinalize_+0x25)[0x7f0d5401d465]
/tmp/intel_2023.1.0-oneAPI_mpi_O_develop/esmf/DEFAULTINSTALLDIR/lib/libO/Unicos.intel.64.mpi.default/libesmf.so(c_esmc_vmfinalize_+0x25)[0x7f30f8366465]
/tmp/intel_2023.1.0-oneAPI_mpi_O_develop/esmf/DEFAULTINSTALLDIR/lib/libO/Unicos.intel.64.mpi.default/libesmf.so(c_esmc_vmfinalize_+0x25)[0x7f3d3465a465]
/tmp/intel_2023.1.0-oneAPI_mpi_O_develop/esmf/DEFAULTINSTALLDIR/lib/libO/Unicos.intel.64.mpi.default/libesmf.so(esmf_vmmod_mp_esmf_vmfinalize_+0x1c)[0x7f0d5473d1cc]
/tmp/intel_2023.1.0-oneAPI_mpi_O_develop/esmf/DEFAULTINSTALLDIR/lib/libO/Unicos.intel.64.mpi.default/libesmf.so(esmf_vmmod_mp_esmf_vmfinalize_+0x1c)[0x7f3d34d7a1cc]
/tmp/intel_2023.1.0-oneAPI_mpi_O_develop/esmf/DEFAULTINSTALLDIR/lib/libO/Unicos.intel.64.mpi.default/libesmf.so(esmf_vmmod_mp_esmf_vmfinalize_+0x1c)[0x7f30f8a861cc]
/tmp/intel_2023.1.0-oneAPI_mpi_O_develop/esmf/DEFAULTINSTALLDIR/lib/libO/Unicos.intel.64.mpi.default/libesmf.so(esmf_initmod_mp_esmf_finalize_+0x66b)[0x7f0d5454541b]
/tmp/intel_2023.1.0-oneAPI_mpi_O_develop/nuopc-app-prototypes/CustomFieldDictionaryProto/./mainApp[0x4168dd]
/tmp/intel_2023.1.0-oneAPI_mpi_O_develop/nuopc-app-prototypes/CustomFieldDictionaryProto/./mainApp[0x41607d]
/lib64/libc.so.6(__libc_start_main+0xef)[0x7f0d4f43e24d]
/tmp/intel_2023.1.0-oneAPI_mpi_O_develop/nuopc-app-prototypes/CustomFieldDictionaryProto/./mainApp[0x415faa]
/tmp/intel_2023.1.0-oneAPI_mpi_O_develop/esmf/DEFAULTINSTALLDIR/lib/libO/Unicos.intel.64.mpi.default/libesmf.so(esmf_initmod_mp_esmf_finalize_+0x66b)[0x7f3d34b8241b]
/tmp/intel_2023.1.0-oneAPI_mpi_O_develop/nuopc-app-prototypes/CustomFieldDictionaryProto/./mainApp[0x4168dd]
/tmp/intel_2023.1.0-oneAPI_mpi_O_develop/nuopc-app-prototypes/CustomFieldDictionaryProto/./mainApp[0x41607d]
/lib64/libc.so.6(__libc_start_main+0xef)[0x7f3d2fa3e24d]
/tmp/intel_2023.1.0-oneAPI_mpi_O_develop/nuopc-app-prototypes/CustomFieldDictionaryProto/./mainApp[0x415faa]
/tmp/intel_2023.1.0-oneAPI_mpi_O_develop/esmf/DEFAULTINSTALLDIR/lib/libO/Unicos.intel.64.mpi.default/libesmf.so(esmf_initmod_mp_esmf_finalize_+0x66b)[0x7f30f888e41b]
/tmp/intel_2023.1.0-oneAPI_mpi_O_develop/nuopc-app-prototypes/CustomFieldDictionaryProto/./mainApp[0x4168dd]
/tmp/intel_2023.1.0-oneAPI_mpi_O_develop/nuopc-app-prototypes/CustomFieldDictionaryProto/./mainApp[0x41607d]
/lib64/libc.so.6(__libc_start_main+0xef)[0x7f30f363e24d]
/tmp/intel_2023.1.0-oneAPI_mpi_O_develop/nuopc-app-prototypes/CustomFieldDictionaryProto/./mainApp[0x415faa]
srun: error: c5n1333: tasks 1-3: Exited with exit code 1
srun: Terminating StepId=135197819.379
slurmstepd: error: *** STEP 135197819.379 ON c5n1333 CANCELLED AT 2024-10-12T04:10:57 ***
forrtl: error (78): process killed (SIGTERM)
Image              PC                Routine            Line        Source             
libpthread-2.31.s  00007FC500618910  Unknown               Unknown  Unknown
libc-2.31.so       00007FC4FCD05B57  __sched_yield         Unknown  Unknown
libmpi_intel.so.1  00007FC4FE901ADE  Unknown               Unknown  Unknown
libmpi_intel.so.1  00007FC4FF69DA16  Unknown               Unknown  Unknown
libmpi_intel.so.1  00007FC4FF6B0169  Unknown               Unknown  Unknown
libmpi_intel.so.1  00007FC4FF5B858C  Unknown               Unknown  Unknown
libmpi_intel.so.1  00007FC4FDBA3D11  Unknown               Unknown  Unknown
libmpi_intel.so.1  00007FC4FDBA3EF5  Unknown               Unknown  Unknown
libmpi_intel.so.1  00007FC4FF89D5F0  Unknown               Unknown  Unknown
libmpi_intel.so.1  00007FC4FF6DD0FC  Unknown               Unknown  Unknown
libmpi_intel.so.1  00007FC4FF6DB00C  Unknown               Unknown  Unknown
libmpi_intel.so.1  00007FC4FDE67C01  Unknown               Unknown  Unknown
libmpi_intel.so.1  00007FC4FF6DF380  Unknown               Unknown  Unknown
libmpi_intel.so.1  00007FC4FF89E3D3  Unknown               Unknown  Unknown
libmpi_intel.so.1  00007FC4FDC91200  Unknown               Unknown  Unknown
libmpi_intel.so.1  00007FC4FDC9173F  PMPI_Barrier          Unknown  Unknown
libdarshan.so.0.0  00007FC5008095A7  darshan_core_shut     Unknown  Unknown
libdarshan.so.0.0  00007FC50080823E  MPI_Finalize          Unknown  Unknown
libesmf.so         00007FC5019277CF  _ZN5ESMCI3VMK8fin     Unknown  Unknown
libesmf.so         00007FC5019448E2  _ZN5ESMCI2VM8fina     Unknown  Unknown
libesmf.so         00007FC501922465  c_esmc_vmfinalize     Unknown  Unknown
libesmf.so         00007FC5020421CC  esmf_vmmod_mp_esm     Unknown  Unknown
libesmf.so         00007FC501E4A41B  esmf_initmod_mp_e     Unknown  Unknown
mainApp            00000000004168DD  Unknown               Unknown  Unknown
mainApp            000000000041607D  Unknown               Unknown  Unknown
libc-2.31.so       00007FC4FCC3E24D  __libc_start_main     Unknown  Unknown
mainApp            0000000000415FAA  Unknown               Unknown  Unknown
srun: error: c5n1333: task 0: Killed
srun: Force Terminated StepId=135197819.379
