2024-10-13 03:56:31

mainApp:180912 terminated with signal 11 at PC=43e063 SP=7ffcd54a7990.  Backtrace:

mainApp:180913 terminated with signal 11 at PC=43e059 SP=7ffdc0470cb0.  Backtrace:
/tmp/intel_2023.1.0-oneAPI_mpi_O_develop/nuopc-app-prototypes/DriverInDriverProto/./mainApp[0x43e063]
/tmp/intel_2023.1.0-oneAPI_mpi_O_develop/nuopc-app-prototypes/DriverInDriverProto/./mainApp[0x43f030]
/tmp/intel_2023.1.0-oneAPI_mpi_O_develop/nuopc-app-prototypes/DriverInDriverProto/./mainApp[0x43e1d5]
/tmp/intel_2023.1.0-oneAPI_mpi_O_develop/nuopc-app-prototypes/DriverInDriverProto/./mainApp[0x43e059]
/tmp/intel_2023.1.0-oneAPI_mpi_O_develop/nuopc-app-prototypes/DriverInDriverProto/./mainApp[0x43f030]
/tmp/intel_2023.1.0-oneAPI_mpi_O_develop/nuopc-app-prototypes/DriverInDriverProto/./mainApp[0x43e1d5]
/tmp/intel_2023.1.0-oneAPI_mpi_O_develop/esmf/DEFAULTINSTALLDIR/lib/libO/Unicos.intel.64.mpi.default/libesmf.so(f_esmf_compcollectgarbage2_+0x2f1)[0x7f1190c6daf1]
/tmp/intel_2023.1.0-oneAPI_mpi_O_develop/esmf/DEFAULTINSTALLDIR/lib/libO/Unicos.intel.64.mpi.default/libesmf.so(f_esmf_compcollectgarbage2_+0x2f1)[0x7fc2b7d34af1]
/tmp/intel_2023.1.0-oneAPI_mpi_O_develop/esmf/DEFAULTINSTALLDIR/lib/libO/Unicos.intel.64.mpi.default/libesmf.so(_ZN5ESMCI2VM8finalizeEP12ESMC_LogicalPi+0x34f)[0x7f1190ac67ef]
/tmp/intel_2023.1.0-oneAPI_mpi_O_develop/esmf/DEFAULTINSTALLDIR/lib/libO/Unicos.intel.64.mpi.default/libesmf.so(_ZN5ESMCI2VM8finalizeEP12ESMC_LogicalPi+0x34f)[0x7fc2b7b8d7ef]
/tmp/intel_2023.1.0-oneAPI_mpi_O_develop/esmf/DEFAULTINSTALLDIR/lib/libO/Unicos.intel.64.mpi.default/libesmf.so(c_esmc_vmfinalize_+0x25)[0x7f1190aa4465]
/tmp/intel_2023.1.0-oneAPI_mpi_O_develop/esmf/DEFAULTINSTALLDIR/lib/libO/Unicos.intel.64.mpi.default/libesmf.so(c_esmc_vmfinalize_+0x25)[0x7fc2b7b6b465]
/tmp/intel_2023.1.0-oneAPI_mpi_O_develop/esmf/DEFAULTINSTALLDIR/lib/libO/Unicos.intel.64.mpi.default/libesmf.so(esmf_vmmod_mp_esmf_vmfinalize_+0x1c)[0x7f11911c41cc]
/tmp/intel_2023.1.0-oneAPI_mpi_O_develop/esmf/DEFAULTINSTALLDIR/lib/libO/Unicos.intel.64.mpi.default/libesmf.so(esmf_vmmod_mp_esmf_vmfinalize_+0x1c)[0x7fc2b828b1cc]
/tmp/intel_2023.1.0-oneAPI_mpi_O_develop/esmf/DEFAULTINSTALLDIR/lib/libO/Unicos.intel.64.mpi.default/libesmf.so(esmf_initmod_mp_esmf_finalize_+0x66b)[0x7f1190fcc41b]
/tmp/intel_2023.1.0-oneAPI_mpi_O_develop/nuopc-app-prototypes/DriverInDriverProto/./mainApp[0x41679b]
/tmp/intel_2023.1.0-oneAPI_mpi_O_develop/nuopc-app-prototypes/DriverInDriverProto/./mainApp[0x41617d]
/lib64/libc.so.6(__libc_start_main+0xef)[0x7f118be3e24d]
/tmp/intel_2023.1.0-oneAPI_mpi_O_develop/nuopc-app-prototypes/DriverInDriverProto/./mainApp[0x4160aa]
/tmp/intel_2023.1.0-oneAPI_mpi_O_develop/esmf/DEFAULTINSTALLDIR/lib/libO/Unicos.intel.64.mpi.default/libesmf.so(esmf_initmod_mp_esmf_finalize_+0x66b)[0x7fc2b809341b]
/tmp/intel_2023.1.0-oneAPI_mpi_O_develop/nuopc-app-prototypes/DriverInDriverProto/./mainApp[0x41679b]
/tmp/intel_2023.1.0-oneAPI_mpi_O_develop/nuopc-app-prototypes/DriverInDriverProto/./mainApp[0x41617d]
/lib64/libc.so.6(__libc_start_main+0xef)[0x7fc2b2e3e24d]
/tmp/intel_2023.1.0-oneAPI_mpi_O_develop/nuopc-app-prototypes/DriverInDriverProto/./mainApp[0x4160aa]

mainApp:180911 terminated with signal 11 at PC=43e071 SP=7fffbe7b2740.  Backtrace:
/tmp/intel_2023.1.0-oneAPI_mpi_O_develop/nuopc-app-prototypes/DriverInDriverProto/./mainApp[0x43e071]
/tmp/intel_2023.1.0-oneAPI_mpi_O_develop/nuopc-app-prototypes/DriverInDriverProto/./mainApp[0x43f030]
/tmp/intel_2023.1.0-oneAPI_mpi_O_develop/nuopc-app-prototypes/DriverInDriverProto/./mainApp[0x43e1d5]
/tmp/intel_2023.1.0-oneAPI_mpi_O_develop/esmf/DEFAULTINSTALLDIR/lib/libO/Unicos.intel.64.mpi.default/libesmf.so(f_esmf_compcollectgarbage2_+0x2f1)[0x7f508b575af1]
/tmp/intel_2023.1.0-oneAPI_mpi_O_develop/esmf/DEFAULTINSTALLDIR/lib/libO/Unicos.intel.64.mpi.default/libesmf.so(_ZN5ESMCI2VM8finalizeEP12ESMC_LogicalPi+0x34f)[0x7f508b3ce7ef]
/tmp/intel_2023.1.0-oneAPI_mpi_O_develop/esmf/DEFAULTINSTALLDIR/lib/libO/Unicos.intel.64.mpi.default/libesmf.so(c_esmc_vmfinalize_+0x25)[0x7f508b3ac465]
/tmp/intel_2023.1.0-oneAPI_mpi_O_develop/esmf/DEFAULTINSTALLDIR/lib/libO/Unicos.intel.64.mpi.default/libesmf.so(esmf_vmmod_mp_esmf_vmfinalize_+0x1c)[0x7f508bacc1cc]
/tmp/intel_2023.1.0-oneAPI_mpi_O_develop/esmf/DEFAULTINSTALLDIR/lib/libO/Unicos.intel.64.mpi.default/libesmf.so(esmf_initmod_mp_esmf_finalize_+0x66b)[0x7f508b8d441b]
/tmp/intel_2023.1.0-oneAPI_mpi_O_develop/nuopc-app-prototypes/DriverInDriverProto/./mainApp[0x41679b]
/tmp/intel_2023.1.0-oneAPI_mpi_O_develop/nuopc-app-prototypes/DriverInDriverProto/./mainApp[0x41617d]
/lib64/libc.so.6(__libc_start_main+0xef)[0x7f508683e24d]
/tmp/intel_2023.1.0-oneAPI_mpi_O_develop/nuopc-app-prototypes/DriverInDriverProto/./mainApp[0x4160aa]
srun: error: c5n0809: tasks 1-3: Exited with exit code 1
srun: Terminating StepId=135198798.381
slurmstepd: error: *** STEP 135198798.381 ON c5n0809 CANCELLED AT 2024-10-13T04:21:19 ***
forrtl: error (78): process killed (SIGTERM)
Image              PC                Routine            Line        Source             
libpthread-2.31.s  00007F9A18618910  Unknown               Unknown  Unknown
libc-2.31.so       00007F9A14D05B57  __sched_yield         Unknown  Unknown
libmpi_intel.so.1  00007F9A16901ADE  Unknown               Unknown  Unknown
libmpi_intel.so.1  00007F9A1769DA16  Unknown               Unknown  Unknown
libmpi_intel.so.1  00007F9A176B0169  Unknown               Unknown  Unknown
libmpi_intel.so.1  00007F9A175B858C  Unknown               Unknown  Unknown
libmpi_intel.so.1  00007F9A15BA3D11  Unknown               Unknown  Unknown
libmpi_intel.so.1  00007F9A15BA3EF5  Unknown               Unknown  Unknown
libmpi_intel.so.1  00007F9A1789D5F0  Unknown               Unknown  Unknown
libmpi_intel.so.1  00007F9A176DD0FC  Unknown               Unknown  Unknown
libmpi_intel.so.1  00007F9A176DB00C  Unknown               Unknown  Unknown
libmpi_intel.so.1  00007F9A15E67C01  Unknown               Unknown  Unknown
libmpi_intel.so.1  00007F9A176DF380  Unknown               Unknown  Unknown
libmpi_intel.so.1  00007F9A1789E3D3  Unknown               Unknown  Unknown
libmpi_intel.so.1  00007F9A15C91200  Unknown               Unknown  Unknown
libmpi_intel.so.1  00007F9A15C9173F  PMPI_Barrier          Unknown  Unknown
libdarshan.so.0.0  00007F9A188095A7  darshan_core_shut     Unknown  Unknown
libdarshan.so.0.0  00007F9A1880823E  MPI_Finalize          Unknown  Unknown
libesmf.so         00007F9A197E77CF  _ZN5ESMCI3VMK8fin     Unknown  Unknown
libesmf.so         00007F9A198048E2  _ZN5ESMCI2VM8fina     Unknown  Unknown
libesmf.so         00007F9A197E2465  c_esmc_vmfinalize     Unknown  Unknown
libesmf.so         00007F9A19F021CC  esmf_vmmod_mp_esm     Unknown  Unknown
libesmf.so         00007F9A19D0A41B  esmf_initmod_mp_e     Unknown  Unknown
mainApp            000000000041679B  Unknown               Unknown  Unknown
mainApp            000000000041617D  Unknown               Unknown  Unknown
libc-2.31.so       00007F9A14C3E24D  __libc_start_main     Unknown  Unknown
mainApp            00000000004160AA  Unknown               Unknown  Unknown
srun: error: c5n0809: task 0: Killed
srun: Force Terminated StepId=135198798.381
