2024-10-12 04:17:12
slurmstepd: error: couldn't chdir to `/tmp/intel_2023.1.0-oneAPI_mpi_O_develop/nuopc-app-prototypes/DriverInDriverDataDepProto': No such file or directory: going to /tmp instead
forrtl: severe (174): SIGSEGV, segmentation fault occurred
Image              PC                Routine            Line        Source             
libpthread-2.31.s  000015093CBF2910  Unknown               Unknown  Unknown
mainApp            0000000000440B43  Unknown               Unknown  Unknown
mainApp            0000000000441AF0  Unknown               Unknown  Unknown
mainApp            0000000000440C95  Unknown               Unknown  Unknown
libesmf.so         0000150941CA6A61  f_esmf_compcollec     Unknown  Unknown
libesmf.so         0000150941AFF75F  _ZN5ESMCI2VM8fina     Unknown  Unknown
libesmf.so         0000150941ADD3D5  c_esmc_vmfinalize     Unknown  Unknown
libesmf.so         00001509421FD13C  esmf_vmmod_mp_esm     Unknown  Unknown
libesmf.so         000015094200538B  esmf_initmod_mp_e     Unknown  Unknown
mainApp            000000000041751B  Unknown               Unknown  Unknown
mainApp            0000000000416EFD  Unknown               Unknown  Unknown
libc-2.31.so       000015093CA1A24D  __libc_start_main     Unknown  Unknown
mainApp            0000000000416E2A  Unknown               Unknown  Unknown
forrtl: severe (174): SIGSEGV, segmentation fault occurred
Image              PC                Routine            Line        Source             
libpthread-2.31.s  0000150E263F2910  Unknown               Unknown  Unknown
mainApp            0000000000440B23  Unknown               Unknown  Unknown
mainApp            0000000000441AF0  Unknown               Unknown  Unknown
mainApp            0000000000440C95  Unknown               Unknown  Unknown
libesmf.so         0000150E2B455A61  f_esmf_compcollec     Unknown  Unknown
libesmf.so         0000150E2B2AE75F  _ZN5ESMCI2VM8fina     Unknown  Unknown
libesmf.so         0000150E2B28C3D5  c_esmc_vmfinalize     Unknown  Unknown
libesmf.so         0000150E2B9AC13C  esmf_vmmod_mp_esm     Unknown  Unknown
libesmf.so         0000150E2B7B438B  esmf_initmod_mp_e     Unknown  Unknown
mainApp            000000000041751B  Unknown               Unknown  Unknown
mainApp            0000000000416EFD  Unknown               Unknown  Unknown
libc-2.31.so       0000150E2621A24D  __libc_start_main     Unknown  Unknown
mainApp            0000000000416E2A  Unknown               Unknown  Unknown
forrtl: severe (174): SIGSEGV, segmentation fault occurred
Image              PC                Routine            Line        Source             
libpthread-2.31.s  000014B76C7F2910  Unknown               Unknown  Unknown
mainApp            0000000000440B31  Unknown               Unknown  Unknown
mainApp            0000000000441AF0  Unknown               Unknown  Unknown
mainApp            0000000000440C95  Unknown               Unknown  Unknown
libesmf.so         000014B771888A61  f_esmf_compcollec     Unknown  Unknown
libesmf.so         000014B7716E175F  _ZN5ESMCI2VM8fina     Unknown  Unknown
libesmf.so         000014B7716BF3D5  c_esmc_vmfinalize     Unknown  Unknown
libesmf.so         000014B771DDF13C  esmf_vmmod_mp_esm     Unknown  Unknown
libesmf.so         000014B771BE738B  esmf_initmod_mp_e     Unknown  Unknown
mainApp            000000000041751B  Unknown               Unknown  Unknown
mainApp            0000000000416EFD  Unknown               Unknown  Unknown
libc-2.31.so       000014B76C61A24D  __libc_start_main     Unknown  Unknown
mainApp            0000000000416E2A  Unknown               Unknown  Unknown
srun: error: nid007134: tasks 1-3: Exited with exit code 174
srun: Terminating StepId=31792236.387
slurmstepd: error: *** STEP 31792236.387 ON nid007134 CANCELLED AT 2024-10-12T18:02:47 ***
forrtl: error (78): process killed (SIGTERM)
Image              PC                Routine            Line        Source             
libpthread-2.31.s  0000147E041F2910  Unknown               Unknown  Unknown
libc-2.31.so       0000147E040E1AF7  __sched_yield         Unknown  Unknown
libmpi_intel.so.1  0000147E06501ADE  Unknown               Unknown  Unknown
libmpi_intel.so.1  0000147E0729DA16  Unknown               Unknown  Unknown
libmpi_intel.so.1  0000147E072B0169  Unknown               Unknown  Unknown
libmpi_intel.so.1  0000147E071BFC82  Unknown               Unknown  Unknown
libmpi_intel.so.1  0000147E05891011  Unknown               Unknown  Unknown
libmpi_intel.so.1  0000147E05891138  Unknown               Unknown  Unknown
libmpi_intel.so.1  0000147E0749E4CB  Unknown               Unknown  Unknown
libmpi_intel.so.1  0000147E05891200  Unknown               Unknown  Unknown
libmpi_intel.so.1  0000147E074949D2  Unknown               Unknown  Unknown
libmpi_intel.so.1  0000147E072E0E15  Unknown               Unknown  Unknown
libmpi_intel.so.1  0000147E07627EDF  Unknown               Unknown  Unknown
libmpi_intel.so.1  0000147E05D335BC  MPI_Finalize          Unknown  Unknown
libesmf.so         0000147E08FF473F  _ZN5ESMCI3VMK8fin     Unknown  Unknown
libesmf.so         0000147E09011852  _ZN5ESMCI2VM8fina     Unknown  Unknown
libesmf.so         0000147E08FEF3D5  c_esmc_vmfinalize     Unknown  Unknown
libesmf.so         0000147E0970F13C  esmf_vmmod_mp_esm     Unknown  Unknown
libesmf.so         0000147E0951738B  esmf_initmod_mp_e     Unknown  Unknown
mainApp            000000000041751B  Unknown               Unknown  Unknown
mainApp            0000000000416EFD  Unknown               Unknown  Unknown
libc-2.31.so       0000147E0401A24D  __libc_start_main     Unknown  Unknown
mainApp            0000000000416E2A  Unknown               Unknown  Unknown
srun: error: nid007134: task 0: Exited with exit code 1
