2024-10-12 03:46:43

mainApp:23063 terminated with signal 11 at PC=43e729 SP=7ffeb8bf05f0.  Backtrace:

mainApp:23065 terminated with signal 11 at PC=43e753 SP=7ffd5c03a230.  Backtrace:

mainApp:23064 terminated with signal 11 at PC=43e741 SP=7fff33fd9380.  Backtrace:
/tmp/intel_2023.1.0-oneAPI_mpi_O_develop/nuopc-app-prototypes/NamespaceProto/./mainApp[0x43e729]
/tmp/intel_2023.1.0-oneAPI_mpi_O_develop/nuopc-app-prototypes/NamespaceProto/./mainApp[0x43f700]
/tmp/intel_2023.1.0-oneAPI_mpi_O_develop/nuopc-app-prototypes/NamespaceProto/./mainApp[0x43e8a5]
/tmp/intel_2023.1.0-oneAPI_mpi_O_develop/nuopc-app-prototypes/NamespaceProto/./mainApp[0x43e741]
/tmp/intel_2023.1.0-oneAPI_mpi_O_develop/nuopc-app-prototypes/NamespaceProto/./mainApp[0x43f700]
/tmp/intel_2023.1.0-oneAPI_mpi_O_develop/nuopc-app-prototypes/NamespaceProto/./mainApp[0x43e8a5]
/tmp/intel_2023.1.0-oneAPI_mpi_O_develop/nuopc-app-prototypes/NamespaceProto/./mainApp[0x43e753]
/tmp/intel_2023.1.0-oneAPI_mpi_O_develop/nuopc-app-prototypes/NamespaceProto/./mainApp[0x43f700]
/tmp/intel_2023.1.0-oneAPI_mpi_O_develop/nuopc-app-prototypes/NamespaceProto/./mainApp[0x43e8a5]
/tmp/intel_2023.1.0-oneAPI_mpi_O_develop/esmf/DEFAULTINSTALLDIR/lib/libO/Unicos.intel.64.mpi.default/libesmf.so(f_esmf_compcollectgarbage2_+0x2f1)[0x7f638f6b6af1]
/tmp/intel_2023.1.0-oneAPI_mpi_O_develop/esmf/DEFAULTINSTALLDIR/lib/libO/Unicos.intel.64.mpi.default/libesmf.so(f_esmf_compcollectgarbage2_+0x2f1)[0x7f5b89c8aaf1]
/tmp/intel_2023.1.0-oneAPI_mpi_O_develop/esmf/DEFAULTINSTALLDIR/lib/libO/Unicos.intel.64.mpi.default/libesmf.so(f_esmf_compcollectgarbage2_+0x2f1)[0x7fdf133abaf1]
/tmp/intel_2023.1.0-oneAPI_mpi_O_develop/esmf/DEFAULTINSTALLDIR/lib/libO/Unicos.intel.64.mpi.default/libesmf.so(_ZN5ESMCI2VM8finalizeEP12ESMC_LogicalPi+0x34f)[0x7f638f50f7ef]
/tmp/intel_2023.1.0-oneAPI_mpi_O_develop/esmf/DEFAULTINSTALLDIR/lib/libO/Unicos.intel.64.mpi.default/libesmf.so(_ZN5ESMCI2VM8finalizeEP12ESMC_LogicalPi+0x34f)[0x7f5b89ae37ef]
/tmp/intel_2023.1.0-oneAPI_mpi_O_develop/esmf/DEFAULTINSTALLDIR/lib/libO/Unicos.intel.64.mpi.default/libesmf.so(_ZN5ESMCI2VM8finalizeEP12ESMC_LogicalPi+0x34f)[0x7fdf132047ef]
/tmp/intel_2023.1.0-oneAPI_mpi_O_develop/esmf/DEFAULTINSTALLDIR/lib/libO/Unicos.intel.64.mpi.default/libesmf.so(c_esmc_vmfinalize_+0x25)[0x7f638f4ed465]
/tmp/intel_2023.1.0-oneAPI_mpi_O_develop/esmf/DEFAULTINSTALLDIR/lib/libO/Unicos.intel.64.mpi.default/libesmf.so(c_esmc_vmfinalize_+0x25)[0x7f5b89ac1465]
/tmp/intel_2023.1.0-oneAPI_mpi_O_develop/esmf/DEFAULTINSTALLDIR/lib/libO/Unicos.intel.64.mpi.default/libesmf.so(c_esmc_vmfinalize_+0x25)[0x7fdf131e2465]
/tmp/intel_2023.1.0-oneAPI_mpi_O_develop/esmf/DEFAULTINSTALLDIR/lib/libO/Unicos.intel.64.mpi.default/libesmf.so(esmf_vmmod_mp_esmf_vmfinalize_+0x1c)[0x7f638fc0d1cc]
/tmp/intel_2023.1.0-oneAPI_mpi_O_develop/esmf/DEFAULTINSTALLDIR/lib/libO/Unicos.intel.64.mpi.default/libesmf.so(esmf_vmmod_mp_esmf_vmfinalize_+0x1c)[0x7f5b8a1e11cc]
/tmp/intel_2023.1.0-oneAPI_mpi_O_develop/esmf/DEFAULTINSTALLDIR/lib/libO/Unicos.intel.64.mpi.default/libesmf.so(esmf_vmmod_mp_esmf_vmfinalize_+0x1c)[0x7fdf139021cc]
/tmp/intel_2023.1.0-oneAPI_mpi_O_develop/esmf/DEFAULTINSTALLDIR/lib/libO/Unicos.intel.64.mpi.default/libesmf.so(esmf_initmod_mp_esmf_finalize_+0x66b)[0x7f638fa1541b]
/tmp/intel_2023.1.0-oneAPI_mpi_O_develop/nuopc-app-prototypes/NamespaceProto/./mainApp[0x41679b]
/tmp/intel_2023.1.0-oneAPI_mpi_O_develop/nuopc-app-prototypes/NamespaceProto/./mainApp[0x41617d]
/tmp/intel_2023.1.0-oneAPI_mpi_O_develop/esmf/DEFAULTINSTALLDIR/lib/libO/Unicos.intel.64.mpi.default/libesmf.so(esmf_initmod_mp_esmf_finalize_+0x66b)[0x7f5b89fe941b]
/lib64/libc.so.6(__libc_start_main+0xef)[0x7f638a83e24d]
/tmp/intel_2023.1.0-oneAPI_mpi_O_develop/nuopc-app-prototypes/NamespaceProto/./mainApp[0x4160aa]
/tmp/intel_2023.1.0-oneAPI_mpi_O_develop/nuopc-app-prototypes/NamespaceProto/./mainApp[0x41679b]
/tmp/intel_2023.1.0-oneAPI_mpi_O_develop/nuopc-app-prototypes/NamespaceProto/./mainApp[0x41617d]
/tmp/intel_2023.1.0-oneAPI_mpi_O_develop/esmf/DEFAULTINSTALLDIR/lib/libO/Unicos.intel.64.mpi.default/libesmf.so(esmf_initmod_mp_esmf_finalize_+0x66b)[0x7fdf1370a41b]
/lib64/libc.so.6(__libc_start_main+0xef)[0x7f5b84e3e24d]
/tmp/intel_2023.1.0-oneAPI_mpi_O_develop/nuopc-app-prototypes/NamespaceProto/./mainApp[0x41679b]
/tmp/intel_2023.1.0-oneAPI_mpi_O_develop/nuopc-app-prototypes/NamespaceProto/./mainApp[0x41617d]
/tmp/intel_2023.1.0-oneAPI_mpi_O_develop/nuopc-app-prototypes/NamespaceProto/./mainApp[0x4160aa]
/lib64/libc.so.6(__libc_start_main+0xef)[0x7fdf0e63e24d]
/tmp/intel_2023.1.0-oneAPI_mpi_O_develop/nuopc-app-prototypes/NamespaceProto/./mainApp[0x4160aa]
srun: error: c5n1333: tasks 1-3: Exited with exit code 1
srun: Terminating StepId=135197819.387
slurmstepd: error: *** STEP 135197819.387 ON c5n1333 CANCELLED AT 2024-10-12T04:12:53 ***
forrtl: error (78): process killed (SIGTERM)
Image              PC                Routine            Line        Source             
libpthread-2.31.s  00007F0E6A493910  Unknown               Unknown  Unknown
libc-2.31.so       00007F0E66705B57  __sched_yield         Unknown  Unknown
libmpi_intel.so.1  00007F0E68301ADE  Unknown               Unknown  Unknown
libmpi_intel.so.1  00007F0E6909DA16  Unknown               Unknown  Unknown
libmpi_intel.so.1  00007F0E690B0169  Unknown               Unknown  Unknown
libmpi_intel.so.1  00007F0E68FB858C  Unknown               Unknown  Unknown
libmpi_intel.so.1  00007F0E675A3D11  Unknown               Unknown  Unknown
libmpi_intel.so.1  00007F0E675A3EF5  Unknown               Unknown  Unknown
libmpi_intel.so.1  00007F0E6929D5F0  Unknown               Unknown  Unknown
libmpi_intel.so.1  00007F0E690DD0FC  Unknown               Unknown  Unknown
libmpi_intel.so.1  00007F0E690DB00C  Unknown               Unknown  Unknown
libmpi_intel.so.1  00007F0E67867C01  Unknown               Unknown  Unknown
libmpi_intel.so.1  00007F0E690DF380  Unknown               Unknown  Unknown
libmpi_intel.so.1  00007F0E6929E3D3  Unknown               Unknown  Unknown
libmpi_intel.so.1  00007F0E67691200  Unknown               Unknown  Unknown
libmpi_intel.so.1  00007F0E6769173F  PMPI_Barrier          Unknown  Unknown
libdarshan.so.0.0  00007F0E6A2095A7  darshan_core_shut     Unknown  Unknown
libdarshan.so.0.0  00007F0E6A20823E  MPI_Finalize          Unknown  Unknown
libesmf.so         00007F0E6B2457CF  _ZN5ESMCI3VMK8fin     Unknown  Unknown
libesmf.so         00007F0E6B2628E2  _ZN5ESMCI2VM8fina     Unknown  Unknown
libesmf.so         00007F0E6B240465  c_esmc_vmfinalize     Unknown  Unknown
libesmf.so         00007F0E6B9601CC  esmf_vmmod_mp_esm     Unknown  Unknown
libesmf.so         00007F0E6B76841B  esmf_initmod_mp_e     Unknown  Unknown
mainApp            000000000041679B  Unknown               Unknown  Unknown
mainApp            000000000041617D  Unknown               Unknown  Unknown
libc-2.31.so       00007F0E6663E24D  __libc_start_main     Unknown  Unknown
mainApp            00000000004160AA  Unknown               Unknown  Unknown
srun: error: c5n1333: task 0: Killed
srun: Force Terminated StepId=135197819.387
