2024-10-12 04:17:12
slurmstepd: error: couldn't chdir to `/tmp/intel_2023.1.0-oneAPI_mpi_O_develop/nuopc-app-prototypes/NestingTelescopeMultipleProto': No such file or directory: going to /tmp instead
 NUOPC_DriverPrint for PET:           0
   Model, Mediator, and Driver components, in the order
   that they were added to the Driver:
           1 :  advectDiff_Parent
           2 :  advectDiff_Gen1Nestling0
           3 :  advectDiff_Gen1Nestling1
           4 :  advectDiff_Gen2Nestling0
   Connector components, in the order
   that they were added to the Driver:
           1 :  advectDiff_Parent-TO-advectDiff_Gen1Nestling0
           2 :  advectDiff_Parent-TO-advectDiff_Gen1Nestling1
           3 :  advectDiff_Gen1Nestling0-TO-advectDiff_Gen2Nestling0
NUOPC_RunSequenceArrayPrint: element     1 out of      2
runSeq::
 runElementPrint:      1     2     1 F T
 runElementPrint:      1     3     1 F T
 runElementPrint:      1    -1     1 F T
 runElementPrint:     -2     0     0 F T
 runElementPrint:      3    -1     1 F T
 runElementPrint:     -1    -1     0 F F
::
NUOPC_RunSequenceArrayPrint: element     2 out of      2
runSeq::
 runElementPrint:      2     4     1 F T
 runElementPrint:      2    -1     1 F T
 runElementPrint:      4    -1     1 F T
 runElementPrint:     -2    -1     0 F F
::
 NUOPC_DriverPrint for PET:           1
   Model, Mediator, and Driver components, in the order
   that they were added to the Driver:
           1 :  advectDiff_Parent
           2 :  advectDiff_Gen1Nestling0
           3 :  advectDiff_Gen1Nestling1
           4 :  advectDiff_Gen2Nestling0
   Connector components, in the order
   that they were added to the Driver:
           1 :  advectDiff_Parent-TO-advectDiff_Gen1Nestling0
           2 :  advectDiff_Parent-TO-advectDiff_Gen1Nestling1
           3 :  advectDiff_Gen1Nestling0-TO-advectDiff_Gen2Nestling0
NUOPC_RunSequenceArrayPrint: element     1 out of      2
runSeq::
 runElementPrint:      1     2     1 F T
 runElementPrint:      1     3     1 F T
 runElementPrint:      1    -1     1 F T
 runElementPrint:     -2     0     0 F T
 runElementPrint:      3    -1     1 F T
 runElementPrint:     -1    -1     0 F F
::
NUOPC_RunSequenceArrayPrint: element     2 out of      2
runSeq::
 runElementPrint:      2     4     1 F T
 runElementPrint:      2    -1     1 F T
 runElementPrint:      4    -1     1 F T
 runElementPrint:     -2    -1     0 F F
::
 NUOPC_DriverPrint for PET:           2
   Model, Mediator, and Driver components, in the order
   that they were added to the Driver:
           1 :  advectDiff_Parent
           2 :  advectDiff_Gen1Nestling0
           3 :  advectDiff_Gen1Nestling1
           4 :  advectDiff_Gen2Nestling0
   Connector components, in the order
   that they were added to the Driver:
           1 :  advectDiff_Parent-TO-advectDiff_Gen1Nestling0
           2 :  advectDiff_Parent-TO-advectDiff_Gen1Nestling1
           3 :  advectDiff_Gen1Nestling0-TO-advectDiff_Gen2Nestling0
NUOPC_RunSequenceArrayPrint: element     1 out of      2
runSeq::
 runElementPrint:      1     2     1 F T
 runElementPrint:      1     3     1 F T
 runElementPrint:      1    -1     1 F T
 runElementPrint:     -2     0     0 F T
 runElementPrint:      3    -1     1 F T
 runElementPrint:     -1    -1     0 F F
::
NUOPC_RunSequenceArrayPrint: element     2 out of      2
runSeq::
 runElementPrint:      2     4     1 F T
 runElementPrint:      2    -1     1 F T
 runElementPrint:      4    -1     1 F T
 runElementPrint:     -2    -1     0 F F
::
 NUOPC_DriverPrint for PET:           3
   Model, Mediator, and Driver components, in the order
   that they were added to the Driver:
           1 :  advectDiff_Parent
           2 :  advectDiff_Gen1Nestling0
           3 :  advectDiff_Gen1Nestling1
           4 :  advectDiff_Gen2Nestling0
   Connector components, in the order
   that they were added to the Driver:
           1 :  advectDiff_Parent-TO-advectDiff_Gen1Nestling0
           2 :  advectDiff_Parent-TO-advectDiff_Gen1Nestling1
           3 :  advectDiff_Gen1Nestling0-TO-advectDiff_Gen2Nestling0
NUOPC_RunSequenceArrayPrint: element     1 out of      2
runSeq::
 runElementPrint:      1     2     1 F T
 runElementPrint:      1     3     1 F T
 runElementPrint:      1    -1     1 F T
 runElementPrint:     -2     0     0 F T
 runElementPrint:      3    -1     1 F T
 runElementPrint:     -1    -1     0 F F
::
NUOPC_RunSequenceArrayPrint: element     2 out of      2
runSeq::
 runElementPrint:      2     4     1 F T
 runElementPrint:      2    -1     1 F T
 runElementPrint:      4    -1     1 F T
 runElementPrint:     -2    -1     0 F F
::
forrtl: severe (174): SIGSEGV, segmentation fault occurred
Image              PC                Routine            Line        Source             
libpthread-2.31.s  0000154FE9DF2910  Unknown               Unknown  Unknown
mainApp            00000000004457F1  Unknown               Unknown  Unknown
mainApp            00000000004467B0  Unknown               Unknown  Unknown
mainApp            0000000000445955  Unknown               Unknown  Unknown
libesmf.so         0000154FEED07A61  f_esmf_compcollec     Unknown  Unknown
libesmf.so         0000154FEEB6075F  _ZN5ESMCI2VM8fina     Unknown  Unknown
libesmf.so         0000154FEEB3E3D5  c_esmc_vmfinalize     Unknown  Unknown
libesmf.so         0000154FEF25E13C  esmf_vmmod_mp_esm     Unknown  Unknown
libesmf.so         0000154FEF06638B  esmf_initmod_mp_e     Unknown  Unknown
mainApp            0000000000417D93  Unknown               Unknown  Unknown
mainApp            00000000004176FD  Unknown               Unknown  Unknown
libc-2.31.so       0000154FE9C1A24D  __libc_start_main     Unknown  Unknown
mainApp            000000000041762A  Unknown               Unknown  Unknown
forrtl: severe (174): SIGSEGV, segmentation fault occurred
Image              PC                Routine            Line        Source             
libpthread-2.31.s  000014C0B25F2910  Unknown               Unknown  Unknown
mainApp            0000000000445803  Unknown               Unknown  Unknown
mainApp            00000000004467B0  Unknown               Unknown  Unknown
mainApp            0000000000445955  Unknown               Unknown  Unknown
libesmf.so         000014C0B75E5A61  f_esmf_compcollec     Unknown  Unknown
libesmf.so         000014C0B743E75F  _ZN5ESMCI2VM8fina     Unknown  Unknown
libesmf.so         000014C0B741C3D5  c_esmc_vmfinalize     Unknown  Unknown
libesmf.so         000014C0B7B3C13C  esmf_vmmod_mp_esm     Unknown  Unknown
libesmf.so         000014C0B794438B  esmf_initmod_mp_e     Unknown  Unknown
mainApp            0000000000417D93  Unknown               Unknown  Unknown
mainApp            00000000004176FD  Unknown               Unknown  Unknown
libc-2.31.so       000014C0B241A24D  __libc_start_main     Unknown  Unknown
mainApp            000000000041762A  Unknown               Unknown  Unknown
forrtl: severe (174): SIGSEGV, segmentation fault occurred
Image              PC                Routine            Line        Source             
libpthread-2.31.s  00001549C97F2910  Unknown               Unknown  Unknown
mainApp            00000000004457D9  Unknown               Unknown  Unknown
mainApp            00000000004467B0  Unknown               Unknown  Unknown
mainApp            0000000000445955  Unknown               Unknown  Unknown
libesmf.so         00001549CE742A61  f_esmf_compcollec     Unknown  Unknown
libesmf.so         00001549CE59B75F  _ZN5ESMCI2VM8fina     Unknown  Unknown
libesmf.so         00001549CE5793D5  c_esmc_vmfinalize     Unknown  Unknown
libesmf.so         00001549CEC9913C  esmf_vmmod_mp_esm     Unknown  Unknown
libesmf.so         00001549CEAA138B  esmf_initmod_mp_e     Unknown  Unknown
mainApp            0000000000417D93  Unknown               Unknown  Unknown
mainApp            00000000004176FD  Unknown               Unknown  Unknown
libc-2.31.so       00001549C961A24D  __libc_start_main     Unknown  Unknown
mainApp            000000000041762A  Unknown               Unknown  Unknown
srun: error: nid007134: tasks 1-3: Exited with exit code 174
srun: Terminating StepId=31792236.397
slurmstepd: error: *** STEP 31792236.397 ON nid007134 CANCELLED AT 2024-10-12T18:06:54 ***
forrtl: error (78): process killed (SIGTERM)
Image              PC                Routine            Line        Source             
libpthread-2.31.s  0000148CBD3F2910  Unknown               Unknown  Unknown
libc-2.31.so       0000148CBD2E1AF7  __sched_yield         Unknown  Unknown
libmpi_intel.so.1  0000148CBF701ADE  Unknown               Unknown  Unknown
libmpi_intel.so.1  0000148CC049DA16  Unknown               Unknown  Unknown
libmpi_intel.so.1  0000148CC04B0169  Unknown               Unknown  Unknown
libmpi_intel.so.1  0000148CC03BFC82  Unknown               Unknown  Unknown
libmpi_intel.so.1  0000148CBEA91011  Unknown               Unknown  Unknown
libmpi_intel.so.1  0000148CBEA91138  Unknown               Unknown  Unknown
libmpi_intel.so.1  0000148CC069E4CB  Unknown               Unknown  Unknown
libmpi_intel.so.1  0000148CBEA91200  Unknown               Unknown  Unknown
libmpi_intel.so.1  0000148CC06949D2  Unknown               Unknown  Unknown
libmpi_intel.so.1  0000148CC04E0E15  Unknown               Unknown  Unknown
libmpi_intel.so.1  0000148CC0827EDF  Unknown               Unknown  Unknown
libmpi_intel.so.1  0000148CBEF335BC  MPI_Finalize          Unknown  Unknown
libesmf.so         0000148CC22AC73F  _ZN5ESMCI3VMK8fin     Unknown  Unknown
libesmf.so         0000148CC22C9852  _ZN5ESMCI2VM8fina     Unknown  Unknown
libesmf.so         0000148CC22A73D5  c_esmc_vmfinalize     Unknown  Unknown
libesmf.so         0000148CC29C713C  esmf_vmmod_mp_esm     Unknown  Unknown
libesmf.so         0000148CC27CF38B  esmf_initmod_mp_e     Unknown  Unknown
mainApp            0000000000417D93  Unknown               Unknown  Unknown
mainApp            00000000004176FD  Unknown               Unknown  Unknown
libc-2.31.so       0000148CBD21A24D  __libc_start_main     Unknown  Unknown
mainApp            000000000041762A  Unknown               Unknown  Unknown
srun: error: nid007134: task 0: Exited with exit code 1
