2024-10-09 03:58:04

mainApp:137049 terminated with signal 11 at PC=440b97 SP=7ffe11f31d00.  Backtrace:

mainApp:137048 terminated with signal 11 at PC=440bc1 SP=7ffd02522140.  Backtrace:
/tmp/intel_2023.1.0-oneAPI_mpi_O_develop/nuopc-app-prototypes/NestingSingleProto/./mainApp[0x440b97]
/tmp/intel_2023.1.0-oneAPI_mpi_O_develop/nuopc-app-prototypes/NestingSingleProto/./mainApp[0x441b80]
/tmp/intel_2023.1.0-oneAPI_mpi_O_develop/nuopc-app-prototypes/NestingSingleProto/./mainApp[0x440d25]
/tmp/intel_2023.1.0-oneAPI_mpi_O_develop/nuopc-app-prototypes/NestingSingleProto/./mainApp[0x440bc1]
/tmp/intel_2023.1.0-oneAPI_mpi_O_develop/nuopc-app-prototypes/NestingSingleProto/./mainApp[0x441b80]
/tmp/intel_2023.1.0-oneAPI_mpi_O_develop/nuopc-app-prototypes/NestingSingleProto/./mainApp[0x440d25]

mainApp:137047 terminated with signal 11 at PC=440bb3 SP=7ffd24bbeee0.  Backtrace:
/tmp/intel_2023.1.0-oneAPI_mpi_O_develop/nuopc-app-prototypes/NestingSingleProto/./mainApp[0x440bb3]
/tmp/intel_2023.1.0-oneAPI_mpi_O_develop/nuopc-app-prototypes/NestingSingleProto/./mainApp[0x441b80]
/tmp/intel_2023.1.0-oneAPI_mpi_O_develop/nuopc-app-prototypes/NestingSingleProto/./mainApp[0x440d25]
/tmp/intel_2023.1.0-oneAPI_mpi_O_develop/esmf/DEFAULTINSTALLDIR/lib/libO/Unicos.intel.64.mpi.default/libesmf.so(f_esmf_compcollectgarbage2_+0x2f1)[0x7f09d1923af1]
/tmp/intel_2023.1.0-oneAPI_mpi_O_develop/esmf/DEFAULTINSTALLDIR/lib/libO/Unicos.intel.64.mpi.default/libesmf.so(f_esmf_compcollectgarbage2_+0x2f1)[0x7f87b9519af1]
/tmp/intel_2023.1.0-oneAPI_mpi_O_develop/esmf/DEFAULTINSTALLDIR/lib/libO/Unicos.intel.64.mpi.default/libesmf.so(f_esmf_compcollectgarbage2_+0x2f1)[0x7fc89b769af1]
/tmp/intel_2023.1.0-oneAPI_mpi_O_develop/esmf/DEFAULTINSTALLDIR/lib/libO/Unicos.intel.64.mpi.default/libesmf.so(_ZN5ESMCI2VM8finalizeEP12ESMC_LogicalPi+0x34f)[0x7f09d177c7ef]
/tmp/intel_2023.1.0-oneAPI_mpi_O_develop/esmf/DEFAULTINSTALLDIR/lib/libO/Unicos.intel.64.mpi.default/libesmf.so(_ZN5ESMCI2VM8finalizeEP12ESMC_LogicalPi+0x34f)[0x7f87b93727ef]
/tmp/intel_2023.1.0-oneAPI_mpi_O_develop/esmf/DEFAULTINSTALLDIR/lib/libO/Unicos.intel.64.mpi.default/libesmf.so(_ZN5ESMCI2VM8finalizeEP12ESMC_LogicalPi+0x34f)[0x7fc89b5c27ef]
/tmp/intel_2023.1.0-oneAPI_mpi_O_develop/esmf/DEFAULTINSTALLDIR/lib/libO/Unicos.intel.64.mpi.default/libesmf.so(c_esmc_vmfinalize_+0x25)[0x7f09d175a465]
/tmp/intel_2023.1.0-oneAPI_mpi_O_develop/esmf/DEFAULTINSTALLDIR/lib/libO/Unicos.intel.64.mpi.default/libesmf.so(c_esmc_vmfinalize_+0x25)[0x7f87b9350465]
/tmp/intel_2023.1.0-oneAPI_mpi_O_develop/esmf/DEFAULTINSTALLDIR/lib/libO/Unicos.intel.64.mpi.default/libesmf.so(esmf_vmmod_mp_esmf_vmfinalize_+0x1c)[0x7f09d1e7a1dc]
/tmp/intel_2023.1.0-oneAPI_mpi_O_develop/esmf/DEFAULTINSTALLDIR/lib/libO/Unicos.intel.64.mpi.default/libesmf.so(c_esmc_vmfinalize_+0x25)[0x7fc89b5a0465]
/tmp/intel_2023.1.0-oneAPI_mpi_O_develop/esmf/DEFAULTINSTALLDIR/lib/libO/Unicos.intel.64.mpi.default/libesmf.so(esmf_vmmod_mp_esmf_vmfinalize_+0x1c)[0x7f87b9a701dc]
/tmp/intel_2023.1.0-oneAPI_mpi_O_develop/esmf/DEFAULTINSTALLDIR/lib/libO/Unicos.intel.64.mpi.default/libesmf.so(esmf_initmod_mp_esmf_finalize_+0x66b)[0x7f09d1c8242b]
/tmp/intel_2023.1.0-oneAPI_mpi_O_develop/nuopc-app-prototypes/NestingSingleProto/./mainApp[0x4171d3]
/tmp/intel_2023.1.0-oneAPI_mpi_O_develop/nuopc-app-prototypes/NestingSingleProto/./mainApp[0x416b3d]
/tmp/intel_2023.1.0-oneAPI_mpi_O_develop/esmf/DEFAULTINSTALLDIR/lib/libO/Unicos.intel.64.mpi.default/libesmf.so(esmf_vmmod_mp_esmf_vmfinalize_+0x1c)[0x7fc89bcc01dc]
/tmp/intel_2023.1.0-oneAPI_mpi_O_develop/esmf/DEFAULTINSTALLDIR/lib/libO/Unicos.intel.64.mpi.default/libesmf.so(esmf_initmod_mp_esmf_finalize_+0x66b)[0x7f87b987842b]
/lib64/libc.so.6(__libc_start_main+0xef)[0x7f09cca3e24d]
/tmp/intel_2023.1.0-oneAPI_mpi_O_develop/nuopc-app-prototypes/NestingSingleProto/./mainApp[0x416a6a]
/tmp/intel_2023.1.0-oneAPI_mpi_O_develop/nuopc-app-prototypes/NestingSingleProto/./mainApp[0x4171d3]
/tmp/intel_2023.1.0-oneAPI_mpi_O_develop/nuopc-app-prototypes/NestingSingleProto/./mainApp[0x416b3d]
/lib64/libc.so.6(__libc_start_main+0xef)[0x7f87b463e24d]
/tmp/intel_2023.1.0-oneAPI_mpi_O_develop/nuopc-app-prototypes/NestingSingleProto/./mainApp[0x416a6a]
/tmp/intel_2023.1.0-oneAPI_mpi_O_develop/esmf/DEFAULTINSTALLDIR/lib/libO/Unicos.intel.64.mpi.default/libesmf.so(esmf_initmod_mp_esmf_finalize_+0x66b)[0x7fc89bac842b]
/tmp/intel_2023.1.0-oneAPI_mpi_O_develop/nuopc-app-prototypes/NestingSingleProto/./mainApp[0x4171d3]
/tmp/intel_2023.1.0-oneAPI_mpi_O_develop/nuopc-app-prototypes/NestingSingleProto/./mainApp[0x416b3d]
/lib64/libc.so.6(__libc_start_main+0xef)[0x7fc896a3e24d]
/tmp/intel_2023.1.0-oneAPI_mpi_O_develop/nuopc-app-prototypes/NestingSingleProto/./mainApp[0x416a6a]
srun: error: c5n1290: tasks 1-3: Exited with exit code 1
srun: Terminating StepId=135191948.389
slurmstepd: error: *** STEP 135191948.389 ON c5n1290 CANCELLED AT 2024-10-09T04:26:09 ***
forrtl: error (78): process killed (SIGTERM)
Image              PC                Routine            Line        Source             
libpthread-2.31.s  00007FF1CB0C2910  Unknown               Unknown  Unknown
libc-2.31.so       00007FF1C7305B57  __sched_yield         Unknown  Unknown
libmpi_intel.so.1  00007FF1C8F01ADE  Unknown               Unknown  Unknown
libmpi_intel.so.1  00007FF1C9C9DA16  Unknown               Unknown  Unknown
libmpi_intel.so.1  00007FF1C9CB0169  Unknown               Unknown  Unknown
libmpi_intel.so.1  00007FF1C9BB858C  Unknown               Unknown  Unknown
libmpi_intel.so.1  00007FF1C81A3D11  Unknown               Unknown  Unknown
libmpi_intel.so.1  00007FF1C81A3EF5  Unknown               Unknown  Unknown
libmpi_intel.so.1  00007FF1C9E9D5F0  Unknown               Unknown  Unknown
libmpi_intel.so.1  00007FF1C9CDD0FC  Unknown               Unknown  Unknown
libmpi_intel.so.1  00007FF1C9CDB00C  Unknown               Unknown  Unknown
libmpi_intel.so.1  00007FF1C8467C01  Unknown               Unknown  Unknown
libmpi_intel.so.1  00007FF1C9CDF380  Unknown               Unknown  Unknown
libmpi_intel.so.1  00007FF1C9E9E3D3  Unknown               Unknown  Unknown
libmpi_intel.so.1  00007FF1C8291200  Unknown               Unknown  Unknown
libmpi_intel.so.1  00007FF1C829173F  PMPI_Barrier          Unknown  Unknown
libdarshan.so.0.0  00007FF1CAE095A7  darshan_core_shut     Unknown  Unknown
libdarshan.so.0.0  00007FF1CAE0823E  MPI_Finalize          Unknown  Unknown
libesmf.so         00007FF1CBE747CF  _ZN5ESMCI3VMK8fin     Unknown  Unknown
libesmf.so         00007FF1CBE918E2  _ZN5ESMCI2VM8fina     Unknown  Unknown
libesmf.so         00007FF1CBE6F465  c_esmc_vmfinalize     Unknown  Unknown
libesmf.so         00007FF1CC58F1DC  esmf_vmmod_mp_esm     Unknown  Unknown
libesmf.so         00007FF1CC39742B  esmf_initmod_mp_e     Unknown  Unknown
mainApp            00000000004171D3  Unknown               Unknown  Unknown
mainApp            0000000000416B3D  Unknown               Unknown  Unknown
libc-2.31.so       00007FF1C723E24D  __libc_start_main     Unknown  Unknown
mainApp            0000000000416A6A  Unknown               Unknown  Unknown
srun: error: c5n1290: task 0: Killed
srun: Force Terminated StepId=135191948.389
