2024-10-12 03:46:43

mainApp:23165 terminated with signal 11 at PC=441de9 SP=7fffced1c470.  Backtrace:

mainApp:23167 terminated with signal 11 at PC=441dc0 SP=7fff33eb98c0.  Backtrace:
/tmp/intel_2023.1.0-oneAPI_mpi_O_develop/nuopc-app-prototypes/NestingMultipleProto/./mainApp[0x441de9]
/tmp/intel_2023.1.0-oneAPI_mpi_O_develop/nuopc-app-prototypes/NestingMultipleProto/./mainApp[0x442dc0]
/tmp/intel_2023.1.0-oneAPI_mpi_O_develop/nuopc-app-prototypes/NestingMultipleProto/./mainApp[0x441f65]
/tmp/intel_2023.1.0-oneAPI_mpi_O_develop/nuopc-app-prototypes/NestingMultipleProto/./mainApp[0x441dc0]
/tmp/intel_2023.1.0-oneAPI_mpi_O_develop/nuopc-app-prototypes/NestingMultipleProto/./mainApp[0x442dc0]
/tmp/intel_2023.1.0-oneAPI_mpi_O_develop/nuopc-app-prototypes/NestingMultipleProto/./mainApp[0x441f65]

mainApp:23166 terminated with signal 11 at PC=441e13 SP=7ffd755dc5f0.  Backtrace:
/tmp/intel_2023.1.0-oneAPI_mpi_O_develop/nuopc-app-prototypes/NestingMultipleProto/./mainApp[0x441e13]
/tmp/intel_2023.1.0-oneAPI_mpi_O_develop/nuopc-app-prototypes/NestingMultipleProto/./mainApp[0x442dc0]
/tmp/intel_2023.1.0-oneAPI_mpi_O_develop/nuopc-app-prototypes/NestingMultipleProto/./mainApp[0x441f65]
/tmp/intel_2023.1.0-oneAPI_mpi_O_develop/esmf/DEFAULTINSTALLDIR/lib/libO/Unicos.intel.64.mpi.default/libesmf.so(f_esmf_compcollectgarbage2_+0x2f1)[0x7f78cf6a1af1]
/tmp/intel_2023.1.0-oneAPI_mpi_O_develop/esmf/DEFAULTINSTALLDIR/lib/libO/Unicos.intel.64.mpi.default/libesmf.so(f_esmf_compcollectgarbage2_+0x2f1)[0x7fb8ef917af1]
/tmp/intel_2023.1.0-oneAPI_mpi_O_develop/esmf/DEFAULTINSTALLDIR/lib/libO/Unicos.intel.64.mpi.default/libesmf.so(f_esmf_compcollectgarbage2_+0x2f1)[0x7f54507cfaf1]
/tmp/intel_2023.1.0-oneAPI_mpi_O_develop/esmf/DEFAULTINSTALLDIR/lib/libO/Unicos.intel.64.mpi.default/libesmf.so(_ZN5ESMCI2VM8finalizeEP12ESMC_LogicalPi+0x34f)[0x7f78cf4fa7ef]
/tmp/intel_2023.1.0-oneAPI_mpi_O_develop/esmf/DEFAULTINSTALLDIR/lib/libO/Unicos.intel.64.mpi.default/libesmf.so(_ZN5ESMCI2VM8finalizeEP12ESMC_LogicalPi+0x34f)[0x7fb8ef7707ef]
/tmp/intel_2023.1.0-oneAPI_mpi_O_develop/esmf/DEFAULTINSTALLDIR/lib/libO/Unicos.intel.64.mpi.default/libesmf.so(_ZN5ESMCI2VM8finalizeEP12ESMC_LogicalPi+0x34f)[0x7f54506287ef]
/tmp/intel_2023.1.0-oneAPI_mpi_O_develop/esmf/DEFAULTINSTALLDIR/lib/libO/Unicos.intel.64.mpi.default/libesmf.so(c_esmc_vmfinalize_+0x25)[0x7f78cf4d8465]
/tmp/intel_2023.1.0-oneAPI_mpi_O_develop/esmf/DEFAULTINSTALLDIR/lib/libO/Unicos.intel.64.mpi.default/libesmf.so(c_esmc_vmfinalize_+0x25)[0x7fb8ef74e465]
/tmp/intel_2023.1.0-oneAPI_mpi_O_develop/esmf/DEFAULTINSTALLDIR/lib/libO/Unicos.intel.64.mpi.default/libesmf.so(c_esmc_vmfinalize_+0x25)[0x7f5450606465]
/tmp/intel_2023.1.0-oneAPI_mpi_O_develop/esmf/DEFAULTINSTALLDIR/lib/libO/Unicos.intel.64.mpi.default/libesmf.so(esmf_vmmod_mp_esmf_vmfinalize_+0x1c)[0x7f78cfbf81cc]
/tmp/intel_2023.1.0-oneAPI_mpi_O_develop/esmf/DEFAULTINSTALLDIR/lib/libO/Unicos.intel.64.mpi.default/libesmf.so(esmf_vmmod_mp_esmf_vmfinalize_+0x1c)[0x7fb8efe6e1cc]
/tmp/intel_2023.1.0-oneAPI_mpi_O_develop/esmf/DEFAULTINSTALLDIR/lib/libO/Unicos.intel.64.mpi.default/libesmf.so(esmf_vmmod_mp_esmf_vmfinalize_+0x1c)[0x7f5450d261cc]
/tmp/intel_2023.1.0-oneAPI_mpi_O_develop/esmf/DEFAULTINSTALLDIR/lib/libO/Unicos.intel.64.mpi.default/libesmf.so(esmf_initmod_mp_esmf_finalize_+0x66b)[0x7f78cfa0041b]
/tmp/intel_2023.1.0-oneAPI_mpi_O_develop/nuopc-app-prototypes/NestingMultipleProto/./mainApp[0x4171d3]
/tmp/intel_2023.1.0-oneAPI_mpi_O_develop/nuopc-app-prototypes/NestingMultipleProto/./mainApp[0x416b3d]
/lib64/libc.so.6(__libc_start_main+0xef)[0x7f78ca83e24d]
/tmp/intel_2023.1.0-oneAPI_mpi_O_develop/nuopc-app-prototypes/NestingMultipleProto/./mainApp[0x416a6a]
/tmp/intel_2023.1.0-oneAPI_mpi_O_develop/esmf/DEFAULTINSTALLDIR/lib/libO/Unicos.intel.64.mpi.default/libesmf.so(esmf_initmod_mp_esmf_finalize_+0x66b)[0x7fb8efc7641b]
/tmp/intel_2023.1.0-oneAPI_mpi_O_develop/nuopc-app-prototypes/NestingMultipleProto/./mainApp[0x4171d3]
/tmp/intel_2023.1.0-oneAPI_mpi_O_develop/nuopc-app-prototypes/NestingMultipleProto/./mainApp[0x416b3d]
/lib64/libc.so.6(__libc_start_main+0xef)[0x7fb8eaa3e24d]
/tmp/intel_2023.1.0-oneAPI_mpi_O_develop/nuopc-app-prototypes/NestingMultipleProto/./mainApp[0x416a6a]
/tmp/intel_2023.1.0-oneAPI_mpi_O_develop/esmf/DEFAULTINSTALLDIR/lib/libO/Unicos.intel.64.mpi.default/libesmf.so(esmf_initmod_mp_esmf_finalize_+0x66b)[0x7f5450b2e41b]
/tmp/intel_2023.1.0-oneAPI_mpi_O_develop/nuopc-app-prototypes/NestingMultipleProto/./mainApp[0x4171d3]
/tmp/intel_2023.1.0-oneAPI_mpi_O_develop/nuopc-app-prototypes/NestingMultipleProto/./mainApp[0x416b3d]
/lib64/libc.so.6(__libc_start_main+0xef)[0x7f544ba3e24d]
/tmp/intel_2023.1.0-oneAPI_mpi_O_develop/nuopc-app-prototypes/NestingMultipleProto/./mainApp[0x416a6a]
srun: error: c5n1333: tasks 1-3: Exited with exit code 1
srun: Terminating StepId=135197819.388
slurmstepd: error: *** STEP 135197819.388 ON c5n1333 CANCELLED AT 2024-10-12T04:13:26 ***
forrtl: error (78): process killed (SIGTERM)
Image              PC                Routine            Line        Source             
libpthread-2.31.s  00007F3468016910  Unknown               Unknown  Unknown
libc-2.31.so       00007F3464705B57  __sched_yield         Unknown  Unknown
libmpi_intel.so.1  00007F3466301ADE  Unknown               Unknown  Unknown
libmpi_intel.so.1  00007F346709DA16  Unknown               Unknown  Unknown
libmpi_intel.so.1  00007F34670B0169  Unknown               Unknown  Unknown
libmpi_intel.so.1  00007F3466FB858C  Unknown               Unknown  Unknown
libmpi_intel.so.1  00007F34655A3D11  Unknown               Unknown  Unknown
libmpi_intel.so.1  00007F34655A3EF5  Unknown               Unknown  Unknown
libmpi_intel.so.1  00007F346729D5F0  Unknown               Unknown  Unknown
libmpi_intel.so.1  00007F34670DD0FC  Unknown               Unknown  Unknown
libmpi_intel.so.1  00007F34670DB00C  Unknown               Unknown  Unknown
libmpi_intel.so.1  00007F3465867C01  Unknown               Unknown  Unknown
libmpi_intel.so.1  00007F34670DF380  Unknown               Unknown  Unknown
libmpi_intel.so.1  00007F346729E3D3  Unknown               Unknown  Unknown
libmpi_intel.so.1  00007F3465691200  Unknown               Unknown  Unknown
libmpi_intel.so.1  00007F346569173F  PMPI_Barrier          Unknown  Unknown
libdarshan.so.0.0  00007F34682095A7  darshan_core_shut     Unknown  Unknown
libdarshan.so.0.0  00007F346820823E  MPI_Finalize          Unknown  Unknown
libesmf.so         00007F34691CB7CF  _ZN5ESMCI3VMK8fin     Unknown  Unknown
libesmf.so         00007F34691E88E2  _ZN5ESMCI2VM8fina     Unknown  Unknown
libesmf.so         00007F34691C6465  c_esmc_vmfinalize     Unknown  Unknown
libesmf.so         00007F34698E61CC  esmf_vmmod_mp_esm     Unknown  Unknown
libesmf.so         00007F34696EE41B  esmf_initmod_mp_e     Unknown  Unknown
mainApp            00000000004171D3  Unknown               Unknown  Unknown
mainApp            0000000000416B3D  Unknown               Unknown  Unknown
libc-2.31.so       00007F346463E24D  __libc_start_main     Unknown  Unknown
mainApp            0000000000416A6A  Unknown               Unknown  Unknown
srun: error: c5n1333: task 0: Killed
srun: Force Terminated StepId=135197819.388
