2024-10-12 03:46:43

mainApp:24218 terminated with signal 11 at PC=43d653 SP=7ffc830543a0.  Backtrace:
/tmp/intel_2023.1.0-oneAPI_mpi_O_develop/nuopc-app-prototypes/SingleModelOpenMPUnawareProto/./mainApp[0x43d653]
/tmp/intel_2023.1.0-oneAPI_mpi_O_develop/nuopc-app-prototypes/SingleModelOpenMPUnawareProto/./mainApp[0x43e620]
/tmp/intel_2023.1.0-oneAPI_mpi_O_develop/nuopc-app-prototypes/SingleModelOpenMPUnawareProto/./mainApp[0x43d7c5]

mainApp:24220 terminated with signal 11 at PC=43d673 SP=7fff4bc060a0.  Backtrace:
/tmp/intel_2023.1.0-oneAPI_mpi_O_develop/nuopc-app-prototypes/SingleModelOpenMPUnawareProto/./mainApp[0x43d673]
/tmp/intel_2023.1.0-oneAPI_mpi_O_develop/nuopc-app-prototypes/SingleModelOpenMPUnawareProto/./mainApp[0x43e620]
/tmp/intel_2023.1.0-oneAPI_mpi_O_develop/nuopc-app-prototypes/SingleModelOpenMPUnawareProto/./mainApp[0x43d7c5]

mainApp:24219 terminated with signal 11 at PC=43d680 SP=7fff71a06950.  Backtrace:
/tmp/intel_2023.1.0-oneAPI_mpi_O_develop/esmf/DEFAULTINSTALLDIR/lib/libO/Unicos.intel.64.mpi.default/libesmf.so(f_esmf_compcollectgarbage2_+0x2f1)[0x7fdef1cd5af1]
/tmp/intel_2023.1.0-oneAPI_mpi_O_develop/nuopc-app-prototypes/SingleModelOpenMPUnawareProto/./mainApp[0x43d680]
/tmp/intel_2023.1.0-oneAPI_mpi_O_develop/nuopc-app-prototypes/SingleModelOpenMPUnawareProto/./mainApp[0x43e620]
/tmp/intel_2023.1.0-oneAPI_mpi_O_develop/nuopc-app-prototypes/SingleModelOpenMPUnawareProto/./mainApp[0x43d7c5]
/tmp/intel_2023.1.0-oneAPI_mpi_O_develop/esmf/DEFAULTINSTALLDIR/lib/libO/Unicos.intel.64.mpi.default/libesmf.so(_ZN5ESMCI2VM8finalizeEP12ESMC_LogicalPi+0x34f)[0x7fdef1b2e7ef]
/tmp/intel_2023.1.0-oneAPI_mpi_O_develop/esmf/DEFAULTINSTALLDIR/lib/libO/Unicos.intel.64.mpi.default/libesmf.so(f_esmf_compcollectgarbage2_+0x2f1)[0x7f94db509af1]
/tmp/intel_2023.1.0-oneAPI_mpi_O_develop/esmf/DEFAULTINSTALLDIR/lib/libO/Unicos.intel.64.mpi.default/libesmf.so(c_esmc_vmfinalize_+0x25)[0x7fdef1b0c465]
/tmp/intel_2023.1.0-oneAPI_mpi_O_develop/esmf/DEFAULTINSTALLDIR/lib/libO/Unicos.intel.64.mpi.default/libesmf.so(f_esmf_compcollectgarbage2_+0x2f1)[0x7f0a32f34af1]
/tmp/intel_2023.1.0-oneAPI_mpi_O_develop/esmf/DEFAULTINSTALLDIR/lib/libO/Unicos.intel.64.mpi.default/libesmf.so(_ZN5ESMCI2VM8finalizeEP12ESMC_LogicalPi+0x34f)[0x7f94db3627ef]
/tmp/intel_2023.1.0-oneAPI_mpi_O_develop/esmf/DEFAULTINSTALLDIR/lib/libO/Unicos.intel.64.mpi.default/libesmf.so(esmf_vmmod_mp_esmf_vmfinalize_+0x1c)[0x7fdef222c1cc]
/tmp/intel_2023.1.0-oneAPI_mpi_O_develop/esmf/DEFAULTINSTALLDIR/lib/libO/Unicos.intel.64.mpi.default/libesmf.so(_ZN5ESMCI2VM8finalizeEP12ESMC_LogicalPi+0x34f)[0x7f0a32d8d7ef]
/tmp/intel_2023.1.0-oneAPI_mpi_O_develop/esmf/DEFAULTINSTALLDIR/lib/libO/Unicos.intel.64.mpi.default/libesmf.so(c_esmc_vmfinalize_+0x25)[0x7f94db340465]
/tmp/intel_2023.1.0-oneAPI_mpi_O_develop/esmf/DEFAULTINSTALLDIR/lib/libO/Unicos.intel.64.mpi.default/libesmf.so(esmf_initmod_mp_esmf_finalize_+0x66b)[0x7fdef203441b]
/tmp/intel_2023.1.0-oneAPI_mpi_O_develop/nuopc-app-prototypes/SingleModelOpenMPUnawareProto/./mainApp[0x416ce4]
/tmp/intel_2023.1.0-oneAPI_mpi_O_develop/nuopc-app-prototypes/SingleModelOpenMPUnawareProto/./mainApp[0x41663d]
/lib64/libc.so.6(__libc_start_main+0xef)[0x7fdeeca3e24d]
/tmp/intel_2023.1.0-oneAPI_mpi_O_develop/nuopc-app-prototypes/SingleModelOpenMPUnawareProto/./mainApp[0x41656a]
/tmp/intel_2023.1.0-oneAPI_mpi_O_develop/esmf/DEFAULTINSTALLDIR/lib/libO/Unicos.intel.64.mpi.default/libesmf.so(c_esmc_vmfinalize_+0x25)[0x7f0a32d6b465]
/tmp/intel_2023.1.0-oneAPI_mpi_O_develop/esmf/DEFAULTINSTALLDIR/lib/libO/Unicos.intel.64.mpi.default/libesmf.so(esmf_vmmod_mp_esmf_vmfinalize_+0x1c)[0x7f94dba601cc]
/tmp/intel_2023.1.0-oneAPI_mpi_O_develop/esmf/DEFAULTINSTALLDIR/lib/libO/Unicos.intel.64.mpi.default/libesmf.so(esmf_vmmod_mp_esmf_vmfinalize_+0x1c)[0x7f0a3348b1cc]
/tmp/intel_2023.1.0-oneAPI_mpi_O_develop/esmf/DEFAULTINSTALLDIR/lib/libO/Unicos.intel.64.mpi.default/libesmf.so(esmf_initmod_mp_esmf_finalize_+0x66b)[0x7f94db86841b]
/tmp/intel_2023.1.0-oneAPI_mpi_O_develop/nuopc-app-prototypes/SingleModelOpenMPUnawareProto/./mainApp[0x416ce4]
/tmp/intel_2023.1.0-oneAPI_mpi_O_develop/nuopc-app-prototypes/SingleModelOpenMPUnawareProto/./mainApp[0x41663d]
/lib64/libc.so.6(__libc_start_main+0xef)[0x7f94d623e24d]
/tmp/intel_2023.1.0-oneAPI_mpi_O_develop/nuopc-app-prototypes/SingleModelOpenMPUnawareProto/./mainApp[0x41656a]
/tmp/intel_2023.1.0-oneAPI_mpi_O_develop/esmf/DEFAULTINSTALLDIR/lib/libO/Unicos.intel.64.mpi.default/libesmf.so(esmf_initmod_mp_esmf_finalize_+0x66b)[0x7f0a3329341b]
/tmp/intel_2023.1.0-oneAPI_mpi_O_develop/nuopc-app-prototypes/SingleModelOpenMPUnawareProto/./mainApp[0x416ce4]
/tmp/intel_2023.1.0-oneAPI_mpi_O_develop/nuopc-app-prototypes/SingleModelOpenMPUnawareProto/./mainApp[0x41663d]
/lib64/libc.so.6(__libc_start_main+0xef)[0x7f0a2dc3e24d]
/tmp/intel_2023.1.0-oneAPI_mpi_O_develop/nuopc-app-prototypes/SingleModelOpenMPUnawareProto/./mainApp[0x41656a]
srun: error: c5n1333: tasks 1-3: Exited with exit code 1
srun: Terminating StepId=135197819.393
slurmstepd: error: *** STEP 135197819.393 ON c5n1333 CANCELLED AT 2024-10-12T04:16:10 ***
forrtl: error (78): process killed (SIGTERM)
Image              PC                Routine            Line        Source             
libpthread-2.31.s  00007EFD35018910  Unknown               Unknown  Unknown
libc-2.31.so       00007EFD31305B57  __sched_yield         Unknown  Unknown
libmpi_intel.so.1  00007EFD32F01ADE  Unknown               Unknown  Unknown
libmpi_intel.so.1  00007EFD33C9DA16  Unknown               Unknown  Unknown
libmpi_intel.so.1  00007EFD33CB0169  Unknown               Unknown  Unknown
libmpi_intel.so.1  00007EFD33BB858C  Unknown               Unknown  Unknown
libmpi_intel.so.1  00007EFD321A3D11  Unknown               Unknown  Unknown
libmpi_intel.so.1  00007EFD321A3EF5  Unknown               Unknown  Unknown
libmpi_intel.so.1  00007EFD33E9D5F0  Unknown               Unknown  Unknown
libmpi_intel.so.1  00007EFD33CDD0FC  Unknown               Unknown  Unknown
libmpi_intel.so.1  00007EFD33CDB00C  Unknown               Unknown  Unknown
libmpi_intel.so.1  00007EFD32467C01  Unknown               Unknown  Unknown
libmpi_intel.so.1  00007EFD33CDF380  Unknown               Unknown  Unknown
libmpi_intel.so.1  00007EFD33E9E3D3  Unknown               Unknown  Unknown
libmpi_intel.so.1  00007EFD32291200  Unknown               Unknown  Unknown
libmpi_intel.so.1  00007EFD3229173F  PMPI_Barrier          Unknown  Unknown
libdarshan.so.0.0  00007EFD352095A7  darshan_core_shut     Unknown  Unknown
libdarshan.so.0.0  00007EFD3520823E  MPI_Finalize          Unknown  Unknown
libesmf.so         00007EFD3632B7CF  _ZN5ESMCI3VMK8fin     Unknown  Unknown
libesmf.so         00007EFD363488E2  _ZN5ESMCI2VM8fina     Unknown  Unknown
libesmf.so         00007EFD36326465  c_esmc_vmfinalize     Unknown  Unknown
libesmf.so         00007EFD36A461CC  esmf_vmmod_mp_esm     Unknown  Unknown
libesmf.so         00007EFD3684E41B  esmf_initmod_mp_e     Unknown  Unknown
mainApp            0000000000416CE4  Unknown               Unknown  Unknown
mainApp            000000000041663D  Unknown               Unknown  Unknown
libc-2.31.so       00007EFD3123E24D  __libc_start_main     Unknown  Unknown
mainApp            000000000041656A  Unknown               Unknown  Unknown
srun: error: c5n1333: task 0: Killed
srun: Force Terminated StepId=135197819.393
