2024-10-10 05:42:09
slurmstepd: error: couldn't chdir to `/tmp/intel_2023.1.0-oneAPI_mpi_O_develop/nuopc-app-prototypes/SingleModelOpenMPProto': No such file or directory: going to /tmp instead
forrtl: severe (174): SIGSEGV, segmentation fault occurred
Image              PC                Routine            Line        Source             
libpthread-2.31.s  00001472551F2910  Unknown               Unknown  Unknown
mainApp            000000000043F553  Unknown               Unknown  Unknown
mainApp            0000000000440520  Unknown               Unknown  Unknown
mainApp            000000000043F6C5  Unknown               Unknown  Unknown
libesmf.so         000014725A449A61  f_esmf_compcollec     Unknown  Unknown
libesmf.so         000014725A2A275F  _ZN5ESMCI2VM8fina     Unknown  Unknown
libesmf.so         000014725A2803D5  c_esmc_vmfinalize     Unknown  Unknown
libesmf.so         000014725A9A014C  esmf_vmmod_mp_esm     Unknown  Unknown
libesmf.so         000014725A7A839B  esmf_initmod_mp_e     Unknown  Unknown
mainApp            00000000004178A4  Unknown               Unknown  Unknown
mainApp            00000000004171FD  Unknown               Unknown  Unknown
libc-2.31.so       000014725501A24D  __libc_start_main     Unknown  Unknown
mainApp            000000000041712A  Unknown               Unknown  Unknown
forrtl: severe (174): SIGSEGV, segmentation fault occurred
Image              PC                Routine            Line        Source             
libpthread-2.31.s  0000150165DF2910  Unknown               Unknown  Unknown
mainApp            000000000043F549  Unknown               Unknown  Unknown
mainApp            0000000000440520  Unknown               Unknown  Unknown
mainApp            000000000043F6C5  Unknown               Unknown  Unknown
libesmf.so         000015016B056A61  f_esmf_compcollec     Unknown  Unknown
libesmf.so         000015016AEAF75F  _ZN5ESMCI2VM8fina     Unknown  Unknown
libesmf.so         000015016AE8D3D5  c_esmc_vmfinalize     Unknown  Unknown
libesmf.so         000015016B5AD14C  esmf_vmmod_mp_esm     Unknown  Unknown
libesmf.so         000015016B3B539B  esmf_initmod_mp_e     Unknown  Unknown
mainApp            00000000004178A4  Unknown               Unknown  Unknown
mainApp            00000000004171FD  Unknown               Unknown  Unknown
libc-2.31.so       0000150165C1A24D  __libc_start_main     Unknown  Unknown
mainApp            000000000041712A  Unknown               Unknown  Unknown
forrtl: severe (174): SIGSEGV, segmentation fault occurred
Image              PC                Routine            Line        Source             
libpthread-2.31.s  0000152BCCDF2910  Unknown               Unknown  Unknown
mainApp            000000000043F520  Unknown               Unknown  Unknown
mainApp            0000000000440520  Unknown               Unknown  Unknown
mainApp            000000000043F6C5  Unknown               Unknown  Unknown
libesmf.so         0000152BD20FCA61  f_esmf_compcollec     Unknown  Unknown
libesmf.so         0000152BD1F5575F  _ZN5ESMCI2VM8fina     Unknown  Unknown
libesmf.so         0000152BD1F333D5  c_esmc_vmfinalize     Unknown  Unknown
libesmf.so         0000152BD265314C  esmf_vmmod_mp_esm     Unknown  Unknown
libesmf.so         0000152BD245B39B  esmf_initmod_mp_e     Unknown  Unknown
mainApp            00000000004178A4  Unknown               Unknown  Unknown
mainApp            00000000004171FD  Unknown               Unknown  Unknown
libc-2.31.so       0000152BCCC1A24D  __libc_start_main     Unknown  Unknown
mainApp            000000000041712A  Unknown               Unknown  Unknown
srun: error: nid005936: tasks 1-3: Exited with exit code 174
srun: Terminating StepId=31686992.392
slurmstepd: error: *** STEP 31686992.392 ON nid005936 CANCELLED AT 2024-10-10T13:17:54 ***
forrtl: error (78): process killed (SIGTERM)
Image              PC                Routine            Line        Source             
libpthread-2.31.s  0000150BE03F2910  Unknown               Unknown  Unknown
libc-2.31.so       0000150BE02E1AF7  __sched_yield         Unknown  Unknown
libmpi_intel.so.1  0000150BE2701ADE  Unknown               Unknown  Unknown
libmpi_intel.so.1  0000150BE349DA16  Unknown               Unknown  Unknown
libmpi_intel.so.1  0000150BE34B0169  Unknown               Unknown  Unknown
libmpi_intel.so.1  0000150BE33BFC82  Unknown               Unknown  Unknown
libmpi_intel.so.1  0000150BE1A91011  Unknown               Unknown  Unknown
libmpi_intel.so.1  0000150BE1A91138  Unknown               Unknown  Unknown
libmpi_intel.so.1  0000150BE369E4CB  Unknown               Unknown  Unknown
libmpi_intel.so.1  0000150BE1A91200  Unknown               Unknown  Unknown
libmpi_intel.so.1  0000150BE36949D2  Unknown               Unknown  Unknown
libmpi_intel.so.1  0000150BE34E0E15  Unknown               Unknown  Unknown
libmpi_intel.so.1  0000150BE3827EDF  Unknown               Unknown  Unknown
libmpi_intel.so.1  0000150BE1F335BC  MPI_Finalize          Unknown  Unknown
libesmf.so         0000150BE55DA73F  _ZN5ESMCI3VMK8fin     Unknown  Unknown
libesmf.so         0000150BE55F7852  _ZN5ESMCI2VM8fina     Unknown  Unknown
libesmf.so         0000150BE55D53D5  c_esmc_vmfinalize     Unknown  Unknown
libesmf.so         0000150BE5CF514C  esmf_vmmod_mp_esm     Unknown  Unknown
libesmf.so         0000150BE5AFD39B  esmf_initmod_mp_e     Unknown  Unknown
mainApp            00000000004178A4  Unknown               Unknown  Unknown
mainApp            00000000004171FD  Unknown               Unknown  Unknown
libc-2.31.so       0000150BE021A24D  __libc_start_main     Unknown  Unknown
mainApp            000000000041712A  Unknown               Unknown  Unknown
srun: error: nid005936: task 0: Exited with exit code 1
