2024-10-10 05:42:09
slurmstepd: error: couldn't chdir to `/tmp/intel_2023.1.0-oneAPI_mpi_O_develop/nuopc-app-prototypes/SingleModelProto': No such file or directory: going to /tmp instead
forrtl: severe (174): SIGSEGV, segmentation fault occurred
Image              PC                Routine            Line        Source             
libpthread-2.31.s  00001466FA1F2910  Unknown               Unknown  Unknown
mainApp            000000000043DFD3  Unknown               Unknown  Unknown
mainApp            000000000043EF80  Unknown               Unknown  Unknown
mainApp            000000000043E125  Unknown               Unknown  Unknown
libesmf.so         00001466FF0C7A61  f_esmf_compcollec     Unknown  Unknown
libesmf.so         00001466FEF2075F  _ZN5ESMCI2VM8fina     Unknown  Unknown
libesmf.so         00001466FEEFE3D5  c_esmc_vmfinalize     Unknown  Unknown
libesmf.so         00001466FF61E14C  esmf_vmmod_mp_esm     Unknown  Unknown
libesmf.so         00001466FF42639B  esmf_initmod_mp_e     Unknown  Unknown
mainApp            0000000000416F5B  Unknown               Unknown  Unknown
mainApp            000000000041693D  Unknown               Unknown  Unknown
libc-2.31.so       00001466FA01A24D  __libc_start_main     Unknown  Unknown
mainApp            000000000041686A  Unknown               Unknown  Unknown
forrtl: severe (174): SIGSEGV, segmentation fault occurred
Image              PC                Routine            Line        Source             
libpthread-2.31.s  0000153C7A3F2910  Unknown               Unknown  Unknown
mainApp            000000000043DFB3  Unknown               Unknown  Unknown
mainApp            000000000043EF80  Unknown               Unknown  Unknown
mainApp            000000000043E125  Unknown               Unknown  Unknown
libesmf.so         0000153C7F480A61  f_esmf_compcollec     Unknown  Unknown
libesmf.so         0000153C7F2D975F  _ZN5ESMCI2VM8fina     Unknown  Unknown
libesmf.so         0000153C7F2B73D5  c_esmc_vmfinalize     Unknown  Unknown
libesmf.so         0000153C7F9D714C  esmf_vmmod_mp_esm     Unknown  Unknown
libesmf.so         0000153C7F7DF39B  esmf_initmod_mp_e     Unknown  Unknown
mainApp            0000000000416F5B  Unknown               Unknown  Unknown
mainApp            000000000041693D  Unknown               Unknown  Unknown
libc-2.31.so       0000153C7A21A24D  __libc_start_main     Unknown  Unknown
mainApp            000000000041686A  Unknown               Unknown  Unknown
forrtl: severe (174): SIGSEGV, segmentation fault occurred
Image              PC                Routine            Line        Source             
libpthread-2.31.s  000014E6785F2910  Unknown               Unknown  Unknown
mainApp            000000000043DFE0  Unknown               Unknown  Unknown
mainApp            000000000043EF80  Unknown               Unknown  Unknown
mainApp            000000000043E125  Unknown               Unknown  Unknown
libesmf.so         000014E67D6BFA61  f_esmf_compcollec     Unknown  Unknown
libesmf.so         000014E67D51875F  _ZN5ESMCI2VM8fina     Unknown  Unknown
libesmf.so         000014E67D4F63D5  c_esmc_vmfinalize     Unknown  Unknown
libesmf.so         000014E67DC1614C  esmf_vmmod_mp_esm     Unknown  Unknown
libesmf.so         000014E67DA1E39B  esmf_initmod_mp_e     Unknown  Unknown
mainApp            0000000000416F5B  Unknown               Unknown  Unknown
mainApp            000000000041693D  Unknown               Unknown  Unknown
libc-2.31.so       000014E67841A24D  __libc_start_main     Unknown  Unknown
mainApp            000000000041686A  Unknown               Unknown  Unknown
srun: error: nid005936: tasks 1-3: Exited with exit code 174
srun: Terminating StepId=31686992.391
slurmstepd: error: *** STEP 31686992.391 ON nid005936 CANCELLED AT 2024-10-10T13:17:52 ***
forrtl: error (78): process killed (SIGTERM)
Image              PC                Routine            Line        Source             
libpthread-2.31.s  000015368C1F2910  Unknown               Unknown  Unknown
libc-2.31.so       000015368C0E1AF7  __sched_yield         Unknown  Unknown
libmpi_intel.so.1  000015368E501ADE  Unknown               Unknown  Unknown
libmpi_intel.so.1  000015368F29DA16  Unknown               Unknown  Unknown
libmpi_intel.so.1  000015368F2B0169  Unknown               Unknown  Unknown
libmpi_intel.so.1  000015368F1BFC82  Unknown               Unknown  Unknown
libmpi_intel.so.1  000015368D891011  Unknown               Unknown  Unknown
libmpi_intel.so.1  000015368D891138  Unknown               Unknown  Unknown
libmpi_intel.so.1  000015368F49E4CB  Unknown               Unknown  Unknown
libmpi_intel.so.1  000015368D891200  Unknown               Unknown  Unknown
libmpi_intel.so.1  000015368F4949D2  Unknown               Unknown  Unknown
libmpi_intel.so.1  000015368F2E0E15  Unknown               Unknown  Unknown
libmpi_intel.so.1  000015368F627EDF  Unknown               Unknown  Unknown
libmpi_intel.so.1  000015368DD335BC  MPI_Finalize          Unknown  Unknown
libesmf.so         0000153690F6B73F  _ZN5ESMCI3VMK8fin     Unknown  Unknown
libesmf.so         0000153690F88852  _ZN5ESMCI2VM8fina     Unknown  Unknown
libesmf.so         0000153690F663D5  c_esmc_vmfinalize     Unknown  Unknown
libesmf.so         000015369168614C  esmf_vmmod_mp_esm     Unknown  Unknown
libesmf.so         000015369148E39B  esmf_initmod_mp_e     Unknown  Unknown
mainApp            0000000000416F5B  Unknown               Unknown  Unknown
mainApp            000000000041693D  Unknown               Unknown  Unknown
libc-2.31.so       000015368C01A24D  __libc_start_main     Unknown  Unknown
mainApp            000000000041686A  Unknown               Unknown  Unknown
srun: error: nid005936: task 0: Exited with exit code 1
