2024-10-18 03:47:01
20241018 043249.655 INFO             PET0 !!!!!!!!!!!!!!!!!!!!!!!!!!!!!!!!!!!!!!!!!!!!!!!!!!!!!!
20241018 043249.655 INFO             PET0 !!! THE ESMF_LOG IS SET TO OUTPUT ALL LOG MESSAGES !!!
20241018 043249.655 INFO             PET0 !!!     THIS MAY CAUSE SLOWDOWN IN PERFORMANCE     !!!
20241018 043249.655 INFO             PET0 !!! FOR PRODUCTION RUNS, USE:                      !!!
20241018 043249.655 INFO             PET0 !!!                   ESMF_LOGKIND_Multi_On_Error  !!!
20241018 043249.655 INFO             PET0 !!!!!!!!!!!!!!!!!!!!!!!!!!!!!!!!!!!!!!!!!!!!!!!!!!!!!!
20241018 043249.655 INFO             PET0 Running with ESMF Version   : v8.8.0b01-7-gc92d921964
20241018 043249.655 INFO             PET0 ESMF library build date/time: "Oct 18 2024" "03:43:46"
20241018 043249.655 INFO             PET0 ESMF library build location : /glade/derecho/scratch/sacks/esmf-testing/intel_2023.2.1-classic_mpiuni_g_develop/esmf
20241018 043249.655 INFO             PET0 ESMF_COMM                   : mpiuni
20241018 043249.657 INFO             PET0 ESMF_MOAB                   : enabled
20241018 043249.657 INFO             PET0 ESMF_LAPACK                 : enabled
20241018 043249.657 INFO             PET0 ESMF_NETCDF                 : enabled
20241018 043249.657 INFO             PET0 ESMF_PNETCDF                : disabled
20241018 043249.657 INFO             PET0 ESMF_PIO                    : enabled
20241018 043249.657 INFO             PET0 ESMF_YAMLCPP                : enabled
20241018 043250.086 INFO             PET0  NUMBER_OF_PROCESSORS           1
20241018 043250.136 INFO             PET0  PASS  Example ESMF_GridUsageEx, ESMF_GridUsageEx.F90, line 3470
20241018 043250.136 INFO             PET0  Finalizing ESMF
