2025-05-10 00:43:19
--- ESMCI::ArrayBundle::print start ---
ArrayBundle: MyArrayBundle
arrayCount = 3
--- ESMCI::ArrayBundle::print start ---
ArrayBundle: MyArrayBundle
arrayCount = 3
--- ESMCI::ArrayBundle::print start ---
ArrayBundle: MyArrayBundle
arrayCount = 3
--- ESMCI::ArrayBundle::print start ---
ArrayBundle: MyArrayBundle
arrayCount = 3
Container::print() multipmap:item=0 key=AonFly value=0x18563d0
Container::print() multipmap:item=1 key=Array002 value=0x1853a50
Container::print() multipmap:item=2 key=Array003 value=0x1854230
Container::print() multipmap:item=0 key=AonFly value=0x1af1970
Container::print() multipmap:item=1 key=Array002 value=0x1aedf00
Container::print() multipmap:item=2 key=Array003 value=0x1aee6e0
Container::print() multipmap:item=0 key=AonFly value=0x1b3e130
Container::print() multipmap:item=1 key=Array002 value=0x1b3ab40
Container::print() multipmap:item=2 key=Array003 value=0x1b3b280
Container::print()      list:item=0 key=Array002 value=0x1b3ab40
Container::print()      list:item=1 key=Array003 value=0x1b3b280
Container::print()      list:item=2 key=AonFly value=0x1b3e130
--- ESMCI::ArrayBundle::print end ---
Container::print() multipmap:item=0 key=AonFly value=0x2175800
Container::print() multipmap:item=1 key=Array002 value=0x21729f0
Container::print() multipmap:item=2 key=Array003 value=0x2173a80
Container::print()      list:item=0 key=Array002 value=0x21729f0
Container::print()      list:item=1 key=Array003 value=0x2173a80
Container::print()      list:item=2 key=AonFly value=0x2175800
--- ESMCI::ArrayBundle::print end ---
--- ESMCI::Array::print start ---
Container::print()      list:item=0 key=Array002 value=0x1aedf00
Container::print()      list:item=1 key=Array003 value=0x1aee6e0
Container::print()      list:item=2 key=AonFly value=0x1af1970
--- ESMCI::ArrayBundle::print end ---
--- ESMCI::Array::print start ---
 Base name    = AonFly
 Status: Base = Ready,  object = Ready
 Proxy        = no
 Root Info (Attributes):
Container::print()      list:item=0 key=Array002 value=0x1853a50
Container::print()      list:item=1 key=Array003 value=0x1854230
Container::print()      list:item=2 key=AonFly value=0x18563d0
--- ESMCI::ArrayBundle::print end ---
--- ESMCI::Array::print start ---
 Base name    = AonFly
 Status: Base = Ready,  object = Ready
 Proxy        = no
 Root Info (Attributes):
--- ESMCI::Array::print start ---
 Base name    = AonFly
 Status: Base = Ready,  object = Ready
 Proxy        = no
 Root Info (Attributes):
 Base name    = AonFly
 Status: Base = Ready,  object = Ready
 Proxy        = no
 Root Info (Attributes):
{}{}{}Array typekind/rank: Real*4 / 2 
~ lower class' values ~
DistGrid dimCount = 2
deCount = 6
localDeCount = 2
~ local data in LocalArray for DE 1 ~
Array typekind/rank: Real*4 / 2 
~ lower class' values ~
DistGrid dimCount = 2
deCount = 6
localDeCount = 2
~ local data in LocalArray for DE 0 ~
Array typekind/rank: Real*4 / 2 
~ lower class' values ~
DistGrid dimCount = 2
deCount = 6
localDeCount = 1
~ local data in LocalArray for DE 2 ~
LocalArrayPrint: Array at address 0x18560a0:
            rank = 2, typekind = 5, base_addr = 0x151f02503370
            dim[0] = 3  dim[1] = 2  
  Real, *4, Dim 2, Data values:
{}Array typekind/rank: Real*4 / 2 
~ lower class' values ~
DistGrid dimCount = 2
deCount = 6
localDeCount = 1
~ local data in LocalArray for DE 3 ~
LocalArrayPrint: Array at address 0x1af1310:
            rank = 2, typekind = 5, base_addr = 0x14ca01903470
            dim[0] = 2  dim[1] = 2  
  Real, *4, Dim 2, Data values:
( 1, 1) =  0
( 2, 1) =  0
( 1, 2) =  0
( 2, 2) =  0
~ local data in LocalArray for DE 5 ~
LocalArrayPrint: Array at address 0x1af1640:
            rank = 2, typekind = 5, base_addr = 0x14ca01903490
LocalArrayPrint: Array at address 0x1b3dad0:
            rank = 2, typekind = 5, base_addr = 0x150016d03420
            dim[0] = 3  dim[1] = 2  
  Real, *4, Dim 2, Data values:
( 1, 1) =  0
( 2, 1) =  0
( 3, 1) =  0
( 1, 2) =  0
( 2, 2) =  0
( 1, 1) =  0
( 2, 1) =  0
( 3, 1) =  0
( 1, 2) =  0
( 2, 2) =  0
( 3, 2) =  0
            dim[0] = 2  dim[1] = 1  
  Real, *4, Dim 2, Data values:
( 1, 1) =  0
( 2, 1) =  0
--- ESMCI::Array::print end ---
--- ESMCI::Array::print start ---
 Base name    = Array002
 Status: Base = Ready,  object = Ready
LocalArrayPrint: Array at address 0x21754d0:
            rank = 2, typekind = 5, base_addr = 0x148c387033f0
            dim[0] = 2  dim[1] = 2  
  Real, *4, Dim 2, Data values:
( 1, 1) =  0
( 2, 1) =  0
( 3, 2) =  0
~ local data in LocalArray for DE 4 ~
LocalArrayPrint: Array at address 0x1b3de00:
            rank = 2, typekind = 5, base_addr = 0x150016d03450
            dim[0] = 3  dim[1] = 1  
  Real, *4, Dim 2, Data values:
( 1, 1) =  0
( 2, 1) =  0
( 3, 1) =  0
--- ESMCI::Array::print end ---
--- ESMCI::Array::print start ---
 Base name    = Array002
 Status: Base = Ready,  object = Ready
 Proxy        = no
 Root Info (Attributes):
{}Array typekind/rank: Real*8 / 2 
~ lower class' values ~
DistGrid dimCount = 2
deCount = 6
localDeCount = 2
~ local data in LocalArray for DE 0 ~
LocalArrayPrint: Array at address 0x17d9c60:
            rank = 2, typekind = 6, base_addr = 0x150016d03300
            dim[0] = 3  dim[1] = 2  
  Real, *8, Dim 2, Data values:
( 1, 1) =  1.14081e-310
( 2, 1) =  6.01347e-154
( 3, 1) =  6.01347e-154
( 1, 2) =  6.10916e+223
( 2, 2) =  4.33046e-312
( 3, 2) =  0
~ local data in LocalArray for DE 4 ~
LocalArrayPrint: Array at address 0x17414a0:
            rank = 2, typekind = 6, base_addr = 0x150016d03340
            dim[0] = 3  dim[1] = 1  
  Real, *8, Dim 2, Data values:
( 1, 1) =  0
( 2, 1) =  0
( 3, 1) =  0
--- ESMCI::Array::print end ---
--- ESMCI::Array::print start ---
 Base name    = Array003
 Status: Base = Ready,  object = Ready
 Proxy        = no
 Root Info (Attributes):
{}Array typekind/rank: Real*8 / 2 
~ lower class' values ~
DistGrid dimCount = 2
deCount = 6
localDeCount = 2
~ local data in LocalArray for DE 0 ~
LocalArrayPrint: Array at address 0x175dd20:
            rank = 2, typekind = 6, base_addr = 0x150016d032c0
            dim[0] = 3  dim[1] = 2  
  Real, *8, Dim 2, Data values:
( 1, 1) =  1.14081e-310
( 2, 1) =  6.01347e-154
( 3, 1) =  6.01347e-154
( 1, 2) =  6.10916e+223
( 2, 2) =  4.33046e-312
( 3, 2) =  0
~ local data in LocalArray for DE 4 ~
LocalArrayPrint: Array at address 0x174ee10:
            rank = 2, typekind = 6, base_addr = 0x150016d03370
            dim[0] = 3  dim[1] = 1  
  Real, *8, Dim 2, Data values:
( 1, 1) =  0
( 2, 1) =  0
( 3, 1) =  0
--- ESMCI::Array::print end ---
( 1, 2) =  0
( 2, 2) =  0
--- ESMCI::Array::print end ---
--- ESMCI::Array::print start ---
 Base name    = Array002
 Status: Base = Ready,  object = Ready
 Proxy        = no
 Root Info (Attributes):
{}Array typekind/rank: Real*8 / 2 
~ lower class' values ~
DistGrid dimCount = 2
deCount = 6
localDeCount = 1
~ local data in LocalArray for DE 3 ~
LocalArrayPrint: Array at address 0x1e45c60:
            rank = 2, typekind = 6, base_addr = 0x148c38703340
            dim[0] = 2  dim[1] = 2  
  Real, *8, Dim 2, Data values:
( 1, 1) =  0
( 2, 1) =  0
( 1, 2) =  0
( 2, 2) =  0
--- ESMCI::Array::print end ---
--- ESMCI::Array::print start ---
 Base name    = Array003
 Status: Base = Ready,  object = Ready
 Proxy        = no
 Root Info (Attributes):
{}Array typekind/rank: Real*8 / 2 
~ lower class' values ~
DistGrid dimCount = 2
deCount = 6
localDeCount = 1
~ local data in LocalArray for DE 3 ~
LocalArrayPrint: Array at address 0x1dad4a0:
            rank = 2, typekind = 6, base_addr = 0x148c38703370
            dim[0] = 2  dim[1] = 2  
  Real, *8, Dim 2, Data values:
( 1, 1) =  0
( 2, 1) =  0
( 1, 2) =  0
( 2, 2) =  0
--- ESMCI::Array::print end ---
  PASS  Example ESMF_ArrayBundleEx, ESMF_ArrayBundleEx.F90, line 267
 Proxy        = no
 Root Info (Attributes):
{}Array typekind/rank: Real*8 / 2 
~ lower class' values ~
DistGrid dimCount = 2
deCount = 6
localDeCount = 2
~ local data in LocalArray for DE 1 ~
LocalArrayPrint: Array at address 0x179ec60:
            rank = 2, typekind = 6, base_addr = 0x14ca01903340
            dim[0] = 2  dim[1] = 2  
  Real, *8, Dim 2, Data values:
( 1, 1) =  0
( 2, 1) =  0
( 1, 2) =  0
( 2, 2) =  0
~ local data in LocalArray for DE 5 ~
LocalArrayPrint: Array at address 0x17064a0:
            rank = 2, typekind = 6, base_addr = 0x14ca01903370
            dim[0] = 2  dim[1] = 1  
  Real, *8, Dim 2, Data values:
( 1, 1) =  0
( 2, 1) =  0
--- ESMCI::Array::print end ---
--- ESMCI::Array::print start ---
 Base name    = Array003
 Status: Base = Ready,  object = Ready
 Proxy        = no
 Root Info (Attributes):
{}Array typekind/rank: Real*8 / 2 
~ lower class' values ~
DistGrid dimCount = 2
deCount = 6
localDeCount = 2
~ local data in LocalArray for DE 1 ~
LocalArrayPrint: Array at address 0x1722d20:
            rank = 2, typekind = 6, base_addr = 0x14ca01903390
            dim[0] = 2  dim[1] = 2  
  Real, *8, Dim 2, Data values:
( 1, 1) =  0
( 2, 1) =  0
( 1, 2) =  0
( 2, 2) =  0
~ local data in LocalArray for DE 5 ~
LocalArrayPrint: Array at address 0x1713e10:
            rank = 2, typekind = 6, base_addr = 0x14ca019033c0
            dim[0] = 2  dim[1] = 1  
  Real, *8, Dim 2, Data values:
( 1, 1) =  0
( 2, 1) =  0
--- ESMCI::Array::print end ---
  PASS  Example ESMF_ArrayBundleEx, ESMF_ArrayBundleEx.F90, line 267
--- ESMCI::Array::print end ---
--- ESMCI::Array::print start ---
 Base name    = Array002
 Status: Base = Ready,  object = Ready
 Proxy        = no
 Root Info (Attributes):
{}Array typekind/rank: Real*8 / 2 
~ lower class' values ~
DistGrid dimCount = 2
deCount = 6
localDeCount = 1
~ local data in LocalArray for DE 2 ~
LocalArrayPrint: Array at address 0x14f3c60:
            rank = 2, typekind = 6, base_addr = 0x151f02503300
            dim[0] = 3  dim[1] = 2  
  Real, *8, Dim 2, Data values:
( 1, 1) =  1.14737e-310
( 2, 1) =  6.01347e-154
( 3, 1) =  6.01347e-154
( 1, 2) =  6.10916e+223
( 2, 2) =  4.33046e-312
( 3, 2) =  0
--- ESMCI::Array::print end ---
--- ESMCI::Array::print start ---
 Base name    = Array003
 Status: Base = Ready,  object = Ready
 Proxy        = no
 Root Info (Attributes):
{}Array typekind/rank: Real*8 / 2 
~ lower class' values ~
DistGrid dimCount = 2
deCount = 6
localDeCount = 1
~ local data in LocalArray for DE 2 ~
LocalArrayPrint: Array at address 0x145b4a0:
            rank = 2, typekind = 6, base_addr = 0x151f025032c0
            dim[0] = 3  dim[1] = 2  
  Real, *8, Dim 2, Data values:
( 1, 1) =  1.14737e-310
( 2, 1) =  6.01347e-154
( 3, 1) =  6.01347e-154
( 1, 2) =  6.10916e+223
( 2, 2) =  4.33046e-312
( 3, 2) =  0
--- ESMCI::Array::print end ---
  PASS  Example ESMF_ArrayBundleEx, ESMF_ArrayBundleEx.F90, line 267
  PASS  Example ESMF_ArrayBundleEx, ESMF_ArrayBundleEx.F90, line 267
 PASS: ESMF_ArrayBundleEx.F90
 PASS: ESMF_ArrayBundleEx.F90
 PASS: ESMF_ArrayBundleEx.F90
 PASS: ESMF_ArrayBundleEx.F90
