2024-10-15 22:41:59
20241015 232543.715 INFO             PET0 !!!!!!!!!!!!!!!!!!!!!!!!!!!!!!!!!!!!!!!!!!!!!!!!!!!!!!
20241015 232543.715 INFO             PET0 !!! THE ESMF_LOG IS SET TO OUTPUT ALL LOG MESSAGES !!!
20241015 232543.715 INFO             PET0 !!!     THIS MAY CAUSE SLOWDOWN IN PERFORMANCE     !!!
20241015 232543.715 INFO             PET0 !!! FOR PRODUCTION RUNS, USE:                      !!!
20241015 232543.715 INFO             PET0 !!!                   ESMF_LOGKIND_Multi_On_Error  !!!
20241015 232543.715 INFO             PET0 !!!!!!!!!!!!!!!!!!!!!!!!!!!!!!!!!!!!!!!!!!!!!!!!!!!!!!
20241015 232543.715 INFO             PET0 Running with ESMF Version   : v8.8.0b01-2-g867c30314c
20241015 232543.715 INFO             PET0 ESMF library build date/time: "Oct 15 2024" "22:39:34"
20241015 232543.715 INFO             PET0 ESMF library build location : /discover/nobackup/projects/gmao/SIteam/ESMF_Testing/intel_2024.2.0_intelmpi_g_develop/esmf
20241015 232543.715 INFO             PET0 ESMF_COMM                   : intelmpi
20241015 232543.716 INFO             PET0 ESMF_MOAB                   : enabled
20241015 232543.716 INFO             PET0 ESMF_LAPACK                 : enabled
20241015 232543.716 INFO             PET0 ESMF_NETCDF                 : disabled
20241015 232543.716 INFO             PET0 ESMF_PNETCDF                : disabled
20241015 232543.716 INFO             PET0 ESMF_PIO                    : disabled
20241015 232543.716 INFO             PET0 ESMF_YAMLCPP                : enabled
20241015 232543.734 INFO             PET0 ESMF_FieldRedistStoreNF(): Just entered routine.
20241015 232544.146 INFO             PET0 ESMF_FieldRedistStoreNF(): Leaving routine.
20241015 232544.149 INFO             PET0  NUMBER_OF_PROCESSORS           4
20241015 232544.150 INFO             PET0  PASS  Example ESMF_RHandleFromRHandleEx, ESMF_RHandleFromRHandleEx.F90, line 660
20241015 232544.150 INFO             PET0  Finalizing ESMF
20241015 232543.716 INFO             PET1 !!!!!!!!!!!!!!!!!!!!!!!!!!!!!!!!!!!!!!!!!!!!!!!!!!!!!!
20241015 232543.716 INFO             PET1 !!! THE ESMF_LOG IS SET TO OUTPUT ALL LOG MESSAGES !!!
20241015 232543.716 INFO             PET1 !!!     THIS MAY CAUSE SLOWDOWN IN PERFORMANCE     !!!
20241015 232543.716 INFO             PET1 !!! FOR PRODUCTION RUNS, USE:                      !!!
20241015 232543.716 INFO             PET1 !!!                   ESMF_LOGKIND_Multi_On_Error  !!!
20241015 232543.716 INFO             PET1 !!!!!!!!!!!!!!!!!!!!!!!!!!!!!!!!!!!!!!!!!!!!!!!!!!!!!!
20241015 232543.716 INFO             PET1 Running with ESMF Version   : v8.8.0b01-2-g867c30314c
20241015 232543.716 INFO             PET1 ESMF library build date/time: "Oct 15 2024" "22:39:34"
20241015 232543.716 INFO             PET1 ESMF library build location : /discover/nobackup/projects/gmao/SIteam/ESMF_Testing/intel_2024.2.0_intelmpi_g_develop/esmf
20241015 232543.716 INFO             PET1 ESMF_COMM                   : intelmpi
20241015 232543.716 INFO             PET1 ESMF_MOAB                   : enabled
20241015 232543.716 INFO             PET1 ESMF_LAPACK                 : enabled
20241015 232543.716 INFO             PET1 ESMF_NETCDF                 : disabled
20241015 232543.716 INFO             PET1 ESMF_PNETCDF                : disabled
20241015 232543.716 INFO             PET1 ESMF_PIO                    : disabled
20241015 232543.716 INFO             PET1 ESMF_YAMLCPP                : enabled
20241015 232543.734 INFO             PET1 ESMF_FieldRedistStoreNF(): Just entered routine.
20241015 232544.146 INFO             PET1 ESMF_FieldRedistStoreNF(): Leaving routine.
20241015 232544.149 INFO             PET1  NUMBER_OF_PROCESSORS           4
20241015 232544.150 INFO             PET1  PASS  Example ESMF_RHandleFromRHandleEx, ESMF_RHandleFromRHandleEx.F90, line 660
20241015 232544.150 INFO             PET1  Finalizing ESMF
20241015 232543.715 INFO             PET2 !!!!!!!!!!!!!!!!!!!!!!!!!!!!!!!!!!!!!!!!!!!!!!!!!!!!!!
20241015 232543.715 INFO             PET2 !!! THE ESMF_LOG IS SET TO OUTPUT ALL LOG MESSAGES !!!
20241015 232543.715 INFO             PET2 !!!     THIS MAY CAUSE SLOWDOWN IN PERFORMANCE     !!!
20241015 232543.715 INFO             PET2 !!! FOR PRODUCTION RUNS, USE:                      !!!
20241015 232543.715 INFO             PET2 !!!                   ESMF_LOGKIND_Multi_On_Error  !!!
20241015 232543.715 INFO             PET2 !!!!!!!!!!!!!!!!!!!!!!!!!!!!!!!!!!!!!!!!!!!!!!!!!!!!!!
20241015 232543.715 INFO             PET2 Running with ESMF Version   : v8.8.0b01-2-g867c30314c
20241015 232543.716 INFO             PET2 ESMF library build date/time: "Oct 15 2024" "22:39:34"
20241015 232543.716 INFO             PET2 ESMF library build location : /discover/nobackup/projects/gmao/SIteam/ESMF_Testing/intel_2024.2.0_intelmpi_g_develop/esmf
20241015 232543.716 INFO             PET2 ESMF_COMM                   : intelmpi
20241015 232543.716 INFO             PET2 ESMF_MOAB                   : enabled
20241015 232543.716 INFO             PET2 ESMF_LAPACK                 : enabled
20241015 232543.716 INFO             PET2 ESMF_NETCDF                 : disabled
20241015 232543.716 INFO             PET2 ESMF_PNETCDF                : disabled
20241015 232543.716 INFO             PET2 ESMF_PIO                    : disabled
20241015 232543.716 INFO             PET2 ESMF_YAMLCPP                : enabled
20241015 232543.734 INFO             PET2 ESMF_FieldRedistStoreNF(): Just entered routine.
20241015 232544.147 INFO             PET2 ESMF_FieldRedistStoreNF(): Leaving routine.
20241015 232544.152 INFO             PET2  NUMBER_OF_PROCESSORS           4
20241015 232544.152 INFO             PET2  PASS  Example ESMF_RHandleFromRHandleEx, ESMF_RHandleFromRHandleEx.F90, line 660
20241015 232544.152 INFO             PET2  Finalizing ESMF
20241015 232543.716 INFO             PET3 !!!!!!!!!!!!!!!!!!!!!!!!!!!!!!!!!!!!!!!!!!!!!!!!!!!!!!
20241015 232543.716 INFO             PET3 !!! THE ESMF_LOG IS SET TO OUTPUT ALL LOG MESSAGES !!!
20241015 232543.716 INFO             PET3 !!!     THIS MAY CAUSE SLOWDOWN IN PERFORMANCE     !!!
20241015 232543.716 INFO             PET3 !!! FOR PRODUCTION RUNS, USE:                      !!!
20241015 232543.716 INFO             PET3 !!!                   ESMF_LOGKIND_Multi_On_Error  !!!
20241015 232543.716 INFO             PET3 !!!!!!!!!!!!!!!!!!!!!!!!!!!!!!!!!!!!!!!!!!!!!!!!!!!!!!
20241015 232543.716 INFO             PET3 Running with ESMF Version   : v8.8.0b01-2-g867c30314c
20241015 232543.716 INFO             PET3 ESMF library build date/time: "Oct 15 2024" "22:39:34"
20241015 232543.716 INFO             PET3 ESMF library build location : /discover/nobackup/projects/gmao/SIteam/ESMF_Testing/intel_2024.2.0_intelmpi_g_develop/esmf
20241015 232543.716 INFO             PET3 ESMF_COMM                   : intelmpi
20241015 232543.717 INFO             PET3 ESMF_MOAB                   : enabled
20241015 232543.717 INFO             PET3 ESMF_LAPACK                 : enabled
20241015 232543.717 INFO             PET3 ESMF_NETCDF                 : disabled
20241015 232543.717 INFO             PET3 ESMF_PNETCDF                : disabled
20241015 232543.717 INFO             PET3 ESMF_PIO                    : disabled
20241015 232543.717 INFO             PET3 ESMF_YAMLCPP                : enabled
20241015 232543.734 INFO             PET3 ESMF_FieldRedistStoreNF(): Just entered routine.
20241015 232544.146 INFO             PET3 ESMF_FieldRedistStoreNF(): Leaving routine.
20241015 232544.155 INFO             PET3  NUMBER_OF_PROCESSORS           4
20241015 232544.155 INFO             PET3  PASS  Example ESMF_RHandleFromRHandleEx, ESMF_RHandleFromRHandleEx.F90, line 660
20241015 232544.155 INFO             PET3  Finalizing ESMF
