2024-10-10 23:04:09
20241011 000128.161 INFO             PET0 !!!!!!!!!!!!!!!!!!!!!!!!!!!!!!!!!!!!!!!!!!!!!!!!!!!!!!
20241011 000128.161 INFO             PET0 !!! THE ESMF_LOG IS SET TO OUTPUT ALL LOG MESSAGES !!!
20241011 000128.161 INFO             PET0 !!!     THIS MAY CAUSE SLOWDOWN IN PERFORMANCE     !!!
20241011 000128.161 INFO             PET0 !!! FOR PRODUCTION RUNS, USE:                      !!!
20241011 000128.161 INFO             PET0 !!!                   ESMF_LOGKIND_Multi_On_Error  !!!
20241011 000128.161 INFO             PET0 !!!!!!!!!!!!!!!!!!!!!!!!!!!!!!!!!!!!!!!!!!!!!!!!!!!!!!
20241011 000128.161 INFO             PET0 Running with ESMF Version   : v8.8.0b00-12-g0d4b825343
20241011 000128.161 INFO             PET0 ESMF library build date/time: "Oct 10 2024" "23:01:53"
20241011 000128.161 INFO             PET0 ESMF library build location : /discover/nobackup/projects/gmao/SIteam/ESMF_Testing/intel_2024.2.0_intelmpi_g_develop/esmf
20241011 000128.161 INFO             PET0 ESMF_COMM                   : intelmpi
20241011 000128.161 INFO             PET0 ESMF_MOAB                   : enabled
20241011 000128.161 INFO             PET0 ESMF_LAPACK                 : enabled
20241011 000128.161 INFO             PET0 ESMF_NETCDF                 : disabled
20241011 000128.161 INFO             PET0 ESMF_PNETCDF                : disabled
20241011 000128.161 INFO             PET0 ESMF_PIO                    : disabled
20241011 000128.161 INFO             PET0 ESMF_YAMLCPP                : enabled
20241011 000131.615 INFO             PET0  NUMBER_OF_PROCESSORS           4
20241011 000131.616 INFO             PET0  PASS  Example ESMF_ArrayRedistEx, ESMF_ArrayRedistEx.F90, line 515
20241011 000131.616 INFO             PET0  Finalizing ESMF
20241011 000128.160 INFO             PET1 !!!!!!!!!!!!!!!!!!!!!!!!!!!!!!!!!!!!!!!!!!!!!!!!!!!!!!
20241011 000128.160 INFO             PET1 !!! THE ESMF_LOG IS SET TO OUTPUT ALL LOG MESSAGES !!!
20241011 000128.160 INFO             PET1 !!!     THIS MAY CAUSE SLOWDOWN IN PERFORMANCE     !!!
20241011 000128.160 INFO             PET1 !!! FOR PRODUCTION RUNS, USE:                      !!!
20241011 000128.160 INFO             PET1 !!!                   ESMF_LOGKIND_Multi_On_Error  !!!
20241011 000128.160 INFO             PET1 !!!!!!!!!!!!!!!!!!!!!!!!!!!!!!!!!!!!!!!!!!!!!!!!!!!!!!
20241011 000128.160 INFO             PET1 Running with ESMF Version   : v8.8.0b00-12-g0d4b825343
20241011 000128.160 INFO             PET1 ESMF library build date/time: "Oct 10 2024" "23:01:53"
20241011 000128.160 INFO             PET1 ESMF library build location : /discover/nobackup/projects/gmao/SIteam/ESMF_Testing/intel_2024.2.0_intelmpi_g_develop/esmf
20241011 000128.160 INFO             PET1 ESMF_COMM                   : intelmpi
20241011 000128.161 INFO             PET1 ESMF_MOAB                   : enabled
20241011 000128.161 INFO             PET1 ESMF_LAPACK                 : enabled
20241011 000128.161 INFO             PET1 ESMF_NETCDF                 : disabled
20241011 000128.161 INFO             PET1 ESMF_PNETCDF                : disabled
20241011 000128.161 INFO             PET1 ESMF_PIO                    : disabled
20241011 000128.161 INFO             PET1 ESMF_YAMLCPP                : enabled
20241011 000131.615 INFO             PET1  NUMBER_OF_PROCESSORS           4
20241011 000131.616 INFO             PET1  PASS  Example ESMF_ArrayRedistEx, ESMF_ArrayRedistEx.F90, line 515
20241011 000131.616 INFO             PET1  Finalizing ESMF
20241011 000128.160 INFO             PET2 !!!!!!!!!!!!!!!!!!!!!!!!!!!!!!!!!!!!!!!!!!!!!!!!!!!!!!
20241011 000128.161 INFO             PET2 !!! THE ESMF_LOG IS SET TO OUTPUT ALL LOG MESSAGES !!!
20241011 000128.161 INFO             PET2 !!!     THIS MAY CAUSE SLOWDOWN IN PERFORMANCE     !!!
20241011 000128.161 INFO             PET2 !!! FOR PRODUCTION RUNS, USE:                      !!!
20241011 000128.161 INFO             PET2 !!!                   ESMF_LOGKIND_Multi_On_Error  !!!
20241011 000128.161 INFO             PET2 !!!!!!!!!!!!!!!!!!!!!!!!!!!!!!!!!!!!!!!!!!!!!!!!!!!!!!
20241011 000128.161 INFO             PET2 Running with ESMF Version   : v8.8.0b00-12-g0d4b825343
20241011 000128.161 INFO             PET2 ESMF library build date/time: "Oct 10 2024" "23:01:53"
20241011 000128.161 INFO             PET2 ESMF library build location : /discover/nobackup/projects/gmao/SIteam/ESMF_Testing/intel_2024.2.0_intelmpi_g_develop/esmf
20241011 000128.161 INFO             PET2 ESMF_COMM                   : intelmpi
20241011 000128.161 INFO             PET2 ESMF_MOAB                   : enabled
20241011 000128.161 INFO             PET2 ESMF_LAPACK                 : enabled
20241011 000128.161 INFO             PET2 ESMF_NETCDF                 : disabled
20241011 000128.161 INFO             PET2 ESMF_PNETCDF                : disabled
20241011 000128.161 INFO             PET2 ESMF_PIO                    : disabled
20241011 000128.161 INFO             PET2 ESMF_YAMLCPP                : enabled
20241011 000131.615 INFO             PET2  NUMBER_OF_PROCESSORS           4
20241011 000131.616 INFO             PET2  PASS  Example ESMF_ArrayRedistEx, ESMF_ArrayRedistEx.F90, line 515
20241011 000131.616 INFO             PET2  Finalizing ESMF
20241011 000128.160 INFO             PET3 !!!!!!!!!!!!!!!!!!!!!!!!!!!!!!!!!!!!!!!!!!!!!!!!!!!!!!
20241011 000128.160 INFO             PET3 !!! THE ESMF_LOG IS SET TO OUTPUT ALL LOG MESSAGES !!!
20241011 000128.160 INFO             PET3 !!!     THIS MAY CAUSE SLOWDOWN IN PERFORMANCE     !!!
20241011 000128.160 INFO             PET3 !!! FOR PRODUCTION RUNS, USE:                      !!!
20241011 000128.160 INFO             PET3 !!!                   ESMF_LOGKIND_Multi_On_Error  !!!
20241011 000128.160 INFO             PET3 !!!!!!!!!!!!!!!!!!!!!!!!!!!!!!!!!!!!!!!!!!!!!!!!!!!!!!
20241011 000128.160 INFO             PET3 Running with ESMF Version   : v8.8.0b00-12-g0d4b825343
20241011 000128.160 INFO             PET3 ESMF library build date/time: "Oct 10 2024" "23:01:53"
20241011 000128.160 INFO             PET3 ESMF library build location : /discover/nobackup/projects/gmao/SIteam/ESMF_Testing/intel_2024.2.0_intelmpi_g_develop/esmf
20241011 000128.160 INFO             PET3 ESMF_COMM                   : intelmpi
20241011 000128.160 INFO             PET3 ESMF_MOAB                   : enabled
20241011 000128.160 INFO             PET3 ESMF_LAPACK                 : enabled
20241011 000128.161 INFO             PET3 ESMF_NETCDF                 : disabled
20241011 000128.161 INFO             PET3 ESMF_PNETCDF                : disabled
20241011 000128.161 INFO             PET3 ESMF_PIO                    : disabled
20241011 000128.161 INFO             PET3 ESMF_YAMLCPP                : enabled
20241011 000131.616 INFO             PET3  NUMBER_OF_PROCESSORS           4
20241011 000131.616 INFO             PET3  PASS  Example ESMF_ArrayRedistEx, ESMF_ArrayRedistEx.F90, line 515
20241011 000131.616 INFO             PET3  Finalizing ESMF
