2025-05-08 22:41:45
20250508 232117.878 INFO             PET0 !!!!!!!!!!!!!!!!!!!!!!!!!!!!!!!!!!!!!!!!!!!!!!!!!!!!!!
20250508 232117.878 INFO             PET0 !!! THE ESMF_LOG IS SET TO OUTPUT ALL LOG MESSAGES !!!
20250508 232117.878 INFO             PET0 !!!     THIS MAY CAUSE SLOWDOWN IN PERFORMANCE     !!!
20250508 232117.878 INFO             PET0 !!! FOR PRODUCTION RUNS, USE:                      !!!
20250508 232117.878 INFO             PET0 !!!                   ESMF_LOGKIND_Multi_On_Error  !!!
20250508 232117.878 INFO             PET0 !!!!!!!!!!!!!!!!!!!!!!!!!!!!!!!!!!!!!!!!!!!!!!!!!!!!!!
20250508 232117.878 INFO             PET0 Running with ESMF Version   : v8.9.0b08-9-gea72ab2180
20250508 232117.878 INFO             PET0 ESMF library build date/time: "May  8 2025" "22:39:27"
20250508 232117.878 INFO             PET0 ESMF library build location : /discover/nobackup/projects/gmao/SIteam/ESMF_Testing/intel_2024.2.0_intelmpi_g_develop/esmf
20250508 232117.878 INFO             PET0 ESMF_COMM                   : intelmpi
20250508 232117.879 INFO             PET0 ESMF_MOAB                   : enabled
20250508 232117.879 INFO             PET0 ESMF_LAPACK                 : enabled
20250508 232117.879 INFO             PET0 ESMF_NETCDF                 : disabled
20250508 232117.879 INFO             PET0 ESMF_PNETCDF                : disabled
20250508 232117.879 INFO             PET0 ESMF_PIO                    : disabled
20250508 232117.879 INFO             PET0 ESMF_YAMLCPP                : enabled
20250508 232117.880 INFO             PET0  NUMBER_OF_PROCESSORS           1
20250508 232117.880 INFO             PET0  PASS  Example CalendarEx, ESMF_CalendarEx.F90, line 217
20250508 232117.880 INFO             PET0  Finalizing ESMF
