2024-10-10 23:04:09
20241011 000438.177 INFO             PET0 !!!!!!!!!!!!!!!!!!!!!!!!!!!!!!!!!!!!!!!!!!!!!!!!!!!!!!
20241011 000438.177 INFO             PET0 !!! THE ESMF_LOG IS SET TO OUTPUT ALL LOG MESSAGES !!!
20241011 000438.177 INFO             PET0 !!!     THIS MAY CAUSE SLOWDOWN IN PERFORMANCE     !!!
20241011 000438.177 INFO             PET0 !!! FOR PRODUCTION RUNS, USE:                      !!!
20241011 000438.177 INFO             PET0 !!!                   ESMF_LOGKIND_Multi_On_Error  !!!
20241011 000438.177 INFO             PET0 !!!!!!!!!!!!!!!!!!!!!!!!!!!!!!!!!!!!!!!!!!!!!!!!!!!!!!
20241011 000438.177 INFO             PET0 Running with ESMF Version   : v8.8.0b00-12-g0d4b825343
20241011 000438.177 INFO             PET0 ESMF library build date/time: "Oct 10 2024" "23:01:53"
20241011 000438.177 INFO             PET0 ESMF library build location : /discover/nobackup/projects/gmao/SIteam/ESMF_Testing/intel_2024.2.0_intelmpi_g_develop/esmf
20241011 000438.177 INFO             PET0 ESMF_COMM                   : intelmpi
20241011 000438.177 INFO             PET0 ESMF_MOAB                   : enabled
20241011 000438.177 INFO             PET0 ESMF_LAPACK                 : enabled
20241011 000438.177 INFO             PET0 ESMF_NETCDF                 : disabled
20241011 000438.177 INFO             PET0 ESMF_PNETCDF                : disabled
20241011 000438.177 INFO             PET0 ESMF_PIO                    : disabled
20241011 000438.177 INFO             PET0 ESMF_YAMLCPP                : enabled
20241011 000438.278 DEBUG            PET0 about to destroy Grid: 0x1c11a20
20241011 000438.291 DEBUG            PET0 about to destroy Grid: 0x1c130a0
20241011 000438.326 INFO             PET0  NUMBER_OF_PROCESSORS           4
20241011 000438.326 INFO             PET0  PASS  Example ESMF_NUOPCAtmModelEx, ESMF_NUOPCAtmModelEx.F90, line 806
20241011 000438.326 INFO             PET0  Finalizing ESMF
20241011 000438.177 INFO             PET1 !!!!!!!!!!!!!!!!!!!!!!!!!!!!!!!!!!!!!!!!!!!!!!!!!!!!!!
20241011 000438.177 INFO             PET1 !!! THE ESMF_LOG IS SET TO OUTPUT ALL LOG MESSAGES !!!
20241011 000438.177 INFO             PET1 !!!     THIS MAY CAUSE SLOWDOWN IN PERFORMANCE     !!!
20241011 000438.177 INFO             PET1 !!! FOR PRODUCTION RUNS, USE:                      !!!
20241011 000438.177 INFO             PET1 !!!                   ESMF_LOGKIND_Multi_On_Error  !!!
20241011 000438.177 INFO             PET1 !!!!!!!!!!!!!!!!!!!!!!!!!!!!!!!!!!!!!!!!!!!!!!!!!!!!!!
20241011 000438.177 INFO             PET1 Running with ESMF Version   : v8.8.0b00-12-g0d4b825343
20241011 000438.177 INFO             PET1 ESMF library build date/time: "Oct 10 2024" "23:01:53"
20241011 000438.177 INFO             PET1 ESMF library build location : /discover/nobackup/projects/gmao/SIteam/ESMF_Testing/intel_2024.2.0_intelmpi_g_develop/esmf
20241011 000438.177 INFO             PET1 ESMF_COMM                   : intelmpi
20241011 000438.177 INFO             PET1 ESMF_MOAB                   : enabled
20241011 000438.177 INFO             PET1 ESMF_LAPACK                 : enabled
20241011 000438.177 INFO             PET1 ESMF_NETCDF                 : disabled
20241011 000438.177 INFO             PET1 ESMF_PNETCDF                : disabled
20241011 000438.177 INFO             PET1 ESMF_PIO                    : disabled
20241011 000438.177 INFO             PET1 ESMF_YAMLCPP                : enabled
20241011 000438.278 DEBUG            PET1 about to destroy Grid: 0x971a70
20241011 000438.291 DEBUG            PET1 about to destroy Grid: 0x972790
20241011 000438.326 INFO             PET1  NUMBER_OF_PROCESSORS           4
20241011 000438.326 INFO             PET1  PASS  Example ESMF_NUOPCAtmModelEx, ESMF_NUOPCAtmModelEx.F90, line 806
20241011 000438.326 INFO             PET1  Finalizing ESMF
20241011 000438.176 INFO             PET2 !!!!!!!!!!!!!!!!!!!!!!!!!!!!!!!!!!!!!!!!!!!!!!!!!!!!!!
20241011 000438.176 INFO             PET2 !!! THE ESMF_LOG IS SET TO OUTPUT ALL LOG MESSAGES !!!
20241011 000438.176 INFO             PET2 !!!     THIS MAY CAUSE SLOWDOWN IN PERFORMANCE     !!!
20241011 000438.176 INFO             PET2 !!! FOR PRODUCTION RUNS, USE:                      !!!
20241011 000438.176 INFO             PET2 !!!                   ESMF_LOGKIND_Multi_On_Error  !!!
20241011 000438.176 INFO             PET2 !!!!!!!!!!!!!!!!!!!!!!!!!!!!!!!!!!!!!!!!!!!!!!!!!!!!!!
20241011 000438.176 INFO             PET2 Running with ESMF Version   : v8.8.0b00-12-g0d4b825343
20241011 000438.176 INFO             PET2 ESMF library build date/time: "Oct 10 2024" "23:01:53"
20241011 000438.176 INFO             PET2 ESMF library build location : /discover/nobackup/projects/gmao/SIteam/ESMF_Testing/intel_2024.2.0_intelmpi_g_develop/esmf
20241011 000438.177 INFO             PET2 ESMF_COMM                   : intelmpi
20241011 000438.177 INFO             PET2 ESMF_MOAB                   : enabled
20241011 000438.177 INFO             PET2 ESMF_LAPACK                 : enabled
20241011 000438.177 INFO             PET2 ESMF_NETCDF                 : disabled
20241011 000438.177 INFO             PET2 ESMF_PNETCDF                : disabled
20241011 000438.177 INFO             PET2 ESMF_PIO                    : disabled
20241011 000438.177 INFO             PET2 ESMF_YAMLCPP                : enabled
20241011 000438.278 DEBUG            PET2 about to destroy Grid: 0x18baa70
20241011 000438.291 DEBUG            PET2 about to destroy Grid: 0x18bb790
20241011 000438.326 INFO             PET2  NUMBER_OF_PROCESSORS           4
20241011 000438.326 INFO             PET2  PASS  Example ESMF_NUOPCAtmModelEx, ESMF_NUOPCAtmModelEx.F90, line 806
20241011 000438.326 INFO             PET2  Finalizing ESMF
20241011 000438.177 INFO             PET3 !!!!!!!!!!!!!!!!!!!!!!!!!!!!!!!!!!!!!!!!!!!!!!!!!!!!!!
20241011 000438.177 INFO             PET3 !!! THE ESMF_LOG IS SET TO OUTPUT ALL LOG MESSAGES !!!
20241011 000438.177 INFO             PET3 !!!     THIS MAY CAUSE SLOWDOWN IN PERFORMANCE     !!!
20241011 000438.177 INFO             PET3 !!! FOR PRODUCTION RUNS, USE:                      !!!
20241011 000438.177 INFO             PET3 !!!                   ESMF_LOGKIND_Multi_On_Error  !!!
20241011 000438.177 INFO             PET3 !!!!!!!!!!!!!!!!!!!!!!!!!!!!!!!!!!!!!!!!!!!!!!!!!!!!!!
20241011 000438.177 INFO             PET3 Running with ESMF Version   : v8.8.0b00-12-g0d4b825343
20241011 000438.177 INFO             PET3 ESMF library build date/time: "Oct 10 2024" "23:01:53"
20241011 000438.177 INFO             PET3 ESMF library build location : /discover/nobackup/projects/gmao/SIteam/ESMF_Testing/intel_2024.2.0_intelmpi_g_develop/esmf
20241011 000438.177 INFO             PET3 ESMF_COMM                   : intelmpi
20241011 000438.177 INFO             PET3 ESMF_MOAB                   : enabled
20241011 000438.177 INFO             PET3 ESMF_LAPACK                 : enabled
20241011 000438.177 INFO             PET3 ESMF_NETCDF                 : disabled
20241011 000438.177 INFO             PET3 ESMF_PNETCDF                : disabled
20241011 000438.177 INFO             PET3 ESMF_PIO                    : disabled
20241011 000438.177 INFO             PET3 ESMF_YAMLCPP                : enabled
20241011 000438.278 DEBUG            PET3 about to destroy Grid: 0x1336a30
20241011 000438.291 DEBUG            PET3 about to destroy Grid: 0x1337750
20241011 000438.326 INFO             PET3  NUMBER_OF_PROCESSORS           4
20241011 000438.326 INFO             PET3  PASS  Example ESMF_NUOPCAtmModelEx, ESMF_NUOPCAtmModelEx.F90, line 806
20241011 000438.326 INFO             PET3  Finalizing ESMF
