+ unset _mlshdbg
+ '[' 0 = 1 ']'
+ unset _mlre _mlIFS
+ '[' -n x ']'
+ _mlIFS=' 	
'
+ IFS=' '
+ for _mlv in ${MODULES_RUN_QUARANTINE:-}
+ '[' LD_LIBRARY_PATH = LD_LIBRARY_PATH -a LD_LIBRARY_PATH = LD_LIBRARY_PATH ']'
++ eval 'echo ${LD_LIBRARY_PATH+x}'
+++ echo x
+ '[' -n x ']'
++ eval 'echo ${LD_LIBRARY_PATH}'
+++ echo /usr/local/hdf5-1.8.7-gcc-g++-gfortran-8.1.0/lib:/usr/local/netcdf-c-4.6.1-f-4.4.4-gcc-g++-gfortran-8.1.0/lib:/cluster/mvapich2-2.3rc2-gcc-g++-gfortran-8.1.0/lib:/usr/local/gcc-g++-gfortran-8.2.0/lib64
+ _mlre='LD_LIBRARY_PATH_modquar='\''/usr/local/hdf5-1.8.7-gcc-g++-gfortran-8.1.0/lib:/usr/local/netcdf-c-4.6.1-f-4.4.4-gcc-g++-gfortran-8.1.0/lib:/cluster/mvapich2-2.3rc2-gcc-g++-gfortran-8.1.0/lib:/usr/local/gcc-g++-gfortran-8.2.0/lib64'\'' '
+ _mlrv=MODULES_RUNENV_LD_LIBRARY_PATH
++ eval 'echo ${MODULES_RUNENV_LD_LIBRARY_PATH:-}'
+++ echo
+ _mlre='LD_LIBRARY_PATH_modquar='\''/usr/local/hdf5-1.8.7-gcc-g++-gfortran-8.1.0/lib:/usr/local/netcdf-c-4.6.1-f-4.4.4-gcc-g++-gfortran-8.1.0/lib:/cluster/mvapich2-2.3rc2-gcc-g++-gfortran-8.1.0/lib:/usr/local/gcc-g++-gfortran-8.2.0/lib64'\'' LD_LIBRARY_PATH='\'''\'' '
+ for _mlv in ${MODULES_RUN_QUARANTINE:-}
+ '[' LD_PRELOAD = LD_PRELOAD -a LD_PRELOAD = LD_PRELOAD ']'
++ eval 'echo ${LD_PRELOAD+x}'
+++ echo
+ '[' -n '' ']'
+ _mlrv=MODULES_RUNENV_LD_PRELOAD
++ eval 'echo ${MODULES_RUNENV_LD_PRELOAD:-}'
+++ echo
+ _mlre='LD_LIBRARY_PATH_modquar='\''/usr/local/hdf5-1.8.7-gcc-g++-gfortran-8.1.0/lib:/usr/local/netcdf-c-4.6.1-f-4.4.4-gcc-g++-gfortran-8.1.0/lib:/cluster/mvapich2-2.3rc2-gcc-g++-gfortran-8.1.0/lib:/usr/local/gcc-g++-gfortran-8.2.0/lib64'\'' LD_LIBRARY_PATH='\'''\'' LD_PRELOAD='\'''\'' '
+ '[' -n 'LD_LIBRARY_PATH_modquar='\''/usr/local/hdf5-1.8.7-gcc-g++-gfortran-8.1.0/lib:/usr/local/netcdf-c-4.6.1-f-4.4.4-gcc-g++-gfortran-8.1.0/lib:/cluster/mvapich2-2.3rc2-gcc-g++-gfortran-8.1.0/lib:/usr/local/gcc-g++-gfortran-8.2.0/lib64'\'' LD_LIBRARY_PATH='\'''\'' LD_PRELOAD='\'''\'' ' ']'
++ eval 'LD_LIBRARY_PATH_modquar='\''/usr/local/hdf5-1.8.7-gcc-g++-gfortran-8.1.0/lib:/usr/local/netcdf-c-4.6.1-f-4.4.4-gcc-g++-gfortran-8.1.0/lib:/cluster/mvapich2-2.3rc2-gcc-g++-gfortran-8.1.0/lib:/usr/local/gcc-g++-gfortran-8.2.0/lib64'\''' 'LD_LIBRARY_PATH='\'''\''' 'LD_PRELOAD='\'''\''' /usr/bin/tclsh /usr/share/Modules/libexec/modulecmd.tcl bash '"$@"'
+++ LD_LIBRARY_PATH_modquar=/usr/local/hdf5-1.8.7-gcc-g++-gfortran-8.1.0/lib:/usr/local/netcdf-c-4.6.1-f-4.4.4-gcc-g++-gfortran-8.1.0/lib:/cluster/mvapich2-2.3rc2-gcc-g++-gfortran-8.1.0/lib:/usr/local/gcc-g++-gfortran-8.2.0/lib64
+++ LD_LIBRARY_PATH=
+++ LD_PRELOAD=
+++ /usr/bin/tclsh /usr/share/Modules/libexec/modulecmd.tcl bash list
Currently Loaded Modulefiles:
 1) lang/python/3.7.0             5) tool/netcdf/4.6.1/gcc-8.1.0  
 2) CMake/3.24.3                  6) compiler/gnu/8.2.0           
 3) mpi/gcc/mvapich2-2.3rc2-qlc   7) tool/netcdf/4.6.1/gcc        
 4) tool/hdf5/1.8.7/gcc          
+ eval
+ _mlstatus=0
+ '[' -n x ']'
+ IFS=' 	
'
+ unset _mlre _mlv _mlrv _mlIFS
+ '[' -n '' ']'
+ unset _mlshdbg
+ return 0
