2025-05-10 07:46:18
20250510 082624.262 INFO             PET0 !!!!!!!!!!!!!!!!!!!!!!!!!!!!!!!!!!!!!!!!!!!!!!!!!!!!!!
20250510 082624.263 INFO             PET0 !!! THE ESMF_LOG IS SET TO OUTPUT ALL LOG MESSAGES !!!
20250510 082624.263 INFO             PET0 !!!     THIS MAY CAUSE SLOWDOWN IN PERFORMANCE     !!!
20250510 082624.263 INFO             PET0 !!! FOR PRODUCTION RUNS, USE:                      !!!
20250510 082624.263 INFO             PET0 !!!                   ESMF_LOGKIND_Multi_On_Error  !!!
20250510 082624.263 INFO             PET0 !!!!!!!!!!!!!!!!!!!!!!!!!!!!!!!!!!!!!!!!!!!!!!!!!!!!!!
20250510 082624.263 INFO             PET0 Running with ESMF Version   : v8.9.0b08-9-gea72ab2180
20250510 082624.263 INFO             PET0 ESMF library build date/time: "May 10 2025" "07:43:46"
20250510 082624.263 INFO             PET0 ESMF library build location : /scratch2/NCEPDEV/stmp1/Gerhard.Theurich/ESMF-Nightly-Testing/intel_2023.2.0-oneAPI_mpiuni_g_develop/esmf
20250510 082624.263 INFO             PET0 ESMF_COMM                   : mpiuni
20250510 082624.264 INFO             PET0 ESMF_MOAB                   : enabled
20250510 082624.264 INFO             PET0 ESMF_LAPACK                 : enabled
20250510 082624.264 INFO             PET0 ESMF_NETCDF                 : enabled
20250510 082624.264 INFO             PET0 ESMF_PNETCDF                : disabled
20250510 082624.264 INFO             PET0 ESMF_PIO                    : enabled
20250510 082624.264 INFO             PET0 ESMF_YAMLCPP                : enabled
20250510 082624.264 INFO             PET0 Log Write 2
20250510 082624.264 ERROR            PET0 Invalid object  - Convergence failure
20250510 082624.264 ERROR            PET0 ESMCI_Time.C:866 ESMCI::Time::syncToRealTime() Wrong argument specified  - ; calkindflag is NOCALENDAR. Only GREGORIAN and JULIAN are supported when syncing to real time.
20250510 082624.264 ERROR            PET0 ESMF_Time.F90:1495 ESMF_TimeSyncToRealTime() Wrong argument specified  - Internal subroutine call returned Error
20250510 082624.264 ERROR            PET0 Wrong argument specified  - getting wall clock time
20250510 082624.266 INFO             PET0  NUMBER_OF_PROCESSORS           1
20250510 082624.267 INFO             PET0  PASS  Example ESMF_LogErrEx, ESMF_LogErrEx.F90, line 186
20250510 082624.267 INFO             PET0  Finalizing ESMF
