2024-10-12 07:35:56
20241012 082252.172 INFO             PET0 !!!!!!!!!!!!!!!!!!!!!!!!!!!!!!!!!!!!!!!!!!!!!!!!!!!!!!
20241012 082252.172 INFO             PET0 !!! THE ESMF_LOG IS SET TO OUTPUT ALL LOG MESSAGES !!!
20241012 082252.172 INFO             PET0 !!!     THIS MAY CAUSE SLOWDOWN IN PERFORMANCE     !!!
20241012 082252.172 INFO             PET0 !!! FOR PRODUCTION RUNS, USE:                      !!!
20241012 082252.172 INFO             PET0 !!!                   ESMF_LOGKIND_Multi_On_Error  !!!
20241012 082252.172 INFO             PET0 !!!!!!!!!!!!!!!!!!!!!!!!!!!!!!!!!!!!!!!!!!!!!!!!!!!!!!
20241012 082252.172 INFO             PET0 Running with ESMF Version   : v8.8.0b01
20241012 082252.172 INFO             PET0 ESMF library build date/time: "Oct 12 2024" "07:32:47"
20241012 082252.172 INFO             PET0 ESMF library build location : /scratch2/NCEPDEV/stmp1/Gerhard.Theurich/ESMF-Nightly-Testing/intel_2023.2.0-oneAPI_mpiuni_g_develop/esmf
20241012 082252.172 INFO             PET0 ESMF_COMM                   : mpiuni
20241012 082252.173 INFO             PET0 ESMF_MOAB                   : enabled
20241012 082252.173 INFO             PET0 ESMF_LAPACK                 : enabled
20241012 082252.173 INFO             PET0 ESMF_NETCDF                 : enabled
20241012 082252.173 INFO             PET0 ESMF_PNETCDF                : disabled
20241012 082252.173 INFO             PET0 ESMF_PIO                    : enabled
20241012 082252.173 INFO             PET0 ESMF_YAMLCPP                : enabled
20241012 082252.174 INFO             PET0  NUMBER_OF_PROCESSORS           1
20241012 082252.174 INFO             PET0  PASS  Example ESMF_StateReconcileEx, ESMF_StateReconcileEx.F90, line 294
20241012 082252.174 INFO             PET0  Finalizing ESMF
