2025-05-09 07:41:46
20250509 082404.064 INFO             PET0 !!!!!!!!!!!!!!!!!!!!!!!!!!!!!!!!!!!!!!!!!!!!!!!!!!!!!!
20250509 082404.065 INFO             PET0 !!! THE ESMF_LOG IS SET TO OUTPUT ALL LOG MESSAGES !!!
20250509 082404.065 INFO             PET0 !!!     THIS MAY CAUSE SLOWDOWN IN PERFORMANCE     !!!
20250509 082404.065 INFO             PET0 !!! FOR PRODUCTION RUNS, USE:                      !!!
20250509 082404.065 INFO             PET0 !!!                   ESMF_LOGKIND_Multi_On_Error  !!!
20250509 082404.065 INFO             PET0 !!!!!!!!!!!!!!!!!!!!!!!!!!!!!!!!!!!!!!!!!!!!!!!!!!!!!!
20250509 082404.065 INFO             PET0 Running with ESMF Version   : v8.9.0b08-9-gea72ab2180
20250509 082404.065 INFO             PET0 ESMF library build date/time: "May  9 2025" "07:39:14"
20250509 082404.065 INFO             PET0 ESMF library build location : /scratch2/NCEPDEV/stmp1/Gerhard.Theurich/ESMF-Nightly-Testing/intel_2023.2.0-oneAPI_mpiuni_g_develop/esmf
20250509 082404.065 INFO             PET0 ESMF_COMM                   : mpiuni
20250509 082404.066 INFO             PET0 ESMF_MOAB                   : enabled
20250509 082404.066 INFO             PET0 ESMF_LAPACK                 : enabled
20250509 082404.066 INFO             PET0 ESMF_NETCDF                 : enabled
20250509 082404.066 INFO             PET0 ESMF_PNETCDF                : disabled
20250509 082404.066 INFO             PET0 ESMF_PIO                    : enabled
20250509 082404.066 INFO             PET0 ESMF_YAMLCPP                : enabled
20250509 082404.067 INFO             PET0  NUMBER_OF_PROCESSORS           1
20250509 082404.067 INFO             PET0  PASS  Example ESMF_VMUserMpiCommMultiEx, ESMF_VMUserMpiCommMultiEx.F90, line 126
20250509 082404.067 INFO             PET0  Finalizing ESMF with endflag==ESMF_END_KEEPMPI
