2024-10-08 12:34:08
20241008 125244.874 INFO             PET0 !!!!!!!!!!!!!!!!!!!!!!!!!!!!!!!!!!!!!!!!!!!!!!!!!!!!!!
20241008 125244.875 INFO             PET0 !!! THE ESMF_LOG IS SET TO OUTPUT ALL LOG MESSAGES !!!
20241008 125244.875 INFO             PET0 !!!     THIS MAY CAUSE SLOWDOWN IN PERFORMANCE     !!!
20241008 125244.875 INFO             PET0 !!! FOR PRODUCTION RUNS, USE:                      !!!
20241008 125244.875 INFO             PET0 !!!                   ESMF_LOGKIND_Multi_On_Error  !!!
20241008 125244.875 INFO             PET0 !!!!!!!!!!!!!!!!!!!!!!!!!!!!!!!!!!!!!!!!!!!!!!!!!!!!!!
20241008 125244.875 INFO             PET0 Running with ESMF Version   : v8.7.0b14-13-g0d4b825343
20241008 125244.875 INFO             PET0 ESMF library build date/time: "Oct  8 2024" "12:33:14"
20241008 125244.875 INFO             PET0 ESMF library build location : /Users/oehmke/ESMF_AutoTest/gfortranclang_12.2.0_14.0.0_mpich_O_develop/esmf
20241008 125244.875 INFO             PET0 ESMF_COMM                   : mpich
20241008 125244.875 INFO             PET0 ESMF_MOAB                   : enabled
20241008 125244.875 INFO             PET0 ESMF_LAPACK                 : enabled
20241008 125244.875 INFO             PET0 ESMF_NETCDF                 : enabled
20241008 125244.875 INFO             PET0 ESMF_PNETCDF                : disabled
20241008 125244.875 INFO             PET0 ESMF_PIO                    : enabled
20241008 125244.875 INFO             PET0 ESMF_YAMLCPP                : enabled
20241008 125244.876 INFO             PET0 =============================================
20241008 125244.876 INFO             PET0 ESMX (Earth System Model eXecutable) STARTING
20241008 125244.876 INFO             PET0 =============================================
20241008 125244.878 INFO             PET0 ESMX_Driver: InitializeGeneric intro.
20241008 125244.879 INFO             PET0   ESMX_Driver: InitializeP0 intro.
20241008 125244.879 INFO             PET0   ESMX_Driver: InitializeP0 extro.
20241008 125244.879 INFO             PET0   ESMX_Driver: InitializeIPDv02p1 intro.
20241008 125244.879 INFO             PET0     >>>ESMX_Driver: entered Initialize (phase=<none>) without valid internal Clock.
20241008 125244.880 INFO             PET0     ESMX_Driver - Creating model component MDL without petList.
20241008 125245.030 DEBUG            PET0     Generic SetVM() is executing for: MDL
20241008 125245.030 DEBUG            PET0     Generic SetVM() found no NUOPC Hint for: MDL
20241008 125245.030 DEBUG            PET0     Generic SetVM() therefore is NOT calling ESMF_GridCompSetVMMaxPEs() for: MDL
20241008 125245.041 INFO             PET0     ESMX_Driver: IInitAdvertise intro.
20241008 125245.041 INFO             PET0     ESMX_Driver: IInitAdvertise extro.
20241008 125245.041 INFO             PET0     Message from inside C component Advertise() method
20241008 125245.042 INFO             PET0     ESMX_Driver: IInitAdvertiseFinish intro.
20241008 125245.042 INFO             PET0     ESMX_Driver: IInitAdvertiseFinish extro.
20241008 125245.042 INFO             PET0     ESMX_Driver: IInitModifyCplLists intro.
20241008 125245.042 INFO             PET0     ESMX_Driver: IInitModifyCplLists extro.
20241008 125245.042 INFO             PET0     <<<ESMX_Driver: leaving Initialize (phase=<none>) with current time: 2012 10 24 18  0  0   0
20241008 125245.042 INFO             PET0   ESMX_Driver: InitializeIPDv02p1 extro.
20241008 125245.042 INFO             PET0   ESMX_Driver: InitializeIPDv02p3 intro.
20241008 125245.043 INFO             PET0     >>>ESMX_Driver: entered Initialize (phase=<none>) with current time: 2012 10 24 18  0  0   0
20241008 125245.043 INFO             PET0     ESMX_Driver: IInitCheck intro.
20241008 125245.043 INFO             PET0     ESMX_Driver: IInitCheck extro.
20241008 125245.043 INFO             PET0     ESMX_Driver: IInitRealize intro.
20241008 125245.043 INFO             PET0     ESMX_Driver: IInitRealize extro.
20241008 125245.043 INFO             PET0     <<<ESMX_Driver: leaving Initialize (phase=<none>) with current time: 2012 10 24 18  0  0   0
20241008 125245.043 INFO             PET0   ESMX_Driver: InitializeIPDv02p3 extro.
20241008 125245.043 INFO             PET0   ESMX_Driver: InitializeIPDv02p5 intro.
20241008 125245.043 INFO             PET0     >>>ESMX_Driver: entered Initialize (phase=<none>) with current time: 2012 10 24 18  0  0   0
20241008 125245.044 INFO             PET0     ESMX_Driver: InitializeIPDv02p5Data intro.
20241008 125245.044 INFO             PET0       ESMX_Driver: InternalInitializeComplete intro.
20241008 125245.044 INFO             PET0       ESMX_Driver: InternalInitializeComplete extro.
20241008 125245.045 INFO             PET0       ESMX_Driver: loopDataDependentInitialize intro.
20241008 125245.045 INFO             PET0       ESMX_Driver: loopDataDependentInitialize extro.
20241008 125245.045 INFO             PET0     ESMX_Driver: InitializeIPDv02p5Data extro.
20241008 125245.045 INFO             PET0     <<<ESMX_Driver: leaving Initialize (phase=<none>) with current time: 2012 10 24 18  0  0   0
20241008 125245.045 INFO             PET0   ESMX_Driver: InitializeIPDv02p5 extro.
20241008 125245.045 INFO             PET0 ESMX_Driver: InitializeGeneric extro.
20241008 125245.045 INFO             PET0 ESMX_Driver: Run intro.
20241008 125245.045 INFO             PET0   >>>ESMX_Driver: entered Run (phase=RunPhase1) with current time: 2012 10 24 18  0  0   0
20241008 125245.045 INFO             PET0   Message from inside C component Advance() method
20241008 125245.046 INFO             PET0   <<<ESMX_Driver: leaving Run (phase=RunPhase1) with current time: 2012 10 24 19  0  0   0
20241008 125245.046 INFO             PET0 ESMX_Driver: Run extro.
20241008 125245.046 INFO             PET0 ESMX_Driver: Finalize intro.
20241008 125245.046 INFO             PET0   Calling Finalize phase 1 for modelComp: MDL
20241008 125245.046 INFO             PET0   Delete modelComp: MDL
20241008 125245.046 INFO             PET0 ESMX_Driver: Finalize extro.
20241008 125245.046 INFO             PET0 =============================================
20241008 125245.046 INFO             PET0 ESMX (Earth System Model eXecutable) FINISHED
20241008 125245.046 INFO             PET0 =============================================
20241008 125245.046 INFO             PET0  Finalizing ESMF
20241008 125245.046 INFO             PET0 ESMCI_IO_Handler.C:335 ESMCI::IO_Handler::finalize() 
20241008 125245.046 INFO             PET0 ESMCI_PIO_Handler.C:356 ESMCI::PIO_Handler::finalize() 
20241008 125245.046 INFO             PET0 ESMCI_IO_Handler.C:337 ESMCI::IO_Handler::finalize() after finalize, localrc = 0
20241008 125245.046 INFO             PET0 ESMCI_IO_Handler.C:360 ESMCI::IO_Handler::finalize() before return, localrc = 0
20241008 125244.874 INFO             PET1 !!!!!!!!!!!!!!!!!!!!!!!!!!!!!!!!!!!!!!!!!!!!!!!!!!!!!!
20241008 125244.875 INFO             PET1 !!! THE ESMF_LOG IS SET TO OUTPUT ALL LOG MESSAGES !!!
20241008 125244.875 INFO             PET1 !!!     THIS MAY CAUSE SLOWDOWN IN PERFORMANCE     !!!
20241008 125244.875 INFO             PET1 !!! FOR PRODUCTION RUNS, USE:                      !!!
20241008 125244.875 INFO             PET1 !!!                   ESMF_LOGKIND_Multi_On_Error  !!!
20241008 125244.875 INFO             PET1 !!!!!!!!!!!!!!!!!!!!!!!!!!!!!!!!!!!!!!!!!!!!!!!!!!!!!!
20241008 125244.875 INFO             PET1 Running with ESMF Version   : v8.7.0b14-13-g0d4b825343
20241008 125244.875 INFO             PET1 ESMF library build date/time: "Oct  8 2024" "12:33:14"
20241008 125244.875 INFO             PET1 ESMF library build location : /Users/oehmke/ESMF_AutoTest/gfortranclang_12.2.0_14.0.0_mpich_O_develop/esmf
20241008 125244.875 INFO             PET1 ESMF_COMM                   : mpich
20241008 125244.875 INFO             PET1 ESMF_MOAB                   : enabled
20241008 125244.875 INFO             PET1 ESMF_LAPACK                 : enabled
20241008 125244.875 INFO             PET1 ESMF_NETCDF                 : enabled
20241008 125244.875 INFO             PET1 ESMF_PNETCDF                : disabled
20241008 125244.875 INFO             PET1 ESMF_PIO                    : enabled
20241008 125244.875 INFO             PET1 ESMF_YAMLCPP                : enabled
20241008 125244.876 INFO             PET1 =============================================
20241008 125244.876 INFO             PET1 ESMX (Earth System Model eXecutable) STARTING
20241008 125244.876 INFO             PET1 =============================================
20241008 125244.878 INFO             PET1 ESMX_Driver: InitializeGeneric intro.
20241008 125244.879 INFO             PET1   ESMX_Driver: InitializeP0 intro.
20241008 125244.879 INFO             PET1   ESMX_Driver: InitializeP0 extro.
20241008 125244.879 INFO             PET1   ESMX_Driver: InitializeIPDv02p1 intro.
20241008 125244.879 INFO             PET1     >>>ESMX_Driver: entered Initialize (phase=<none>) without valid internal Clock.
20241008 125244.880 INFO             PET1     ESMX_Driver - Creating model component MDL without petList.
20241008 125245.029 DEBUG            PET1     Generic SetVM() is executing for: MDL
20241008 125245.029 DEBUG            PET1     Generic SetVM() found no NUOPC Hint for: MDL
20241008 125245.029 DEBUG            PET1     Generic SetVM() therefore is NOT calling ESMF_GridCompSetVMMaxPEs() for: MDL
20241008 125245.041 INFO             PET1     ESMX_Driver: IInitAdvertise intro.
20241008 125245.041 INFO             PET1     ESMX_Driver: IInitAdvertise extro.
20241008 125245.041 INFO             PET1     Message from inside C component Advertise() method
20241008 125245.042 INFO             PET1     ESMX_Driver: IInitAdvertiseFinish intro.
20241008 125245.042 INFO             PET1     ESMX_Driver: IInitAdvertiseFinish extro.
20241008 125245.042 INFO             PET1     ESMX_Driver: IInitModifyCplLists intro.
20241008 125245.042 INFO             PET1     ESMX_Driver: IInitModifyCplLists extro.
20241008 125245.042 INFO             PET1     <<<ESMX_Driver: leaving Initialize (phase=<none>) with current time: 2012 10 24 18  0  0   0
20241008 125245.042 INFO             PET1   ESMX_Driver: InitializeIPDv02p1 extro.
20241008 125245.043 INFO             PET1   ESMX_Driver: InitializeIPDv02p3 intro.
20241008 125245.043 INFO             PET1     >>>ESMX_Driver: entered Initialize (phase=<none>) with current time: 2012 10 24 18  0  0   0
20241008 125245.043 INFO             PET1     ESMX_Driver: IInitCheck intro.
20241008 125245.043 INFO             PET1     ESMX_Driver: IInitCheck extro.
20241008 125245.043 INFO             PET1     ESMX_Driver: IInitRealize intro.
20241008 125245.043 INFO             PET1     ESMX_Driver: IInitRealize extro.
20241008 125245.043 INFO             PET1     <<<ESMX_Driver: leaving Initialize (phase=<none>) with current time: 2012 10 24 18  0  0   0
20241008 125245.043 INFO             PET1   ESMX_Driver: InitializeIPDv02p3 extro.
20241008 125245.043 INFO             PET1   ESMX_Driver: InitializeIPDv02p5 intro.
20241008 125245.044 INFO             PET1     >>>ESMX_Driver: entered Initialize (phase=<none>) with current time: 2012 10 24 18  0  0   0
20241008 125245.044 INFO             PET1     ESMX_Driver: InitializeIPDv02p5Data intro.
20241008 125245.044 INFO             PET1       ESMX_Driver: InternalInitializeComplete intro.
20241008 125245.044 INFO             PET1       ESMX_Driver: InternalInitializeComplete extro.
20241008 125245.045 INFO             PET1       ESMX_Driver: loopDataDependentInitialize intro.
20241008 125245.045 INFO             PET1       ESMX_Driver: loopDataDependentInitialize extro.
20241008 125245.045 INFO             PET1     ESMX_Driver: InitializeIPDv02p5Data extro.
20241008 125245.045 INFO             PET1     <<<ESMX_Driver: leaving Initialize (phase=<none>) with current time: 2012 10 24 18  0  0   0
20241008 125245.045 INFO             PET1   ESMX_Driver: InitializeIPDv02p5 extro.
20241008 125245.045 INFO             PET1 ESMX_Driver: InitializeGeneric extro.
20241008 125245.045 INFO             PET1 ESMX_Driver: Run intro.
20241008 125245.045 INFO             PET1   >>>ESMX_Driver: entered Run (phase=RunPhase1) with current time: 2012 10 24 18  0  0   0
20241008 125245.045 INFO             PET1   Message from inside C component Advance() method
20241008 125245.046 INFO             PET1   <<<ESMX_Driver: leaving Run (phase=RunPhase1) with current time: 2012 10 24 19  0  0   0
20241008 125245.046 INFO             PET1 ESMX_Driver: Run extro.
20241008 125245.046 INFO             PET1 ESMX_Driver: Finalize intro.
20241008 125245.046 INFO             PET1   Calling Finalize phase 1 for modelComp: MDL
20241008 125245.046 INFO             PET1   Delete modelComp: MDL
20241008 125245.046 INFO             PET1 ESMX_Driver: Finalize extro.
20241008 125245.046 INFO             PET1 =============================================
20241008 125245.046 INFO             PET1 ESMX (Earth System Model eXecutable) FINISHED
20241008 125245.046 INFO             PET1 =============================================
20241008 125245.046 INFO             PET1  Finalizing ESMF
20241008 125245.046 INFO             PET1 ESMCI_IO_Handler.C:335 ESMCI::IO_Handler::finalize() 
20241008 125245.046 INFO             PET1 ESMCI_PIO_Handler.C:356 ESMCI::PIO_Handler::finalize() 
20241008 125245.046 INFO             PET1 ESMCI_IO_Handler.C:337 ESMCI::IO_Handler::finalize() after finalize, localrc = 0
20241008 125245.046 INFO             PET1 ESMCI_IO_Handler.C:360 ESMCI::IO_Handler::finalize() before return, localrc = 0
20241008 125244.874 INFO             PET2 !!!!!!!!!!!!!!!!!!!!!!!!!!!!!!!!!!!!!!!!!!!!!!!!!!!!!!
20241008 125244.875 INFO             PET2 !!! THE ESMF_LOG IS SET TO OUTPUT ALL LOG MESSAGES !!!
20241008 125244.875 INFO             PET2 !!!     THIS MAY CAUSE SLOWDOWN IN PERFORMANCE     !!!
20241008 125244.875 INFO             PET2 !!! FOR PRODUCTION RUNS, USE:                      !!!
20241008 125244.875 INFO             PET2 !!!                   ESMF_LOGKIND_Multi_On_Error  !!!
20241008 125244.875 INFO             PET2 !!!!!!!!!!!!!!!!!!!!!!!!!!!!!!!!!!!!!!!!!!!!!!!!!!!!!!
20241008 125244.875 INFO             PET2 Running with ESMF Version   : v8.7.0b14-13-g0d4b825343
20241008 125244.875 INFO             PET2 ESMF library build date/time: "Oct  8 2024" "12:33:14"
20241008 125244.875 INFO             PET2 ESMF library build location : /Users/oehmke/ESMF_AutoTest/gfortranclang_12.2.0_14.0.0_mpich_O_develop/esmf
20241008 125244.875 INFO             PET2 ESMF_COMM                   : mpich
20241008 125244.875 INFO             PET2 ESMF_MOAB                   : enabled
20241008 125244.875 INFO             PET2 ESMF_LAPACK                 : enabled
20241008 125244.875 INFO             PET2 ESMF_NETCDF                 : enabled
20241008 125244.875 INFO             PET2 ESMF_PNETCDF                : disabled
20241008 125244.875 INFO             PET2 ESMF_PIO                    : enabled
20241008 125244.875 INFO             PET2 ESMF_YAMLCPP                : enabled
20241008 125244.876 INFO             PET2 =============================================
20241008 125244.876 INFO             PET2 ESMX (Earth System Model eXecutable) STARTING
20241008 125244.876 INFO             PET2 =============================================
20241008 125244.878 INFO             PET2 ESMX_Driver: InitializeGeneric intro.
20241008 125244.879 INFO             PET2   ESMX_Driver: InitializeP0 intro.
20241008 125244.879 INFO             PET2   ESMX_Driver: InitializeP0 extro.
20241008 125244.879 INFO             PET2   ESMX_Driver: InitializeIPDv02p1 intro.
20241008 125244.879 INFO             PET2     >>>ESMX_Driver: entered Initialize (phase=<none>) without valid internal Clock.
20241008 125244.880 INFO             PET2     ESMX_Driver - Creating model component MDL without petList.
20241008 125245.029 DEBUG            PET2     Generic SetVM() is executing for: MDL
20241008 125245.029 DEBUG            PET2     Generic SetVM() found no NUOPC Hint for: MDL
20241008 125245.029 DEBUG            PET2     Generic SetVM() therefore is NOT calling ESMF_GridCompSetVMMaxPEs() for: MDL
20241008 125245.041 INFO             PET2     ESMX_Driver: IInitAdvertise intro.
20241008 125245.041 INFO             PET2     ESMX_Driver: IInitAdvertise extro.
20241008 125245.041 INFO             PET2     Message from inside C component Advertise() method
20241008 125245.042 INFO             PET2     ESMX_Driver: IInitAdvertiseFinish intro.
20241008 125245.042 INFO             PET2     ESMX_Driver: IInitAdvertiseFinish extro.
20241008 125245.042 INFO             PET2     ESMX_Driver: IInitModifyCplLists intro.
20241008 125245.042 INFO             PET2     ESMX_Driver: IInitModifyCplLists extro.
20241008 125245.042 INFO             PET2     <<<ESMX_Driver: leaving Initialize (phase=<none>) with current time: 2012 10 24 18  0  0   0
20241008 125245.042 INFO             PET2   ESMX_Driver: InitializeIPDv02p1 extro.
20241008 125245.043 INFO             PET2   ESMX_Driver: InitializeIPDv02p3 intro.
20241008 125245.043 INFO             PET2     >>>ESMX_Driver: entered Initialize (phase=<none>) with current time: 2012 10 24 18  0  0   0
20241008 125245.043 INFO             PET2     ESMX_Driver: IInitCheck intro.
20241008 125245.043 INFO             PET2     ESMX_Driver: IInitCheck extro.
20241008 125245.043 INFO             PET2     ESMX_Driver: IInitRealize intro.
20241008 125245.043 INFO             PET2     ESMX_Driver: IInitRealize extro.
20241008 125245.043 INFO             PET2     <<<ESMX_Driver: leaving Initialize (phase=<none>) with current time: 2012 10 24 18  0  0   0
20241008 125245.043 INFO             PET2   ESMX_Driver: InitializeIPDv02p3 extro.
20241008 125245.043 INFO             PET2   ESMX_Driver: InitializeIPDv02p5 intro.
20241008 125245.044 INFO             PET2     >>>ESMX_Driver: entered Initialize (phase=<none>) with current time: 2012 10 24 18  0  0   0
20241008 125245.044 INFO             PET2     ESMX_Driver: InitializeIPDv02p5Data intro.
20241008 125245.044 INFO             PET2       ESMX_Driver: InternalInitializeComplete intro.
20241008 125245.044 INFO             PET2       ESMX_Driver: InternalInitializeComplete extro.
20241008 125245.045 INFO             PET2       ESMX_Driver: loopDataDependentInitialize intro.
20241008 125245.045 INFO             PET2       ESMX_Driver: loopDataDependentInitialize extro.
20241008 125245.045 INFO             PET2     ESMX_Driver: InitializeIPDv02p5Data extro.
20241008 125245.045 INFO             PET2     <<<ESMX_Driver: leaving Initialize (phase=<none>) with current time: 2012 10 24 18  0  0   0
20241008 125245.045 INFO             PET2   ESMX_Driver: InitializeIPDv02p5 extro.
20241008 125245.045 INFO             PET2 ESMX_Driver: InitializeGeneric extro.
20241008 125245.045 INFO             PET2 ESMX_Driver: Run intro.
20241008 125245.045 INFO             PET2   >>>ESMX_Driver: entered Run (phase=RunPhase1) with current time: 2012 10 24 18  0  0   0
20241008 125245.045 INFO             PET2   Message from inside C component Advance() method
20241008 125245.046 INFO             PET2   <<<ESMX_Driver: leaving Run (phase=RunPhase1) with current time: 2012 10 24 19  0  0   0
20241008 125245.046 INFO             PET2 ESMX_Driver: Run extro.
20241008 125245.046 INFO             PET2 ESMX_Driver: Finalize intro.
20241008 125245.046 INFO             PET2   Calling Finalize phase 1 for modelComp: MDL
20241008 125245.046 INFO             PET2   Delete modelComp: MDL
20241008 125245.046 INFO             PET2 ESMX_Driver: Finalize extro.
20241008 125245.046 INFO             PET2 =============================================
20241008 125245.046 INFO             PET2 ESMX (Earth System Model eXecutable) FINISHED
20241008 125245.046 INFO             PET2 =============================================
20241008 125245.046 INFO             PET2  Finalizing ESMF
20241008 125245.046 INFO             PET2 ESMCI_IO_Handler.C:335 ESMCI::IO_Handler::finalize() 
20241008 125245.046 INFO             PET2 ESMCI_PIO_Handler.C:356 ESMCI::PIO_Handler::finalize() 
20241008 125245.046 INFO             PET2 ESMCI_IO_Handler.C:337 ESMCI::IO_Handler::finalize() after finalize, localrc = 0
20241008 125245.046 INFO             PET2 ESMCI_IO_Handler.C:360 ESMCI::IO_Handler::finalize() before return, localrc = 0
20241008 125244.874 INFO             PET3 !!!!!!!!!!!!!!!!!!!!!!!!!!!!!!!!!!!!!!!!!!!!!!!!!!!!!!
20241008 125244.875 INFO             PET3 !!! THE ESMF_LOG IS SET TO OUTPUT ALL LOG MESSAGES !!!
20241008 125244.875 INFO             PET3 !!!     THIS MAY CAUSE SLOWDOWN IN PERFORMANCE     !!!
20241008 125244.875 INFO             PET3 !!! FOR PRODUCTION RUNS, USE:                      !!!
20241008 125244.875 INFO             PET3 !!!                   ESMF_LOGKIND_Multi_On_Error  !!!
20241008 125244.875 INFO             PET3 !!!!!!!!!!!!!!!!!!!!!!!!!!!!!!!!!!!!!!!!!!!!!!!!!!!!!!
20241008 125244.875 INFO             PET3 Running with ESMF Version   : v8.7.0b14-13-g0d4b825343
20241008 125244.875 INFO             PET3 ESMF library build date/time: "Oct  8 2024" "12:33:14"
20241008 125244.875 INFO             PET3 ESMF library build location : /Users/oehmke/ESMF_AutoTest/gfortranclang_12.2.0_14.0.0_mpich_O_develop/esmf
20241008 125244.875 INFO             PET3 ESMF_COMM                   : mpich
20241008 125244.875 INFO             PET3 ESMF_MOAB                   : enabled
20241008 125244.875 INFO             PET3 ESMF_LAPACK                 : enabled
20241008 125244.875 INFO             PET3 ESMF_NETCDF                 : enabled
20241008 125244.875 INFO             PET3 ESMF_PNETCDF                : disabled
20241008 125244.875 INFO             PET3 ESMF_PIO                    : enabled
20241008 125244.875 INFO             PET3 ESMF_YAMLCPP                : enabled
20241008 125244.876 INFO             PET3 =============================================
20241008 125244.876 INFO             PET3 ESMX (Earth System Model eXecutable) STARTING
20241008 125244.876 INFO             PET3 =============================================
20241008 125244.878 INFO             PET3 ESMX_Driver: InitializeGeneric intro.
20241008 125244.879 INFO             PET3   ESMX_Driver: InitializeP0 intro.
20241008 125244.879 INFO             PET3   ESMX_Driver: InitializeP0 extro.
20241008 125244.879 INFO             PET3   ESMX_Driver: InitializeIPDv02p1 intro.
20241008 125244.879 INFO             PET3     >>>ESMX_Driver: entered Initialize (phase=<none>) without valid internal Clock.
20241008 125244.880 INFO             PET3     ESMX_Driver - Creating model component MDL without petList.
20241008 125245.027 DEBUG            PET3     Generic SetVM() is executing for: MDL
20241008 125245.028 DEBUG            PET3     Generic SetVM() found no NUOPC Hint for: MDL
20241008 125245.028 DEBUG            PET3     Generic SetVM() therefore is NOT calling ESMF_GridCompSetVMMaxPEs() for: MDL
20241008 125245.041 INFO             PET3     ESMX_Driver: IInitAdvertise intro.
20241008 125245.041 INFO             PET3     ESMX_Driver: IInitAdvertise extro.
20241008 125245.041 INFO             PET3     Message from inside C component Advertise() method
20241008 125245.042 INFO             PET3     ESMX_Driver: IInitAdvertiseFinish intro.
20241008 125245.042 INFO             PET3     ESMX_Driver: IInitAdvertiseFinish extro.
20241008 125245.042 INFO             PET3     ESMX_Driver: IInitModifyCplLists intro.
20241008 125245.042 INFO             PET3     ESMX_Driver: IInitModifyCplLists extro.
20241008 125245.042 INFO             PET3     <<<ESMX_Driver: leaving Initialize (phase=<none>) with current time: 2012 10 24 18  0  0   0
20241008 125245.042 INFO             PET3   ESMX_Driver: InitializeIPDv02p1 extro.
20241008 125245.043 INFO             PET3   ESMX_Driver: InitializeIPDv02p3 intro.
20241008 125245.043 INFO             PET3     >>>ESMX_Driver: entered Initialize (phase=<none>) with current time: 2012 10 24 18  0  0   0
20241008 125245.043 INFO             PET3     ESMX_Driver: IInitCheck intro.
20241008 125245.043 INFO             PET3     ESMX_Driver: IInitCheck extro.
20241008 125245.043 INFO             PET3     ESMX_Driver: IInitRealize intro.
20241008 125245.043 INFO             PET3     ESMX_Driver: IInitRealize extro.
20241008 125245.043 INFO             PET3     <<<ESMX_Driver: leaving Initialize (phase=<none>) with current time: 2012 10 24 18  0  0   0
20241008 125245.043 INFO             PET3   ESMX_Driver: InitializeIPDv02p3 extro.
20241008 125245.043 INFO             PET3   ESMX_Driver: InitializeIPDv02p5 intro.
20241008 125245.044 INFO             PET3     >>>ESMX_Driver: entered Initialize (phase=<none>) with current time: 2012 10 24 18  0  0   0
20241008 125245.044 INFO             PET3     ESMX_Driver: InitializeIPDv02p5Data intro.
20241008 125245.044 INFO             PET3       ESMX_Driver: InternalInitializeComplete intro.
20241008 125245.044 INFO             PET3       ESMX_Driver: InternalInitializeComplete extro.
20241008 125245.045 INFO             PET3       ESMX_Driver: loopDataDependentInitialize intro.
20241008 125245.045 INFO             PET3       ESMX_Driver: loopDataDependentInitialize extro.
20241008 125245.045 INFO             PET3     ESMX_Driver: InitializeIPDv02p5Data extro.
20241008 125245.045 INFO             PET3     <<<ESMX_Driver: leaving Initialize (phase=<none>) with current time: 2012 10 24 18  0  0   0
20241008 125245.045 INFO             PET3   ESMX_Driver: InitializeIPDv02p5 extro.
20241008 125245.045 INFO             PET3 ESMX_Driver: InitializeGeneric extro.
20241008 125245.045 INFO             PET3 ESMX_Driver: Run intro.
20241008 125245.045 INFO             PET3   >>>ESMX_Driver: entered Run (phase=RunPhase1) with current time: 2012 10 24 18  0  0   0
20241008 125245.045 INFO             PET3   Message from inside C component Advance() method
20241008 125245.046 INFO             PET3   <<<ESMX_Driver: leaving Run (phase=RunPhase1) with current time: 2012 10 24 19  0  0   0
20241008 125245.046 INFO             PET3 ESMX_Driver: Run extro.
20241008 125245.046 INFO             PET3 ESMX_Driver: Finalize intro.
20241008 125245.046 INFO             PET3   Calling Finalize phase 1 for modelComp: MDL
20241008 125245.046 INFO             PET3   Delete modelComp: MDL
20241008 125245.046 INFO             PET3 ESMX_Driver: Finalize extro.
20241008 125245.046 INFO             PET3 =============================================
20241008 125245.046 INFO             PET3 ESMX (Earth System Model eXecutable) FINISHED
20241008 125245.046 INFO             PET3 =============================================
20241008 125245.046 INFO             PET3  Finalizing ESMF
20241008 125245.046 INFO             PET3 ESMCI_IO_Handler.C:335 ESMCI::IO_Handler::finalize() 
20241008 125245.046 INFO             PET3 ESMCI_PIO_Handler.C:356 ESMCI::PIO_Handler::finalize() 
20241008 125245.046 INFO             PET3 ESMCI_IO_Handler.C:337 ESMCI::IO_Handler::finalize() after finalize, localrc = 0
20241008 125245.046 INFO             PET3 ESMCI_IO_Handler.C:360 ESMCI::IO_Handler::finalize() before return, localrc = 0
