2024-10-12 01:34:49
20241012 030404.313 INFO             PET0 !!!!!!!!!!!!!!!!!!!!!!!!!!!!!!!!!!!!!!!!!!!!!!!!!!!!!!
20241012 030404.313 INFO             PET0 !!! THE ESMF_LOG IS SET TO OUTPUT ALL LOG MESSAGES !!!
20241012 030404.313 INFO             PET0 !!!     THIS MAY CAUSE SLOWDOWN IN PERFORMANCE     !!!
20241012 030404.313 INFO             PET0 !!! FOR PRODUCTION RUNS, USE:                      !!!
20241012 030404.313 INFO             PET0 !!!                   ESMF_LOGKIND_Multi_On_Error  !!!
20241012 030404.313 INFO             PET0 !!!!!!!!!!!!!!!!!!!!!!!!!!!!!!!!!!!!!!!!!!!!!!!!!!!!!!
20241012 030404.313 INFO             PET0 Running with ESMF Version   : v8.8.0b01
20241012 030404.313 INFO             PET0 ESMF library build date/time: "Oct 12 2024" "01:33:52"
20241012 030404.313 INFO             PET0 ESMF library build location : /tmp/gfortran_11.2.0_mpi_O_develop/esmf
20241012 030404.313 INFO             PET0 ESMF_COMM                   : mpi
20241012 030404.313 INFO             PET0 ESMF_MOAB                   : enabled
20241012 030404.313 INFO             PET0 ESMF_LAPACK                 : enabled
20241012 030404.313 INFO             PET0 ESMF_NETCDF                 : enabled
20241012 030404.313 INFO             PET0 ESMF_PNETCDF                : disabled
20241012 030404.313 INFO             PET0 ESMF_PIO                    : enabled
20241012 030404.313 INFO             PET0 ESMF_YAMLCPP                : enabled
20241012 030404.347 DEBUG            PET0 about to destroy Grid: 0x549bc0
20241012 030404.351 DEBUG            PET0 about to destroy Grid: 0x54e1c0
20241012 030404.361 INFO             PET0  NUMBER_OF_PROCESSORS           4
20241012 030404.361 INFO             PET0  PASS  Example ESMF_NUOPCAtmModelEx, ESMF_NUOPCAtmModelEx.F90, line 806
20241012 030404.361 INFO             PET0  Finalizing ESMF
20241012 030404.313 INFO             PET1 !!!!!!!!!!!!!!!!!!!!!!!!!!!!!!!!!!!!!!!!!!!!!!!!!!!!!!
20241012 030404.313 INFO             PET1 !!! THE ESMF_LOG IS SET TO OUTPUT ALL LOG MESSAGES !!!
20241012 030404.313 INFO             PET1 !!!     THIS MAY CAUSE SLOWDOWN IN PERFORMANCE     !!!
20241012 030404.313 INFO             PET1 !!! FOR PRODUCTION RUNS, USE:                      !!!
20241012 030404.313 INFO             PET1 !!!                   ESMF_LOGKIND_Multi_On_Error  !!!
20241012 030404.313 INFO             PET1 !!!!!!!!!!!!!!!!!!!!!!!!!!!!!!!!!!!!!!!!!!!!!!!!!!!!!!
20241012 030404.313 INFO             PET1 Running with ESMF Version   : v8.8.0b01
20241012 030404.313 INFO             PET1 ESMF library build date/time: "Oct 12 2024" "01:33:52"
20241012 030404.313 INFO             PET1 ESMF library build location : /tmp/gfortran_11.2.0_mpi_O_develop/esmf
20241012 030404.313 INFO             PET1 ESMF_COMM                   : mpi
20241012 030404.313 INFO             PET1 ESMF_MOAB                   : enabled
20241012 030404.313 INFO             PET1 ESMF_LAPACK                 : enabled
20241012 030404.313 INFO             PET1 ESMF_NETCDF                 : enabled
20241012 030404.313 INFO             PET1 ESMF_PNETCDF                : disabled
20241012 030404.313 INFO             PET1 ESMF_PIO                    : enabled
20241012 030404.313 INFO             PET1 ESMF_YAMLCPP                : enabled
20241012 030404.347 DEBUG            PET1 about to destroy Grid: 0x549f00
20241012 030404.351 DEBUG            PET1 about to destroy Grid: 0x54b700
20241012 030404.361 INFO             PET1  NUMBER_OF_PROCESSORS           4
20241012 030404.361 INFO             PET1  PASS  Example ESMF_NUOPCAtmModelEx, ESMF_NUOPCAtmModelEx.F90, line 806
20241012 030404.361 INFO             PET1  Finalizing ESMF
20241012 030404.313 INFO             PET2 !!!!!!!!!!!!!!!!!!!!!!!!!!!!!!!!!!!!!!!!!!!!!!!!!!!!!!
20241012 030404.313 INFO             PET2 !!! THE ESMF_LOG IS SET TO OUTPUT ALL LOG MESSAGES !!!
20241012 030404.313 INFO             PET2 !!!     THIS MAY CAUSE SLOWDOWN IN PERFORMANCE     !!!
20241012 030404.313 INFO             PET2 !!! FOR PRODUCTION RUNS, USE:                      !!!
20241012 030404.313 INFO             PET2 !!!                   ESMF_LOGKIND_Multi_On_Error  !!!
20241012 030404.313 INFO             PET2 !!!!!!!!!!!!!!!!!!!!!!!!!!!!!!!!!!!!!!!!!!!!!!!!!!!!!!
20241012 030404.313 INFO             PET2 Running with ESMF Version   : v8.8.0b01
20241012 030404.313 INFO             PET2 ESMF library build date/time: "Oct 12 2024" "01:33:52"
20241012 030404.313 INFO             PET2 ESMF library build location : /tmp/gfortran_11.2.0_mpi_O_develop/esmf
20241012 030404.313 INFO             PET2 ESMF_COMM                   : mpi
20241012 030404.313 INFO             PET2 ESMF_MOAB                   : enabled
20241012 030404.313 INFO             PET2 ESMF_LAPACK                 : enabled
20241012 030404.313 INFO             PET2 ESMF_NETCDF                 : enabled
20241012 030404.313 INFO             PET2 ESMF_PNETCDF                : disabled
20241012 030404.313 INFO             PET2 ESMF_PIO                    : enabled
20241012 030404.313 INFO             PET2 ESMF_YAMLCPP                : enabled
20241012 030404.347 DEBUG            PET2 about to destroy Grid: 0x549270
20241012 030404.351 DEBUG            PET2 about to destroy Grid: 0x54a950
20241012 030404.361 INFO             PET2  NUMBER_OF_PROCESSORS           4
20241012 030404.361 INFO             PET2  PASS  Example ESMF_NUOPCAtmModelEx, ESMF_NUOPCAtmModelEx.F90, line 806
20241012 030404.361 INFO             PET2  Finalizing ESMF
20241012 030404.313 INFO             PET3 !!!!!!!!!!!!!!!!!!!!!!!!!!!!!!!!!!!!!!!!!!!!!!!!!!!!!!
20241012 030404.313 INFO             PET3 !!! THE ESMF_LOG IS SET TO OUTPUT ALL LOG MESSAGES !!!
20241012 030404.313 INFO             PET3 !!!     THIS MAY CAUSE SLOWDOWN IN PERFORMANCE     !!!
20241012 030404.313 INFO             PET3 !!! FOR PRODUCTION RUNS, USE:                      !!!
20241012 030404.313 INFO             PET3 !!!                   ESMF_LOGKIND_Multi_On_Error  !!!
20241012 030404.313 INFO             PET3 !!!!!!!!!!!!!!!!!!!!!!!!!!!!!!!!!!!!!!!!!!!!!!!!!!!!!!
20241012 030404.313 INFO             PET3 Running with ESMF Version   : v8.8.0b01
20241012 030404.313 INFO             PET3 ESMF library build date/time: "Oct 12 2024" "01:33:52"
20241012 030404.313 INFO             PET3 ESMF library build location : /tmp/gfortran_11.2.0_mpi_O_develop/esmf
20241012 030404.313 INFO             PET3 ESMF_COMM                   : mpi
20241012 030404.313 INFO             PET3 ESMF_MOAB                   : enabled
20241012 030404.313 INFO             PET3 ESMF_LAPACK                 : enabled
20241012 030404.313 INFO             PET3 ESMF_NETCDF                 : enabled
20241012 030404.313 INFO             PET3 ESMF_PNETCDF                : disabled
20241012 030404.313 INFO             PET3 ESMF_PIO                    : enabled
20241012 030404.313 INFO             PET3 ESMF_YAMLCPP                : enabled
20241012 030404.347 DEBUG            PET3 about to destroy Grid: 0x549070
20241012 030404.351 DEBUG            PET3 about to destroy Grid: 0x54a750
20241012 030404.361 INFO             PET3  NUMBER_OF_PROCESSORS           4
20241012 030404.361 INFO             PET3  PASS  Example ESMF_NUOPCAtmModelEx, ESMF_NUOPCAtmModelEx.F90, line 806
20241012 030404.361 INFO             PET3  Finalizing ESMF
