2025-05-09 02:42:32
20250509 034327.935 INFO             PET0 !!!!!!!!!!!!!!!!!!!!!!!!!!!!!!!!!!!!!!!!!!!!!!!!!!!!!!
20250509 034327.935 INFO             PET0 !!! THE ESMF_LOG IS SET TO OUTPUT ALL LOG MESSAGES !!!
20250509 034327.935 INFO             PET0 !!!     THIS MAY CAUSE SLOWDOWN IN PERFORMANCE     !!!
20250509 034327.935 INFO             PET0 !!! FOR PRODUCTION RUNS, USE:                      !!!
20250509 034327.935 INFO             PET0 !!!                   ESMF_LOGKIND_Multi_On_Error  !!!
20250509 034327.935 INFO             PET0 !!!!!!!!!!!!!!!!!!!!!!!!!!!!!!!!!!!!!!!!!!!!!!!!!!!!!!
20250509 034327.935 INFO             PET0 Running with ESMF Version   : v8.9.0b08-9-gea72ab2180
20250509 034327.935 INFO             PET0 ESMF library build date/time: "May  9 2025" "02:39:56"
20250509 034327.935 INFO             PET0 ESMF library build location : /work/noaa/da/mpotts/sandbox/gfortran_12.2.0_openmpi_g_develop/esmf
20250509 034327.935 INFO             PET0 ESMF_COMM                   : openmpi
20250509 034327.937 INFO             PET0 ESMF_MOAB                   : enabled
20250509 034327.937 INFO             PET0 ESMF_LAPACK                 : enabled
20250509 034327.937 INFO             PET0 ESMF_NETCDF                 : disabled
20250509 034327.937 INFO             PET0 ESMF_PNETCDF                : disabled
20250509 034327.937 INFO             PET0 ESMF_PIO                    : disabled
20250509 034327.937 INFO             PET0 ESMF_YAMLCPP                : enabled
20250509 034327.947 INFO             PET0 =============================================
20250509 034327.947 INFO             PET0 ESMX (Earth System Model eXecutable) STARTING
20250509 034327.947 INFO             PET0 =============================================
20250509 034327.964 INFO             PET0 ESMX_Driver: InitializeGeneric intro.
20250509 034327.965 INFO             PET0   >>>ESMX_Driver: entered Initialize (phase=<none>) without valid internal Clock.
20250509 034327.965 INFO             PET0   ESMX_Driver: InitializeP0 intro.
20250509 034327.965 INFO             PET0     >>>ESMX_Driver: entered Initialize (phase=<none>) without valid internal Clock.
20250509 034327.965 INFO             PET0     <<<ESMX_Driver: leaving Initialize (phase=<none>) without valid internal Clock.
20250509 034327.965 INFO             PET0   ESMX_Driver: InitializeP0 extro.
20250509 034327.966 INFO             PET0   ESMX_Driver: InitializeIPDv02p1 intro.
20250509 034327.966 INFO             PET0     >>>ESMX_Driver: entered Initialize (phase=<none>) without valid internal Clock.
20250509 034327.982 INFO             PET0     ESMX_Driver - Creating model component ABC without petList.
20250509 034327.982 DEBUG            PET0     Generic SetVM() is executing for: ABC
20250509 034327.982 DEBUG            PET0     Generic SetVM() found no NUOPC Hint for: ABC
20250509 034327.982 DEBUG            PET0     Generic SetVM() therefore is NOT calling ESMF_GridCompSetVMMaxPEs() for: ABC
20250509 034327.993 INFO             PET0     ABC: InitializeP0 intro.
20250509 034327.994 INFO             PET0       >>>ABC: entered Initialize (phase=<none>) without valid internal Clock.
20250509 034327.997 INFO             PET0       <<<ABC: leaving Initialize (phase=<none>) without valid internal Clock.
20250509 034327.997 INFO             PET0     ABC: InitializeP0 extro.
20250509 034328.007 INFO             PET0     ESMX_Driver: IInitAdvertise intro.
20250509 034328.008 INFO             PET0       >>>ESMX_Driver: entered Initialize (phase=<none>) with current time: 2012 10 24  8  0  0   0
20250509 034328.008 INFO             PET0       <<<ESMX_Driver: leaving Initialize (phase=<none>) with current time: 2012 10 24  8  0  0   0
20250509 034328.008 INFO             PET0     ESMX_Driver: IInitAdvertise extro.
20250509 034328.008 INFO             PET0     ABC: InitializeIPDvXp01 intro.
20250509 034328.009 INFO             PET0       >>>ABC: entered Initialize (phase=IPDvXp01) without valid internal Clock.
20250509 034328.011 INFO             PET0       <<<ABC: leaving Initialize (phase=IPDvXp01) without valid internal Clock.
20250509 034328.011 INFO             PET0     ABC: InitializeIPDvXp01 extro.
20250509 034328.014 INFO             PET0     ESMX_Driver: IInitAdvertiseFinish intro.
20250509 034328.014 INFO             PET0       >>>ESMX_Driver: entered Initialize (phase=<none>) with current time: 2012 10 24  8  0  0   0
20250509 034328.015 INFO             PET0       <<<ESMX_Driver: leaving Initialize (phase=<none>) with current time: 2012 10 24  8  0  0   0
20250509 034328.015 INFO             PET0     ESMX_Driver: IInitAdvertiseFinish extro.
20250509 034328.015 INFO             PET0     ESMX_Driver: IInitModifyCplLists intro.
20250509 034328.015 INFO             PET0       >>>ESMX_Driver: entered Initialize (phase=<none>) with current time: 2012 10 24  8  0  0   0
20250509 034328.016 INFO             PET0       <<<ESMX_Driver: leaving Initialize (phase=<none>) with current time: 2012 10 24  8  0  0   0
20250509 034328.016 INFO             PET0     ESMX_Driver: IInitModifyCplLists extro.
20250509 034328.016 INFO             PET0     <<<ESMX_Driver: leaving Initialize (phase=<none>) with current time: 2012 10 24  8  0  0   0
20250509 034328.016 INFO             PET0   ESMX_Driver: InitializeIPDv02p1 extro.
20250509 034328.016 INFO             PET0   ESMX_Driver: InitializeIPDv02p3 intro.
20250509 034328.016 INFO             PET0     >>>ESMX_Driver: entered Initialize (phase=<none>) with current time: 2012 10 24  8  0  0   0
20250509 034328.017 INFO             PET0     ESMX_Driver: IInitCheck intro.
20250509 034328.017 INFO             PET0       >>>ESMX_Driver: entered Initialize (phase=<none>) with current time: 2012 10 24  8  0  0   0
20250509 034328.017 INFO             PET0       <<<ESMX_Driver: leaving Initialize (phase=<none>) with current time: 2012 10 24  8  0  0   0
20250509 034328.017 INFO             PET0     ESMX_Driver: IInitCheck extro.
20250509 034328.018 INFO             PET0     ABC: InitializeIPDvXp04 intro.
20250509 034328.018 INFO             PET0       >>>ABC: entered Initialize (phase=IPDvXp04) without valid internal Clock.
20250509 034328.021 INFO             PET0       <<<ABC: leaving Initialize (phase=IPDvXp04) without valid internal Clock.
20250509 034328.021 INFO             PET0     ABC: InitializeIPDvXp04 extro.
20250509 034328.024 INFO             PET0     ESMX_Driver: IInitRealize intro.
20250509 034328.024 INFO             PET0       >>>ESMX_Driver: entered Initialize (phase=<none>) with current time: 2012 10 24  8  0  0   0
20250509 034328.024 INFO             PET0       <<<ESMX_Driver: leaving Initialize (phase=<none>) with current time: 2012 10 24  8  0  0   0
20250509 034328.024 INFO             PET0     ESMX_Driver: IInitRealize extro.
20250509 034328.025 INFO             PET0     ABC: InitializeIPDvXp07 intro.
20250509 034328.025 INFO             PET0       >>>ABC: entered Initialize (phase=IPDvXp07) without valid internal Clock.
20250509 034328.025 INFO             PET0       <<<ABC: leaving Initialize (phase=IPDvXp07) with current time: 2012 10 24  8  0  0   0
20250509 034328.025 INFO             PET0     ABC: InitializeIPDvXp07 extro.
20250509 034328.025 INFO             PET0     <<<ESMX_Driver: leaving Initialize (phase=<none>) with current time: 2012 10 24  8  0  0   0
20250509 034328.025 INFO             PET0   ESMX_Driver: InitializeIPDv02p3 extro.
20250509 034328.026 INFO             PET0   ESMX_Driver: InitializeIPDv02p5 intro.
20250509 034328.026 INFO             PET0     >>>ESMX_Driver: entered Initialize (phase=<none>) with current time: 2012 10 24  8  0  0   0
20250509 034328.026 INFO             PET0     ESMX_Driver: InitializeIPDv02p5Data intro.
20250509 034328.026 INFO             PET0       >>>ESMX_Driver: entered Initialize (phase=<none>) with current time: 2012 10 24  8  0  0   0
20250509 034328.027 INFO             PET0       ESMX_Driver: InternalInitializeComplete intro.
20250509 034328.027 INFO             PET0         >>>ESMX_Driver: entered Initialize (phase=<none>) with current time: 2012 10 24  8  0  0   0
20250509 034328.027 INFO             PET0         <<<ESMX_Driver: leaving Initialize (phase=<none>) with current time: 2012 10 24  8  0  0   0
20250509 034328.027 INFO             PET0       ESMX_Driver: InternalInitializeComplete extro.
20250509 034328.028 INFO             PET0       ABC: InitializeIPDvXp08 intro.
20250509 034328.028 INFO             PET0         >>>ABC: entered Initialize (phase=IPDv05p8) with current time: 2012 10 24  8  0  0   0
20250509 034328.029 INFO             PET0         <<<ABC: leaving Initialize (phase=IPDv05p8) with current time: 2012 10 24  8  0  0   0
20250509 034328.029 INFO             PET0       ABC: InitializeIPDvXp08 extro.
20250509 034328.032 INFO             PET0       ESMX_Driver: loopDataDependentInitialize intro.
20250509 034328.032 INFO             PET0         >>>ESMX_Driver: entered Initialize (phase=<none>) with current time: 2012 10 24  8  0  0   0
20250509 034328.033 INFO             PET0         <<<ESMX_Driver: leaving Initialize (phase=<none>) with current time: 2012 10 24  8  0  0   0
20250509 034328.033 INFO             PET0       ESMX_Driver: loopDataDependentInitialize extro.
20250509 034328.033 INFO             PET0       <<<ESMX_Driver: leaving Initialize (phase=<none>) with current time: 2012 10 24  8  0  0   0
20250509 034328.033 INFO             PET0     ESMX_Driver: InitializeIPDv02p5Data extro.
20250509 034328.033 INFO             PET0     <<<ESMX_Driver: leaving Initialize (phase=<none>) with current time: 2012 10 24  8  0  0   0
20250509 034328.033 INFO             PET0   ESMX_Driver: InitializeIPDv02p5 extro.
20250509 034328.034 INFO             PET0   <<<ESMX_Driver: leaving Initialize (phase=<none>) with current time: 2012 10 24  8  0  0   0
20250509 034328.034 INFO             PET0 ESMX_Driver: InitializeGeneric extro.
20250509 034328.034 INFO             PET0 ESMX_Driver: Run intro.
20250509 034328.034 INFO             PET0   >>>ESMX_Driver: entered Run (phase=RunPhase1) with current time: 2012 10 24  8  0  0   0
20250509 034328.035 INFO             PET0   ABC: Run intro.
20250509 034328.035 INFO             PET0     >>>ABC: entered Run (phase=RunPhase1) with current time: 2012 10 24  8  0  0   0
20250509 034328.035 INFO             PET0     <<<ABC: leaving Run (phase=RunPhase1) with current time: 2012 10 24 20  0  0   0
20250509 034328.035 INFO             PET0   ABC: Run extro.
20250509 034328.035 INFO             PET0   <<<ESMX_Driver: leaving Run (phase=RunPhase1) with current time: 2012 10 24 20  0  0   0
20250509 034328.036 INFO             PET0 ESMX_Driver: Run extro.
20250509 034328.036 INFO             PET0 ESMX_Driver: Finalize intro.
20250509 034328.036 INFO             PET0   >>>ESMX_Driver: entered Finalize (phase=FinalizePhase1) with current time: 2012 10 24 20  0  0   0
20250509 034328.036 INFO             PET0   Calling Finalize phase 1 for modelComp: ABC
20250509 034328.036 INFO             PET0   ABC: Finalize intro.
20250509 034328.036 INFO             PET0     >>>ABC: entered Finalize (phase=FinalizePhase1) with current time: 2012 10 24 20  0  0   0
20250509 034328.037 INFO             PET0     <<<ABC: leaving Finalize (phase=FinalizePhase1) with current time: 2012 10 24 20  0  0   0
20250509 034328.037 INFO             PET0   ABC: Finalize extro.
20250509 034328.037 INFO             PET0   Delete modelComp: ABC
20250509 034328.037 INFO             PET0   <<<ESMX_Driver: leaving Finalize (phase=FinalizePhase1) with current time: 2012 10 24 20  0  0   0
20250509 034328.037 INFO             PET0 ESMX_Driver: Finalize extro.
20250509 034328.037 INFO             PET0 =============================================
20250509 034328.037 INFO             PET0 ESMX (Earth System Model eXecutable) FINISHED
20250509 034328.037 INFO             PET0 =============================================
20250509 034328.037 INFO             PET0  Finalizing ESMF
20250509 034327.936 INFO             PET1 !!!!!!!!!!!!!!!!!!!!!!!!!!!!!!!!!!!!!!!!!!!!!!!!!!!!!!
20250509 034327.936 INFO             PET1 !!! THE ESMF_LOG IS SET TO OUTPUT ALL LOG MESSAGES !!!
20250509 034327.936 INFO             PET1 !!!     THIS MAY CAUSE SLOWDOWN IN PERFORMANCE     !!!
20250509 034327.936 INFO             PET1 !!! FOR PRODUCTION RUNS, USE:                      !!!
20250509 034327.936 INFO             PET1 !!!                   ESMF_LOGKIND_Multi_On_Error  !!!
20250509 034327.936 INFO             PET1 !!!!!!!!!!!!!!!!!!!!!!!!!!!!!!!!!!!!!!!!!!!!!!!!!!!!!!
20250509 034327.936 INFO             PET1 Running with ESMF Version   : v8.9.0b08-9-gea72ab2180
20250509 034327.936 INFO             PET1 ESMF library build date/time: "May  9 2025" "02:39:56"
20250509 034327.936 INFO             PET1 ESMF library build location : /work/noaa/da/mpotts/sandbox/gfortran_12.2.0_openmpi_g_develop/esmf
20250509 034327.936 INFO             PET1 ESMF_COMM                   : openmpi
20250509 034327.937 INFO             PET1 ESMF_MOAB                   : enabled
20250509 034327.937 INFO             PET1 ESMF_LAPACK                 : enabled
20250509 034327.937 INFO             PET1 ESMF_NETCDF                 : disabled
20250509 034327.937 INFO             PET1 ESMF_PNETCDF                : disabled
20250509 034327.937 INFO             PET1 ESMF_PIO                    : disabled
20250509 034327.937 INFO             PET1 ESMF_YAMLCPP                : enabled
20250509 034327.947 INFO             PET1 =============================================
20250509 034327.947 INFO             PET1 ESMX (Earth System Model eXecutable) STARTING
20250509 034327.947 INFO             PET1 =============================================
20250509 034327.965 INFO             PET1 ESMX_Driver: InitializeGeneric intro.
20250509 034327.966 INFO             PET1   >>>ESMX_Driver: entered Initialize (phase=<none>) without valid internal Clock.
20250509 034327.966 INFO             PET1   ESMX_Driver: InitializeP0 intro.
20250509 034327.966 INFO             PET1     >>>ESMX_Driver: entered Initialize (phase=<none>) without valid internal Clock.
20250509 034327.967 INFO             PET1     <<<ESMX_Driver: leaving Initialize (phase=<none>) without valid internal Clock.
20250509 034327.967 INFO             PET1   ESMX_Driver: InitializeP0 extro.
20250509 034327.967 INFO             PET1   ESMX_Driver: InitializeIPDv02p1 intro.
20250509 034327.967 INFO             PET1     >>>ESMX_Driver: entered Initialize (phase=<none>) without valid internal Clock.
20250509 034327.982 INFO             PET1     ESMX_Driver - Creating model component ABC without petList.
20250509 034327.982 DEBUG            PET1     Generic SetVM() is executing for: ABC
20250509 034327.982 DEBUG            PET1     Generic SetVM() found no NUOPC Hint for: ABC
20250509 034327.982 DEBUG            PET1     Generic SetVM() therefore is NOT calling ESMF_GridCompSetVMMaxPEs() for: ABC
20250509 034327.994 INFO             PET1     ABC: InitializeP0 intro.
20250509 034327.995 INFO             PET1       >>>ABC: entered Initialize (phase=<none>) without valid internal Clock.
20250509 034327.998 INFO             PET1       <<<ABC: leaving Initialize (phase=<none>) without valid internal Clock.
20250509 034327.998 INFO             PET1     ABC: InitializeP0 extro.
20250509 034328.009 INFO             PET1     ESMX_Driver: IInitAdvertise intro.
20250509 034328.009 INFO             PET1       >>>ESMX_Driver: entered Initialize (phase=<none>) with current time: 2012 10 24  8  0  0   0
20250509 034328.009 INFO             PET1       <<<ESMX_Driver: leaving Initialize (phase=<none>) with current time: 2012 10 24  8  0  0   0
20250509 034328.009 INFO             PET1     ESMX_Driver: IInitAdvertise extro.
20250509 034328.010 INFO             PET1     ABC: InitializeIPDvXp01 intro.
20250509 034328.010 INFO             PET1       >>>ABC: entered Initialize (phase=IPDvXp01) without valid internal Clock.
20250509 034328.012 INFO             PET1       <<<ABC: leaving Initialize (phase=IPDvXp01) without valid internal Clock.
20250509 034328.012 INFO             PET1     ABC: InitializeIPDvXp01 extro.
20250509 034328.015 INFO             PET1     ESMX_Driver: IInitAdvertiseFinish intro.
20250509 034328.015 INFO             PET1       >>>ESMX_Driver: entered Initialize (phase=<none>) with current time: 2012 10 24  8  0  0   0
20250509 034328.015 INFO             PET1       <<<ESMX_Driver: leaving Initialize (phase=<none>) with current time: 2012 10 24  8  0  0   0
20250509 034328.015 INFO             PET1     ESMX_Driver: IInitAdvertiseFinish extro.
20250509 034328.016 INFO             PET1     ESMX_Driver: IInitModifyCplLists intro.
20250509 034328.016 INFO             PET1       >>>ESMX_Driver: entered Initialize (phase=<none>) with current time: 2012 10 24  8  0  0   0
20250509 034328.016 INFO             PET1       <<<ESMX_Driver: leaving Initialize (phase=<none>) with current time: 2012 10 24  8  0  0   0
20250509 034328.016 INFO             PET1     ESMX_Driver: IInitModifyCplLists extro.
20250509 034328.017 INFO             PET1     <<<ESMX_Driver: leaving Initialize (phase=<none>) with current time: 2012 10 24  8  0  0   0
20250509 034328.017 INFO             PET1   ESMX_Driver: InitializeIPDv02p1 extro.
20250509 034328.017 INFO             PET1   ESMX_Driver: InitializeIPDv02p3 intro.
20250509 034328.017 INFO             PET1     >>>ESMX_Driver: entered Initialize (phase=<none>) with current time: 2012 10 24  8  0  0   0
20250509 034328.018 INFO             PET1     ESMX_Driver: IInitCheck intro.
20250509 034328.018 INFO             PET1       >>>ESMX_Driver: entered Initialize (phase=<none>) with current time: 2012 10 24  8  0  0   0
20250509 034328.018 INFO             PET1       <<<ESMX_Driver: leaving Initialize (phase=<none>) with current time: 2012 10 24  8  0  0   0
20250509 034328.018 INFO             PET1     ESMX_Driver: IInitCheck extro.
20250509 034328.019 INFO             PET1     ABC: InitializeIPDvXp04 intro.
20250509 034328.019 INFO             PET1       >>>ABC: entered Initialize (phase=IPDvXp04) without valid internal Clock.
20250509 034328.022 INFO             PET1       <<<ABC: leaving Initialize (phase=IPDvXp04) without valid internal Clock.
20250509 034328.022 INFO             PET1     ABC: InitializeIPDvXp04 extro.
20250509 034328.024 INFO             PET1     ESMX_Driver: IInitRealize intro.
20250509 034328.025 INFO             PET1       >>>ESMX_Driver: entered Initialize (phase=<none>) with current time: 2012 10 24  8  0  0   0
20250509 034328.025 INFO             PET1       <<<ESMX_Driver: leaving Initialize (phase=<none>) with current time: 2012 10 24  8  0  0   0
20250509 034328.025 INFO             PET1     ESMX_Driver: IInitRealize extro.
20250509 034328.026 INFO             PET1     ABC: InitializeIPDvXp07 intro.
20250509 034328.026 INFO             PET1       >>>ABC: entered Initialize (phase=IPDvXp07) without valid internal Clock.
20250509 034328.026 INFO             PET1       <<<ABC: leaving Initialize (phase=IPDvXp07) with current time: 2012 10 24  8  0  0   0
20250509 034328.026 INFO             PET1     ABC: InitializeIPDvXp07 extro.
20250509 034328.026 INFO             PET1     <<<ESMX_Driver: leaving Initialize (phase=<none>) with current time: 2012 10 24  8  0  0   0
20250509 034328.026 INFO             PET1   ESMX_Driver: InitializeIPDv02p3 extro.
20250509 034328.027 INFO             PET1   ESMX_Driver: InitializeIPDv02p5 intro.
20250509 034328.027 INFO             PET1     >>>ESMX_Driver: entered Initialize (phase=<none>) with current time: 2012 10 24  8  0  0   0
20250509 034328.027 INFO             PET1     ESMX_Driver: InitializeIPDv02p5Data intro.
20250509 034328.027 INFO             PET1       >>>ESMX_Driver: entered Initialize (phase=<none>) with current time: 2012 10 24  8  0  0   0
20250509 034328.028 INFO             PET1       ESMX_Driver: InternalInitializeComplete intro.
20250509 034328.028 INFO             PET1         >>>ESMX_Driver: entered Initialize (phase=<none>) with current time: 2012 10 24  8  0  0   0
20250509 034328.028 INFO             PET1         <<<ESMX_Driver: leaving Initialize (phase=<none>) with current time: 2012 10 24  8  0  0   0
20250509 034328.028 INFO             PET1       ESMX_Driver: InternalInitializeComplete extro.
20250509 034328.029 INFO             PET1       ABC: InitializeIPDvXp08 intro.
20250509 034328.029 INFO             PET1         >>>ABC: entered Initialize (phase=IPDv05p8) with current time: 2012 10 24  8  0  0   0
20250509 034328.030 INFO             PET1         <<<ABC: leaving Initialize (phase=IPDv05p8) with current time: 2012 10 24  8  0  0   0
20250509 034328.030 INFO             PET1       ABC: InitializeIPDvXp08 extro.
20250509 034328.032 INFO             PET1       ESMX_Driver: loopDataDependentInitialize intro.
20250509 034328.032 INFO             PET1         >>>ESMX_Driver: entered Initialize (phase=<none>) with current time: 2012 10 24  8  0  0   0
20250509 034328.033 INFO             PET1         <<<ESMX_Driver: leaving Initialize (phase=<none>) with current time: 2012 10 24  8  0  0   0
20250509 034328.033 INFO             PET1       ESMX_Driver: loopDataDependentInitialize extro.
20250509 034328.033 INFO             PET1       <<<ESMX_Driver: leaving Initialize (phase=<none>) with current time: 2012 10 24  8  0  0   0
20250509 034328.033 INFO             PET1     ESMX_Driver: InitializeIPDv02p5Data extro.
20250509 034328.033 INFO             PET1     <<<ESMX_Driver: leaving Initialize (phase=<none>) with current time: 2012 10 24  8  0  0   0
20250509 034328.034 INFO             PET1   ESMX_Driver: InitializeIPDv02p5 extro.
20250509 034328.034 INFO             PET1   <<<ESMX_Driver: leaving Initialize (phase=<none>) with current time: 2012 10 24  8  0  0   0
20250509 034328.034 INFO             PET1 ESMX_Driver: InitializeGeneric extro.
20250509 034328.034 INFO             PET1 ESMX_Driver: Run intro.
20250509 034328.034 INFO             PET1   >>>ESMX_Driver: entered Run (phase=RunPhase1) with current time: 2012 10 24  8  0  0   0
20250509 034328.035 INFO             PET1   ABC: Run intro.
20250509 034328.035 INFO             PET1     >>>ABC: entered Run (phase=RunPhase1) with current time: 2012 10 24  8  0  0   0
20250509 034328.036 INFO             PET1     <<<ABC: leaving Run (phase=RunPhase1) with current time: 2012 10 24 20  0  0   0
20250509 034328.036 INFO             PET1   ABC: Run extro.
20250509 034328.036 INFO             PET1   <<<ESMX_Driver: leaving Run (phase=RunPhase1) with current time: 2012 10 24 20  0  0   0
20250509 034328.036 INFO             PET1 ESMX_Driver: Run extro.
20250509 034328.036 INFO             PET1 ESMX_Driver: Finalize intro.
20250509 034328.036 INFO             PET1   >>>ESMX_Driver: entered Finalize (phase=FinalizePhase1) with current time: 2012 10 24 20  0  0   0
20250509 034328.036 INFO             PET1   Calling Finalize phase 1 for modelComp: ABC
20250509 034328.036 INFO             PET1   ABC: Finalize intro.
20250509 034328.036 INFO             PET1     >>>ABC: entered Finalize (phase=FinalizePhase1) with current time: 2012 10 24 20  0  0   0
20250509 034328.037 INFO             PET1     <<<ABC: leaving Finalize (phase=FinalizePhase1) with current time: 2012 10 24 20  0  0   0
20250509 034328.037 INFO             PET1   ABC: Finalize extro.
20250509 034328.037 INFO             PET1   Delete modelComp: ABC
20250509 034328.037 INFO             PET1   <<<ESMX_Driver: leaving Finalize (phase=FinalizePhase1) with current time: 2012 10 24 20  0  0   0
20250509 034328.037 INFO             PET1 ESMX_Driver: Finalize extro.
20250509 034328.037 INFO             PET1 =============================================
20250509 034328.037 INFO             PET1 ESMX (Earth System Model eXecutable) FINISHED
20250509 034328.037 INFO             PET1 =============================================
20250509 034328.037 INFO             PET1  Finalizing ESMF
20250509 034327.936 INFO             PET2 !!!!!!!!!!!!!!!!!!!!!!!!!!!!!!!!!!!!!!!!!!!!!!!!!!!!!!
20250509 034327.936 INFO             PET2 !!! THE ESMF_LOG IS SET TO OUTPUT ALL LOG MESSAGES !!!
20250509 034327.936 INFO             PET2 !!!     THIS MAY CAUSE SLOWDOWN IN PERFORMANCE     !!!
20250509 034327.936 INFO             PET2 !!! FOR PRODUCTION RUNS, USE:                      !!!
20250509 034327.936 INFO             PET2 !!!                   ESMF_LOGKIND_Multi_On_Error  !!!
20250509 034327.936 INFO             PET2 !!!!!!!!!!!!!!!!!!!!!!!!!!!!!!!!!!!!!!!!!!!!!!!!!!!!!!
20250509 034327.936 INFO             PET2 Running with ESMF Version   : v8.9.0b08-9-gea72ab2180
20250509 034327.936 INFO             PET2 ESMF library build date/time: "May  9 2025" "02:39:56"
20250509 034327.936 INFO             PET2 ESMF library build location : /work/noaa/da/mpotts/sandbox/gfortran_12.2.0_openmpi_g_develop/esmf
20250509 034327.936 INFO             PET2 ESMF_COMM                   : openmpi
20250509 034327.936 INFO             PET2 ESMF_MOAB                   : enabled
20250509 034327.936 INFO             PET2 ESMF_LAPACK                 : enabled
20250509 034327.936 INFO             PET2 ESMF_NETCDF                 : disabled
20250509 034327.936 INFO             PET2 ESMF_PNETCDF                : disabled
20250509 034327.936 INFO             PET2 ESMF_PIO                    : disabled
20250509 034327.936 INFO             PET2 ESMF_YAMLCPP                : enabled
20250509 034327.947 INFO             PET2 =============================================
20250509 034327.947 INFO             PET2 ESMX (Earth System Model eXecutable) STARTING
20250509 034327.947 INFO             PET2 =============================================
20250509 034327.964 INFO             PET2 ESMX_Driver: InitializeGeneric intro.
20250509 034327.965 INFO             PET2   >>>ESMX_Driver: entered Initialize (phase=<none>) without valid internal Clock.
20250509 034327.965 INFO             PET2   ESMX_Driver: InitializeP0 intro.
20250509 034327.965 INFO             PET2     >>>ESMX_Driver: entered Initialize (phase=<none>) without valid internal Clock.
20250509 034327.965 INFO             PET2     <<<ESMX_Driver: leaving Initialize (phase=<none>) without valid internal Clock.
20250509 034327.965 INFO             PET2   ESMX_Driver: InitializeP0 extro.
20250509 034327.966 INFO             PET2   ESMX_Driver: InitializeIPDv02p1 intro.
20250509 034327.966 INFO             PET2     >>>ESMX_Driver: entered Initialize (phase=<none>) without valid internal Clock.
20250509 034327.982 INFO             PET2     ESMX_Driver - Creating model component ABC without petList.
20250509 034327.982 DEBUG            PET2     Generic SetVM() is executing for: ABC
20250509 034327.982 DEBUG            PET2     Generic SetVM() found no NUOPC Hint for: ABC
20250509 034327.982 DEBUG            PET2     Generic SetVM() therefore is NOT calling ESMF_GridCompSetVMMaxPEs() for: ABC
20250509 034327.993 INFO             PET2     ABC: InitializeP0 intro.
20250509 034327.994 INFO             PET2       >>>ABC: entered Initialize (phase=<none>) without valid internal Clock.
20250509 034327.997 INFO             PET2       <<<ABC: leaving Initialize (phase=<none>) without valid internal Clock.
20250509 034327.997 INFO             PET2     ABC: InitializeP0 extro.
20250509 034328.007 INFO             PET2     ESMX_Driver: IInitAdvertise intro.
20250509 034328.007 INFO             PET2       >>>ESMX_Driver: entered Initialize (phase=<none>) with current time: 2012 10 24  8  0  0   0
20250509 034328.008 INFO             PET2       <<<ESMX_Driver: leaving Initialize (phase=<none>) with current time: 2012 10 24  8  0  0   0
20250509 034328.008 INFO             PET2     ESMX_Driver: IInitAdvertise extro.
20250509 034328.008 INFO             PET2     ABC: InitializeIPDvXp01 intro.
20250509 034328.008 INFO             PET2       >>>ABC: entered Initialize (phase=IPDvXp01) without valid internal Clock.
20250509 034328.010 INFO             PET2       <<<ABC: leaving Initialize (phase=IPDvXp01) without valid internal Clock.
20250509 034328.010 INFO             PET2     ABC: InitializeIPDvXp01 extro.
20250509 034328.013 INFO             PET2     ESMX_Driver: IInitAdvertiseFinish intro.
20250509 034328.014 INFO             PET2       >>>ESMX_Driver: entered Initialize (phase=<none>) with current time: 2012 10 24  8  0  0   0
20250509 034328.014 INFO             PET2       <<<ESMX_Driver: leaving Initialize (phase=<none>) with current time: 2012 10 24  8  0  0   0
20250509 034328.014 INFO             PET2     ESMX_Driver: IInitAdvertiseFinish extro.
20250509 034328.015 INFO             PET2     ESMX_Driver: IInitModifyCplLists intro.
20250509 034328.015 INFO             PET2       >>>ESMX_Driver: entered Initialize (phase=<none>) with current time: 2012 10 24  8  0  0   0
20250509 034328.015 INFO             PET2       <<<ESMX_Driver: leaving Initialize (phase=<none>) with current time: 2012 10 24  8  0  0   0
20250509 034328.015 INFO             PET2     ESMX_Driver: IInitModifyCplLists extro.
20250509 034328.015 INFO             PET2     <<<ESMX_Driver: leaving Initialize (phase=<none>) with current time: 2012 10 24  8  0  0   0
20250509 034328.015 INFO             PET2   ESMX_Driver: InitializeIPDv02p1 extro.
20250509 034328.016 INFO             PET2   ESMX_Driver: InitializeIPDv02p3 intro.
20250509 034328.016 INFO             PET2     >>>ESMX_Driver: entered Initialize (phase=<none>) with current time: 2012 10 24  8  0  0   0
20250509 034328.016 INFO             PET2     ESMX_Driver: IInitCheck intro.
20250509 034328.017 INFO             PET2       >>>ESMX_Driver: entered Initialize (phase=<none>) with current time: 2012 10 24  8  0  0   0
20250509 034328.017 INFO             PET2       <<<ESMX_Driver: leaving Initialize (phase=<none>) with current time: 2012 10 24  8  0  0   0
20250509 034328.017 INFO             PET2     ESMX_Driver: IInitCheck extro.
20250509 034328.017 INFO             PET2     ABC: InitializeIPDvXp04 intro.
20250509 034328.017 INFO             PET2       >>>ABC: entered Initialize (phase=IPDvXp04) without valid internal Clock.
20250509 034328.020 INFO             PET2       <<<ABC: leaving Initialize (phase=IPDvXp04) without valid internal Clock.
20250509 034328.020 INFO             PET2     ABC: InitializeIPDvXp04 extro.
20250509 034328.024 INFO             PET2     ESMX_Driver: IInitRealize intro.
20250509 034328.024 INFO             PET2       >>>ESMX_Driver: entered Initialize (phase=<none>) with current time: 2012 10 24  8  0  0   0
20250509 034328.024 INFO             PET2       <<<ESMX_Driver: leaving Initialize (phase=<none>) with current time: 2012 10 24  8  0  0   0
20250509 034328.024 INFO             PET2     ESMX_Driver: IInitRealize extro.
20250509 034328.025 INFO             PET2     ABC: InitializeIPDvXp07 intro.
20250509 034328.025 INFO             PET2       >>>ABC: entered Initialize (phase=IPDvXp07) without valid internal Clock.
20250509 034328.025 INFO             PET2       <<<ABC: leaving Initialize (phase=IPDvXp07) with current time: 2012 10 24  8  0  0   0
20250509 034328.025 INFO             PET2     ABC: InitializeIPDvXp07 extro.
20250509 034328.025 INFO             PET2     <<<ESMX_Driver: leaving Initialize (phase=<none>) with current time: 2012 10 24  8  0  0   0
20250509 034328.025 INFO             PET2   ESMX_Driver: InitializeIPDv02p3 extro.
20250509 034328.026 INFO             PET2   ESMX_Driver: InitializeIPDv02p5 intro.
20250509 034328.026 INFO             PET2     >>>ESMX_Driver: entered Initialize (phase=<none>) with current time: 2012 10 24  8  0  0   0
20250509 034328.026 INFO             PET2     ESMX_Driver: InitializeIPDv02p5Data intro.
20250509 034328.026 INFO             PET2       >>>ESMX_Driver: entered Initialize (phase=<none>) with current time: 2012 10 24  8  0  0   0
20250509 034328.027 INFO             PET2       ESMX_Driver: InternalInitializeComplete intro.
20250509 034328.027 INFO             PET2         >>>ESMX_Driver: entered Initialize (phase=<none>) with current time: 2012 10 24  8  0  0   0
20250509 034328.027 INFO             PET2         <<<ESMX_Driver: leaving Initialize (phase=<none>) with current time: 2012 10 24  8  0  0   0
20250509 034328.027 INFO             PET2       ESMX_Driver: InternalInitializeComplete extro.
20250509 034328.028 INFO             PET2       ABC: InitializeIPDvXp08 intro.
20250509 034328.028 INFO             PET2         >>>ABC: entered Initialize (phase=IPDv05p8) with current time: 2012 10 24  8  0  0   0
20250509 034328.029 INFO             PET2         <<<ABC: leaving Initialize (phase=IPDv05p8) with current time: 2012 10 24  8  0  0   0
20250509 034328.029 INFO             PET2       ABC: InitializeIPDvXp08 extro.
20250509 034328.032 INFO             PET2       ESMX_Driver: loopDataDependentInitialize intro.
20250509 034328.032 INFO             PET2         >>>ESMX_Driver: entered Initialize (phase=<none>) with current time: 2012 10 24  8  0  0   0
20250509 034328.033 INFO             PET2         <<<ESMX_Driver: leaving Initialize (phase=<none>) with current time: 2012 10 24  8  0  0   0
20250509 034328.033 INFO             PET2       ESMX_Driver: loopDataDependentInitialize extro.
20250509 034328.033 INFO             PET2       <<<ESMX_Driver: leaving Initialize (phase=<none>) with current time: 2012 10 24  8  0  0   0
20250509 034328.033 INFO             PET2     ESMX_Driver: InitializeIPDv02p5Data extro.
20250509 034328.033 INFO             PET2     <<<ESMX_Driver: leaving Initialize (phase=<none>) with current time: 2012 10 24  8  0  0   0
20250509 034328.033 INFO             PET2   ESMX_Driver: InitializeIPDv02p5 extro.
20250509 034328.034 INFO             PET2   <<<ESMX_Driver: leaving Initialize (phase=<none>) with current time: 2012 10 24  8  0  0   0
20250509 034328.034 INFO             PET2 ESMX_Driver: InitializeGeneric extro.
20250509 034328.034 INFO             PET2 ESMX_Driver: Run intro.
20250509 034328.034 INFO             PET2   >>>ESMX_Driver: entered Run (phase=RunPhase1) with current time: 2012 10 24  8  0  0   0
20250509 034328.035 INFO             PET2   ABC: Run intro.
20250509 034328.035 INFO             PET2     >>>ABC: entered Run (phase=RunPhase1) with current time: 2012 10 24  8  0  0   0
20250509 034328.035 INFO             PET2     <<<ABC: leaving Run (phase=RunPhase1) with current time: 2012 10 24 20  0  0   0
20250509 034328.035 INFO             PET2   ABC: Run extro.
20250509 034328.035 INFO             PET2   <<<ESMX_Driver: leaving Run (phase=RunPhase1) with current time: 2012 10 24 20  0  0   0
20250509 034328.035 INFO             PET2 ESMX_Driver: Run extro.
20250509 034328.036 INFO             PET2 ESMX_Driver: Finalize intro.
20250509 034328.036 INFO             PET2   >>>ESMX_Driver: entered Finalize (phase=FinalizePhase1) with current time: 2012 10 24 20  0  0   0
20250509 034328.036 INFO             PET2   Calling Finalize phase 1 for modelComp: ABC
20250509 034328.036 INFO             PET2   ABC: Finalize intro.
20250509 034328.036 INFO             PET2     >>>ABC: entered Finalize (phase=FinalizePhase1) with current time: 2012 10 24 20  0  0   0
20250509 034328.037 INFO             PET2     <<<ABC: leaving Finalize (phase=FinalizePhase1) with current time: 2012 10 24 20  0  0   0
20250509 034328.037 INFO             PET2   ABC: Finalize extro.
20250509 034328.037 INFO             PET2   Delete modelComp: ABC
20250509 034328.037 INFO             PET2   <<<ESMX_Driver: leaving Finalize (phase=FinalizePhase1) with current time: 2012 10 24 20  0  0   0
20250509 034328.037 INFO             PET2 ESMX_Driver: Finalize extro.
20250509 034328.037 INFO             PET2 =============================================
20250509 034328.037 INFO             PET2 ESMX (Earth System Model eXecutable) FINISHED
20250509 034328.037 INFO             PET2 =============================================
20250509 034328.037 INFO             PET2  Finalizing ESMF
20250509 034327.936 INFO             PET3 !!!!!!!!!!!!!!!!!!!!!!!!!!!!!!!!!!!!!!!!!!!!!!!!!!!!!!
20250509 034327.936 INFO             PET3 !!! THE ESMF_LOG IS SET TO OUTPUT ALL LOG MESSAGES !!!
20250509 034327.936 INFO             PET3 !!!     THIS MAY CAUSE SLOWDOWN IN PERFORMANCE     !!!
20250509 034327.936 INFO             PET3 !!! FOR PRODUCTION RUNS, USE:                      !!!
20250509 034327.936 INFO             PET3 !!!                   ESMF_LOGKIND_Multi_On_Error  !!!
20250509 034327.936 INFO             PET3 !!!!!!!!!!!!!!!!!!!!!!!!!!!!!!!!!!!!!!!!!!!!!!!!!!!!!!
20250509 034327.936 INFO             PET3 Running with ESMF Version   : v8.9.0b08-9-gea72ab2180
20250509 034327.936 INFO             PET3 ESMF library build date/time: "May  9 2025" "02:39:56"
20250509 034327.936 INFO             PET3 ESMF library build location : /work/noaa/da/mpotts/sandbox/gfortran_12.2.0_openmpi_g_develop/esmf
20250509 034327.936 INFO             PET3 ESMF_COMM                   : openmpi
20250509 034327.936 INFO             PET3 ESMF_MOAB                   : enabled
20250509 034327.936 INFO             PET3 ESMF_LAPACK                 : enabled
20250509 034327.936 INFO             PET3 ESMF_NETCDF                 : disabled
20250509 034327.936 INFO             PET3 ESMF_PNETCDF                : disabled
20250509 034327.936 INFO             PET3 ESMF_PIO                    : disabled
20250509 034327.936 INFO             PET3 ESMF_YAMLCPP                : enabled
20250509 034327.947 INFO             PET3 =============================================
20250509 034327.947 INFO             PET3 ESMX (Earth System Model eXecutable) STARTING
20250509 034327.947 INFO             PET3 =============================================
20250509 034327.964 INFO             PET3 ESMX_Driver: InitializeGeneric intro.
20250509 034327.965 INFO             PET3   >>>ESMX_Driver: entered Initialize (phase=<none>) without valid internal Clock.
20250509 034327.965 INFO             PET3   ESMX_Driver: InitializeP0 intro.
20250509 034327.965 INFO             PET3     >>>ESMX_Driver: entered Initialize (phase=<none>) without valid internal Clock.
20250509 034327.965 INFO             PET3     <<<ESMX_Driver: leaving Initialize (phase=<none>) without valid internal Clock.
20250509 034327.965 INFO             PET3   ESMX_Driver: InitializeP0 extro.
20250509 034327.966 INFO             PET3   ESMX_Driver: InitializeIPDv02p1 intro.
20250509 034327.966 INFO             PET3     >>>ESMX_Driver: entered Initialize (phase=<none>) without valid internal Clock.
20250509 034327.982 INFO             PET3     ESMX_Driver - Creating model component ABC without petList.
20250509 034327.982 DEBUG            PET3     Generic SetVM() is executing for: ABC
20250509 034327.982 DEBUG            PET3     Generic SetVM() found no NUOPC Hint for: ABC
20250509 034327.982 DEBUG            PET3     Generic SetVM() therefore is NOT calling ESMF_GridCompSetVMMaxPEs() for: ABC
20250509 034327.993 INFO             PET3     ABC: InitializeP0 intro.
20250509 034327.994 INFO             PET3       >>>ABC: entered Initialize (phase=<none>) without valid internal Clock.
20250509 034327.997 INFO             PET3       <<<ABC: leaving Initialize (phase=<none>) without valid internal Clock.
20250509 034327.997 INFO             PET3     ABC: InitializeP0 extro.
20250509 034328.008 INFO             PET3     ESMX_Driver: IInitAdvertise intro.
20250509 034328.008 INFO             PET3       >>>ESMX_Driver: entered Initialize (phase=<none>) with current time: 2012 10 24  8  0  0   0
20250509 034328.009 INFO             PET3       <<<ESMX_Driver: leaving Initialize (phase=<none>) with current time: 2012 10 24  8  0  0   0
20250509 034328.009 INFO             PET3     ESMX_Driver: IInitAdvertise extro.
20250509 034328.009 INFO             PET3     ABC: InitializeIPDvXp01 intro.
20250509 034328.009 INFO             PET3       >>>ABC: entered Initialize (phase=IPDvXp01) without valid internal Clock.
20250509 034328.011 INFO             PET3       <<<ABC: leaving Initialize (phase=IPDvXp01) without valid internal Clock.
20250509 034328.011 INFO             PET3     ABC: InitializeIPDvXp01 extro.
20250509 034328.015 INFO             PET3     ESMX_Driver: IInitAdvertiseFinish intro.
20250509 034328.015 INFO             PET3       >>>ESMX_Driver: entered Initialize (phase=<none>) with current time: 2012 10 24  8  0  0   0
20250509 034328.015 INFO             PET3       <<<ESMX_Driver: leaving Initialize (phase=<none>) with current time: 2012 10 24  8  0  0   0
20250509 034328.015 INFO             PET3     ESMX_Driver: IInitAdvertiseFinish extro.
20250509 034328.016 INFO             PET3     ESMX_Driver: IInitModifyCplLists intro.
20250509 034328.016 INFO             PET3       >>>ESMX_Driver: entered Initialize (phase=<none>) with current time: 2012 10 24  8  0  0   0
20250509 034328.016 INFO             PET3       <<<ESMX_Driver: leaving Initialize (phase=<none>) with current time: 2012 10 24  8  0  0   0
20250509 034328.016 INFO             PET3     ESMX_Driver: IInitModifyCplLists extro.
20250509 034328.017 INFO             PET3     <<<ESMX_Driver: leaving Initialize (phase=<none>) with current time: 2012 10 24  8  0  0   0
20250509 034328.017 INFO             PET3   ESMX_Driver: InitializeIPDv02p1 extro.
20250509 034328.017 INFO             PET3   ESMX_Driver: InitializeIPDv02p3 intro.
20250509 034328.017 INFO             PET3     >>>ESMX_Driver: entered Initialize (phase=<none>) with current time: 2012 10 24  8  0  0   0
20250509 034328.017 INFO             PET3     ESMX_Driver: IInitCheck intro.
20250509 034328.018 INFO             PET3       >>>ESMX_Driver: entered Initialize (phase=<none>) with current time: 2012 10 24  8  0  0   0
20250509 034328.018 INFO             PET3       <<<ESMX_Driver: leaving Initialize (phase=<none>) with current time: 2012 10 24  8  0  0   0
20250509 034328.018 INFO             PET3     ESMX_Driver: IInitCheck extro.
20250509 034328.018 INFO             PET3     ABC: InitializeIPDvXp04 intro.
20250509 034328.019 INFO             PET3       >>>ABC: entered Initialize (phase=IPDvXp04) without valid internal Clock.
20250509 034328.021 INFO             PET3       <<<ABC: leaving Initialize (phase=IPDvXp04) without valid internal Clock.
20250509 034328.021 INFO             PET3     ABC: InitializeIPDvXp04 extro.
20250509 034328.024 INFO             PET3     ESMX_Driver: IInitRealize intro.
20250509 034328.024 INFO             PET3       >>>ESMX_Driver: entered Initialize (phase=<none>) with current time: 2012 10 24  8  0  0   0
20250509 034328.025 INFO             PET3       <<<ESMX_Driver: leaving Initialize (phase=<none>) with current time: 2012 10 24  8  0  0   0
20250509 034328.025 INFO             PET3     ESMX_Driver: IInitRealize extro.
20250509 034328.025 INFO             PET3     ABC: InitializeIPDvXp07 intro.
20250509 034328.026 INFO             PET3       >>>ABC: entered Initialize (phase=IPDvXp07) without valid internal Clock.
20250509 034328.026 INFO             PET3       <<<ABC: leaving Initialize (phase=IPDvXp07) with current time: 2012 10 24  8  0  0   0
20250509 034328.026 INFO             PET3     ABC: InitializeIPDvXp07 extro.
20250509 034328.026 INFO             PET3     <<<ESMX_Driver: leaving Initialize (phase=<none>) with current time: 2012 10 24  8  0  0   0
20250509 034328.026 INFO             PET3   ESMX_Driver: InitializeIPDv02p3 extro.
20250509 034328.026 INFO             PET3   ESMX_Driver: InitializeIPDv02p5 intro.
20250509 034328.026 INFO             PET3     >>>ESMX_Driver: entered Initialize (phase=<none>) with current time: 2012 10 24  8  0  0   0
20250509 034328.027 INFO             PET3     ESMX_Driver: InitializeIPDv02p5Data intro.
20250509 034328.027 INFO             PET3       >>>ESMX_Driver: entered Initialize (phase=<none>) with current time: 2012 10 24  8  0  0   0
20250509 034328.027 INFO             PET3       ESMX_Driver: InternalInitializeComplete intro.
20250509 034328.028 INFO             PET3         >>>ESMX_Driver: entered Initialize (phase=<none>) with current time: 2012 10 24  8  0  0   0
20250509 034328.028 INFO             PET3         <<<ESMX_Driver: leaving Initialize (phase=<none>) with current time: 2012 10 24  8  0  0   0
20250509 034328.028 INFO             PET3       ESMX_Driver: InternalInitializeComplete extro.
20250509 034328.028 INFO             PET3       ABC: InitializeIPDvXp08 intro.
20250509 034328.029 INFO             PET3         >>>ABC: entered Initialize (phase=IPDv05p8) with current time: 2012 10 24  8  0  0   0
20250509 034328.029 INFO             PET3         <<<ABC: leaving Initialize (phase=IPDv05p8) with current time: 2012 10 24  8  0  0   0
20250509 034328.029 INFO             PET3       ABC: InitializeIPDvXp08 extro.
20250509 034328.032 INFO             PET3       ESMX_Driver: loopDataDependentInitialize intro.
20250509 034328.032 INFO             PET3         >>>ESMX_Driver: entered Initialize (phase=<none>) with current time: 2012 10 24  8  0  0   0
20250509 034328.033 INFO             PET3         <<<ESMX_Driver: leaving Initialize (phase=<none>) with current time: 2012 10 24  8  0  0   0
20250509 034328.033 INFO             PET3       ESMX_Driver: loopDataDependentInitialize extro.
20250509 034328.033 INFO             PET3       <<<ESMX_Driver: leaving Initialize (phase=<none>) with current time: 2012 10 24  8  0  0   0
20250509 034328.033 INFO             PET3     ESMX_Driver: InitializeIPDv02p5Data extro.
20250509 034328.033 INFO             PET3     <<<ESMX_Driver: leaving Initialize (phase=<none>) with current time: 2012 10 24  8  0  0   0
20250509 034328.033 INFO             PET3   ESMX_Driver: InitializeIPDv02p5 extro.
20250509 034328.034 INFO             PET3   <<<ESMX_Driver: leaving Initialize (phase=<none>) with current time: 2012 10 24  8  0  0   0
20250509 034328.034 INFO             PET3 ESMX_Driver: InitializeGeneric extro.
20250509 034328.034 INFO             PET3 ESMX_Driver: Run intro.
20250509 034328.034 INFO             PET3   >>>ESMX_Driver: entered Run (phase=RunPhase1) with current time: 2012 10 24  8  0  0   0
20250509 034328.035 INFO             PET3   ABC: Run intro.
20250509 034328.035 INFO             PET3     >>>ABC: entered Run (phase=RunPhase1) with current time: 2012 10 24  8  0  0   0
20250509 034328.035 INFO             PET3     <<<ABC: leaving Run (phase=RunPhase1) with current time: 2012 10 24 20  0  0   0
20250509 034328.035 INFO             PET3   ABC: Run extro.
20250509 034328.035 INFO             PET3   <<<ESMX_Driver: leaving Run (phase=RunPhase1) with current time: 2012 10 24 20  0  0   0
20250509 034328.035 INFO             PET3 ESMX_Driver: Run extro.
20250509 034328.036 INFO             PET3 ESMX_Driver: Finalize intro.
20250509 034328.036 INFO             PET3   >>>ESMX_Driver: entered Finalize (phase=FinalizePhase1) with current time: 2012 10 24 20  0  0   0
20250509 034328.036 INFO             PET3   Calling Finalize phase 1 for modelComp: ABC
20250509 034328.036 INFO             PET3   ABC: Finalize intro.
20250509 034328.036 INFO             PET3     >>>ABC: entered Finalize (phase=FinalizePhase1) with current time: 2012 10 24 20  0  0   0
20250509 034328.037 INFO             PET3     <<<ABC: leaving Finalize (phase=FinalizePhase1) with current time: 2012 10 24 20  0  0   0
20250509 034328.037 INFO             PET3   ABC: Finalize extro.
20250509 034328.037 INFO             PET3   Delete modelComp: ABC
20250509 034328.037 INFO             PET3   <<<ESMX_Driver: leaving Finalize (phase=FinalizePhase1) with current time: 2012 10 24 20  0  0   0
20250509 034328.037 INFO             PET3 ESMX_Driver: Finalize extro.
20250509 034328.037 INFO             PET3 =============================================
20250509 034328.037 INFO             PET3 ESMX (Earth System Model eXecutable) FINISHED
20250509 034328.037 INFO             PET3 =============================================
20250509 034328.037 INFO             PET3  Finalizing ESMF
