2025-05-10 02:41:49
20250510 034529.409 INFO             PET0 !!!!!!!!!!!!!!!!!!!!!!!!!!!!!!!!!!!!!!!!!!!!!!!!!!!!!!
20250510 034529.409 INFO             PET0 !!! THE ESMF_LOG IS SET TO OUTPUT ALL LOG MESSAGES !!!
20250510 034529.409 INFO             PET0 !!!     THIS MAY CAUSE SLOWDOWN IN PERFORMANCE     !!!
20250510 034529.409 INFO             PET0 !!! FOR PRODUCTION RUNS, USE:                      !!!
20250510 034529.409 INFO             PET0 !!!                   ESMF_LOGKIND_Multi_On_Error  !!!
20250510 034529.409 INFO             PET0 !!!!!!!!!!!!!!!!!!!!!!!!!!!!!!!!!!!!!!!!!!!!!!!!!!!!!!
20250510 034529.409 INFO             PET0 Running with ESMF Version   : v8.9.0b08-9-gea72ab2180
20250510 034529.409 INFO             PET0 ESMF library build date/time: "May 10 2025" "02:39:11"
20250510 034529.409 INFO             PET0 ESMF library build location : /work/noaa/da/mpotts/sandbox/gfortran_12.2.0_openmpi_g_develop/esmf
20250510 034529.409 INFO             PET0 ESMF_COMM                   : openmpi
20250510 034529.410 INFO             PET0 ESMF_MOAB                   : enabled
20250510 034529.410 INFO             PET0 ESMF_LAPACK                 : enabled
20250510 034529.410 INFO             PET0 ESMF_NETCDF                 : disabled
20250510 034529.410 INFO             PET0 ESMF_PNETCDF                : disabled
20250510 034529.410 INFO             PET0 ESMF_PIO                    : disabled
20250510 034529.410 INFO             PET0 ESMF_YAMLCPP                : enabled
20250510 034529.418 INFO             PET0 =============================================
20250510 034529.418 INFO             PET0 ESMX (Earth System Model eXecutable) STARTING
20250510 034529.418 INFO             PET0 =============================================
20250510 034529.435 INFO             PET0 ESMX_Driver: InitializeGeneric intro.
20250510 034529.435 INFO             PET0   >>>ESMX_Driver: entered Initialize (phase=<none>) without valid internal Clock.
20250510 034529.435 INFO             PET0   ESMX_Driver: InitializeP0 intro.
20250510 034529.435 INFO             PET0     >>>ESMX_Driver: entered Initialize (phase=<none>) without valid internal Clock.
20250510 034529.435 INFO             PET0     <<<ESMX_Driver: leaving Initialize (phase=<none>) without valid internal Clock.
20250510 034529.436 INFO             PET0   ESMX_Driver: InitializeP0 extro.
20250510 034529.436 INFO             PET0   ESMX_Driver: InitializeIPDv02p1 intro.
20250510 034529.436 INFO             PET0     >>>ESMX_Driver: entered Initialize (phase=<none>) without valid internal Clock.
20250510 034529.447 INFO             PET0     ESMX_Driver: IInitAdvertise intro.
20250510 034529.447 INFO             PET0       >>>ESMX_Driver: entered Initialize (phase=<none>) with current time: 2012 10 24  8  0  0   0
20250510 034529.447 INFO             PET0       <<<ESMX_Driver: leaving Initialize (phase=<none>) with current time: 2012 10 24  8  0  0   0
20250510 034529.447 INFO             PET0     ESMX_Driver: IInitAdvertise extro.
20250510 034529.448 INFO             PET0     ESMX_Driver: IInitAdvertiseFinish intro.
20250510 034529.448 INFO             PET0       >>>ESMX_Driver: entered Initialize (phase=<none>) with current time: 2012 10 24  8  0  0   0
20250510 034529.448 INFO             PET0       <<<ESMX_Driver: leaving Initialize (phase=<none>) with current time: 2012 10 24  8  0  0   0
20250510 034529.448 INFO             PET0     ESMX_Driver: IInitAdvertiseFinish extro.
20250510 034529.449 INFO             PET0     ESMX_Driver: IInitModifyCplLists intro.
20250510 034529.449 INFO             PET0       >>>ESMX_Driver: entered Initialize (phase=<none>) with current time: 2012 10 24  8  0  0   0
20250510 034529.449 INFO             PET0       <<<ESMX_Driver: leaving Initialize (phase=<none>) with current time: 2012 10 24  8  0  0   0
20250510 034529.449 INFO             PET0     ESMX_Driver: IInitModifyCplLists extro.
20250510 034529.450 INFO             PET0     <<<ESMX_Driver: leaving Initialize (phase=<none>) with current time: 2012 10 24  8  0  0   0
20250510 034529.450 INFO             PET0   ESMX_Driver: InitializeIPDv02p1 extro.
20250510 034529.450 INFO             PET0   ESMX_Driver: InitializeIPDv02p3 intro.
20250510 034529.450 INFO             PET0     >>>ESMX_Driver: entered Initialize (phase=<none>) with current time: 2012 10 24  8  0  0   0
20250510 034529.451 INFO             PET0     ESMX_Driver: IInitCheck intro.
20250510 034529.451 INFO             PET0       >>>ESMX_Driver: entered Initialize (phase=<none>) with current time: 2012 10 24  8  0  0   0
20250510 034529.451 INFO             PET0       <<<ESMX_Driver: leaving Initialize (phase=<none>) with current time: 2012 10 24  8  0  0   0
20250510 034529.451 INFO             PET0     ESMX_Driver: IInitCheck extro.
20250510 034529.452 INFO             PET0     ESMX_Driver: IInitRealize intro.
20250510 034529.452 INFO             PET0       >>>ESMX_Driver: entered Initialize (phase=<none>) with current time: 2012 10 24  8  0  0   0
20250510 034529.452 INFO             PET0       <<<ESMX_Driver: leaving Initialize (phase=<none>) with current time: 2012 10 24  8  0  0   0
20250510 034529.452 INFO             PET0     ESMX_Driver: IInitRealize extro.
20250510 034529.452 INFO             PET0     <<<ESMX_Driver: leaving Initialize (phase=<none>) with current time: 2012 10 24  8  0  0   0
20250510 034529.452 INFO             PET0   ESMX_Driver: InitializeIPDv02p3 extro.
20250510 034529.453 INFO             PET0   ESMX_Driver: InitializeIPDv02p5 intro.
20250510 034529.453 INFO             PET0     >>>ESMX_Driver: entered Initialize (phase=<none>) with current time: 2012 10 24  8  0  0   0
20250510 034529.453 INFO             PET0     ESMX_Driver: InitializeIPDv02p5Data intro.
20250510 034529.453 INFO             PET0       >>>ESMX_Driver: entered Initialize (phase=<none>) with current time: 2012 10 24  8  0  0   0
20250510 034529.454 INFO             PET0       ESMX_Driver: InternalInitializeComplete intro.
20250510 034529.454 INFO             PET0         >>>ESMX_Driver: entered Initialize (phase=<none>) with current time: 2012 10 24  8  0  0   0
20250510 034529.454 INFO             PET0         <<<ESMX_Driver: leaving Initialize (phase=<none>) with current time: 2012 10 24  8  0  0   0
20250510 034529.454 INFO             PET0       ESMX_Driver: InternalInitializeComplete extro.
20250510 034529.457 INFO             PET0       ESMX_Driver: loopDataDependentInitialize intro.
20250510 034529.457 INFO             PET0         >>>ESMX_Driver: entered Initialize (phase=<none>) with current time: 2012 10 24  8  0  0   0
20250510 034529.457 INFO             PET0         <<<ESMX_Driver: leaving Initialize (phase=<none>) with current time: 2012 10 24  8  0  0   0
20250510 034529.457 INFO             PET0       ESMX_Driver: loopDataDependentInitialize extro.
20250510 034529.458 INFO             PET0       <<<ESMX_Driver: leaving Initialize (phase=<none>) with current time: 2012 10 24  8  0  0   0
20250510 034529.458 INFO             PET0     ESMX_Driver: InitializeIPDv02p5Data extro.
20250510 034529.458 INFO             PET0     <<<ESMX_Driver: leaving Initialize (phase=<none>) with current time: 2012 10 24  8  0  0   0
20250510 034529.458 INFO             PET0   ESMX_Driver: InitializeIPDv02p5 extro.
20250510 034529.458 INFO             PET0   <<<ESMX_Driver: leaving Initialize (phase=<none>) with current time: 2012 10 24  8  0  0   0
20250510 034529.458 INFO             PET0 ESMX_Driver: InitializeGeneric extro.
20250510 034529.458 INFO             PET0 ESMX_Driver: Run intro.
20250510 034529.458 INFO             PET0   >>>ESMX_Driver: entered Run (phase=RunPhase1) with current time: 2012 10 24  8  0  0   0
20250510 034529.459 INFO             PET0   <<<ESMX_Driver: leaving Run (phase=RunPhase1) with current time: 2012 10 24  8  0  0   0
20250510 034529.459 INFO             PET0 ESMX_Driver: Run extro.
20250510 034529.459 INFO             PET0 ESMX_Driver: Finalize intro.
20250510 034529.459 INFO             PET0   >>>ESMX_Driver: entered Finalize (phase=FinalizePhase1) with current time: 2012 10 24  8  0  0   0
20250510 034529.459 INFO             PET0   <<<ESMX_Driver: leaving Finalize (phase=FinalizePhase1) with current time: 2012 10 24  8  0  0   0
20250510 034529.459 INFO             PET0 ESMX_Driver: Finalize extro.
20250510 034529.459 INFO             PET0 =============================================
20250510 034529.459 INFO             PET0 ESMX (Earth System Model eXecutable) FINISHED
20250510 034529.459 INFO             PET0 =============================================
20250510 034529.459 INFO             PET0  Finalizing ESMF
20250510 034529.409 INFO             PET1 !!!!!!!!!!!!!!!!!!!!!!!!!!!!!!!!!!!!!!!!!!!!!!!!!!!!!!
20250510 034529.409 INFO             PET1 !!! THE ESMF_LOG IS SET TO OUTPUT ALL LOG MESSAGES !!!
20250510 034529.409 INFO             PET1 !!!     THIS MAY CAUSE SLOWDOWN IN PERFORMANCE     !!!
20250510 034529.409 INFO             PET1 !!! FOR PRODUCTION RUNS, USE:                      !!!
20250510 034529.409 INFO             PET1 !!!                   ESMF_LOGKIND_Multi_On_Error  !!!
20250510 034529.409 INFO             PET1 !!!!!!!!!!!!!!!!!!!!!!!!!!!!!!!!!!!!!!!!!!!!!!!!!!!!!!
20250510 034529.410 INFO             PET1 Running with ESMF Version   : v8.9.0b08-9-gea72ab2180
20250510 034529.410 INFO             PET1 ESMF library build date/time: "May 10 2025" "02:39:11"
20250510 034529.410 INFO             PET1 ESMF library build location : /work/noaa/da/mpotts/sandbox/gfortran_12.2.0_openmpi_g_develop/esmf
20250510 034529.410 INFO             PET1 ESMF_COMM                   : openmpi
20250510 034529.410 INFO             PET1 ESMF_MOAB                   : enabled
20250510 034529.410 INFO             PET1 ESMF_LAPACK                 : enabled
20250510 034529.410 INFO             PET1 ESMF_NETCDF                 : disabled
20250510 034529.410 INFO             PET1 ESMF_PNETCDF                : disabled
20250510 034529.410 INFO             PET1 ESMF_PIO                    : disabled
20250510 034529.410 INFO             PET1 ESMF_YAMLCPP                : enabled
20250510 034529.418 INFO             PET1 =============================================
20250510 034529.418 INFO             PET1 ESMX (Earth System Model eXecutable) STARTING
20250510 034529.418 INFO             PET1 =============================================
20250510 034529.435 INFO             PET1 ESMX_Driver: InitializeGeneric intro.
20250510 034529.436 INFO             PET1   >>>ESMX_Driver: entered Initialize (phase=<none>) without valid internal Clock.
20250510 034529.436 INFO             PET1   ESMX_Driver: InitializeP0 intro.
20250510 034529.436 INFO             PET1     >>>ESMX_Driver: entered Initialize (phase=<none>) without valid internal Clock.
20250510 034529.436 INFO             PET1     <<<ESMX_Driver: leaving Initialize (phase=<none>) without valid internal Clock.
20250510 034529.436 INFO             PET1   ESMX_Driver: InitializeP0 extro.
20250510 034529.437 INFO             PET1   ESMX_Driver: InitializeIPDv02p1 intro.
20250510 034529.437 INFO             PET1     >>>ESMX_Driver: entered Initialize (phase=<none>) without valid internal Clock.
20250510 034529.448 INFO             PET1     ESMX_Driver: IInitAdvertise intro.
20250510 034529.449 INFO             PET1       >>>ESMX_Driver: entered Initialize (phase=<none>) with current time: 2012 10 24  8  0  0   0
20250510 034529.449 INFO             PET1       <<<ESMX_Driver: leaving Initialize (phase=<none>) with current time: 2012 10 24  8  0  0   0
20250510 034529.449 INFO             PET1     ESMX_Driver: IInitAdvertise extro.
20250510 034529.449 INFO             PET1     ESMX_Driver: IInitAdvertiseFinish intro.
20250510 034529.450 INFO             PET1       >>>ESMX_Driver: entered Initialize (phase=<none>) with current time: 2012 10 24  8  0  0   0
20250510 034529.450 INFO             PET1       <<<ESMX_Driver: leaving Initialize (phase=<none>) with current time: 2012 10 24  8  0  0   0
20250510 034529.450 INFO             PET1     ESMX_Driver: IInitAdvertiseFinish extro.
20250510 034529.451 INFO             PET1     ESMX_Driver: IInitModifyCplLists intro.
20250510 034529.451 INFO             PET1       >>>ESMX_Driver: entered Initialize (phase=<none>) with current time: 2012 10 24  8  0  0   0
20250510 034529.451 INFO             PET1       <<<ESMX_Driver: leaving Initialize (phase=<none>) with current time: 2012 10 24  8  0  0   0
20250510 034529.451 INFO             PET1     ESMX_Driver: IInitModifyCplLists extro.
20250510 034529.451 INFO             PET1     <<<ESMX_Driver: leaving Initialize (phase=<none>) with current time: 2012 10 24  8  0  0   0
20250510 034529.451 INFO             PET1   ESMX_Driver: InitializeIPDv02p1 extro.
20250510 034529.452 INFO             PET1   ESMX_Driver: InitializeIPDv02p3 intro.
20250510 034529.452 INFO             PET1     >>>ESMX_Driver: entered Initialize (phase=<none>) with current time: 2012 10 24  8  0  0   0
20250510 034529.452 INFO             PET1     ESMX_Driver: IInitCheck intro.
20250510 034529.453 INFO             PET1       >>>ESMX_Driver: entered Initialize (phase=<none>) with current time: 2012 10 24  8  0  0   0
20250510 034529.453 INFO             PET1       <<<ESMX_Driver: leaving Initialize (phase=<none>) with current time: 2012 10 24  8  0  0   0
20250510 034529.453 INFO             PET1     ESMX_Driver: IInitCheck extro.
20250510 034529.454 INFO             PET1     ESMX_Driver: IInitRealize intro.
20250510 034529.454 INFO             PET1       >>>ESMX_Driver: entered Initialize (phase=<none>) with current time: 2012 10 24  8  0  0   0
20250510 034529.454 INFO             PET1       <<<ESMX_Driver: leaving Initialize (phase=<none>) with current time: 2012 10 24  8  0  0   0
20250510 034529.454 INFO             PET1     ESMX_Driver: IInitRealize extro.
20250510 034529.454 INFO             PET1     <<<ESMX_Driver: leaving Initialize (phase=<none>) with current time: 2012 10 24  8  0  0   0
20250510 034529.454 INFO             PET1   ESMX_Driver: InitializeIPDv02p3 extro.
20250510 034529.455 INFO             PET1   ESMX_Driver: InitializeIPDv02p5 intro.
20250510 034529.455 INFO             PET1     >>>ESMX_Driver: entered Initialize (phase=<none>) with current time: 2012 10 24  8  0  0   0
20250510 034529.455 INFO             PET1     ESMX_Driver: InitializeIPDv02p5Data intro.
20250510 034529.455 INFO             PET1       >>>ESMX_Driver: entered Initialize (phase=<none>) with current time: 2012 10 24  8  0  0   0
20250510 034529.456 INFO             PET1       ESMX_Driver: InternalInitializeComplete intro.
20250510 034529.456 INFO             PET1         >>>ESMX_Driver: entered Initialize (phase=<none>) with current time: 2012 10 24  8  0  0   0
20250510 034529.456 INFO             PET1         <<<ESMX_Driver: leaving Initialize (phase=<none>) with current time: 2012 10 24  8  0  0   0
20250510 034529.456 INFO             PET1       ESMX_Driver: InternalInitializeComplete extro.
20250510 034529.457 INFO             PET1       ESMX_Driver: loopDataDependentInitialize intro.
20250510 034529.457 INFO             PET1         >>>ESMX_Driver: entered Initialize (phase=<none>) with current time: 2012 10 24  8  0  0   0
20250510 034529.457 INFO             PET1         <<<ESMX_Driver: leaving Initialize (phase=<none>) with current time: 2012 10 24  8  0  0   0
20250510 034529.457 INFO             PET1       ESMX_Driver: loopDataDependentInitialize extro.
20250510 034529.458 INFO             PET1       <<<ESMX_Driver: leaving Initialize (phase=<none>) with current time: 2012 10 24  8  0  0   0
20250510 034529.458 INFO             PET1     ESMX_Driver: InitializeIPDv02p5Data extro.
20250510 034529.458 INFO             PET1     <<<ESMX_Driver: leaving Initialize (phase=<none>) with current time: 2012 10 24  8  0  0   0
20250510 034529.458 INFO             PET1   ESMX_Driver: InitializeIPDv02p5 extro.
20250510 034529.458 INFO             PET1   <<<ESMX_Driver: leaving Initialize (phase=<none>) with current time: 2012 10 24  8  0  0   0
20250510 034529.458 INFO             PET1 ESMX_Driver: InitializeGeneric extro.
20250510 034529.458 INFO             PET1 ESMX_Driver: Run intro.
20250510 034529.458 INFO             PET1   >>>ESMX_Driver: entered Run (phase=RunPhase1) with current time: 2012 10 24  8  0  0   0
20250510 034529.459 INFO             PET1   <<<ESMX_Driver: leaving Run (phase=RunPhase1) with current time: 2012 10 24  8  0  0   0
20250510 034529.459 INFO             PET1 ESMX_Driver: Run extro.
20250510 034529.459 INFO             PET1 ESMX_Driver: Finalize intro.
20250510 034529.459 INFO             PET1   >>>ESMX_Driver: entered Finalize (phase=FinalizePhase1) with current time: 2012 10 24  8  0  0   0
20250510 034529.459 INFO             PET1   <<<ESMX_Driver: leaving Finalize (phase=FinalizePhase1) with current time: 2012 10 24  8  0  0   0
20250510 034529.459 INFO             PET1 ESMX_Driver: Finalize extro.
20250510 034529.459 INFO             PET1 =============================================
20250510 034529.459 INFO             PET1 ESMX (Earth System Model eXecutable) FINISHED
20250510 034529.459 INFO             PET1 =============================================
20250510 034529.460 INFO             PET1  Finalizing ESMF
20250510 034529.409 INFO             PET2 !!!!!!!!!!!!!!!!!!!!!!!!!!!!!!!!!!!!!!!!!!!!!!!!!!!!!!
20250510 034529.409 INFO             PET2 !!! THE ESMF_LOG IS SET TO OUTPUT ALL LOG MESSAGES !!!
20250510 034529.409 INFO             PET2 !!!     THIS MAY CAUSE SLOWDOWN IN PERFORMANCE     !!!
20250510 034529.409 INFO             PET2 !!! FOR PRODUCTION RUNS, USE:                      !!!
20250510 034529.409 INFO             PET2 !!!                   ESMF_LOGKIND_Multi_On_Error  !!!
20250510 034529.409 INFO             PET2 !!!!!!!!!!!!!!!!!!!!!!!!!!!!!!!!!!!!!!!!!!!!!!!!!!!!!!
20250510 034529.409 INFO             PET2 Running with ESMF Version   : v8.9.0b08-9-gea72ab2180
20250510 034529.409 INFO             PET2 ESMF library build date/time: "May 10 2025" "02:39:11"
20250510 034529.409 INFO             PET2 ESMF library build location : /work/noaa/da/mpotts/sandbox/gfortran_12.2.0_openmpi_g_develop/esmf
20250510 034529.409 INFO             PET2 ESMF_COMM                   : openmpi
20250510 034529.410 INFO             PET2 ESMF_MOAB                   : enabled
20250510 034529.410 INFO             PET2 ESMF_LAPACK                 : enabled
20250510 034529.410 INFO             PET2 ESMF_NETCDF                 : disabled
20250510 034529.410 INFO             PET2 ESMF_PNETCDF                : disabled
20250510 034529.410 INFO             PET2 ESMF_PIO                    : disabled
20250510 034529.410 INFO             PET2 ESMF_YAMLCPP                : enabled
20250510 034529.418 INFO             PET2 =============================================
20250510 034529.418 INFO             PET2 ESMX (Earth System Model eXecutable) STARTING
20250510 034529.418 INFO             PET2 =============================================
20250510 034529.434 INFO             PET2 ESMX_Driver: InitializeGeneric intro.
20250510 034529.435 INFO             PET2   >>>ESMX_Driver: entered Initialize (phase=<none>) without valid internal Clock.
20250510 034529.435 INFO             PET2   ESMX_Driver: InitializeP0 intro.
20250510 034529.435 INFO             PET2     >>>ESMX_Driver: entered Initialize (phase=<none>) without valid internal Clock.
20250510 034529.435 INFO             PET2     <<<ESMX_Driver: leaving Initialize (phase=<none>) without valid internal Clock.
20250510 034529.435 INFO             PET2   ESMX_Driver: InitializeP0 extro.
20250510 034529.436 INFO             PET2   ESMX_Driver: InitializeIPDv02p1 intro.
20250510 034529.436 INFO             PET2     >>>ESMX_Driver: entered Initialize (phase=<none>) without valid internal Clock.
20250510 034529.447 INFO             PET2     ESMX_Driver: IInitAdvertise intro.
20250510 034529.447 INFO             PET2       >>>ESMX_Driver: entered Initialize (phase=<none>) with current time: 2012 10 24  8  0  0   0
20250510 034529.447 INFO             PET2       <<<ESMX_Driver: leaving Initialize (phase=<none>) with current time: 2012 10 24  8  0  0   0
20250510 034529.447 INFO             PET2     ESMX_Driver: IInitAdvertise extro.
20250510 034529.448 INFO             PET2     ESMX_Driver: IInitAdvertiseFinish intro.
20250510 034529.448 INFO             PET2       >>>ESMX_Driver: entered Initialize (phase=<none>) with current time: 2012 10 24  8  0  0   0
20250510 034529.448 INFO             PET2       <<<ESMX_Driver: leaving Initialize (phase=<none>) with current time: 2012 10 24  8  0  0   0
20250510 034529.448 INFO             PET2     ESMX_Driver: IInitAdvertiseFinish extro.
20250510 034529.449 INFO             PET2     ESMX_Driver: IInitModifyCplLists intro.
20250510 034529.449 INFO             PET2       >>>ESMX_Driver: entered Initialize (phase=<none>) with current time: 2012 10 24  8  0  0   0
20250510 034529.449 INFO             PET2       <<<ESMX_Driver: leaving Initialize (phase=<none>) with current time: 2012 10 24  8  0  0   0
20250510 034529.449 INFO             PET2     ESMX_Driver: IInitModifyCplLists extro.
20250510 034529.450 INFO             PET2     <<<ESMX_Driver: leaving Initialize (phase=<none>) with current time: 2012 10 24  8  0  0   0
20250510 034529.450 INFO             PET2   ESMX_Driver: InitializeIPDv02p1 extro.
20250510 034529.450 INFO             PET2   ESMX_Driver: InitializeIPDv02p3 intro.
20250510 034529.450 INFO             PET2     >>>ESMX_Driver: entered Initialize (phase=<none>) with current time: 2012 10 24  8  0  0   0
20250510 034529.451 INFO             PET2     ESMX_Driver: IInitCheck intro.
20250510 034529.451 INFO             PET2       >>>ESMX_Driver: entered Initialize (phase=<none>) with current time: 2012 10 24  8  0  0   0
20250510 034529.451 INFO             PET2       <<<ESMX_Driver: leaving Initialize (phase=<none>) with current time: 2012 10 24  8  0  0   0
20250510 034529.451 INFO             PET2     ESMX_Driver: IInitCheck extro.
20250510 034529.452 INFO             PET2     ESMX_Driver: IInitRealize intro.
20250510 034529.452 INFO             PET2       >>>ESMX_Driver: entered Initialize (phase=<none>) with current time: 2012 10 24  8  0  0   0
20250510 034529.452 INFO             PET2       <<<ESMX_Driver: leaving Initialize (phase=<none>) with current time: 2012 10 24  8  0  0   0
20250510 034529.452 INFO             PET2     ESMX_Driver: IInitRealize extro.
20250510 034529.452 INFO             PET2     <<<ESMX_Driver: leaving Initialize (phase=<none>) with current time: 2012 10 24  8  0  0   0
20250510 034529.452 INFO             PET2   ESMX_Driver: InitializeIPDv02p3 extro.
20250510 034529.453 INFO             PET2   ESMX_Driver: InitializeIPDv02p5 intro.
20250510 034529.453 INFO             PET2     >>>ESMX_Driver: entered Initialize (phase=<none>) with current time: 2012 10 24  8  0  0   0
20250510 034529.453 INFO             PET2     ESMX_Driver: InitializeIPDv02p5Data intro.
20250510 034529.453 INFO             PET2       >>>ESMX_Driver: entered Initialize (phase=<none>) with current time: 2012 10 24  8  0  0   0
20250510 034529.454 INFO             PET2       ESMX_Driver: InternalInitializeComplete intro.
20250510 034529.454 INFO             PET2         >>>ESMX_Driver: entered Initialize (phase=<none>) with current time: 2012 10 24  8  0  0   0
20250510 034529.454 INFO             PET2         <<<ESMX_Driver: leaving Initialize (phase=<none>) with current time: 2012 10 24  8  0  0   0
20250510 034529.454 INFO             PET2       ESMX_Driver: InternalInitializeComplete extro.
20250510 034529.457 INFO             PET2       ESMX_Driver: loopDataDependentInitialize intro.
20250510 034529.457 INFO             PET2         >>>ESMX_Driver: entered Initialize (phase=<none>) with current time: 2012 10 24  8  0  0   0
20250510 034529.457 INFO             PET2         <<<ESMX_Driver: leaving Initialize (phase=<none>) with current time: 2012 10 24  8  0  0   0
20250510 034529.457 INFO             PET2       ESMX_Driver: loopDataDependentInitialize extro.
20250510 034529.458 INFO             PET2       <<<ESMX_Driver: leaving Initialize (phase=<none>) with current time: 2012 10 24  8  0  0   0
20250510 034529.458 INFO             PET2     ESMX_Driver: InitializeIPDv02p5Data extro.
20250510 034529.458 INFO             PET2     <<<ESMX_Driver: leaving Initialize (phase=<none>) with current time: 2012 10 24  8  0  0   0
20250510 034529.458 INFO             PET2   ESMX_Driver: InitializeIPDv02p5 extro.
20250510 034529.458 INFO             PET2   <<<ESMX_Driver: leaving Initialize (phase=<none>) with current time: 2012 10 24  8  0  0   0
20250510 034529.458 INFO             PET2 ESMX_Driver: InitializeGeneric extro.
20250510 034529.458 INFO             PET2 ESMX_Driver: Run intro.
20250510 034529.458 INFO             PET2   >>>ESMX_Driver: entered Run (phase=RunPhase1) with current time: 2012 10 24  8  0  0   0
20250510 034529.459 INFO             PET2   <<<ESMX_Driver: leaving Run (phase=RunPhase1) with current time: 2012 10 24  8  0  0   0
20250510 034529.459 INFO             PET2 ESMX_Driver: Run extro.
20250510 034529.459 INFO             PET2 ESMX_Driver: Finalize intro.
20250510 034529.459 INFO             PET2   >>>ESMX_Driver: entered Finalize (phase=FinalizePhase1) with current time: 2012 10 24  8  0  0   0
20250510 034529.459 INFO             PET2   <<<ESMX_Driver: leaving Finalize (phase=FinalizePhase1) with current time: 2012 10 24  8  0  0   0
20250510 034529.459 INFO             PET2 ESMX_Driver: Finalize extro.
20250510 034529.459 INFO             PET2 =============================================
20250510 034529.459 INFO             PET2 ESMX (Earth System Model eXecutable) FINISHED
20250510 034529.459 INFO             PET2 =============================================
20250510 034529.459 INFO             PET2  Finalizing ESMF
20250510 034529.409 INFO             PET3 !!!!!!!!!!!!!!!!!!!!!!!!!!!!!!!!!!!!!!!!!!!!!!!!!!!!!!
20250510 034529.409 INFO             PET3 !!! THE ESMF_LOG IS SET TO OUTPUT ALL LOG MESSAGES !!!
20250510 034529.409 INFO             PET3 !!!     THIS MAY CAUSE SLOWDOWN IN PERFORMANCE     !!!
20250510 034529.409 INFO             PET3 !!! FOR PRODUCTION RUNS, USE:                      !!!
20250510 034529.409 INFO             PET3 !!!                   ESMF_LOGKIND_Multi_On_Error  !!!
20250510 034529.409 INFO             PET3 !!!!!!!!!!!!!!!!!!!!!!!!!!!!!!!!!!!!!!!!!!!!!!!!!!!!!!
20250510 034529.409 INFO             PET3 Running with ESMF Version   : v8.9.0b08-9-gea72ab2180
20250510 034529.409 INFO             PET3 ESMF library build date/time: "May 10 2025" "02:39:11"
20250510 034529.409 INFO             PET3 ESMF library build location : /work/noaa/da/mpotts/sandbox/gfortran_12.2.0_openmpi_g_develop/esmf
20250510 034529.409 INFO             PET3 ESMF_COMM                   : openmpi
20250510 034529.410 INFO             PET3 ESMF_MOAB                   : enabled
20250510 034529.410 INFO             PET3 ESMF_LAPACK                 : enabled
20250510 034529.410 INFO             PET3 ESMF_NETCDF                 : disabled
20250510 034529.410 INFO             PET3 ESMF_PNETCDF                : disabled
20250510 034529.410 INFO             PET3 ESMF_PIO                    : disabled
20250510 034529.410 INFO             PET3 ESMF_YAMLCPP                : enabled
20250510 034529.418 INFO             PET3 =============================================
20250510 034529.418 INFO             PET3 ESMX (Earth System Model eXecutable) STARTING
20250510 034529.418 INFO             PET3 =============================================
20250510 034529.434 INFO             PET3 ESMX_Driver: InitializeGeneric intro.
20250510 034529.435 INFO             PET3   >>>ESMX_Driver: entered Initialize (phase=<none>) without valid internal Clock.
20250510 034529.435 INFO             PET3   ESMX_Driver: InitializeP0 intro.
20250510 034529.435 INFO             PET3     >>>ESMX_Driver: entered Initialize (phase=<none>) without valid internal Clock.
20250510 034529.435 INFO             PET3     <<<ESMX_Driver: leaving Initialize (phase=<none>) without valid internal Clock.
20250510 034529.435 INFO             PET3   ESMX_Driver: InitializeP0 extro.
20250510 034529.436 INFO             PET3   ESMX_Driver: InitializeIPDv02p1 intro.
20250510 034529.436 INFO             PET3     >>>ESMX_Driver: entered Initialize (phase=<none>) without valid internal Clock.
20250510 034529.447 INFO             PET3     ESMX_Driver: IInitAdvertise intro.
20250510 034529.447 INFO             PET3       >>>ESMX_Driver: entered Initialize (phase=<none>) with current time: 2012 10 24  8  0  0   0
20250510 034529.447 INFO             PET3       <<<ESMX_Driver: leaving Initialize (phase=<none>) with current time: 2012 10 24  8  0  0   0
20250510 034529.447 INFO             PET3     ESMX_Driver: IInitAdvertise extro.
20250510 034529.448 INFO             PET3     ESMX_Driver: IInitAdvertiseFinish intro.
20250510 034529.448 INFO             PET3       >>>ESMX_Driver: entered Initialize (phase=<none>) with current time: 2012 10 24  8  0  0   0
20250510 034529.448 INFO             PET3       <<<ESMX_Driver: leaving Initialize (phase=<none>) with current time: 2012 10 24  8  0  0   0
20250510 034529.448 INFO             PET3     ESMX_Driver: IInitAdvertiseFinish extro.
20250510 034529.449 INFO             PET3     ESMX_Driver: IInitModifyCplLists intro.
20250510 034529.449 INFO             PET3       >>>ESMX_Driver: entered Initialize (phase=<none>) with current time: 2012 10 24  8  0  0   0
20250510 034529.449 INFO             PET3       <<<ESMX_Driver: leaving Initialize (phase=<none>) with current time: 2012 10 24  8  0  0   0
20250510 034529.449 INFO             PET3     ESMX_Driver: IInitModifyCplLists extro.
20250510 034529.450 INFO             PET3     <<<ESMX_Driver: leaving Initialize (phase=<none>) with current time: 2012 10 24  8  0  0   0
20250510 034529.450 INFO             PET3   ESMX_Driver: InitializeIPDv02p1 extro.
20250510 034529.450 INFO             PET3   ESMX_Driver: InitializeIPDv02p3 intro.
20250510 034529.450 INFO             PET3     >>>ESMX_Driver: entered Initialize (phase=<none>) with current time: 2012 10 24  8  0  0   0
20250510 034529.451 INFO             PET3     ESMX_Driver: IInitCheck intro.
20250510 034529.451 INFO             PET3       >>>ESMX_Driver: entered Initialize (phase=<none>) with current time: 2012 10 24  8  0  0   0
20250510 034529.451 INFO             PET3       <<<ESMX_Driver: leaving Initialize (phase=<none>) with current time: 2012 10 24  8  0  0   0
20250510 034529.451 INFO             PET3     ESMX_Driver: IInitCheck extro.
20250510 034529.452 INFO             PET3     ESMX_Driver: IInitRealize intro.
20250510 034529.452 INFO             PET3       >>>ESMX_Driver: entered Initialize (phase=<none>) with current time: 2012 10 24  8  0  0   0
20250510 034529.452 INFO             PET3       <<<ESMX_Driver: leaving Initialize (phase=<none>) with current time: 2012 10 24  8  0  0   0
20250510 034529.452 INFO             PET3     ESMX_Driver: IInitRealize extro.
20250510 034529.452 INFO             PET3     <<<ESMX_Driver: leaving Initialize (phase=<none>) with current time: 2012 10 24  8  0  0   0
20250510 034529.452 INFO             PET3   ESMX_Driver: InitializeIPDv02p3 extro.
20250510 034529.453 INFO             PET3   ESMX_Driver: InitializeIPDv02p5 intro.
20250510 034529.453 INFO             PET3     >>>ESMX_Driver: entered Initialize (phase=<none>) with current time: 2012 10 24  8  0  0   0
20250510 034529.453 INFO             PET3     ESMX_Driver: InitializeIPDv02p5Data intro.
20250510 034529.453 INFO             PET3       >>>ESMX_Driver: entered Initialize (phase=<none>) with current time: 2012 10 24  8  0  0   0
20250510 034529.454 INFO             PET3       ESMX_Driver: InternalInitializeComplete intro.
20250510 034529.454 INFO             PET3         >>>ESMX_Driver: entered Initialize (phase=<none>) with current time: 2012 10 24  8  0  0   0
20250510 034529.454 INFO             PET3         <<<ESMX_Driver: leaving Initialize (phase=<none>) with current time: 2012 10 24  8  0  0   0
20250510 034529.454 INFO             PET3       ESMX_Driver: InternalInitializeComplete extro.
20250510 034529.457 INFO             PET3       ESMX_Driver: loopDataDependentInitialize intro.
20250510 034529.457 INFO             PET3         >>>ESMX_Driver: entered Initialize (phase=<none>) with current time: 2012 10 24  8  0  0   0
20250510 034529.457 INFO             PET3         <<<ESMX_Driver: leaving Initialize (phase=<none>) with current time: 2012 10 24  8  0  0   0
20250510 034529.457 INFO             PET3       ESMX_Driver: loopDataDependentInitialize extro.
20250510 034529.458 INFO             PET3       <<<ESMX_Driver: leaving Initialize (phase=<none>) with current time: 2012 10 24  8  0  0   0
20250510 034529.458 INFO             PET3     ESMX_Driver: InitializeIPDv02p5Data extro.
20250510 034529.458 INFO             PET3     <<<ESMX_Driver: leaving Initialize (phase=<none>) with current time: 2012 10 24  8  0  0   0
20250510 034529.458 INFO             PET3   ESMX_Driver: InitializeIPDv02p5 extro.
20250510 034529.458 INFO             PET3   <<<ESMX_Driver: leaving Initialize (phase=<none>) with current time: 2012 10 24  8  0  0   0
20250510 034529.458 INFO             PET3 ESMX_Driver: InitializeGeneric extro.
20250510 034529.458 INFO             PET3 ESMX_Driver: Run intro.
20250510 034529.458 INFO             PET3   >>>ESMX_Driver: entered Run (phase=RunPhase1) with current time: 2012 10 24  8  0  0   0
20250510 034529.459 INFO             PET3   <<<ESMX_Driver: leaving Run (phase=RunPhase1) with current time: 2012 10 24  8  0  0   0
20250510 034529.459 INFO             PET3 ESMX_Driver: Run extro.
20250510 034529.459 INFO             PET3 ESMX_Driver: Finalize intro.
20250510 034529.459 INFO             PET3   >>>ESMX_Driver: entered Finalize (phase=FinalizePhase1) with current time: 2012 10 24  8  0  0   0
20250510 034529.459 INFO             PET3   <<<ESMX_Driver: leaving Finalize (phase=FinalizePhase1) with current time: 2012 10 24  8  0  0   0
20250510 034529.459 INFO             PET3 ESMX_Driver: Finalize extro.
20250510 034529.459 INFO             PET3 =============================================
20250510 034529.459 INFO             PET3 ESMX (Earth System Model eXecutable) FINISHED
20250510 034529.459 INFO             PET3 =============================================
20250510 034529.459 INFO             PET3  Finalizing ESMF
