2025-05-07 23:58:14
20250508 002728.225 INFO             PET0 !!!!!!!!!!!!!!!!!!!!!!!!!!!!!!!!!!!!!!!!!!!!!!!!!!!!!!
20250508 002728.225 INFO             PET0 !!! THE ESMF_LOG IS SET TO OUTPUT ALL LOG MESSAGES !!!
20250508 002728.225 INFO             PET0 !!!     THIS MAY CAUSE SLOWDOWN IN PERFORMANCE     !!!
20250508 002728.225 INFO             PET0 !!! FOR PRODUCTION RUNS, USE:                      !!!
20250508 002728.225 INFO             PET0 !!!                   ESMF_LOGKIND_Multi_On_Error  !!!
20250508 002728.225 INFO             PET0 !!!!!!!!!!!!!!!!!!!!!!!!!!!!!!!!!!!!!!!!!!!!!!!!!!!!!!
20250508 002728.225 INFO             PET0 Running with ESMF Version   : v8.9.0b08-5-g079ca68fdc
20250508 002728.225 INFO             PET0 ESMF library build date/time: "May  7 2025" "23:57:03"
20250508 002728.225 INFO             PET0 ESMF library build location : /home/gerhard/ESMF-Nightly-Testing/gfortran_7.4.0_mpich_g_develop/esmf
20250508 002728.225 INFO             PET0 ESMF_COMM                   : mpich
20250508 002728.225 INFO             PET0 ESMF_MOAB                   : enabled
20250508 002728.225 INFO             PET0 ESMF_LAPACK                 : enabled
20250508 002728.225 INFO             PET0 ESMF_NETCDF                 : enabled
20250508 002728.225 INFO             PET0 ESMF_PNETCDF                : disabled
20250508 002728.225 INFO             PET0 ESMF_PIO                    : enabled
20250508 002728.225 INFO             PET0 ESMF_YAMLCPP                : enabled
20250508 002728.230 INFO             PET0 =============================================
20250508 002728.230 INFO             PET0 ESMX (Earth System Model eXecutable) STARTING
20250508 002728.230 INFO             PET0 =============================================
20250508 002728.236 INFO             PET0 ESMX_Driver: InitializeGeneric intro.
20250508 002728.236 INFO             PET0   >>>ESMX_Driver: entered Initialize (phase=<none>) without valid internal Clock.
20250508 002728.236 INFO             PET0   ESMX_Driver: InitializeP0 intro.
20250508 002728.236 INFO             PET0     >>>ESMX_Driver: entered Initialize (phase=<none>) without valid internal Clock.
20250508 002728.236 INFO             PET0     <<<ESMX_Driver: leaving Initialize (phase=<none>) without valid internal Clock.
20250508 002728.236 INFO             PET0   ESMX_Driver: InitializeP0 extro.
20250508 002728.236 INFO             PET0   ESMX_Driver: InitializeIPDv02p1 intro.
20250508 002728.236 INFO             PET0     >>>ESMX_Driver: entered Initialize (phase=<none>) without valid internal Clock.
20250508 002728.241 INFO             PET0     ESMX_Driver - Creating model component MDL without petList.
20250508 002728.265 DEBUG            PET0     Generic SetVM() is executing for: MDL
20250508 002728.265 DEBUG            PET0     Generic SetVM() found no NUOPC Hint for: MDL
20250508 002728.265 DEBUG            PET0     Generic SetVM() therefore is NOT calling ESMF_GridCompSetVMMaxPEs() for: MDL
20250508 002728.273 INFO             PET0     ESMX_Driver: IInitAdvertise intro.
20250508 002728.273 INFO             PET0       >>>ESMX_Driver: entered Initialize (phase=<none>) with current time: 2012 10 24 18  0  0   0
20250508 002728.273 INFO             PET0       <<<ESMX_Driver: leaving Initialize (phase=<none>) with current time: 2012 10 24 18  0  0   0
20250508 002728.273 INFO             PET0     ESMX_Driver: IInitAdvertise extro.
20250508 002728.273 INFO             PET0     Message from inside C component Advertise() method
20250508 002728.389 INFO             PET0     include("/home/gerhard/ESMF-Nightly-Testing/gfortran_7.4.0_mpich_g_develop/nuopc-app-prototypes/ESMX_SingleModelInJuliaProto/SiMoCoJulia/simocojulia_model.jl")
20250508 002728.430 INFO             PET0     path to C library: /home/gerhard/ESMF-Nightly-Testing/gfortran_7.4.0_mpich_g_develop/nuopc-app-prototypes/ESMX_SingleModelInJuliaProto/build/SiMoCoJulia/libSiMoCoJulia.so
20250508 002728.431 INFO             PET0     ESMX_Driver: IInitAdvertiseFinish intro.
20250508 002728.431 INFO             PET0       >>>ESMX_Driver: entered Initialize (phase=<none>) with current time: 2012 10 24 18  0  0   0
20250508 002728.431 INFO             PET0       <<<ESMX_Driver: leaving Initialize (phase=<none>) with current time: 2012 10 24 18  0  0   0
20250508 002728.431 INFO             PET0     ESMX_Driver: IInitAdvertiseFinish extro.
20250508 002728.431 INFO             PET0     ESMX_Driver: IInitModifyCplLists intro.
20250508 002728.431 INFO             PET0       >>>ESMX_Driver: entered Initialize (phase=<none>) with current time: 2012 10 24 18  0  0   0
20250508 002728.431 INFO             PET0       <<<ESMX_Driver: leaving Initialize (phase=<none>) with current time: 2012 10 24 18  0  0   0
20250508 002728.431 INFO             PET0     ESMX_Driver: IInitModifyCplLists extro.
20250508 002728.431 INFO             PET0     <<<ESMX_Driver: leaving Initialize (phase=<none>) with current time: 2012 10 24 18  0  0   0
20250508 002728.431 INFO             PET0   ESMX_Driver: InitializeIPDv02p1 extro.
20250508 002728.432 INFO             PET0   ESMX_Driver: InitializeIPDv02p3 intro.
20250508 002728.432 INFO             PET0     >>>ESMX_Driver: entered Initialize (phase=<none>) with current time: 2012 10 24 18  0  0   0
20250508 002728.432 INFO             PET0     ESMX_Driver: IInitCheck intro.
20250508 002728.432 INFO             PET0       >>>ESMX_Driver: entered Initialize (phase=<none>) with current time: 2012 10 24 18  0  0   0
20250508 002728.432 INFO             PET0       <<<ESMX_Driver: leaving Initialize (phase=<none>) with current time: 2012 10 24 18  0  0   0
20250508 002728.432 INFO             PET0     ESMX_Driver: IInitCheck extro.
20250508 002728.432 INFO             PET0     ESMX_Driver: IInitRealize intro.
20250508 002728.432 INFO             PET0       >>>ESMX_Driver: entered Initialize (phase=<none>) with current time: 2012 10 24 18  0  0   0
20250508 002728.432 INFO             PET0       <<<ESMX_Driver: leaving Initialize (phase=<none>) with current time: 2012 10 24 18  0  0   0
20250508 002728.432 INFO             PET0     ESMX_Driver: IInitRealize extro.
20250508 002728.433 INFO             PET0     <<<ESMX_Driver: leaving Initialize (phase=<none>) with current time: 2012 10 24 18  0  0   0
20250508 002728.433 INFO             PET0   ESMX_Driver: InitializeIPDv02p3 extro.
20250508 002728.433 INFO             PET0   ESMX_Driver: InitializeIPDv02p5 intro.
20250508 002728.433 INFO             PET0     >>>ESMX_Driver: entered Initialize (phase=<none>) with current time: 2012 10 24 18  0  0   0
20250508 002728.433 INFO             PET0     ESMX_Driver: InitializeIPDv02p5Data intro.
20250508 002728.433 INFO             PET0       >>>ESMX_Driver: entered Initialize (phase=<none>) with current time: 2012 10 24 18  0  0   0
20250508 002728.433 INFO             PET0       ESMX_Driver: InternalInitializeComplete intro.
20250508 002728.433 INFO             PET0         >>>ESMX_Driver: entered Initialize (phase=<none>) with current time: 2012 10 24 18  0  0   0
20250508 002728.433 INFO             PET0         <<<ESMX_Driver: leaving Initialize (phase=<none>) with current time: 2012 10 24 18  0  0   0
20250508 002728.433 INFO             PET0       ESMX_Driver: InternalInitializeComplete extro.
20250508 002728.434 INFO             PET0       ESMX_Driver: loopDataDependentInitialize intro.
20250508 002728.434 INFO             PET0         >>>ESMX_Driver: entered Initialize (phase=<none>) with current time: 2012 10 24 18  0  0   0
20250508 002728.435 INFO             PET0         <<<ESMX_Driver: leaving Initialize (phase=<none>) with current time: 2012 10 24 18  0  0   0
20250508 002728.435 INFO             PET0       ESMX_Driver: loopDataDependentInitialize extro.
20250508 002728.435 INFO             PET0       <<<ESMX_Driver: leaving Initialize (phase=<none>) with current time: 2012 10 24 18  0  0   0
20250508 002728.435 INFO             PET0     ESMX_Driver: InitializeIPDv02p5Data extro.
20250508 002728.435 INFO             PET0     <<<ESMX_Driver: leaving Initialize (phase=<none>) with current time: 2012 10 24 18  0  0   0
20250508 002728.435 INFO             PET0   ESMX_Driver: InitializeIPDv02p5 extro.
20250508 002728.435 INFO             PET0   <<<ESMX_Driver: leaving Initialize (phase=<none>) with current time: 2012 10 24 18  0  0   0
20250508 002728.435 INFO             PET0 ESMX_Driver: InitializeGeneric extro.
20250508 002728.435 INFO             PET0 ESMX_Driver: Run intro.
20250508 002728.435 INFO             PET0   >>>ESMX_Driver: entered Run (phase=RunPhase1) with current time: 2012 10 24 18  0  0   0
20250508 002728.435 INFO             PET0   Message from inside C component Advance() method
20250508 002728.451 INFO             PET0   model_state times_called: 1
20250508 002728.451 INFO             PET0   Message from inside C component Advance() method
20250508 002728.451 INFO             PET0   model_state times_called: 2
20250508 002728.451 INFO             PET0   Message from inside C component Advance() method
20250508 002728.451 INFO             PET0   model_state times_called: 3
20250508 002728.451 INFO             PET0   Message from inside C component Advance() method
20250508 002728.451 INFO             PET0   model_state times_called: 4
20250508 002728.452 INFO             PET0   <<<ESMX_Driver: leaving Run (phase=RunPhase1) with current time: 2012 10 24 19  0  0   0
20250508 002728.452 INFO             PET0 ESMX_Driver: Run extro.
20250508 002728.452 INFO             PET0 ESMX_Driver: Finalize intro.
20250508 002728.452 INFO             PET0   >>>ESMX_Driver: entered Finalize (phase=FinalizePhase1) with current time: 2012 10 24 19  0  0   0
20250508 002728.452 INFO             PET0   Calling Finalize phase 1 for modelComp: MDL
20250508 002728.452 INFO             PET0   Message from inside C component Finalize() method
20250508 002728.452 INFO             PET0   Delete modelComp: MDL
20250508 002728.452 INFO             PET0   <<<ESMX_Driver: leaving Finalize (phase=FinalizePhase1) with current time: 2012 10 24 19  0  0   0
20250508 002728.452 INFO             PET0 ESMX_Driver: Finalize extro.
20250508 002728.452 INFO             PET0 =============================================
20250508 002728.452 INFO             PET0 ESMX (Earth System Model eXecutable) FINISHED
20250508 002728.452 INFO             PET0 =============================================
20250508 002728.452 INFO             PET0  Finalizing ESMF
20250508 002728.227 INFO             PET1 !!!!!!!!!!!!!!!!!!!!!!!!!!!!!!!!!!!!!!!!!!!!!!!!!!!!!!
20250508 002728.227 INFO             PET1 !!! THE ESMF_LOG IS SET TO OUTPUT ALL LOG MESSAGES !!!
20250508 002728.227 INFO             PET1 !!!     THIS MAY CAUSE SLOWDOWN IN PERFORMANCE     !!!
20250508 002728.227 INFO             PET1 !!! FOR PRODUCTION RUNS, USE:                      !!!
20250508 002728.227 INFO             PET1 !!!                   ESMF_LOGKIND_Multi_On_Error  !!!
20250508 002728.227 INFO             PET1 !!!!!!!!!!!!!!!!!!!!!!!!!!!!!!!!!!!!!!!!!!!!!!!!!!!!!!
20250508 002728.227 INFO             PET1 Running with ESMF Version   : v8.9.0b08-5-g079ca68fdc
20250508 002728.227 INFO             PET1 ESMF library build date/time: "May  7 2025" "23:57:03"
20250508 002728.227 INFO             PET1 ESMF library build location : /home/gerhard/ESMF-Nightly-Testing/gfortran_7.4.0_mpich_g_develop/esmf
20250508 002728.227 INFO             PET1 ESMF_COMM                   : mpich
20250508 002728.227 INFO             PET1 ESMF_MOAB                   : enabled
20250508 002728.227 INFO             PET1 ESMF_LAPACK                 : enabled
20250508 002728.227 INFO             PET1 ESMF_NETCDF                 : enabled
20250508 002728.227 INFO             PET1 ESMF_PNETCDF                : disabled
20250508 002728.227 INFO             PET1 ESMF_PIO                    : enabled
20250508 002728.227 INFO             PET1 ESMF_YAMLCPP                : enabled
20250508 002728.230 INFO             PET1 =============================================
20250508 002728.230 INFO             PET1 ESMX (Earth System Model eXecutable) STARTING
20250508 002728.230 INFO             PET1 =============================================
20250508 002728.236 INFO             PET1 ESMX_Driver: InitializeGeneric intro.
20250508 002728.236 INFO             PET1   >>>ESMX_Driver: entered Initialize (phase=<none>) without valid internal Clock.
20250508 002728.236 INFO             PET1   ESMX_Driver: InitializeP0 intro.
20250508 002728.236 INFO             PET1     >>>ESMX_Driver: entered Initialize (phase=<none>) without valid internal Clock.
20250508 002728.236 INFO             PET1     <<<ESMX_Driver: leaving Initialize (phase=<none>) without valid internal Clock.
20250508 002728.236 INFO             PET1   ESMX_Driver: InitializeP0 extro.
20250508 002728.236 INFO             PET1   ESMX_Driver: InitializeIPDv02p1 intro.
20250508 002728.236 INFO             PET1     >>>ESMX_Driver: entered Initialize (phase=<none>) without valid internal Clock.
20250508 002728.241 INFO             PET1     ESMX_Driver - Creating model component MDL without petList.
20250508 002728.265 DEBUG            PET1     Generic SetVM() is executing for: MDL
20250508 002728.265 DEBUG            PET1     Generic SetVM() found no NUOPC Hint for: MDL
20250508 002728.265 DEBUG            PET1     Generic SetVM() therefore is NOT calling ESMF_GridCompSetVMMaxPEs() for: MDL
20250508 002728.273 INFO             PET1     ESMX_Driver: IInitAdvertise intro.
20250508 002728.273 INFO             PET1       >>>ESMX_Driver: entered Initialize (phase=<none>) with current time: 2012 10 24 18  0  0   0
20250508 002728.273 INFO             PET1       <<<ESMX_Driver: leaving Initialize (phase=<none>) with current time: 2012 10 24 18  0  0   0
20250508 002728.273 INFO             PET1     ESMX_Driver: IInitAdvertise extro.
20250508 002728.273 INFO             PET1     Message from inside C component Advertise() method
20250508 002728.389 INFO             PET1     include("/home/gerhard/ESMF-Nightly-Testing/gfortran_7.4.0_mpich_g_develop/nuopc-app-prototypes/ESMX_SingleModelInJuliaProto/SiMoCoJulia/simocojulia_model.jl")
20250508 002728.430 INFO             PET1     path to C library: /home/gerhard/ESMF-Nightly-Testing/gfortran_7.4.0_mpich_g_develop/nuopc-app-prototypes/ESMX_SingleModelInJuliaProto/build/SiMoCoJulia/libSiMoCoJulia.so
20250508 002728.431 INFO             PET1     ESMX_Driver: IInitAdvertiseFinish intro.
20250508 002728.431 INFO             PET1       >>>ESMX_Driver: entered Initialize (phase=<none>) with current time: 2012 10 24 18  0  0   0
20250508 002728.431 INFO             PET1       <<<ESMX_Driver: leaving Initialize (phase=<none>) with current time: 2012 10 24 18  0  0   0
20250508 002728.431 INFO             PET1     ESMX_Driver: IInitAdvertiseFinish extro.
20250508 002728.431 INFO             PET1     ESMX_Driver: IInitModifyCplLists intro.
20250508 002728.431 INFO             PET1       >>>ESMX_Driver: entered Initialize (phase=<none>) with current time: 2012 10 24 18  0  0   0
20250508 002728.431 INFO             PET1       <<<ESMX_Driver: leaving Initialize (phase=<none>) with current time: 2012 10 24 18  0  0   0
20250508 002728.431 INFO             PET1     ESMX_Driver: IInitModifyCplLists extro.
20250508 002728.432 INFO             PET1     <<<ESMX_Driver: leaving Initialize (phase=<none>) with current time: 2012 10 24 18  0  0   0
20250508 002728.432 INFO             PET1   ESMX_Driver: InitializeIPDv02p1 extro.
20250508 002728.432 INFO             PET1   ESMX_Driver: InitializeIPDv02p3 intro.
20250508 002728.432 INFO             PET1     >>>ESMX_Driver: entered Initialize (phase=<none>) with current time: 2012 10 24 18  0  0   0
20250508 002728.432 INFO             PET1     ESMX_Driver: IInitCheck intro.
20250508 002728.432 INFO             PET1       >>>ESMX_Driver: entered Initialize (phase=<none>) with current time: 2012 10 24 18  0  0   0
20250508 002728.432 INFO             PET1       <<<ESMX_Driver: leaving Initialize (phase=<none>) with current time: 2012 10 24 18  0  0   0
20250508 002728.432 INFO             PET1     ESMX_Driver: IInitCheck extro.
20250508 002728.432 INFO             PET1     ESMX_Driver: IInitRealize intro.
20250508 002728.432 INFO             PET1       >>>ESMX_Driver: entered Initialize (phase=<none>) with current time: 2012 10 24 18  0  0   0
20250508 002728.432 INFO             PET1       <<<ESMX_Driver: leaving Initialize (phase=<none>) with current time: 2012 10 24 18  0  0   0
20250508 002728.432 INFO             PET1     ESMX_Driver: IInitRealize extro.
20250508 002728.433 INFO             PET1     <<<ESMX_Driver: leaving Initialize (phase=<none>) with current time: 2012 10 24 18  0  0   0
20250508 002728.433 INFO             PET1   ESMX_Driver: InitializeIPDv02p3 extro.
20250508 002728.433 INFO             PET1   ESMX_Driver: InitializeIPDv02p5 intro.
20250508 002728.433 INFO             PET1     >>>ESMX_Driver: entered Initialize (phase=<none>) with current time: 2012 10 24 18  0  0   0
20250508 002728.433 INFO             PET1     ESMX_Driver: InitializeIPDv02p5Data intro.
20250508 002728.433 INFO             PET1       >>>ESMX_Driver: entered Initialize (phase=<none>) with current time: 2012 10 24 18  0  0   0
20250508 002728.433 INFO             PET1       ESMX_Driver: InternalInitializeComplete intro.
20250508 002728.433 INFO             PET1         >>>ESMX_Driver: entered Initialize (phase=<none>) with current time: 2012 10 24 18  0  0   0
20250508 002728.433 INFO             PET1         <<<ESMX_Driver: leaving Initialize (phase=<none>) with current time: 2012 10 24 18  0  0   0
20250508 002728.433 INFO             PET1       ESMX_Driver: InternalInitializeComplete extro.
20250508 002728.434 INFO             PET1       ESMX_Driver: loopDataDependentInitialize intro.
20250508 002728.434 INFO             PET1         >>>ESMX_Driver: entered Initialize (phase=<none>) with current time: 2012 10 24 18  0  0   0
20250508 002728.435 INFO             PET1         <<<ESMX_Driver: leaving Initialize (phase=<none>) with current time: 2012 10 24 18  0  0   0
20250508 002728.435 INFO             PET1       ESMX_Driver: loopDataDependentInitialize extro.
20250508 002728.435 INFO             PET1       <<<ESMX_Driver: leaving Initialize (phase=<none>) with current time: 2012 10 24 18  0  0   0
20250508 002728.435 INFO             PET1     ESMX_Driver: InitializeIPDv02p5Data extro.
20250508 002728.435 INFO             PET1     <<<ESMX_Driver: leaving Initialize (phase=<none>) with current time: 2012 10 24 18  0  0   0
20250508 002728.435 INFO             PET1   ESMX_Driver: InitializeIPDv02p5 extro.
20250508 002728.435 INFO             PET1   <<<ESMX_Driver: leaving Initialize (phase=<none>) with current time: 2012 10 24 18  0  0   0
20250508 002728.435 INFO             PET1 ESMX_Driver: InitializeGeneric extro.
20250508 002728.435 INFO             PET1 ESMX_Driver: Run intro.
20250508 002728.435 INFO             PET1   >>>ESMX_Driver: entered Run (phase=RunPhase1) with current time: 2012 10 24 18  0  0   0
20250508 002728.435 INFO             PET1   Message from inside C component Advance() method
20250508 002728.451 INFO             PET1   model_state times_called: 1
20250508 002728.451 INFO             PET1   Message from inside C component Advance() method
20250508 002728.451 INFO             PET1   model_state times_called: 2
20250508 002728.451 INFO             PET1   Message from inside C component Advance() method
20250508 002728.451 INFO             PET1   model_state times_called: 3
20250508 002728.451 INFO             PET1   Message from inside C component Advance() method
20250508 002728.451 INFO             PET1   model_state times_called: 4
20250508 002728.452 INFO             PET1   <<<ESMX_Driver: leaving Run (phase=RunPhase1) with current time: 2012 10 24 19  0  0   0
20250508 002728.452 INFO             PET1 ESMX_Driver: Run extro.
20250508 002728.452 INFO             PET1 ESMX_Driver: Finalize intro.
20250508 002728.452 INFO             PET1   >>>ESMX_Driver: entered Finalize (phase=FinalizePhase1) with current time: 2012 10 24 19  0  0   0
20250508 002728.452 INFO             PET1   Calling Finalize phase 1 for modelComp: MDL
20250508 002728.452 INFO             PET1   Message from inside C component Finalize() method
20250508 002728.452 INFO             PET1   Delete modelComp: MDL
20250508 002728.452 INFO             PET1   <<<ESMX_Driver: leaving Finalize (phase=FinalizePhase1) with current time: 2012 10 24 19  0  0   0
20250508 002728.452 INFO             PET1 ESMX_Driver: Finalize extro.
20250508 002728.452 INFO             PET1 =============================================
20250508 002728.452 INFO             PET1 ESMX (Earth System Model eXecutable) FINISHED
20250508 002728.452 INFO             PET1 =============================================
20250508 002728.452 INFO             PET1  Finalizing ESMF
20250508 002728.227 INFO             PET2 !!!!!!!!!!!!!!!!!!!!!!!!!!!!!!!!!!!!!!!!!!!!!!!!!!!!!!
20250508 002728.227 INFO             PET2 !!! THE ESMF_LOG IS SET TO OUTPUT ALL LOG MESSAGES !!!
20250508 002728.227 INFO             PET2 !!!     THIS MAY CAUSE SLOWDOWN IN PERFORMANCE     !!!
20250508 002728.227 INFO             PET2 !!! FOR PRODUCTION RUNS, USE:                      !!!
20250508 002728.227 INFO             PET2 !!!                   ESMF_LOGKIND_Multi_On_Error  !!!
20250508 002728.227 INFO             PET2 !!!!!!!!!!!!!!!!!!!!!!!!!!!!!!!!!!!!!!!!!!!!!!!!!!!!!!
20250508 002728.227 INFO             PET2 Running with ESMF Version   : v8.9.0b08-5-g079ca68fdc
20250508 002728.227 INFO             PET2 ESMF library build date/time: "May  7 2025" "23:57:03"
20250508 002728.227 INFO             PET2 ESMF library build location : /home/gerhard/ESMF-Nightly-Testing/gfortran_7.4.0_mpich_g_develop/esmf
20250508 002728.227 INFO             PET2 ESMF_COMM                   : mpich
20250508 002728.227 INFO             PET2 ESMF_MOAB                   : enabled
20250508 002728.227 INFO             PET2 ESMF_LAPACK                 : enabled
20250508 002728.227 INFO             PET2 ESMF_NETCDF                 : enabled
20250508 002728.227 INFO             PET2 ESMF_PNETCDF                : disabled
20250508 002728.227 INFO             PET2 ESMF_PIO                    : enabled
20250508 002728.227 INFO             PET2 ESMF_YAMLCPP                : enabled
20250508 002728.230 INFO             PET2 =============================================
20250508 002728.230 INFO             PET2 ESMX (Earth System Model eXecutable) STARTING
20250508 002728.230 INFO             PET2 =============================================
20250508 002728.236 INFO             PET2 ESMX_Driver: InitializeGeneric intro.
20250508 002728.236 INFO             PET2   >>>ESMX_Driver: entered Initialize (phase=<none>) without valid internal Clock.
20250508 002728.236 INFO             PET2   ESMX_Driver: InitializeP0 intro.
20250508 002728.236 INFO             PET2     >>>ESMX_Driver: entered Initialize (phase=<none>) without valid internal Clock.
20250508 002728.236 INFO             PET2     <<<ESMX_Driver: leaving Initialize (phase=<none>) without valid internal Clock.
20250508 002728.236 INFO             PET2   ESMX_Driver: InitializeP0 extro.
20250508 002728.236 INFO             PET2   ESMX_Driver: InitializeIPDv02p1 intro.
20250508 002728.236 INFO             PET2     >>>ESMX_Driver: entered Initialize (phase=<none>) without valid internal Clock.
20250508 002728.241 INFO             PET2     ESMX_Driver - Creating model component MDL without petList.
20250508 002728.265 DEBUG            PET2     Generic SetVM() is executing for: MDL
20250508 002728.265 DEBUG            PET2     Generic SetVM() found no NUOPC Hint for: MDL
20250508 002728.265 DEBUG            PET2     Generic SetVM() therefore is NOT calling ESMF_GridCompSetVMMaxPEs() for: MDL
20250508 002728.273 INFO             PET2     ESMX_Driver: IInitAdvertise intro.
20250508 002728.273 INFO             PET2       >>>ESMX_Driver: entered Initialize (phase=<none>) with current time: 2012 10 24 18  0  0   0
20250508 002728.273 INFO             PET2       <<<ESMX_Driver: leaving Initialize (phase=<none>) with current time: 2012 10 24 18  0  0   0
20250508 002728.273 INFO             PET2     ESMX_Driver: IInitAdvertise extro.
20250508 002728.273 INFO             PET2     Message from inside C component Advertise() method
20250508 002728.389 INFO             PET2     include("/home/gerhard/ESMF-Nightly-Testing/gfortran_7.4.0_mpich_g_develop/nuopc-app-prototypes/ESMX_SingleModelInJuliaProto/SiMoCoJulia/simocojulia_model.jl")
20250508 002728.430 INFO             PET2     path to C library: /home/gerhard/ESMF-Nightly-Testing/gfortran_7.4.0_mpich_g_develop/nuopc-app-prototypes/ESMX_SingleModelInJuliaProto/build/SiMoCoJulia/libSiMoCoJulia.so
20250508 002728.431 INFO             PET2     ESMX_Driver: IInitAdvertiseFinish intro.
20250508 002728.431 INFO             PET2       >>>ESMX_Driver: entered Initialize (phase=<none>) with current time: 2012 10 24 18  0  0   0
20250508 002728.431 INFO             PET2       <<<ESMX_Driver: leaving Initialize (phase=<none>) with current time: 2012 10 24 18  0  0   0
20250508 002728.431 INFO             PET2     ESMX_Driver: IInitAdvertiseFinish extro.
20250508 002728.431 INFO             PET2     ESMX_Driver: IInitModifyCplLists intro.
20250508 002728.431 INFO             PET2       >>>ESMX_Driver: entered Initialize (phase=<none>) with current time: 2012 10 24 18  0  0   0
20250508 002728.431 INFO             PET2       <<<ESMX_Driver: leaving Initialize (phase=<none>) with current time: 2012 10 24 18  0  0   0
20250508 002728.431 INFO             PET2     ESMX_Driver: IInitModifyCplLists extro.
20250508 002728.432 INFO             PET2     <<<ESMX_Driver: leaving Initialize (phase=<none>) with current time: 2012 10 24 18  0  0   0
20250508 002728.432 INFO             PET2   ESMX_Driver: InitializeIPDv02p1 extro.
20250508 002728.432 INFO             PET2   ESMX_Driver: InitializeIPDv02p3 intro.
20250508 002728.432 INFO             PET2     >>>ESMX_Driver: entered Initialize (phase=<none>) with current time: 2012 10 24 18  0  0   0
20250508 002728.432 INFO             PET2     ESMX_Driver: IInitCheck intro.
20250508 002728.432 INFO             PET2       >>>ESMX_Driver: entered Initialize (phase=<none>) with current time: 2012 10 24 18  0  0   0
20250508 002728.432 INFO             PET2       <<<ESMX_Driver: leaving Initialize (phase=<none>) with current time: 2012 10 24 18  0  0   0
20250508 002728.432 INFO             PET2     ESMX_Driver: IInitCheck extro.
20250508 002728.432 INFO             PET2     ESMX_Driver: IInitRealize intro.
20250508 002728.432 INFO             PET2       >>>ESMX_Driver: entered Initialize (phase=<none>) with current time: 2012 10 24 18  0  0   0
20250508 002728.432 INFO             PET2       <<<ESMX_Driver: leaving Initialize (phase=<none>) with current time: 2012 10 24 18  0  0   0
20250508 002728.432 INFO             PET2     ESMX_Driver: IInitRealize extro.
20250508 002728.433 INFO             PET2     <<<ESMX_Driver: leaving Initialize (phase=<none>) with current time: 2012 10 24 18  0  0   0
20250508 002728.433 INFO             PET2   ESMX_Driver: InitializeIPDv02p3 extro.
20250508 002728.433 INFO             PET2   ESMX_Driver: InitializeIPDv02p5 intro.
20250508 002728.433 INFO             PET2     >>>ESMX_Driver: entered Initialize (phase=<none>) with current time: 2012 10 24 18  0  0   0
20250508 002728.433 INFO             PET2     ESMX_Driver: InitializeIPDv02p5Data intro.
20250508 002728.433 INFO             PET2       >>>ESMX_Driver: entered Initialize (phase=<none>) with current time: 2012 10 24 18  0  0   0
20250508 002728.433 INFO             PET2       ESMX_Driver: InternalInitializeComplete intro.
20250508 002728.433 INFO             PET2         >>>ESMX_Driver: entered Initialize (phase=<none>) with current time: 2012 10 24 18  0  0   0
20250508 002728.433 INFO             PET2         <<<ESMX_Driver: leaving Initialize (phase=<none>) with current time: 2012 10 24 18  0  0   0
20250508 002728.433 INFO             PET2       ESMX_Driver: InternalInitializeComplete extro.
20250508 002728.434 INFO             PET2       ESMX_Driver: loopDataDependentInitialize intro.
20250508 002728.434 INFO             PET2         >>>ESMX_Driver: entered Initialize (phase=<none>) with current time: 2012 10 24 18  0  0   0
20250508 002728.435 INFO             PET2         <<<ESMX_Driver: leaving Initialize (phase=<none>) with current time: 2012 10 24 18  0  0   0
20250508 002728.435 INFO             PET2       ESMX_Driver: loopDataDependentInitialize extro.
20250508 002728.435 INFO             PET2       <<<ESMX_Driver: leaving Initialize (phase=<none>) with current time: 2012 10 24 18  0  0   0
20250508 002728.435 INFO             PET2     ESMX_Driver: InitializeIPDv02p5Data extro.
20250508 002728.435 INFO             PET2     <<<ESMX_Driver: leaving Initialize (phase=<none>) with current time: 2012 10 24 18  0  0   0
20250508 002728.435 INFO             PET2   ESMX_Driver: InitializeIPDv02p5 extro.
20250508 002728.435 INFO             PET2   <<<ESMX_Driver: leaving Initialize (phase=<none>) with current time: 2012 10 24 18  0  0   0
20250508 002728.435 INFO             PET2 ESMX_Driver: InitializeGeneric extro.
20250508 002728.435 INFO             PET2 ESMX_Driver: Run intro.
20250508 002728.435 INFO             PET2   >>>ESMX_Driver: entered Run (phase=RunPhase1) with current time: 2012 10 24 18  0  0   0
20250508 002728.435 INFO             PET2   Message from inside C component Advance() method
20250508 002728.451 INFO             PET2   model_state times_called: 1
20250508 002728.451 INFO             PET2   Message from inside C component Advance() method
20250508 002728.451 INFO             PET2   model_state times_called: 2
20250508 002728.451 INFO             PET2   Message from inside C component Advance() method
20250508 002728.451 INFO             PET2   model_state times_called: 3
20250508 002728.451 INFO             PET2   Message from inside C component Advance() method
20250508 002728.451 INFO             PET2   model_state times_called: 4
20250508 002728.452 INFO             PET2   <<<ESMX_Driver: leaving Run (phase=RunPhase1) with current time: 2012 10 24 19  0  0   0
20250508 002728.452 INFO             PET2 ESMX_Driver: Run extro.
20250508 002728.452 INFO             PET2 ESMX_Driver: Finalize intro.
20250508 002728.452 INFO             PET2   >>>ESMX_Driver: entered Finalize (phase=FinalizePhase1) with current time: 2012 10 24 19  0  0   0
20250508 002728.452 INFO             PET2   Calling Finalize phase 1 for modelComp: MDL
20250508 002728.452 INFO             PET2   Message from inside C component Finalize() method
20250508 002728.452 INFO             PET2   Delete modelComp: MDL
20250508 002728.452 INFO             PET2   <<<ESMX_Driver: leaving Finalize (phase=FinalizePhase1) with current time: 2012 10 24 19  0  0   0
20250508 002728.452 INFO             PET2 ESMX_Driver: Finalize extro.
20250508 002728.452 INFO             PET2 =============================================
20250508 002728.452 INFO             PET2 ESMX (Earth System Model eXecutable) FINISHED
20250508 002728.452 INFO             PET2 =============================================
20250508 002728.452 INFO             PET2  Finalizing ESMF
20250508 002728.225 INFO             PET3 !!!!!!!!!!!!!!!!!!!!!!!!!!!!!!!!!!!!!!!!!!!!!!!!!!!!!!
20250508 002728.225 INFO             PET3 !!! THE ESMF_LOG IS SET TO OUTPUT ALL LOG MESSAGES !!!
20250508 002728.225 INFO             PET3 !!!     THIS MAY CAUSE SLOWDOWN IN PERFORMANCE     !!!
20250508 002728.225 INFO             PET3 !!! FOR PRODUCTION RUNS, USE:                      !!!
20250508 002728.225 INFO             PET3 !!!                   ESMF_LOGKIND_Multi_On_Error  !!!
20250508 002728.225 INFO             PET3 !!!!!!!!!!!!!!!!!!!!!!!!!!!!!!!!!!!!!!!!!!!!!!!!!!!!!!
20250508 002728.225 INFO             PET3 Running with ESMF Version   : v8.9.0b08-5-g079ca68fdc
20250508 002728.225 INFO             PET3 ESMF library build date/time: "May  7 2025" "23:57:03"
20250508 002728.225 INFO             PET3 ESMF library build location : /home/gerhard/ESMF-Nightly-Testing/gfortran_7.4.0_mpich_g_develop/esmf
20250508 002728.225 INFO             PET3 ESMF_COMM                   : mpich
20250508 002728.225 INFO             PET3 ESMF_MOAB                   : enabled
20250508 002728.225 INFO             PET3 ESMF_LAPACK                 : enabled
20250508 002728.225 INFO             PET3 ESMF_NETCDF                 : enabled
20250508 002728.225 INFO             PET3 ESMF_PNETCDF                : disabled
20250508 002728.225 INFO             PET3 ESMF_PIO                    : enabled
20250508 002728.225 INFO             PET3 ESMF_YAMLCPP                : enabled
20250508 002728.230 INFO             PET3 =============================================
20250508 002728.230 INFO             PET3 ESMX (Earth System Model eXecutable) STARTING
20250508 002728.230 INFO             PET3 =============================================
20250508 002728.236 INFO             PET3 ESMX_Driver: InitializeGeneric intro.
20250508 002728.236 INFO             PET3   >>>ESMX_Driver: entered Initialize (phase=<none>) without valid internal Clock.
20250508 002728.236 INFO             PET3   ESMX_Driver: InitializeP0 intro.
20250508 002728.236 INFO             PET3     >>>ESMX_Driver: entered Initialize (phase=<none>) without valid internal Clock.
20250508 002728.236 INFO             PET3     <<<ESMX_Driver: leaving Initialize (phase=<none>) without valid internal Clock.
20250508 002728.236 INFO             PET3   ESMX_Driver: InitializeP0 extro.
20250508 002728.236 INFO             PET3   ESMX_Driver: InitializeIPDv02p1 intro.
20250508 002728.236 INFO             PET3     >>>ESMX_Driver: entered Initialize (phase=<none>) without valid internal Clock.
20250508 002728.241 INFO             PET3     ESMX_Driver - Creating model component MDL without petList.
20250508 002728.265 DEBUG            PET3     Generic SetVM() is executing for: MDL
20250508 002728.265 DEBUG            PET3     Generic SetVM() found no NUOPC Hint for: MDL
20250508 002728.265 DEBUG            PET3     Generic SetVM() therefore is NOT calling ESMF_GridCompSetVMMaxPEs() for: MDL
20250508 002728.273 INFO             PET3     ESMX_Driver: IInitAdvertise intro.
20250508 002728.273 INFO             PET3       >>>ESMX_Driver: entered Initialize (phase=<none>) with current time: 2012 10 24 18  0  0   0
20250508 002728.273 INFO             PET3       <<<ESMX_Driver: leaving Initialize (phase=<none>) with current time: 2012 10 24 18  0  0   0
20250508 002728.273 INFO             PET3     ESMX_Driver: IInitAdvertise extro.
20250508 002728.273 INFO             PET3     Message from inside C component Advertise() method
20250508 002728.389 INFO             PET3     include("/home/gerhard/ESMF-Nightly-Testing/gfortran_7.4.0_mpich_g_develop/nuopc-app-prototypes/ESMX_SingleModelInJuliaProto/SiMoCoJulia/simocojulia_model.jl")
20250508 002728.430 INFO             PET3     path to C library: /home/gerhard/ESMF-Nightly-Testing/gfortran_7.4.0_mpich_g_develop/nuopc-app-prototypes/ESMX_SingleModelInJuliaProto/build/SiMoCoJulia/libSiMoCoJulia.so
20250508 002728.431 INFO             PET3     ESMX_Driver: IInitAdvertiseFinish intro.
20250508 002728.431 INFO             PET3       >>>ESMX_Driver: entered Initialize (phase=<none>) with current time: 2012 10 24 18  0  0   0
20250508 002728.431 INFO             PET3       <<<ESMX_Driver: leaving Initialize (phase=<none>) with current time: 2012 10 24 18  0  0   0
20250508 002728.431 INFO             PET3     ESMX_Driver: IInitAdvertiseFinish extro.
20250508 002728.431 INFO             PET3     ESMX_Driver: IInitModifyCplLists intro.
20250508 002728.431 INFO             PET3       >>>ESMX_Driver: entered Initialize (phase=<none>) with current time: 2012 10 24 18  0  0   0
20250508 002728.431 INFO             PET3       <<<ESMX_Driver: leaving Initialize (phase=<none>) with current time: 2012 10 24 18  0  0   0
20250508 002728.431 INFO             PET3     ESMX_Driver: IInitModifyCplLists extro.
20250508 002728.432 INFO             PET3     <<<ESMX_Driver: leaving Initialize (phase=<none>) with current time: 2012 10 24 18  0  0   0
20250508 002728.432 INFO             PET3   ESMX_Driver: InitializeIPDv02p1 extro.
20250508 002728.432 INFO             PET3   ESMX_Driver: InitializeIPDv02p3 intro.
20250508 002728.432 INFO             PET3     >>>ESMX_Driver: entered Initialize (phase=<none>) with current time: 2012 10 24 18  0  0   0
20250508 002728.432 INFO             PET3     ESMX_Driver: IInitCheck intro.
20250508 002728.432 INFO             PET3       >>>ESMX_Driver: entered Initialize (phase=<none>) with current time: 2012 10 24 18  0  0   0
20250508 002728.432 INFO             PET3       <<<ESMX_Driver: leaving Initialize (phase=<none>) with current time: 2012 10 24 18  0  0   0
20250508 002728.432 INFO             PET3     ESMX_Driver: IInitCheck extro.
20250508 002728.432 INFO             PET3     ESMX_Driver: IInitRealize intro.
20250508 002728.432 INFO             PET3       >>>ESMX_Driver: entered Initialize (phase=<none>) with current time: 2012 10 24 18  0  0   0
20250508 002728.432 INFO             PET3       <<<ESMX_Driver: leaving Initialize (phase=<none>) with current time: 2012 10 24 18  0  0   0
20250508 002728.432 INFO             PET3     ESMX_Driver: IInitRealize extro.
20250508 002728.433 INFO             PET3     <<<ESMX_Driver: leaving Initialize (phase=<none>) with current time: 2012 10 24 18  0  0   0
20250508 002728.433 INFO             PET3   ESMX_Driver: InitializeIPDv02p3 extro.
20250508 002728.433 INFO             PET3   ESMX_Driver: InitializeIPDv02p5 intro.
20250508 002728.433 INFO             PET3     >>>ESMX_Driver: entered Initialize (phase=<none>) with current time: 2012 10 24 18  0  0   0
20250508 002728.433 INFO             PET3     ESMX_Driver: InitializeIPDv02p5Data intro.
20250508 002728.433 INFO             PET3       >>>ESMX_Driver: entered Initialize (phase=<none>) with current time: 2012 10 24 18  0  0   0
20250508 002728.433 INFO             PET3       ESMX_Driver: InternalInitializeComplete intro.
20250508 002728.433 INFO             PET3         >>>ESMX_Driver: entered Initialize (phase=<none>) with current time: 2012 10 24 18  0  0   0
20250508 002728.433 INFO             PET3         <<<ESMX_Driver: leaving Initialize (phase=<none>) with current time: 2012 10 24 18  0  0   0
20250508 002728.433 INFO             PET3       ESMX_Driver: InternalInitializeComplete extro.
20250508 002728.434 INFO             PET3       ESMX_Driver: loopDataDependentInitialize intro.
20250508 002728.434 INFO             PET3         >>>ESMX_Driver: entered Initialize (phase=<none>) with current time: 2012 10 24 18  0  0   0
20250508 002728.435 INFO             PET3         <<<ESMX_Driver: leaving Initialize (phase=<none>) with current time: 2012 10 24 18  0  0   0
20250508 002728.435 INFO             PET3       ESMX_Driver: loopDataDependentInitialize extro.
20250508 002728.435 INFO             PET3       <<<ESMX_Driver: leaving Initialize (phase=<none>) with current time: 2012 10 24 18  0  0   0
20250508 002728.435 INFO             PET3     ESMX_Driver: InitializeIPDv02p5Data extro.
20250508 002728.435 INFO             PET3     <<<ESMX_Driver: leaving Initialize (phase=<none>) with current time: 2012 10 24 18  0  0   0
20250508 002728.435 INFO             PET3   ESMX_Driver: InitializeIPDv02p5 extro.
20250508 002728.435 INFO             PET3   <<<ESMX_Driver: leaving Initialize (phase=<none>) with current time: 2012 10 24 18  0  0   0
20250508 002728.435 INFO             PET3 ESMX_Driver: InitializeGeneric extro.
20250508 002728.435 INFO             PET3 ESMX_Driver: Run intro.
20250508 002728.435 INFO             PET3   >>>ESMX_Driver: entered Run (phase=RunPhase1) with current time: 2012 10 24 18  0  0   0
20250508 002728.435 INFO             PET3   Message from inside C component Advance() method
20250508 002728.451 INFO             PET3   model_state times_called: 1
20250508 002728.451 INFO             PET3   Message from inside C component Advance() method
20250508 002728.451 INFO             PET3   model_state times_called: 2
20250508 002728.451 INFO             PET3   Message from inside C component Advance() method
20250508 002728.451 INFO             PET3   model_state times_called: 3
20250508 002728.451 INFO             PET3   Message from inside C component Advance() method
20250508 002728.451 INFO             PET3   model_state times_called: 4
20250508 002728.452 INFO             PET3   <<<ESMX_Driver: leaving Run (phase=RunPhase1) with current time: 2012 10 24 19  0  0   0
20250508 002728.452 INFO             PET3 ESMX_Driver: Run extro.
20250508 002728.452 INFO             PET3 ESMX_Driver: Finalize intro.
20250508 002728.452 INFO             PET3   >>>ESMX_Driver: entered Finalize (phase=FinalizePhase1) with current time: 2012 10 24 19  0  0   0
20250508 002728.452 INFO             PET3   Calling Finalize phase 1 for modelComp: MDL
20250508 002728.452 INFO             PET3   Message from inside C component Finalize() method
20250508 002728.452 INFO             PET3   Delete modelComp: MDL
20250508 002728.452 INFO             PET3   <<<ESMX_Driver: leaving Finalize (phase=FinalizePhase1) with current time: 2012 10 24 19  0  0   0
20250508 002728.452 INFO             PET3 ESMX_Driver: Finalize extro.
20250508 002728.452 INFO             PET3 =============================================
20250508 002728.452 INFO             PET3 ESMX (Earth System Model eXecutable) FINISHED
20250508 002728.452 INFO             PET3 =============================================
20250508 002728.452 INFO             PET3  Finalizing ESMF
