2024-10-17 22:37:40
20241017 231400.825 INFO             PET0 !!!!!!!!!!!!!!!!!!!!!!!!!!!!!!!!!!!!!!!!!!!!!!!!!!!!!!
20241017 231400.825 INFO             PET0 !!! THE ESMF_LOG IS SET TO OUTPUT ALL LOG MESSAGES !!!
20241017 231400.825 INFO             PET0 !!!     THIS MAY CAUSE SLOWDOWN IN PERFORMANCE     !!!
20241017 231400.825 INFO             PET0 !!! FOR PRODUCTION RUNS, USE:                      !!!
20241017 231400.825 INFO             PET0 !!!                   ESMF_LOGKIND_Multi_On_Error  !!!
20241017 231400.825 INFO             PET0 !!!!!!!!!!!!!!!!!!!!!!!!!!!!!!!!!!!!!!!!!!!!!!!!!!!!!!
20241017 231400.825 INFO             PET0 Running with ESMF Version   : v8.8.0b01-7-gc92d921964
20241017 231400.825 INFO             PET0 ESMF library build date/time: "Oct 17 2024" "22:35:45"
20241017 231400.825 INFO             PET0 ESMF library build location : /discover/nobackup/projects/gmao/SIteam/ESMF_Testing/intel_2024.2.0_mpiuni_g_develop/esmf
20241017 231400.825 INFO             PET0 ESMF_COMM                   : mpiuni
20241017 231400.825 INFO             PET0 ESMF_MOAB                   : enabled
20241017 231400.825 INFO             PET0 ESMF_LAPACK                 : enabled
20241017 231400.826 INFO             PET0 ESMF_NETCDF                 : disabled
20241017 231400.826 INFO             PET0 ESMF_PNETCDF                : disabled
20241017 231400.826 INFO             PET0 ESMF_PIO                    : disabled
20241017 231400.826 INFO             PET0 ESMF_YAMLCPP                : enabled
20241017 231400.826 INFO             PET0  NUMBER_OF_PROCESSORS           1
20241017 231400.826 INFO             PET0  PASS  Example ESMF_TimeEx, ESMF_TimeEx.F90, line 141
20241017 231400.826 INFO             PET0  Finalizing ESMF
