2024-10-16 22:24:22
20241016 230200.914 INFO             PET0 !!!!!!!!!!!!!!!!!!!!!!!!!!!!!!!!!!!!!!!!!!!!!!!!!!!!!!
20241016 230200.915 INFO             PET0 !!! THE ESMF_LOG IS SET TO OUTPUT ALL LOG MESSAGES !!!
20241016 230200.915 INFO             PET0 !!!     THIS MAY CAUSE SLOWDOWN IN PERFORMANCE     !!!
20241016 230200.915 INFO             PET0 !!! FOR PRODUCTION RUNS, USE:                      !!!
20241016 230200.915 INFO             PET0 !!!                   ESMF_LOGKIND_Multi_On_Error  !!!
20241016 230200.915 INFO             PET0 !!!!!!!!!!!!!!!!!!!!!!!!!!!!!!!!!!!!!!!!!!!!!!!!!!!!!!
20241016 230200.915 INFO             PET0 Running with ESMF Version   : v8.8.0b01-6-g3ed6fcfd2b
20241016 230200.915 INFO             PET0 ESMF library build date/time: "Oct 16 2024" "22:22:17"
20241016 230200.915 INFO             PET0 ESMF library build location : /discover/nobackup/projects/gmao/SIteam/ESMF_Testing/intel_2024.2.0_mpiuni_g_develop/esmf
20241016 230200.915 INFO             PET0 ESMF_COMM                   : mpiuni
20241016 230200.915 INFO             PET0 ESMF_MOAB                   : enabled
20241016 230200.915 INFO             PET0 ESMF_LAPACK                 : enabled
20241016 230200.915 INFO             PET0 ESMF_NETCDF                 : disabled
20241016 230200.915 INFO             PET0 ESMF_PNETCDF                : disabled
20241016 230200.915 INFO             PET0 ESMF_PIO                    : disabled
20241016 230200.915 INFO             PET0 ESMF_YAMLCPP                : enabled
20241016 230200.915 INFO             PET0 ESMF Tracing Enabled
20241016 230200.915 INFO             PET0 ESMF Profiling Enabled
20241016 230200.915 INFO             PET0 ESMF Trace/Profile clock: REALTIME
20241016 230200.916 INFO             PET0  NUMBER_OF_PROCESSORS           1
20241016 230200.916 INFO             PET0  PASS  Example ESMF_TraceUserEx, ESMF_TraceUserEx.F90, line 125
20241016 230200.916 INFO             PET0  Finalizing ESMF
20241016 230200.917 INFO             PET0 **************** Region Timings *******************
20241016 230200.917 INFO             PET0 Region                Count  Total (s)   Self (s)    Mean (s)    Min (s)     Max (s)
20241016 230200.917 INFO             PET0   [ESMF]              1      0.0006      0.0003      0.0006      0.0006      0.0006
20241016 230200.917 INFO             PET0     outer_region      1      0.0003      0.0000      0.0003      0.0003      0.0003
20241016 230200.917 INFO             PET0       inner_region_1  10     0.0002      0.0002      0.0000      0.0000      0.0000
20241016 230200.917 INFO             PET0       inner_region_2  10     0.0001      0.0001      0.0000      0.0000      0.0000
