2024-10-15 22:38:40
20241015 231441.600 INFO             PET0 !!!!!!!!!!!!!!!!!!!!!!!!!!!!!!!!!!!!!!!!!!!!!!!!!!!!!!
20241015 231441.600 INFO             PET0 !!! THE ESMF_LOG IS SET TO OUTPUT ALL LOG MESSAGES !!!
20241015 231441.600 INFO             PET0 !!!     THIS MAY CAUSE SLOWDOWN IN PERFORMANCE     !!!
20241015 231441.600 INFO             PET0 !!! FOR PRODUCTION RUNS, USE:                      !!!
20241015 231441.600 INFO             PET0 !!!                   ESMF_LOGKIND_Multi_On_Error  !!!
20241015 231441.600 INFO             PET0 !!!!!!!!!!!!!!!!!!!!!!!!!!!!!!!!!!!!!!!!!!!!!!!!!!!!!!
20241015 231441.600 INFO             PET0 Running with ESMF Version   : v8.8.0b01-2-g867c30314c
20241015 231441.600 INFO             PET0 ESMF library build date/time: "Oct 15 2024" "22:36:39"
20241015 231441.600 INFO             PET0 ESMF library build location : /discover/nobackup/projects/gmao/SIteam/ESMF_Testing/intel_2024.2.0_mpiuni_g_develop/esmf
20241015 231441.600 INFO             PET0 ESMF_COMM                   : mpiuni
20241015 231441.600 INFO             PET0 ESMF_MOAB                   : enabled
20241015 231441.600 INFO             PET0 ESMF_LAPACK                 : enabled
20241015 231441.600 INFO             PET0 ESMF_NETCDF                 : disabled
20241015 231441.600 INFO             PET0 ESMF_PNETCDF                : disabled
20241015 231441.600 INFO             PET0 ESMF_PIO                    : disabled
20241015 231441.600 INFO             PET0 ESMF_YAMLCPP                : enabled
20241015 231441.600 INFO             PET0 ESMF Tracing Enabled
20241015 231441.600 INFO             PET0 ESMF Profiling Enabled
20241015 231441.601 INFO             PET0 ESMF Trace/Profile clock: REALTIME
20241015 231441.603 INFO             PET0  NUMBER_OF_PROCESSORS           1
20241015 231441.603 INFO             PET0  PASS  Example ESMF_TraceEx, ESMF_TraceEx.F90, line 178
20241015 231441.603 INFO             PET0  Finalizing ESMF
20241015 231441.603 INFO             PET0 **************** Region Timings *******************
20241015 231441.603 INFO             PET0 Region              Count  Total (s)   Self (s)    Mean (s)    Min (s)     Max (s)
20241015 231441.603 INFO             PET0   [ESMF]            1      0.0016      0.0015      0.0016      0.0016      0.0016
20241015 231441.603 INFO             PET0     [test] Run 1    5      0.0000      0.0000      0.0000      0.0000      0.0000
20241015 231441.603 INFO             PET0     [test] Init 1   1      0.0000      0.0000      0.0000      0.0000      0.0000
20241015 231441.603 INFO             PET0     [test] Final 1  1      0.0000      0.0000      0.0000      0.0000      0.0000
