2024-10-16 07:41:09
20241016 083614.540 INFO             PET0 !!!!!!!!!!!!!!!!!!!!!!!!!!!!!!!!!!!!!!!!!!!!!!!!!!!!!!
20241016 083614.540 INFO             PET0 !!! THE ESMF_LOG IS SET TO OUTPUT ALL LOG MESSAGES !!!
20241016 083614.540 INFO             PET0 !!!     THIS MAY CAUSE SLOWDOWN IN PERFORMANCE     !!!
20241016 083614.540 INFO             PET0 !!! FOR PRODUCTION RUNS, USE:                      !!!
20241016 083614.540 INFO             PET0 !!!                   ESMF_LOGKIND_Multi_On_Error  !!!
20241016 083614.540 INFO             PET0 !!!!!!!!!!!!!!!!!!!!!!!!!!!!!!!!!!!!!!!!!!!!!!!!!!!!!!
20241016 083614.540 INFO             PET0 Running with ESMF Version   : v8.8.0b01-2-g867c30314c
20241016 083614.540 INFO             PET0 ESMF library build date/time: "Oct 16 2024" "07:37:18"
20241016 083614.540 INFO             PET0 ESMF library build location : /scratch2/NCEPDEV/stmp1/Gerhard.Theurich/ESMF-Nightly-Testing/nvhpc_24.1_mpiuni_g_develop/esmf
20241016 083614.540 INFO             PET0 ESMF_COMM                   : mpiuni
20241016 083614.541 INFO             PET0 ESMF_MOAB                   : enabled
20241016 083614.541 INFO             PET0 ESMF_LAPACK                 : enabled
20241016 083614.541 INFO             PET0 ESMF_NETCDF                 : disabled
20241016 083614.541 INFO             PET0 ESMF_PNETCDF                : disabled
20241016 083614.541 INFO             PET0 ESMF_PIO                    : disabled
20241016 083614.541 INFO             PET0 ESMF_YAMLCPP                : enabled
20241016 083614.542 INFO             PET0 ESMF Tracing Enabled
20241016 083614.542 INFO             PET0 ESMF Profiling Enabled
20241016 083614.542 INFO             PET0 ESMF Trace/Profile clock: REALTIME
20241016 083614.565 INFO             PET0  NUMBER_OF_PROCESSORS            1
20241016 083614.565 INFO             PET0  PASS  Example ESMF_TraceEx, ESMF_TraceEx.F90, line 178
20241016 083614.565 INFO             PET0  Finalizing ESMF
20241016 083614.565 INFO             PET0 **************** Region Timings *******************
20241016 083614.565 INFO             PET0 Region              Count  Total (s)   Self (s)    Mean (s)    Min (s)     Max (s)
20241016 083614.565 INFO             PET0   [ESMF]            1      0.0217      0.0216      0.0217      0.0217      0.0217
20241016 083614.565 INFO             PET0     [test] Init 1   1      0.0000      0.0000      0.0000      0.0000      0.0000
20241016 083614.566 INFO             PET0     [test] Run 1    5      0.0000      0.0000      0.0000      0.0000      0.0000
20241016 083614.566 INFO             PET0     [test] Final 1  1      0.0000      0.0000      0.0000      0.0000      0.0000
