2024-10-14 07:38:26
20241014 083515.394 INFO             PET0 !!!!!!!!!!!!!!!!!!!!!!!!!!!!!!!!!!!!!!!!!!!!!!!!!!!!!!
20241014 083515.395 INFO             PET0 !!! THE ESMF_LOG IS SET TO OUTPUT ALL LOG MESSAGES !!!
20241014 083515.395 INFO             PET0 !!!     THIS MAY CAUSE SLOWDOWN IN PERFORMANCE     !!!
20241014 083515.395 INFO             PET0 !!! FOR PRODUCTION RUNS, USE:                      !!!
20241014 083515.395 INFO             PET0 !!!                   ESMF_LOGKIND_Multi_On_Error  !!!
20241014 083515.395 INFO             PET0 !!!!!!!!!!!!!!!!!!!!!!!!!!!!!!!!!!!!!!!!!!!!!!!!!!!!!!
20241014 083515.395 INFO             PET0 Running with ESMF Version   : v8.8.0b01
20241014 083515.395 INFO             PET0 ESMF library build date/time: "Oct 14 2024" "07:34:22"
20241014 083515.395 INFO             PET0 ESMF library build location : /scratch2/NCEPDEV/stmp1/Gerhard.Theurich/ESMF-Nightly-Testing/nvhpc_24.1_mpiuni_g_develop/esmf
20241014 083515.395 INFO             PET0 ESMF_COMM                   : mpiuni
20241014 083515.396 INFO             PET0 ESMF_MOAB                   : enabled
20241014 083515.396 INFO             PET0 ESMF_LAPACK                 : enabled
20241014 083515.396 INFO             PET0 ESMF_NETCDF                 : disabled
20241014 083515.396 INFO             PET0 ESMF_PNETCDF                : disabled
20241014 083515.396 INFO             PET0 ESMF_PIO                    : disabled
20241014 083515.396 INFO             PET0 ESMF_YAMLCPP                : enabled
20241014 083515.397 INFO             PET0  NUMBER_OF_PROCESSORS            1
20241014 083515.397 INFO             PET0  PASS  Example ESMF_WebServicesEx, ESMF_WebServicesEx.F90, line 227
20241014 083515.397 INFO             PET0  Finalizing ESMF
