2025-05-10 07:41:12
20250510 080938.857 INFO             PET0 !!!!!!!!!!!!!!!!!!!!!!!!!!!!!!!!!!!!!!!!!!!!!!!!!!!!!!
20250510 080938.857 INFO             PET0 !!! THE ESMF_LOG IS SET TO OUTPUT ALL LOG MESSAGES !!!
20250510 080938.857 INFO             PET0 !!!     THIS MAY CAUSE SLOWDOWN IN PERFORMANCE     !!!
20250510 080938.857 INFO             PET0 !!! FOR PRODUCTION RUNS, USE:                      !!!
20250510 080938.857 INFO             PET0 !!!                   ESMF_LOGKIND_Multi_On_Error  !!!
20250510 080938.857 INFO             PET0 !!!!!!!!!!!!!!!!!!!!!!!!!!!!!!!!!!!!!!!!!!!!!!!!!!!!!!
20250510 080938.857 INFO             PET0 Running with ESMF Version   : v8.9.0b08-9-gea72ab2180
20250510 080938.857 INFO             PET0 ESMF library build date/time: "May 10 2025" "07:39:15"
20250510 080938.857 INFO             PET0 ESMF library build location : /scratch2/NCEPDEV/stmp1/Gerhard.Theurich/ESMF-Nightly-Testing/gfortran_13.2.0_mpiuni_O_develop/esmf
20250510 080938.857 INFO             PET0 ESMF_COMM                   : mpiuni
20250510 080938.858 INFO             PET0 ESMF_MOAB                   : enabled
20250510 080938.858 INFO             PET0 ESMF_LAPACK                 : enabled
20250510 080938.858 INFO             PET0 ESMF_NETCDF                 : disabled
20250510 080938.858 INFO             PET0 ESMF_PNETCDF                : disabled
20250510 080938.858 INFO             PET0 ESMF_PIO                    : disabled
20250510 080938.858 INFO             PET0 ESMF_YAMLCPP                : enabled
20250510 080938.860 INFO             PET0 ESMF_FieldRedistStoreNF(): Just entered routine.
20250510 080938.970 INFO             PET0 ESMF_FieldRedistStoreNF(): Leaving routine.
20250510 080938.980 INFO             PET0  NUMBER_OF_PROCESSORS           1
20250510 080938.980 INFO             PET0  PASS  Example ESMF_RHandleFromFileEx, ESMF_RHandleFromFileEx.F90, line 192
20250510 080938.980 INFO             PET0  Finalizing ESMF
