2025-05-08 10:55:36
20250508 111025.325 INFO             PET0 !!!!!!!!!!!!!!!!!!!!!!!!!!!!!!!!!!!!!!!!!!!!!!!!!!!!!!
20250508 111025.326 INFO             PET0 !!! THE ESMF_LOG IS SET TO OUTPUT ALL LOG MESSAGES !!!
20250508 111025.326 INFO             PET0 !!!     THIS MAY CAUSE SLOWDOWN IN PERFORMANCE     !!!
20250508 111025.326 INFO             PET0 !!! FOR PRODUCTION RUNS, USE:                      !!!
20250508 111025.326 INFO             PET0 !!!                   ESMF_LOGKIND_Multi_On_Error  !!!
20250508 111025.326 INFO             PET0 !!!!!!!!!!!!!!!!!!!!!!!!!!!!!!!!!!!!!!!!!!!!!!!!!!!!!!
20250508 111025.326 INFO             PET0 Running with ESMF Version   : v8.9.0b08-5-g079ca68fdc
20250508 111025.326 INFO             PET0 ESMF library build date/time: "May  8 2025" "10:54:48"
20250508 111025.326 INFO             PET0 ESMF library build location : /Users/oehmke/ESMF_AutoTest/gfortranclang_12.2.0_14.0.0_mpiuni_g_develop/esmf
20250508 111025.326 INFO             PET0 ESMF_COMM                   : mpiuni
20250508 111025.326 INFO             PET0 ESMF_MOAB                   : enabled
20250508 111025.326 INFO             PET0 ESMF_LAPACK                 : enabled
20250508 111025.326 INFO             PET0 ESMF_NETCDF                 : enabled
20250508 111025.326 INFO             PET0 ESMF_PNETCDF                : disabled
20250508 111025.326 INFO             PET0 ESMF_PIO                    : enabled
20250508 111025.326 INFO             PET0 ESMF_YAMLCPP                : enabled
20250508 111025.326 INFO             PET0 ESMF Tracing Enabled
20250508 111025.326 INFO             PET0 ESMF Profiling Enabled
20250508 111025.326 INFO             PET0 ESMF Trace/Profile clock: REALTIME
20250508 111025.327 INFO             PET0  NUMBER_OF_PROCESSORS           1
20250508 111025.327 INFO             PET0  PASS  Example ESMF_TraceUserEx, ESMF_TraceUserEx.F90, line 125
20250508 111025.327 INFO             PET0  Finalizing ESMF
20250508 111025.327 INFO             PET0 **************** Region Timings *******************
20250508 111025.327 INFO             PET0 Region                Count  Total (s)   Self (s)    Mean (s)    Min (s)     Max (s)
20250508 111025.327 INFO             PET0   [ESMF]              1      0.0003      0.0000      0.0003      0.0003      0.0003
20250508 111025.327 INFO             PET0     outer_region      1      0.0002      0.0000      0.0002      0.0002      0.0002
20250508 111025.327 INFO             PET0       inner_region_1  10     0.0001      0.0001      0.0000      0.0000      0.0000
20250508 111025.327 INFO             PET0       inner_region_2  10     0.0001      0.0001      0.0000      0.0000      0.0000
20250508 111025.327 INFO             PET0 ESMCI_IO_Handler.C:335 ESMCI::IO_Handler::finalize() 
20250508 111025.327 INFO             PET0 ESMCI_PIO_Handler.C:357 ESMCI::PIO_Handler::finalize() 
20250508 111025.327 INFO             PET0 ESMCI_IO_Handler.C:337 ESMCI::IO_Handler::finalize() after finalize, localrc = 0
20250508 111025.327 INFO             PET0 ESMCI_IO_Handler.C:360 ESMCI::IO_Handler::finalize() before return, localrc = 0
