2024-10-17 21:16:41
20241017 215823.036 INFO             PET0 !!!!!!!!!!!!!!!!!!!!!!!!!!!!!!!!!!!!!!!!!!!!!!!!!!!!!!
20241017 215823.037 INFO             PET0 !!! THE ESMF_LOG IS SET TO OUTPUT ALL LOG MESSAGES !!!
20241017 215823.037 INFO             PET0 !!!     THIS MAY CAUSE SLOWDOWN IN PERFORMANCE     !!!
20241017 215823.037 INFO             PET0 !!! FOR PRODUCTION RUNS, USE:                      !!!
20241017 215823.037 INFO             PET0 !!!                   ESMF_LOGKIND_Multi_On_Error  !!!
20241017 215823.037 INFO             PET0 !!!!!!!!!!!!!!!!!!!!!!!!!!!!!!!!!!!!!!!!!!!!!!!!!!!!!!
20241017 215823.037 INFO             PET0 Running with ESMF Version   : v8.8.0b01-7-gc92d921964
20241017 215823.037 INFO             PET0 ESMF library build date/time: "Oct 17 2024" "21:14:28"
20241017 215823.037 INFO             PET0 ESMF library build location : /Users/sacks/projects/scratch/esmf-testing/gfortranclang_12.2.0_14.0.0_mpiuni_g_develop/esmf
20241017 215823.037 INFO             PET0 ESMF_COMM                   : mpiuni
20241017 215823.037 INFO             PET0 ESMF_MOAB                   : enabled
20241017 215823.037 INFO             PET0 ESMF_LAPACK                 : enabled
20241017 215823.037 INFO             PET0 ESMF_NETCDF                 : enabled
20241017 215823.037 INFO             PET0 ESMF_PNETCDF                : disabled
20241017 215823.037 INFO             PET0 ESMF_PIO                    : enabled
20241017 215823.037 INFO             PET0 ESMF_YAMLCPP                : enabled
20241017 215823.042 INFO             PET0 ESMF_FieldRedistStoreNF(): Just entered routine.
20241017 215823.639 INFO             PET0 ESMF_FieldRedistStoreNF(): Leaving routine.
20241017 215823.647 INFO             PET0  NUMBER_OF_PROCESSORS           1
20241017 215823.647 INFO             PET0  PASS  Example ESMF_RHandleFromFileEx, ESMF_RHandleFromFileEx.F90, line 192
20241017 215823.647 INFO             PET0  Finalizing ESMF
