2025-05-09 21:12:42
20250509 214634.825 INFO             PET0 !!!!!!!!!!!!!!!!!!!!!!!!!!!!!!!!!!!!!!!!!!!!!!!!!!!!!!
20250509 214634.826 INFO             PET0 !!! THE ESMF_LOG IS SET TO OUTPUT ALL LOG MESSAGES !!!
20250509 214634.826 INFO             PET0 !!!     THIS MAY CAUSE SLOWDOWN IN PERFORMANCE     !!!
20250509 214634.826 INFO             PET0 !!! FOR PRODUCTION RUNS, USE:                      !!!
20250509 214634.826 INFO             PET0 !!!                   ESMF_LOGKIND_Multi_On_Error  !!!
20250509 214634.826 INFO             PET0 !!!!!!!!!!!!!!!!!!!!!!!!!!!!!!!!!!!!!!!!!!!!!!!!!!!!!!
20250509 214634.826 INFO             PET0 Running with ESMF Version   : v8.9.0b08-9-gea72ab2180
20250509 214634.826 INFO             PET0 ESMF library build date/time: "May  9 2025" "21:10:43"
20250509 214634.826 INFO             PET0 ESMF library build location : /Users/sacks/projects/scratch/esmf-testing/gfortranclang_12.2.0_14.0.0_mpiuni_g_develop/esmf
20250509 214634.826 INFO             PET0 ESMF_COMM                   : mpiuni
20250509 214634.826 INFO             PET0 ESMF_MOAB                   : enabled
20250509 214634.826 INFO             PET0 ESMF_LAPACK                 : enabled
20250509 214634.826 INFO             PET0 ESMF_NETCDF                 : enabled
20250509 214634.826 INFO             PET0 ESMF_PNETCDF                : disabled
20250509 214634.826 INFO             PET0 ESMF_PIO                    : enabled
20250509 214634.826 INFO             PET0 ESMF_YAMLCPP                : enabled
20250509 214634.827 INFO             PET0  NUMBER_OF_PROCESSORS           1
20250509 214634.827 INFO             PET0  PASS  Example ESMF_VMDefaultBasicsEx, ESMF_VMDefaultBasicsEx.F90, line 107
20250509 214634.827 INFO             PET0  Finalizing ESMF
