2024-10-16 14:48:41
20241016 154325.772 INFO             PET0 !!!!!!!!!!!!!!!!!!!!!!!!!!!!!!!!!!!!!!!!!!!!!!!!!!!!!!
20241016 154325.772 INFO             PET0 !!! THE ESMF_LOG IS SET TO OUTPUT ALL LOG MESSAGES !!!
20241016 154325.772 INFO             PET0 !!!     THIS MAY CAUSE SLOWDOWN IN PERFORMANCE     !!!
20241016 154325.772 INFO             PET0 !!! FOR PRODUCTION RUNS, USE:                      !!!
20241016 154325.772 INFO             PET0 !!!                   ESMF_LOGKIND_Multi_On_Error  !!!
20241016 154325.772 INFO             PET0 !!!!!!!!!!!!!!!!!!!!!!!!!!!!!!!!!!!!!!!!!!!!!!!!!!!!!!
20241016 154325.772 INFO             PET0 Running with ESMF Version   : v8.8.0b01-3-g882f3be375
20241016 154325.772 INFO             PET0 ESMF library build date/time: "Oct 16 2024" "14:46:53"
20241016 154325.772 INFO             PET0 ESMF library build location : /project/esmf/ESMF-Nightly-Testing-Izumi/nag_7.0_mpiuni_O_develop/esmf
20241016 154325.772 INFO             PET0 ESMF_COMM                   : mpiuni
20241016 154325.772 INFO             PET0 ESMF_MOAB                   : enabled
20241016 154325.772 INFO             PET0 ESMF_LAPACK                 : enabled
20241016 154325.772 INFO             PET0 ESMF_NETCDF                 : enabled
20241016 154325.772 INFO             PET0 ESMF_PNETCDF                : disabled
20241016 154325.772 INFO             PET0 ESMF_PIO                    : enabled
20241016 154325.772 INFO             PET0 ESMF_YAMLCPP                : enabled
20241016 154325.788 INFO             PET0  NUMBER_OF_PROCESSORS 1
20241016 154325.788 INFO             PET0  PASS  Example ESMF_CplEx, ESMF_CplEx.F90, line 457
20241016 154325.788 INFO             PET0  Finalizing ESMF
