2024-10-09 07:31:22
20241009 080913.158 INFO             PET0 !!!!!!!!!!!!!!!!!!!!!!!!!!!!!!!!!!!!!!!!!!!!!!!!!!!!!!
20241009 080913.158 INFO             PET0 !!! THE ESMF_LOG IS SET TO OUTPUT ALL LOG MESSAGES !!!
20241009 080913.158 INFO             PET0 !!!     THIS MAY CAUSE SLOWDOWN IN PERFORMANCE     !!!
20241009 080913.158 INFO             PET0 !!! FOR PRODUCTION RUNS, USE:                      !!!
20241009 080913.158 INFO             PET0 !!!                   ESMF_LOGKIND_Multi_On_Error  !!!
20241009 080913.158 INFO             PET0 !!!!!!!!!!!!!!!!!!!!!!!!!!!!!!!!!!!!!!!!!!!!!!!!!!!!!!
20241009 080913.158 INFO             PET0 Running with ESMF Version   : v8.8.0b00-12-g0d4b825343
20241009 080913.158 INFO             PET0 ESMF library build date/time: "Oct  9 2024" "07:28:59"
20241009 080913.158 INFO             PET0 ESMF library build location : /scratch2/NCEPDEV/stmp1/Gerhard.Theurich/ESMF-Nightly-Testing/gfortran_13.2.0_openmpi_O_develop/esmf
20241009 080913.158 INFO             PET0 ESMF_COMM                   : openmpi
20241009 080913.159 INFO             PET0 ESMF_MOAB                   : enabled
20241009 080913.159 INFO             PET0 ESMF_LAPACK                 : enabled
20241009 080913.159 INFO             PET0 ESMF_NETCDF                 : disabled
20241009 080913.159 INFO             PET0 ESMF_PNETCDF                : disabled
20241009 080913.159 INFO             PET0 ESMF_PIO                    : disabled
20241009 080913.159 INFO             PET0 ESMF_YAMLCPP                : enabled
20241009 080913.182 DEBUG            PET0 about to destroy Grid: 0x14d3d90
20241009 080913.184 DEBUG            PET0 about to destroy Grid: 0x14d5b90
20241009 080913.192 INFO             PET0  NUMBER_OF_PROCESSORS           4
20241009 080913.192 INFO             PET0  PASS  Example ESMF_NUOPCAtmModelEx, ESMF_NUOPCAtmModelEx.F90, line 806
20241009 080913.192 INFO             PET0  Finalizing ESMF
20241009 080913.157 INFO             PET1 !!!!!!!!!!!!!!!!!!!!!!!!!!!!!!!!!!!!!!!!!!!!!!!!!!!!!!
20241009 080913.158 INFO             PET1 !!! THE ESMF_LOG IS SET TO OUTPUT ALL LOG MESSAGES !!!
20241009 080913.158 INFO             PET1 !!!     THIS MAY CAUSE SLOWDOWN IN PERFORMANCE     !!!
20241009 080913.158 INFO             PET1 !!! FOR PRODUCTION RUNS, USE:                      !!!
20241009 080913.158 INFO             PET1 !!!                   ESMF_LOGKIND_Multi_On_Error  !!!
20241009 080913.158 INFO             PET1 !!!!!!!!!!!!!!!!!!!!!!!!!!!!!!!!!!!!!!!!!!!!!!!!!!!!!!
20241009 080913.158 INFO             PET1 Running with ESMF Version   : v8.8.0b00-12-g0d4b825343
20241009 080913.158 INFO             PET1 ESMF library build date/time: "Oct  9 2024" "07:28:59"
20241009 080913.158 INFO             PET1 ESMF library build location : /scratch2/NCEPDEV/stmp1/Gerhard.Theurich/ESMF-Nightly-Testing/gfortran_13.2.0_openmpi_O_develop/esmf
20241009 080913.158 INFO             PET1 ESMF_COMM                   : openmpi
20241009 080913.158 INFO             PET1 ESMF_MOAB                   : enabled
20241009 080913.158 INFO             PET1 ESMF_LAPACK                 : enabled
20241009 080913.158 INFO             PET1 ESMF_NETCDF                 : disabled
20241009 080913.158 INFO             PET1 ESMF_PNETCDF                : disabled
20241009 080913.158 INFO             PET1 ESMF_PIO                    : disabled
20241009 080913.158 INFO             PET1 ESMF_YAMLCPP                : enabled
20241009 080913.182 DEBUG            PET1 about to destroy Grid: 0x17a8660
20241009 080913.184 DEBUG            PET1 about to destroy Grid: 0x17a9d00
20241009 080913.192 INFO             PET1  NUMBER_OF_PROCESSORS           4
20241009 080913.192 INFO             PET1  PASS  Example ESMF_NUOPCAtmModelEx, ESMF_NUOPCAtmModelEx.F90, line 806
20241009 080913.192 INFO             PET1  Finalizing ESMF
20241009 080913.158 INFO             PET2 !!!!!!!!!!!!!!!!!!!!!!!!!!!!!!!!!!!!!!!!!!!!!!!!!!!!!!
20241009 080913.158 INFO             PET2 !!! THE ESMF_LOG IS SET TO OUTPUT ALL LOG MESSAGES !!!
20241009 080913.158 INFO             PET2 !!!     THIS MAY CAUSE SLOWDOWN IN PERFORMANCE     !!!
20241009 080913.158 INFO             PET2 !!! FOR PRODUCTION RUNS, USE:                      !!!
20241009 080913.158 INFO             PET2 !!!                   ESMF_LOGKIND_Multi_On_Error  !!!
20241009 080913.158 INFO             PET2 !!!!!!!!!!!!!!!!!!!!!!!!!!!!!!!!!!!!!!!!!!!!!!!!!!!!!!
20241009 080913.158 INFO             PET2 Running with ESMF Version   : v8.8.0b00-12-g0d4b825343
20241009 080913.158 INFO             PET2 ESMF library build date/time: "Oct  9 2024" "07:28:59"
20241009 080913.158 INFO             PET2 ESMF library build location : /scratch2/NCEPDEV/stmp1/Gerhard.Theurich/ESMF-Nightly-Testing/gfortran_13.2.0_openmpi_O_develop/esmf
20241009 080913.158 INFO             PET2 ESMF_COMM                   : openmpi
20241009 080913.158 INFO             PET2 ESMF_MOAB                   : enabled
20241009 080913.158 INFO             PET2 ESMF_LAPACK                 : enabled
20241009 080913.158 INFO             PET2 ESMF_NETCDF                 : disabled
20241009 080913.158 INFO             PET2 ESMF_PNETCDF                : disabled
20241009 080913.158 INFO             PET2 ESMF_PIO                    : disabled
20241009 080913.158 INFO             PET2 ESMF_YAMLCPP                : enabled
20241009 080913.182 DEBUG            PET2 about to destroy Grid: 0x156ced0
20241009 080913.184 DEBUG            PET2 about to destroy Grid: 0x156e5f0
20241009 080913.192 INFO             PET2  NUMBER_OF_PROCESSORS           4
20241009 080913.192 INFO             PET2  PASS  Example ESMF_NUOPCAtmModelEx, ESMF_NUOPCAtmModelEx.F90, line 806
20241009 080913.192 INFO             PET2  Finalizing ESMF
20241009 080913.157 INFO             PET3 !!!!!!!!!!!!!!!!!!!!!!!!!!!!!!!!!!!!!!!!!!!!!!!!!!!!!!
20241009 080913.158 INFO             PET3 !!! THE ESMF_LOG IS SET TO OUTPUT ALL LOG MESSAGES !!!
20241009 080913.158 INFO             PET3 !!!     THIS MAY CAUSE SLOWDOWN IN PERFORMANCE     !!!
20241009 080913.158 INFO             PET3 !!! FOR PRODUCTION RUNS, USE:                      !!!
20241009 080913.158 INFO             PET3 !!!                   ESMF_LOGKIND_Multi_On_Error  !!!
20241009 080913.158 INFO             PET3 !!!!!!!!!!!!!!!!!!!!!!!!!!!!!!!!!!!!!!!!!!!!!!!!!!!!!!
20241009 080913.158 INFO             PET3 Running with ESMF Version   : v8.8.0b00-12-g0d4b825343
20241009 080913.158 INFO             PET3 ESMF library build date/time: "Oct  9 2024" "07:28:59"
20241009 080913.158 INFO             PET3 ESMF library build location : /scratch2/NCEPDEV/stmp1/Gerhard.Theurich/ESMF-Nightly-Testing/gfortran_13.2.0_openmpi_O_develop/esmf
20241009 080913.158 INFO             PET3 ESMF_COMM                   : openmpi
20241009 080913.158 INFO             PET3 ESMF_MOAB                   : enabled
20241009 080913.158 INFO             PET3 ESMF_LAPACK                 : enabled
20241009 080913.158 INFO             PET3 ESMF_NETCDF                 : disabled
20241009 080913.158 INFO             PET3 ESMF_PNETCDF                : disabled
20241009 080913.158 INFO             PET3 ESMF_PIO                    : disabled
20241009 080913.158 INFO             PET3 ESMF_YAMLCPP                : enabled
20241009 080913.182 DEBUG            PET3 about to destroy Grid: 0x15402a0
20241009 080913.184 DEBUG            PET3 about to destroy Grid: 0x1541bc0
20241009 080913.192 INFO             PET3  NUMBER_OF_PROCESSORS           4
20241009 080913.192 INFO             PET3  PASS  Example ESMF_NUOPCAtmModelEx, ESMF_NUOPCAtmModelEx.F90, line 806
20241009 080913.192 INFO             PET3  Finalizing ESMF
