2024-10-14 03:35:58
20241014 043114.597 INFO             PET0 !!!!!!!!!!!!!!!!!!!!!!!!!!!!!!!!!!!!!!!!!!!!!!!!!!!!!!
20241014 043114.598 INFO             PET0 !!! THE ESMF_LOG IS SET TO OUTPUT ALL LOG MESSAGES !!!
20241014 043114.598 INFO             PET0 !!!     THIS MAY CAUSE SLOWDOWN IN PERFORMANCE     !!!
20241014 043114.598 INFO             PET0 !!! FOR PRODUCTION RUNS, USE:                      !!!
20241014 043114.598 INFO             PET0 !!!                   ESMF_LOGKIND_Multi_On_Error  !!!
20241014 043114.598 INFO             PET0 !!!!!!!!!!!!!!!!!!!!!!!!!!!!!!!!!!!!!!!!!!!!!!!!!!!!!!
20241014 043114.598 INFO             PET0 Running with ESMF Version   : v8.8.0b01
20241014 043114.598 INFO             PET0 ESMF library build date/time: "Oct 14 2024" "03:32:38"
20241014 043114.598 INFO             PET0 ESMF library build location : /glade/derecho/scratch/sacks/esmf-testing/nvhpc_23.7_mpi_g_develop/esmf
20241014 043114.598 INFO             PET0 ESMF_COMM                   : mpi
20241014 043114.598 INFO             PET0 ESMF_MOAB                   : enabled
20241014 043114.598 INFO             PET0 ESMF_LAPACK                 : enabled
20241014 043114.598 INFO             PET0 ESMF_NETCDF                 : enabled
20241014 043114.598 INFO             PET0 ESMF_PNETCDF                : disabled
20241014 043114.598 INFO             PET0 ESMF_PIO                    : enabled
20241014 043114.598 INFO             PET0 ESMF_YAMLCPP                : enabled
20241014 043114.775 INFO             PET0  NUMBER_OF_PROCESSORS            4
20241014 043114.775 INFO             PET0  PASS  Example ESMF_XGridEx, ESMF_XGridEx.F90, line 525
20241014 043114.775 INFO             PET0  Finalizing ESMF
20241014 043114.602 INFO             PET1 !!!!!!!!!!!!!!!!!!!!!!!!!!!!!!!!!!!!!!!!!!!!!!!!!!!!!!
20241014 043114.602 INFO             PET1 !!! THE ESMF_LOG IS SET TO OUTPUT ALL LOG MESSAGES !!!
20241014 043114.602 INFO             PET1 !!!     THIS MAY CAUSE SLOWDOWN IN PERFORMANCE     !!!
20241014 043114.602 INFO             PET1 !!! FOR PRODUCTION RUNS, USE:                      !!!
20241014 043114.602 INFO             PET1 !!!                   ESMF_LOGKIND_Multi_On_Error  !!!
20241014 043114.602 INFO             PET1 !!!!!!!!!!!!!!!!!!!!!!!!!!!!!!!!!!!!!!!!!!!!!!!!!!!!!!
20241014 043114.602 INFO             PET1 Running with ESMF Version   : v8.8.0b01
20241014 043114.602 INFO             PET1 ESMF library build date/time: "Oct 14 2024" "03:32:38"
20241014 043114.602 INFO             PET1 ESMF library build location : /glade/derecho/scratch/sacks/esmf-testing/nvhpc_23.7_mpi_g_develop/esmf
20241014 043114.602 INFO             PET1 ESMF_COMM                   : mpi
20241014 043114.603 INFO             PET1 ESMF_MOAB                   : enabled
20241014 043114.603 INFO             PET1 ESMF_LAPACK                 : enabled
20241014 043114.603 INFO             PET1 ESMF_NETCDF                 : enabled
20241014 043114.603 INFO             PET1 ESMF_PNETCDF                : disabled
20241014 043114.603 INFO             PET1 ESMF_PIO                    : enabled
20241014 043114.603 INFO             PET1 ESMF_YAMLCPP                : enabled
20241014 043114.775 INFO             PET1  NUMBER_OF_PROCESSORS            4
20241014 043114.775 INFO             PET1  PASS  Example ESMF_XGridEx, ESMF_XGridEx.F90, line 525
20241014 043114.775 INFO             PET1  Finalizing ESMF
20241014 043114.600 INFO             PET2 !!!!!!!!!!!!!!!!!!!!!!!!!!!!!!!!!!!!!!!!!!!!!!!!!!!!!!
20241014 043114.600 INFO             PET2 !!! THE ESMF_LOG IS SET TO OUTPUT ALL LOG MESSAGES !!!
20241014 043114.600 INFO             PET2 !!!     THIS MAY CAUSE SLOWDOWN IN PERFORMANCE     !!!
20241014 043114.600 INFO             PET2 !!! FOR PRODUCTION RUNS, USE:                      !!!
20241014 043114.600 INFO             PET2 !!!                   ESMF_LOGKIND_Multi_On_Error  !!!
20241014 043114.600 INFO             PET2 !!!!!!!!!!!!!!!!!!!!!!!!!!!!!!!!!!!!!!!!!!!!!!!!!!!!!!
20241014 043114.600 INFO             PET2 Running with ESMF Version   : v8.8.0b01
20241014 043114.600 INFO             PET2 ESMF library build date/time: "Oct 14 2024" "03:32:38"
20241014 043114.600 INFO             PET2 ESMF library build location : /glade/derecho/scratch/sacks/esmf-testing/nvhpc_23.7_mpi_g_develop/esmf
20241014 043114.600 INFO             PET2 ESMF_COMM                   : mpi
20241014 043114.601 INFO             PET2 ESMF_MOAB                   : enabled
20241014 043114.601 INFO             PET2 ESMF_LAPACK                 : enabled
20241014 043114.601 INFO             PET2 ESMF_NETCDF                 : enabled
20241014 043114.601 INFO             PET2 ESMF_PNETCDF                : disabled
20241014 043114.601 INFO             PET2 ESMF_PIO                    : enabled
20241014 043114.601 INFO             PET2 ESMF_YAMLCPP                : enabled
20241014 043114.775 INFO             PET2  NUMBER_OF_PROCESSORS            4
20241014 043114.775 INFO             PET2  PASS  Example ESMF_XGridEx, ESMF_XGridEx.F90, line 525
20241014 043114.775 INFO             PET2  Finalizing ESMF
20241014 043114.596 INFO             PET3 !!!!!!!!!!!!!!!!!!!!!!!!!!!!!!!!!!!!!!!!!!!!!!!!!!!!!!
20241014 043114.596 INFO             PET3 !!! THE ESMF_LOG IS SET TO OUTPUT ALL LOG MESSAGES !!!
20241014 043114.596 INFO             PET3 !!!     THIS MAY CAUSE SLOWDOWN IN PERFORMANCE     !!!
20241014 043114.596 INFO             PET3 !!! FOR PRODUCTION RUNS, USE:                      !!!
20241014 043114.596 INFO             PET3 !!!                   ESMF_LOGKIND_Multi_On_Error  !!!
20241014 043114.596 INFO             PET3 !!!!!!!!!!!!!!!!!!!!!!!!!!!!!!!!!!!!!!!!!!!!!!!!!!!!!!
20241014 043114.596 INFO             PET3 Running with ESMF Version   : v8.8.0b01
20241014 043114.596 INFO             PET3 ESMF library build date/time: "Oct 14 2024" "03:32:38"
20241014 043114.596 INFO             PET3 ESMF library build location : /glade/derecho/scratch/sacks/esmf-testing/nvhpc_23.7_mpi_g_develop/esmf
20241014 043114.596 INFO             PET3 ESMF_COMM                   : mpi
20241014 043114.597 INFO             PET3 ESMF_MOAB                   : enabled
20241014 043114.597 INFO             PET3 ESMF_LAPACK                 : enabled
20241014 043114.597 INFO             PET3 ESMF_NETCDF                 : enabled
20241014 043114.597 INFO             PET3 ESMF_PNETCDF                : disabled
20241014 043114.597 INFO             PET3 ESMF_PIO                    : enabled
20241014 043114.597 INFO             PET3 ESMF_YAMLCPP                : enabled
20241014 043114.774 INFO             PET3  NUMBER_OF_PROCESSORS            4
20241014 043114.774 INFO             PET3  PASS  Example ESMF_XGridEx, ESMF_XGridEx.F90, line 525
20241014 043114.774 INFO             PET3  Finalizing ESMF
