2024-10-12 04:48:40
20241012 055109.019 INFO             PET0 !!!!!!!!!!!!!!!!!!!!!!!!!!!!!!!!!!!!!!!!!!!!!!!!!!!!!!
20241012 055109.019 INFO             PET0 !!! THE ESMF_LOG IS SET TO OUTPUT ALL LOG MESSAGES !!!
20241012 055109.019 INFO             PET0 !!!     THIS MAY CAUSE SLOWDOWN IN PERFORMANCE     !!!
20241012 055109.019 INFO             PET0 !!! FOR PRODUCTION RUNS, USE:                      !!!
20241012 055109.019 INFO             PET0 !!!                   ESMF_LOGKIND_Multi_On_Error  !!!
20241012 055109.019 INFO             PET0 !!!!!!!!!!!!!!!!!!!!!!!!!!!!!!!!!!!!!!!!!!!!!!!!!!!!!!
20241012 055109.019 INFO             PET0 Running with ESMF Version   : v8.8.0b01
20241012 055109.019 INFO             PET0 ESMF library build date/time: "Oct 12 2024" "04:44:08"
20241012 055109.019 INFO             PET0 ESMF library build location : /glade/derecho/scratch/sacks/esmf-testing/nvhpc_23.7_mpi_g_develop/esmf
20241012 055109.019 INFO             PET0 ESMF_COMM                   : mpi
20241012 055109.040 INFO             PET0 ESMF_MOAB                   : enabled
20241012 055109.040 INFO             PET0 ESMF_LAPACK                 : enabled
20241012 055109.040 INFO             PET0 ESMF_NETCDF                 : enabled
20241012 055109.040 INFO             PET0 ESMF_PNETCDF                : disabled
20241012 055109.040 INFO             PET0 ESMF_PIO                    : enabled
20241012 055109.040 INFO             PET0 ESMF_YAMLCPP                : enabled
20241012 055109.041 INFO             PET0  NUMBER_OF_PROCESSORS            1
20241012 055109.041 INFO             PET0  PASS  Example CalendarEx, ESMF_CalendarEx.F90, line 217
20241012 055109.041 INFO             PET0  Finalizing ESMF
