2024-10-09 03:28:27
20241009 042142.191 INFO             PET0 !!!!!!!!!!!!!!!!!!!!!!!!!!!!!!!!!!!!!!!!!!!!!!!!!!!!!!
20241009 042142.191 INFO             PET0 !!! THE ESMF_LOG IS SET TO OUTPUT ALL LOG MESSAGES !!!
20241009 042142.191 INFO             PET0 !!!     THIS MAY CAUSE SLOWDOWN IN PERFORMANCE     !!!
20241009 042142.191 INFO             PET0 !!! FOR PRODUCTION RUNS, USE:                      !!!
20241009 042142.191 INFO             PET0 !!!                   ESMF_LOGKIND_Multi_On_Error  !!!
20241009 042142.191 INFO             PET0 !!!!!!!!!!!!!!!!!!!!!!!!!!!!!!!!!!!!!!!!!!!!!!!!!!!!!!
20241009 042142.191 INFO             PET0 Running with ESMF Version   : v8.8.0b00-12-g0d4b825343
20241009 042142.191 INFO             PET0 ESMF library build date/time: "Oct  9 2024" "03:25:06"
20241009 042142.191 INFO             PET0 ESMF library build location : /glade/derecho/scratch/sacks/esmf-testing/nvhpc_23.7_mpi_g_develop/esmf
20241009 042142.191 INFO             PET0 ESMF_COMM                   : mpi
20241009 042142.192 INFO             PET0 ESMF_MOAB                   : enabled
20241009 042142.192 INFO             PET0 ESMF_LAPACK                 : enabled
20241009 042142.192 INFO             PET0 ESMF_NETCDF                 : enabled
20241009 042142.192 INFO             PET0 ESMF_PNETCDF                : disabled
20241009 042142.192 INFO             PET0 ESMF_PIO                    : enabled
20241009 042142.192 INFO             PET0 ESMF_YAMLCPP                : enabled
20241009 042142.283 DEBUG            PET0 about to destroy Grid: 0x762020
20241009 042142.293 DEBUG            PET0 about to destroy Grid: 0x7642f0
20241009 042142.321 INFO             PET0  NUMBER_OF_PROCESSORS            4
20241009 042142.321 INFO             PET0  PASS  Example ESMF_NUOPCAtmModelEx, ESMF_NUOPCAtmModelEx.F90, line 806
20241009 042142.321 INFO             PET0  Finalizing ESMF
20241009 042142.191 INFO             PET1 !!!!!!!!!!!!!!!!!!!!!!!!!!!!!!!!!!!!!!!!!!!!!!!!!!!!!!
20241009 042142.191 INFO             PET1 !!! THE ESMF_LOG IS SET TO OUTPUT ALL LOG MESSAGES !!!
20241009 042142.191 INFO             PET1 !!!     THIS MAY CAUSE SLOWDOWN IN PERFORMANCE     !!!
20241009 042142.191 INFO             PET1 !!! FOR PRODUCTION RUNS, USE:                      !!!
20241009 042142.191 INFO             PET1 !!!                   ESMF_LOGKIND_Multi_On_Error  !!!
20241009 042142.191 INFO             PET1 !!!!!!!!!!!!!!!!!!!!!!!!!!!!!!!!!!!!!!!!!!!!!!!!!!!!!!
20241009 042142.191 INFO             PET1 Running with ESMF Version   : v8.8.0b00-12-g0d4b825343
20241009 042142.191 INFO             PET1 ESMF library build date/time: "Oct  9 2024" "03:25:06"
20241009 042142.191 INFO             PET1 ESMF library build location : /glade/derecho/scratch/sacks/esmf-testing/nvhpc_23.7_mpi_g_develop/esmf
20241009 042142.191 INFO             PET1 ESMF_COMM                   : mpi
20241009 042142.192 INFO             PET1 ESMF_MOAB                   : enabled
20241009 042142.192 INFO             PET1 ESMF_LAPACK                 : enabled
20241009 042142.192 INFO             PET1 ESMF_NETCDF                 : enabled
20241009 042142.192 INFO             PET1 ESMF_PNETCDF                : disabled
20241009 042142.192 INFO             PET1 ESMF_PIO                    : enabled
20241009 042142.192 INFO             PET1 ESMF_YAMLCPP                : enabled
20241009 042142.283 DEBUG            PET1 about to destroy Grid: 0x75f0c0
20241009 042142.293 DEBUG            PET1 about to destroy Grid: 0x760d90
20241009 042142.321 INFO             PET1  NUMBER_OF_PROCESSORS            4
20241009 042142.321 INFO             PET1  PASS  Example ESMF_NUOPCAtmModelEx, ESMF_NUOPCAtmModelEx.F90, line 806
20241009 042142.321 INFO             PET1  Finalizing ESMF
20241009 042142.191 INFO             PET2 !!!!!!!!!!!!!!!!!!!!!!!!!!!!!!!!!!!!!!!!!!!!!!!!!!!!!!
20241009 042142.191 INFO             PET2 !!! THE ESMF_LOG IS SET TO OUTPUT ALL LOG MESSAGES !!!
20241009 042142.191 INFO             PET2 !!!     THIS MAY CAUSE SLOWDOWN IN PERFORMANCE     !!!
20241009 042142.191 INFO             PET2 !!! FOR PRODUCTION RUNS, USE:                      !!!
20241009 042142.191 INFO             PET2 !!!                   ESMF_LOGKIND_Multi_On_Error  !!!
20241009 042142.191 INFO             PET2 !!!!!!!!!!!!!!!!!!!!!!!!!!!!!!!!!!!!!!!!!!!!!!!!!!!!!!
20241009 042142.191 INFO             PET2 Running with ESMF Version   : v8.8.0b00-12-g0d4b825343
20241009 042142.191 INFO             PET2 ESMF library build date/time: "Oct  9 2024" "03:25:06"
20241009 042142.191 INFO             PET2 ESMF library build location : /glade/derecho/scratch/sacks/esmf-testing/nvhpc_23.7_mpi_g_develop/esmf
20241009 042142.191 INFO             PET2 ESMF_COMM                   : mpi
20241009 042142.191 INFO             PET2 ESMF_MOAB                   : enabled
20241009 042142.191 INFO             PET2 ESMF_LAPACK                 : enabled
20241009 042142.191 INFO             PET2 ESMF_NETCDF                 : enabled
20241009 042142.191 INFO             PET2 ESMF_PNETCDF                : disabled
20241009 042142.191 INFO             PET2 ESMF_PIO                    : enabled
20241009 042142.191 INFO             PET2 ESMF_YAMLCPP                : enabled
20241009 042142.283 DEBUG            PET2 about to destroy Grid: 0x75ee60
20241009 042142.293 DEBUG            PET2 about to destroy Grid: 0x760890
20241009 042142.322 INFO             PET2  NUMBER_OF_PROCESSORS            4
20241009 042142.322 INFO             PET2  PASS  Example ESMF_NUOPCAtmModelEx, ESMF_NUOPCAtmModelEx.F90, line 806
20241009 042142.322 INFO             PET2  Finalizing ESMF
20241009 042142.190 INFO             PET3 !!!!!!!!!!!!!!!!!!!!!!!!!!!!!!!!!!!!!!!!!!!!!!!!!!!!!!
20241009 042142.190 INFO             PET3 !!! THE ESMF_LOG IS SET TO OUTPUT ALL LOG MESSAGES !!!
20241009 042142.190 INFO             PET3 !!!     THIS MAY CAUSE SLOWDOWN IN PERFORMANCE     !!!
20241009 042142.190 INFO             PET3 !!! FOR PRODUCTION RUNS, USE:                      !!!
20241009 042142.190 INFO             PET3 !!!                   ESMF_LOGKIND_Multi_On_Error  !!!
20241009 042142.190 INFO             PET3 !!!!!!!!!!!!!!!!!!!!!!!!!!!!!!!!!!!!!!!!!!!!!!!!!!!!!!
20241009 042142.190 INFO             PET3 Running with ESMF Version   : v8.8.0b00-12-g0d4b825343
20241009 042142.190 INFO             PET3 ESMF library build date/time: "Oct  9 2024" "03:25:06"
20241009 042142.190 INFO             PET3 ESMF library build location : /glade/derecho/scratch/sacks/esmf-testing/nvhpc_23.7_mpi_g_develop/esmf
20241009 042142.190 INFO             PET3 ESMF_COMM                   : mpi
20241009 042142.191 INFO             PET3 ESMF_MOAB                   : enabled
20241009 042142.191 INFO             PET3 ESMF_LAPACK                 : enabled
20241009 042142.191 INFO             PET3 ESMF_NETCDF                 : enabled
20241009 042142.191 INFO             PET3 ESMF_PNETCDF                : disabled
20241009 042142.191 INFO             PET3 ESMF_PIO                    : enabled
20241009 042142.191 INFO             PET3 ESMF_YAMLCPP                : enabled
20241009 042142.283 DEBUG            PET3 about to destroy Grid: 0x75e720
20241009 042142.293 DEBUG            PET3 about to destroy Grid: 0x7603f0
20241009 042142.321 INFO             PET3  NUMBER_OF_PROCESSORS            4
20241009 042142.321 INFO             PET3  PASS  Example ESMF_NUOPCAtmModelEx, ESMF_NUOPCAtmModelEx.F90, line 806
20241009 042142.321 INFO             PET3  Finalizing ESMF
