2024-10-12 07:35:41
20241012 081731.763 INFO             PET0 !!!!!!!!!!!!!!!!!!!!!!!!!!!!!!!!!!!!!!!!!!!!!!!!!!!!!!
20241012 081731.763 INFO             PET0 !!! THE ESMF_LOG IS SET TO OUTPUT ALL LOG MESSAGES !!!
20241012 081731.763 INFO             PET0 !!!     THIS MAY CAUSE SLOWDOWN IN PERFORMANCE     !!!
20241012 081731.763 INFO             PET0 !!! FOR PRODUCTION RUNS, USE:                      !!!
20241012 081731.763 INFO             PET0 !!!                   ESMF_LOGKIND_Multi_On_Error  !!!
20241012 081731.763 INFO             PET0 !!!!!!!!!!!!!!!!!!!!!!!!!!!!!!!!!!!!!!!!!!!!!!!!!!!!!!
20241012 081731.763 INFO             PET0 Running with ESMF Version   : v8.8.0b01
20241012 081731.763 INFO             PET0 ESMF library build date/time: "Oct 12 2024" "07:32:32"
20241012 081731.763 INFO             PET0 ESMF library build location : /scratch2/NCEPDEV/stmp1/Gerhard.Theurich/ESMF-Nightly-Testing/intel_2023.2.0_mpiuni_O_develop/esmf
20241012 081731.763 INFO             PET0 ESMF_COMM                   : mpiuni
20241012 081731.764 INFO             PET0 ESMF_MOAB                   : enabled
20241012 081731.764 INFO             PET0 ESMF_LAPACK                 : enabled
20241012 081731.764 INFO             PET0 ESMF_NETCDF                 : enabled
20241012 081731.764 INFO             PET0 ESMF_PNETCDF                : disabled
20241012 081731.764 INFO             PET0 ESMF_PIO                    : enabled
20241012 081731.764 INFO             PET0 ESMF_YAMLCPP                : enabled
20241012 081731.784 DEBUG            PET0 about to destroy Grid: 0x1e90f00
20241012 081731.786 DEBUG            PET0 about to destroy Grid: 0x1e91f90
20241012 081731.793 INFO             PET0  NUMBER_OF_PROCESSORS           1
20241012 081731.793 INFO             PET0  PASS  Example ESMF_NUOPCAtmModelEx, ESMF_NUOPCAtmModelEx.F90, line 806
20241012 081731.793 INFO             PET0  Finalizing ESMF
