2024-10-17 07:34:51
20241017 081227.551 INFO             PET0 !!!!!!!!!!!!!!!!!!!!!!!!!!!!!!!!!!!!!!!!!!!!!!!!!!!!!!
20241017 081227.551 INFO             PET0 !!! THE ESMF_LOG IS SET TO OUTPUT ALL LOG MESSAGES !!!
20241017 081227.551 INFO             PET0 !!!     THIS MAY CAUSE SLOWDOWN IN PERFORMANCE     !!!
20241017 081227.551 INFO             PET0 !!! FOR PRODUCTION RUNS, USE:                      !!!
20241017 081227.551 INFO             PET0 !!!                   ESMF_LOGKIND_Multi_On_Error  !!!
20241017 081227.551 INFO             PET0 !!!!!!!!!!!!!!!!!!!!!!!!!!!!!!!!!!!!!!!!!!!!!!!!!!!!!!
20241017 081227.551 INFO             PET0 Running with ESMF Version   : v8.8.0b01-6-g3ed6fcfd2b
20241017 081227.551 INFO             PET0 ESMF library build date/time: "Oct 17 2024" "07:31:11"
20241017 081227.551 INFO             PET0 ESMF library build location : /scratch2/NCEPDEV/stmp1/Gerhard.Theurich/ESMF-Nightly-Testing/intel_2023.2.0_mpiuni_O_develop/esmf
20241017 081227.551 INFO             PET0 ESMF_COMM                   : mpiuni
20241017 081227.552 INFO             PET0 ESMF_MOAB                   : enabled
20241017 081227.552 INFO             PET0 ESMF_LAPACK                 : enabled
20241017 081227.552 INFO             PET0 ESMF_NETCDF                 : enabled
20241017 081227.552 INFO             PET0 ESMF_PNETCDF                : disabled
20241017 081227.552 INFO             PET0 ESMF_PIO                    : enabled
20241017 081227.552 INFO             PET0 ESMF_YAMLCPP                : enabled
20241017 081227.554 INFO             PET0  NUMBER_OF_PROCESSORS           1
20241017 081227.554 INFO             PET0  PASS  Example ESMF_VMComponentEx, ESMF_VMComponentEx.F90, line 197
20241017 081227.554 INFO             PET0  Finalizing ESMF
