2024-10-09 07:34:41
20241009 080621.646 INFO             PET0 !!!!!!!!!!!!!!!!!!!!!!!!!!!!!!!!!!!!!!!!!!!!!!!!!!!!!!
20241009 080621.646 INFO             PET0 !!! THE ESMF_LOG IS SET TO OUTPUT ALL LOG MESSAGES !!!
20241009 080621.646 INFO             PET0 !!!     THIS MAY CAUSE SLOWDOWN IN PERFORMANCE     !!!
20241009 080621.646 INFO             PET0 !!! FOR PRODUCTION RUNS, USE:                      !!!
20241009 080621.646 INFO             PET0 !!!                   ESMF_LOGKIND_Multi_On_Error  !!!
20241009 080621.646 INFO             PET0 !!!!!!!!!!!!!!!!!!!!!!!!!!!!!!!!!!!!!!!!!!!!!!!!!!!!!!
20241009 080621.646 INFO             PET0 Running with ESMF Version   : v8.8.0b00-12-g0d4b825343
20241009 080621.646 INFO             PET0 ESMF library build date/time: "Oct  9 2024" "07:31:55"
20241009 080621.646 INFO             PET0 ESMF library build location : /scratch2/NCEPDEV/stmp1/Gerhard.Theurich/ESMF-Nightly-Testing/intel_2023.2.0_mpiuni_O_develop/esmf
20241009 080621.646 INFO             PET0 ESMF_COMM                   : mpiuni
20241009 080621.647 INFO             PET0 ESMF_MOAB                   : enabled
20241009 080621.647 INFO             PET0 ESMF_LAPACK                 : enabled
20241009 080621.647 INFO             PET0 ESMF_NETCDF                 : enabled
20241009 080621.647 INFO             PET0 ESMF_PNETCDF                : disabled
20241009 080621.647 INFO             PET0 ESMF_PIO                    : enabled
20241009 080621.647 INFO             PET0 ESMF_YAMLCPP                : enabled
20241009 080621.647 INFO             PET0 ESMF Tracing Enabled
20241009 080621.648 INFO             PET0 ESMF Profiling Enabled
20241009 080621.648 INFO             PET0 ESMF Trace/Profile clock: REALTIME
20241009 080621.650 INFO             PET0  NUMBER_OF_PROCESSORS           1
20241009 080621.650 INFO             PET0  PASS  Example ESMF_TraceUserEx, ESMF_TraceUserEx.F90, line 125
20241009 080621.650 INFO             PET0  Finalizing ESMF
20241009 080621.650 INFO             PET0 **************** Region Timings *******************
20241009 080621.650 INFO             PET0 Region                Count  Total (s)   Self (s)    Mean (s)    Min (s)     Max (s)
20241009 080621.650 INFO             PET0   [ESMF]              1      0.0006      0.0006      0.0006      0.0006      0.0006
20241009 080621.650 INFO             PET0     outer_region      1      0.0000      0.0000      0.0000      0.0000      0.0000
20241009 080621.650 INFO             PET0       inner_region_1  10     0.0000      0.0000      0.0000      0.0000      0.0000
20241009 080621.650 INFO             PET0       inner_region_2  10     0.0000      0.0000      0.0000      0.0000      0.0000
