2024-10-14 03:57:31
 localPET= 0  localDE= 0 : array( 1 , 1 )= 1.14314044809086588E-310
 localPET= 0  localDE= 0 : array( 1 , 2 )= 6.10916347547085109E+223
 localPET= 0  localDE= 0 : array( 2 , 1 )= 5.63830165599633929E-316
 localPET= 0  localDE= 0 : array( 2 , 2 )= 2.37151510003798341E-322
 localPET= 0  localDE= 0 : array( 3 , 1 )= 6.01347001699906849E-154
 localPET= 0  localDE= 0 : array( 3 , 2 )= 3.95252516672997235E-322
 localPET= 0  localDE= 1 : array( 1 , 1 )= 1.14314044809086588E-310
 localPET= 0  localDE= 1 : array( 2 , 1 )= 1.14314044809086588E-310
 localPET= 0  localDE= 1 : array( 3 , 1 )= 6.01347001699906849E-154
 localPet:  0 DE  0  [ 1,  3 ]
 localPet:  0 DE  4  [ 1,  3 ]
  PASS  Example ESMF_ArrayEx, ESMF_ArrayEx.F90, line 1901
 PASS: ESMF_ArrayEx.F90
 localPET= 3  localDE= 0 : array( 1 , 1 )= 3.15077519928463111E-316
 localPET= 3  localDE= 0 : array( 1 , 2 )= 6.01347001699906849E-154
 localPET= 3  localDE= 0 : array( 2 , 1 )= 3.15086689786849925E-316
 localPET= 3  localDE= 0 : array( 2 , 2 )= 4.81417829917337152E+199
 localPet:  3 DE  3  [ 1,  2 ]
  PASS  Example ESMF_ArrayEx, ESMF_ArrayEx.F90, line 1901
 PASS: ESMF_ArrayEx.F90
 localPET= 2  localDE= 0 : array( 1 , 1 )= 1.14338371055418066E-310
 localPET= 2  localDE= 0 : array( 1 , 2 )= 0.
 localPET= 2  localDE= 0 : array( 2 , 1 )= 1.14338371055418066E-310
 localPET= 2  localDE= 0 : array( 2 , 2 )= 0.
 localPET= 2  localDE= 0 : array( 3 , 1 )= 0.
 localPET= 2  localDE= 0 : array( 3 , 2 )= 0.
 localPet:  2 DE  2  [ 1,  3 ]
  PASS  Example ESMF_ArrayEx, ESMF_ArrayEx.F90, line 1901
 PASS: ESMF_ArrayEx.F90
 localPET= 1  localDE= 0 : array( 1 , 1 )= 1.12837263708976158E-310
 localPET= 1  localDE= 0 : array( 1 , 2 )= 6.01347001699906849E-154
 localPET= 1  localDE= 0 : array( 2 , 1 )= 1.12837263708976158E-310
 localPET= 1  localDE= 0 : array( 2 , 2 )= 6.10916347547085109E+223
 localPET= 1  localDE= 1 : array( 1 , 1 )= 1.12837263708106603E-310
 localPET= 1  localDE= 1 : array( 2 , 1 )= 1.12837263708106603E-310
 localPet:  1 DE  1  [ 1,  2 ]
 localPet:  1 DE  5  [ 1,  2 ]
  PASS  Example ESMF_ArrayEx, ESMF_ArrayEx.F90, line 1901
 PASS: ESMF_ArrayEx.F90
