2024-10-14 03:57:31
20241014 043005.700 INFO             PET0 !!!!!!!!!!!!!!!!!!!!!!!!!!!!!!!!!!!!!!!!!!!!!!!!!!!!!!
20241014 043005.700 INFO             PET0 !!! THE ESMF_LOG IS SET TO OUTPUT ALL LOG MESSAGES !!!
20241014 043005.700 INFO             PET0 !!!     THIS MAY CAUSE SLOWDOWN IN PERFORMANCE     !!!
20241014 043005.700 INFO             PET0 !!! FOR PRODUCTION RUNS, USE:                      !!!
20241014 043005.700 INFO             PET0 !!!                   ESMF_LOGKIND_Multi_On_Error  !!!
20241014 043005.700 INFO             PET0 !!!!!!!!!!!!!!!!!!!!!!!!!!!!!!!!!!!!!!!!!!!!!!!!!!!!!!
20241014 043005.700 INFO             PET0 Running with ESMF Version   : v8.8.0b01
20241014 043005.700 INFO             PET0 ESMF library build date/time: "Oct 14 2024" "03:55:36"
20241014 043005.700 INFO             PET0 ESMF library build location : /glade/derecho/scratch/sacks/esmf-testing/cce_15.0.1_mpi_g_develop/esmf
20241014 043005.700 INFO             PET0 ESMF_COMM                   : mpi
20241014 043005.701 INFO             PET0 ESMF_MOAB                   : enabled
20241014 043005.701 INFO             PET0 ESMF_LAPACK                 : enabled
20241014 043005.701 INFO             PET0 ESMF_NETCDF                 : enabled
20241014 043005.701 INFO             PET0 ESMF_PNETCDF                : disabled
20241014 043005.701 INFO             PET0 ESMF_PIO                    : enabled
20241014 043005.701 INFO             PET0 ESMF_YAMLCPP                : enabled
20241014 043005.779 DEBUG            PET0 about to destroy Grid: 0x8093790
20241014 043005.788 DEBUG            PET0 about to destroy Grid: 0x80958c0
20241014 043005.815 INFO             PET0  NUMBER_OF_PROCESSORS 4
20241014 043005.815 INFO             PET0  PASS  Example ESMF_NUOPCAtmModelEx, ESMF_NUOPCAtmModelEx.F90, line 806
20241014 043005.815 INFO             PET0  Finalizing ESMF
20241014 043005.700 INFO             PET1 !!!!!!!!!!!!!!!!!!!!!!!!!!!!!!!!!!!!!!!!!!!!!!!!!!!!!!
20241014 043005.700 INFO             PET1 !!! THE ESMF_LOG IS SET TO OUTPUT ALL LOG MESSAGES !!!
20241014 043005.700 INFO             PET1 !!!     THIS MAY CAUSE SLOWDOWN IN PERFORMANCE     !!!
20241014 043005.700 INFO             PET1 !!! FOR PRODUCTION RUNS, USE:                      !!!
20241014 043005.700 INFO             PET1 !!!                   ESMF_LOGKIND_Multi_On_Error  !!!
20241014 043005.700 INFO             PET1 !!!!!!!!!!!!!!!!!!!!!!!!!!!!!!!!!!!!!!!!!!!!!!!!!!!!!!
20241014 043005.700 INFO             PET1 Running with ESMF Version   : v8.8.0b01
20241014 043005.700 INFO             PET1 ESMF library build date/time: "Oct 14 2024" "03:55:36"
20241014 043005.700 INFO             PET1 ESMF library build location : /glade/derecho/scratch/sacks/esmf-testing/cce_15.0.1_mpi_g_develop/esmf
20241014 043005.700 INFO             PET1 ESMF_COMM                   : mpi
20241014 043005.700 INFO             PET1 ESMF_MOAB                   : enabled
20241014 043005.700 INFO             PET1 ESMF_LAPACK                 : enabled
20241014 043005.700 INFO             PET1 ESMF_NETCDF                 : enabled
20241014 043005.700 INFO             PET1 ESMF_PNETCDF                : disabled
20241014 043005.700 INFO             PET1 ESMF_PIO                    : enabled
20241014 043005.700 INFO             PET1 ESMF_YAMLCPP                : enabled
20241014 043005.779 DEBUG            PET1 about to destroy Grid: 0x808e5d0
20241014 043005.788 DEBUG            PET1 about to destroy Grid: 0x808ee70
20241014 043005.815 INFO             PET1  NUMBER_OF_PROCESSORS 4
20241014 043005.815 INFO             PET1  PASS  Example ESMF_NUOPCAtmModelEx, ESMF_NUOPCAtmModelEx.F90, line 806
20241014 043005.815 INFO             PET1  Finalizing ESMF
20241014 043005.700 INFO             PET2 !!!!!!!!!!!!!!!!!!!!!!!!!!!!!!!!!!!!!!!!!!!!!!!!!!!!!!
20241014 043005.700 INFO             PET2 !!! THE ESMF_LOG IS SET TO OUTPUT ALL LOG MESSAGES !!!
20241014 043005.700 INFO             PET2 !!!     THIS MAY CAUSE SLOWDOWN IN PERFORMANCE     !!!
20241014 043005.700 INFO             PET2 !!! FOR PRODUCTION RUNS, USE:                      !!!
20241014 043005.700 INFO             PET2 !!!                   ESMF_LOGKIND_Multi_On_Error  !!!
20241014 043005.700 INFO             PET2 !!!!!!!!!!!!!!!!!!!!!!!!!!!!!!!!!!!!!!!!!!!!!!!!!!!!!!
20241014 043005.700 INFO             PET2 Running with ESMF Version   : v8.8.0b01
20241014 043005.700 INFO             PET2 ESMF library build date/time: "Oct 14 2024" "03:55:36"
20241014 043005.700 INFO             PET2 ESMF library build location : /glade/derecho/scratch/sacks/esmf-testing/cce_15.0.1_mpi_g_develop/esmf
20241014 043005.700 INFO             PET2 ESMF_COMM                   : mpi
20241014 043005.700 INFO             PET2 ESMF_MOAB                   : enabled
20241014 043005.701 INFO             PET2 ESMF_LAPACK                 : enabled
20241014 043005.701 INFO             PET2 ESMF_NETCDF                 : enabled
20241014 043005.701 INFO             PET2 ESMF_PNETCDF                : disabled
20241014 043005.701 INFO             PET2 ESMF_PIO                    : enabled
20241014 043005.701 INFO             PET2 ESMF_YAMLCPP                : enabled
20241014 043005.779 DEBUG            PET2 about to destroy Grid: 0x808af10
20241014 043005.788 DEBUG            PET2 about to destroy Grid: 0x808e2c0
20241014 043005.815 INFO             PET2  NUMBER_OF_PROCESSORS 4
20241014 043005.815 INFO             PET2  PASS  Example ESMF_NUOPCAtmModelEx, ESMF_NUOPCAtmModelEx.F90, line 806
20241014 043005.815 INFO             PET2  Finalizing ESMF
20241014 043005.700 INFO             PET3 !!!!!!!!!!!!!!!!!!!!!!!!!!!!!!!!!!!!!!!!!!!!!!!!!!!!!!
20241014 043005.700 INFO             PET3 !!! THE ESMF_LOG IS SET TO OUTPUT ALL LOG MESSAGES !!!
20241014 043005.700 INFO             PET3 !!!     THIS MAY CAUSE SLOWDOWN IN PERFORMANCE     !!!
20241014 043005.700 INFO             PET3 !!! FOR PRODUCTION RUNS, USE:                      !!!
20241014 043005.700 INFO             PET3 !!!                   ESMF_LOGKIND_Multi_On_Error  !!!
20241014 043005.700 INFO             PET3 !!!!!!!!!!!!!!!!!!!!!!!!!!!!!!!!!!!!!!!!!!!!!!!!!!!!!!
20241014 043005.700 INFO             PET3 Running with ESMF Version   : v8.8.0b01
20241014 043005.700 INFO             PET3 ESMF library build date/time: "Oct 14 2024" "03:55:36"
20241014 043005.700 INFO             PET3 ESMF library build location : /glade/derecho/scratch/sacks/esmf-testing/cce_15.0.1_mpi_g_develop/esmf
20241014 043005.700 INFO             PET3 ESMF_COMM                   : mpi
20241014 043005.701 INFO             PET3 ESMF_MOAB                   : enabled
20241014 043005.701 INFO             PET3 ESMF_LAPACK                 : enabled
20241014 043005.701 INFO             PET3 ESMF_NETCDF                 : enabled
20241014 043005.701 INFO             PET3 ESMF_PNETCDF                : disabled
20241014 043005.701 INFO             PET3 ESMF_PIO                    : enabled
20241014 043005.701 INFO             PET3 ESMF_YAMLCPP                : enabled
20241014 043005.779 DEBUG            PET3 about to destroy Grid: 0x80886d0
20241014 043005.788 DEBUG            PET3 about to destroy Grid: 0x808e400
20241014 043005.815 INFO             PET3  NUMBER_OF_PROCESSORS 4
20241014 043005.815 INFO             PET3  PASS  Example ESMF_NUOPCAtmModelEx, ESMF_NUOPCAtmModelEx.F90, line 806
20241014 043005.815 INFO             PET3  Finalizing ESMF
