2024-10-17 05:10:19
20241017 055638.477 INFO             PET0 !!!!!!!!!!!!!!!!!!!!!!!!!!!!!!!!!!!!!!!!!!!!!!!!!!!!!!
20241017 055638.477 INFO             PET0 !!! THE ESMF_LOG IS SET TO OUTPUT ALL LOG MESSAGES !!!
20241017 055638.477 INFO             PET0 !!!     THIS MAY CAUSE SLOWDOWN IN PERFORMANCE     !!!
20241017 055638.477 INFO             PET0 !!! FOR PRODUCTION RUNS, USE:                      !!!
20241017 055638.477 INFO             PET0 !!!                   ESMF_LOGKIND_Multi_On_Error  !!!
20241017 055638.477 INFO             PET0 !!!!!!!!!!!!!!!!!!!!!!!!!!!!!!!!!!!!!!!!!!!!!!!!!!!!!!
20241017 055638.477 INFO             PET0 Running with ESMF Version   : v8.8.0b01-6-g3ed6fcfd2b
20241017 055638.477 INFO             PET0 ESMF library build date/time: "Oct 17 2024" "05:07:05"
20241017 055638.477 INFO             PET0 ESMF library build location : /glade/derecho/scratch/sacks/esmf-testing/cce_15.0.1_mpi_g_develop/esmf
20241017 055638.477 INFO             PET0 ESMF_COMM                   : mpi
20241017 055638.687 INFO             PET0 ESMF_MOAB                   : enabled
20241017 055638.687 INFO             PET0 ESMF_LAPACK                 : enabled
20241017 055638.687 INFO             PET0 ESMF_NETCDF                 : enabled
20241017 055638.687 INFO             PET0 ESMF_PNETCDF                : disabled
20241017 055638.687 INFO             PET0 ESMF_PIO                    : enabled
20241017 055638.687 INFO             PET0 ESMF_YAMLCPP                : enabled
20241017 055638.687 INFO             PET0  NUMBER_OF_PROCESSORS 1
20241017 055638.687 INFO             PET0  PASS  Example CalendarEx, ESMF_CalendarEx.F90, line 217
20241017 055638.687 INFO             PET0  Finalizing ESMF
