2024-10-10 05:36:44
--- ESMCI::ArrayBundle::print start ---
ArrayBundle: MyArrayBundle
arrayCount = 3
Container::print() multipmap:item=0 key=AonFly value=0x83d740
Container::print() multipmap:item=1 key=Array002 value=0x880f40
Container::print() multipmap:item=2 key=Array003 value=0x881d20
--- ESMCI::ArrayBundle::print start ---
ArrayBundle: MyArrayBundle
arrayCount = 3
Container::print() multipmap:item=0 key=AonFly value=0x25f9270
Container::print() multipmap:item=1 key=Array002 value=0x263cc40
Container::print() multipmap:item=2 key=Array003 value=0x263d840
Container::print()      list:item=0 key=Array002 value=0x263cc40
Container::print()      list:item=1 key=Array003 value=0x263d840
Container::print()      list:item=2 key=AonFly value=0x25f9270
--- ESMCI::ArrayBundle::print end ---
Container::print()      list:item=0 key=Array002 value=0x880f40
Container::print()      list:item=1 key=Array003 value=0x881d20
Container::print()      list:item=2 key=AonFly value=0x83d740
--- ESMCI::ArrayBundle::print end ---
--- ESMCI::ArrayBundle::print start ---
ArrayBundle: MyArrayBundle
arrayCount = 3
--- ESMCI::ArrayBundle::print start ---
ArrayBundle: MyArrayBundle
arrayCount = 3
Container::print() multipmap:item=0 key=AonFly value=Container::print() multipmap:item=0 key=AonFly value=0x1c78f50
0xd3e020
Container::print() multipmap:item=1 key=Array002 value=Container::print() multipmap:item=1 key=Array002 value=0x1cbd8f0
Container::print() multipmap:item=2 key=Array003 value=0x1cbe0e00xd828f0
Container::print() multipmap:item=2 key=Array003 value=0xd83120

Container::print()      list:item=0 key=Container::print()      list:item=0 key=Array002 value=0xd828f0
Container::print()      list:item=Array002 value=0x1cbd8f0
Container::print()      list:item=1 key=Array003 value=0x1cbe0e0
1 key=Array003 value=0xd83120
Container::print()      list:item=2 key=AonFly value=0xd3e020
Container::print()      list:item=2 key=AonFly value=0x1c78f50
--- ESMCI::ArrayBundle::print end ---
--- ESMCI::Array::print start ---
 Base name    = AonFly
 Status: Base = --- ESMCI::Array::print start ---
 Base name    = AonFly
 Status: Base = Ready,  object = Ready--- ESMCI::ArrayBundle::print end ---
Ready,  object = Ready
 Proxy        = no
 Root Info (Attributes):

 Proxy        = no
 Root Info (Attributes):
{}Array typekind/rank: Real*4 / 2 
~ lower class' values ~
DistGrid dimCount = 2
deCount = 6
localDeCount = 2
~ local data in LocalArray for DE 0 ~
LocalArrayPrint: Array at address 0x83d0e0:
            rank = 2, typekind = 5, base_addr = 0x880820
            dim[0] = 3  dim[1] = 2  
  Real, *4, Dim 2, Data values:
{}Array typekind/rank: Real*4 / 2 
~ lower class' values ~
DistGrid dimCount = 2
deCount = 6
localDeCount = 2
~ local data in LocalArray for DE 1 ~
LocalArrayPrint: Array at address 0x25f8c10:
            rank = 2, typekind = 5, base_addr = 0x25f7340
            dim[0] = 2  dim[1] = 2  
  Real, *4, Dim 2, Data values:
--- ESMCI::Array::print start ---
 Base name    = AonFly
 Status: Base = Ready,  object = Ready
 Proxy        = no
 Root Info (Attributes):
--- ESMCI::Array::print start ---
 Base name    = AonFly
 Status: Base = Ready,  object = Ready
 Proxy        = no
 Root Info (Attributes):
( 1, 1) =  1.2503e-38
( 2, 1) =  0
( 3, 1) =  4.2039e-45
( 1, 2) =  1.4013e-45
( 2, 2) =  0
( 3, 2) =  0
~ local data in LocalArray for DE 4 ~
( 1, 1) =  1.67418e-37
( 2, 1) =  0
( 1, 2) =  2.8026e-45
( 2, 2) =  1.4013e-45
~ local data in LocalArray for DE 5 ~
LocalArrayPrint: Array at address 0x25f8f40:
            rank = 2, typekind = 5, base_addr = 0x25f8b50
            dim[0] = 2  dim[1] = 1  
LocalArrayPrint: Array at address 0x83d410:
            rank = 2, typekind = 5, base_addr = 0x83d020
            dim[0] = 3  dim[1] = 1  
  Real, *4, Dim 2, Data values:
( 1, 1) =  1.21051e-38
  Real, *4, Dim 2, Data values:
( 1, 1) =  1.64234e-37
( 2, 1) =  0
--- ESMCI::Array::print end ---
--- ESMCI::Array::print start ---
 Base name    = Array002
 Status: Base = Ready( 2, 1) =  0
( 3, 1) =  -5.07093e-17
--- ESMCI::Array::print end ---
--- ESMCI::Array::print start ---
 Base name    = Array002
 Status: Base = Ready, ,  object = Ready
 Proxy        = no
 Root Info (Attributes):
 object = Ready
 Proxy        = no
 Root Info (Attributes):
{}Array typekind/rank: Real*8 / 2 
~ lower class' values ~
DistGrid dimCount = 2
deCount = 6
localDeCount = 2
~ local data in LocalArray for DE 1 ~
{}Array typekind/rank: Real*8 / 2 
~ lower class' values ~
DistGrid dimCount = 2
deCount = 6
localDeCount = 2
LocalArrayPrint: Array at address 0x263c5c0:
            rank = 2, typekind = 6, base_addr = 0x25f6b90
            dim[0] = 2  dim[1] = 2  
  Real, *8, Dim 2, Data values:
{}Array typekind/rank: Real*4 / 2 
~ lower class' values ~
DistGrid dimCount = 2
deCount = 6
{}Array typekind/rank: Real*4 / 2 
~ lower class' values ~
DistGrid dimCount = 2
deCount = 6
localDeCount = 1
~ local data in LocalArray for DE 3 ~
~ local data in LocalArray for DE 0 ~
LocalArrayPrint: Array at address 0x8808c0:
            rank = 2, typekind = 6, base_addr = 0x83ae40
            dim[0] = 3  dim[1] = 2  
  Real, *8, Dim 2, Data values:
( 1, 1) =  4.26382e-317
( 2, 1) =  4.24399e-314
( 3, 1) =  4.24399e-314
( 1, 1) =  1.9816e-316
( 2, 1) =  0
( 1, 2) =  0
( 2, 2) =  0
~ local data in LocalArray for DE 5 ~
LocalArrayPrint: Array at address 0x263c8f0:
            rank = 2, typekind = 6, base_addr = 0x263cc20
            dim[0] = 2  dim[1] = 1  
  Real, *8, Dim 2, Data values:
( 1, 1) =  6.92791e-310
localDeCount = 1
~ local data in LocalArray for DE 2 ~
LocalArrayPrint: Array at address 0xd3dcf0:
            rank = 2, typekind = 5, base_addr = 0xd3d250
            dim[0] = 3  dim[1] = 2  
LocalArrayPrint: Array at address 0x1c78c20:
            rank = 2, typekind = 5, base_addr = 0x1c78250
            dim[0] = 2  dim[1] = 2  
  Real, *4, Dim 2, Data values:
( 1, 2) =  4.24399e-314
( 2, 2) =  2.122e-314
( 3, 2) =  2.122e-314
~ local data in LocalArray for DE 4 ~
LocalArrayPrint: Array at address 0x880bf0:
            rank = 2, typekind = 6, base_addr = 0x880f20
            dim[0] = 3  dim[1] = 1  
  Real, *8, Dim 2, Data values:
( 1, 1) =  6.93503e-310
( 2, 1) =  6.92791e-310
--- ESMCI::Array::print end ---
--- ESMCI::Array::print start ---
 Base name    = Array003
 Status: Base = Ready,  object = Ready
 Proxy        = no
 Root Info (Attributes):
{}Array typekind/rank: Real*8 / 2 
  Real, *4, Dim 2, Data values:
( 2, 1) =  6.93503e-310
( 3, 1) =  0
--- ESMCI::Array::print end ---
--- ESMCI::Array::print start ---
 Base name    = Array003
 Status: Base = Ready,  object = Ready
 Proxy        = no
 Root Info (Attributes):
~ lower class' values ~
DistGrid dimCount = 2
deCount = 6
localDeCount = 2
~ local data in LocalArray for DE 1 ~
LocalArrayPrint: Array at address 0x263d1e0:
            rank = 2, typekind = 6, base_addr = 0x25f7360
            dim[0] = 2  dim[1] = 2  
  Real, *8, Dim 2, Data values:
( 1, 1) =  1.96375e-316
( 1, 1) =  1.98566e-38
( 2, 1) =  0
( 3, 1) =  0.0131633
( 1, 2) =  4.58407e-41
( 2, 2) =  0
( 1, 1) =  7.49029e-38
( 2, 1) =  0
( 1, 2) =  5.97981e+25
( 2, 2) =  4.57706e-41
--- ESMCI::Array::print end ---
--- ESMCI::Array::print start ---
 Base name    = Array002
{}Array typekind/rank: Real*8 / 2 
~ lower class' values ~
DistGrid dimCount = 2
deCount = 6
localDeCount = 2
~ local data in LocalArray for DE 0 ~
LocalArrayPrint: Array at address 0x881680:
            rank = 2, typekind = 6, base_addr = 0x8819b0
            dim[0] = 3  dim[1] = 2  
  Real, *8, Dim 2, Data values:
( 2, 1) =  2.122e-314
( 1, 2) =  0
( 2, 2) =  0
~ local data in LocalArray for DE 5 ~
LocalArrayPrint: Array at address 0x263d510:
            rank = 2, typekind = 6, base_addr = 0x25f6b70
            dim[0] = 2  dim[1] = 1  
  Real, *8, Dim 2, Data values:
( 1, 1) =  1.96375e-316
( 2, 1) =  2.122e-314
--- ESMCI::Array::print end ---( 3, 2) =  0
--- ESMCI::Array::print end ---
--- ESMCI::Array::print start ---
 Base name    = Array002
 Status: Base = Ready,  object = Ready
 Proxy        = no
 Root Info (Attributes):
 Status: Base = Ready,  object = Ready
 Proxy        = no
 Root Info (Attributes):
( 1, 1) =  6.93503e-310
( 2, 1) =  6.93503e-310
( 3, 1) =  0
( 1, 2) =  0
( 2, 2) =  0
( 3, 2) =  0
~ local data in LocalArray for DE 4 ~
LocalArrayPrint: Array at address 0x8819f0:
            rank = 2, typekind = 6, base_addr = 0x83adf0
            dim[0] = 3  dim[1] = 1  
  Real, *8, Dim 2, Data values:
( 1, 1) =  4.40456e-317

{}Array typekind/rank: Real*8 / 2 
~ lower class' values ~
DistGrid dimCount = 2
deCount = 6
localDeCount = 1
( 2, 1) =  2.122e-314
( 3, 1) =  0
--- ESMCI::Array::print end ---
{}Array typekind/rank: Real*8 / 2 
~ lower class' values ~
DistGrid dimCount = 2
deCount = 6
localDeCount = 1
~ local data in LocalArray for DE 2 ~
LocalArrayPrint: Array at address 0xd825c0:
            rank = 2, typekind = 6, base_addr = 0xd5d0c0
~ local data in LocalArray for DE 3 ~
LocalArrayPrint: Array at address 0x1cbd5c0:
            rank = 2, typekind = 6, base_addr = 0x1cc0fe0
            dim[0] = 2  dim[1] = 2  
            dim[0] = 3  dim[1] = 2  
  Real, *8, Dim 2, Data values:
  Real, *8, Dim 2, Data values:
( 1, 1) =  1.48962e-316
( 2, 1) =  0
( 1, 1) =  6.8578e-317
( 2, 1) =  4.24399e-314
( 3, 1) =  4.24399e-314
( 1, 2) =  4.24399e-314
( 2, 2) =  2.122e-314
( 1, 2) =  0
( 2, 2) =  0
--- ESMCI::Array::print end ---
--- ESMCI::Array::print start ---
 Base name    = Array003
 Status: Base = Ready,  object = Ready
 Proxy        = no( 3, 2) =  2.122e-314
--- ESMCI::Array::print end ---
--- ESMCI::Array::print start ---
 Base name    = Array003
 Status: Base = Ready,  object = 
 Root Info (Attributes):
{}Ready
 Proxy        = no
 Root Info (Attributes):
Array typekind/rank: Real*8 / 2 
~ lower class' values ~
DistGrid dimCount = 2
deCount = 6
localDeCount = 1
~ local data in LocalArray for DE 3 ~
LocalArrayPrint: Array at address 0x1cbddb0:
{}Array typekind/rank: Real*8 / 2 
~ lower class' values ~
DistGrid dimCount = 2
deCount = 6
localDeCount = 1
~ local data in LocalArray for DE 2 ~
            rank = 2, typekind = 6, base_addr = 0x1cc0e90
            dim[0] = 2  dim[1] = 2  
  Real, *8, Dim 2, Data values:
  PASS  Example ESMF_ArrayBundleEx, ESMF_ArrayBundleEx.F90, line 267
LocalArrayPrint: Array at address 0xd82db0:
            rank = 2, typekind = 6, base_addr = 0xd830e0
            dim[0] = 3  dim[1] = 2  
  Real, *8, Dim 2, Data values:
( 1, 1) =  1.48963e-316
( 2, 1) =  0
( 1, 2) =  0
( 2, 2) =  0
--- ESMCI::Array::print end ---
  PASS  Example ESMF_ArrayBundleEx, ESMF_ArrayBundleEx.F90, line 267
( 1, 1) =  6.94173e-310
( 2, 1) =  6.94173e-310
( 3, 1) =  0
( 1, 2) =  0
( 2, 2) =  0
( 3, 2) =  0
--- ESMCI::Array::print end ---
  PASS  Example ESMF_ArrayBundleEx, ESMF_ArrayBundleEx.F90, line 267
  PASS  Example ESMF_ArrayBundleEx, ESMF_ArrayBundleEx.F90, line 267
 PASS: ESMF_ArrayBundleEx.F90
 PASS: ESMF_ArrayBundleEx.F90
 PASS: ESMF_ArrayBundleEx.F90
 PASS: ESMF_ArrayBundleEx.F90
