2025-05-08 01:35:15
20250508 020142.316 INFO             PET0 !!!!!!!!!!!!!!!!!!!!!!!!!!!!!!!!!!!!!!!!!!!!!!!!!!!!!!
20250508 020142.316 INFO             PET0 !!! THE ESMF_LOG IS SET TO OUTPUT ALL LOG MESSAGES !!!
20250508 020142.316 INFO             PET0 !!!     THIS MAY CAUSE SLOWDOWN IN PERFORMANCE     !!!
20250508 020142.316 INFO             PET0 !!! FOR PRODUCTION RUNS, USE:                      !!!
20250508 020142.316 INFO             PET0 !!!                   ESMF_LOGKIND_Multi_On_Error  !!!
20250508 020142.316 INFO             PET0 !!!!!!!!!!!!!!!!!!!!!!!!!!!!!!!!!!!!!!!!!!!!!!!!!!!!!!
20250508 020142.316 INFO             PET0 Running with ESMF Version   : v8.9.0b08-5-g079ca68fdc
20250508 020142.316 INFO             PET0 ESMF library build date/time: "May  8 2025" "01:33:26"
20250508 020142.316 INFO             PET0 ESMF library build location : /project/esmf/ESMF-Nightly-Testing-Izumi/intel_20.0.1_mpiuni_O_develop/esmf
20250508 020142.316 INFO             PET0 ESMF_COMM                   : mpiuni
20250508 020142.318 INFO             PET0 ESMF_MOAB                   : enabled
20250508 020142.318 INFO             PET0 ESMF_LAPACK                 : enabled
20250508 020142.318 INFO             PET0 ESMF_NETCDF                 : enabled
20250508 020142.318 INFO             PET0 ESMF_PNETCDF                : disabled
20250508 020142.318 INFO             PET0 ESMF_PIO                    : enabled
20250508 020142.318 INFO             PET0 ESMF_YAMLCPP                : enabled
20250508 020142.318 INFO             PET0 Log Write 2
20250508 020142.318 ERROR            PET0 Invalid object  - Convergence failure
20250508 020142.318 ERROR            PET0 ESMCI_Time.C:866 ESMCI::Time::syncToRealTime() Wrong argument specified  - ; calkindflag is NOCALENDAR. Only GREGORIAN and JULIAN are supported when syncing to real time.
20250508 020142.318 ERROR            PET0 ESMF_Time.F90:1495 ESMF_TimeSyncToRealTime() Wrong argument specified  - Internal subroutine call returned Error
20250508 020142.318 ERROR            PET0 Wrong argument specified  - getting wall clock time
20250508 020142.325 INFO             PET0  NUMBER_OF_PROCESSORS           1
20250508 020142.327 INFO             PET0  PASS  Example ESMF_LogErrEx, ESMF_LogErrEx.F90, line 186
20250508 020142.327 INFO             PET0  Finalizing ESMF
