2024-10-18 01:35:29
20241018 020641.148 INFO             PET0 !!!!!!!!!!!!!!!!!!!!!!!!!!!!!!!!!!!!!!!!!!!!!!!!!!!!!!
20241018 020641.148 INFO             PET0 !!! THE ESMF_LOG IS SET TO OUTPUT ALL LOG MESSAGES !!!
20241018 020641.148 INFO             PET0 !!!     THIS MAY CAUSE SLOWDOWN IN PERFORMANCE     !!!
20241018 020641.148 INFO             PET0 !!! FOR PRODUCTION RUNS, USE:                      !!!
20241018 020641.148 INFO             PET0 !!!                   ESMF_LOGKIND_Multi_On_Error  !!!
20241018 020641.148 INFO             PET0 !!!!!!!!!!!!!!!!!!!!!!!!!!!!!!!!!!!!!!!!!!!!!!!!!!!!!!
20241018 020641.148 INFO             PET0 Running with ESMF Version   : v8.8.0b01-7-gc92d921964
20241018 020641.148 INFO             PET0 ESMF library build date/time: "Oct 18 2024" "01:33:01"
20241018 020641.148 INFO             PET0 ESMF library build location : /project/esmf/ESMF-Nightly-Testing-Izumi/intel_20.0.1_mpiuni_O_develop/esmf
20241018 020641.148 INFO             PET0 ESMF_COMM                   : mpiuni
20241018 020641.150 INFO             PET0 ESMF_MOAB                   : enabled
20241018 020641.150 INFO             PET0 ESMF_LAPACK                 : enabled
20241018 020641.150 INFO             PET0 ESMF_NETCDF                 : enabled
20241018 020641.150 INFO             PET0 ESMF_PNETCDF                : disabled
20241018 020641.150 INFO             PET0 ESMF_PIO                    : enabled
20241018 020641.150 INFO             PET0 ESMF_YAMLCPP                : enabled
20241018 020641.156 INFO             PET0 ESMF_FieldRedistStoreNF(): Just entered routine.
20241018 020641.313 INFO             PET0 ESMF_FieldRedistStoreNF(): Leaving routine.
20241018 020641.337 INFO             PET0  NUMBER_OF_PROCESSORS           1
20241018 020641.339 INFO             PET0  PASS  Example ESMF_RHandleFromFileEx, ESMF_RHandleFromFileEx.F90, line 192
20241018 020641.340 INFO             PET0  Finalizing ESMF
