2024-10-17 02:12:06
20241017 030225.777 INFO             PET0 !!!!!!!!!!!!!!!!!!!!!!!!!!!!!!!!!!!!!!!!!!!!!!!!!!!!!!
20241017 030225.778 INFO             PET0 !!! THE ESMF_LOG IS SET TO OUTPUT ALL LOG MESSAGES !!!
20241017 030225.778 INFO             PET0 !!!     THIS MAY CAUSE SLOWDOWN IN PERFORMANCE     !!!
20241017 030225.778 INFO             PET0 !!! FOR PRODUCTION RUNS, USE:                      !!!
20241017 030225.778 INFO             PET0 !!!                   ESMF_LOGKIND_Multi_On_Error  !!!
20241017 030225.778 INFO             PET0 !!!!!!!!!!!!!!!!!!!!!!!!!!!!!!!!!!!!!!!!!!!!!!!!!!!!!!
20241017 030225.778 INFO             PET0 Running with ESMF Version   : v8.8.0b01-6-g3ed6fcfd2b
20241017 030225.778 INFO             PET0 ESMF library build date/time: "Oct 17 2024" "02:08:31"
20241017 030225.778 INFO             PET0 ESMF library build location : /glade/derecho/scratch/sacks/esmf-testing/gfortran_12.2.0_pio2.5.10_mpi_O_develop/esmf
20241017 030225.778 INFO             PET0 ESMF_COMM                   : mpi
20241017 030225.778 INFO             PET0 ESMF_MOAB                   : enabled
20241017 030225.778 INFO             PET0 ESMF_LAPACK                 : enabled
20241017 030225.778 INFO             PET0 ESMF_NETCDF                 : enabled
20241017 030225.778 INFO             PET0 ESMF_PNETCDF                : disabled
20241017 030225.778 INFO             PET0 ESMF_PIO                    : enabled
20241017 030225.778 INFO             PET0 ESMF_YAMLCPP                : enabled
20241017 030225.809 DEBUG            PET0 about to destroy Grid: 0x78e770
20241017 030225.811 DEBUG            PET0 about to destroy Grid: 0x7902c0
20241017 030225.819 INFO             PET0  NUMBER_OF_PROCESSORS           4
20241017 030225.819 INFO             PET0  PASS  Example ESMF_NUOPCAtmModelEx, ESMF_NUOPCAtmModelEx.F90, line 806
20241017 030225.819 INFO             PET0  Finalizing ESMF
20241017 030225.777 INFO             PET1 !!!!!!!!!!!!!!!!!!!!!!!!!!!!!!!!!!!!!!!!!!!!!!!!!!!!!!
20241017 030225.777 INFO             PET1 !!! THE ESMF_LOG IS SET TO OUTPUT ALL LOG MESSAGES !!!
20241017 030225.777 INFO             PET1 !!!     THIS MAY CAUSE SLOWDOWN IN PERFORMANCE     !!!
20241017 030225.777 INFO             PET1 !!! FOR PRODUCTION RUNS, USE:                      !!!
20241017 030225.777 INFO             PET1 !!!                   ESMF_LOGKIND_Multi_On_Error  !!!
20241017 030225.777 INFO             PET1 !!!!!!!!!!!!!!!!!!!!!!!!!!!!!!!!!!!!!!!!!!!!!!!!!!!!!!
20241017 030225.777 INFO             PET1 Running with ESMF Version   : v8.8.0b01-6-g3ed6fcfd2b
20241017 030225.777 INFO             PET1 ESMF library build date/time: "Oct 17 2024" "02:08:31"
20241017 030225.777 INFO             PET1 ESMF library build location : /glade/derecho/scratch/sacks/esmf-testing/gfortran_12.2.0_pio2.5.10_mpi_O_develop/esmf
20241017 030225.777 INFO             PET1 ESMF_COMM                   : mpi
20241017 030225.778 INFO             PET1 ESMF_MOAB                   : enabled
20241017 030225.778 INFO             PET1 ESMF_LAPACK                 : enabled
20241017 030225.778 INFO             PET1 ESMF_NETCDF                 : enabled
20241017 030225.778 INFO             PET1 ESMF_PNETCDF                : disabled
20241017 030225.778 INFO             PET1 ESMF_PIO                    : enabled
20241017 030225.778 INFO             PET1 ESMF_YAMLCPP                : enabled
20241017 030225.809 DEBUG            PET1 about to destroy Grid: 0x788240
20241017 030225.811 DEBUG            PET1 about to destroy Grid: 0x789940
20241017 030225.819 INFO             PET1  NUMBER_OF_PROCESSORS           4
20241017 030225.819 INFO             PET1  PASS  Example ESMF_NUOPCAtmModelEx, ESMF_NUOPCAtmModelEx.F90, line 806
20241017 030225.819 INFO             PET1  Finalizing ESMF
20241017 030225.779 INFO             PET2 !!!!!!!!!!!!!!!!!!!!!!!!!!!!!!!!!!!!!!!!!!!!!!!!!!!!!!
20241017 030225.779 INFO             PET2 !!! THE ESMF_LOG IS SET TO OUTPUT ALL LOG MESSAGES !!!
20241017 030225.779 INFO             PET2 !!!     THIS MAY CAUSE SLOWDOWN IN PERFORMANCE     !!!
20241017 030225.779 INFO             PET2 !!! FOR PRODUCTION RUNS, USE:                      !!!
20241017 030225.779 INFO             PET2 !!!                   ESMF_LOGKIND_Multi_On_Error  !!!
20241017 030225.779 INFO             PET2 !!!!!!!!!!!!!!!!!!!!!!!!!!!!!!!!!!!!!!!!!!!!!!!!!!!!!!
20241017 030225.779 INFO             PET2 Running with ESMF Version   : v8.8.0b01-6-g3ed6fcfd2b
20241017 030225.779 INFO             PET2 ESMF library build date/time: "Oct 17 2024" "02:08:31"
20241017 030225.779 INFO             PET2 ESMF library build location : /glade/derecho/scratch/sacks/esmf-testing/gfortran_12.2.0_pio2.5.10_mpi_O_develop/esmf
20241017 030225.779 INFO             PET2 ESMF_COMM                   : mpi
20241017 030225.782 INFO             PET2 ESMF_MOAB                   : enabled
20241017 030225.782 INFO             PET2 ESMF_LAPACK                 : enabled
20241017 030225.782 INFO             PET2 ESMF_NETCDF                 : enabled
20241017 030225.782 INFO             PET2 ESMF_PNETCDF                : disabled
20241017 030225.782 INFO             PET2 ESMF_PIO                    : enabled
20241017 030225.782 INFO             PET2 ESMF_YAMLCPP                : enabled
20241017 030225.809 DEBUG            PET2 about to destroy Grid: 0x7877e0
20241017 030225.811 DEBUG            PET2 about to destroy Grid: 0x788c30
20241017 030225.819 INFO             PET2  NUMBER_OF_PROCESSORS           4
20241017 030225.819 INFO             PET2  PASS  Example ESMF_NUOPCAtmModelEx, ESMF_NUOPCAtmModelEx.F90, line 806
20241017 030225.819 INFO             PET2  Finalizing ESMF
20241017 030225.777 INFO             PET3 !!!!!!!!!!!!!!!!!!!!!!!!!!!!!!!!!!!!!!!!!!!!!!!!!!!!!!
20241017 030225.777 INFO             PET3 !!! THE ESMF_LOG IS SET TO OUTPUT ALL LOG MESSAGES !!!
20241017 030225.777 INFO             PET3 !!!     THIS MAY CAUSE SLOWDOWN IN PERFORMANCE     !!!
20241017 030225.777 INFO             PET3 !!! FOR PRODUCTION RUNS, USE:                      !!!
20241017 030225.777 INFO             PET3 !!!                   ESMF_LOGKIND_Multi_On_Error  !!!
20241017 030225.777 INFO             PET3 !!!!!!!!!!!!!!!!!!!!!!!!!!!!!!!!!!!!!!!!!!!!!!!!!!!!!!
20241017 030225.777 INFO             PET3 Running with ESMF Version   : v8.8.0b01-6-g3ed6fcfd2b
20241017 030225.777 INFO             PET3 ESMF library build date/time: "Oct 17 2024" "02:08:31"
20241017 030225.777 INFO             PET3 ESMF library build location : /glade/derecho/scratch/sacks/esmf-testing/gfortran_12.2.0_pio2.5.10_mpi_O_develop/esmf
20241017 030225.777 INFO             PET3 ESMF_COMM                   : mpi
20241017 030225.779 INFO             PET3 ESMF_MOAB                   : enabled
20241017 030225.779 INFO             PET3 ESMF_LAPACK                 : enabled
20241017 030225.779 INFO             PET3 ESMF_NETCDF                 : enabled
20241017 030225.779 INFO             PET3 ESMF_PNETCDF                : disabled
20241017 030225.779 INFO             PET3 ESMF_PIO                    : enabled
20241017 030225.779 INFO             PET3 ESMF_YAMLCPP                : enabled
20241017 030225.809 DEBUG            PET3 about to destroy Grid: 0x786f40
20241017 030225.811 DEBUG            PET3 about to destroy Grid: 0x788e60
20241017 030225.819 INFO             PET3  NUMBER_OF_PROCESSORS           4
20241017 030225.819 INFO             PET3  PASS  Example ESMF_NUOPCAtmModelEx, ESMF_NUOPCAtmModelEx.F90, line 806
20241017 030225.819 INFO             PET3  Finalizing ESMF
