2024-10-14 01:47:02
20241014 021636.411 INFO             PET0 !!!!!!!!!!!!!!!!!!!!!!!!!!!!!!!!!!!!!!!!!!!!!!!!!!!!!!
20241014 021636.411 INFO             PET0 !!! THE ESMF_LOG IS SET TO OUTPUT ALL LOG MESSAGES !!!
20241014 021636.411 INFO             PET0 !!!     THIS MAY CAUSE SLOWDOWN IN PERFORMANCE     !!!
20241014 021636.411 INFO             PET0 !!! FOR PRODUCTION RUNS, USE:                      !!!
20241014 021636.411 INFO             PET0 !!!                   ESMF_LOGKIND_Multi_On_Error  !!!
20241014 021636.411 INFO             PET0 !!!!!!!!!!!!!!!!!!!!!!!!!!!!!!!!!!!!!!!!!!!!!!!!!!!!!!
20241014 021636.411 INFO             PET0 Running with ESMF Version   : v8.8.0b01
20241014 021636.411 INFO             PET0 ESMF library build date/time: "Oct 14 2024" "01:44:28"
20241014 021636.411 INFO             PET0 ESMF library build location : /glade/derecho/scratch/sacks/esmf-testing/gfortran_12.2.0_pio2.5.10_mpi_O_develop/esmf
20241014 021636.411 INFO             PET0 ESMF_COMM                   : mpi
20241014 021636.441 INFO             PET0 ESMF_MOAB                   : enabled
20241014 021636.441 INFO             PET0 ESMF_LAPACK                 : enabled
20241014 021636.441 INFO             PET0 ESMF_NETCDF                 : enabled
20241014 021636.441 INFO             PET0 ESMF_PNETCDF                : disabled
20241014 021636.441 INFO             PET0 ESMF_PIO                    : enabled
20241014 021636.441 INFO             PET0 ESMF_YAMLCPP                : enabled
20241014 021636.442 INFO             PET0  NUMBER_OF_PROCESSORS           1
20241014 021636.442 INFO             PET0  PASS  Example ESMF_TimeEx, ESMF_TimeEx.F90, line 141
20241014 021636.442 INFO             PET0  Finalizing ESMF
