2024-10-12 02:03:41
20241012 024504.371 INFO             PET0 !!!!!!!!!!!!!!!!!!!!!!!!!!!!!!!!!!!!!!!!!!!!!!!!!!!!!!
20241012 024504.371 INFO             PET0 !!! THE ESMF_LOG IS SET TO OUTPUT ALL LOG MESSAGES !!!
20241012 024504.371 INFO             PET0 !!!     THIS MAY CAUSE SLOWDOWN IN PERFORMANCE     !!!
20241012 024504.371 INFO             PET0 !!! FOR PRODUCTION RUNS, USE:                      !!!
20241012 024504.371 INFO             PET0 !!!                   ESMF_LOGKIND_Multi_On_Error  !!!
20241012 024504.371 INFO             PET0 !!!!!!!!!!!!!!!!!!!!!!!!!!!!!!!!!!!!!!!!!!!!!!!!!!!!!!
20241012 024504.371 INFO             PET0 Running with ESMF Version   : v8.8.0b01
20241012 024504.371 INFO             PET0 ESMF library build date/time: "Oct 12 2024" "02:00:10"
20241012 024504.371 INFO             PET0 ESMF library build location : /glade/derecho/scratch/sacks/esmf-testing/gfortran_12.2.0_pio2.5.10_mpi_O_develop/esmf
20241012 024504.371 INFO             PET0 ESMF_COMM                   : mpi
20241012 024504.372 INFO             PET0 ESMF_MOAB                   : enabled
20241012 024504.372 INFO             PET0 ESMF_LAPACK                 : enabled
20241012 024504.372 INFO             PET0 ESMF_NETCDF                 : enabled
20241012 024504.372 INFO             PET0 ESMF_PNETCDF                : disabled
20241012 024504.372 INFO             PET0 ESMF_PIO                    : enabled
20241012 024504.372 INFO             PET0 ESMF_YAMLCPP                : enabled
20241012 024504.373 INFO             PET0  NUMBER_OF_PROCESSORS           2
20241012 024504.373 INFO             PET0  PASS  Example ESMF_VMUserMpiCommEx, ESMF_VMUserMpiCommEx.F90, line 113
20241012 024504.373 INFO             PET0  Finalizing ESMF with endflag==ESMF_END_KEEPMPI
20241012 024504.372 INFO             PET1 !!!!!!!!!!!!!!!!!!!!!!!!!!!!!!!!!!!!!!!!!!!!!!!!!!!!!!
20241012 024504.372 INFO             PET1 !!! THE ESMF_LOG IS SET TO OUTPUT ALL LOG MESSAGES !!!
20241012 024504.372 INFO             PET1 !!!     THIS MAY CAUSE SLOWDOWN IN PERFORMANCE     !!!
20241012 024504.372 INFO             PET1 !!! FOR PRODUCTION RUNS, USE:                      !!!
20241012 024504.372 INFO             PET1 !!!                   ESMF_LOGKIND_Multi_On_Error  !!!
20241012 024504.372 INFO             PET1 !!!!!!!!!!!!!!!!!!!!!!!!!!!!!!!!!!!!!!!!!!!!!!!!!!!!!!
20241012 024504.372 INFO             PET1 Running with ESMF Version   : v8.8.0b01
20241012 024504.372 INFO             PET1 ESMF library build date/time: "Oct 12 2024" "02:00:10"
20241012 024504.372 INFO             PET1 ESMF library build location : /glade/derecho/scratch/sacks/esmf-testing/gfortran_12.2.0_pio2.5.10_mpi_O_develop/esmf
20241012 024504.372 INFO             PET1 ESMF_COMM                   : mpi
20241012 024504.373 INFO             PET1 ESMF_MOAB                   : enabled
20241012 024504.373 INFO             PET1 ESMF_LAPACK                 : enabled
20241012 024504.373 INFO             PET1 ESMF_NETCDF                 : enabled
20241012 024504.373 INFO             PET1 ESMF_PNETCDF                : disabled
20241012 024504.373 INFO             PET1 ESMF_PIO                    : enabled
20241012 024504.373 INFO             PET1 ESMF_YAMLCPP                : enabled
20241012 024504.373 INFO             PET1  NUMBER_OF_PROCESSORS           2
20241012 024504.373 INFO             PET1  PASS  Example ESMF_VMUserMpiCommEx, ESMF_VMUserMpiCommEx.F90, line 113
20241012 024504.373 INFO             PET1  Finalizing ESMF with endflag==ESMF_END_KEEPMPI
