2025-05-08 22:45:13
20250508 234553.547 INFO             PET0 !!!!!!!!!!!!!!!!!!!!!!!!!!!!!!!!!!!!!!!!!!!!!!!!!!!!!!
20250508 234553.548 INFO             PET0 !!! THE ESMF_LOG IS SET TO OUTPUT ALL LOG MESSAGES !!!
20250508 234553.548 INFO             PET0 !!!     THIS MAY CAUSE SLOWDOWN IN PERFORMANCE     !!!
20250508 234553.548 INFO             PET0 !!! FOR PRODUCTION RUNS, USE:                      !!!
20250508 234553.548 INFO             PET0 !!!                   ESMF_LOGKIND_Multi_On_Error  !!!
20250508 234553.548 INFO             PET0 !!!!!!!!!!!!!!!!!!!!!!!!!!!!!!!!!!!!!!!!!!!!!!!!!!!!!!
20250508 234553.548 INFO             PET0 Running with ESMF Version   : v8.9.0b08-9-gea72ab2180
20250508 234553.548 INFO             PET0 ESMF library build date/time: "May  8 2025" "22:42:14"
20250508 234553.548 INFO             PET0 ESMF library build location : /discover/nobackup/projects/gmao/SIteam/ESMF_Testing/intel_2021.13.0-mvapich_mvapich_g_develop/esmf
20250508 234553.548 INFO             PET0 ESMF_COMM                   : mvapich
20250508 234553.548 INFO             PET0 ESMF_MOAB                   : enabled
20250508 234553.548 INFO             PET0 ESMF_LAPACK                 : enabled
20250508 234553.548 INFO             PET0 ESMF_NETCDF                 : disabled
20250508 234553.548 INFO             PET0 ESMF_PNETCDF                : disabled
20250508 234553.548 INFO             PET0 ESMF_PIO                    : disabled
20250508 234553.548 INFO             PET0 ESMF_YAMLCPP                : enabled
20250508 234553.553 INFO             PET0 =============================================
20250508 234553.553 INFO             PET0 ESMX (Earth System Model eXecutable) STARTING
20250508 234553.553 INFO             PET0 =============================================
20250508 234553.565 INFO             PET0 ESMX_Driver: InitializeGeneric intro.
20250508 234553.565 INFO             PET0   >>>ESMX_Driver: entered Initialize (phase=<none>) without valid internal Clock.
20250508 234553.565 INFO             PET0   ESMX_Driver: InitializeP0 intro.
20250508 234553.565 INFO             PET0     >>>ESMX_Driver: entered Initialize (phase=<none>) without valid internal Clock.
20250508 234553.565 INFO             PET0     <<<ESMX_Driver: leaving Initialize (phase=<none>) without valid internal Clock.
20250508 234553.565 INFO             PET0   ESMX_Driver: InitializeP0 extro.
20250508 234553.565 INFO             PET0   ESMX_Driver: InitializeIPDv02p1 intro.
20250508 234553.566 INFO             PET0     >>>ESMX_Driver: entered Initialize (phase=<none>) without valid internal Clock.
20250508 234553.572 INFO             PET0     ESMX_Driver - Creating model component MDL without petList.
20250508 234553.573 DEBUG            PET0     Generic SetVM() is executing for: MDL
20250508 234553.573 DEBUG            PET0     Generic SetVM() found no NUOPC Hint for: MDL
20250508 234553.573 DEBUG            PET0     Generic SetVM() therefore is NOT calling ESMF_GridCompSetVMMaxPEs() for: MDL
20250508 234553.584 INFO             PET0     ESMX_Driver: IInitAdvertise intro.
20250508 234553.584 INFO             PET0       >>>ESMX_Driver: entered Initialize (phase=<none>) with current time: 2012 10 24 18  0  0   0
20250508 234553.584 INFO             PET0       <<<ESMX_Driver: leaving Initialize (phase=<none>) with current time: 2012 10 24 18  0  0   0
20250508 234553.584 INFO             PET0     ESMX_Driver: IInitAdvertise extro.
20250508 234553.584 INFO             PET0     Message from inside C component Advertise() method
20250508 234553.585 INFO             PET0     ESMX_Driver: IInitAdvertiseFinish intro.
20250508 234553.585 INFO             PET0       >>>ESMX_Driver: entered Initialize (phase=<none>) with current time: 2012 10 24 18  0  0   0
20250508 234553.586 INFO             PET0       <<<ESMX_Driver: leaving Initialize (phase=<none>) with current time: 2012 10 24 18  0  0   0
20250508 234553.586 INFO             PET0     ESMX_Driver: IInitAdvertiseFinish extro.
20250508 234553.586 INFO             PET0     ESMX_Driver: IInitModifyCplLists intro.
20250508 234553.587 INFO             PET0       >>>ESMX_Driver: entered Initialize (phase=<none>) with current time: 2012 10 24 18  0  0   0
20250508 234553.587 INFO             PET0       <<<ESMX_Driver: leaving Initialize (phase=<none>) with current time: 2012 10 24 18  0  0   0
20250508 234553.587 INFO             PET0     ESMX_Driver: IInitModifyCplLists extro.
20250508 234553.587 INFO             PET0     <<<ESMX_Driver: leaving Initialize (phase=<none>) with current time: 2012 10 24 18  0  0   0
20250508 234553.587 INFO             PET0   ESMX_Driver: InitializeIPDv02p1 extro.
20250508 234553.587 INFO             PET0   ESMX_Driver: InitializeIPDv02p3 intro.
20250508 234553.587 INFO             PET0     >>>ESMX_Driver: entered Initialize (phase=<none>) with current time: 2012 10 24 18  0  0   0
20250508 234553.588 INFO             PET0     ESMX_Driver: IInitCheck intro.
20250508 234553.588 INFO             PET0       >>>ESMX_Driver: entered Initialize (phase=<none>) with current time: 2012 10 24 18  0  0   0
20250508 234553.588 INFO             PET0       <<<ESMX_Driver: leaving Initialize (phase=<none>) with current time: 2012 10 24 18  0  0   0
20250508 234553.588 INFO             PET0     ESMX_Driver: IInitCheck extro.
20250508 234553.589 INFO             PET0     ESMX_Driver: IInitRealize intro.
20250508 234553.589 INFO             PET0       >>>ESMX_Driver: entered Initialize (phase=<none>) with current time: 2012 10 24 18  0  0   0
20250508 234553.589 INFO             PET0       <<<ESMX_Driver: leaving Initialize (phase=<none>) with current time: 2012 10 24 18  0  0   0
20250508 234553.589 INFO             PET0     ESMX_Driver: IInitRealize extro.
20250508 234553.590 INFO             PET0     <<<ESMX_Driver: leaving Initialize (phase=<none>) with current time: 2012 10 24 18  0  0   0
20250508 234553.590 INFO             PET0   ESMX_Driver: InitializeIPDv02p3 extro.
20250508 234553.590 INFO             PET0   ESMX_Driver: InitializeIPDv02p5 intro.
20250508 234553.590 INFO             PET0     >>>ESMX_Driver: entered Initialize (phase=<none>) with current time: 2012 10 24 18  0  0   0
20250508 234553.590 INFO             PET0     ESMX_Driver: InitializeIPDv02p5Data intro.
20250508 234553.590 INFO             PET0       >>>ESMX_Driver: entered Initialize (phase=<none>) with current time: 2012 10 24 18  0  0   0
20250508 234553.591 INFO             PET0       ESMX_Driver: InternalInitializeComplete intro.
20250508 234553.591 INFO             PET0         >>>ESMX_Driver: entered Initialize (phase=<none>) with current time: 2012 10 24 18  0  0   0
20250508 234553.591 INFO             PET0         <<<ESMX_Driver: leaving Initialize (phase=<none>) with current time: 2012 10 24 18  0  0   0
20250508 234553.591 INFO             PET0       ESMX_Driver: InternalInitializeComplete extro.
20250508 234553.592 INFO             PET0       ESMX_Driver: loopDataDependentInitialize intro.
20250508 234553.592 INFO             PET0         >>>ESMX_Driver: entered Initialize (phase=<none>) with current time: 2012 10 24 18  0  0   0
20250508 234553.593 INFO             PET0         <<<ESMX_Driver: leaving Initialize (phase=<none>) with current time: 2012 10 24 18  0  0   0
20250508 234553.593 INFO             PET0       ESMX_Driver: loopDataDependentInitialize extro.
20250508 234553.593 INFO             PET0       <<<ESMX_Driver: leaving Initialize (phase=<none>) with current time: 2012 10 24 18  0  0   0
20250508 234553.593 INFO             PET0     ESMX_Driver: InitializeIPDv02p5Data extro.
20250508 234553.593 INFO             PET0     <<<ESMX_Driver: leaving Initialize (phase=<none>) with current time: 2012 10 24 18  0  0   0
20250508 234553.593 INFO             PET0   ESMX_Driver: InitializeIPDv02p5 extro.
20250508 234553.593 INFO             PET0   <<<ESMX_Driver: leaving Initialize (phase=<none>) with current time: 2012 10 24 18  0  0   0
20250508 234553.593 INFO             PET0 ESMX_Driver: InitializeGeneric extro.
20250508 234553.594 INFO             PET0 ESMX_Driver: Run intro.
20250508 234553.594 INFO             PET0   >>>ESMX_Driver: entered Run (phase=RunPhase1) with current time: 2012 10 24 18  0  0   0
20250508 234553.594 INFO             PET0   Message from inside C component Advance() method
20250508 234553.595 INFO             PET0   <<<ESMX_Driver: leaving Run (phase=RunPhase1) with current time: 2012 10 24 19  0  0   0
20250508 234553.595 INFO             PET0 ESMX_Driver: Run extro.
20250508 234553.595 INFO             PET0 ESMX_Driver: Finalize intro.
20250508 234553.595 INFO             PET0   >>>ESMX_Driver: entered Finalize (phase=FinalizePhase1) with current time: 2012 10 24 19  0  0   0
20250508 234553.595 INFO             PET0   Calling Finalize phase 1 for modelComp: MDL
20250508 234553.595 INFO             PET0   Delete modelComp: MDL
20250508 234553.595 INFO             PET0   <<<ESMX_Driver: leaving Finalize (phase=FinalizePhase1) with current time: 2012 10 24 19  0  0   0
20250508 234553.596 INFO             PET0 ESMX_Driver: Finalize extro.
20250508 234553.596 INFO             PET0 =============================================
20250508 234553.596 INFO             PET0 ESMX (Earth System Model eXecutable) FINISHED
20250508 234553.596 INFO             PET0 =============================================
20250508 234553.596 INFO             PET0  Finalizing ESMF
20250508 234553.548 INFO             PET1 !!!!!!!!!!!!!!!!!!!!!!!!!!!!!!!!!!!!!!!!!!!!!!!!!!!!!!
20250508 234553.548 INFO             PET1 !!! THE ESMF_LOG IS SET TO OUTPUT ALL LOG MESSAGES !!!
20250508 234553.548 INFO             PET1 !!!     THIS MAY CAUSE SLOWDOWN IN PERFORMANCE     !!!
20250508 234553.548 INFO             PET1 !!! FOR PRODUCTION RUNS, USE:                      !!!
20250508 234553.548 INFO             PET1 !!!                   ESMF_LOGKIND_Multi_On_Error  !!!
20250508 234553.548 INFO             PET1 !!!!!!!!!!!!!!!!!!!!!!!!!!!!!!!!!!!!!!!!!!!!!!!!!!!!!!
20250508 234553.548 INFO             PET1 Running with ESMF Version   : v8.9.0b08-9-gea72ab2180
20250508 234553.548 INFO             PET1 ESMF library build date/time: "May  8 2025" "22:42:14"
20250508 234553.548 INFO             PET1 ESMF library build location : /discover/nobackup/projects/gmao/SIteam/ESMF_Testing/intel_2021.13.0-mvapich_mvapich_g_develop/esmf
20250508 234553.548 INFO             PET1 ESMF_COMM                   : mvapich
20250508 234553.549 INFO             PET1 ESMF_MOAB                   : enabled
20250508 234553.549 INFO             PET1 ESMF_LAPACK                 : enabled
20250508 234553.549 INFO             PET1 ESMF_NETCDF                 : disabled
20250508 234553.549 INFO             PET1 ESMF_PNETCDF                : disabled
20250508 234553.549 INFO             PET1 ESMF_PIO                    : disabled
20250508 234553.549 INFO             PET1 ESMF_YAMLCPP                : enabled
20250508 234553.553 INFO             PET1 =============================================
20250508 234553.553 INFO             PET1 ESMX (Earth System Model eXecutable) STARTING
20250508 234553.553 INFO             PET1 =============================================
20250508 234553.565 INFO             PET1 ESMX_Driver: InitializeGeneric intro.
20250508 234553.565 INFO             PET1   >>>ESMX_Driver: entered Initialize (phase=<none>) without valid internal Clock.
20250508 234553.565 INFO             PET1   ESMX_Driver: InitializeP0 intro.
20250508 234553.565 INFO             PET1     >>>ESMX_Driver: entered Initialize (phase=<none>) without valid internal Clock.
20250508 234553.565 INFO             PET1     <<<ESMX_Driver: leaving Initialize (phase=<none>) without valid internal Clock.
20250508 234553.565 INFO             PET1   ESMX_Driver: InitializeP0 extro.
20250508 234553.565 INFO             PET1   ESMX_Driver: InitializeIPDv02p1 intro.
20250508 234553.566 INFO             PET1     >>>ESMX_Driver: entered Initialize (phase=<none>) without valid internal Clock.
20250508 234553.572 INFO             PET1     ESMX_Driver - Creating model component MDL without petList.
20250508 234553.573 DEBUG            PET1     Generic SetVM() is executing for: MDL
20250508 234553.573 DEBUG            PET1     Generic SetVM() found no NUOPC Hint for: MDL
20250508 234553.573 DEBUG            PET1     Generic SetVM() therefore is NOT calling ESMF_GridCompSetVMMaxPEs() for: MDL
20250508 234553.584 INFO             PET1     ESMX_Driver: IInitAdvertise intro.
20250508 234553.584 INFO             PET1       >>>ESMX_Driver: entered Initialize (phase=<none>) with current time: 2012 10 24 18  0  0   0
20250508 234553.584 INFO             PET1       <<<ESMX_Driver: leaving Initialize (phase=<none>) with current time: 2012 10 24 18  0  0   0
20250508 234553.584 INFO             PET1     ESMX_Driver: IInitAdvertise extro.
20250508 234553.584 INFO             PET1     Message from inside C component Advertise() method
20250508 234553.585 INFO             PET1     ESMX_Driver: IInitAdvertiseFinish intro.
20250508 234553.586 INFO             PET1       >>>ESMX_Driver: entered Initialize (phase=<none>) with current time: 2012 10 24 18  0  0   0
20250508 234553.586 INFO             PET1       <<<ESMX_Driver: leaving Initialize (phase=<none>) with current time: 2012 10 24 18  0  0   0
20250508 234553.586 INFO             PET1     ESMX_Driver: IInitAdvertiseFinish extro.
20250508 234553.587 INFO             PET1     ESMX_Driver: IInitModifyCplLists intro.
20250508 234553.587 INFO             PET1       >>>ESMX_Driver: entered Initialize (phase=<none>) with current time: 2012 10 24 18  0  0   0
20250508 234553.587 INFO             PET1       <<<ESMX_Driver: leaving Initialize (phase=<none>) with current time: 2012 10 24 18  0  0   0
20250508 234553.587 INFO             PET1     ESMX_Driver: IInitModifyCplLists extro.
20250508 234553.587 INFO             PET1     <<<ESMX_Driver: leaving Initialize (phase=<none>) with current time: 2012 10 24 18  0  0   0
20250508 234553.587 INFO             PET1   ESMX_Driver: InitializeIPDv02p1 extro.
20250508 234553.588 INFO             PET1   ESMX_Driver: InitializeIPDv02p3 intro.
20250508 234553.588 INFO             PET1     >>>ESMX_Driver: entered Initialize (phase=<none>) with current time: 2012 10 24 18  0  0   0
20250508 234553.588 INFO             PET1     ESMX_Driver: IInitCheck intro.
20250508 234553.588 INFO             PET1       >>>ESMX_Driver: entered Initialize (phase=<none>) with current time: 2012 10 24 18  0  0   0
20250508 234553.588 INFO             PET1       <<<ESMX_Driver: leaving Initialize (phase=<none>) with current time: 2012 10 24 18  0  0   0
20250508 234553.588 INFO             PET1     ESMX_Driver: IInitCheck extro.
20250508 234553.589 INFO             PET1     ESMX_Driver: IInitRealize intro.
20250508 234553.589 INFO             PET1       >>>ESMX_Driver: entered Initialize (phase=<none>) with current time: 2012 10 24 18  0  0   0
20250508 234553.589 INFO             PET1       <<<ESMX_Driver: leaving Initialize (phase=<none>) with current time: 2012 10 24 18  0  0   0
20250508 234553.589 INFO             PET1     ESMX_Driver: IInitRealize extro.
20250508 234553.590 INFO             PET1     <<<ESMX_Driver: leaving Initialize (phase=<none>) with current time: 2012 10 24 18  0  0   0
20250508 234553.590 INFO             PET1   ESMX_Driver: InitializeIPDv02p3 extro.
20250508 234553.590 INFO             PET1   ESMX_Driver: InitializeIPDv02p5 intro.
20250508 234553.590 INFO             PET1     >>>ESMX_Driver: entered Initialize (phase=<none>) with current time: 2012 10 24 18  0  0   0
20250508 234553.590 INFO             PET1     ESMX_Driver: InitializeIPDv02p5Data intro.
20250508 234553.590 INFO             PET1       >>>ESMX_Driver: entered Initialize (phase=<none>) with current time: 2012 10 24 18  0  0   0
20250508 234553.591 INFO             PET1       ESMX_Driver: InternalInitializeComplete intro.
20250508 234553.591 INFO             PET1         >>>ESMX_Driver: entered Initialize (phase=<none>) with current time: 2012 10 24 18  0  0   0
20250508 234553.591 INFO             PET1         <<<ESMX_Driver: leaving Initialize (phase=<none>) with current time: 2012 10 24 18  0  0   0
20250508 234553.591 INFO             PET1       ESMX_Driver: InternalInitializeComplete extro.
20250508 234553.592 INFO             PET1       ESMX_Driver: loopDataDependentInitialize intro.
20250508 234553.592 INFO             PET1         >>>ESMX_Driver: entered Initialize (phase=<none>) with current time: 2012 10 24 18  0  0   0
20250508 234553.593 INFO             PET1         <<<ESMX_Driver: leaving Initialize (phase=<none>) with current time: 2012 10 24 18  0  0   0
20250508 234553.593 INFO             PET1       ESMX_Driver: loopDataDependentInitialize extro.
20250508 234553.593 INFO             PET1       <<<ESMX_Driver: leaving Initialize (phase=<none>) with current time: 2012 10 24 18  0  0   0
20250508 234553.593 INFO             PET1     ESMX_Driver: InitializeIPDv02p5Data extro.
20250508 234553.593 INFO             PET1     <<<ESMX_Driver: leaving Initialize (phase=<none>) with current time: 2012 10 24 18  0  0   0
20250508 234553.593 INFO             PET1   ESMX_Driver: InitializeIPDv02p5 extro.
20250508 234553.593 INFO             PET1   <<<ESMX_Driver: leaving Initialize (phase=<none>) with current time: 2012 10 24 18  0  0   0
20250508 234553.593 INFO             PET1 ESMX_Driver: InitializeGeneric extro.
20250508 234553.594 INFO             PET1 ESMX_Driver: Run intro.
20250508 234553.594 INFO             PET1   >>>ESMX_Driver: entered Run (phase=RunPhase1) with current time: 2012 10 24 18  0  0   0
20250508 234553.594 INFO             PET1   Message from inside C component Advance() method
20250508 234553.595 INFO             PET1   <<<ESMX_Driver: leaving Run (phase=RunPhase1) with current time: 2012 10 24 19  0  0   0
20250508 234553.595 INFO             PET1 ESMX_Driver: Run extro.
20250508 234553.595 INFO             PET1 ESMX_Driver: Finalize intro.
20250508 234553.595 INFO             PET1   >>>ESMX_Driver: entered Finalize (phase=FinalizePhase1) with current time: 2012 10 24 19  0  0   0
20250508 234553.595 INFO             PET1   Calling Finalize phase 1 for modelComp: MDL
20250508 234553.595 INFO             PET1   Delete modelComp: MDL
20250508 234553.595 INFO             PET1   <<<ESMX_Driver: leaving Finalize (phase=FinalizePhase1) with current time: 2012 10 24 19  0  0   0
20250508 234553.596 INFO             PET1 ESMX_Driver: Finalize extro.
20250508 234553.596 INFO             PET1 =============================================
20250508 234553.596 INFO             PET1 ESMX (Earth System Model eXecutable) FINISHED
20250508 234553.596 INFO             PET1 =============================================
20250508 234553.596 INFO             PET1  Finalizing ESMF
20250508 234553.548 INFO             PET2 !!!!!!!!!!!!!!!!!!!!!!!!!!!!!!!!!!!!!!!!!!!!!!!!!!!!!!
20250508 234553.548 INFO             PET2 !!! THE ESMF_LOG IS SET TO OUTPUT ALL LOG MESSAGES !!!
20250508 234553.548 INFO             PET2 !!!     THIS MAY CAUSE SLOWDOWN IN PERFORMANCE     !!!
20250508 234553.548 INFO             PET2 !!! FOR PRODUCTION RUNS, USE:                      !!!
20250508 234553.548 INFO             PET2 !!!                   ESMF_LOGKIND_Multi_On_Error  !!!
20250508 234553.548 INFO             PET2 !!!!!!!!!!!!!!!!!!!!!!!!!!!!!!!!!!!!!!!!!!!!!!!!!!!!!!
20250508 234553.548 INFO             PET2 Running with ESMF Version   : v8.9.0b08-9-gea72ab2180
20250508 234553.548 INFO             PET2 ESMF library build date/time: "May  8 2025" "22:42:14"
20250508 234553.548 INFO             PET2 ESMF library build location : /discover/nobackup/projects/gmao/SIteam/ESMF_Testing/intel_2021.13.0-mvapich_mvapich_g_develop/esmf
20250508 234553.548 INFO             PET2 ESMF_COMM                   : mvapich
20250508 234553.548 INFO             PET2 ESMF_MOAB                   : enabled
20250508 234553.548 INFO             PET2 ESMF_LAPACK                 : enabled
20250508 234553.548 INFO             PET2 ESMF_NETCDF                 : disabled
20250508 234553.548 INFO             PET2 ESMF_PNETCDF                : disabled
20250508 234553.548 INFO             PET2 ESMF_PIO                    : disabled
20250508 234553.548 INFO             PET2 ESMF_YAMLCPP                : enabled
20250508 234553.553 INFO             PET2 =============================================
20250508 234553.553 INFO             PET2 ESMX (Earth System Model eXecutable) STARTING
20250508 234553.553 INFO             PET2 =============================================
20250508 234553.565 INFO             PET2 ESMX_Driver: InitializeGeneric intro.
20250508 234553.565 INFO             PET2   >>>ESMX_Driver: entered Initialize (phase=<none>) without valid internal Clock.
20250508 234553.565 INFO             PET2   ESMX_Driver: InitializeP0 intro.
20250508 234553.565 INFO             PET2     >>>ESMX_Driver: entered Initialize (phase=<none>) without valid internal Clock.
20250508 234553.565 INFO             PET2     <<<ESMX_Driver: leaving Initialize (phase=<none>) without valid internal Clock.
20250508 234553.565 INFO             PET2   ESMX_Driver: InitializeP0 extro.
20250508 234553.565 INFO             PET2   ESMX_Driver: InitializeIPDv02p1 intro.
20250508 234553.566 INFO             PET2     >>>ESMX_Driver: entered Initialize (phase=<none>) without valid internal Clock.
20250508 234553.572 INFO             PET2     ESMX_Driver - Creating model component MDL without petList.
20250508 234553.573 DEBUG            PET2     Generic SetVM() is executing for: MDL
20250508 234553.573 DEBUG            PET2     Generic SetVM() found no NUOPC Hint for: MDL
20250508 234553.573 DEBUG            PET2     Generic SetVM() therefore is NOT calling ESMF_GridCompSetVMMaxPEs() for: MDL
20250508 234553.584 INFO             PET2     ESMX_Driver: IInitAdvertise intro.
20250508 234553.584 INFO             PET2       >>>ESMX_Driver: entered Initialize (phase=<none>) with current time: 2012 10 24 18  0  0   0
20250508 234553.584 INFO             PET2       <<<ESMX_Driver: leaving Initialize (phase=<none>) with current time: 2012 10 24 18  0  0   0
20250508 234553.584 INFO             PET2     ESMX_Driver: IInitAdvertise extro.
20250508 234553.584 INFO             PET2     Message from inside C component Advertise() method
20250508 234553.585 INFO             PET2     ESMX_Driver: IInitAdvertiseFinish intro.
20250508 234553.586 INFO             PET2       >>>ESMX_Driver: entered Initialize (phase=<none>) with current time: 2012 10 24 18  0  0   0
20250508 234553.586 INFO             PET2       <<<ESMX_Driver: leaving Initialize (phase=<none>) with current time: 2012 10 24 18  0  0   0
20250508 234553.586 INFO             PET2     ESMX_Driver: IInitAdvertiseFinish extro.
20250508 234553.587 INFO             PET2     ESMX_Driver: IInitModifyCplLists intro.
20250508 234553.587 INFO             PET2       >>>ESMX_Driver: entered Initialize (phase=<none>) with current time: 2012 10 24 18  0  0   0
20250508 234553.587 INFO             PET2       <<<ESMX_Driver: leaving Initialize (phase=<none>) with current time: 2012 10 24 18  0  0   0
20250508 234553.587 INFO             PET2     ESMX_Driver: IInitModifyCplLists extro.
20250508 234553.587 INFO             PET2     <<<ESMX_Driver: leaving Initialize (phase=<none>) with current time: 2012 10 24 18  0  0   0
20250508 234553.587 INFO             PET2   ESMX_Driver: InitializeIPDv02p1 extro.
20250508 234553.587 INFO             PET2   ESMX_Driver: InitializeIPDv02p3 intro.
20250508 234553.588 INFO             PET2     >>>ESMX_Driver: entered Initialize (phase=<none>) with current time: 2012 10 24 18  0  0   0
20250508 234553.588 INFO             PET2     ESMX_Driver: IInitCheck intro.
20250508 234553.588 INFO             PET2       >>>ESMX_Driver: entered Initialize (phase=<none>) with current time: 2012 10 24 18  0  0   0
20250508 234553.588 INFO             PET2       <<<ESMX_Driver: leaving Initialize (phase=<none>) with current time: 2012 10 24 18  0  0   0
20250508 234553.588 INFO             PET2     ESMX_Driver: IInitCheck extro.
20250508 234553.589 INFO             PET2     ESMX_Driver: IInitRealize intro.
20250508 234553.589 INFO             PET2       >>>ESMX_Driver: entered Initialize (phase=<none>) with current time: 2012 10 24 18  0  0   0
20250508 234553.589 INFO             PET2       <<<ESMX_Driver: leaving Initialize (phase=<none>) with current time: 2012 10 24 18  0  0   0
20250508 234553.589 INFO             PET2     ESMX_Driver: IInitRealize extro.
20250508 234553.590 INFO             PET2     <<<ESMX_Driver: leaving Initialize (phase=<none>) with current time: 2012 10 24 18  0  0   0
20250508 234553.590 INFO             PET2   ESMX_Driver: InitializeIPDv02p3 extro.
20250508 234553.590 INFO             PET2   ESMX_Driver: InitializeIPDv02p5 intro.
20250508 234553.590 INFO             PET2     >>>ESMX_Driver: entered Initialize (phase=<none>) with current time: 2012 10 24 18  0  0   0
20250508 234553.590 INFO             PET2     ESMX_Driver: InitializeIPDv02p5Data intro.
20250508 234553.590 INFO             PET2       >>>ESMX_Driver: entered Initialize (phase=<none>) with current time: 2012 10 24 18  0  0   0
20250508 234553.591 INFO             PET2       ESMX_Driver: InternalInitializeComplete intro.
20250508 234553.591 INFO             PET2         >>>ESMX_Driver: entered Initialize (phase=<none>) with current time: 2012 10 24 18  0  0   0
20250508 234553.591 INFO             PET2         <<<ESMX_Driver: leaving Initialize (phase=<none>) with current time: 2012 10 24 18  0  0   0
20250508 234553.591 INFO             PET2       ESMX_Driver: InternalInitializeComplete extro.
20250508 234553.592 INFO             PET2       ESMX_Driver: loopDataDependentInitialize intro.
20250508 234553.592 INFO             PET2         >>>ESMX_Driver: entered Initialize (phase=<none>) with current time: 2012 10 24 18  0  0   0
20250508 234553.593 INFO             PET2         <<<ESMX_Driver: leaving Initialize (phase=<none>) with current time: 2012 10 24 18  0  0   0
20250508 234553.593 INFO             PET2       ESMX_Driver: loopDataDependentInitialize extro.
20250508 234553.593 INFO             PET2       <<<ESMX_Driver: leaving Initialize (phase=<none>) with current time: 2012 10 24 18  0  0   0
20250508 234553.593 INFO             PET2     ESMX_Driver: InitializeIPDv02p5Data extro.
20250508 234553.593 INFO             PET2     <<<ESMX_Driver: leaving Initialize (phase=<none>) with current time: 2012 10 24 18  0  0   0
20250508 234553.593 INFO             PET2   ESMX_Driver: InitializeIPDv02p5 extro.
20250508 234553.593 INFO             PET2   <<<ESMX_Driver: leaving Initialize (phase=<none>) with current time: 2012 10 24 18  0  0   0
20250508 234553.593 INFO             PET2 ESMX_Driver: InitializeGeneric extro.
20250508 234553.594 INFO             PET2 ESMX_Driver: Run intro.
20250508 234553.594 INFO             PET2   >>>ESMX_Driver: entered Run (phase=RunPhase1) with current time: 2012 10 24 18  0  0   0
20250508 234553.594 INFO             PET2   Message from inside C component Advance() method
20250508 234553.595 INFO             PET2   <<<ESMX_Driver: leaving Run (phase=RunPhase1) with current time: 2012 10 24 19  0  0   0
20250508 234553.595 INFO             PET2 ESMX_Driver: Run extro.
20250508 234553.595 INFO             PET2 ESMX_Driver: Finalize intro.
20250508 234553.595 INFO             PET2   >>>ESMX_Driver: entered Finalize (phase=FinalizePhase1) with current time: 2012 10 24 19  0  0   0
20250508 234553.595 INFO             PET2   Calling Finalize phase 1 for modelComp: MDL
20250508 234553.595 INFO             PET2   Delete modelComp: MDL
20250508 234553.595 INFO             PET2   <<<ESMX_Driver: leaving Finalize (phase=FinalizePhase1) with current time: 2012 10 24 19  0  0   0
20250508 234553.596 INFO             PET2 ESMX_Driver: Finalize extro.
20250508 234553.596 INFO             PET2 =============================================
20250508 234553.596 INFO             PET2 ESMX (Earth System Model eXecutable) FINISHED
20250508 234553.596 INFO             PET2 =============================================
20250508 234553.596 INFO             PET2  Finalizing ESMF
20250508 234553.548 INFO             PET3 !!!!!!!!!!!!!!!!!!!!!!!!!!!!!!!!!!!!!!!!!!!!!!!!!!!!!!
20250508 234553.548 INFO             PET3 !!! THE ESMF_LOG IS SET TO OUTPUT ALL LOG MESSAGES !!!
20250508 234553.548 INFO             PET3 !!!     THIS MAY CAUSE SLOWDOWN IN PERFORMANCE     !!!
20250508 234553.548 INFO             PET3 !!! FOR PRODUCTION RUNS, USE:                      !!!
20250508 234553.548 INFO             PET3 !!!                   ESMF_LOGKIND_Multi_On_Error  !!!
20250508 234553.548 INFO             PET3 !!!!!!!!!!!!!!!!!!!!!!!!!!!!!!!!!!!!!!!!!!!!!!!!!!!!!!
20250508 234553.548 INFO             PET3 Running with ESMF Version   : v8.9.0b08-9-gea72ab2180
20250508 234553.548 INFO             PET3 ESMF library build date/time: "May  8 2025" "22:42:14"
20250508 234553.548 INFO             PET3 ESMF library build location : /discover/nobackup/projects/gmao/SIteam/ESMF_Testing/intel_2021.13.0-mvapich_mvapich_g_develop/esmf
20250508 234553.548 INFO             PET3 ESMF_COMM                   : mvapich
20250508 234553.548 INFO             PET3 ESMF_MOAB                   : enabled
20250508 234553.548 INFO             PET3 ESMF_LAPACK                 : enabled
20250508 234553.548 INFO             PET3 ESMF_NETCDF                 : disabled
20250508 234553.548 INFO             PET3 ESMF_PNETCDF                : disabled
20250508 234553.548 INFO             PET3 ESMF_PIO                    : disabled
20250508 234553.548 INFO             PET3 ESMF_YAMLCPP                : enabled
20250508 234553.553 INFO             PET3 =============================================
20250508 234553.553 INFO             PET3 ESMX (Earth System Model eXecutable) STARTING
20250508 234553.553 INFO             PET3 =============================================
20250508 234553.565 INFO             PET3 ESMX_Driver: InitializeGeneric intro.
20250508 234553.565 INFO             PET3   >>>ESMX_Driver: entered Initialize (phase=<none>) without valid internal Clock.
20250508 234553.565 INFO             PET3   ESMX_Driver: InitializeP0 intro.
20250508 234553.565 INFO             PET3     >>>ESMX_Driver: entered Initialize (phase=<none>) without valid internal Clock.
20250508 234553.565 INFO             PET3     <<<ESMX_Driver: leaving Initialize (phase=<none>) without valid internal Clock.
20250508 234553.565 INFO             PET3   ESMX_Driver: InitializeP0 extro.
20250508 234553.565 INFO             PET3   ESMX_Driver: InitializeIPDv02p1 intro.
20250508 234553.566 INFO             PET3     >>>ESMX_Driver: entered Initialize (phase=<none>) without valid internal Clock.
20250508 234553.572 INFO             PET3     ESMX_Driver - Creating model component MDL without petList.
20250508 234553.573 DEBUG            PET3     Generic SetVM() is executing for: MDL
20250508 234553.573 DEBUG            PET3     Generic SetVM() found no NUOPC Hint for: MDL
20250508 234553.573 DEBUG            PET3     Generic SetVM() therefore is NOT calling ESMF_GridCompSetVMMaxPEs() for: MDL
20250508 234553.584 INFO             PET3     ESMX_Driver: IInitAdvertise intro.
20250508 234553.584 INFO             PET3       >>>ESMX_Driver: entered Initialize (phase=<none>) with current time: 2012 10 24 18  0  0   0
20250508 234553.584 INFO             PET3       <<<ESMX_Driver: leaving Initialize (phase=<none>) with current time: 2012 10 24 18  0  0   0
20250508 234553.584 INFO             PET3     ESMX_Driver: IInitAdvertise extro.
20250508 234553.584 INFO             PET3     Message from inside C component Advertise() method
20250508 234553.585 INFO             PET3     ESMX_Driver: IInitAdvertiseFinish intro.
20250508 234553.586 INFO             PET3       >>>ESMX_Driver: entered Initialize (phase=<none>) with current time: 2012 10 24 18  0  0   0
20250508 234553.586 INFO             PET3       <<<ESMX_Driver: leaving Initialize (phase=<none>) with current time: 2012 10 24 18  0  0   0
20250508 234553.586 INFO             PET3     ESMX_Driver: IInitAdvertiseFinish extro.
20250508 234553.587 INFO             PET3     ESMX_Driver: IInitModifyCplLists intro.
20250508 234553.587 INFO             PET3       >>>ESMX_Driver: entered Initialize (phase=<none>) with current time: 2012 10 24 18  0  0   0
20250508 234553.587 INFO             PET3       <<<ESMX_Driver: leaving Initialize (phase=<none>) with current time: 2012 10 24 18  0  0   0
20250508 234553.587 INFO             PET3     ESMX_Driver: IInitModifyCplLists extro.
20250508 234553.587 INFO             PET3     <<<ESMX_Driver: leaving Initialize (phase=<none>) with current time: 2012 10 24 18  0  0   0
20250508 234553.587 INFO             PET3   ESMX_Driver: InitializeIPDv02p1 extro.
20250508 234553.587 INFO             PET3   ESMX_Driver: InitializeIPDv02p3 intro.
20250508 234553.588 INFO             PET3     >>>ESMX_Driver: entered Initialize (phase=<none>) with current time: 2012 10 24 18  0  0   0
20250508 234553.588 INFO             PET3     ESMX_Driver: IInitCheck intro.
20250508 234553.588 INFO             PET3       >>>ESMX_Driver: entered Initialize (phase=<none>) with current time: 2012 10 24 18  0  0   0
20250508 234553.588 INFO             PET3       <<<ESMX_Driver: leaving Initialize (phase=<none>) with current time: 2012 10 24 18  0  0   0
20250508 234553.588 INFO             PET3     ESMX_Driver: IInitCheck extro.
20250508 234553.589 INFO             PET3     ESMX_Driver: IInitRealize intro.
20250508 234553.589 INFO             PET3       >>>ESMX_Driver: entered Initialize (phase=<none>) with current time: 2012 10 24 18  0  0   0
20250508 234553.589 INFO             PET3       <<<ESMX_Driver: leaving Initialize (phase=<none>) with current time: 2012 10 24 18  0  0   0
20250508 234553.589 INFO             PET3     ESMX_Driver: IInitRealize extro.
20250508 234553.590 INFO             PET3     <<<ESMX_Driver: leaving Initialize (phase=<none>) with current time: 2012 10 24 18  0  0   0
20250508 234553.590 INFO             PET3   ESMX_Driver: InitializeIPDv02p3 extro.
20250508 234553.590 INFO             PET3   ESMX_Driver: InitializeIPDv02p5 intro.
20250508 234553.590 INFO             PET3     >>>ESMX_Driver: entered Initialize (phase=<none>) with current time: 2012 10 24 18  0  0   0
20250508 234553.590 INFO             PET3     ESMX_Driver: InitializeIPDv02p5Data intro.
20250508 234553.590 INFO             PET3       >>>ESMX_Driver: entered Initialize (phase=<none>) with current time: 2012 10 24 18  0  0   0
20250508 234553.591 INFO             PET3       ESMX_Driver: InternalInitializeComplete intro.
20250508 234553.591 INFO             PET3         >>>ESMX_Driver: entered Initialize (phase=<none>) with current time: 2012 10 24 18  0  0   0
20250508 234553.591 INFO             PET3         <<<ESMX_Driver: leaving Initialize (phase=<none>) with current time: 2012 10 24 18  0  0   0
20250508 234553.591 INFO             PET3       ESMX_Driver: InternalInitializeComplete extro.
20250508 234553.592 INFO             PET3       ESMX_Driver: loopDataDependentInitialize intro.
20250508 234553.592 INFO             PET3         >>>ESMX_Driver: entered Initialize (phase=<none>) with current time: 2012 10 24 18  0  0   0
20250508 234553.593 INFO             PET3         <<<ESMX_Driver: leaving Initialize (phase=<none>) with current time: 2012 10 24 18  0  0   0
20250508 234553.593 INFO             PET3       ESMX_Driver: loopDataDependentInitialize extro.
20250508 234553.593 INFO             PET3       <<<ESMX_Driver: leaving Initialize (phase=<none>) with current time: 2012 10 24 18  0  0   0
20250508 234553.593 INFO             PET3     ESMX_Driver: InitializeIPDv02p5Data extro.
20250508 234553.593 INFO             PET3     <<<ESMX_Driver: leaving Initialize (phase=<none>) with current time: 2012 10 24 18  0  0   0
20250508 234553.593 INFO             PET3   ESMX_Driver: InitializeIPDv02p5 extro.
20250508 234553.593 INFO             PET3   <<<ESMX_Driver: leaving Initialize (phase=<none>) with current time: 2012 10 24 18  0  0   0
20250508 234553.593 INFO             PET3 ESMX_Driver: InitializeGeneric extro.
20250508 234553.594 INFO             PET3 ESMX_Driver: Run intro.
20250508 234553.594 INFO             PET3   >>>ESMX_Driver: entered Run (phase=RunPhase1) with current time: 2012 10 24 18  0  0   0
20250508 234553.594 INFO             PET3   Message from inside C component Advance() method
20250508 234553.595 INFO             PET3   <<<ESMX_Driver: leaving Run (phase=RunPhase1) with current time: 2012 10 24 19  0  0   0
20250508 234553.595 INFO             PET3 ESMX_Driver: Run extro.
20250508 234553.595 INFO             PET3 ESMX_Driver: Finalize intro.
20250508 234553.595 INFO             PET3   >>>ESMX_Driver: entered Finalize (phase=FinalizePhase1) with current time: 2012 10 24 19  0  0   0
20250508 234553.595 INFO             PET3   Calling Finalize phase 1 for modelComp: MDL
20250508 234553.595 INFO             PET3   Delete modelComp: MDL
20250508 234553.595 INFO             PET3   <<<ESMX_Driver: leaving Finalize (phase=FinalizePhase1) with current time: 2012 10 24 19  0  0   0
20250508 234553.596 INFO             PET3 ESMX_Driver: Finalize extro.
20250508 234553.596 INFO             PET3 =============================================
20250508 234553.596 INFO             PET3 ESMX (Earth System Model eXecutable) FINISHED
20250508 234553.596 INFO             PET3 =============================================
20250508 234553.596 INFO             PET3  Finalizing ESMF
