2025-05-08 22:45:13
20250508 234522.194 INFO             PET0 !!!!!!!!!!!!!!!!!!!!!!!!!!!!!!!!!!!!!!!!!!!!!!!!!!!!!!
20250508 234522.194 INFO             PET0 !!! THE ESMF_LOG IS SET TO OUTPUT ALL LOG MESSAGES !!!
20250508 234522.194 INFO             PET0 !!!     THIS MAY CAUSE SLOWDOWN IN PERFORMANCE     !!!
20250508 234522.194 INFO             PET0 !!! FOR PRODUCTION RUNS, USE:                      !!!
20250508 234522.194 INFO             PET0 !!!                   ESMF_LOGKIND_Multi_On_Error  !!!
20250508 234522.194 INFO             PET0 !!!!!!!!!!!!!!!!!!!!!!!!!!!!!!!!!!!!!!!!!!!!!!!!!!!!!!
20250508 234522.194 INFO             PET0 Running with ESMF Version   : v8.9.0b08-9-gea72ab2180
20250508 234522.194 INFO             PET0 ESMF library build date/time: "May  8 2025" "22:42:14"
20250508 234522.194 INFO             PET0 ESMF library build location : /discover/nobackup/projects/gmao/SIteam/ESMF_Testing/intel_2021.13.0-mvapich_mvapich_g_develop/esmf
20250508 234522.194 INFO             PET0 ESMF_COMM                   : mvapich
20250508 234522.194 INFO             PET0 ESMF_MOAB                   : enabled
20250508 234522.194 INFO             PET0 ESMF_LAPACK                 : enabled
20250508 234522.194 INFO             PET0 ESMF_NETCDF                 : disabled
20250508 234522.194 INFO             PET0 ESMF_PNETCDF                : disabled
20250508 234522.194 INFO             PET0 ESMF_PIO                    : disabled
20250508 234522.194 INFO             PET0 ESMF_YAMLCPP                : enabled
20250508 234522.199 INFO             PET0 =============================================
20250508 234522.199 INFO             PET0 ESMX (Earth System Model eXecutable) STARTING
20250508 234522.199 INFO             PET0 =============================================
20250508 234522.209 INFO             PET0 ESMX_Driver: InitializeGeneric intro.
20250508 234522.209 INFO             PET0   >>>ESMX_Driver: entered Initialize (phase=<none>) without valid internal Clock.
20250508 234522.210 INFO             PET0   ESMX_Driver: InitializeP0 intro.
20250508 234522.210 INFO             PET0     >>>ESMX_Driver: entered Initialize (phase=<none>) without valid internal Clock.
20250508 234522.210 INFO             PET0     <<<ESMX_Driver: leaving Initialize (phase=<none>) without valid internal Clock.
20250508 234522.210 INFO             PET0   ESMX_Driver: InitializeP0 extro.
20250508 234522.210 INFO             PET0   ESMX_Driver: InitializeIPDv02p1 intro.
20250508 234522.210 INFO             PET0     >>>ESMX_Driver: entered Initialize (phase=<none>) without valid internal Clock.
20250508 234522.216 INFO             PET0     ESMX_Driver: IInitAdvertise intro.
20250508 234522.216 INFO             PET0       >>>ESMX_Driver: entered Initialize (phase=<none>) with current time: 2012 10 24  8  0  0   0
20250508 234522.216 INFO             PET0       <<<ESMX_Driver: leaving Initialize (phase=<none>) with current time: 2012 10 24  8  0  0   0
20250508 234522.216 INFO             PET0     ESMX_Driver: IInitAdvertise extro.
20250508 234522.216 INFO             PET0     ESMX_Driver: IInitAdvertiseFinish intro.
20250508 234522.216 INFO             PET0       >>>ESMX_Driver: entered Initialize (phase=<none>) with current time: 2012 10 24  8  0  0   0
20250508 234522.217 INFO             PET0       <<<ESMX_Driver: leaving Initialize (phase=<none>) with current time: 2012 10 24  8  0  0   0
20250508 234522.217 INFO             PET0     ESMX_Driver: IInitAdvertiseFinish extro.
20250508 234522.217 INFO             PET0     ESMX_Driver: IInitModifyCplLists intro.
20250508 234522.217 INFO             PET0       >>>ESMX_Driver: entered Initialize (phase=<none>) with current time: 2012 10 24  8  0  0   0
20250508 234522.217 INFO             PET0       <<<ESMX_Driver: leaving Initialize (phase=<none>) with current time: 2012 10 24  8  0  0   0
20250508 234522.217 INFO             PET0     ESMX_Driver: IInitModifyCplLists extro.
20250508 234522.218 INFO             PET0     <<<ESMX_Driver: leaving Initialize (phase=<none>) with current time: 2012 10 24  8  0  0   0
20250508 234522.218 INFO             PET0   ESMX_Driver: InitializeIPDv02p1 extro.
20250508 234522.218 INFO             PET0   ESMX_Driver: InitializeIPDv02p3 intro.
20250508 234522.218 INFO             PET0     >>>ESMX_Driver: entered Initialize (phase=<none>) with current time: 2012 10 24  8  0  0   0
20250508 234522.219 INFO             PET0     ESMX_Driver: IInitCheck intro.
20250508 234522.219 INFO             PET0       >>>ESMX_Driver: entered Initialize (phase=<none>) with current time: 2012 10 24  8  0  0   0
20250508 234522.219 INFO             PET0       <<<ESMX_Driver: leaving Initialize (phase=<none>) with current time: 2012 10 24  8  0  0   0
20250508 234522.219 INFO             PET0     ESMX_Driver: IInitCheck extro.
20250508 234522.219 INFO             PET0     ESMX_Driver: IInitRealize intro.
20250508 234522.220 INFO             PET0       >>>ESMX_Driver: entered Initialize (phase=<none>) with current time: 2012 10 24  8  0  0   0
20250508 234522.220 INFO             PET0       <<<ESMX_Driver: leaving Initialize (phase=<none>) with current time: 2012 10 24  8  0  0   0
20250508 234522.220 INFO             PET0     ESMX_Driver: IInitRealize extro.
20250508 234522.220 INFO             PET0     <<<ESMX_Driver: leaving Initialize (phase=<none>) with current time: 2012 10 24  8  0  0   0
20250508 234522.220 INFO             PET0   ESMX_Driver: InitializeIPDv02p3 extro.
20250508 234522.220 INFO             PET0   ESMX_Driver: InitializeIPDv02p5 intro.
20250508 234522.220 INFO             PET0     >>>ESMX_Driver: entered Initialize (phase=<none>) with current time: 2012 10 24  8  0  0   0
20250508 234522.221 INFO             PET0     ESMX_Driver: InitializeIPDv02p5Data intro.
20250508 234522.221 INFO             PET0       >>>ESMX_Driver: entered Initialize (phase=<none>) with current time: 2012 10 24  8  0  0   0
20250508 234522.221 INFO             PET0       ESMX_Driver: InternalInitializeComplete intro.
20250508 234522.221 INFO             PET0         >>>ESMX_Driver: entered Initialize (phase=<none>) with current time: 2012 10 24  8  0  0   0
20250508 234522.221 INFO             PET0         <<<ESMX_Driver: leaving Initialize (phase=<none>) with current time: 2012 10 24  8  0  0   0
20250508 234522.221 INFO             PET0       ESMX_Driver: InternalInitializeComplete extro.
20250508 234522.222 INFO             PET0       ESMX_Driver: loopDataDependentInitialize intro.
20250508 234522.222 INFO             PET0         >>>ESMX_Driver: entered Initialize (phase=<none>) with current time: 2012 10 24  8  0  0   0
20250508 234522.222 INFO             PET0         <<<ESMX_Driver: leaving Initialize (phase=<none>) with current time: 2012 10 24  8  0  0   0
20250508 234522.222 INFO             PET0       ESMX_Driver: loopDataDependentInitialize extro.
20250508 234522.222 INFO             PET0       <<<ESMX_Driver: leaving Initialize (phase=<none>) with current time: 2012 10 24  8  0  0   0
20250508 234522.222 INFO             PET0     ESMX_Driver: InitializeIPDv02p5Data extro.
20250508 234522.222 INFO             PET0     <<<ESMX_Driver: leaving Initialize (phase=<none>) with current time: 2012 10 24  8  0  0   0
20250508 234522.222 INFO             PET0   ESMX_Driver: InitializeIPDv02p5 extro.
20250508 234522.223 INFO             PET0   <<<ESMX_Driver: leaving Initialize (phase=<none>) with current time: 2012 10 24  8  0  0   0
20250508 234522.223 INFO             PET0 ESMX_Driver: InitializeGeneric extro.
20250508 234522.223 INFO             PET0 ESMX_Driver: Run intro.
20250508 234522.223 INFO             PET0   >>>ESMX_Driver: entered Run (phase=RunPhase1) with current time: 2012 10 24  8  0  0   0
20250508 234522.223 INFO             PET0   <<<ESMX_Driver: leaving Run (phase=RunPhase1) with current time: 2012 10 24  8  0  0   0
20250508 234522.223 INFO             PET0 ESMX_Driver: Run extro.
20250508 234522.223 INFO             PET0 ESMX_Driver: Finalize intro.
20250508 234522.223 INFO             PET0   >>>ESMX_Driver: entered Finalize (phase=FinalizePhase1) with current time: 2012 10 24  8  0  0   0
20250508 234522.224 INFO             PET0   <<<ESMX_Driver: leaving Finalize (phase=FinalizePhase1) with current time: 2012 10 24  8  0  0   0
20250508 234522.224 INFO             PET0 ESMX_Driver: Finalize extro.
20250508 234522.224 INFO             PET0 =============================================
20250508 234522.224 INFO             PET0 ESMX (Earth System Model eXecutable) FINISHED
20250508 234522.224 INFO             PET0 =============================================
20250508 234522.224 INFO             PET0  Finalizing ESMF
20250508 234522.194 INFO             PET1 !!!!!!!!!!!!!!!!!!!!!!!!!!!!!!!!!!!!!!!!!!!!!!!!!!!!!!
20250508 234522.194 INFO             PET1 !!! THE ESMF_LOG IS SET TO OUTPUT ALL LOG MESSAGES !!!
20250508 234522.194 INFO             PET1 !!!     THIS MAY CAUSE SLOWDOWN IN PERFORMANCE     !!!
20250508 234522.194 INFO             PET1 !!! FOR PRODUCTION RUNS, USE:                      !!!
20250508 234522.194 INFO             PET1 !!!                   ESMF_LOGKIND_Multi_On_Error  !!!
20250508 234522.194 INFO             PET1 !!!!!!!!!!!!!!!!!!!!!!!!!!!!!!!!!!!!!!!!!!!!!!!!!!!!!!
20250508 234522.194 INFO             PET1 Running with ESMF Version   : v8.9.0b08-9-gea72ab2180
20250508 234522.194 INFO             PET1 ESMF library build date/time: "May  8 2025" "22:42:14"
20250508 234522.194 INFO             PET1 ESMF library build location : /discover/nobackup/projects/gmao/SIteam/ESMF_Testing/intel_2021.13.0-mvapich_mvapich_g_develop/esmf
20250508 234522.194 INFO             PET1 ESMF_COMM                   : mvapich
20250508 234522.194 INFO             PET1 ESMF_MOAB                   : enabled
20250508 234522.194 INFO             PET1 ESMF_LAPACK                 : enabled
20250508 234522.194 INFO             PET1 ESMF_NETCDF                 : disabled
20250508 234522.194 INFO             PET1 ESMF_PNETCDF                : disabled
20250508 234522.194 INFO             PET1 ESMF_PIO                    : disabled
20250508 234522.194 INFO             PET1 ESMF_YAMLCPP                : enabled
20250508 234522.199 INFO             PET1 =============================================
20250508 234522.199 INFO             PET1 ESMX (Earth System Model eXecutable) STARTING
20250508 234522.199 INFO             PET1 =============================================
20250508 234522.209 INFO             PET1 ESMX_Driver: InitializeGeneric intro.
20250508 234522.209 INFO             PET1   >>>ESMX_Driver: entered Initialize (phase=<none>) without valid internal Clock.
20250508 234522.210 INFO             PET1   ESMX_Driver: InitializeP0 intro.
20250508 234522.210 INFO             PET1     >>>ESMX_Driver: entered Initialize (phase=<none>) without valid internal Clock.
20250508 234522.210 INFO             PET1     <<<ESMX_Driver: leaving Initialize (phase=<none>) without valid internal Clock.
20250508 234522.210 INFO             PET1   ESMX_Driver: InitializeP0 extro.
20250508 234522.210 INFO             PET1   ESMX_Driver: InitializeIPDv02p1 intro.
20250508 234522.210 INFO             PET1     >>>ESMX_Driver: entered Initialize (phase=<none>) without valid internal Clock.
20250508 234522.216 INFO             PET1     ESMX_Driver: IInitAdvertise intro.
20250508 234522.216 INFO             PET1       >>>ESMX_Driver: entered Initialize (phase=<none>) with current time: 2012 10 24  8  0  0   0
20250508 234522.216 INFO             PET1       <<<ESMX_Driver: leaving Initialize (phase=<none>) with current time: 2012 10 24  8  0  0   0
20250508 234522.216 INFO             PET1     ESMX_Driver: IInitAdvertise extro.
20250508 234522.216 INFO             PET1     ESMX_Driver: IInitAdvertiseFinish intro.
20250508 234522.216 INFO             PET1       >>>ESMX_Driver: entered Initialize (phase=<none>) with current time: 2012 10 24  8  0  0   0
20250508 234522.217 INFO             PET1       <<<ESMX_Driver: leaving Initialize (phase=<none>) with current time: 2012 10 24  8  0  0   0
20250508 234522.217 INFO             PET1     ESMX_Driver: IInitAdvertiseFinish extro.
20250508 234522.217 INFO             PET1     ESMX_Driver: IInitModifyCplLists intro.
20250508 234522.217 INFO             PET1       >>>ESMX_Driver: entered Initialize (phase=<none>) with current time: 2012 10 24  8  0  0   0
20250508 234522.217 INFO             PET1       <<<ESMX_Driver: leaving Initialize (phase=<none>) with current time: 2012 10 24  8  0  0   0
20250508 234522.217 INFO             PET1     ESMX_Driver: IInitModifyCplLists extro.
20250508 234522.218 INFO             PET1     <<<ESMX_Driver: leaving Initialize (phase=<none>) with current time: 2012 10 24  8  0  0   0
20250508 234522.218 INFO             PET1   ESMX_Driver: InitializeIPDv02p1 extro.
20250508 234522.218 INFO             PET1   ESMX_Driver: InitializeIPDv02p3 intro.
20250508 234522.218 INFO             PET1     >>>ESMX_Driver: entered Initialize (phase=<none>) with current time: 2012 10 24  8  0  0   0
20250508 234522.219 INFO             PET1     ESMX_Driver: IInitCheck intro.
20250508 234522.219 INFO             PET1       >>>ESMX_Driver: entered Initialize (phase=<none>) with current time: 2012 10 24  8  0  0   0
20250508 234522.219 INFO             PET1       <<<ESMX_Driver: leaving Initialize (phase=<none>) with current time: 2012 10 24  8  0  0   0
20250508 234522.219 INFO             PET1     ESMX_Driver: IInitCheck extro.
20250508 234522.219 INFO             PET1     ESMX_Driver: IInitRealize intro.
20250508 234522.220 INFO             PET1       >>>ESMX_Driver: entered Initialize (phase=<none>) with current time: 2012 10 24  8  0  0   0
20250508 234522.220 INFO             PET1       <<<ESMX_Driver: leaving Initialize (phase=<none>) with current time: 2012 10 24  8  0  0   0
20250508 234522.220 INFO             PET1     ESMX_Driver: IInitRealize extro.
20250508 234522.220 INFO             PET1     <<<ESMX_Driver: leaving Initialize (phase=<none>) with current time: 2012 10 24  8  0  0   0
20250508 234522.220 INFO             PET1   ESMX_Driver: InitializeIPDv02p3 extro.
20250508 234522.220 INFO             PET1   ESMX_Driver: InitializeIPDv02p5 intro.
20250508 234522.220 INFO             PET1     >>>ESMX_Driver: entered Initialize (phase=<none>) with current time: 2012 10 24  8  0  0   0
20250508 234522.221 INFO             PET1     ESMX_Driver: InitializeIPDv02p5Data intro.
20250508 234522.221 INFO             PET1       >>>ESMX_Driver: entered Initialize (phase=<none>) with current time: 2012 10 24  8  0  0   0
20250508 234522.221 INFO             PET1       ESMX_Driver: InternalInitializeComplete intro.
20250508 234522.221 INFO             PET1         >>>ESMX_Driver: entered Initialize (phase=<none>) with current time: 2012 10 24  8  0  0   0
20250508 234522.221 INFO             PET1         <<<ESMX_Driver: leaving Initialize (phase=<none>) with current time: 2012 10 24  8  0  0   0
20250508 234522.221 INFO             PET1       ESMX_Driver: InternalInitializeComplete extro.
20250508 234522.222 INFO             PET1       ESMX_Driver: loopDataDependentInitialize intro.
20250508 234522.222 INFO             PET1         >>>ESMX_Driver: entered Initialize (phase=<none>) with current time: 2012 10 24  8  0  0   0
20250508 234522.222 INFO             PET1         <<<ESMX_Driver: leaving Initialize (phase=<none>) with current time: 2012 10 24  8  0  0   0
20250508 234522.222 INFO             PET1       ESMX_Driver: loopDataDependentInitialize extro.
20250508 234522.222 INFO             PET1       <<<ESMX_Driver: leaving Initialize (phase=<none>) with current time: 2012 10 24  8  0  0   0
20250508 234522.222 INFO             PET1     ESMX_Driver: InitializeIPDv02p5Data extro.
20250508 234522.222 INFO             PET1     <<<ESMX_Driver: leaving Initialize (phase=<none>) with current time: 2012 10 24  8  0  0   0
20250508 234522.222 INFO             PET1   ESMX_Driver: InitializeIPDv02p5 extro.
20250508 234522.223 INFO             PET1   <<<ESMX_Driver: leaving Initialize (phase=<none>) with current time: 2012 10 24  8  0  0   0
20250508 234522.223 INFO             PET1 ESMX_Driver: InitializeGeneric extro.
20250508 234522.223 INFO             PET1 ESMX_Driver: Run intro.
20250508 234522.223 INFO             PET1   >>>ESMX_Driver: entered Run (phase=RunPhase1) with current time: 2012 10 24  8  0  0   0
20250508 234522.223 INFO             PET1   <<<ESMX_Driver: leaving Run (phase=RunPhase1) with current time: 2012 10 24  8  0  0   0
20250508 234522.223 INFO             PET1 ESMX_Driver: Run extro.
20250508 234522.223 INFO             PET1 ESMX_Driver: Finalize intro.
20250508 234522.223 INFO             PET1   >>>ESMX_Driver: entered Finalize (phase=FinalizePhase1) with current time: 2012 10 24  8  0  0   0
20250508 234522.224 INFO             PET1   <<<ESMX_Driver: leaving Finalize (phase=FinalizePhase1) with current time: 2012 10 24  8  0  0   0
20250508 234522.224 INFO             PET1 ESMX_Driver: Finalize extro.
20250508 234522.224 INFO             PET1 =============================================
20250508 234522.224 INFO             PET1 ESMX (Earth System Model eXecutable) FINISHED
20250508 234522.224 INFO             PET1 =============================================
20250508 234522.224 INFO             PET1  Finalizing ESMF
20250508 234522.194 INFO             PET2 !!!!!!!!!!!!!!!!!!!!!!!!!!!!!!!!!!!!!!!!!!!!!!!!!!!!!!
20250508 234522.194 INFO             PET2 !!! THE ESMF_LOG IS SET TO OUTPUT ALL LOG MESSAGES !!!
20250508 234522.194 INFO             PET2 !!!     THIS MAY CAUSE SLOWDOWN IN PERFORMANCE     !!!
20250508 234522.194 INFO             PET2 !!! FOR PRODUCTION RUNS, USE:                      !!!
20250508 234522.194 INFO             PET2 !!!                   ESMF_LOGKIND_Multi_On_Error  !!!
20250508 234522.194 INFO             PET2 !!!!!!!!!!!!!!!!!!!!!!!!!!!!!!!!!!!!!!!!!!!!!!!!!!!!!!
20250508 234522.194 INFO             PET2 Running with ESMF Version   : v8.9.0b08-9-gea72ab2180
20250508 234522.194 INFO             PET2 ESMF library build date/time: "May  8 2025" "22:42:14"
20250508 234522.194 INFO             PET2 ESMF library build location : /discover/nobackup/projects/gmao/SIteam/ESMF_Testing/intel_2021.13.0-mvapich_mvapich_g_develop/esmf
20250508 234522.194 INFO             PET2 ESMF_COMM                   : mvapich
20250508 234522.194 INFO             PET2 ESMF_MOAB                   : enabled
20250508 234522.194 INFO             PET2 ESMF_LAPACK                 : enabled
20250508 234522.194 INFO             PET2 ESMF_NETCDF                 : disabled
20250508 234522.194 INFO             PET2 ESMF_PNETCDF                : disabled
20250508 234522.194 INFO             PET2 ESMF_PIO                    : disabled
20250508 234522.194 INFO             PET2 ESMF_YAMLCPP                : enabled
20250508 234522.199 INFO             PET2 =============================================
20250508 234522.199 INFO             PET2 ESMX (Earth System Model eXecutable) STARTING
20250508 234522.199 INFO             PET2 =============================================
20250508 234522.209 INFO             PET2 ESMX_Driver: InitializeGeneric intro.
20250508 234522.209 INFO             PET2   >>>ESMX_Driver: entered Initialize (phase=<none>) without valid internal Clock.
20250508 234522.210 INFO             PET2   ESMX_Driver: InitializeP0 intro.
20250508 234522.210 INFO             PET2     >>>ESMX_Driver: entered Initialize (phase=<none>) without valid internal Clock.
20250508 234522.210 INFO             PET2     <<<ESMX_Driver: leaving Initialize (phase=<none>) without valid internal Clock.
20250508 234522.210 INFO             PET2   ESMX_Driver: InitializeP0 extro.
20250508 234522.210 INFO             PET2   ESMX_Driver: InitializeIPDv02p1 intro.
20250508 234522.210 INFO             PET2     >>>ESMX_Driver: entered Initialize (phase=<none>) without valid internal Clock.
20250508 234522.216 INFO             PET2     ESMX_Driver: IInitAdvertise intro.
20250508 234522.216 INFO             PET2       >>>ESMX_Driver: entered Initialize (phase=<none>) with current time: 2012 10 24  8  0  0   0
20250508 234522.216 INFO             PET2       <<<ESMX_Driver: leaving Initialize (phase=<none>) with current time: 2012 10 24  8  0  0   0
20250508 234522.216 INFO             PET2     ESMX_Driver: IInitAdvertise extro.
20250508 234522.216 INFO             PET2     ESMX_Driver: IInitAdvertiseFinish intro.
20250508 234522.216 INFO             PET2       >>>ESMX_Driver: entered Initialize (phase=<none>) with current time: 2012 10 24  8  0  0   0
20250508 234522.217 INFO             PET2       <<<ESMX_Driver: leaving Initialize (phase=<none>) with current time: 2012 10 24  8  0  0   0
20250508 234522.217 INFO             PET2     ESMX_Driver: IInitAdvertiseFinish extro.
20250508 234522.217 INFO             PET2     ESMX_Driver: IInitModifyCplLists intro.
20250508 234522.217 INFO             PET2       >>>ESMX_Driver: entered Initialize (phase=<none>) with current time: 2012 10 24  8  0  0   0
20250508 234522.217 INFO             PET2       <<<ESMX_Driver: leaving Initialize (phase=<none>) with current time: 2012 10 24  8  0  0   0
20250508 234522.217 INFO             PET2     ESMX_Driver: IInitModifyCplLists extro.
20250508 234522.218 INFO             PET2     <<<ESMX_Driver: leaving Initialize (phase=<none>) with current time: 2012 10 24  8  0  0   0
20250508 234522.218 INFO             PET2   ESMX_Driver: InitializeIPDv02p1 extro.
20250508 234522.218 INFO             PET2   ESMX_Driver: InitializeIPDv02p3 intro.
20250508 234522.218 INFO             PET2     >>>ESMX_Driver: entered Initialize (phase=<none>) with current time: 2012 10 24  8  0  0   0
20250508 234522.219 INFO             PET2     ESMX_Driver: IInitCheck intro.
20250508 234522.219 INFO             PET2       >>>ESMX_Driver: entered Initialize (phase=<none>) with current time: 2012 10 24  8  0  0   0
20250508 234522.219 INFO             PET2       <<<ESMX_Driver: leaving Initialize (phase=<none>) with current time: 2012 10 24  8  0  0   0
20250508 234522.219 INFO             PET2     ESMX_Driver: IInitCheck extro.
20250508 234522.220 INFO             PET2     ESMX_Driver: IInitRealize intro.
20250508 234522.220 INFO             PET2       >>>ESMX_Driver: entered Initialize (phase=<none>) with current time: 2012 10 24  8  0  0   0
20250508 234522.220 INFO             PET2       <<<ESMX_Driver: leaving Initialize (phase=<none>) with current time: 2012 10 24  8  0  0   0
20250508 234522.220 INFO             PET2     ESMX_Driver: IInitRealize extro.
20250508 234522.220 INFO             PET2     <<<ESMX_Driver: leaving Initialize (phase=<none>) with current time: 2012 10 24  8  0  0   0
20250508 234522.220 INFO             PET2   ESMX_Driver: InitializeIPDv02p3 extro.
20250508 234522.220 INFO             PET2   ESMX_Driver: InitializeIPDv02p5 intro.
20250508 234522.220 INFO             PET2     >>>ESMX_Driver: entered Initialize (phase=<none>) with current time: 2012 10 24  8  0  0   0
20250508 234522.221 INFO             PET2     ESMX_Driver: InitializeIPDv02p5Data intro.
20250508 234522.221 INFO             PET2       >>>ESMX_Driver: entered Initialize (phase=<none>) with current time: 2012 10 24  8  0  0   0
20250508 234522.221 INFO             PET2       ESMX_Driver: InternalInitializeComplete intro.
20250508 234522.221 INFO             PET2         >>>ESMX_Driver: entered Initialize (phase=<none>) with current time: 2012 10 24  8  0  0   0
20250508 234522.221 INFO             PET2         <<<ESMX_Driver: leaving Initialize (phase=<none>) with current time: 2012 10 24  8  0  0   0
20250508 234522.221 INFO             PET2       ESMX_Driver: InternalInitializeComplete extro.
20250508 234522.222 INFO             PET2       ESMX_Driver: loopDataDependentInitialize intro.
20250508 234522.222 INFO             PET2         >>>ESMX_Driver: entered Initialize (phase=<none>) with current time: 2012 10 24  8  0  0   0
20250508 234522.222 INFO             PET2         <<<ESMX_Driver: leaving Initialize (phase=<none>) with current time: 2012 10 24  8  0  0   0
20250508 234522.222 INFO             PET2       ESMX_Driver: loopDataDependentInitialize extro.
20250508 234522.222 INFO             PET2       <<<ESMX_Driver: leaving Initialize (phase=<none>) with current time: 2012 10 24  8  0  0   0
20250508 234522.222 INFO             PET2     ESMX_Driver: InitializeIPDv02p5Data extro.
20250508 234522.222 INFO             PET2     <<<ESMX_Driver: leaving Initialize (phase=<none>) with current time: 2012 10 24  8  0  0   0
20250508 234522.222 INFO             PET2   ESMX_Driver: InitializeIPDv02p5 extro.
20250508 234522.223 INFO             PET2   <<<ESMX_Driver: leaving Initialize (phase=<none>) with current time: 2012 10 24  8  0  0   0
20250508 234522.223 INFO             PET2 ESMX_Driver: InitializeGeneric extro.
20250508 234522.223 INFO             PET2 ESMX_Driver: Run intro.
20250508 234522.223 INFO             PET2   >>>ESMX_Driver: entered Run (phase=RunPhase1) with current time: 2012 10 24  8  0  0   0
20250508 234522.223 INFO             PET2   <<<ESMX_Driver: leaving Run (phase=RunPhase1) with current time: 2012 10 24  8  0  0   0
20250508 234522.223 INFO             PET2 ESMX_Driver: Run extro.
20250508 234522.223 INFO             PET2 ESMX_Driver: Finalize intro.
20250508 234522.223 INFO             PET2   >>>ESMX_Driver: entered Finalize (phase=FinalizePhase1) with current time: 2012 10 24  8  0  0   0
20250508 234522.224 INFO             PET2   <<<ESMX_Driver: leaving Finalize (phase=FinalizePhase1) with current time: 2012 10 24  8  0  0   0
20250508 234522.224 INFO             PET2 ESMX_Driver: Finalize extro.
20250508 234522.224 INFO             PET2 =============================================
20250508 234522.224 INFO             PET2 ESMX (Earth System Model eXecutable) FINISHED
20250508 234522.224 INFO             PET2 =============================================
20250508 234522.224 INFO             PET2  Finalizing ESMF
20250508 234522.194 INFO             PET3 !!!!!!!!!!!!!!!!!!!!!!!!!!!!!!!!!!!!!!!!!!!!!!!!!!!!!!
20250508 234522.194 INFO             PET3 !!! THE ESMF_LOG IS SET TO OUTPUT ALL LOG MESSAGES !!!
20250508 234522.194 INFO             PET3 !!!     THIS MAY CAUSE SLOWDOWN IN PERFORMANCE     !!!
20250508 234522.194 INFO             PET3 !!! FOR PRODUCTION RUNS, USE:                      !!!
20250508 234522.194 INFO             PET3 !!!                   ESMF_LOGKIND_Multi_On_Error  !!!
20250508 234522.194 INFO             PET3 !!!!!!!!!!!!!!!!!!!!!!!!!!!!!!!!!!!!!!!!!!!!!!!!!!!!!!
20250508 234522.194 INFO             PET3 Running with ESMF Version   : v8.9.0b08-9-gea72ab2180
20250508 234522.194 INFO             PET3 ESMF library build date/time: "May  8 2025" "22:42:14"
20250508 234522.194 INFO             PET3 ESMF library build location : /discover/nobackup/projects/gmao/SIteam/ESMF_Testing/intel_2021.13.0-mvapich_mvapich_g_develop/esmf
20250508 234522.194 INFO             PET3 ESMF_COMM                   : mvapich
20250508 234522.195 INFO             PET3 ESMF_MOAB                   : enabled
20250508 234522.195 INFO             PET3 ESMF_LAPACK                 : enabled
20250508 234522.195 INFO             PET3 ESMF_NETCDF                 : disabled
20250508 234522.195 INFO             PET3 ESMF_PNETCDF                : disabled
20250508 234522.195 INFO             PET3 ESMF_PIO                    : disabled
20250508 234522.195 INFO             PET3 ESMF_YAMLCPP                : enabled
20250508 234522.199 INFO             PET3 =============================================
20250508 234522.199 INFO             PET3 ESMX (Earth System Model eXecutable) STARTING
20250508 234522.199 INFO             PET3 =============================================
20250508 234522.209 INFO             PET3 ESMX_Driver: InitializeGeneric intro.
20250508 234522.209 INFO             PET3   >>>ESMX_Driver: entered Initialize (phase=<none>) without valid internal Clock.
20250508 234522.210 INFO             PET3   ESMX_Driver: InitializeP0 intro.
20250508 234522.210 INFO             PET3     >>>ESMX_Driver: entered Initialize (phase=<none>) without valid internal Clock.
20250508 234522.210 INFO             PET3     <<<ESMX_Driver: leaving Initialize (phase=<none>) without valid internal Clock.
20250508 234522.210 INFO             PET3   ESMX_Driver: InitializeP0 extro.
20250508 234522.210 INFO             PET3   ESMX_Driver: InitializeIPDv02p1 intro.
20250508 234522.210 INFO             PET3     >>>ESMX_Driver: entered Initialize (phase=<none>) without valid internal Clock.
20250508 234522.216 INFO             PET3     ESMX_Driver: IInitAdvertise intro.
20250508 234522.216 INFO             PET3       >>>ESMX_Driver: entered Initialize (phase=<none>) with current time: 2012 10 24  8  0  0   0
20250508 234522.216 INFO             PET3       <<<ESMX_Driver: leaving Initialize (phase=<none>) with current time: 2012 10 24  8  0  0   0
20250508 234522.216 INFO             PET3     ESMX_Driver: IInitAdvertise extro.
20250508 234522.216 INFO             PET3     ESMX_Driver: IInitAdvertiseFinish intro.
20250508 234522.216 INFO             PET3       >>>ESMX_Driver: entered Initialize (phase=<none>) with current time: 2012 10 24  8  0  0   0
20250508 234522.217 INFO             PET3       <<<ESMX_Driver: leaving Initialize (phase=<none>) with current time: 2012 10 24  8  0  0   0
20250508 234522.217 INFO             PET3     ESMX_Driver: IInitAdvertiseFinish extro.
20250508 234522.217 INFO             PET3     ESMX_Driver: IInitModifyCplLists intro.
20250508 234522.217 INFO             PET3       >>>ESMX_Driver: entered Initialize (phase=<none>) with current time: 2012 10 24  8  0  0   0
20250508 234522.217 INFO             PET3       <<<ESMX_Driver: leaving Initialize (phase=<none>) with current time: 2012 10 24  8  0  0   0
20250508 234522.217 INFO             PET3     ESMX_Driver: IInitModifyCplLists extro.
20250508 234522.218 INFO             PET3     <<<ESMX_Driver: leaving Initialize (phase=<none>) with current time: 2012 10 24  8  0  0   0
20250508 234522.218 INFO             PET3   ESMX_Driver: InitializeIPDv02p1 extro.
20250508 234522.218 INFO             PET3   ESMX_Driver: InitializeIPDv02p3 intro.
20250508 234522.218 INFO             PET3     >>>ESMX_Driver: entered Initialize (phase=<none>) with current time: 2012 10 24  8  0  0   0
20250508 234522.219 INFO             PET3     ESMX_Driver: IInitCheck intro.
20250508 234522.219 INFO             PET3       >>>ESMX_Driver: entered Initialize (phase=<none>) with current time: 2012 10 24  8  0  0   0
20250508 234522.219 INFO             PET3       <<<ESMX_Driver: leaving Initialize (phase=<none>) with current time: 2012 10 24  8  0  0   0
20250508 234522.219 INFO             PET3     ESMX_Driver: IInitCheck extro.
20250508 234522.220 INFO             PET3     ESMX_Driver: IInitRealize intro.
20250508 234522.220 INFO             PET3       >>>ESMX_Driver: entered Initialize (phase=<none>) with current time: 2012 10 24  8  0  0   0
20250508 234522.220 INFO             PET3       <<<ESMX_Driver: leaving Initialize (phase=<none>) with current time: 2012 10 24  8  0  0   0
20250508 234522.220 INFO             PET3     ESMX_Driver: IInitRealize extro.
20250508 234522.220 INFO             PET3     <<<ESMX_Driver: leaving Initialize (phase=<none>) with current time: 2012 10 24  8  0  0   0
20250508 234522.220 INFO             PET3   ESMX_Driver: InitializeIPDv02p3 extro.
20250508 234522.220 INFO             PET3   ESMX_Driver: InitializeIPDv02p5 intro.
20250508 234522.221 INFO             PET3     >>>ESMX_Driver: entered Initialize (phase=<none>) with current time: 2012 10 24  8  0  0   0
20250508 234522.221 INFO             PET3     ESMX_Driver: InitializeIPDv02p5Data intro.
20250508 234522.221 INFO             PET3       >>>ESMX_Driver: entered Initialize (phase=<none>) with current time: 2012 10 24  8  0  0   0
20250508 234522.221 INFO             PET3       ESMX_Driver: InternalInitializeComplete intro.
20250508 234522.221 INFO             PET3         >>>ESMX_Driver: entered Initialize (phase=<none>) with current time: 2012 10 24  8  0  0   0
20250508 234522.221 INFO             PET3         <<<ESMX_Driver: leaving Initialize (phase=<none>) with current time: 2012 10 24  8  0  0   0
20250508 234522.221 INFO             PET3       ESMX_Driver: InternalInitializeComplete extro.
20250508 234522.222 INFO             PET3       ESMX_Driver: loopDataDependentInitialize intro.
20250508 234522.222 INFO             PET3         >>>ESMX_Driver: entered Initialize (phase=<none>) with current time: 2012 10 24  8  0  0   0
20250508 234522.222 INFO             PET3         <<<ESMX_Driver: leaving Initialize (phase=<none>) with current time: 2012 10 24  8  0  0   0
20250508 234522.222 INFO             PET3       ESMX_Driver: loopDataDependentInitialize extro.
20250508 234522.222 INFO             PET3       <<<ESMX_Driver: leaving Initialize (phase=<none>) with current time: 2012 10 24  8  0  0   0
20250508 234522.222 INFO             PET3     ESMX_Driver: InitializeIPDv02p5Data extro.
20250508 234522.222 INFO             PET3     <<<ESMX_Driver: leaving Initialize (phase=<none>) with current time: 2012 10 24  8  0  0   0
20250508 234522.222 INFO             PET3   ESMX_Driver: InitializeIPDv02p5 extro.
20250508 234522.223 INFO             PET3   <<<ESMX_Driver: leaving Initialize (phase=<none>) with current time: 2012 10 24  8  0  0   0
20250508 234522.223 INFO             PET3 ESMX_Driver: InitializeGeneric extro.
20250508 234522.223 INFO             PET3 ESMX_Driver: Run intro.
20250508 234522.223 INFO             PET3   >>>ESMX_Driver: entered Run (phase=RunPhase1) with current time: 2012 10 24  8  0  0   0
20250508 234522.223 INFO             PET3   <<<ESMX_Driver: leaving Run (phase=RunPhase1) with current time: 2012 10 24  8  0  0   0
20250508 234522.223 INFO             PET3 ESMX_Driver: Run extro.
20250508 234522.223 INFO             PET3 ESMX_Driver: Finalize intro.
20250508 234522.223 INFO             PET3   >>>ESMX_Driver: entered Finalize (phase=FinalizePhase1) with current time: 2012 10 24  8  0  0   0
20250508 234522.224 INFO             PET3   <<<ESMX_Driver: leaving Finalize (phase=FinalizePhase1) with current time: 2012 10 24  8  0  0   0
20250508 234522.224 INFO             PET3 ESMX_Driver: Finalize extro.
20250508 234522.224 INFO             PET3 =============================================
20250508 234522.224 INFO             PET3 ESMX (Earth System Model eXecutable) FINISHED
20250508 234522.224 INFO             PET3 =============================================
20250508 234522.224 INFO             PET3  Finalizing ESMF
