2024-10-08 12:34:08
--- ESMCI::ArrayBundle::print start ---
ArrayBundle: MyArrayBundle
arrayCount = 3
Container::print() multipmap:item=0 key=AonFly value=--- ESMCI::ArrayBundle::print start ---
ArrayBundle: MyArrayBundle
arrayCount = 3
Container::print() multipmap:item=0 key=AonFly value=0x15b04e400
Container::print() multipmap:item=1 key=Array002--- ESMCI::ArrayBundle::print start ---
ArrayBundle: MyArrayBundle
arrayCount = 3
Container::print() multipmap:item=0 key=AonFly value=0x131015800
Container::print() multipmap:item=1 key=Array002 value=0x1310140000x145019c00
Container::print() multipmap:item=1 key=Array002 value=0x14500a600
Container::print() multipmap:item=2 key=Array003 value=0x145018a00
Container::print()      list:item=0 key=Array002 value=0x14500a600
Container::print()      list:item=1 key=Array003 value=0x145018a00
Container::print()      list:item=2 key=AonFly value=0x145019c00 value=0x15b00e600
Container::print() multipmap:item=2 key=Array003 value=0x15b04d200
Container::print()      list:item=0 key=Array002 value=0x15b00e600
Container::print()      list:item=1 key=Array003 value=0x15b04d200
Container::print()      list:item=2 key=AonFly value=0x15b04e400
--- ESMCI::ArrayBundle::print end ---
--- ESMCI::ArrayBundle::print start ---
ArrayBundle: MyArrayBundle
arrayCount = 3
Container::print() multipmap:item=0 key=AonFly value=0x13b815a00
Container::print() multipmap:item=
Container::print() multipmap:item=2 key=Array003 value=0x131014600
Container::print()      list:item=0 key=Array002 value=0x131014000

--- ESMCI::ArrayBundle::print end ---
--- ESMCI::Array::print start ---
 Base name    = AonFly
 Status: Base = --- ESMCI::Array::print start ---
 Base name    = AonFly
 Status: Base = 1 key=Array002 value=0x13b808200
Container::print() multipmap:item=2 key=Array003 value=0x13b814800
Container::print()      list:item=0 key=Array002 value=0x13b808200
Container::print()      list:item=1 key=Array003Container::print()      list:item=1 key=Array003 value=0x131014600
Container::print()      list:item=2 key=AonFly value=0x131015800
--- ESMCI::ArrayBundle::print end ---
Ready,  object = Ready
 Proxy        = no
 Root Info (Attributes):
Ready,  object = Ready
 Proxy        = no
 value=0x13b814800
Container::print()      list:item=2 key=AonFly value=0x13b815a00
--- ESMCI::ArrayBundle::print end ---
 Root Info (Attributes):
--- ESMCI::Array::print start ---
 Base name    = AonFly
 Status: Base = --- ESMCI::Array::print start ---
 Base name    = AonFly
 Status: Base = {}Array typekind/rank: Real*4 / 2 
~ lower class' values ~
DistGrid dimCount = 2
deCount = 6
localDeCount = 2
~ local data in LocalArray for DE 0 ~
LocalArrayPrint: Array at address 0x144708840:
            rank = 2, typekind = 5, base_addr = 0x600001c593a0
            dim[0] = 3  dim[1] = 2  
  Real, *4, Dim 2, Data values:
( 1, 1) =  0
( 2, 1) =  0
( 3, 1) =  0
( 1, 2) =  0
( 2, 2) =  0
( 3, 2) =  0
~ local data in LocalArray for DE 4 ~
LocalArrayPrint: Array at address 0x144708b70:
            rank = 2, typekind = 5, base_addr = 0x600001e547a0
            dim[0] = 3  dim[1] = 1  
  Real, *4, Dim 2, Data values:
( 1, 1) =  0
( 2, 1) =  0
( 3, 1) =  0
--- ESMCI::Array::print end ---
--- ESMCI::Array::print start ---
 Base name    = Array002
 Status: Base = Ready,  object = Ready
 Proxy        = no
 Root Info (Attributes):{}Array typekind/rank: Real*4 / 2 
~ lower class' values ~
DistGrid dimCount = 2
deCount = 6
localDeCount = 2
~ local data in LocalArray for DE 1 ~
LocalArrayPrint: Array at address 0x15a70e9c0:
            rank = 2, typekind = 5, base_addr = 0x600001961870
            dim[0] = 2  dim[1] = 2  
  Real, *4, Dim 2, Data values:
( 1, 1) =  0
( 2, 1) =  0
( 1, 2) =  0
( 2, 2) =  0
~ local data in LocalArray for DE 5 ~
LocalArrayPrint: Array at address 0x15a70ecf0:
            rank = 2, typekind = 5, base_addr = 0x600001961860
            dim[0] = 2  dim[1] = 1  
  Real, *4, Dim 2, Data values:
( 1, 1) =  0
( 2, 1) =  0
--- ESMCI::Array::print end ---
--- ESMCI::Array::print start ---
 Base name    = Array002
 Status: Base = Ready,  object = Ready
 Proxy        = no
 Root Info (Attributes):
{}Ready,  object = Ready
 Proxy        = no
 Root Info (Attributes):
{}Array typekind/rank: Real*4 / 2 
~ lower class' values ~
DistGrid dimCount = 2
deCount = 6
localDeCount = 1
~ local data in LocalArray for DE 2 ~
LocalArrayPrint: Array at address 0x13af05990:
Ready,  object = Ready
 Proxy        = no
 Root Info (Attributes):

{}Array typekind/rank: Real*8 / 2 
~ lower class' values ~
DistGrid dimCount = 2
deCount = 6
localDeCount = 2
~ local data in LocalArray for DE 0 ~
LocalArrayPrint: Array at address 0x144706b00:
            rank = 2, typekind = 6, base_addr = 0x600001258330
            dim[0] = 3  dim[1] = 2  
  Real, *8, Dim 2, Data values:
( 1, 1) =  0
( 2, 1) =  0
( 3, 1) =  0
( 1, 2) =  0
( 2, 2) =  0
( 3, 2) =  0
~ local data in LocalArray for DE 4 ~
LocalArrayPrint: Array at address 0x144706e30:
            rank = 2, typekind = 6, base_addr = 0x600001c591e0
            dim[0] = 3  dim[1] = 1  Array typekind/rank: Real*8 / 2 
~ lower class' values ~
DistGrid dimCount = 2
deCount = 6
localDeCount = 2
~ local data in LocalArray for DE 1 ~
LocalArrayPrint: Array at address 0x15a70cc80:
            rank = 2, typekind = 6, base_addr = 0x600001b792e0
            dim[0] = 2  dim[1] = 2  
  Real, *8, Dim 2, Data values:
( 1, 1) =  0
( 2, 1) =  0
( 1, 2) =  0
( 2, 2) =  0
~ local data in LocalArray for DE 5 ~
LocalArrayPrint: Array at address 0x15a70cfb0:
            rank = 2, typekind = 6, base_addr = 0x6000019622d0
            dim[0] = 2  dim[1] = 1  
            rank = 2, typekind = 5, base_addr = 0x600003a303e0
            dim[0] = 3  dim[1] = 2  
  Real, *4, Dim 2, Data values:
( 1, 1) =  0
( 2, 1) =  0
( 3, 1) =  0
( 1, 2) =  0
( 2, 2) =  0
( 3, 2) =  0
--- ESMCI::Array::print end ---
--- ESMCI::Array::print start ---
 Base name    = Array002
 Status: Base = Ready,  object = Ready
 Proxy        = {}Array typekind/rank: Real*4 / 2 
~ lower class' values ~
DistGrid dimCount = 2
deCount = 6
localDeCount = 1
~ local data in LocalArray for DE 3 ~
LocalArrayPrint: Array at address 0x127705c10:
            rank = 2, typekind = 5, base_addr = 0x600002b48750
            dim[0] = 2  dim[1] = 2  
  Real, *4, Dim 2, Data values:
( 1, 1) =  0
( 2, 1) =  0
( 1, 2) =  0
( 2, 2) =  0
--- ESMCI::Array::print end ---

  Real, *8, Dim 2, Data values:
( 1, 1) =  0
( 2, 1) =  0
( 3, 1) =  0
--- ESMCI::Array::print end ---
--- ESMCI::Array::print start ---
 Base name    = Array003
 Status: Base = Ready,  object = Ready
 Proxy        = no
 Root Info (Attributes):
{}Array typekind/rank: Real*8 / 2 
~ lower class' values ~
DistGrid dimCount = 2
  Real, *8, Dim 2, Data values:
( 1, 1) =  0
( 2, 1) =  0
--- ESMCI::Array::print end ---
--- ESMCI::Array::print start ---
 Base name    = Array003
 Status: Base = Ready,  object = Ready
 Proxy        = no
 Root Info (Attributes):
{}Array typekind/rank: Real*8 / 2 
~ lower class' values ~
DistGrid dimCount = 2
deCount = 6
localDeCount = 2
~ local data in LocalArray for DE 1 ~
LocalArrayPrint: Array at address 0x15a70d2e0:
            rank = 2, typekind = 6, base_addr = 0x600001b79340
            no
 Root Info (Attributes):
{}Array typekind/rank: Real*8 / 2 
~ lower class' values ~
DistGrid dimCount = 2
deCount = 6
localDeCount = 1
~ local data in LocalArray for DE 2 ~
LocalArrayPrint: Array at address 0x13af04910:
            rank = 2, typekind = 6, base_addr = 0x6000034300c0
            dim[0] = 3  dim[1] = 2  
  Real, *8, Dim 2, Data values:
( 1, 1) =  0
( 2, 1) =  0
( 3, 1) =  0
( 1, 2) =  0
( 2, 2) =  0
( 3, 2) =  0
--- ESMCI::Array::print end ---
--- ESMCI::Array::print start ---
 Base name    = Array003--- ESMCI::Array::print start ---
 Base name    = Array002
 Status: Base = Ready,  object = Ready
 Proxy        = no
 Root Info (Attributes):
{}Array typekind/rank: Real*8 / 2 
~ lower class' values ~
DistGrid dimCount = 2
deCount = 6
localDeCount = 1
~ local data in LocalArray for DE 3 ~
LocalArrayPrint: Array at address 0x127704b90:
            rank = 2, typekind = 6, base_addr = 0x600002957ae0
            dim[0] = 2  dim[1] = 2  
  Real, *8, Dim 2, Data values:
( 1, 1) =  0
( 2, 1) =  0
( 1, 2) =  0
( 2, 2) =  0
--- ESMCI::Array::print end ---
deCount = 6
localDeCount = 2
~ local data in LocalArray for DE 0 ~
LocalArrayPrint: Array at address 0x144707160:
            rank = 2, typekind = 6, base_addr = 0x600001258480
            dim[0] = 3  dim[1] = 2  
  Real, *8, Dim 2, Data values:
( 1, 1) =  0
( 2, 1) =  0
( 3, 1) =  0
( 1, 2) =  0
( 2, 2) =  0
( 3, 2) =  0
~ local data in LocalArray for DE 4 ~
LocalArrayPrint: Array at address 0x144707490:
            rank = 2, typekind = 6, base_addr = 0x600001c59240
            dim[0] = 3  dim[1] = 1  
  Real, *8, Dim 2, Data values:
( 1, 1) =  0
( 2, 1) =  0
( 3, 1) =  0
--- ESMCI::Array::print end ---dim[0] = 2  dim[1] = 2  
  Real, *8, Dim 2, Data values:
( 1, 1) =  0
( 2, 1) =  0
( 1, 2) =  0
( 2, 2) =  0
~ local data in LocalArray for DE 5 ~
LocalArrayPrint: Array at address 0x15a70d610:
            rank = 2, typekind = 6, base_addr = 0x600001961ea0
            dim[0] = 2  dim[1] = 1  
  Real, *8, Dim 2, Data values:
( 1, 1) =  0
( 2, 1) =  0
--- ESMCI::Array::print end ---

 Status: Base = Ready,  object = Ready
 Proxy        = no
 Root Info (Attributes):
{}Array typekind/rank: Real*8 / 2 
~ lower class' values ~
DistGrid dimCount = 2
deCount = 6
localDeCount = 1
~ local data in LocalArray for DE 2 ~
LocalArrayPrint: Array at address 0x13af04c40:
            rank = 2, typekind = 6, base_addr = 0x600003430060
            dim[0] = 3  dim[1] = 2  
  Real, *8, Dim 2, Data values:
( 1, 1) =  0
( 2, 1) =  0
( 3, 1) =  0
( 1, 2) =  0
( 2, 2) =  0
( 3, 2) =  0
--- ESMCI::Array::print start ---
 Base name    = Array003
 Status: Base = Ready,  object = Ready
 Proxy        = no
 Root Info (Attributes):
{}Array typekind/rank: Real*8 / 2 
~ lower class' values ~
DistGrid dimCount = 2
deCount = 6
localDeCount = 1
~ local data in LocalArray for DE 3 ~
LocalArrayPrint: Array at address 0x127704ec0:
            rank = 2, typekind = 6, base_addr = 0x600002957a40
            dim[0] = 2  dim[1] = 2  
  Real, *8, Dim 2, Data values:
( 1, 1) =  0
( 2, 1) =  0
( 1, 2) =  0
( 2, 2) =  0
--- ESMCI::Array::print end ---

  PASS  Example ESMF_ArrayBundleEx, ESMF_ArrayBundleEx.F90, line 267
  PASS  Example ESMF_ArrayBundleEx, ESMF_ArrayBundleEx.F90, line 267
--- ESMCI::Array::print end ---
  PASS  Example ESMF_ArrayBundleEx, ESMF_ArrayBundleEx.F90, line 267
  PASS  Example ESMF_ArrayBundleEx, ESMF_ArrayBundleEx.F90, line 267
[WARNING] yaksa: 10 leaked handle pool objects
[WARNING] yaksa: 10 leaked handle pool objects
 PASS: ESMF_ArrayBundleEx.F90
[WARNING] yaksa: 10 leaked handle pool objects
 PASS: ESMF_ArrayBundleEx.F90
 PASS: ESMF_ArrayBundleEx.F90
[WARNING] yaksa: 10 leaked handle pool objects
 PASS: ESMF_ArrayBundleEx.F90
