2024-10-17 18:01:08
20241017 181730.024 INFO             PET0 !!!!!!!!!!!!!!!!!!!!!!!!!!!!!!!!!!!!!!!!!!!!!!!!!!!!!!
20241017 181730.024 INFO             PET0 !!! THE ESMF_LOG IS SET TO OUTPUT ALL LOG MESSAGES !!!
20241017 181730.024 INFO             PET0 !!!     THIS MAY CAUSE SLOWDOWN IN PERFORMANCE     !!!
20241017 181730.024 INFO             PET0 !!! FOR PRODUCTION RUNS, USE:                      !!!
20241017 181730.024 INFO             PET0 !!!                   ESMF_LOGKIND_Multi_On_Error  !!!
20241017 181730.024 INFO             PET0 !!!!!!!!!!!!!!!!!!!!!!!!!!!!!!!!!!!!!!!!!!!!!!!!!!!!!!
20241017 181730.024 INFO             PET0 Running with ESMF Version   : v8.8.0b01-7-gc92d921964
20241017 181730.024 INFO             PET0 ESMF library build date/time: "Oct 17 2024" "18:00:09"
20241017 181730.024 INFO             PET0 ESMF library build location : /Users/oehmke/ESMF_AutoTest/gfortranclang_12.2.0_14.0.0_mpich_O_develop/esmf
20241017 181730.024 INFO             PET0 ESMF_COMM                   : mpich
20241017 181730.024 INFO             PET0 ESMF_MOAB                   : enabled
20241017 181730.024 INFO             PET0 ESMF_LAPACK                 : enabled
20241017 181730.024 INFO             PET0 ESMF_NETCDF                 : enabled
20241017 181730.024 INFO             PET0 ESMF_PNETCDF                : disabled
20241017 181730.024 INFO             PET0 ESMF_PIO                    : enabled
20241017 181730.024 INFO             PET0 ESMF_YAMLCPP                : enabled
20241017 181730.058 DEBUG            PET0 about to destroy Grid: 0x126846600
20241017 181730.061 DEBUG            PET0 about to destroy Grid: 0x126847200
20241017 181730.070 INFO             PET0  NUMBER_OF_PROCESSORS           4
20241017 181730.070 INFO             PET0  PASS  Example ESMF_NUOPCAtmModelEx, ESMF_NUOPCAtmModelEx.F90, line 806
20241017 181730.070 INFO             PET0  Finalizing ESMF
20241017 181730.070 INFO             PET0 ESMCI_IO_Handler.C:335 ESMCI::IO_Handler::finalize() 
20241017 181730.070 INFO             PET0 ESMCI_PIO_Handler.C:356 ESMCI::PIO_Handler::finalize() 
20241017 181730.070 INFO             PET0 ESMCI_IO_Handler.C:337 ESMCI::IO_Handler::finalize() after finalize, localrc = 0
20241017 181730.070 INFO             PET0 ESMCI_IO_Handler.C:360 ESMCI::IO_Handler::finalize() before return, localrc = 0
20241017 181730.024 INFO             PET1 !!!!!!!!!!!!!!!!!!!!!!!!!!!!!!!!!!!!!!!!!!!!!!!!!!!!!!
20241017 181730.024 INFO             PET1 !!! THE ESMF_LOG IS SET TO OUTPUT ALL LOG MESSAGES !!!
20241017 181730.024 INFO             PET1 !!!     THIS MAY CAUSE SLOWDOWN IN PERFORMANCE     !!!
20241017 181730.024 INFO             PET1 !!! FOR PRODUCTION RUNS, USE:                      !!!
20241017 181730.024 INFO             PET1 !!!                   ESMF_LOGKIND_Multi_On_Error  !!!
20241017 181730.024 INFO             PET1 !!!!!!!!!!!!!!!!!!!!!!!!!!!!!!!!!!!!!!!!!!!!!!!!!!!!!!
20241017 181730.024 INFO             PET1 Running with ESMF Version   : v8.8.0b01-7-gc92d921964
20241017 181730.024 INFO             PET1 ESMF library build date/time: "Oct 17 2024" "18:00:09"
20241017 181730.024 INFO             PET1 ESMF library build location : /Users/oehmke/ESMF_AutoTest/gfortranclang_12.2.0_14.0.0_mpich_O_develop/esmf
20241017 181730.024 INFO             PET1 ESMF_COMM                   : mpich
20241017 181730.024 INFO             PET1 ESMF_MOAB                   : enabled
20241017 181730.024 INFO             PET1 ESMF_LAPACK                 : enabled
20241017 181730.024 INFO             PET1 ESMF_NETCDF                 : enabled
20241017 181730.024 INFO             PET1 ESMF_PNETCDF                : disabled
20241017 181730.024 INFO             PET1 ESMF_PIO                    : enabled
20241017 181730.024 INFO             PET1 ESMF_YAMLCPP                : enabled
20241017 181730.058 DEBUG            PET1 about to destroy Grid: 0x14e053a00
20241017 181730.061 DEBUG            PET1 about to destroy Grid: 0x14e054600
20241017 181730.070 INFO             PET1  NUMBER_OF_PROCESSORS           4
20241017 181730.070 INFO             PET1  PASS  Example ESMF_NUOPCAtmModelEx, ESMF_NUOPCAtmModelEx.F90, line 806
20241017 181730.070 INFO             PET1  Finalizing ESMF
20241017 181730.070 INFO             PET1 ESMCI_IO_Handler.C:335 ESMCI::IO_Handler::finalize() 
20241017 181730.070 INFO             PET1 ESMCI_PIO_Handler.C:356 ESMCI::PIO_Handler::finalize() 
20241017 181730.070 INFO             PET1 ESMCI_IO_Handler.C:337 ESMCI::IO_Handler::finalize() after finalize, localrc = 0
20241017 181730.070 INFO             PET1 ESMCI_IO_Handler.C:360 ESMCI::IO_Handler::finalize() before return, localrc = 0
20241017 181730.024 INFO             PET2 !!!!!!!!!!!!!!!!!!!!!!!!!!!!!!!!!!!!!!!!!!!!!!!!!!!!!!
20241017 181730.024 INFO             PET2 !!! THE ESMF_LOG IS SET TO OUTPUT ALL LOG MESSAGES !!!
20241017 181730.024 INFO             PET2 !!!     THIS MAY CAUSE SLOWDOWN IN PERFORMANCE     !!!
20241017 181730.024 INFO             PET2 !!! FOR PRODUCTION RUNS, USE:                      !!!
20241017 181730.024 INFO             PET2 !!!                   ESMF_LOGKIND_Multi_On_Error  !!!
20241017 181730.024 INFO             PET2 !!!!!!!!!!!!!!!!!!!!!!!!!!!!!!!!!!!!!!!!!!!!!!!!!!!!!!
20241017 181730.024 INFO             PET2 Running with ESMF Version   : v8.8.0b01-7-gc92d921964
20241017 181730.024 INFO             PET2 ESMF library build date/time: "Oct 17 2024" "18:00:09"
20241017 181730.024 INFO             PET2 ESMF library build location : /Users/oehmke/ESMF_AutoTest/gfortranclang_12.2.0_14.0.0_mpich_O_develop/esmf
20241017 181730.024 INFO             PET2 ESMF_COMM                   : mpich
20241017 181730.024 INFO             PET2 ESMF_MOAB                   : enabled
20241017 181730.024 INFO             PET2 ESMF_LAPACK                 : enabled
20241017 181730.024 INFO             PET2 ESMF_NETCDF                 : enabled
20241017 181730.024 INFO             PET2 ESMF_PNETCDF                : disabled
20241017 181730.024 INFO             PET2 ESMF_PIO                    : enabled
20241017 181730.024 INFO             PET2 ESMF_YAMLCPP                : enabled
20241017 181730.057 DEBUG            PET2 about to destroy Grid: 0x13a847c00
20241017 181730.061 DEBUG            PET2 about to destroy Grid: 0x13a848800
20241017 181730.070 INFO             PET2  NUMBER_OF_PROCESSORS           4
20241017 181730.070 INFO             PET2  PASS  Example ESMF_NUOPCAtmModelEx, ESMF_NUOPCAtmModelEx.F90, line 806
20241017 181730.070 INFO             PET2  Finalizing ESMF
20241017 181730.070 INFO             PET2 ESMCI_IO_Handler.C:335 ESMCI::IO_Handler::finalize() 
20241017 181730.070 INFO             PET2 ESMCI_PIO_Handler.C:356 ESMCI::PIO_Handler::finalize() 
20241017 181730.070 INFO             PET2 ESMCI_IO_Handler.C:337 ESMCI::IO_Handler::finalize() after finalize, localrc = 0
20241017 181730.070 INFO             PET2 ESMCI_IO_Handler.C:360 ESMCI::IO_Handler::finalize() before return, localrc = 0
20241017 181730.024 INFO             PET3 !!!!!!!!!!!!!!!!!!!!!!!!!!!!!!!!!!!!!!!!!!!!!!!!!!!!!!
20241017 181730.024 INFO             PET3 !!! THE ESMF_LOG IS SET TO OUTPUT ALL LOG MESSAGES !!!
20241017 181730.024 INFO             PET3 !!!     THIS MAY CAUSE SLOWDOWN IN PERFORMANCE     !!!
20241017 181730.024 INFO             PET3 !!! FOR PRODUCTION RUNS, USE:                      !!!
20241017 181730.024 INFO             PET3 !!!                   ESMF_LOGKIND_Multi_On_Error  !!!
20241017 181730.024 INFO             PET3 !!!!!!!!!!!!!!!!!!!!!!!!!!!!!!!!!!!!!!!!!!!!!!!!!!!!!!
20241017 181730.024 INFO             PET3 Running with ESMF Version   : v8.8.0b01-7-gc92d921964
20241017 181730.024 INFO             PET3 ESMF library build date/time: "Oct 17 2024" "18:00:09"
20241017 181730.024 INFO             PET3 ESMF library build location : /Users/oehmke/ESMF_AutoTest/gfortranclang_12.2.0_14.0.0_mpich_O_develop/esmf
20241017 181730.024 INFO             PET3 ESMF_COMM                   : mpich
20241017 181730.024 INFO             PET3 ESMF_MOAB                   : enabled
20241017 181730.024 INFO             PET3 ESMF_LAPACK                 : enabled
20241017 181730.024 INFO             PET3 ESMF_NETCDF                 : enabled
20241017 181730.024 INFO             PET3 ESMF_PNETCDF                : disabled
20241017 181730.024 INFO             PET3 ESMF_PIO                    : enabled
20241017 181730.024 INFO             PET3 ESMF_YAMLCPP                : enabled
20241017 181730.058 DEBUG            PET3 about to destroy Grid: 0x12084d800
20241017 181730.061 DEBUG            PET3 about to destroy Grid: 0x12084e400
20241017 181730.070 INFO             PET3  NUMBER_OF_PROCESSORS           4
20241017 181730.070 INFO             PET3  PASS  Example ESMF_NUOPCAtmModelEx, ESMF_NUOPCAtmModelEx.F90, line 806
20241017 181730.070 INFO             PET3  Finalizing ESMF
20241017 181730.070 INFO             PET3 ESMCI_IO_Handler.C:335 ESMCI::IO_Handler::finalize() 
20241017 181730.070 INFO             PET3 ESMCI_PIO_Handler.C:356 ESMCI::PIO_Handler::finalize() 
20241017 181730.070 INFO             PET3 ESMCI_IO_Handler.C:337 ESMCI::IO_Handler::finalize() after finalize, localrc = 0
20241017 181730.070 INFO             PET3 ESMCI_IO_Handler.C:360 ESMCI::IO_Handler::finalize() before return, localrc = 0
