2024-10-11 03:35:34
20241011 042341.194 INFO             PET0 !!!!!!!!!!!!!!!!!!!!!!!!!!!!!!!!!!!!!!!!!!!!!!!!!!!!!!
20241011 042341.194 INFO             PET0 !!! THE ESMF_LOG IS SET TO OUTPUT ALL LOG MESSAGES !!!
20241011 042341.194 INFO             PET0 !!!     THIS MAY CAUSE SLOWDOWN IN PERFORMANCE     !!!
20241011 042341.194 INFO             PET0 !!! FOR PRODUCTION RUNS, USE:                      !!!
20241011 042341.194 INFO             PET0 !!!                   ESMF_LOGKIND_Multi_On_Error  !!!
20241011 042341.194 INFO             PET0 !!!!!!!!!!!!!!!!!!!!!!!!!!!!!!!!!!!!!!!!!!!!!!!!!!!!!!
20241011 042341.194 INFO             PET0 Running with ESMF Version   : v8.8.0b00-12-g0d4b825343
20241011 042341.194 INFO             PET0 ESMF library build date/time: "Oct 11 2024" "03:32:19"
20241011 042341.194 INFO             PET0 ESMF library build location : /glade/derecho/scratch/sacks/esmf-testing/intel_2023.2.1-oneAPI_mpiuni_g_develop/esmf
20241011 042341.194 INFO             PET0 ESMF_COMM                   : mpiuni
20241011 042341.206 INFO             PET0 ESMF_MOAB                   : enabled
20241011 042341.206 INFO             PET0 ESMF_LAPACK                 : enabled
20241011 042341.206 INFO             PET0 ESMF_NETCDF                 : enabled
20241011 042341.206 INFO             PET0 ESMF_PNETCDF                : disabled
20241011 042341.206 INFO             PET0 ESMF_PIO                    : enabled
20241011 042341.206 INFO             PET0 ESMF_YAMLCPP                : enabled
20241011 042341.219 INFO             PET0  NUMBER_OF_PROCESSORS           1
20241011 042341.219 INFO             PET0  PASS  Example ESMF_ConfigOverviewEx, ESMF_ConfigOverviewEx.F90, line 638
20241011 042341.219 INFO             PET0  Finalizing ESMF
