2024-10-12 03:30:04
20241012 041316.027 INFO             PET0 !!!!!!!!!!!!!!!!!!!!!!!!!!!!!!!!!!!!!!!!!!!!!!!!!!!!!!
20241012 041316.027 INFO             PET0 !!! THE ESMF_LOG IS SET TO OUTPUT ALL LOG MESSAGES !!!
20241012 041316.027 INFO             PET0 !!!     THIS MAY CAUSE SLOWDOWN IN PERFORMANCE     !!!
20241012 041316.027 INFO             PET0 !!! FOR PRODUCTION RUNS, USE:                      !!!
20241012 041316.027 INFO             PET0 !!!                   ESMF_LOGKIND_Multi_On_Error  !!!
20241012 041316.027 INFO             PET0 !!!!!!!!!!!!!!!!!!!!!!!!!!!!!!!!!!!!!!!!!!!!!!!!!!!!!!
20241012 041316.027 INFO             PET0 Running with ESMF Version   : v8.8.0b01
20241012 041316.027 INFO             PET0 ESMF library build date/time: "Oct 12 2024" "03:26:34"
20241012 041316.027 INFO             PET0 ESMF library build location : /glade/derecho/scratch/sacks/esmf-testing/intel_2023.2.1-oneAPI_mpiuni_g_develop/esmf
20241012 041316.027 INFO             PET0 ESMF_COMM                   : mpiuni
20241012 041316.028 INFO             PET0 ESMF_MOAB                   : enabled
20241012 041316.028 INFO             PET0 ESMF_LAPACK                 : enabled
20241012 041316.028 INFO             PET0 ESMF_NETCDF                 : enabled
20241012 041316.028 INFO             PET0 ESMF_PNETCDF                : disabled
20241012 041316.028 INFO             PET0 ESMF_PIO                    : enabled
20241012 041316.028 INFO             PET0 ESMF_YAMLCPP                : enabled
20241012 041316.028 INFO             PET0 Log Write 2
20241012 041316.028 ERROR            PET0 Invalid object  - Convergence failure
20241012 041316.028 ERROR            PET0 ESMCI_Time.C:866 ESMCI::Time::syncToRealTime() Wrong argument specified  - ; calkindflag is NOCALENDAR. Only GREGORIAN and JULIAN are supported when syncing to real time.
20241012 041316.028 ERROR            PET0 ESMF_Time.F90:1485 ESMF_TimeSyncToRealTime() Wrong argument specified  - Internal subroutine call returned Error
20241012 041316.028 ERROR            PET0 Wrong argument specified  - getting wall clock time
20241012 041316.030 INFO             PET0  NUMBER_OF_PROCESSORS           1
20241012 041316.030 INFO             PET0  PASS  Example ESMF_LogErrEx, ESMF_LogErrEx.F90, line 186
20241012 041316.030 INFO             PET0  Finalizing ESMF
