2024-10-16 03:21:36
20241016 040416.363 INFO             PET0 !!!!!!!!!!!!!!!!!!!!!!!!!!!!!!!!!!!!!!!!!!!!!!!!!!!!!!
20241016 040416.363 INFO             PET0 !!! THE ESMF_LOG IS SET TO OUTPUT ALL LOG MESSAGES !!!
20241016 040416.363 INFO             PET0 !!!     THIS MAY CAUSE SLOWDOWN IN PERFORMANCE     !!!
20241016 040416.363 INFO             PET0 !!! FOR PRODUCTION RUNS, USE:                      !!!
20241016 040416.363 INFO             PET0 !!!                   ESMF_LOGKIND_Multi_On_Error  !!!
20241016 040416.363 INFO             PET0 !!!!!!!!!!!!!!!!!!!!!!!!!!!!!!!!!!!!!!!!!!!!!!!!!!!!!!
20241016 040416.363 INFO             PET0 Running with ESMF Version   : v8.8.0b01-2-g867c30314c
20241016 040416.363 INFO             PET0 ESMF library build date/time: "Oct 16 2024" "03:18:48"
20241016 040416.363 INFO             PET0 ESMF library build location : /glade/derecho/scratch/sacks/esmf-testing/intel_2023.2.1-oneAPI_mpiuni_g_develop/esmf
20241016 040416.363 INFO             PET0 ESMF_COMM                   : mpiuni
20241016 040416.363 INFO             PET0 ESMF_MOAB                   : enabled
20241016 040416.363 INFO             PET0 ESMF_LAPACK                 : enabled
20241016 040416.363 INFO             PET0 ESMF_NETCDF                 : enabled
20241016 040416.363 INFO             PET0 ESMF_PNETCDF                : disabled
20241016 040416.363 INFO             PET0 ESMF_PIO                    : enabled
20241016 040416.363 INFO             PET0 ESMF_YAMLCPP                : enabled
20241016 040416.364 INFO             PET0  NUMBER_OF_PROCESSORS           1
20241016 040416.365 INFO             PET0  PASS  Example ESMF_WebServicesEx, ESMF_WebServicesEx.F90, line 227
20241016 040416.365 INFO             PET0  Finalizing ESMF
