2024-10-17 03:35:11
20241017 042534.335 INFO             PET0 !!!!!!!!!!!!!!!!!!!!!!!!!!!!!!!!!!!!!!!!!!!!!!!!!!!!!!
20241017 042534.335 INFO             PET0 !!! THE ESMF_LOG IS SET TO OUTPUT ALL LOG MESSAGES !!!
20241017 042534.335 INFO             PET0 !!!     THIS MAY CAUSE SLOWDOWN IN PERFORMANCE     !!!
20241017 042534.335 INFO             PET0 !!! FOR PRODUCTION RUNS, USE:                      !!!
20241017 042534.335 INFO             PET0 !!!                   ESMF_LOGKIND_Multi_On_Error  !!!
20241017 042534.335 INFO             PET0 !!!!!!!!!!!!!!!!!!!!!!!!!!!!!!!!!!!!!!!!!!!!!!!!!!!!!!
20241017 042534.335 INFO             PET0 Running with ESMF Version   : v8.8.0b01-6-g3ed6fcfd2b
20241017 042534.335 INFO             PET0 ESMF library build date/time: "Oct 17 2024" "03:32:25"
20241017 042534.335 INFO             PET0 ESMF library build location : /glade/derecho/scratch/sacks/esmf-testing/intel_2023.2.1-classic_mpi_O_develop/esmf
20241017 042534.335 INFO             PET0 ESMF_COMM                   : mpi
20241017 042534.335 INFO             PET0 ESMF_MOAB                   : enabled
20241017 042534.335 INFO             PET0 ESMF_LAPACK                 : enabled
20241017 042534.335 INFO             PET0 ESMF_NETCDF                 : enabled
20241017 042534.335 INFO             PET0 ESMF_PNETCDF                : disabled
20241017 042534.335 INFO             PET0 ESMF_PIO                    : enabled
20241017 042534.335 INFO             PET0 ESMF_YAMLCPP                : enabled
20241017 042534.364 DEBUG            PET0 about to destroy Grid: 0x8e5320
20241017 042534.367 DEBUG            PET0 about to destroy Grid: 0x8e9470
20241017 042534.374 INFO             PET0  NUMBER_OF_PROCESSORS           4
20241017 042534.374 INFO             PET0  PASS  Example ESMF_NUOPCAtmModelEx, ESMF_NUOPCAtmModelEx.F90, line 806
20241017 042534.374 INFO             PET0  Finalizing ESMF
20241017 042534.335 INFO             PET1 !!!!!!!!!!!!!!!!!!!!!!!!!!!!!!!!!!!!!!!!!!!!!!!!!!!!!!
20241017 042534.335 INFO             PET1 !!! THE ESMF_LOG IS SET TO OUTPUT ALL LOG MESSAGES !!!
20241017 042534.335 INFO             PET1 !!!     THIS MAY CAUSE SLOWDOWN IN PERFORMANCE     !!!
20241017 042534.335 INFO             PET1 !!! FOR PRODUCTION RUNS, USE:                      !!!
20241017 042534.335 INFO             PET1 !!!                   ESMF_LOGKIND_Multi_On_Error  !!!
20241017 042534.335 INFO             PET1 !!!!!!!!!!!!!!!!!!!!!!!!!!!!!!!!!!!!!!!!!!!!!!!!!!!!!!
20241017 042534.335 INFO             PET1 Running with ESMF Version   : v8.8.0b01-6-g3ed6fcfd2b
20241017 042534.335 INFO             PET1 ESMF library build date/time: "Oct 17 2024" "03:32:25"
20241017 042534.335 INFO             PET1 ESMF library build location : /glade/derecho/scratch/sacks/esmf-testing/intel_2023.2.1-classic_mpi_O_develop/esmf
20241017 042534.335 INFO             PET1 ESMF_COMM                   : mpi
20241017 042534.335 INFO             PET1 ESMF_MOAB                   : enabled
20241017 042534.335 INFO             PET1 ESMF_LAPACK                 : enabled
20241017 042534.335 INFO             PET1 ESMF_NETCDF                 : enabled
20241017 042534.335 INFO             PET1 ESMF_PNETCDF                : disabled
20241017 042534.335 INFO             PET1 ESMF_PIO                    : enabled
20241017 042534.335 INFO             PET1 ESMF_YAMLCPP                : enabled
20241017 042534.364 DEBUG            PET1 about to destroy Grid: 0x8e50a0
20241017 042534.367 DEBUG            PET1 about to destroy Grid: 0x8e5d80
20241017 042534.374 INFO             PET1  NUMBER_OF_PROCESSORS           4
20241017 042534.374 INFO             PET1  PASS  Example ESMF_NUOPCAtmModelEx, ESMF_NUOPCAtmModelEx.F90, line 806
20241017 042534.374 INFO             PET1  Finalizing ESMF
20241017 042534.335 INFO             PET2 !!!!!!!!!!!!!!!!!!!!!!!!!!!!!!!!!!!!!!!!!!!!!!!!!!!!!!
20241017 042534.335 INFO             PET2 !!! THE ESMF_LOG IS SET TO OUTPUT ALL LOG MESSAGES !!!
20241017 042534.335 INFO             PET2 !!!     THIS MAY CAUSE SLOWDOWN IN PERFORMANCE     !!!
20241017 042534.335 INFO             PET2 !!! FOR PRODUCTION RUNS, USE:                      !!!
20241017 042534.335 INFO             PET2 !!!                   ESMF_LOGKIND_Multi_On_Error  !!!
20241017 042534.335 INFO             PET2 !!!!!!!!!!!!!!!!!!!!!!!!!!!!!!!!!!!!!!!!!!!!!!!!!!!!!!
20241017 042534.335 INFO             PET2 Running with ESMF Version   : v8.8.0b01-6-g3ed6fcfd2b
20241017 042534.335 INFO             PET2 ESMF library build date/time: "Oct 17 2024" "03:32:25"
20241017 042534.335 INFO             PET2 ESMF library build location : /glade/derecho/scratch/sacks/esmf-testing/intel_2023.2.1-classic_mpi_O_develop/esmf
20241017 042534.335 INFO             PET2 ESMF_COMM                   : mpi
20241017 042534.336 INFO             PET2 ESMF_MOAB                   : enabled
20241017 042534.336 INFO             PET2 ESMF_LAPACK                 : enabled
20241017 042534.336 INFO             PET2 ESMF_NETCDF                 : enabled
20241017 042534.336 INFO             PET2 ESMF_PNETCDF                : disabled
20241017 042534.336 INFO             PET2 ESMF_PIO                    : enabled
20241017 042534.336 INFO             PET2 ESMF_YAMLCPP                : enabled
20241017 042534.364 DEBUG            PET2 about to destroy Grid: 0x8e51e0
20241017 042534.367 DEBUG            PET2 about to destroy Grid: 0x8e6280
20241017 042534.374 INFO             PET2  NUMBER_OF_PROCESSORS           4
20241017 042534.374 INFO             PET2  PASS  Example ESMF_NUOPCAtmModelEx, ESMF_NUOPCAtmModelEx.F90, line 806
20241017 042534.374 INFO             PET2  Finalizing ESMF
20241017 042534.334 INFO             PET3 !!!!!!!!!!!!!!!!!!!!!!!!!!!!!!!!!!!!!!!!!!!!!!!!!!!!!!
20241017 042534.334 INFO             PET3 !!! THE ESMF_LOG IS SET TO OUTPUT ALL LOG MESSAGES !!!
20241017 042534.334 INFO             PET3 !!!     THIS MAY CAUSE SLOWDOWN IN PERFORMANCE     !!!
20241017 042534.334 INFO             PET3 !!! FOR PRODUCTION RUNS, USE:                      !!!
20241017 042534.334 INFO             PET3 !!!                   ESMF_LOGKIND_Multi_On_Error  !!!
20241017 042534.334 INFO             PET3 !!!!!!!!!!!!!!!!!!!!!!!!!!!!!!!!!!!!!!!!!!!!!!!!!!!!!!
20241017 042534.334 INFO             PET3 Running with ESMF Version   : v8.8.0b01-6-g3ed6fcfd2b
20241017 042534.334 INFO             PET3 ESMF library build date/time: "Oct 17 2024" "03:32:25"
20241017 042534.334 INFO             PET3 ESMF library build location : /glade/derecho/scratch/sacks/esmf-testing/intel_2023.2.1-classic_mpi_O_develop/esmf
20241017 042534.334 INFO             PET3 ESMF_COMM                   : mpi
20241017 042534.335 INFO             PET3 ESMF_MOAB                   : enabled
20241017 042534.335 INFO             PET3 ESMF_LAPACK                 : enabled
20241017 042534.335 INFO             PET3 ESMF_NETCDF                 : enabled
20241017 042534.335 INFO             PET3 ESMF_PNETCDF                : disabled
20241017 042534.335 INFO             PET3 ESMF_PIO                    : enabled
20241017 042534.335 INFO             PET3 ESMF_YAMLCPP                : enabled
20241017 042534.364 DEBUG            PET3 about to destroy Grid: 0x8e54b0
20241017 042534.367 DEBUG            PET3 about to destroy Grid: 0x8e6550
20241017 042534.374 INFO             PET3  NUMBER_OF_PROCESSORS           4
20241017 042534.374 INFO             PET3  PASS  Example ESMF_NUOPCAtmModelEx, ESMF_NUOPCAtmModelEx.F90, line 806
20241017 042534.374 INFO             PET3  Finalizing ESMF
