2024-10-12 03:27:26
20241012 041640.987 INFO             PET0 !!!!!!!!!!!!!!!!!!!!!!!!!!!!!!!!!!!!!!!!!!!!!!!!!!!!!!
20241012 041640.987 INFO             PET0 !!! THE ESMF_LOG IS SET TO OUTPUT ALL LOG MESSAGES !!!
20241012 041640.987 INFO             PET0 !!!     THIS MAY CAUSE SLOWDOWN IN PERFORMANCE     !!!
20241012 041640.987 INFO             PET0 !!! FOR PRODUCTION RUNS, USE:                      !!!
20241012 041640.987 INFO             PET0 !!!                   ESMF_LOGKIND_Multi_On_Error  !!!
20241012 041640.987 INFO             PET0 !!!!!!!!!!!!!!!!!!!!!!!!!!!!!!!!!!!!!!!!!!!!!!!!!!!!!!
20241012 041640.987 INFO             PET0 Running with ESMF Version   : v8.8.0b01
20241012 041640.987 INFO             PET0 ESMF library build date/time: "Oct 12 2024" "03:24:14"
20241012 041640.987 INFO             PET0 ESMF library build location : /glade/derecho/scratch/sacks/esmf-testing/intel_2023.2.1-classic_mpi_O_develop/esmf
20241012 041640.987 INFO             PET0 ESMF_COMM                   : mpi
20241012 041640.988 INFO             PET0 ESMF_MOAB                   : enabled
20241012 041640.988 INFO             PET0 ESMF_LAPACK                 : enabled
20241012 041640.988 INFO             PET0 ESMF_NETCDF                 : enabled
20241012 041640.988 INFO             PET0 ESMF_PNETCDF                : disabled
20241012 041640.988 INFO             PET0 ESMF_PIO                    : enabled
20241012 041640.988 INFO             PET0 ESMF_YAMLCPP                : enabled
20241012 041640.988 INFO             PET0 ESMF Tracing Enabled
20241012 041640.988 INFO             PET0 ESMF Profiling Enabled
20241012 041640.988 INFO             PET0 ESMF Trace/Profile clock: REALTIME
20241012 041641.244 INFO             PET0  NUMBER_OF_PROCESSORS           4
20241012 041641.244 INFO             PET0  PASS  Example ESMF_TraceUserEx, ESMF_TraceUserEx.F90, line 125
20241012 041641.244 INFO             PET0  Finalizing ESMF
20241012 041641.244 INFO             PET0 **************** Region Timings *******************
20241012 041641.244 INFO             PET0 Region                Count  Total (s)   Self (s)    Mean (s)    Min (s)     Max (s)
20241012 041641.244 INFO             PET0   [ESMF]              1      0.0002      0.0002      0.0002      0.0002      0.0002
20241012 041641.244 INFO             PET0     outer_region      1      0.0000      0.0000      0.0000      0.0000      0.0000
20241012 041641.244 INFO             PET0       inner_region_1  10     0.0000      0.0000      0.0000      0.0000      0.0000
20241012 041641.244 INFO             PET0       inner_region_2  10     0.0000      0.0000      0.0000      0.0000      0.0000
20241012 041641.195 INFO             PET1 !!!!!!!!!!!!!!!!!!!!!!!!!!!!!!!!!!!!!!!!!!!!!!!!!!!!!!
20241012 041641.195 INFO             PET1 !!! THE ESMF_LOG IS SET TO OUTPUT ALL LOG MESSAGES !!!
20241012 041641.195 INFO             PET1 !!!     THIS MAY CAUSE SLOWDOWN IN PERFORMANCE     !!!
20241012 041641.195 INFO             PET1 !!! FOR PRODUCTION RUNS, USE:                      !!!
20241012 041641.195 INFO             PET1 !!!                   ESMF_LOGKIND_Multi_On_Error  !!!
20241012 041641.195 INFO             PET1 !!!!!!!!!!!!!!!!!!!!!!!!!!!!!!!!!!!!!!!!!!!!!!!!!!!!!!
20241012 041641.195 INFO             PET1 Running with ESMF Version   : v8.8.0b01
20241012 041641.195 INFO             PET1 ESMF library build date/time: "Oct 12 2024" "03:24:14"
20241012 041641.195 INFO             PET1 ESMF library build location : /glade/derecho/scratch/sacks/esmf-testing/intel_2023.2.1-classic_mpi_O_develop/esmf
20241012 041641.195 INFO             PET1 ESMF_COMM                   : mpi
20241012 041641.204 INFO             PET1 ESMF_MOAB                   : enabled
20241012 041641.204 INFO             PET1 ESMF_LAPACK                 : enabled
20241012 041641.204 INFO             PET1 ESMF_NETCDF                 : enabled
20241012 041641.204 INFO             PET1 ESMF_PNETCDF                : disabled
20241012 041641.204 INFO             PET1 ESMF_PIO                    : enabled
20241012 041641.204 INFO             PET1 ESMF_YAMLCPP                : enabled
20241012 041641.204 INFO             PET1 ESMF Tracing Enabled
20241012 041641.204 INFO             PET1 ESMF Profiling Enabled
20241012 041641.204 INFO             PET1 ESMF Trace/Profile clock: REALTIME
20241012 041641.244 INFO             PET1  NUMBER_OF_PROCESSORS           4
20241012 041641.244 INFO             PET1  PASS  Example ESMF_TraceUserEx, ESMF_TraceUserEx.F90, line 125
20241012 041641.244 INFO             PET1  Finalizing ESMF
20241012 041641.244 INFO             PET1 **************** Region Timings *******************
20241012 041641.244 INFO             PET1 Region                Count  Total (s)   Self (s)    Mean (s)    Min (s)     Max (s)
20241012 041641.244 INFO             PET1   [ESMF]              1      0.0068      0.0068      0.0068      0.0068      0.0068
20241012 041641.244 INFO             PET1     outer_region      1      0.0000      0.0000      0.0000      0.0000      0.0000
20241012 041641.244 INFO             PET1       inner_region_1  10     0.0000      0.0000      0.0000      0.0000      0.0000
20241012 041641.244 INFO             PET1       inner_region_2  10     0.0000      0.0000      0.0000      0.0000      0.0000
20241012 041640.987 INFO             PET2 !!!!!!!!!!!!!!!!!!!!!!!!!!!!!!!!!!!!!!!!!!!!!!!!!!!!!!
20241012 041640.987 INFO             PET2 !!! THE ESMF_LOG IS SET TO OUTPUT ALL LOG MESSAGES !!!
20241012 041640.987 INFO             PET2 !!!     THIS MAY CAUSE SLOWDOWN IN PERFORMANCE     !!!
20241012 041640.987 INFO             PET2 !!! FOR PRODUCTION RUNS, USE:                      !!!
20241012 041640.987 INFO             PET2 !!!                   ESMF_LOGKIND_Multi_On_Error  !!!
20241012 041640.987 INFO             PET2 !!!!!!!!!!!!!!!!!!!!!!!!!!!!!!!!!!!!!!!!!!!!!!!!!!!!!!
20241012 041640.987 INFO             PET2 Running with ESMF Version   : v8.8.0b01
20241012 041640.987 INFO             PET2 ESMF library build date/time: "Oct 12 2024" "03:24:14"
20241012 041640.987 INFO             PET2 ESMF library build location : /glade/derecho/scratch/sacks/esmf-testing/intel_2023.2.1-classic_mpi_O_develop/esmf
20241012 041640.987 INFO             PET2 ESMF_COMM                   : mpi
20241012 041640.988 INFO             PET2 ESMF_MOAB                   : enabled
20241012 041640.988 INFO             PET2 ESMF_LAPACK                 : enabled
20241012 041640.988 INFO             PET2 ESMF_NETCDF                 : enabled
20241012 041640.988 INFO             PET2 ESMF_PNETCDF                : disabled
20241012 041640.988 INFO             PET2 ESMF_PIO                    : enabled
20241012 041640.988 INFO             PET2 ESMF_YAMLCPP                : enabled
20241012 041640.988 INFO             PET2 ESMF Tracing Enabled
20241012 041640.988 INFO             PET2 ESMF Profiling Enabled
20241012 041640.988 INFO             PET2 ESMF Trace/Profile clock: REALTIME
20241012 041641.244 INFO             PET2  NUMBER_OF_PROCESSORS           4
20241012 041641.244 INFO             PET2  PASS  Example ESMF_TraceUserEx, ESMF_TraceUserEx.F90, line 125
20241012 041641.244 INFO             PET2  Finalizing ESMF
20241012 041641.244 INFO             PET2 **************** Region Timings *******************
20241012 041641.244 INFO             PET2 Region                Count  Total (s)   Self (s)    Mean (s)    Min (s)     Max (s)
20241012 041641.244 INFO             PET2   [ESMF]              1      0.0252      0.0251      0.0252      0.0252      0.0252
20241012 041641.244 INFO             PET2     outer_region      1      0.0000      0.0000      0.0000      0.0000      0.0000
20241012 041641.244 INFO             PET2       inner_region_1  10     0.0000      0.0000      0.0000      0.0000      0.0000
20241012 041641.244 INFO             PET2       inner_region_2  10     0.0000      0.0000      0.0000      0.0000      0.0000
20241012 041640.988 INFO             PET3 !!!!!!!!!!!!!!!!!!!!!!!!!!!!!!!!!!!!!!!!!!!!!!!!!!!!!!
20241012 041640.988 INFO             PET3 !!! THE ESMF_LOG IS SET TO OUTPUT ALL LOG MESSAGES !!!
20241012 041640.988 INFO             PET3 !!!     THIS MAY CAUSE SLOWDOWN IN PERFORMANCE     !!!
20241012 041640.988 INFO             PET3 !!! FOR PRODUCTION RUNS, USE:                      !!!
20241012 041640.988 INFO             PET3 !!!                   ESMF_LOGKIND_Multi_On_Error  !!!
20241012 041640.988 INFO             PET3 !!!!!!!!!!!!!!!!!!!!!!!!!!!!!!!!!!!!!!!!!!!!!!!!!!!!!!
20241012 041640.988 INFO             PET3 Running with ESMF Version   : v8.8.0b01
20241012 041640.988 INFO             PET3 ESMF library build date/time: "Oct 12 2024" "03:24:14"
20241012 041640.988 INFO             PET3 ESMF library build location : /glade/derecho/scratch/sacks/esmf-testing/intel_2023.2.1-classic_mpi_O_develop/esmf
20241012 041640.988 INFO             PET3 ESMF_COMM                   : mpi
20241012 041640.989 INFO             PET3 ESMF_MOAB                   : enabled
20241012 041640.989 INFO             PET3 ESMF_LAPACK                 : enabled
20241012 041640.989 INFO             PET3 ESMF_NETCDF                 : enabled
20241012 041640.989 INFO             PET3 ESMF_PNETCDF                : disabled
20241012 041640.989 INFO             PET3 ESMF_PIO                    : enabled
20241012 041640.989 INFO             PET3 ESMF_YAMLCPP                : enabled
20241012 041640.989 INFO             PET3 ESMF Tracing Enabled
20241012 041640.989 INFO             PET3 ESMF Profiling Enabled
20241012 041640.989 INFO             PET3 ESMF Trace/Profile clock: REALTIME
20241012 041641.244 INFO             PET3  NUMBER_OF_PROCESSORS           4
20241012 041641.244 INFO             PET3  PASS  Example ESMF_TraceUserEx, ESMF_TraceUserEx.F90, line 125
20241012 041641.244 INFO             PET3  Finalizing ESMF
20241012 041641.244 INFO             PET3 **************** Region Timings *******************
20241012 041641.244 INFO             PET3 Region                Count  Total (s)   Self (s)    Mean (s)    Min (s)     Max (s)
20241012 041641.244 INFO             PET3   [ESMF]              1      0.0179      0.0179      0.0179      0.0179      0.0179
20241012 041641.244 INFO             PET3     outer_region      1      0.0000      0.0000      0.0000      0.0000      0.0000
20241012 041641.244 INFO             PET3       inner_region_1  10     0.0000      0.0000      0.0000      0.0000      0.0000
20241012 041641.244 INFO             PET3       inner_region_2  10     0.0000      0.0000      0.0000      0.0000      0.0000
