2024-10-15 01:52:56
20241015 023450.887 INFO             PET0 !!!!!!!!!!!!!!!!!!!!!!!!!!!!!!!!!!!!!!!!!!!!!!!!!!!!!!
20241015 023450.887 INFO             PET0 !!! THE ESMF_LOG IS SET TO OUTPUT ALL LOG MESSAGES !!!
20241015 023450.887 INFO             PET0 !!!     THIS MAY CAUSE SLOWDOWN IN PERFORMANCE     !!!
20241015 023450.887 INFO             PET0 !!! FOR PRODUCTION RUNS, USE:                      !!!
20241015 023450.887 INFO             PET0 !!!                   ESMF_LOGKIND_Multi_On_Error  !!!
20241015 023450.887 INFO             PET0 !!!!!!!!!!!!!!!!!!!!!!!!!!!!!!!!!!!!!!!!!!!!!!!!!!!!!!
20241015 023450.887 INFO             PET0 Running with ESMF Version   : v8.8.0b01
20241015 023450.887 INFO             PET0 ESMF library build date/time: "Oct 15 2024" "01:50:30"
20241015 023450.887 INFO             PET0 ESMF library build location : /glade/derecho/scratch/sacks/esmf-testing/intel_2023.2.1_mpi_g_develop/esmf
20241015 023450.887 INFO             PET0 ESMF_COMM                   : mpi
20241015 023450.888 INFO             PET0 ESMF_MOAB                   : enabled
20241015 023450.888 INFO             PET0 ESMF_LAPACK                 : enabled
20241015 023450.888 INFO             PET0 ESMF_NETCDF                 : enabled
20241015 023450.888 INFO             PET0 ESMF_PNETCDF                : disabled
20241015 023450.888 INFO             PET0 ESMF_PIO                    : enabled
20241015 023450.888 INFO             PET0 ESMF_YAMLCPP                : enabled
20241015 023450.890 INFO             PET0  NUMBER_OF_PROCESSORS           4
20241015 023450.890 INFO             PET0  PASS  Example ESMF_VMUserMpiCommMultiEx, ESMF_VMUserMpiCommMultiEx.F90, line 126
20241015 023450.890 INFO             PET0  Finalizing ESMF with endflag==ESMF_END_KEEPMPI
20241015 023450.994 INFO             PET0 !!!!!!!!!!!!!!!!!!!!!!!!!!!!!!!!!!!!!!!!!!!!!!!!!!!!!!
20241015 023450.994 INFO             PET0 !!! THE ESMF_LOG IS SET TO OUTPUT ALL LOG MESSAGES !!!
20241015 023450.994 INFO             PET0 !!!     THIS MAY CAUSE SLOWDOWN IN PERFORMANCE     !!!
20241015 023450.994 INFO             PET0 !!! FOR PRODUCTION RUNS, USE:                      !!!
20241015 023450.994 INFO             PET0 !!!                   ESMF_LOGKIND_Multi_On_Error  !!!
20241015 023450.994 INFO             PET0 !!!!!!!!!!!!!!!!!!!!!!!!!!!!!!!!!!!!!!!!!!!!!!!!!!!!!!
20241015 023450.994 INFO             PET0 Running with ESMF Version   : v8.8.0b01
20241015 023450.994 INFO             PET0 ESMF library build date/time: "Oct 15 2024" "01:50:30"
20241015 023450.994 INFO             PET0 ESMF library build location : /glade/derecho/scratch/sacks/esmf-testing/intel_2023.2.1_mpi_g_develop/esmf
20241015 023450.994 INFO             PET0 ESMF_COMM                   : mpi
20241015 023450.995 INFO             PET0 ESMF_MOAB                   : enabled
20241015 023450.995 INFO             PET0 ESMF_LAPACK                 : enabled
20241015 023450.995 INFO             PET0 ESMF_NETCDF                 : enabled
20241015 023450.995 INFO             PET0 ESMF_PNETCDF                : disabled
20241015 023450.995 INFO             PET0 ESMF_PIO                    : enabled
20241015 023450.995 INFO             PET0 ESMF_YAMLCPP                : enabled
20241015 023450.995 INFO             PET0  NUMBER_OF_PROCESSORS           4
20241015 023450.995 INFO             PET0  PASS  Example ESMF_VMUserMpiCommMultiEx, ESMF_VMUserMpiCommMultiEx.F90, line 154
20241015 023450.995 INFO             PET0  Finalizing ESMF with endflag==ESMF_END_KEEPMPI
20241015 023450.889 INFO             PET1 !!!!!!!!!!!!!!!!!!!!!!!!!!!!!!!!!!!!!!!!!!!!!!!!!!!!!!
20241015 023450.889 INFO             PET1 !!! THE ESMF_LOG IS SET TO OUTPUT ALL LOG MESSAGES !!!
20241015 023450.889 INFO             PET1 !!!     THIS MAY CAUSE SLOWDOWN IN PERFORMANCE     !!!
20241015 023450.889 INFO             PET1 !!! FOR PRODUCTION RUNS, USE:                      !!!
20241015 023450.889 INFO             PET1 !!!                   ESMF_LOGKIND_Multi_On_Error  !!!
20241015 023450.889 INFO             PET1 !!!!!!!!!!!!!!!!!!!!!!!!!!!!!!!!!!!!!!!!!!!!!!!!!!!!!!
20241015 023450.889 INFO             PET1 Running with ESMF Version   : v8.8.0b01
20241015 023450.889 INFO             PET1 ESMF library build date/time: "Oct 15 2024" "01:50:30"
20241015 023450.889 INFO             PET1 ESMF library build location : /glade/derecho/scratch/sacks/esmf-testing/intel_2023.2.1_mpi_g_develop/esmf
20241015 023450.889 INFO             PET1 ESMF_COMM                   : mpi
20241015 023450.890 INFO             PET1 ESMF_MOAB                   : enabled
20241015 023450.890 INFO             PET1 ESMF_LAPACK                 : enabled
20241015 023450.890 INFO             PET1 ESMF_NETCDF                 : enabled
20241015 023450.890 INFO             PET1 ESMF_PNETCDF                : disabled
20241015 023450.890 INFO             PET1 ESMF_PIO                    : enabled
20241015 023450.890 INFO             PET1 ESMF_YAMLCPP                : enabled
20241015 023450.890 INFO             PET1  NUMBER_OF_PROCESSORS           4
20241015 023450.890 INFO             PET1  PASS  Example ESMF_VMUserMpiCommMultiEx, ESMF_VMUserMpiCommMultiEx.F90, line 126
20241015 023450.890 INFO             PET1  Finalizing ESMF with endflag==ESMF_END_KEEPMPI
20241015 023450.886 INFO             PET1 !!!!!!!!!!!!!!!!!!!!!!!!!!!!!!!!!!!!!!!!!!!!!!!!!!!!!!
20241015 023450.886 INFO             PET1 !!! THE ESMF_LOG IS SET TO OUTPUT ALL LOG MESSAGES !!!
20241015 023450.886 INFO             PET1 !!!     THIS MAY CAUSE SLOWDOWN IN PERFORMANCE     !!!
20241015 023450.886 INFO             PET1 !!! FOR PRODUCTION RUNS, USE:                      !!!
20241015 023450.886 INFO             PET1 !!!                   ESMF_LOGKIND_Multi_On_Error  !!!
20241015 023450.886 INFO             PET1 !!!!!!!!!!!!!!!!!!!!!!!!!!!!!!!!!!!!!!!!!!!!!!!!!!!!!!
20241015 023450.886 INFO             PET1 Running with ESMF Version   : v8.8.0b01
20241015 023450.886 INFO             PET1 ESMF library build date/time: "Oct 15 2024" "01:50:30"
20241015 023450.886 INFO             PET1 ESMF library build location : /glade/derecho/scratch/sacks/esmf-testing/intel_2023.2.1_mpi_g_develop/esmf
20241015 023450.886 INFO             PET1 ESMF_COMM                   : mpi
20241015 023450.887 INFO             PET1 ESMF_MOAB                   : enabled
20241015 023450.887 INFO             PET1 ESMF_LAPACK                 : enabled
20241015 023450.887 INFO             PET1 ESMF_NETCDF                 : enabled
20241015 023450.887 INFO             PET1 ESMF_PNETCDF                : disabled
20241015 023450.887 INFO             PET1 ESMF_PIO                    : enabled
20241015 023450.887 INFO             PET1 ESMF_YAMLCPP                : enabled
20241015 023450.995 INFO             PET1  NUMBER_OF_PROCESSORS           4
20241015 023450.995 INFO             PET1  PASS  Example ESMF_VMUserMpiCommMultiEx, ESMF_VMUserMpiCommMultiEx.F90, line 154
20241015 023450.995 INFO             PET1  Finalizing ESMF with endflag==ESMF_END_KEEPMPI
