2025-05-07 22:55:55
20250508 013704.256 INFO             PET0 !!!!!!!!!!!!!!!!!!!!!!!!!!!!!!!!!!!!!!!!!!!!!!!!!!!!!!
20250508 013704.256 INFO             PET0 !!! THE ESMF_LOG IS SET TO OUTPUT ALL LOG MESSAGES !!!
20250508 013704.256 INFO             PET0 !!!     THIS MAY CAUSE SLOWDOWN IN PERFORMANCE     !!!
20250508 013704.256 INFO             PET0 !!! FOR PRODUCTION RUNS, USE:                      !!!
20250508 013704.256 INFO             PET0 !!!                   ESMF_LOGKIND_Multi_On_Error  !!!
20250508 013704.256 INFO             PET0 !!!!!!!!!!!!!!!!!!!!!!!!!!!!!!!!!!!!!!!!!!!!!!!!!!!!!!
20250508 013704.256 INFO             PET0 Running with ESMF Version   : v8.9.0b08-5-g079ca68fdc
20250508 013704.256 INFO             PET0 ESMF library build date/time: "May  7 2025" "22:50:52"
20250508 013704.256 INFO             PET0 ESMF library build location : /discover/nobackup/projects/gmao/SIteam/ESMF_Testing/intel_2021.13.0_intelmpi_g_develop/esmf
20250508 013704.256 INFO             PET0 ESMF_COMM                   : intelmpi
20250508 013704.257 INFO             PET0 ESMF_MOAB                   : enabled
20250508 013704.257 INFO             PET0 ESMF_LAPACK                 : enabled
20250508 013704.257 INFO             PET0 ESMF_NETCDF                 : enabled
20250508 013704.257 INFO             PET0 ESMF_PNETCDF                : disabled
20250508 013704.257 INFO             PET0 ESMF_PIO                    : enabled
20250508 013704.257 INFO             PET0 ESMF_YAMLCPP                : enabled
20250508 013704.261 INFO             PET0 =============================================
20250508 013704.261 INFO             PET0 ESMX (Earth System Model eXecutable) STARTING
20250508 013704.261 INFO             PET0 =============================================
20250508 013704.280 INFO             PET0 =============================================
20250508 013704.280 INFO             PET0 ESMX (Earth System Model eXecutable) FINISHED
20250508 013704.280 INFO             PET0 =============================================
20250508 013704.280 INFO             PET0  Finalizing ESMF
20250508 013704.256 INFO             PET1 !!!!!!!!!!!!!!!!!!!!!!!!!!!!!!!!!!!!!!!!!!!!!!!!!!!!!!
20250508 013704.256 INFO             PET1 !!! THE ESMF_LOG IS SET TO OUTPUT ALL LOG MESSAGES !!!
20250508 013704.256 INFO             PET1 !!!     THIS MAY CAUSE SLOWDOWN IN PERFORMANCE     !!!
20250508 013704.256 INFO             PET1 !!! FOR PRODUCTION RUNS, USE:                      !!!
20250508 013704.256 INFO             PET1 !!!                   ESMF_LOGKIND_Multi_On_Error  !!!
20250508 013704.256 INFO             PET1 !!!!!!!!!!!!!!!!!!!!!!!!!!!!!!!!!!!!!!!!!!!!!!!!!!!!!!
20250508 013704.256 INFO             PET1 Running with ESMF Version   : v8.9.0b08-5-g079ca68fdc
20250508 013704.256 INFO             PET1 ESMF library build date/time: "May  7 2025" "22:50:52"
20250508 013704.256 INFO             PET1 ESMF library build location : /discover/nobackup/projects/gmao/SIteam/ESMF_Testing/intel_2021.13.0_intelmpi_g_develop/esmf
20250508 013704.256 INFO             PET1 ESMF_COMM                   : intelmpi
20250508 013704.257 INFO             PET1 ESMF_MOAB                   : enabled
20250508 013704.257 INFO             PET1 ESMF_LAPACK                 : enabled
20250508 013704.257 INFO             PET1 ESMF_NETCDF                 : enabled
20250508 013704.257 INFO             PET1 ESMF_PNETCDF                : disabled
20250508 013704.257 INFO             PET1 ESMF_PIO                    : enabled
20250508 013704.257 INFO             PET1 ESMF_YAMLCPP                : enabled
20250508 013704.261 INFO             PET1 =============================================
20250508 013704.261 INFO             PET1 ESMX (Earth System Model eXecutable) STARTING
20250508 013704.261 INFO             PET1 =============================================
20250508 013704.280 INFO             PET1 =============================================
20250508 013704.280 INFO             PET1 ESMX (Earth System Model eXecutable) FINISHED
20250508 013704.280 INFO             PET1 =============================================
20250508 013704.280 INFO             PET1  Finalizing ESMF
20250508 013704.257 INFO             PET2 !!!!!!!!!!!!!!!!!!!!!!!!!!!!!!!!!!!!!!!!!!!!!!!!!!!!!!
20250508 013704.257 INFO             PET2 !!! THE ESMF_LOG IS SET TO OUTPUT ALL LOG MESSAGES !!!
20250508 013704.257 INFO             PET2 !!!     THIS MAY CAUSE SLOWDOWN IN PERFORMANCE     !!!
20250508 013704.257 INFO             PET2 !!! FOR PRODUCTION RUNS, USE:                      !!!
20250508 013704.257 INFO             PET2 !!!                   ESMF_LOGKIND_Multi_On_Error  !!!
20250508 013704.257 INFO             PET2 !!!!!!!!!!!!!!!!!!!!!!!!!!!!!!!!!!!!!!!!!!!!!!!!!!!!!!
20250508 013704.257 INFO             PET2 Running with ESMF Version   : v8.9.0b08-5-g079ca68fdc
20250508 013704.257 INFO             PET2 ESMF library build date/time: "May  7 2025" "22:50:52"
20250508 013704.257 INFO             PET2 ESMF library build location : /discover/nobackup/projects/gmao/SIteam/ESMF_Testing/intel_2021.13.0_intelmpi_g_develop/esmf
20250508 013704.257 INFO             PET2 ESMF_COMM                   : intelmpi
20250508 013704.257 INFO             PET2 ESMF_MOAB                   : enabled
20250508 013704.257 INFO             PET2 ESMF_LAPACK                 : enabled
20250508 013704.257 INFO             PET2 ESMF_NETCDF                 : enabled
20250508 013704.257 INFO             PET2 ESMF_PNETCDF                : disabled
20250508 013704.257 INFO             PET2 ESMF_PIO                    : enabled
20250508 013704.257 INFO             PET2 ESMF_YAMLCPP                : enabled
20250508 013704.261 INFO             PET2 =============================================
20250508 013704.261 INFO             PET2 ESMX (Earth System Model eXecutable) STARTING
20250508 013704.261 INFO             PET2 =============================================
20250508 013704.280 INFO             PET2 =============================================
20250508 013704.280 INFO             PET2 ESMX (Earth System Model eXecutable) FINISHED
20250508 013704.280 INFO             PET2 =============================================
20250508 013704.280 INFO             PET2  Finalizing ESMF
20250508 013704.256 INFO             PET3 !!!!!!!!!!!!!!!!!!!!!!!!!!!!!!!!!!!!!!!!!!!!!!!!!!!!!!
20250508 013704.257 INFO             PET3 !!! THE ESMF_LOG IS SET TO OUTPUT ALL LOG MESSAGES !!!
20250508 013704.257 INFO             PET3 !!!     THIS MAY CAUSE SLOWDOWN IN PERFORMANCE     !!!
20250508 013704.257 INFO             PET3 !!! FOR PRODUCTION RUNS, USE:                      !!!
20250508 013704.257 INFO             PET3 !!!                   ESMF_LOGKIND_Multi_On_Error  !!!
20250508 013704.257 INFO             PET3 !!!!!!!!!!!!!!!!!!!!!!!!!!!!!!!!!!!!!!!!!!!!!!!!!!!!!!
20250508 013704.257 INFO             PET3 Running with ESMF Version   : v8.9.0b08-5-g079ca68fdc
20250508 013704.257 INFO             PET3 ESMF library build date/time: "May  7 2025" "22:50:52"
20250508 013704.257 INFO             PET3 ESMF library build location : /discover/nobackup/projects/gmao/SIteam/ESMF_Testing/intel_2021.13.0_intelmpi_g_develop/esmf
20250508 013704.257 INFO             PET3 ESMF_COMM                   : intelmpi
20250508 013704.257 INFO             PET3 ESMF_MOAB                   : enabled
20250508 013704.257 INFO             PET3 ESMF_LAPACK                 : enabled
20250508 013704.257 INFO             PET3 ESMF_NETCDF                 : enabled
20250508 013704.257 INFO             PET3 ESMF_PNETCDF                : disabled
20250508 013704.257 INFO             PET3 ESMF_PIO                    : enabled
20250508 013704.257 INFO             PET3 ESMF_YAMLCPP                : enabled
20250508 013704.261 INFO             PET3 =============================================
20250508 013704.261 INFO             PET3 ESMX (Earth System Model eXecutable) STARTING
20250508 013704.261 INFO             PET3 =============================================
20250508 013704.280 INFO             PET3 =============================================
20250508 013704.280 INFO             PET3 ESMX (Earth System Model eXecutable) FINISHED
20250508 013704.280 INFO             PET3 =============================================
20250508 013704.280 INFO             PET3  Finalizing ESMF
