2024-10-16 22:27:00
20241016 232812.823 INFO             PET0 !!!!!!!!!!!!!!!!!!!!!!!!!!!!!!!!!!!!!!!!!!!!!!!!!!!!!!
20241016 232812.823 INFO             PET0 !!! THE ESMF_LOG IS SET TO OUTPUT ALL LOG MESSAGES !!!
20241016 232812.823 INFO             PET0 !!!     THIS MAY CAUSE SLOWDOWN IN PERFORMANCE     !!!
20241016 232812.823 INFO             PET0 !!! FOR PRODUCTION RUNS, USE:                      !!!
20241016 232812.823 INFO             PET0 !!!                   ESMF_LOGKIND_Multi_On_Error  !!!
20241016 232812.823 INFO             PET0 !!!!!!!!!!!!!!!!!!!!!!!!!!!!!!!!!!!!!!!!!!!!!!!!!!!!!!
20241016 232812.823 INFO             PET0 Running with ESMF Version   : v8.8.0b01-6-g3ed6fcfd2b
20241016 232812.823 INFO             PET0 ESMF library build date/time: "Oct 16 2024" "22:24:38"
20241016 232812.823 INFO             PET0 ESMF library build location : /discover/nobackup/projects/gmao/SIteam/ESMF_Testing/intel_2021.13.0_intelmpi_g_develop/esmf
20241016 232812.823 INFO             PET0 ESMF_COMM                   : intelmpi
20241016 232812.823 INFO             PET0 ESMF_MOAB                   : enabled
20241016 232812.823 INFO             PET0 ESMF_LAPACK                 : enabled
20241016 232812.823 INFO             PET0 ESMF_NETCDF                 : enabled
20241016 232812.823 INFO             PET0 ESMF_PNETCDF                : disabled
20241016 232812.823 INFO             PET0 ESMF_PIO                    : enabled
20241016 232812.823 INFO             PET0 ESMF_YAMLCPP                : enabled
20241016 232812.828 INFO             PET0 =============================================
20241016 232812.828 INFO             PET0 ESMX (Earth System Model eXecutable) STARTING
20241016 232812.828 INFO             PET0 =============================================
20241016 232812.839 INFO             PET0 ESMX_Driver: InitializeGeneric intro.
20241016 232812.839 INFO             PET0   ESMX_Driver: InitializeP0 intro.
20241016 232812.839 INFO             PET0   ESMX_Driver: InitializeP0 extro.
20241016 232812.839 INFO             PET0   ESMX_Driver: InitializeIPDv02p1 intro.
20241016 232812.839 INFO             PET0     >>>ESMX_Driver: entered Initialize (phase=<none>) without valid internal Clock.
20241016 232812.846 INFO             PET0     ESMX_Driver - Creating model component MDL without petList.
20241016 232812.852 DEBUG            PET0     Generic SetVM() is executing for: MDL
20241016 232812.852 DEBUG            PET0     Generic SetVM() found no NUOPC Hint for: MDL
20241016 232812.852 DEBUG            PET0     Generic SetVM() therefore is NOT calling ESMF_GridCompSetVMMaxPEs() for: MDL
20241016 232812.862 INFO             PET0     ESMX_Driver: IInitAdvertise intro.
20241016 232812.863 INFO             PET0     ESMX_Driver: IInitAdvertise extro.
20241016 232812.863 INFO             PET0     Message from inside C component Advertise() method
20241016 232812.864 INFO             PET0     ESMX_Driver: IInitAdvertiseFinish intro.
20241016 232812.864 INFO             PET0     ESMX_Driver: IInitAdvertiseFinish extro.
20241016 232812.864 INFO             PET0     ESMX_Driver: IInitModifyCplLists intro.
20241016 232812.865 INFO             PET0     ESMX_Driver: IInitModifyCplLists extro.
20241016 232812.865 INFO             PET0     <<<ESMX_Driver: leaving Initialize (phase=<none>) with current time: 2012 10 24 18  0  0   0
20241016 232812.865 INFO             PET0   ESMX_Driver: InitializeIPDv02p1 extro.
20241016 232812.865 INFO             PET0   ESMX_Driver: InitializeIPDv02p3 intro.
20241016 232812.865 INFO             PET0     >>>ESMX_Driver: entered Initialize (phase=<none>) with current time: 2012 10 24 18  0  0   0
20241016 232812.866 INFO             PET0     ESMX_Driver: IInitCheck intro.
20241016 232812.866 INFO             PET0     ESMX_Driver: IInitCheck extro.
20241016 232812.866 INFO             PET0     ESMX_Driver: IInitRealize intro.
20241016 232812.866 INFO             PET0     ESMX_Driver: IInitRealize extro.
20241016 232812.867 INFO             PET0     <<<ESMX_Driver: leaving Initialize (phase=<none>) with current time: 2012 10 24 18  0  0   0
20241016 232812.867 INFO             PET0   ESMX_Driver: InitializeIPDv02p3 extro.
20241016 232812.867 INFO             PET0   ESMX_Driver: InitializeIPDv02p5 intro.
20241016 232812.867 INFO             PET0     >>>ESMX_Driver: entered Initialize (phase=<none>) with current time: 2012 10 24 18  0  0   0
20241016 232812.868 INFO             PET0     ESMX_Driver: InitializeIPDv02p5Data intro.
20241016 232812.868 INFO             PET0       ESMX_Driver: InternalInitializeComplete intro.
20241016 232812.868 INFO             PET0       ESMX_Driver: InternalInitializeComplete extro.
20241016 232812.870 INFO             PET0       ESMX_Driver: loopDataDependentInitialize intro.
20241016 232812.870 INFO             PET0       ESMX_Driver: loopDataDependentInitialize extro.
20241016 232812.870 INFO             PET0     ESMX_Driver: InitializeIPDv02p5Data extro.
20241016 232812.870 INFO             PET0     <<<ESMX_Driver: leaving Initialize (phase=<none>) with current time: 2012 10 24 18  0  0   0
20241016 232812.870 INFO             PET0   ESMX_Driver: InitializeIPDv02p5 extro.
20241016 232812.870 INFO             PET0 ESMX_Driver: InitializeGeneric extro.
20241016 232812.870 INFO             PET0 ESMX_Driver: Run intro.
20241016 232812.870 INFO             PET0   >>>ESMX_Driver: entered Run (phase=RunPhase1) with current time: 2012 10 24 18  0  0   0
20241016 232812.871 INFO             PET0   Message from inside C component Advance() method
20241016 232812.871 INFO             PET0   <<<ESMX_Driver: leaving Run (phase=RunPhase1) with current time: 2012 10 24 19  0  0   0
20241016 232812.871 INFO             PET0 ESMX_Driver: Run extro.
20241016 232812.871 INFO             PET0 ESMX_Driver: Finalize intro.
20241016 232812.871 INFO             PET0   Calling Finalize phase 1 for modelComp: MDL
20241016 232812.872 INFO             PET0   Delete modelComp: MDL
20241016 232812.872 INFO             PET0 ESMX_Driver: Finalize extro.
20241016 232812.872 INFO             PET0 =============================================
20241016 232812.872 INFO             PET0 ESMX (Earth System Model eXecutable) FINISHED
20241016 232812.872 INFO             PET0 =============================================
20241016 232812.872 INFO             PET0  Finalizing ESMF
20241016 232812.823 INFO             PET1 !!!!!!!!!!!!!!!!!!!!!!!!!!!!!!!!!!!!!!!!!!!!!!!!!!!!!!
20241016 232812.823 INFO             PET1 !!! THE ESMF_LOG IS SET TO OUTPUT ALL LOG MESSAGES !!!
20241016 232812.823 INFO             PET1 !!!     THIS MAY CAUSE SLOWDOWN IN PERFORMANCE     !!!
20241016 232812.823 INFO             PET1 !!! FOR PRODUCTION RUNS, USE:                      !!!
20241016 232812.823 INFO             PET1 !!!                   ESMF_LOGKIND_Multi_On_Error  !!!
20241016 232812.823 INFO             PET1 !!!!!!!!!!!!!!!!!!!!!!!!!!!!!!!!!!!!!!!!!!!!!!!!!!!!!!
20241016 232812.823 INFO             PET1 Running with ESMF Version   : v8.8.0b01-6-g3ed6fcfd2b
20241016 232812.823 INFO             PET1 ESMF library build date/time: "Oct 16 2024" "22:24:38"
20241016 232812.823 INFO             PET1 ESMF library build location : /discover/nobackup/projects/gmao/SIteam/ESMF_Testing/intel_2021.13.0_intelmpi_g_develop/esmf
20241016 232812.823 INFO             PET1 ESMF_COMM                   : intelmpi
20241016 232812.823 INFO             PET1 ESMF_MOAB                   : enabled
20241016 232812.823 INFO             PET1 ESMF_LAPACK                 : enabled
20241016 232812.823 INFO             PET1 ESMF_NETCDF                 : enabled
20241016 232812.823 INFO             PET1 ESMF_PNETCDF                : disabled
20241016 232812.823 INFO             PET1 ESMF_PIO                    : enabled
20241016 232812.823 INFO             PET1 ESMF_YAMLCPP                : enabled
20241016 232812.828 INFO             PET1 =============================================
20241016 232812.828 INFO             PET1 ESMX (Earth System Model eXecutable) STARTING
20241016 232812.828 INFO             PET1 =============================================
20241016 232812.839 INFO             PET1 ESMX_Driver: InitializeGeneric intro.
20241016 232812.839 INFO             PET1   ESMX_Driver: InitializeP0 intro.
20241016 232812.839 INFO             PET1   ESMX_Driver: InitializeP0 extro.
20241016 232812.839 INFO             PET1   ESMX_Driver: InitializeIPDv02p1 intro.
20241016 232812.839 INFO             PET1     >>>ESMX_Driver: entered Initialize (phase=<none>) without valid internal Clock.
20241016 232812.846 INFO             PET1     ESMX_Driver - Creating model component MDL without petList.
20241016 232812.852 DEBUG            PET1     Generic SetVM() is executing for: MDL
20241016 232812.852 DEBUG            PET1     Generic SetVM() found no NUOPC Hint for: MDL
20241016 232812.852 DEBUG            PET1     Generic SetVM() therefore is NOT calling ESMF_GridCompSetVMMaxPEs() for: MDL
20241016 232812.863 INFO             PET1     ESMX_Driver: IInitAdvertise intro.
20241016 232812.863 INFO             PET1     ESMX_Driver: IInitAdvertise extro.
20241016 232812.863 INFO             PET1     Message from inside C component Advertise() method
20241016 232812.864 INFO             PET1     ESMX_Driver: IInitAdvertiseFinish intro.
20241016 232812.864 INFO             PET1     ESMX_Driver: IInitAdvertiseFinish extro.
20241016 232812.865 INFO             PET1     ESMX_Driver: IInitModifyCplLists intro.
20241016 232812.865 INFO             PET1     ESMX_Driver: IInitModifyCplLists extro.
20241016 232812.865 INFO             PET1     <<<ESMX_Driver: leaving Initialize (phase=<none>) with current time: 2012 10 24 18  0  0   0
20241016 232812.865 INFO             PET1   ESMX_Driver: InitializeIPDv02p1 extro.
20241016 232812.865 INFO             PET1   ESMX_Driver: InitializeIPDv02p3 intro.
20241016 232812.865 INFO             PET1     >>>ESMX_Driver: entered Initialize (phase=<none>) with current time: 2012 10 24 18  0  0   0
20241016 232812.866 INFO             PET1     ESMX_Driver: IInitCheck intro.
20241016 232812.866 INFO             PET1     ESMX_Driver: IInitCheck extro.
20241016 232812.866 INFO             PET1     ESMX_Driver: IInitRealize intro.
20241016 232812.866 INFO             PET1     ESMX_Driver: IInitRealize extro.
20241016 232812.867 INFO             PET1     <<<ESMX_Driver: leaving Initialize (phase=<none>) with current time: 2012 10 24 18  0  0   0
20241016 232812.867 INFO             PET1   ESMX_Driver: InitializeIPDv02p3 extro.
20241016 232812.867 INFO             PET1   ESMX_Driver: InitializeIPDv02p5 intro.
20241016 232812.868 INFO             PET1     >>>ESMX_Driver: entered Initialize (phase=<none>) with current time: 2012 10 24 18  0  0   0
20241016 232812.868 INFO             PET1     ESMX_Driver: InitializeIPDv02p5Data intro.
20241016 232812.868 INFO             PET1       ESMX_Driver: InternalInitializeComplete intro.
20241016 232812.868 INFO             PET1       ESMX_Driver: InternalInitializeComplete extro.
20241016 232812.870 INFO             PET1       ESMX_Driver: loopDataDependentInitialize intro.
20241016 232812.870 INFO             PET1       ESMX_Driver: loopDataDependentInitialize extro.
20241016 232812.870 INFO             PET1     ESMX_Driver: InitializeIPDv02p5Data extro.
20241016 232812.870 INFO             PET1     <<<ESMX_Driver: leaving Initialize (phase=<none>) with current time: 2012 10 24 18  0  0   0
20241016 232812.870 INFO             PET1   ESMX_Driver: InitializeIPDv02p5 extro.
20241016 232812.870 INFO             PET1 ESMX_Driver: InitializeGeneric extro.
20241016 232812.870 INFO             PET1 ESMX_Driver: Run intro.
20241016 232812.870 INFO             PET1   >>>ESMX_Driver: entered Run (phase=RunPhase1) with current time: 2012 10 24 18  0  0   0
20241016 232812.871 INFO             PET1   Message from inside C component Advance() method
20241016 232812.871 INFO             PET1   <<<ESMX_Driver: leaving Run (phase=RunPhase1) with current time: 2012 10 24 19  0  0   0
20241016 232812.871 INFO             PET1 ESMX_Driver: Run extro.
20241016 232812.871 INFO             PET1 ESMX_Driver: Finalize intro.
20241016 232812.871 INFO             PET1   Calling Finalize phase 1 for modelComp: MDL
20241016 232812.872 INFO             PET1   Delete modelComp: MDL
20241016 232812.872 INFO             PET1 ESMX_Driver: Finalize extro.
20241016 232812.872 INFO             PET1 =============================================
20241016 232812.872 INFO             PET1 ESMX (Earth System Model eXecutable) FINISHED
20241016 232812.872 INFO             PET1 =============================================
20241016 232812.872 INFO             PET1  Finalizing ESMF
20241016 232812.823 INFO             PET2 !!!!!!!!!!!!!!!!!!!!!!!!!!!!!!!!!!!!!!!!!!!!!!!!!!!!!!
20241016 232812.823 INFO             PET2 !!! THE ESMF_LOG IS SET TO OUTPUT ALL LOG MESSAGES !!!
20241016 232812.823 INFO             PET2 !!!     THIS MAY CAUSE SLOWDOWN IN PERFORMANCE     !!!
20241016 232812.823 INFO             PET2 !!! FOR PRODUCTION RUNS, USE:                      !!!
20241016 232812.823 INFO             PET2 !!!                   ESMF_LOGKIND_Multi_On_Error  !!!
20241016 232812.823 INFO             PET2 !!!!!!!!!!!!!!!!!!!!!!!!!!!!!!!!!!!!!!!!!!!!!!!!!!!!!!
20241016 232812.823 INFO             PET2 Running with ESMF Version   : v8.8.0b01-6-g3ed6fcfd2b
20241016 232812.823 INFO             PET2 ESMF library build date/time: "Oct 16 2024" "22:24:38"
20241016 232812.823 INFO             PET2 ESMF library build location : /discover/nobackup/projects/gmao/SIteam/ESMF_Testing/intel_2021.13.0_intelmpi_g_develop/esmf
20241016 232812.823 INFO             PET2 ESMF_COMM                   : intelmpi
20241016 232812.823 INFO             PET2 ESMF_MOAB                   : enabled
20241016 232812.823 INFO             PET2 ESMF_LAPACK                 : enabled
20241016 232812.823 INFO             PET2 ESMF_NETCDF                 : enabled
20241016 232812.823 INFO             PET2 ESMF_PNETCDF                : disabled
20241016 232812.823 INFO             PET2 ESMF_PIO                    : enabled
20241016 232812.823 INFO             PET2 ESMF_YAMLCPP                : enabled
20241016 232812.828 INFO             PET2 =============================================
20241016 232812.828 INFO             PET2 ESMX (Earth System Model eXecutable) STARTING
20241016 232812.828 INFO             PET2 =============================================
20241016 232812.839 INFO             PET2 ESMX_Driver: InitializeGeneric intro.
20241016 232812.839 INFO             PET2   ESMX_Driver: InitializeP0 intro.
20241016 232812.839 INFO             PET2   ESMX_Driver: InitializeP0 extro.
20241016 232812.839 INFO             PET2   ESMX_Driver: InitializeIPDv02p1 intro.
20241016 232812.839 INFO             PET2     >>>ESMX_Driver: entered Initialize (phase=<none>) without valid internal Clock.
20241016 232812.846 INFO             PET2     ESMX_Driver - Creating model component MDL without petList.
20241016 232812.851 DEBUG            PET2     Generic SetVM() is executing for: MDL
20241016 232812.852 DEBUG            PET2     Generic SetVM() found no NUOPC Hint for: MDL
20241016 232812.852 DEBUG            PET2     Generic SetVM() therefore is NOT calling ESMF_GridCompSetVMMaxPEs() for: MDL
20241016 232812.863 INFO             PET2     ESMX_Driver: IInitAdvertise intro.
20241016 232812.863 INFO             PET2     ESMX_Driver: IInitAdvertise extro.
20241016 232812.863 INFO             PET2     Message from inside C component Advertise() method
20241016 232812.864 INFO             PET2     ESMX_Driver: IInitAdvertiseFinish intro.
20241016 232812.864 INFO             PET2     ESMX_Driver: IInitAdvertiseFinish extro.
20241016 232812.865 INFO             PET2     ESMX_Driver: IInitModifyCplLists intro.
20241016 232812.865 INFO             PET2     ESMX_Driver: IInitModifyCplLists extro.
20241016 232812.865 INFO             PET2     <<<ESMX_Driver: leaving Initialize (phase=<none>) with current time: 2012 10 24 18  0  0   0
20241016 232812.865 INFO             PET2   ESMX_Driver: InitializeIPDv02p1 extro.
20241016 232812.865 INFO             PET2   ESMX_Driver: InitializeIPDv02p3 intro.
20241016 232812.865 INFO             PET2     >>>ESMX_Driver: entered Initialize (phase=<none>) with current time: 2012 10 24 18  0  0   0
20241016 232812.866 INFO             PET2     ESMX_Driver: IInitCheck intro.
20241016 232812.866 INFO             PET2     ESMX_Driver: IInitCheck extro.
20241016 232812.866 INFO             PET2     ESMX_Driver: IInitRealize intro.
20241016 232812.866 INFO             PET2     ESMX_Driver: IInitRealize extro.
20241016 232812.867 INFO             PET2     <<<ESMX_Driver: leaving Initialize (phase=<none>) with current time: 2012 10 24 18  0  0   0
20241016 232812.867 INFO             PET2   ESMX_Driver: InitializeIPDv02p3 extro.
20241016 232812.867 INFO             PET2   ESMX_Driver: InitializeIPDv02p5 intro.
20241016 232812.868 INFO             PET2     >>>ESMX_Driver: entered Initialize (phase=<none>) with current time: 2012 10 24 18  0  0   0
20241016 232812.868 INFO             PET2     ESMX_Driver: InitializeIPDv02p5Data intro.
20241016 232812.868 INFO             PET2       ESMX_Driver: InternalInitializeComplete intro.
20241016 232812.868 INFO             PET2       ESMX_Driver: InternalInitializeComplete extro.
20241016 232812.870 INFO             PET2       ESMX_Driver: loopDataDependentInitialize intro.
20241016 232812.870 INFO             PET2       ESMX_Driver: loopDataDependentInitialize extro.
20241016 232812.870 INFO             PET2     ESMX_Driver: InitializeIPDv02p5Data extro.
20241016 232812.870 INFO             PET2     <<<ESMX_Driver: leaving Initialize (phase=<none>) with current time: 2012 10 24 18  0  0   0
20241016 232812.870 INFO             PET2   ESMX_Driver: InitializeIPDv02p5 extro.
20241016 232812.870 INFO             PET2 ESMX_Driver: InitializeGeneric extro.
20241016 232812.870 INFO             PET2 ESMX_Driver: Run intro.
20241016 232812.870 INFO             PET2   >>>ESMX_Driver: entered Run (phase=RunPhase1) with current time: 2012 10 24 18  0  0   0
20241016 232812.871 INFO             PET2   Message from inside C component Advance() method
20241016 232812.871 INFO             PET2   <<<ESMX_Driver: leaving Run (phase=RunPhase1) with current time: 2012 10 24 19  0  0   0
20241016 232812.871 INFO             PET2 ESMX_Driver: Run extro.
20241016 232812.871 INFO             PET2 ESMX_Driver: Finalize intro.
20241016 232812.871 INFO             PET2   Calling Finalize phase 1 for modelComp: MDL
20241016 232812.872 INFO             PET2   Delete modelComp: MDL
20241016 232812.872 INFO             PET2 ESMX_Driver: Finalize extro.
20241016 232812.872 INFO             PET2 =============================================
20241016 232812.872 INFO             PET2 ESMX (Earth System Model eXecutable) FINISHED
20241016 232812.872 INFO             PET2 =============================================
20241016 232812.872 INFO             PET2  Finalizing ESMF
20241016 232812.823 INFO             PET3 !!!!!!!!!!!!!!!!!!!!!!!!!!!!!!!!!!!!!!!!!!!!!!!!!!!!!!
20241016 232812.823 INFO             PET3 !!! THE ESMF_LOG IS SET TO OUTPUT ALL LOG MESSAGES !!!
20241016 232812.823 INFO             PET3 !!!     THIS MAY CAUSE SLOWDOWN IN PERFORMANCE     !!!
20241016 232812.823 INFO             PET3 !!! FOR PRODUCTION RUNS, USE:                      !!!
20241016 232812.823 INFO             PET3 !!!                   ESMF_LOGKIND_Multi_On_Error  !!!
20241016 232812.823 INFO             PET3 !!!!!!!!!!!!!!!!!!!!!!!!!!!!!!!!!!!!!!!!!!!!!!!!!!!!!!
20241016 232812.823 INFO             PET3 Running with ESMF Version   : v8.8.0b01-6-g3ed6fcfd2b
20241016 232812.823 INFO             PET3 ESMF library build date/time: "Oct 16 2024" "22:24:38"
20241016 232812.823 INFO             PET3 ESMF library build location : /discover/nobackup/projects/gmao/SIteam/ESMF_Testing/intel_2021.13.0_intelmpi_g_develop/esmf
20241016 232812.823 INFO             PET3 ESMF_COMM                   : intelmpi
20241016 232812.824 INFO             PET3 ESMF_MOAB                   : enabled
20241016 232812.824 INFO             PET3 ESMF_LAPACK                 : enabled
20241016 232812.824 INFO             PET3 ESMF_NETCDF                 : enabled
20241016 232812.824 INFO             PET3 ESMF_PNETCDF                : disabled
20241016 232812.824 INFO             PET3 ESMF_PIO                    : enabled
20241016 232812.824 INFO             PET3 ESMF_YAMLCPP                : enabled
20241016 232812.828 INFO             PET3 =============================================
20241016 232812.828 INFO             PET3 ESMX (Earth System Model eXecutable) STARTING
20241016 232812.829 INFO             PET3 =============================================
20241016 232812.839 INFO             PET3 ESMX_Driver: InitializeGeneric intro.
20241016 232812.839 INFO             PET3   ESMX_Driver: InitializeP0 intro.
20241016 232812.839 INFO             PET3   ESMX_Driver: InitializeP0 extro.
20241016 232812.839 INFO             PET3   ESMX_Driver: InitializeIPDv02p1 intro.
20241016 232812.839 INFO             PET3     >>>ESMX_Driver: entered Initialize (phase=<none>) without valid internal Clock.
20241016 232812.846 INFO             PET3     ESMX_Driver - Creating model component MDL without petList.
20241016 232812.851 DEBUG            PET3     Generic SetVM() is executing for: MDL
20241016 232812.852 DEBUG            PET3     Generic SetVM() found no NUOPC Hint for: MDL
20241016 232812.852 DEBUG            PET3     Generic SetVM() therefore is NOT calling ESMF_GridCompSetVMMaxPEs() for: MDL
20241016 232812.863 INFO             PET3     ESMX_Driver: IInitAdvertise intro.
20241016 232812.863 INFO             PET3     ESMX_Driver: IInitAdvertise extro.
20241016 232812.863 INFO             PET3     Message from inside C component Advertise() method
20241016 232812.864 INFO             PET3     ESMX_Driver: IInitAdvertiseFinish intro.
20241016 232812.864 INFO             PET3     ESMX_Driver: IInitAdvertiseFinish extro.
20241016 232812.865 INFO             PET3     ESMX_Driver: IInitModifyCplLists intro.
20241016 232812.865 INFO             PET3     ESMX_Driver: IInitModifyCplLists extro.
20241016 232812.865 INFO             PET3     <<<ESMX_Driver: leaving Initialize (phase=<none>) with current time: 2012 10 24 18  0  0   0
20241016 232812.865 INFO             PET3   ESMX_Driver: InitializeIPDv02p1 extro.
20241016 232812.865 INFO             PET3   ESMX_Driver: InitializeIPDv02p3 intro.
20241016 232812.865 INFO             PET3     >>>ESMX_Driver: entered Initialize (phase=<none>) with current time: 2012 10 24 18  0  0   0
20241016 232812.866 INFO             PET3     ESMX_Driver: IInitCheck intro.
20241016 232812.866 INFO             PET3     ESMX_Driver: IInitCheck extro.
20241016 232812.866 INFO             PET3     ESMX_Driver: IInitRealize intro.
20241016 232812.866 INFO             PET3     ESMX_Driver: IInitRealize extro.
20241016 232812.867 INFO             PET3     <<<ESMX_Driver: leaving Initialize (phase=<none>) with current time: 2012 10 24 18  0  0   0
20241016 232812.867 INFO             PET3   ESMX_Driver: InitializeIPDv02p3 extro.
20241016 232812.867 INFO             PET3   ESMX_Driver: InitializeIPDv02p5 intro.
20241016 232812.868 INFO             PET3     >>>ESMX_Driver: entered Initialize (phase=<none>) with current time: 2012 10 24 18  0  0   0
20241016 232812.868 INFO             PET3     ESMX_Driver: InitializeIPDv02p5Data intro.
20241016 232812.868 INFO             PET3       ESMX_Driver: InternalInitializeComplete intro.
20241016 232812.868 INFO             PET3       ESMX_Driver: InternalInitializeComplete extro.
20241016 232812.870 INFO             PET3       ESMX_Driver: loopDataDependentInitialize intro.
20241016 232812.870 INFO             PET3       ESMX_Driver: loopDataDependentInitialize extro.
20241016 232812.870 INFO             PET3     ESMX_Driver: InitializeIPDv02p5Data extro.
20241016 232812.870 INFO             PET3     <<<ESMX_Driver: leaving Initialize (phase=<none>) with current time: 2012 10 24 18  0  0   0
20241016 232812.870 INFO             PET3   ESMX_Driver: InitializeIPDv02p5 extro.
20241016 232812.870 INFO             PET3 ESMX_Driver: InitializeGeneric extro.
20241016 232812.870 INFO             PET3 ESMX_Driver: Run intro.
20241016 232812.870 INFO             PET3   >>>ESMX_Driver: entered Run (phase=RunPhase1) with current time: 2012 10 24 18  0  0   0
20241016 232812.871 INFO             PET3   Message from inside C component Advance() method
20241016 232812.871 INFO             PET3   <<<ESMX_Driver: leaving Run (phase=RunPhase1) with current time: 2012 10 24 19  0  0   0
20241016 232812.871 INFO             PET3 ESMX_Driver: Run extro.
20241016 232812.871 INFO             PET3 ESMX_Driver: Finalize intro.
20241016 232812.871 INFO             PET3   Calling Finalize phase 1 for modelComp: MDL
20241016 232812.872 INFO             PET3   Delete modelComp: MDL
20241016 232812.872 INFO             PET3 ESMX_Driver: Finalize extro.
20241016 232812.872 INFO             PET3 =============================================
20241016 232812.872 INFO             PET3 ESMX (Earth System Model eXecutable) FINISHED
20241016 232812.872 INFO             PET3 =============================================
20241016 232812.872 INFO             PET3  Finalizing ESMF
