2024-10-10 03:27:01
20241010 042327.721 INFO             PET0 !!!!!!!!!!!!!!!!!!!!!!!!!!!!!!!!!!!!!!!!!!!!!!!!!!!!!!
20241010 042327.721 INFO             PET0 !!! THE ESMF_LOG IS SET TO OUTPUT ALL LOG MESSAGES !!!
20241010 042327.721 INFO             PET0 !!!     THIS MAY CAUSE SLOWDOWN IN PERFORMANCE     !!!
20241010 042327.721 INFO             PET0 !!! FOR PRODUCTION RUNS, USE:                      !!!
20241010 042327.721 INFO             PET0 !!!                   ESMF_LOGKIND_Multi_On_Error  !!!
20241010 042327.721 INFO             PET0 !!!!!!!!!!!!!!!!!!!!!!!!!!!!!!!!!!!!!!!!!!!!!!!!!!!!!!
20241010 042327.721 INFO             PET0 Running with ESMF Version   : v8.8.0b00-12-g0d4b825343
20241010 042327.721 INFO             PET0 ESMF library build date/time: "Oct 10 2024" "03:25:49"
20241010 042327.721 INFO             PET0 ESMF library build location : /tmp/intel_2023.1.0-classic_mpi_O_develop/esmf
20241010 042327.721 INFO             PET0 ESMF_COMM                   : mpi
20241010 042327.721 INFO             PET0 ESMF_MOAB                   : enabled
20241010 042327.721 INFO             PET0 ESMF_LAPACK                 : enabled
20241010 042327.721 INFO             PET0 ESMF_NETCDF                 : enabled
20241010 042327.721 INFO             PET0 ESMF_PNETCDF                : disabled
20241010 042327.721 INFO             PET0 ESMF_PIO                    : enabled
20241010 042327.721 INFO             PET0 ESMF_YAMLCPP                : enabled
20241010 042327.759 DEBUG            PET0 about to destroy Grid: 0x6f2a40
20241010 042327.763 DEBUG            PET0 about to destroy Grid: 0x6f6b90
20241010 042327.774 INFO             PET0  NUMBER_OF_PROCESSORS           4
20241010 042327.774 INFO             PET0  PASS  Example ESMF_NUOPCAtmModelEx, ESMF_NUOPCAtmModelEx.F90, line 806
20241010 042327.774 INFO             PET0  Finalizing ESMF
20241010 042327.721 INFO             PET1 !!!!!!!!!!!!!!!!!!!!!!!!!!!!!!!!!!!!!!!!!!!!!!!!!!!!!!
20241010 042327.721 INFO             PET1 !!! THE ESMF_LOG IS SET TO OUTPUT ALL LOG MESSAGES !!!
20241010 042327.721 INFO             PET1 !!!     THIS MAY CAUSE SLOWDOWN IN PERFORMANCE     !!!
20241010 042327.721 INFO             PET1 !!! FOR PRODUCTION RUNS, USE:                      !!!
20241010 042327.721 INFO             PET1 !!!                   ESMF_LOGKIND_Multi_On_Error  !!!
20241010 042327.721 INFO             PET1 !!!!!!!!!!!!!!!!!!!!!!!!!!!!!!!!!!!!!!!!!!!!!!!!!!!!!!
20241010 042327.721 INFO             PET1 Running with ESMF Version   : v8.8.0b00-12-g0d4b825343
20241010 042327.721 INFO             PET1 ESMF library build date/time: "Oct 10 2024" "03:25:49"
20241010 042327.721 INFO             PET1 ESMF library build location : /tmp/intel_2023.1.0-classic_mpi_O_develop/esmf
20241010 042327.721 INFO             PET1 ESMF_COMM                   : mpi
20241010 042327.721 INFO             PET1 ESMF_MOAB                   : enabled
20241010 042327.721 INFO             PET1 ESMF_LAPACK                 : enabled
20241010 042327.721 INFO             PET1 ESMF_NETCDF                 : enabled
20241010 042327.721 INFO             PET1 ESMF_PNETCDF                : disabled
20241010 042327.721 INFO             PET1 ESMF_PIO                    : enabled
20241010 042327.721 INFO             PET1 ESMF_YAMLCPP                : enabled
20241010 042327.759 DEBUG            PET1 about to destroy Grid: 0x6f2ac0
20241010 042327.763 DEBUG            PET1 about to destroy Grid: 0x6f3950
20241010 042327.774 INFO             PET1  NUMBER_OF_PROCESSORS           4
20241010 042327.774 INFO             PET1  PASS  Example ESMF_NUOPCAtmModelEx, ESMF_NUOPCAtmModelEx.F90, line 806
20241010 042327.774 INFO             PET1  Finalizing ESMF
20241010 042327.721 INFO             PET2 !!!!!!!!!!!!!!!!!!!!!!!!!!!!!!!!!!!!!!!!!!!!!!!!!!!!!!
20241010 042327.721 INFO             PET2 !!! THE ESMF_LOG IS SET TO OUTPUT ALL LOG MESSAGES !!!
20241010 042327.721 INFO             PET2 !!!     THIS MAY CAUSE SLOWDOWN IN PERFORMANCE     !!!
20241010 042327.721 INFO             PET2 !!! FOR PRODUCTION RUNS, USE:                      !!!
20241010 042327.721 INFO             PET2 !!!                   ESMF_LOGKIND_Multi_On_Error  !!!
20241010 042327.721 INFO             PET2 !!!!!!!!!!!!!!!!!!!!!!!!!!!!!!!!!!!!!!!!!!!!!!!!!!!!!!
20241010 042327.721 INFO             PET2 Running with ESMF Version   : v8.8.0b00-12-g0d4b825343
20241010 042327.721 INFO             PET2 ESMF library build date/time: "Oct 10 2024" "03:25:49"
20241010 042327.721 INFO             PET2 ESMF library build location : /tmp/intel_2023.1.0-classic_mpi_O_develop/esmf
20241010 042327.721 INFO             PET2 ESMF_COMM                   : mpi
20241010 042327.721 INFO             PET2 ESMF_MOAB                   : enabled
20241010 042327.721 INFO             PET2 ESMF_LAPACK                 : enabled
20241010 042327.721 INFO             PET2 ESMF_NETCDF                 : enabled
20241010 042327.721 INFO             PET2 ESMF_PNETCDF                : disabled
20241010 042327.721 INFO             PET2 ESMF_PIO                    : enabled
20241010 042327.721 INFO             PET2 ESMF_YAMLCPP                : enabled
20241010 042327.759 DEBUG            PET2 about to destroy Grid: 0x6f2920
20241010 042327.763 DEBUG            PET2 about to destroy Grid: 0x6f3a80
20241010 042327.774 INFO             PET2  NUMBER_OF_PROCESSORS           4
20241010 042327.774 INFO             PET2  PASS  Example ESMF_NUOPCAtmModelEx, ESMF_NUOPCAtmModelEx.F90, line 806
20241010 042327.774 INFO             PET2  Finalizing ESMF
20241010 042327.721 INFO             PET3 !!!!!!!!!!!!!!!!!!!!!!!!!!!!!!!!!!!!!!!!!!!!!!!!!!!!!!
20241010 042327.721 INFO             PET3 !!! THE ESMF_LOG IS SET TO OUTPUT ALL LOG MESSAGES !!!
20241010 042327.721 INFO             PET3 !!!     THIS MAY CAUSE SLOWDOWN IN PERFORMANCE     !!!
20241010 042327.721 INFO             PET3 !!! FOR PRODUCTION RUNS, USE:                      !!!
20241010 042327.721 INFO             PET3 !!!                   ESMF_LOGKIND_Multi_On_Error  !!!
20241010 042327.721 INFO             PET3 !!!!!!!!!!!!!!!!!!!!!!!!!!!!!!!!!!!!!!!!!!!!!!!!!!!!!!
20241010 042327.721 INFO             PET3 Running with ESMF Version   : v8.8.0b00-12-g0d4b825343
20241010 042327.721 INFO             PET3 ESMF library build date/time: "Oct 10 2024" "03:25:49"
20241010 042327.721 INFO             PET3 ESMF library build location : /tmp/intel_2023.1.0-classic_mpi_O_develop/esmf
20241010 042327.721 INFO             PET3 ESMF_COMM                   : mpi
20241010 042327.721 INFO             PET3 ESMF_MOAB                   : enabled
20241010 042327.721 INFO             PET3 ESMF_LAPACK                 : enabled
20241010 042327.721 INFO             PET3 ESMF_NETCDF                 : enabled
20241010 042327.721 INFO             PET3 ESMF_PNETCDF                : disabled
20241010 042327.721 INFO             PET3 ESMF_PIO                    : enabled
20241010 042327.721 INFO             PET3 ESMF_YAMLCPP                : enabled
20241010 042327.759 DEBUG            PET3 about to destroy Grid: 0x6f29b0
20241010 042327.763 DEBUG            PET3 about to destroy Grid: 0x6f3840
20241010 042327.774 INFO             PET3  NUMBER_OF_PROCESSORS           4
20241010 042327.774 INFO             PET3  PASS  Example ESMF_NUOPCAtmModelEx, ESMF_NUOPCAtmModelEx.F90, line 806
20241010 042327.774 INFO             PET3  Finalizing ESMF
