2024-10-15 22:41:37
20241015 232726.227 INFO             PET0 !!!!!!!!!!!!!!!!!!!!!!!!!!!!!!!!!!!!!!!!!!!!!!!!!!!!!!
20241015 232726.227 INFO             PET0 !!! THE ESMF_LOG IS SET TO OUTPUT ALL LOG MESSAGES !!!
20241015 232726.227 INFO             PET0 !!!     THIS MAY CAUSE SLOWDOWN IN PERFORMANCE     !!!
20241015 232726.227 INFO             PET0 !!! FOR PRODUCTION RUNS, USE:                      !!!
20241015 232726.227 INFO             PET0 !!!                   ESMF_LOGKIND_Multi_On_Error  !!!
20241015 232726.227 INFO             PET0 !!!!!!!!!!!!!!!!!!!!!!!!!!!!!!!!!!!!!!!!!!!!!!!!!!!!!!
20241015 232726.227 INFO             PET0 Running with ESMF Version   : v8.8.0b01-2-g867c30314c
20241015 232726.227 INFO             PET0 ESMF library build date/time: "Oct 15 2024" "22:39:42"
20241015 232726.227 INFO             PET0 ESMF library build location : /discover/nobackup/projects/gmao/SIteam/ESMF_Testing/gfortran_13.2.0_openmpi_O_develop/esmf
20241015 232726.227 INFO             PET0 ESMF_COMM                   : openmpi
20241015 232726.227 INFO             PET0 ESMF_MOAB                   : enabled
20241015 232726.227 INFO             PET0 ESMF_LAPACK                 : enabled
20241015 232726.227 INFO             PET0 ESMF_NETCDF                 : enabled
20241015 232726.227 INFO             PET0 ESMF_PNETCDF                : disabled
20241015 232726.227 INFO             PET0 ESMF_PIO                    : enabled
20241015 232726.227 INFO             PET0 ESMF_YAMLCPP                : enabled
20241015 232726.228 INFO             PET0 =============================================
20241015 232726.228 INFO             PET0 ESMX (Earth System Model eXecutable) STARTING
20241015 232726.228 INFO             PET0 =============================================
20241015 232726.233 INFO             PET0 =============================================
20241015 232726.233 INFO             PET0 ESMX (Earth System Model eXecutable) FINISHED
20241015 232726.233 INFO             PET0 =============================================
20241015 232726.233 INFO             PET0  Finalizing ESMF
20241015 232726.227 INFO             PET1 !!!!!!!!!!!!!!!!!!!!!!!!!!!!!!!!!!!!!!!!!!!!!!!!!!!!!!
20241015 232726.227 INFO             PET1 !!! THE ESMF_LOG IS SET TO OUTPUT ALL LOG MESSAGES !!!
20241015 232726.227 INFO             PET1 !!!     THIS MAY CAUSE SLOWDOWN IN PERFORMANCE     !!!
20241015 232726.227 INFO             PET1 !!! FOR PRODUCTION RUNS, USE:                      !!!
20241015 232726.227 INFO             PET1 !!!                   ESMF_LOGKIND_Multi_On_Error  !!!
20241015 232726.227 INFO             PET1 !!!!!!!!!!!!!!!!!!!!!!!!!!!!!!!!!!!!!!!!!!!!!!!!!!!!!!
20241015 232726.227 INFO             PET1 Running with ESMF Version   : v8.8.0b01-2-g867c30314c
20241015 232726.227 INFO             PET1 ESMF library build date/time: "Oct 15 2024" "22:39:42"
20241015 232726.227 INFO             PET1 ESMF library build location : /discover/nobackup/projects/gmao/SIteam/ESMF_Testing/gfortran_13.2.0_openmpi_O_develop/esmf
20241015 232726.227 INFO             PET1 ESMF_COMM                   : openmpi
20241015 232726.227 INFO             PET1 ESMF_MOAB                   : enabled
20241015 232726.227 INFO             PET1 ESMF_LAPACK                 : enabled
20241015 232726.227 INFO             PET1 ESMF_NETCDF                 : enabled
20241015 232726.227 INFO             PET1 ESMF_PNETCDF                : disabled
20241015 232726.227 INFO             PET1 ESMF_PIO                    : enabled
20241015 232726.227 INFO             PET1 ESMF_YAMLCPP                : enabled
20241015 232726.228 INFO             PET1 =============================================
20241015 232726.228 INFO             PET1 ESMX (Earth System Model eXecutable) STARTING
20241015 232726.228 INFO             PET1 =============================================
20241015 232726.233 INFO             PET1 =============================================
20241015 232726.233 INFO             PET1 ESMX (Earth System Model eXecutable) FINISHED
20241015 232726.233 INFO             PET1 =============================================
20241015 232726.233 INFO             PET1  Finalizing ESMF
20241015 232726.227 INFO             PET2 !!!!!!!!!!!!!!!!!!!!!!!!!!!!!!!!!!!!!!!!!!!!!!!!!!!!!!
20241015 232726.227 INFO             PET2 !!! THE ESMF_LOG IS SET TO OUTPUT ALL LOG MESSAGES !!!
20241015 232726.227 INFO             PET2 !!!     THIS MAY CAUSE SLOWDOWN IN PERFORMANCE     !!!
20241015 232726.227 INFO             PET2 !!! FOR PRODUCTION RUNS, USE:                      !!!
20241015 232726.227 INFO             PET2 !!!                   ESMF_LOGKIND_Multi_On_Error  !!!
20241015 232726.227 INFO             PET2 !!!!!!!!!!!!!!!!!!!!!!!!!!!!!!!!!!!!!!!!!!!!!!!!!!!!!!
20241015 232726.227 INFO             PET2 Running with ESMF Version   : v8.8.0b01-2-g867c30314c
20241015 232726.227 INFO             PET2 ESMF library build date/time: "Oct 15 2024" "22:39:42"
20241015 232726.227 INFO             PET2 ESMF library build location : /discover/nobackup/projects/gmao/SIteam/ESMF_Testing/gfortran_13.2.0_openmpi_O_develop/esmf
20241015 232726.227 INFO             PET2 ESMF_COMM                   : openmpi
20241015 232726.228 INFO             PET2 ESMF_MOAB                   : enabled
20241015 232726.228 INFO             PET2 ESMF_LAPACK                 : enabled
20241015 232726.228 INFO             PET2 ESMF_NETCDF                 : enabled
20241015 232726.228 INFO             PET2 ESMF_PNETCDF                : disabled
20241015 232726.228 INFO             PET2 ESMF_PIO                    : enabled
20241015 232726.228 INFO             PET2 ESMF_YAMLCPP                : enabled
20241015 232726.228 INFO             PET2 =============================================
20241015 232726.228 INFO             PET2 ESMX (Earth System Model eXecutable) STARTING
20241015 232726.228 INFO             PET2 =============================================
20241015 232726.233 INFO             PET2 =============================================
20241015 232726.233 INFO             PET2 ESMX (Earth System Model eXecutable) FINISHED
20241015 232726.233 INFO             PET2 =============================================
20241015 232726.233 INFO             PET2  Finalizing ESMF
20241015 232726.227 INFO             PET3 !!!!!!!!!!!!!!!!!!!!!!!!!!!!!!!!!!!!!!!!!!!!!!!!!!!!!!
20241015 232726.227 INFO             PET3 !!! THE ESMF_LOG IS SET TO OUTPUT ALL LOG MESSAGES !!!
20241015 232726.227 INFO             PET3 !!!     THIS MAY CAUSE SLOWDOWN IN PERFORMANCE     !!!
20241015 232726.227 INFO             PET3 !!! FOR PRODUCTION RUNS, USE:                      !!!
20241015 232726.227 INFO             PET3 !!!                   ESMF_LOGKIND_Multi_On_Error  !!!
20241015 232726.227 INFO             PET3 !!!!!!!!!!!!!!!!!!!!!!!!!!!!!!!!!!!!!!!!!!!!!!!!!!!!!!
20241015 232726.227 INFO             PET3 Running with ESMF Version   : v8.8.0b01-2-g867c30314c
20241015 232726.227 INFO             PET3 ESMF library build date/time: "Oct 15 2024" "22:39:42"
20241015 232726.227 INFO             PET3 ESMF library build location : /discover/nobackup/projects/gmao/SIteam/ESMF_Testing/gfortran_13.2.0_openmpi_O_develop/esmf
20241015 232726.227 INFO             PET3 ESMF_COMM                   : openmpi
20241015 232726.227 INFO             PET3 ESMF_MOAB                   : enabled
20241015 232726.227 INFO             PET3 ESMF_LAPACK                 : enabled
20241015 232726.227 INFO             PET3 ESMF_NETCDF                 : enabled
20241015 232726.227 INFO             PET3 ESMF_PNETCDF                : disabled
20241015 232726.227 INFO             PET3 ESMF_PIO                    : enabled
20241015 232726.227 INFO             PET3 ESMF_YAMLCPP                : enabled
20241015 232726.228 INFO             PET3 =============================================
20241015 232726.228 INFO             PET3 ESMX (Earth System Model eXecutable) STARTING
20241015 232726.228 INFO             PET3 =============================================
20241015 232726.233 INFO             PET3 =============================================
20241015 232726.233 INFO             PET3 ESMX (Earth System Model eXecutable) FINISHED
20241015 232726.233 INFO             PET3 =============================================
20241015 232726.233 INFO             PET3  Finalizing ESMF
