2024-10-14 22:29:03
20241014 232159.075 INFO             PET0 !!!!!!!!!!!!!!!!!!!!!!!!!!!!!!!!!!!!!!!!!!!!!!!!!!!!!!
20241014 232159.075 INFO             PET0 !!! THE ESMF_LOG IS SET TO OUTPUT ALL LOG MESSAGES !!!
20241014 232159.075 INFO             PET0 !!!     THIS MAY CAUSE SLOWDOWN IN PERFORMANCE     !!!
20241014 232159.075 INFO             PET0 !!! FOR PRODUCTION RUNS, USE:                      !!!
20241014 232159.075 INFO             PET0 !!!                   ESMF_LOGKIND_Multi_On_Error  !!!
20241014 232159.075 INFO             PET0 !!!!!!!!!!!!!!!!!!!!!!!!!!!!!!!!!!!!!!!!!!!!!!!!!!!!!!
20241014 232159.075 INFO             PET0 Running with ESMF Version   : v8.8.0b01
20241014 232159.075 INFO             PET0 ESMF library build date/time: "Oct 14 2024" "22:27:17"
20241014 232159.075 INFO             PET0 ESMF library build location : /discover/nobackup/projects/gmao/SIteam/ESMF_Testing/gfortran_13.2.0_openmpi_O_develop/esmf
20241014 232159.075 INFO             PET0 ESMF_COMM                   : openmpi
20241014 232159.075 INFO             PET0 ESMF_MOAB                   : enabled
20241014 232159.075 INFO             PET0 ESMF_LAPACK                 : enabled
20241014 232159.075 INFO             PET0 ESMF_NETCDF                 : enabled
20241014 232159.075 INFO             PET0 ESMF_PNETCDF                : disabled
20241014 232159.075 INFO             PET0 ESMF_PIO                    : enabled
20241014 232159.075 INFO             PET0 ESMF_YAMLCPP                : enabled
20241014 232159.109 DEBUG            PET0 about to destroy Grid: 0x1ef9d40
20241014 232159.112 DEBUG            PET0 about to destroy Grid: 0x1efb550
20241014 232159.122 INFO             PET0  NUMBER_OF_PROCESSORS           4
20241014 232159.122 INFO             PET0  PASS  Example ESMF_NUOPCAtmModelEx, ESMF_NUOPCAtmModelEx.F90, line 806
20241014 232159.122 INFO             PET0  Finalizing ESMF
20241014 232159.075 INFO             PET1 !!!!!!!!!!!!!!!!!!!!!!!!!!!!!!!!!!!!!!!!!!!!!!!!!!!!!!
20241014 232159.075 INFO             PET1 !!! THE ESMF_LOG IS SET TO OUTPUT ALL LOG MESSAGES !!!
20241014 232159.075 INFO             PET1 !!!     THIS MAY CAUSE SLOWDOWN IN PERFORMANCE     !!!
20241014 232159.075 INFO             PET1 !!! FOR PRODUCTION RUNS, USE:                      !!!
20241014 232159.075 INFO             PET1 !!!                   ESMF_LOGKIND_Multi_On_Error  !!!
20241014 232159.075 INFO             PET1 !!!!!!!!!!!!!!!!!!!!!!!!!!!!!!!!!!!!!!!!!!!!!!!!!!!!!!
20241014 232159.075 INFO             PET1 Running with ESMF Version   : v8.8.0b01
20241014 232159.075 INFO             PET1 ESMF library build date/time: "Oct 14 2024" "22:27:17"
20241014 232159.075 INFO             PET1 ESMF library build location : /discover/nobackup/projects/gmao/SIteam/ESMF_Testing/gfortran_13.2.0_openmpi_O_develop/esmf
20241014 232159.075 INFO             PET1 ESMF_COMM                   : openmpi
20241014 232159.075 INFO             PET1 ESMF_MOAB                   : enabled
20241014 232159.075 INFO             PET1 ESMF_LAPACK                 : enabled
20241014 232159.075 INFO             PET1 ESMF_NETCDF                 : enabled
20241014 232159.075 INFO             PET1 ESMF_PNETCDF                : disabled
20241014 232159.075 INFO             PET1 ESMF_PIO                    : enabled
20241014 232159.075 INFO             PET1 ESMF_YAMLCPP                : enabled
20241014 232159.109 DEBUG            PET1 about to destroy Grid: 0x24a8b10
20241014 232159.112 DEBUG            PET1 about to destroy Grid: 0x24ad2d0
20241014 232159.122 INFO             PET1  NUMBER_OF_PROCESSORS           4
20241014 232159.122 INFO             PET1  PASS  Example ESMF_NUOPCAtmModelEx, ESMF_NUOPCAtmModelEx.F90, line 806
20241014 232159.122 INFO             PET1  Finalizing ESMF
20241014 232159.075 INFO             PET2 !!!!!!!!!!!!!!!!!!!!!!!!!!!!!!!!!!!!!!!!!!!!!!!!!!!!!!
20241014 232159.075 INFO             PET2 !!! THE ESMF_LOG IS SET TO OUTPUT ALL LOG MESSAGES !!!
20241014 232159.075 INFO             PET2 !!!     THIS MAY CAUSE SLOWDOWN IN PERFORMANCE     !!!
20241014 232159.075 INFO             PET2 !!! FOR PRODUCTION RUNS, USE:                      !!!
20241014 232159.075 INFO             PET2 !!!                   ESMF_LOGKIND_Multi_On_Error  !!!
20241014 232159.075 INFO             PET2 !!!!!!!!!!!!!!!!!!!!!!!!!!!!!!!!!!!!!!!!!!!!!!!!!!!!!!
20241014 232159.075 INFO             PET2 Running with ESMF Version   : v8.8.0b01
20241014 232159.075 INFO             PET2 ESMF library build date/time: "Oct 14 2024" "22:27:17"
20241014 232159.075 INFO             PET2 ESMF library build location : /discover/nobackup/projects/gmao/SIteam/ESMF_Testing/gfortran_13.2.0_openmpi_O_develop/esmf
20241014 232159.075 INFO             PET2 ESMF_COMM                   : openmpi
20241014 232159.076 INFO             PET2 ESMF_MOAB                   : enabled
20241014 232159.076 INFO             PET2 ESMF_LAPACK                 : enabled
20241014 232159.076 INFO             PET2 ESMF_NETCDF                 : enabled
20241014 232159.076 INFO             PET2 ESMF_PNETCDF                : disabled
20241014 232159.076 INFO             PET2 ESMF_PIO                    : enabled
20241014 232159.076 INFO             PET2 ESMF_YAMLCPP                : enabled
20241014 232159.109 DEBUG            PET2 about to destroy Grid: 0x1d7ccc0
20241014 232159.112 DEBUG            PET2 about to destroy Grid: 0x1d7ecb0
20241014 232159.122 INFO             PET2  NUMBER_OF_PROCESSORS           4
20241014 232159.122 INFO             PET2  PASS  Example ESMF_NUOPCAtmModelEx, ESMF_NUOPCAtmModelEx.F90, line 806
20241014 232159.122 INFO             PET2  Finalizing ESMF
20241014 232159.075 INFO             PET3 !!!!!!!!!!!!!!!!!!!!!!!!!!!!!!!!!!!!!!!!!!!!!!!!!!!!!!
20241014 232159.075 INFO             PET3 !!! THE ESMF_LOG IS SET TO OUTPUT ALL LOG MESSAGES !!!
20241014 232159.075 INFO             PET3 !!!     THIS MAY CAUSE SLOWDOWN IN PERFORMANCE     !!!
20241014 232159.075 INFO             PET3 !!! FOR PRODUCTION RUNS, USE:                      !!!
20241014 232159.075 INFO             PET3 !!!                   ESMF_LOGKIND_Multi_On_Error  !!!
20241014 232159.075 INFO             PET3 !!!!!!!!!!!!!!!!!!!!!!!!!!!!!!!!!!!!!!!!!!!!!!!!!!!!!!
20241014 232159.075 INFO             PET3 Running with ESMF Version   : v8.8.0b01
20241014 232159.075 INFO             PET3 ESMF library build date/time: "Oct 14 2024" "22:27:17"
20241014 232159.075 INFO             PET3 ESMF library build location : /discover/nobackup/projects/gmao/SIteam/ESMF_Testing/gfortran_13.2.0_openmpi_O_develop/esmf
20241014 232159.075 INFO             PET3 ESMF_COMM                   : openmpi
20241014 232159.075 INFO             PET3 ESMF_MOAB                   : enabled
20241014 232159.075 INFO             PET3 ESMF_LAPACK                 : enabled
20241014 232159.075 INFO             PET3 ESMF_NETCDF                 : enabled
20241014 232159.075 INFO             PET3 ESMF_PNETCDF                : disabled
20241014 232159.075 INFO             PET3 ESMF_PIO                    : enabled
20241014 232159.075 INFO             PET3 ESMF_YAMLCPP                : enabled
20241014 232159.109 DEBUG            PET3 about to destroy Grid: 0x25d51d0
20241014 232159.112 DEBUG            PET3 about to destroy Grid: 0x25d71c0
20241014 232159.122 INFO             PET3  NUMBER_OF_PROCESSORS           4
20241014 232159.122 INFO             PET3  PASS  Example ESMF_NUOPCAtmModelEx, ESMF_NUOPCAtmModelEx.F90, line 806
20241014 232159.122 INFO             PET3  Finalizing ESMF
