2025-05-08 04:06:24
 Writing to stdout before ESM Initialize
 Writing to stdout before ESM Run
 ATM: localPet=   0   thread_num=   0   currentSsiPe=   0   num_threads=   2   max_threads=   2   num_procs= 256                                                 
 ATM: localPet=   0   thread_num=   1   currentSsiPe=   1   num_threads=   2   max_threads=   2   num_procs= 256                                                 
 ATM: localPet=   0   thread_num=   0   currentSsiPe=   0   num_threads=   2   max_threads=   2   num_procs= 256                                                 
 ATM: localPet=   0   thread_num=   1   currentSsiPe=   1   num_threads=   2   max_threads=   2   num_procs= 256                                                 
 ATM: localPet=   0   thread_num=   0   currentSsiPe=   0   num_threads=   2   max_threads=   2   num_procs= 256                                                 
 ATM: localPet=   0   thread_num=   1   currentSsiPe=   1   num_threads=   2   max_threads=   2   num_procs= 256                                                 
 ATM: localPet=   0   thread_num=   0   currentSsiPe=   0   num_threads=   2   max_threads=   2   num_procs= 256                                                 
 ATM: localPet=   0   thread_num=   1   currentSsiPe=   1   num_threads=   2   max_threads=   2   num_procs= 256                                                 
 Writing to stdout before ESM Finalize
 Writing to stdout before ESM Initialize
 Writing to stdout before ESM Run
 Writing to stdout before ESM Finalize
WARNING: Requested total thread count and/or thread affinity may result in
oversubscription of available CPU resources!  Performance may be degraded.
Explicitly set OMP_WAIT_POLICY=PASSIVE or ACTIVE to suppress this message.
Set CRAY_OMP_CHECK_AFFINITY=TRUE to print detailed thread-affinity messages.
 Writing to stdout before ESM Initialize
 Writing to stdout before ESM Run
 OCN: localPet=   0   thread_num=   0   currentSsiPe=   2   num_threads=   1   max_threads=   1   num_procs= 256                                                 
 OCN: localPet=   0   thread_num=   0   currentSsiPe=   2   num_threads=   1   max_threads=   1   num_procs= 256                                                 
 OCN: localPet=   0   thread_num=   0   currentSsiPe=   2   num_threads=   1   max_threads=   1   num_procs= 256                                                 
 OCN: localPet=   0   thread_num=   0   currentSsiPe=   2   num_threads=   1   max_threads=   1   num_procs= 256                                                 
 OCN: localPet=   0   thread_num=   0   currentSsiPe=   2   num_threads=   1   max_threads=   1   num_procs= 256                                                 
 OCN: localPet=   0   thread_num=   0   currentSsiPe=   2   num_threads=   1   max_threads=   1   num_procs= 256                                                 
 OCN: localPet=   0   thread_num=   0   currentSsiPe=   2   num_threads=   1   max_threads=   1   num_procs= 256                                                 
 OCN: localPet=   0   thread_num=   0   currentSsiPe=   2   num_threads=   1   max_threads=   1   num_procs= 256                                                 
 OCN: localPet=   0   thread_num=   0   currentSsiPe=   2   num_threads=   1   max_threads=   1   num_procs= 256                                                 
 OCN: localPet=   0   thread_num=   0   currentSsiPe=   2   num_threads=   1   max_threads=   1   num_procs= 256                                                 
 OCN: localPet=   0   thread_num=   0   currentSsiPe=   2   num_threads=   1   max_threads=   1   num_procs= 256                                                 
 OCN: localPet=   0   thread_num=   0   currentSsiPe=   2   num_threads=   1   max_threads=   1   num_procs= 256                                                 
 Writing to stdout before ESM Finalize
 Writing to stdout before ESM Initialize
 Writing to stdout before ESM Run
 ATM: localPet=   1   thread_num=   0   currentSsiPe=   3   num_threads=   1   max_threads=   1   num_procs= 256                                                 
 OCN: localPet=   1   thread_num=   0   currentSsiPe=   3   num_threads=   1   max_threads=   1   num_procs= 256                                                 
 OCN: localPet=   1   thread_num=   0   currentSsiPe=   3   num_threads=   1   max_threads=   1   num_procs= 256                                                 
 OCN: localPet=   1   thread_num=   0   currentSsiPe=   3   num_threads=   1   max_threads=   1   num_procs= 256                                                 
 ATM: localPet=   1   thread_num=   0   currentSsiPe=   3   num_threads=   1   max_threads=   1   num_procs= 256                                                 
 OCN: localPet=   1   thread_num=   0   currentSsiPe=   3   num_threads=   1   max_threads=   1   num_procs= 256                                                 
 OCN: localPet=   1   thread_num=   0   currentSsiPe=   3   num_threads=   1   max_threads=   1   num_procs= 256                                                 
 OCN: localPet=   1   thread_num=   0   currentSsiPe=   3   num_threads=   1   max_threads=   1   num_procs= 256                                                 
 ATM: localPet=   1   thread_num=   0   currentSsiPe=   3   num_threads=   1   max_threads=   1   num_procs= 256                                                 
 OCN: localPet=   1   thread_num=   0   currentSsiPe=   3   num_threads=   1   max_threads=   1   num_procs= 256                                                 
 OCN: localPet=   1   thread_num=   0   currentSsiPe=   3   num_threads=   1   max_threads=   1   num_procs= 256                                                 
 OCN: localPet=   1   thread_num=   0   currentSsiPe=   3   num_threads=   1   max_threads=   1   num_procs= 256                                                 
 ATM: localPet=   1   thread_num=   0   currentSsiPe=   3   num_threads=   1   max_threads=   1   num_procs= 256                                                 
 OCN: localPet=   1   thread_num=   0   currentSsiPe=   3   num_threads=   1   max_threads=   1   num_procs= 256                                                 
 OCN: localPet=   1   thread_num=   0   currentSsiPe=   3   num_threads=   1   max_threads=   1   num_procs= 256                                                 
 OCN: localPet=   1   thread_num=   0   currentSsiPe=   3   num_threads=   1   max_threads=   1   num_procs= 256                                                 
 Writing to stdout before ESM Finalize
