2025-05-08 04:06:24
 LUMO: localPet=   0   thread_num=   0   currentSsiPe=   0   num_threads=   1   max_threads=   1   num_procs= 256                                                
 LUMO: localPet=   0   thread_num=   0   currentSsiPe=   0   num_threads=   1   max_threads=   1   num_procs= 256                                                
 LUMO: localPet=   0   thread_num=   0   currentSsiPe=   0   num_threads=   1   max_threads=   1   num_procs= 256                                                
 LUMO: localPet=   0   thread_num=   0   currentSsiPe=   0   num_threads=   1   max_threads=   1   num_procs= 256                                                
 LUMO: localPet=   0   thread_num=   0   currentSsiPe=   0   num_threads=   1   max_threads=   1   num_procs= 256                                                
 LUMO: localPet=   0   thread_num=   0   currentSsiPe=   0   num_threads=   1   max_threads=   1   num_procs= 256                                                
 LUMO: localPet=   0   thread_num=   0   currentSsiPe=   0   num_threads=   1   max_threads=   1   num_procs= 256                                                
 LUMO: localPet=   0   thread_num=   0   currentSsiPe=   0   num_threads=   1   max_threads=   1   num_procs= 256                                                
 LUMO: localPet=   0   thread_num=   0   currentSsiPe=   0   num_threads=   1   max_threads=   1   num_procs= 256                                                
 LUMO: localPet=   0   thread_num=   0   currentSsiPe=   0   num_threads=   1   max_threads=   1   num_procs= 256                                                
 LUMO: localPet=   0   thread_num=   0   currentSsiPe=   0   num_threads=   1   max_threads=   1   num_procs= 256                                                
 LUMO: localPet=   0   thread_num=   0   currentSsiPe=   0   num_threads=   1   max_threads=   1   num_procs= 256                                                
 TAWAS: localPet=   0   thread_num=   0   currentSsiPe=   3   num_threads=   4   max_threads=   4   num_procs= 256                                               
 TAWAS: localPet=   0   thread_num=   2   currentSsiPe=   1   num_threads=   4   max_threads=   4   num_procs= 256                                               
 TAWAS: localPet=   0   thread_num=   1   currentSsiPe=   2   num_threads=   4   max_threads=   4   num_procs= 256                                               
 TAWAS: localPet=   0   thread_num=   3   currentSsiPe=   0   num_threads=   4   max_threads=   4   num_procs= 256                                               
 LUMO: localPet=   2   thread_num=   0   currentSsiPe=   3   num_threads=   1   max_threads=   1   num_procs= 256                                                
 LUMO: localPet=   2   thread_num=   0   currentSsiPe=   3   num_threads=   1   max_threads=   1   num_procs= 256                                                
 LUMO: localPet=   2   thread_num=   0   currentSsiPe=   3   num_threads=   1   max_threads=   1   num_procs= 256                                                
 TAWAS: localPet=   0   thread_num=   0   currentSsiPe=   3   num_threads=   4   max_threads=   4   num_procs= 256                                               
 TAWAS: localPet=   0   thread_num=   2   currentSsiPe=   1   num_threads=   4   max_threads=   4   num_procs= 256                                               
 TAWAS: localPet=   0   thread_num=   1   currentSsiPe=   2   num_threads=   4   max_threads=   4   num_procs= 256                                               
 TAWAS: localPet=   0   thread_num=   3   currentSsiPe=   0   num_threads=   4   max_threads=   4   num_procs= 256                                               
 LUMO: localPet=   2   thread_num=   0   currentSsiPe=   3   num_threads=   1   max_threads=   1   num_procs= 256                                                
 LUMO: localPet=   2   thread_num=   0   currentSsiPe=   3   num_threads=   1   max_threads=   1   num_WARNING: Requested total thread count and/or thread affinity may result in
oversubscription of available CPU resources!  Performance may be degraded.
Explicitly set OMP_WAIT_POLICY=PASSIVE or ACTIVE to suppress this message.
Set CRAY_OMP_CHECK_AFFINITY=TRUE to print detailed thread-affinity messages.
procs= 256                                                
 LUMO: localPet=   2   thread_num=   0   currentSsiPe=   3   num_threads=   1   max_threads=   1   num_procs= 256                                                
 TAWAS: localPet=   0   thread_num=   0   currentSsiPe=   3   num_threads=   4   max_threads=   4   num_procs= 256                                               
 TAWAS: localPet=   0   thread_num=   3   currentSsiPe=   0   num_threads=   4   max_threads=   4   num_procs= 256                                               
 TAWAS: localPet=   0   thread_num=   2   currentSsiPe=   1   num_threads=   4   max_threads=   4   num_procs= 256                                               
 TAWAS: localPet=   0   thread_num=   1   currentSsiPe=   2   num_threads=   4   max_threads=   4   num_procs= 256                                               
 LUMO: localPet=   2   thread_num=   0   currentSsiPe=   3   num_threads=   1   max_threads=   1   num_procs= 256                                                
 LUMO: localPet=   2   thread_num=   0   currentSsiPe=   3   num_threads=   1   max_threads=   1   num_procs= 256                                                
 LUMO: localPet=   2   thread_num=   0   currentSsiPe=   3   num_threads=   1   max_threads=   1   num_procs= 256                                                
 TAWAS: localPet=   0   thread_num=   0   currentSsiPe=   3   num_threads=   4   max_threads=   4   num_procs= 256                                               
 TAWAS: localPet=   0   thread_num=   2   currentSsiPe=   1   num_threads=   4   max_threads=   4   num_procs= 256                                               
 TAWAS: localPet=   0   thread_num=   1   currentSsiPe=   2   num_threads=   4   max_threads=   4   num_procs= 256                                               
 TAWAS: localPet=   0   thread_num=   3   currentSsiPe=   0   num_threads=   4   max_threads=   4   num_procs= 256                                               
 LUMO: localPet=   2   thread_num=   0   cur LUMO: localPet=   1   thread_num=   0   currentSsiPe=   1   num_threads=   1   max_threads=   1   num_procs= 256                                                
 LUMO: localPet=   1   thread_num=   0   currentSsiPe=   1   num_threads=   1   max_threads=   1   num_procs= 256                                                
 LUMO: localPet=   1   thread_num=   0   currentSsiPe=   1   num_threads=   1   max_threads=   1   num_procs= 256                                                
 LUMO: localPet=   1   thread_num=   0   currentSsiPe=   1   num_threads=   1   max_threads=   1   num_procs= 256                                                
 LUMO: localPet=   1   thread_num=   0   currentSsiPe=   1   num_threads=   1   max_threads=   1   num_procs= 256                                                
 LUMO: localPet=   1   thread_num=   0   currentSsiPe=   1   num_threads=   1   max_threads=   1   num_procs= 256                                                
 LUMO: localPet=   1   thread_num=   0   currentSsiPe=   1   num_threads=   1   max_threads=   1   num_procs= 256                                                
 LUMO: localPet=   1   thread_num=   0   currentSsiPe=   1   num_threads=   1   max_threads=   1   num_procs= 256                                                
 LUMO: localPet=   1   thread_num=   0   currentSsiPe=   1   num_threads=   1   max_threads=   1   num_procs= 256                                                
 LUMO: localPet=   1   thread_num=   0   currentSsiPe=   1   num_threads=   1   max_threads=   1   num_procs= 256                                                
 LUMO: localPet=   1   thread_num=   0   currentSsiPe=   1   num_threads=   1   max_threads=   1   num_procs= 256                                                
 LUMO: localPet=   1   thread_num=   0   currentSsiPe=   1   num_threads=   1   max_threads=   1   num_procs= 256                                                
rentSsiPe=   3   num_threads=   1   max_threads=   1   num_procs= 256                                                
 LUMO: localPet=   2   thread_num=   0   currentSsiPe=   3   num_threads=   1   max_threads=   1   num_procs= 256                                                
 LUMO: localPet=   2   thread_num=   0   currentSsiPe=   3   num_threads=   1   max_threads=   1   num_procs= 256                                                
