2024-10-09 07:34:27
20241009 081941.129 INFO             PET0 !!!!!!!!!!!!!!!!!!!!!!!!!!!!!!!!!!!!!!!!!!!!!!!!!!!!!!
20241009 081941.152 INFO             PET0 !!! THE ESMF_LOG IS SET TO OUTPUT ALL LOG MESSAGES !!!
20241009 081941.152 INFO             PET0 !!!     THIS MAY CAUSE SLOWDOWN IN PERFORMANCE     !!!
20241009 081941.152 INFO             PET0 !!! FOR PRODUCTION RUNS, USE:                      !!!
20241009 081941.152 INFO             PET0 !!!                   ESMF_LOGKIND_Multi_On_Error  !!!
20241009 081941.169 INFO             PET0 !!!!!!!!!!!!!!!!!!!!!!!!!!!!!!!!!!!!!!!!!!!!!!!!!!!!!!
20241009 081941.169 INFO             PET0 Running with ESMF Version   : v8.8.0b00-12-g0d4b825343
20241009 081941.169 INFO             PET0 ESMF library build date/time: "Oct  9 2024" "07:31:39"
20241009 081941.169 INFO             PET0 ESMF library build location : /scratch2/NCEPDEV/stmp1/Gerhard.Theurich/ESMF-Nightly-Testing/intel_2023.2.0_intelmpi_g_develop/esmf
20241009 081941.169 INFO             PET0 ESMF_COMM                   : intelmpi
20241009 081941.184 INFO             PET0 ESMF_MOAB                   : enabled
20241009 081941.185 INFO             PET0 ESMF_LAPACK                 : enabled
20241009 081941.195 INFO             PET0 ESMF_NETCDF                 : enabled
20241009 081941.195 INFO             PET0 ESMF_PNETCDF                : disabled
20241009 081941.195 INFO             PET0 ESMF_PIO                    : enabled
20241009 081941.195 INFO             PET0 ESMF_YAMLCPP                : enabled
20241009 081941.195 INFO             PET0 Log Write 2
20241009 081941.201 ERROR            PET0 Invalid object  - Convergence failure
20241009 081941.237 ERROR            PET0 ESMCI_Time.C:866 ESMCI::Time::syncToRealTime() Wrong argument specified  - ; calkindflag is NOCALENDAR. Only GREGORIAN and JULIAN are supported when syncing to real time.
20241009 081941.247 ERROR            PET0 ESMF_Time.F90:1485 ESMF_TimeSyncToRealTime() Wrong argument specified  - Internal subroutine call returned Error
20241009 081941.247 ERROR            PET0 Wrong argument specified  - getting wall clock time
20241009 081941.254 INFO             PET0  NUMBER_OF_PROCESSORS           4
20241009 081941.262 INFO             PET0  PASS  Example ESMF_LogErrEx, ESMF_LogErrEx.F90, line 186
20241009 081941.262 INFO             PET0  Finalizing ESMF
20241009 081941.130 INFO             PET1 !!!!!!!!!!!!!!!!!!!!!!!!!!!!!!!!!!!!!!!!!!!!!!!!!!!!!!
20241009 081941.152 INFO             PET1 !!! THE ESMF_LOG IS SET TO OUTPUT ALL LOG MESSAGES !!!
20241009 081941.152 INFO             PET1 !!!     THIS MAY CAUSE SLOWDOWN IN PERFORMANCE     !!!
20241009 081941.152 INFO             PET1 !!! FOR PRODUCTION RUNS, USE:                      !!!
20241009 081941.152 INFO             PET1 !!!                   ESMF_LOGKIND_Multi_On_Error  !!!
20241009 081941.169 INFO             PET1 !!!!!!!!!!!!!!!!!!!!!!!!!!!!!!!!!!!!!!!!!!!!!!!!!!!!!!
20241009 081941.169 INFO             PET1 Running with ESMF Version   : v8.8.0b00-12-g0d4b825343
20241009 081941.170 INFO             PET1 ESMF library build date/time: "Oct  9 2024" "07:31:39"
20241009 081941.170 INFO             PET1 ESMF library build location : /scratch2/NCEPDEV/stmp1/Gerhard.Theurich/ESMF-Nightly-Testing/intel_2023.2.0_intelmpi_g_develop/esmf
20241009 081941.170 INFO             PET1 ESMF_COMM                   : intelmpi
20241009 081941.185 INFO             PET1 ESMF_MOAB                   : enabled
20241009 081941.185 INFO             PET1 ESMF_LAPACK                 : enabled
20241009 081941.195 INFO             PET1 ESMF_NETCDF                 : enabled
20241009 081941.195 INFO             PET1 ESMF_PNETCDF                : disabled
20241009 081941.195 INFO             PET1 ESMF_PIO                    : enabled
20241009 081941.195 INFO             PET1 ESMF_YAMLCPP                : enabled
20241009 081941.195 INFO             PET1 Log Write 2
20241009 081941.201 ERROR            PET1 Invalid object  - Convergence failure
20241009 081941.237 ERROR            PET1 ESMCI_Time.C:866 ESMCI::Time::syncToRealTime() Wrong argument specified  - ; calkindflag is NOCALENDAR. Only GREGORIAN and JULIAN are supported when syncing to real time.
20241009 081941.247 ERROR            PET1 ESMF_Time.F90:1485 ESMF_TimeSyncToRealTime() Wrong argument specified  - Internal subroutine call returned Error
20241009 081941.247 ERROR            PET1 Wrong argument specified  - getting wall clock time
20241009 081941.254 INFO             PET1  NUMBER_OF_PROCESSORS           4
20241009 081941.262 INFO             PET1  PASS  Example ESMF_LogErrEx, ESMF_LogErrEx.F90, line 186
20241009 081941.262 INFO             PET1  Finalizing ESMF
20241009 081941.129 INFO             PET2 !!!!!!!!!!!!!!!!!!!!!!!!!!!!!!!!!!!!!!!!!!!!!!!!!!!!!!
20241009 081941.152 INFO             PET2 !!! THE ESMF_LOG IS SET TO OUTPUT ALL LOG MESSAGES !!!
20241009 081941.152 INFO             PET2 !!!     THIS MAY CAUSE SLOWDOWN IN PERFORMANCE     !!!
20241009 081941.152 INFO             PET2 !!! FOR PRODUCTION RUNS, USE:                      !!!
20241009 081941.152 INFO             PET2 !!!                   ESMF_LOGKIND_Multi_On_Error  !!!
20241009 081941.169 INFO             PET2 !!!!!!!!!!!!!!!!!!!!!!!!!!!!!!!!!!!!!!!!!!!!!!!!!!!!!!
20241009 081941.169 INFO             PET2 Running with ESMF Version   : v8.8.0b00-12-g0d4b825343
20241009 081941.169 INFO             PET2 ESMF library build date/time: "Oct  9 2024" "07:31:39"
20241009 081941.169 INFO             PET2 ESMF library build location : /scratch2/NCEPDEV/stmp1/Gerhard.Theurich/ESMF-Nightly-Testing/intel_2023.2.0_intelmpi_g_develop/esmf
20241009 081941.170 INFO             PET2 ESMF_COMM                   : intelmpi
20241009 081941.184 INFO             PET2 ESMF_MOAB                   : enabled
20241009 081941.184 INFO             PET2 ESMF_LAPACK                 : enabled
20241009 081941.194 INFO             PET2 ESMF_NETCDF                 : enabled
20241009 081941.195 INFO             PET2 ESMF_PNETCDF                : disabled
20241009 081941.195 INFO             PET2 ESMF_PIO                    : enabled
20241009 081941.195 INFO             PET2 ESMF_YAMLCPP                : enabled
20241009 081941.195 INFO             PET2 Log Write 2
20241009 081941.201 ERROR            PET2 Invalid object  - Convergence failure
20241009 081941.237 ERROR            PET2 ESMCI_Time.C:866 ESMCI::Time::syncToRealTime() Wrong argument specified  - ; calkindflag is NOCALENDAR. Only GREGORIAN and JULIAN are supported when syncing to real time.
20241009 081941.247 ERROR            PET2 ESMF_Time.F90:1485 ESMF_TimeSyncToRealTime() Wrong argument specified  - Internal subroutine call returned Error
20241009 081941.247 ERROR            PET2 Wrong argument specified  - getting wall clock time
20241009 081941.254 INFO             PET2  NUMBER_OF_PROCESSORS           4
20241009 081941.262 INFO             PET2  PASS  Example ESMF_LogErrEx, ESMF_LogErrEx.F90, line 186
20241009 081941.262 INFO             PET2  Finalizing ESMF
20241009 081941.130 INFO             PET3 !!!!!!!!!!!!!!!!!!!!!!!!!!!!!!!!!!!!!!!!!!!!!!!!!!!!!!
20241009 081941.152 INFO             PET3 !!! THE ESMF_LOG IS SET TO OUTPUT ALL LOG MESSAGES !!!
20241009 081941.152 INFO             PET3 !!!     THIS MAY CAUSE SLOWDOWN IN PERFORMANCE     !!!
20241009 081941.152 INFO             PET3 !!! FOR PRODUCTION RUNS, USE:                      !!!
20241009 081941.152 INFO             PET3 !!!                   ESMF_LOGKIND_Multi_On_Error  !!!
20241009 081941.169 INFO             PET3 !!!!!!!!!!!!!!!!!!!!!!!!!!!!!!!!!!!!!!!!!!!!!!!!!!!!!!
20241009 081941.169 INFO             PET3 Running with ESMF Version   : v8.8.0b00-12-g0d4b825343
20241009 081941.170 INFO             PET3 ESMF library build date/time: "Oct  9 2024" "07:31:39"
20241009 081941.170 INFO             PET3 ESMF library build location : /scratch2/NCEPDEV/stmp1/Gerhard.Theurich/ESMF-Nightly-Testing/intel_2023.2.0_intelmpi_g_develop/esmf
20241009 081941.170 INFO             PET3 ESMF_COMM                   : intelmpi
20241009 081941.185 INFO             PET3 ESMF_MOAB                   : enabled
20241009 081941.185 INFO             PET3 ESMF_LAPACK                 : enabled
20241009 081941.195 INFO             PET3 ESMF_NETCDF                 : enabled
20241009 081941.195 INFO             PET3 ESMF_PNETCDF                : disabled
20241009 081941.195 INFO             PET3 ESMF_PIO                    : enabled
20241009 081941.195 INFO             PET3 ESMF_YAMLCPP                : enabled
20241009 081941.195 INFO             PET3 Log Write 2
20241009 081941.201 ERROR            PET3 Invalid object  - Convergence failure
20241009 081941.237 ERROR            PET3 ESMCI_Time.C:866 ESMCI::Time::syncToRealTime() Wrong argument specified  - ; calkindflag is NOCALENDAR. Only GREGORIAN and JULIAN are supported when syncing to real time.
20241009 081941.247 ERROR            PET3 ESMF_Time.F90:1485 ESMF_TimeSyncToRealTime() Wrong argument specified  - Internal subroutine call returned Error
20241009 081941.247 ERROR            PET3 Wrong argument specified  - getting wall clock time
20241009 081941.254 INFO             PET3  NUMBER_OF_PROCESSORS           4
20241009 081941.262 INFO             PET3  PASS  Example ESMF_LogErrEx, ESMF_LogErrEx.F90, line 186
20241009 081941.262 INFO             PET3  Finalizing ESMF
