2024-10-13 07:32:44
20241013 082347.972 INFO             PET0 !!!!!!!!!!!!!!!!!!!!!!!!!!!!!!!!!!!!!!!!!!!!!!!!!!!!!!
20241013 082347.972 INFO             PET0 !!! THE ESMF_LOG IS SET TO OUTPUT ALL LOG MESSAGES !!!
20241013 082347.972 INFO             PET0 !!!     THIS MAY CAUSE SLOWDOWN IN PERFORMANCE     !!!
20241013 082347.972 INFO             PET0 !!! FOR PRODUCTION RUNS, USE:                      !!!
20241013 082347.972 INFO             PET0 !!!                   ESMF_LOGKIND_Multi_On_Error  !!!
20241013 082347.972 INFO             PET0 !!!!!!!!!!!!!!!!!!!!!!!!!!!!!!!!!!!!!!!!!!!!!!!!!!!!!!
20241013 082347.972 INFO             PET0 Running with ESMF Version   : v8.8.0b01
20241013 082347.972 INFO             PET0 ESMF library build date/time: "Oct 13 2024" "07:29:15"
20241013 082347.972 INFO             PET0 ESMF library build location : /scratch2/NCEPDEV/stmp1/Gerhard.Theurich/ESMF-Nightly-Testing/intel_2023.2.0_intelmpi_g_develop/esmf
20241013 082347.972 INFO             PET0 ESMF_COMM                   : intelmpi
20241013 082347.973 INFO             PET0 ESMF_MOAB                   : enabled
20241013 082347.973 INFO             PET0 ESMF_LAPACK                 : enabled
20241013 082347.973 INFO             PET0 ESMF_NETCDF                 : enabled
20241013 082347.973 INFO             PET0 ESMF_PNETCDF                : disabled
20241013 082347.973 INFO             PET0 ESMF_PIO                    : enabled
20241013 082347.973 INFO             PET0 ESMF_YAMLCPP                : enabled
20241013 082348.090 INFO             PET0  NUMBER_OF_PROCESSORS           4
20241013 082348.090 INFO             PET0  PASS  Example ESMF_RHandleDynamicMaskingEx, ESMF_RHandleDynamicMaskingEx.F90, line 1116
20241013 082348.090 INFO             PET0  Finalizing ESMF
20241013 082347.973 INFO             PET1 !!!!!!!!!!!!!!!!!!!!!!!!!!!!!!!!!!!!!!!!!!!!!!!!!!!!!!
20241013 082347.973 INFO             PET1 !!! THE ESMF_LOG IS SET TO OUTPUT ALL LOG MESSAGES !!!
20241013 082347.973 INFO             PET1 !!!     THIS MAY CAUSE SLOWDOWN IN PERFORMANCE     !!!
20241013 082347.973 INFO             PET1 !!! FOR PRODUCTION RUNS, USE:                      !!!
20241013 082347.973 INFO             PET1 !!!                   ESMF_LOGKIND_Multi_On_Error  !!!
20241013 082347.973 INFO             PET1 !!!!!!!!!!!!!!!!!!!!!!!!!!!!!!!!!!!!!!!!!!!!!!!!!!!!!!
20241013 082347.973 INFO             PET1 Running with ESMF Version   : v8.8.0b01
20241013 082347.973 INFO             PET1 ESMF library build date/time: "Oct 13 2024" "07:29:15"
20241013 082347.973 INFO             PET1 ESMF library build location : /scratch2/NCEPDEV/stmp1/Gerhard.Theurich/ESMF-Nightly-Testing/intel_2023.2.0_intelmpi_g_develop/esmf
20241013 082347.973 INFO             PET1 ESMF_COMM                   : intelmpi
20241013 082347.974 INFO             PET1 ESMF_MOAB                   : enabled
20241013 082347.974 INFO             PET1 ESMF_LAPACK                 : enabled
20241013 082347.974 INFO             PET1 ESMF_NETCDF                 : enabled
20241013 082347.974 INFO             PET1 ESMF_PNETCDF                : disabled
20241013 082347.974 INFO             PET1 ESMF_PIO                    : enabled
20241013 082347.974 INFO             PET1 ESMF_YAMLCPP                : enabled
20241013 082348.090 INFO             PET1  NUMBER_OF_PROCESSORS           4
20241013 082348.090 INFO             PET1  PASS  Example ESMF_RHandleDynamicMaskingEx, ESMF_RHandleDynamicMaskingEx.F90, line 1116
20241013 082348.090 INFO             PET1  Finalizing ESMF
20241013 082347.972 INFO             PET2 !!!!!!!!!!!!!!!!!!!!!!!!!!!!!!!!!!!!!!!!!!!!!!!!!!!!!!
20241013 082347.973 INFO             PET2 !!! THE ESMF_LOG IS SET TO OUTPUT ALL LOG MESSAGES !!!
20241013 082347.973 INFO             PET2 !!!     THIS MAY CAUSE SLOWDOWN IN PERFORMANCE     !!!
20241013 082347.973 INFO             PET2 !!! FOR PRODUCTION RUNS, USE:                      !!!
20241013 082347.973 INFO             PET2 !!!                   ESMF_LOGKIND_Multi_On_Error  !!!
20241013 082347.973 INFO             PET2 !!!!!!!!!!!!!!!!!!!!!!!!!!!!!!!!!!!!!!!!!!!!!!!!!!!!!!
20241013 082347.973 INFO             PET2 Running with ESMF Version   : v8.8.0b01
20241013 082347.973 INFO             PET2 ESMF library build date/time: "Oct 13 2024" "07:29:15"
20241013 082347.973 INFO             PET2 ESMF library build location : /scratch2/NCEPDEV/stmp1/Gerhard.Theurich/ESMF-Nightly-Testing/intel_2023.2.0_intelmpi_g_develop/esmf
20241013 082347.973 INFO             PET2 ESMF_COMM                   : intelmpi
20241013 082347.973 INFO             PET2 ESMF_MOAB                   : enabled
20241013 082347.973 INFO             PET2 ESMF_LAPACK                 : enabled
20241013 082347.973 INFO             PET2 ESMF_NETCDF                 : enabled
20241013 082347.973 INFO             PET2 ESMF_PNETCDF                : disabled
20241013 082347.973 INFO             PET2 ESMF_PIO                    : enabled
20241013 082347.973 INFO             PET2 ESMF_YAMLCPP                : enabled
20241013 082348.090 INFO             PET2  NUMBER_OF_PROCESSORS           4
20241013 082348.090 INFO             PET2  PASS  Example ESMF_RHandleDynamicMaskingEx, ESMF_RHandleDynamicMaskingEx.F90, line 1116
20241013 082348.090 INFO             PET2  Finalizing ESMF
20241013 082347.973 INFO             PET3 !!!!!!!!!!!!!!!!!!!!!!!!!!!!!!!!!!!!!!!!!!!!!!!!!!!!!!
20241013 082347.973 INFO             PET3 !!! THE ESMF_LOG IS SET TO OUTPUT ALL LOG MESSAGES !!!
20241013 082347.973 INFO             PET3 !!!     THIS MAY CAUSE SLOWDOWN IN PERFORMANCE     !!!
20241013 082347.973 INFO             PET3 !!! FOR PRODUCTION RUNS, USE:                      !!!
20241013 082347.973 INFO             PET3 !!!                   ESMF_LOGKIND_Multi_On_Error  !!!
20241013 082347.973 INFO             PET3 !!!!!!!!!!!!!!!!!!!!!!!!!!!!!!!!!!!!!!!!!!!!!!!!!!!!!!
20241013 082347.973 INFO             PET3 Running with ESMF Version   : v8.8.0b01
20241013 082347.973 INFO             PET3 ESMF library build date/time: "Oct 13 2024" "07:29:15"
20241013 082347.973 INFO             PET3 ESMF library build location : /scratch2/NCEPDEV/stmp1/Gerhard.Theurich/ESMF-Nightly-Testing/intel_2023.2.0_intelmpi_g_develop/esmf
20241013 082347.973 INFO             PET3 ESMF_COMM                   : intelmpi
20241013 082347.974 INFO             PET3 ESMF_MOAB                   : enabled
20241013 082347.974 INFO             PET3 ESMF_LAPACK                 : enabled
20241013 082347.974 INFO             PET3 ESMF_NETCDF                 : enabled
20241013 082347.974 INFO             PET3 ESMF_PNETCDF                : disabled
20241013 082347.974 INFO             PET3 ESMF_PIO                    : enabled
20241013 082347.974 INFO             PET3 ESMF_YAMLCPP                : enabled
20241013 082348.090 INFO             PET3  NUMBER_OF_PROCESSORS           4
20241013 082348.090 INFO             PET3  PASS  Example ESMF_RHandleDynamicMaskingEx, ESMF_RHandleDynamicMaskingEx.F90, line 1116
20241013 082348.090 INFO             PET3  Finalizing ESMF
