2024-10-13 07:32:44
20241013 082302.838 INFO             PET0 !!!!!!!!!!!!!!!!!!!!!!!!!!!!!!!!!!!!!!!!!!!!!!!!!!!!!!
20241013 082302.838 INFO             PET0 !!! THE ESMF_LOG IS SET TO OUTPUT ALL LOG MESSAGES !!!
20241013 082302.838 INFO             PET0 !!!     THIS MAY CAUSE SLOWDOWN IN PERFORMANCE     !!!
20241013 082302.838 INFO             PET0 !!! FOR PRODUCTION RUNS, USE:                      !!!
20241013 082302.838 INFO             PET0 !!!                   ESMF_LOGKIND_Multi_On_Error  !!!
20241013 082302.838 INFO             PET0 !!!!!!!!!!!!!!!!!!!!!!!!!!!!!!!!!!!!!!!!!!!!!!!!!!!!!!
20241013 082302.838 INFO             PET0 Running with ESMF Version   : v8.8.0b01
20241013 082302.838 INFO             PET0 ESMF library build date/time: "Oct 13 2024" "07:29:15"
20241013 082302.839 INFO             PET0 ESMF library build location : /scratch2/NCEPDEV/stmp1/Gerhard.Theurich/ESMF-Nightly-Testing/intel_2023.2.0_intelmpi_g_develop/esmf
20241013 082302.839 INFO             PET0 ESMF_COMM                   : intelmpi
20241013 082302.839 INFO             PET0 ESMF_MOAB                   : enabled
20241013 082302.839 INFO             PET0 ESMF_LAPACK                 : enabled
20241013 082302.839 INFO             PET0 ESMF_NETCDF                 : enabled
20241013 082302.839 INFO             PET0 ESMF_PNETCDF                : disabled
20241013 082302.839 INFO             PET0 ESMF_PIO                    : enabled
20241013 082302.839 INFO             PET0 ESMF_YAMLCPP                : enabled
20241013 082302.840 INFO             PET0  NUMBER_OF_PROCESSORS           1
20241013 082302.840 INFO             PET0  PASS  Example ESMF_TimeEx, ESMF_TimeEx.F90, line 141
20241013 082302.840 INFO             PET0  Finalizing ESMF
