2025-05-10 05:30:28
20250510 064533.914 INFO             PET0 !!!!!!!!!!!!!!!!!!!!!!!!!!!!!!!!!!!!!!!!!!!!!!!!!!!!!!
20250510 064533.914 INFO             PET0 !!! THE ESMF_LOG IS SET TO OUTPUT ALL LOG MESSAGES !!!
20250510 064533.914 INFO             PET0 !!!     THIS MAY CAUSE SLOWDOWN IN PERFORMANCE     !!!
20250510 064533.914 INFO             PET0 !!! FOR PRODUCTION RUNS, USE:                      !!!
20250510 064533.914 INFO             PET0 !!!                   ESMF_LOGKIND_Multi_On_Error  !!!
20250510 064533.914 INFO             PET0 !!!!!!!!!!!!!!!!!!!!!!!!!!!!!!!!!!!!!!!!!!!!!!!!!!!!!!
20250510 064533.914 INFO             PET0 Running with ESMF Version   : v8.9.0b08-9-gea72ab2180
20250510 064533.914 INFO             PET0 ESMF library build date/time: "May 10 2025" "05:27:15"
20250510 064533.914 INFO             PET0 ESMF library build location : /discover/nobackup/projects/gmao/SIteam/ESMF_Testing/llvm_21.0.0git06721_mpich_g_develop/esmf
20250510 064533.914 INFO             PET0 ESMF_COMM                   : mpich
20250510 064533.915 INFO             PET0 ESMF_MOAB                   : enabled
20250510 064533.915 INFO             PET0 ESMF_LAPACK                 : enabled
20250510 064533.915 INFO             PET0 ESMF_NETCDF                 : disabled
20250510 064533.915 INFO             PET0 ESMF_PNETCDF                : disabled
20250510 064533.915 INFO             PET0 ESMF_PIO                    : disabled
20250510 064533.915 INFO             PET0 ESMF_YAMLCPP                : enabled
20250510 064533.929 INFO             PET0  NUMBER_OF_PROCESSORS 4
20250510 064533.929 INFO             PET0  PASS  Example ESMF_FieldSMMEx, ./ESMF_FieldSMMEx.F90, line 419
20250510 064533.929 INFO             PET0  Finalizing ESMF
20250510 064533.929 ERROR            PET0 ESMF_Field_C.F90:758 f_esmf_fieldcollectgarbage() Unable to deallocate memory  - Deallocating Field
20250510 064533.929 ERROR            PET0 ESMCI_VM.C:3574 ESMCI::VM::finalize() Unable to deallocate memory  - Internal subroutine call returned Error
20250510 064533.914 INFO             PET1 !!!!!!!!!!!!!!!!!!!!!!!!!!!!!!!!!!!!!!!!!!!!!!!!!!!!!!
20250510 064533.914 INFO             PET1 !!! THE ESMF_LOG IS SET TO OUTPUT ALL LOG MESSAGES !!!
20250510 064533.914 INFO             PET1 !!!     THIS MAY CAUSE SLOWDOWN IN PERFORMANCE     !!!
20250510 064533.914 INFO             PET1 !!! FOR PRODUCTION RUNS, USE:                      !!!
20250510 064533.914 INFO             PET1 !!!                   ESMF_LOGKIND_Multi_On_Error  !!!
20250510 064533.914 INFO             PET1 !!!!!!!!!!!!!!!!!!!!!!!!!!!!!!!!!!!!!!!!!!!!!!!!!!!!!!
20250510 064533.914 INFO             PET1 Running with ESMF Version   : v8.9.0b08-9-gea72ab2180
20250510 064533.914 INFO             PET1 ESMF library build date/time: "May 10 2025" "05:27:15"
20250510 064533.914 INFO             PET1 ESMF library build location : /discover/nobackup/projects/gmao/SIteam/ESMF_Testing/llvm_21.0.0git06721_mpich_g_develop/esmf
20250510 064533.914 INFO             PET1 ESMF_COMM                   : mpich
20250510 064533.915 INFO             PET1 ESMF_MOAB                   : enabled
20250510 064533.915 INFO             PET1 ESMF_LAPACK                 : enabled
20250510 064533.915 INFO             PET1 ESMF_NETCDF                 : disabled
20250510 064533.915 INFO             PET1 ESMF_PNETCDF                : disabled
20250510 064533.915 INFO             PET1 ESMF_PIO                    : disabled
20250510 064533.915 INFO             PET1 ESMF_YAMLCPP                : enabled
20250510 064533.929 INFO             PET1  NUMBER_OF_PROCESSORS 4
20250510 064533.929 INFO             PET1  PASS  Example ESMF_FieldSMMEx, ./ESMF_FieldSMMEx.F90, line 419
20250510 064533.929 INFO             PET1  Finalizing ESMF
20250510 064533.929 ERROR            PET1 ESMF_Field_C.F90:758 f_esmf_fieldcollectgarbage() Unable to deallocate memory  - Deallocating Field
20250510 064533.929 ERROR            PET1 ESMCI_VM.C:3574 ESMCI::VM::finalize() Unable to deallocate memory  - Internal subroutine call returned Error
20250510 064533.914 INFO             PET2 !!!!!!!!!!!!!!!!!!!!!!!!!!!!!!!!!!!!!!!!!!!!!!!!!!!!!!
20250510 064533.914 INFO             PET2 !!! THE ESMF_LOG IS SET TO OUTPUT ALL LOG MESSAGES !!!
20250510 064533.914 INFO             PET2 !!!     THIS MAY CAUSE SLOWDOWN IN PERFORMANCE     !!!
20250510 064533.914 INFO             PET2 !!! FOR PRODUCTION RUNS, USE:                      !!!
20250510 064533.914 INFO             PET2 !!!                   ESMF_LOGKIND_Multi_On_Error  !!!
20250510 064533.914 INFO             PET2 !!!!!!!!!!!!!!!!!!!!!!!!!!!!!!!!!!!!!!!!!!!!!!!!!!!!!!
20250510 064533.914 INFO             PET2 Running with ESMF Version   : v8.9.0b08-9-gea72ab2180
20250510 064533.915 INFO             PET2 ESMF library build date/time: "May 10 2025" "05:27:15"
20250510 064533.915 INFO             PET2 ESMF library build location : /discover/nobackup/projects/gmao/SIteam/ESMF_Testing/llvm_21.0.0git06721_mpich_g_develop/esmf
20250510 064533.915 INFO             PET2 ESMF_COMM                   : mpich
20250510 064533.915 INFO             PET2 ESMF_MOAB                   : enabled
20250510 064533.915 INFO             PET2 ESMF_LAPACK                 : enabled
20250510 064533.915 INFO             PET2 ESMF_NETCDF                 : disabled
20250510 064533.915 INFO             PET2 ESMF_PNETCDF                : disabled
20250510 064533.915 INFO             PET2 ESMF_PIO                    : disabled
20250510 064533.915 INFO             PET2 ESMF_YAMLCPP                : enabled
20250510 064533.929 INFO             PET2  NUMBER_OF_PROCESSORS 4
20250510 064533.929 INFO             PET2  PASS  Example ESMF_FieldSMMEx, ./ESMF_FieldSMMEx.F90, line 419
20250510 064533.929 INFO             PET2  Finalizing ESMF
20250510 064533.929 ERROR            PET2 ESMF_Field_C.F90:758 f_esmf_fieldcollectgarbage() Unable to deallocate memory  - Deallocating Field
20250510 064533.929 ERROR            PET2 ESMCI_VM.C:3574 ESMCI::VM::finalize() Unable to deallocate memory  - Internal subroutine call returned Error
20250510 064533.915 INFO             PET3 !!!!!!!!!!!!!!!!!!!!!!!!!!!!!!!!!!!!!!!!!!!!!!!!!!!!!!
20250510 064533.915 INFO             PET3 !!! THE ESMF_LOG IS SET TO OUTPUT ALL LOG MESSAGES !!!
20250510 064533.915 INFO             PET3 !!!     THIS MAY CAUSE SLOWDOWN IN PERFORMANCE     !!!
20250510 064533.915 INFO             PET3 !!! FOR PRODUCTION RUNS, USE:                      !!!
20250510 064533.915 INFO             PET3 !!!                   ESMF_LOGKIND_Multi_On_Error  !!!
20250510 064533.915 INFO             PET3 !!!!!!!!!!!!!!!!!!!!!!!!!!!!!!!!!!!!!!!!!!!!!!!!!!!!!!
20250510 064533.915 INFO             PET3 Running with ESMF Version   : v8.9.0b08-9-gea72ab2180
20250510 064533.915 INFO             PET3 ESMF library build date/time: "May 10 2025" "05:27:15"
20250510 064533.915 INFO             PET3 ESMF library build location : /discover/nobackup/projects/gmao/SIteam/ESMF_Testing/llvm_21.0.0git06721_mpich_g_develop/esmf
20250510 064533.915 INFO             PET3 ESMF_COMM                   : mpich
20250510 064533.915 INFO             PET3 ESMF_MOAB                   : enabled
20250510 064533.915 INFO             PET3 ESMF_LAPACK                 : enabled
20250510 064533.915 INFO             PET3 ESMF_NETCDF                 : disabled
20250510 064533.915 INFO             PET3 ESMF_PNETCDF                : disabled
20250510 064533.915 INFO             PET3 ESMF_PIO                    : disabled
20250510 064533.915 INFO             PET3 ESMF_YAMLCPP                : enabled
20250510 064533.929 INFO             PET3  NUMBER_OF_PROCESSORS 4
20250510 064533.929 INFO             PET3  PASS  Example ESMF_FieldSMMEx, ./ESMF_FieldSMMEx.F90, line 419
20250510 064533.929 INFO             PET3  Finalizing ESMF
20250510 064533.929 ERROR            PET3 ESMF_Field_C.F90:758 f_esmf_fieldcollectgarbage() Unable to deallocate memory  - Deallocating Field
20250510 064533.929 ERROR            PET3 ESMCI_VM.C:3574 ESMCI::VM::finalize() Unable to deallocate memory  - Internal subroutine call returned Error
