2025-05-08 00:59:25
20250508 021416.564 INFO             PET0 !!!!!!!!!!!!!!!!!!!!!!!!!!!!!!!!!!!!!!!!!!!!!!!!!!!!!!
20250508 021416.565 INFO             PET0 !!! THE ESMF_LOG IS SET TO OUTPUT ALL LOG MESSAGES !!!
20250508 021416.565 INFO             PET0 !!!     THIS MAY CAUSE SLOWDOWN IN PERFORMANCE     !!!
20250508 021416.565 INFO             PET0 !!! FOR PRODUCTION RUNS, USE:                      !!!
20250508 021416.565 INFO             PET0 !!!                   ESMF_LOGKIND_Multi_On_Error  !!!
20250508 021416.565 INFO             PET0 !!!!!!!!!!!!!!!!!!!!!!!!!!!!!!!!!!!!!!!!!!!!!!!!!!!!!!
20250508 021416.565 INFO             PET0 Running with ESMF Version   : v8.9.0b08-5-g079ca68fdc
20250508 021416.565 INFO             PET0 ESMF library build date/time: "May  8 2025" "00:56:21"
20250508 021416.565 INFO             PET0 ESMF library build location : /discover/nobackup/projects/gmao/SIteam/ESMF_Testing/llvm_21.0.0git06721_mpich_g_develop/esmf
20250508 021416.565 INFO             PET0 ESMF_COMM                   : mpich
20250508 021416.565 INFO             PET0 ESMF_MOAB                   : enabled
20250508 021416.565 INFO             PET0 ESMF_LAPACK                 : enabled
20250508 021416.565 INFO             PET0 ESMF_NETCDF                 : disabled
20250508 021416.565 INFO             PET0 ESMF_PNETCDF                : disabled
20250508 021416.565 INFO             PET0 ESMF_PIO                    : disabled
20250508 021416.565 INFO             PET0 ESMF_YAMLCPP                : enabled
20250508 021416.566 INFO             PET0  NUMBER_OF_PROCESSORS 1
20250508 021416.566 INFO             PET0  PASS  Example ESMF_AlarmEx, ./ESMF_AlarmEx.F90, line 244
20250508 021416.566 INFO             PET0  Finalizing ESMF
