2025-05-08 00:59:25
20250508 021658.039 INFO             PET0 !!!!!!!!!!!!!!!!!!!!!!!!!!!!!!!!!!!!!!!!!!!!!!!!!!!!!!
20250508 021658.039 INFO             PET0 !!! THE ESMF_LOG IS SET TO OUTPUT ALL LOG MESSAGES !!!
20250508 021658.039 INFO             PET0 !!!     THIS MAY CAUSE SLOWDOWN IN PERFORMANCE     !!!
20250508 021658.039 INFO             PET0 !!! FOR PRODUCTION RUNS, USE:                      !!!
20250508 021658.039 INFO             PET0 !!!                   ESMF_LOGKIND_Multi_On_Error  !!!
20250508 021658.039 INFO             PET0 !!!!!!!!!!!!!!!!!!!!!!!!!!!!!!!!!!!!!!!!!!!!!!!!!!!!!!
20250508 021658.039 INFO             PET0 Running with ESMF Version   : v8.9.0b08-5-g079ca68fdc
20250508 021658.039 INFO             PET0 ESMF library build date/time: "May  8 2025" "00:56:21"
20250508 021658.039 INFO             PET0 ESMF library build location : /discover/nobackup/projects/gmao/SIteam/ESMF_Testing/llvm_21.0.0git06721_mpich_g_develop/esmf
20250508 021658.039 INFO             PET0 ESMF_COMM                   : mpich
20250508 021658.040 INFO             PET0 ESMF_MOAB                   : enabled
20250508 021658.040 INFO             PET0 ESMF_LAPACK                 : enabled
20250508 021658.040 INFO             PET0 ESMF_NETCDF                 : disabled
20250508 021658.040 INFO             PET0 ESMF_PNETCDF                : disabled
20250508 021658.040 INFO             PET0 ESMF_PIO                    : disabled
20250508 021658.040 INFO             PET0 ESMF_YAMLCPP                : enabled
20250508 021658.153 ERROR            PET0 Driver-TO-ATM:src/addon/NUOPC/src/NUOPC_Connector.F90:6877 Unable to deallocate memory  - Deallocation of internal state memory failed.
20250508 021658.153 ERROR            PET0 Driver:src/addon/NUOPC/src/NUOPC_Driver.F90:4041 Unable to deallocate memory  - Phase 1 Finalize for connectorComp 0 -> 1 did not return ESMF_SUCCESS
20250508 021658.153 ERROR            PET0 ESMF_State_C.F90:484 f_esmf_statecollectgarbage Unable to deallocate memory  - Deallocating State
20250508 021658.153 ERROR            PET0 ESMCI_VM.C:1157 ESMCI::VM::shutdown() Unable to deallocate memory  - Internal subroutine call returned Error
20250508 021658.153 ERROR            PET0 ESMCI_VM_F.C:1299 c_esmc_vmshutdown() Unable to deallocate memory  - Internal subroutine call returned Error
20250508 021658.153 ERROR            PET0 ESMF_VM.F90:9579 ESMF_VMShutdown() Unable to deallocate memory  - Internal subroutine call returned Error
20250508 021658.153 ERROR            PET0 ESMF_Comp.F90:987 ESMF_CompDestruct Unable to deallocate memory  - Internal subroutine call returned Error
20250508 021658.153 ERROR            PET0 ESMF_GridComp.F90:703 ESMF_GridCompDestroy Unable to deallocate memory  - Internal subroutine call returned Error
20250508 021658.153 INFO             PET0  NUMBER_OF_PROCESSORS 4
20250508 021658.153 INFO             PET0  FAIL  Example ESMF_NUOPCAtmModelEx, ./ESMF_NUOPCAtmModelEx.F90, line 806:  Example failure
20250508 021658.153 INFO             PET0  Finalizing ESMF
20250508 021658.153 ERROR            PET0 ESMF_State_C.F90:484 f_esmf_statecollectgarbage Unable to deallocate memory  - Deallocating State
20250508 021658.153 ERROR            PET0 ESMCI_VM.C:3607 ESMCI::VM::finalize() Unable to deallocate memory  - Internal subroutine call returned Error
20250508 021658.039 INFO             PET1 !!!!!!!!!!!!!!!!!!!!!!!!!!!!!!!!!!!!!!!!!!!!!!!!!!!!!!
20250508 021658.039 INFO             PET1 !!! THE ESMF_LOG IS SET TO OUTPUT ALL LOG MESSAGES !!!
20250508 021658.039 INFO             PET1 !!!     THIS MAY CAUSE SLOWDOWN IN PERFORMANCE     !!!
20250508 021658.039 INFO             PET1 !!! FOR PRODUCTION RUNS, USE:                      !!!
20250508 021658.039 INFO             PET1 !!!                   ESMF_LOGKIND_Multi_On_Error  !!!
20250508 021658.039 INFO             PET1 !!!!!!!!!!!!!!!!!!!!!!!!!!!!!!!!!!!!!!!!!!!!!!!!!!!!!!
20250508 021658.039 INFO             PET1 Running with ESMF Version   : v8.9.0b08-5-g079ca68fdc
20250508 021658.039 INFO             PET1 ESMF library build date/time: "May  8 2025" "00:56:21"
20250508 021658.039 INFO             PET1 ESMF library build location : /discover/nobackup/projects/gmao/SIteam/ESMF_Testing/llvm_21.0.0git06721_mpich_g_develop/esmf
20250508 021658.039 INFO             PET1 ESMF_COMM                   : mpich
20250508 021658.039 INFO             PET1 ESMF_MOAB                   : enabled
20250508 021658.039 INFO             PET1 ESMF_LAPACK                 : enabled
20250508 021658.039 INFO             PET1 ESMF_NETCDF                 : disabled
20250508 021658.039 INFO             PET1 ESMF_PNETCDF                : disabled
20250508 021658.039 INFO             PET1 ESMF_PIO                    : disabled
20250508 021658.039 INFO             PET1 ESMF_YAMLCPP                : enabled
20250508 021658.152 ERROR            PET1 Driver-TO-ATM:src/addon/NUOPC/src/NUOPC_Connector.F90:6877 Unable to deallocate memory  - Deallocation of internal state memory failed.
20250508 021658.152 ERROR            PET1 Driver:src/addon/NUOPC/src/NUOPC_Driver.F90:4041 Unable to deallocate memory  - Phase 1 Finalize for connectorComp 0 -> 1 did not return ESMF_SUCCESS
20250508 021658.153 ERROR            PET1 ESMF_State_C.F90:484 f_esmf_statecollectgarbage Unable to deallocate memory  - Deallocating State
20250508 021658.153 ERROR            PET1 ESMCI_VM.C:1157 ESMCI::VM::shutdown() Unable to deallocate memory  - Internal subroutine call returned Error
20250508 021658.153 ERROR            PET1 ESMCI_VM_F.C:1299 c_esmc_vmshutdown() Unable to deallocate memory  - Internal subroutine call returned Error
20250508 021658.153 ERROR            PET1 ESMF_VM.F90:9579 ESMF_VMShutdown() Unable to deallocate memory  - Internal subroutine call returned Error
20250508 021658.153 ERROR            PET1 ESMF_Comp.F90:987 ESMF_CompDestruct Unable to deallocate memory  - Internal subroutine call returned Error
20250508 021658.153 ERROR            PET1 ESMF_GridComp.F90:703 ESMF_GridCompDestroy Unable to deallocate memory  - Internal subroutine call returned Error
20250508 021658.153 INFO             PET1  NUMBER_OF_PROCESSORS 4
20250508 021658.153 INFO             PET1  FAIL  Example ESMF_NUOPCAtmModelEx, ./ESMF_NUOPCAtmModelEx.F90, line 806:  Example failure
20250508 021658.153 INFO             PET1  Finalizing ESMF
20250508 021658.153 ERROR            PET1 ESMF_State_C.F90:484 f_esmf_statecollectgarbage Unable to deallocate memory  - Deallocating State
20250508 021658.153 ERROR            PET1 ESMCI_VM.C:3607 ESMCI::VM::finalize() Unable to deallocate memory  - Internal subroutine call returned Error
20250508 021658.039 INFO             PET2 !!!!!!!!!!!!!!!!!!!!!!!!!!!!!!!!!!!!!!!!!!!!!!!!!!!!!!
20250508 021658.039 INFO             PET2 !!! THE ESMF_LOG IS SET TO OUTPUT ALL LOG MESSAGES !!!
20250508 021658.039 INFO             PET2 !!!     THIS MAY CAUSE SLOWDOWN IN PERFORMANCE     !!!
20250508 021658.039 INFO             PET2 !!! FOR PRODUCTION RUNS, USE:                      !!!
20250508 021658.039 INFO             PET2 !!!                   ESMF_LOGKIND_Multi_On_Error  !!!
20250508 021658.039 INFO             PET2 !!!!!!!!!!!!!!!!!!!!!!!!!!!!!!!!!!!!!!!!!!!!!!!!!!!!!!
20250508 021658.039 INFO             PET2 Running with ESMF Version   : v8.9.0b08-5-g079ca68fdc
20250508 021658.039 INFO             PET2 ESMF library build date/time: "May  8 2025" "00:56:21"
20250508 021658.039 INFO             PET2 ESMF library build location : /discover/nobackup/projects/gmao/SIteam/ESMF_Testing/llvm_21.0.0git06721_mpich_g_develop/esmf
20250508 021658.039 INFO             PET2 ESMF_COMM                   : mpich
20250508 021658.039 INFO             PET2 ESMF_MOAB                   : enabled
20250508 021658.039 INFO             PET2 ESMF_LAPACK                 : enabled
20250508 021658.039 INFO             PET2 ESMF_NETCDF                 : disabled
20250508 021658.039 INFO             PET2 ESMF_PNETCDF                : disabled
20250508 021658.039 INFO             PET2 ESMF_PIO                    : disabled
20250508 021658.039 INFO             PET2 ESMF_YAMLCPP                : enabled
20250508 021658.152 ERROR            PET2 Driver-TO-ATM:src/addon/NUOPC/src/NUOPC_Connector.F90:6877 Unable to deallocate memory  - Deallocation of internal state memory failed.
20250508 021658.152 ERROR            PET2 Driver:src/addon/NUOPC/src/NUOPC_Driver.F90:4041 Unable to deallocate memory  - Phase 1 Finalize for connectorComp 0 -> 1 did not return ESMF_SUCCESS
20250508 021658.153 ERROR            PET2 ESMF_State_C.F90:484 f_esmf_statecollectgarbage Unable to deallocate memory  - Deallocating State
20250508 021658.153 ERROR            PET2 ESMCI_VM.C:1157 ESMCI::VM::shutdown() Unable to deallocate memory  - Internal subroutine call returned Error
20250508 021658.153 ERROR            PET2 ESMCI_VM_F.C:1299 c_esmc_vmshutdown() Unable to deallocate memory  - Internal subroutine call returned Error
20250508 021658.153 ERROR            PET2 ESMF_VM.F90:9579 ESMF_VMShutdown() Unable to deallocate memory  - Internal subroutine call returned Error
20250508 021658.153 ERROR            PET2 ESMF_Comp.F90:987 ESMF_CompDestruct Unable to deallocate memory  - Internal subroutine call returned Error
20250508 021658.153 ERROR            PET2 ESMF_GridComp.F90:703 ESMF_GridCompDestroy Unable to deallocate memory  - Internal subroutine call returned Error
20250508 021658.153 INFO             PET2  NUMBER_OF_PROCESSORS 4
20250508 021658.153 INFO             PET2  FAIL  Example ESMF_NUOPCAtmModelEx, ./ESMF_NUOPCAtmModelEx.F90, line 806:  Example failure
20250508 021658.153 INFO             PET2  Finalizing ESMF
20250508 021658.153 ERROR            PET2 ESMF_State_C.F90:484 f_esmf_statecollectgarbage Unable to deallocate memory  - Deallocating State
20250508 021658.153 ERROR            PET2 ESMCI_VM.C:3607 ESMCI::VM::finalize() Unable to deallocate memory  - Internal subroutine call returned Error
20250508 021658.039 INFO             PET3 !!!!!!!!!!!!!!!!!!!!!!!!!!!!!!!!!!!!!!!!!!!!!!!!!!!!!!
20250508 021658.039 INFO             PET3 !!! THE ESMF_LOG IS SET TO OUTPUT ALL LOG MESSAGES !!!
20250508 021658.039 INFO             PET3 !!!     THIS MAY CAUSE SLOWDOWN IN PERFORMANCE     !!!
20250508 021658.039 INFO             PET3 !!! FOR PRODUCTION RUNS, USE:                      !!!
20250508 021658.039 INFO             PET3 !!!                   ESMF_LOGKIND_Multi_On_Error  !!!
20250508 021658.039 INFO             PET3 !!!!!!!!!!!!!!!!!!!!!!!!!!!!!!!!!!!!!!!!!!!!!!!!!!!!!!
20250508 021658.039 INFO             PET3 Running with ESMF Version   : v8.9.0b08-5-g079ca68fdc
20250508 021658.039 INFO             PET3 ESMF library build date/time: "May  8 2025" "00:56:21"
20250508 021658.039 INFO             PET3 ESMF library build location : /discover/nobackup/projects/gmao/SIteam/ESMF_Testing/llvm_21.0.0git06721_mpich_g_develop/esmf
20250508 021658.039 INFO             PET3 ESMF_COMM                   : mpich
20250508 021658.039 INFO             PET3 ESMF_MOAB                   : enabled
20250508 021658.039 INFO             PET3 ESMF_LAPACK                 : enabled
20250508 021658.039 INFO             PET3 ESMF_NETCDF                 : disabled
20250508 021658.039 INFO             PET3 ESMF_PNETCDF                : disabled
20250508 021658.039 INFO             PET3 ESMF_PIO                    : disabled
20250508 021658.039 INFO             PET3 ESMF_YAMLCPP                : enabled
20250508 021658.152 ERROR            PET3 Driver-TO-ATM:src/addon/NUOPC/src/NUOPC_Connector.F90:6877 Unable to deallocate memory  - Deallocation of internal state memory failed.
20250508 021658.152 ERROR            PET3 Driver:src/addon/NUOPC/src/NUOPC_Driver.F90:4041 Unable to deallocate memory  - Phase 1 Finalize for connectorComp 0 -> 1 did not return ESMF_SUCCESS
20250508 021658.153 ERROR            PET3 ESMF_State_C.F90:484 f_esmf_statecollectgarbage Unable to deallocate memory  - Deallocating State
20250508 021658.153 ERROR            PET3 ESMCI_VM.C:1157 ESMCI::VM::shutdown() Unable to deallocate memory  - Internal subroutine call returned Error
20250508 021658.153 ERROR            PET3 ESMCI_VM_F.C:1299 c_esmc_vmshutdown() Unable to deallocate memory  - Internal subroutine call returned Error
20250508 021658.153 ERROR            PET3 ESMF_VM.F90:9579 ESMF_VMShutdown() Unable to deallocate memory  - Internal subroutine call returned Error
20250508 021658.153 ERROR            PET3 ESMF_Comp.F90:987 ESMF_CompDestruct Unable to deallocate memory  - Internal subroutine call returned Error
20250508 021658.153 ERROR            PET3 ESMF_GridComp.F90:703 ESMF_GridCompDestroy Unable to deallocate memory  - Internal subroutine call returned Error
20250508 021658.153 INFO             PET3  NUMBER_OF_PROCESSORS 4
20250508 021658.153 INFO             PET3  FAIL  Example ESMF_NUOPCAtmModelEx, ./ESMF_NUOPCAtmModelEx.F90, line 806:  Example failure
20250508 021658.153 INFO             PET3  Finalizing ESMF
20250508 021658.153 ERROR            PET3 ESMF_State_C.F90:484 f_esmf_statecollectgarbage Unable to deallocate memory  - Deallocating State
20250508 021658.153 ERROR            PET3 ESMCI_VM.C:3607 ESMCI::VM::finalize() Unable to deallocate memory  - Internal subroutine call returned Error
