2025-05-08 22:48:35
--- ESMCI::ArrayBundle::print start ---
ArrayBundle: MyArrayBundle
arrayCount = 3
--- ESMCI::ArrayBundle::print start ---
ArrayBundle: MyArrayBundle
arrayCount = 3
Container::print() multipmap:item=--- ESMCI::ArrayBundle::print start ---
ArrayBundle: MyArrayBundle
arrayCount = 3
Container::print() multipmap:item=0 key=AonFly value=0x562fb123c740
--- ESMCI::ArrayBundle::print start ---
ArrayBundle: MyArrayBundle
arrayCount = 3
Container::print() multipmap:item=0 key=AonFly value=0x5615724c06a0
Container::print() multipmap:item=1 key=Array002 value=0x5615724bcbf0
Container::print() multipmap:item=2 key=Array003 value=0x5615724be1f0
Container::print() multipmap:item=0 key=AonFly value=0x55ba107b0a50
Container::print() multipmap:item=1 key=Array002 value=0x55ba10689b50
Container::print() multipmap:item=2 key=Array003 value=0x55ba1068a9f0
0 key=AonFly value=0x55a9aee3b9c0
Container::print() multipmap:item=1 key=Array002 value=0x55a9aee370a0
Container::print() multipmap:item=2 key=Array003 value=0x55a9aee387a0
Container::print()      list:item=0 key=Container::print() multipmap:item=1 key=Array002 value=0x562fb1238bf0
Container::print() multipmap:item=2 key=Array003 value=0x562fb123a230
Container::print()      list:item=0 key=Array002 value=Container::print()      list:item=0 key=Array002 value=0x55ba10689b50
Container::print()      list:item=1 key=Array003 value=0x55ba1068a9f0
Container::print()      list:item=2 key=AonFly value=0x55ba107b0a50
--- ESMCI::ArrayBundle::print end ---
Array002 value=0x55a9aee370a0
Container::print()      list:item=1 key=Array003 value=0x55a9aee387a0
Container::print()      list:item=2 key=AonFly value=0x55a9aee3b9c0
--- ESMCI::ArrayBundle::print end ---
0x562fb1238bf0
Container::print()      list:item=1 key=Array003 value=0x562fb123a230
Container::print()      list:item=2 key=AonFly value=0x562fb123c740
--- ESMCI::ArrayBundle::print end ---
Container::print()      list:item=0 key=Array002 value=0x5615724bcbf0
Container::print()      list:item=1 key=Array003 value=0x5615724be1f0
Container::print()      list:item=2 key=AonFly value=0x5615724c06a0
--- ESMCI::ArrayBundle::print end ---
--- ESMCI::Array::print start ---
 Base name    = AonFly
--- ESMCI::Array::print start ---
 Base name    = AonFly
 Status: Base = --- ESMCI::Array::print start ---
 Base name    = AonFly
 Status: Base = Ready,  object = Ready
 Proxy        = no
 Root Info (Attributes):
--- ESMCI::Array::print start ---
 Base name    = AonFly
 Status: Base = Ready,  object = Ready
 Proxy        = no
 Root Info (Attributes):
 Status: Base = Ready,  object = Ready
 Proxy        = no
 Root Info (Attributes):
Ready,  object = Ready
 Proxy        = no
 Root Info (Attributes):
{}{}Array typekind/rank: Real*4 / 2 
~ lower class' values ~
DistGrid dimCount = 2
deCount = 6
localDeCount = 2
~ local data in LocalArray for DE 1 ~
{}Array typekind/rank: Real*4 / 2 
~ lower class' values ~
DistGrid dimCount = 2
deCount = 6
localDeCount = 1
~ local data in LocalArray for DE 2 ~
LocalArrayPrint: Array at address 0x562fb123c410:
            rank = 2, typekind = 5, base_addr = 0x562fb12425f0
            dim[0] = 3  {}Array typekind/rank: Real*4 / 2 
~ lower class' values ~
DistGrid dimCount = 2
deCount = 6
localDeCount = 1
~ local data in LocalArray for DE 3 ~
LocalArrayPrint: Array at address 0x5615724c0370:
            rank = 2, typekind = 5, base_addr = 0x5615724b6340
            dim[0] = 2  dim[1] = 2  
  Real, *4, Dim 2, Data values:
Array typekind/rank: Real*4 / 2 
~ lower class' values ~
DistGrid dimCount = 2
deCount = 6
localDeCount = 2
~ local data in LocalArray for DE 0 ~
LocalArrayPrint: Array at address 0x55ba107b03f0:
            rank = 2, typekind = 5, base_addr = 0x55ba1068d090
            dim[0] = 3  dim[1] = 2  
  Real, *4, Dim 2, Data values:
( 1, 1) =  4.60126e-29
( 2, 1) =  3.07529e-41
( 3, 1) =  0
( 1, 2) =  0
( 2, 2) =  3.11597e-29
( 3, 2) =  3.07529e-41
~ local data in LocalArray for DE 4 ~
LocalArrayPrint: Array at address 0x55a9aee3b360:
            rank = 2, typekind = 5, base_addr = 0x55a9aee30340
            dim[0] = 2  dim[1] = 2  
  Real, *4, Dim 2, Data values:
( 1, 1) =  -1.03483e-10
( 2, 1) =  3.07291e-41
( 1, 2) =  2.8026e-45
( 2, 2) =  1.4013e-45
~ local data in LocalArray for DE 5 ~
LocalArrayPrint: Array at address 0x55a9aee3b690:
            rank = 2, typekind = 5, base_addr = 0x55a9aee3b2a0
            dim[0] = 2  dim[1] = 1  
  Real, *4, Dim 2, Data values:
( 1, 1) =  -1.03545e-10
( 2, 1) =  3.07291e-41
dim[1] = 2  
  Real, *4, Dim 2, Data values:
( 1, 1) =  -2.38865e-09
( 2, 1) =  3.09168e-41
( 3, 1) =  0
( 1, 2) =  0
( 2, 2) =  0
( 3, 2) =  0
--- ESMCI::Array::print end ---
--- ESMCI::Array::print start ---
 Base name    = Array002
 Status: Base = Ready,  object = Ready
 Proxy        = no
 Root Info (Attributes):
{}Array typekind/rank: Real*8 / 2 
( 1, 1) =  4.03868e+30
( 2, 1) =  3.08804e-41
( 1, 2) =  0
( 2, 2) =  0
--- ESMCI::Array::print end ---
--- ESMCI::Array::print start ---
 Base name    = Array002
 Status: Base = Ready,  object = Ready
 Proxy        = no
 Root Info (Attributes):
{}Array typekind/rank: Real*8 / 2 
~ lower class' values ~
DistGrid dimCount = 2
deCount = 6
localDeCount = 1
~ local data in LocalArray for DE 3 ~
LocalArrayPrint: Array at address 0x5615724bc8c0:
            rank = 2, typekind = 6, base_addr = 0x5615724c6670
            dim[0] = 2  dim[1] = 2  
LocalArrayPrint: Array at address 0x55ba107b0720:
            rank = 2, typekind = 5, base_addr = 0x55ba1068fd50
            dim[0] = 3  dim[1] = 1  
  Real, *4, Dim 2, Data values:
( 1, 1) =  4.58911e-29
( 2, 1) =  3.07529e-41
( 3, 1) =  4.2039e-45
--- ESMCI::Array::print end ---
--- ESMCI::Array::print start ---
 Base name    = Array002
 Status: Base = Ready,  object = Ready
 Proxy        = no
 Root Info (Attributes):
{}Array typekind/rank: Real*8 / 2 
~ lower class' values ~
DistGrid dimCount = 2
deCount = 6
localDeCount = 2
~ local data in LocalArray for DE 0 ~
LocalArrayPrint: Array at address 0x55ba10688c20:
            rank = 2, typekind = 6, base_addr = 0x55ba10694e90
            dim[0] = 3  dim[1] = 2  --- ESMCI::Array::print end ---
--- ESMCI::Array::print start ---
 Base name    = Array002
 Status: Base = Ready,  object = Ready
 Proxy        = no
 Root Info (Attributes):
{}Array typekind/rank: Real*8 / 2 
~ lower class' values ~
DistGrid dimCount = 2
deCount = 6
localDeCount = 2
~ local data in LocalArray for DE 1 ~
LocalArrayPrint: Array at address 0x55a9aee36a20:
            rank = 2, typekind = 6, base_addr = 0x55a9aee42200
            dim[0] = 2  dim[1] = 2  
  Real, *8, Dim 2, Data values:
( 1, 1) =  4.65347e-310
( 2, 1) =  0
( 1, 2) =  0
( 2, 2) =  0
~ local data in LocalArray for DE 5 ~
LocalArrayPrint: Array at address 0x55a9aee36d50:
            rank = 2, typekind = 6, base_addr = 0x55a9aee37080
            dim[0] = 2  ~ lower class' values ~
DistGrid dimCount = 2
deCount = 6
localDeCount = 1
~ local data in LocalArray for DE 2 ~
LocalArrayPrint: Array at address 0x562fb12388c0:
            rank = 2, typekind = 6, base_addr = 0x562fb1242670
            dim[0] = 3  dim[1] = 2  
  Real, *8, Dim 2, Data values:
( 1, 1) =  4.68191e-310
( 2, 1) =  0
( 3, 1) =  4.24399e-314
( 1, 2) =  4.24399e-314
( 2, 2) =  2.122e-314
( 3, 2) =  2.122e-314
--- ESMCI::Array::print end ---
--- ESMCI::Array::print start ---
 Base name    = Array003
 Status: Base = Ready,  object = Ready
 Proxy        = no
 Root Info (Attributes):
{}Array typekind/rank: Real*8 / 2 
~ lower class' values ~
DistGrid dimCount = 2
deCount = 6
localDeCount = 1
~ local data in LocalArray for DE 2 ~
LocalArrayPrint: Array at address 0x562fb1239ec0:
  Real, *8, Dim 2, Data values:
( 1, 1) =  4.67634e-310
( 2, 1) =  0
( 1, 2) =  0
( 2, 2) =  0
--- ESMCI::Array::print end ---
--- ESMCI::Array::print start ---
 Base name    = Array003
 Status: Base = Ready,  object = Ready
 Proxy        = no
 Root Info (Attributes):
{}Array typekind/rank: Real*8 / 2 
~ lower class' values ~
DistGrid dimCount = 2
deCount = 6
localDeCount = 1
~ local data in LocalArray for DE 3 ~
LocalArrayPrint: Array at address 0x5615724bdec0:
            rank = 2, typekind = 6, base_addr = 0x5615724c6620
            dim[0] = 2  dim[1] = 2  
  Real, *8, Dim 2, Data values:
( 1, 1) =  4.67634e-310
( 2, 1) =  0
( 1, 2) =  0
( 2, 2) =  0
--- ESMCI::Array::print end ---

  Real, *8, Dim 2, Data values:
( 1, 1) =  4.65695e-310
( 2, 1) =  0
( 3, 1) =  4.24399e-314
( 1, 2) =  4.24399e-314
( 2, 2) =  2.122e-314
( 3, 2) =  2.122e-314
~ local data in LocalArray for DE 4 ~
LocalArrayPrint: Array at address 0x55ba10688f50:
            rank = 2, typekind = 6, base_addr = 0x55ba106827c0
            dim[0] = 3  dim[1] = 1  
  Real, *8, Dim 2, Data values:
( 1, 1) =  4.65695e-310
( 2, 1) =  0
( 3, 1) =  0
--- ESMCI::Array::print end ---
--- ESMCI::Array::print start ---
 Base name    = Array003
 Status: Base = Ready,  object = Ready
 Proxy        = no
 Root Info (Attributes):
{}Array typekind/rank: Real*8 / 2 
~ lower class' values ~
DistGrid dimCount = 2
deCount = 6
localDeCount = 2
dim[1] = 1  
  Real, *8, Dim 2, Data values:
( 1, 1) =  1.11586e-310
( 2, 1) =  1.11586e-310
--- ESMCI::Array::print end ---
--- ESMCI::Array::print start ---
 Base name    = Array003
 Status: Base = Ready,  object = Ready
 Proxy        = no
 Root Info (Attributes):
{}Array typekind/rank: Real*8 / 2 
~ lower class' values ~
DistGrid dimCount = 2
deCount = 6
localDeCount = 2
~ local data in LocalArray for DE 1 ~
LocalArrayPrint: Array at address 0x55a9aee38140:
            rank = 2, typekind = 6, base_addr = 0x55a9aee40740
            dim[0] = 2  dim[1] = 2  
  Real, *8, Dim 2, Data values:
( 1, 1) =  4.65347e-310
( 2, 1) =  0
( 1, 2) =  4.65347e-310
( 2, 2) =  4.65347e-310
~ local data in LocalArray for DE 5 ~
LocalArrayPrint: Array at address 0x55a9aee38470:
            rank = 2, typekind = 6, base_addr = 0x55a9aee423e0
            dim[0] = 2              rank = 2, typekind = 6, base_addr = 0x562fb123a1f0
            dim[0] = 3  dim[1] = 2  
  Real, *8, Dim 2, Data values:
( 1, 1) =  1.10568e-310
( 2, 1) =  1.10568e-310
( 3, 1) =  0
( 1, 2) =  0
( 2, 2) =  0
( 3, 2) =  0
--- ESMCI::Array::print end ---
~ local data in LocalArray for DE 0 ~
LocalArrayPrint: Array at address 0x55ba1068a350:
            rank = 2, typekind = 6, base_addr = 0x55ba1068a680
            dim[0] = 3  dim[1] = 2  
  Real, *8, Dim 2, Data values:
( 1, 1) =  1.14868e-310
( 2, 1) =  1.14868e-310
( 3, 1) =  0
( 1, 2) =  0
( 2, 2) =  0
( 3, 2) =  -nan
~ local data in LocalArray for DE 4 ~
LocalArrayPrint: Array at address 0x55ba1068a6c0:
            rank = 2, typekind = 6, base_addr = 0x55ba10682770
            dim[0] = 3  dim[1] = 1  
  Real, *8, Dim 2, Data values:
( 1, 1) =  4.65695e-310
( 2, 1) =  0
( 3, 1) =  0
--- ESMCI::Array::print end ---
dim[1] = 1  
  Real, *8, Dim 2, Data values:
( 1, 1) =  4.65347e-310
( 2, 1) =  2.122e-314
--- ESMCI::Array::print end ---
  PASS  Example ESMF_ArrayBundleEx, ./ESMF_ArrayBundleEx.F90, line 267
 PASS: ESMF_ArrayBundleEx.F90
  PASS  Example ESMF_ArrayBundleEx, ./ESMF_ArrayBundleEx.F90, line 267
 PASS: ESMF_ArrayBundleEx.F90
  PASS  Example ESMF_ArrayBundleEx, ./ESMF_ArrayBundleEx.F90, line 267
 PASS: ESMF_ArrayBundleEx.F90
  PASS  Example ESMF_ArrayBundleEx, ./ESMF_ArrayBundleEx.F90, line 267
 PASS: ESMF_ArrayBundleEx.F90
