2025-05-10 05:30:28
 ESMF_Finalize: Error finalizing VM: Unable to deallocate memory 
 ESMF_Finalize: Error finalizing VM: Unable to deallocate memory 
 ESMF_Finalize: Error finalizing VM: Unable to deallocate memory 
 ESMF_Finalize: Error finalizing VM: Unable to deallocate memory 
 Field Create from a Grid and a Fortran data array returned
 Field Create from a Grid and a Fortran data array returned
 Field Create from a Grid and a Fortran data array returned
 Field Create from a Grid and a Fortran data array returned
 Field Create from a Grid and a Fortran data array returned
 Field Create from a LocStream, typekind, and rank returned
 Field Create from a LocStream and an Arrayspec returned
 Field Create from a Mesh and typekind/rank returned
 Field Create from a Mesh and an Arrayspec returned
 Field Create from a Mesh and an Array returned
 Field Create from a Mesh and an ArraySpec with ungridded dimension returned
  PASS  Example ESMF_FieldCreateEx, ./ESMF_FieldCreateEx.F90, line 1058
 FAIL: ESMF_FieldCreateEx.F90
 Field Create from a Grid and a Fortran data array returned
 Field Create from a Grid and a Fortran data array returned
 Field Create from a Grid and a Fortran data array returned
 Field Create from a Grid and a Fortran data array returned
 Field Create from a Grid and a Fortran data array returned
 Field Create from a LocStream, typekind, and rank returned
 Field Create from a LocStream and an Arrayspec returned
 Field Create from a Mesh and typekind/rank returned
 Field Create from a Mesh and an Arrayspec returned
 Field Create from a Mesh and an Array returned
 Field Create from a Mesh and an ArraySpec with ungridded dimension returned
  PASS  Example ESMF_FieldCreateEx, ./ESMF_FieldCreateEx.F90, line 1058
 FAIL: ESMF_FieldCreateEx.F90
 Field Create from a Grid and a Fortran data array returned
 Field Create from a Grid and a Fortran data array returned
 Field Create from a Grid and a Fortran data array returned
 Field Create from a Grid and a Fortran data array returned
 Field Create from a Grid and a Fortran data array returned
 Field Create from a LocStream, typekind, and rank returned
 Field Create from a LocStream and an Arrayspec returned
 Field Create from a Mesh and typekind/rank returned
 Field Create from a Mesh and an Arrayspec returned
 Field Create from a Mesh and an Array returned
 Field Create from a Mesh and an ArraySpec with ungridded dimension returned
  PASS  Example ESMF_FieldCreateEx, ./ESMF_FieldCreateEx.F90, line 1058
 FAIL: ESMF_FieldCreateEx.F90
 Field Create from a Grid and a Fortran data array returned
 Field Create from a Grid and a Fortran data array returned
 Field Create from a Grid and a Fortran data array returned
 Field Create from a Grid and a Fortran data array returned
 Field Create from a Grid and a Fortran data array returned
 Field Create from a LocStream, typekind, and rank returned
 Field Create from a LocStream and an Arrayspec returned
 Field Create from a Mesh and typekind/rank returned
 Field Create from a Mesh and an Arrayspec returned
 Field Create from a Mesh and an Array returned
 Field Create from a Mesh and an ArraySpec with ungridded dimension returned
  PASS  Example ESMF_FieldCreateEx, ./ESMF_FieldCreateEx.F90, line 1058
 FAIL: ESMF_FieldCreateEx.F90
