2025-05-08 00:59:25
 ESMF_Finalize: Error finalizing VM: Unable to deallocate memory 
 ESMF_Finalize: Error finalizing VM: Unable to deallocate memory 
 ESMF_Finalize: Error finalizing VM: Unable to deallocate memory 
 ESMF_Finalize: Error finalizing VM: Unable to deallocate memory 
 FieldBundle example 1 returned
 FieldBundle example 2 returned, fieldcount = 1
 FieldBundle example 3 returned, fieldcount = 3
 FieldBundle example 4 returned, field names = pressure, pressure
 FieldBundle name = atmosphere data
 heat flux                                                                     
                                                                               
                                                                               
                       
 pressure                                                                      
                                                                               
                                                                               
                       
 temperature                                                                   
                                                                               
                                                                               
                       
 temperature                                                                   
                                                                               
                                                                               
                       
 pressure                                                                      
                                                                               
                                                                               
                       
 heat flux                                                                     
                                                                               
                                                                               
                       
  PASS  Example ESMF_FieldBundleCreateEx, ./ESMF_FieldBundleCreateEx.F90, line 
 561
 PASS: ESMF_FieldBundleCreateEx.F90
 FieldBundle example 1 returned
 FieldBundle example 2 returned, fieldcount = 1
 FieldBundle example 3 returned, fieldcount = 3
 FieldBundle example 4 returned, field names = pressure, pressure
 FieldBundle name = atmosphere data
 heat flux                                                                     
                                                                               
                                                                               
                       
 pressure                                                                      
                                                                               
                                                                               
                       
 temperature                                                                   
                                                                               
                                                                               
                       
 temperature                                                                   
                                                                               
                                                                               
                       
 pressure                                                                      
                                                                               
                                                                               
                       
 heat flux                                                                     
                                                                               
                                                                               
                       
  PASS  Example ESMF_FieldBundleCreateEx, ./ESMF_FieldBundleCreateEx.F90, line 
 561
 PASS: ESMF_FieldBundleCreateEx.F90
 FieldBundle example 1 returned
 FieldBundle example 2 returned, fieldcount = 1
 FieldBundle example 3 returned, fieldcount = 3
 FieldBundle example 4 returned, field names = pressure, pressure
 FieldBundle name = atmosphere data
 heat flux                                                                     
                                                                               
                                                                               
                       
 pressure                                                                      
                                                                               
                                                                               
                       
 temperature                                                                   
                                                                               
                                                                               
                       
 temperature                                                                   
                                                                               
                                                                               
                       
 pressure                                                                      
                                                                               
                                                                               
                       
 heat flux                                                                     
                                                                               
                                                                               
                       
  PASS  Example ESMF_FieldBundleCreateEx, ./ESMF_FieldBundleCreateEx.F90, line 
 561
 PASS: ESMF_FieldBundleCreateEx.F90
 FieldBundle example 1 returned
 FieldBundle example 2 returned, fieldcount = 1
 FieldBundle example 3 returned, fieldcount = 3
 FieldBundle example 4 returned, field names = pressure, pressure
 FieldBundle name = atmosphere data
 heat flux                                                                     
                                                                               
                                                                               
                       
 pressure                                                                      
                                                                               
                                                                               
                       
 temperature                                                                   
                                                                               
                                                                               
                       
 temperature                                                                   
                                                                               
                                                                               
                       
 pressure                                                                      
                                                                               
                                                                               
                       
 heat flux                                                                     
                                                                               
                                                                               
                       
  PASS  Example ESMF_FieldBundleCreateEx, ./ESMF_FieldBundleCreateEx.F90, line 
 561
 PASS: ESMF_FieldBundleCreateEx.F90
