2025-05-08 00:59:25
20250508 021345.963 INFO             PET0 !!!!!!!!!!!!!!!!!!!!!!!!!!!!!!!!!!!!!!!!!!!!!!!!!!!!!!
20250508 021345.963 INFO             PET0 !!! THE ESMF_LOG IS SET TO OUTPUT ALL LOG MESSAGES !!!
20250508 021345.963 INFO             PET0 !!!     THIS MAY CAUSE SLOWDOWN IN PERFORMANCE     !!!
20250508 021345.963 INFO             PET0 !!! FOR PRODUCTION RUNS, USE:                      !!!
20250508 021345.963 INFO             PET0 !!!                   ESMF_LOGKIND_Multi_On_Error  !!!
20250508 021345.963 INFO             PET0 !!!!!!!!!!!!!!!!!!!!!!!!!!!!!!!!!!!!!!!!!!!!!!!!!!!!!!
20250508 021345.963 INFO             PET0 Running with ESMF Version   : v8.9.0b08-5-g079ca68fdc
20250508 021345.963 INFO             PET0 ESMF library build date/time: "May  8 2025" "00:56:21"
20250508 021345.963 INFO             PET0 ESMF library build location : /discover/nobackup/projects/gmao/SIteam/ESMF_Testing/llvm_21.0.0git06721_mpich_g_develop/esmf
20250508 021345.963 INFO             PET0 ESMF_COMM                   : mpich
20250508 021345.963 INFO             PET0 ESMF_MOAB                   : enabled
20250508 021345.963 INFO             PET0 ESMF_LAPACK                 : enabled
20250508 021345.963 INFO             PET0 ESMF_NETCDF                 : disabled
20250508 021345.963 INFO             PET0 ESMF_PNETCDF                : disabled
20250508 021345.963 INFO             PET0 ESMF_PIO                    : disabled
20250508 021345.963 INFO             PET0 ESMF_YAMLCPP                : enabled
20250508 021345.965 INFO             PET0  NUMBER_OF_PROCESSORS 4
20250508 021345.965 INFO             PET0  PASS  Example ESMF_VMUserMpiEx, ./ESMF_VMUserMpiEx.F90, line 96
20250508 021345.965 INFO             PET0  Finalizing ESMF with endflag==ESMF_END_KEEPMPI
20250508 021345.963 INFO             PET1 !!!!!!!!!!!!!!!!!!!!!!!!!!!!!!!!!!!!!!!!!!!!!!!!!!!!!!
20250508 021345.963 INFO             PET1 !!! THE ESMF_LOG IS SET TO OUTPUT ALL LOG MESSAGES !!!
20250508 021345.963 INFO             PET1 !!!     THIS MAY CAUSE SLOWDOWN IN PERFORMANCE     !!!
20250508 021345.963 INFO             PET1 !!! FOR PRODUCTION RUNS, USE:                      !!!
20250508 021345.963 INFO             PET1 !!!                   ESMF_LOGKIND_Multi_On_Error  !!!
20250508 021345.963 INFO             PET1 !!!!!!!!!!!!!!!!!!!!!!!!!!!!!!!!!!!!!!!!!!!!!!!!!!!!!!
20250508 021345.963 INFO             PET1 Running with ESMF Version   : v8.9.0b08-5-g079ca68fdc
20250508 021345.963 INFO             PET1 ESMF library build date/time: "May  8 2025" "00:56:21"
20250508 021345.963 INFO             PET1 ESMF library build location : /discover/nobackup/projects/gmao/SIteam/ESMF_Testing/llvm_21.0.0git06721_mpich_g_develop/esmf
20250508 021345.963 INFO             PET1 ESMF_COMM                   : mpich
20250508 021345.963 INFO             PET1 ESMF_MOAB                   : enabled
20250508 021345.963 INFO             PET1 ESMF_LAPACK                 : enabled
20250508 021345.963 INFO             PET1 ESMF_NETCDF                 : disabled
20250508 021345.963 INFO             PET1 ESMF_PNETCDF                : disabled
20250508 021345.964 INFO             PET1 ESMF_PIO                    : disabled
20250508 021345.964 INFO             PET1 ESMF_YAMLCPP                : enabled
20250508 021345.965 INFO             PET1  NUMBER_OF_PROCESSORS 4
20250508 021345.965 INFO             PET1  PASS  Example ESMF_VMUserMpiEx, ./ESMF_VMUserMpiEx.F90, line 96
20250508 021345.965 INFO             PET1  Finalizing ESMF with endflag==ESMF_END_KEEPMPI
20250508 021345.963 INFO             PET2 !!!!!!!!!!!!!!!!!!!!!!!!!!!!!!!!!!!!!!!!!!!!!!!!!!!!!!
20250508 021345.963 INFO             PET2 !!! THE ESMF_LOG IS SET TO OUTPUT ALL LOG MESSAGES !!!
20250508 021345.963 INFO             PET2 !!!     THIS MAY CAUSE SLOWDOWN IN PERFORMANCE     !!!
20250508 021345.963 INFO             PET2 !!! FOR PRODUCTION RUNS, USE:                      !!!
20250508 021345.963 INFO             PET2 !!!                   ESMF_LOGKIND_Multi_On_Error  !!!
20250508 021345.963 INFO             PET2 !!!!!!!!!!!!!!!!!!!!!!!!!!!!!!!!!!!!!!!!!!!!!!!!!!!!!!
20250508 021345.963 INFO             PET2 Running with ESMF Version   : v8.9.0b08-5-g079ca68fdc
20250508 021345.963 INFO             PET2 ESMF library build date/time: "May  8 2025" "00:56:21"
20250508 021345.963 INFO             PET2 ESMF library build location : /discover/nobackup/projects/gmao/SIteam/ESMF_Testing/llvm_21.0.0git06721_mpich_g_develop/esmf
20250508 021345.963 INFO             PET2 ESMF_COMM                   : mpich
20250508 021345.963 INFO             PET2 ESMF_MOAB                   : enabled
20250508 021345.963 INFO             PET2 ESMF_LAPACK                 : enabled
20250508 021345.963 INFO             PET2 ESMF_NETCDF                 : disabled
20250508 021345.963 INFO             PET2 ESMF_PNETCDF                : disabled
20250508 021345.963 INFO             PET2 ESMF_PIO                    : disabled
20250508 021345.963 INFO             PET2 ESMF_YAMLCPP                : enabled
20250508 021345.965 INFO             PET2  NUMBER_OF_PROCESSORS 4
20250508 021345.965 INFO             PET2  PASS  Example ESMF_VMUserMpiEx, ./ESMF_VMUserMpiEx.F90, line 96
20250508 021345.965 INFO             PET2  Finalizing ESMF with endflag==ESMF_END_KEEPMPI
20250508 021345.965 INFO             PET3 !!!!!!!!!!!!!!!!!!!!!!!!!!!!!!!!!!!!!!!!!!!!!!!!!!!!!!
20250508 021345.965 INFO             PET3 !!! THE ESMF_LOG IS SET TO OUTPUT ALL LOG MESSAGES !!!
20250508 021345.965 INFO             PET3 !!!     THIS MAY CAUSE SLOWDOWN IN PERFORMANCE     !!!
20250508 021345.965 INFO             PET3 !!! FOR PRODUCTION RUNS, USE:                      !!!
20250508 021345.965 INFO             PET3 !!!                   ESMF_LOGKIND_Multi_On_Error  !!!
20250508 021345.965 INFO             PET3 !!!!!!!!!!!!!!!!!!!!!!!!!!!!!!!!!!!!!!!!!!!!!!!!!!!!!!
20250508 021345.965 INFO             PET3 Running with ESMF Version   : v8.9.0b08-5-g079ca68fdc
20250508 021345.965 INFO             PET3 ESMF library build date/time: "May  8 2025" "00:56:21"
20250508 021345.965 INFO             PET3 ESMF library build location : /discover/nobackup/projects/gmao/SIteam/ESMF_Testing/llvm_21.0.0git06721_mpich_g_develop/esmf
20250508 021345.965 INFO             PET3 ESMF_COMM                   : mpich
20250508 021345.965 INFO             PET3 ESMF_MOAB                   : enabled
20250508 021345.965 INFO             PET3 ESMF_LAPACK                 : enabled
20250508 021345.965 INFO             PET3 ESMF_NETCDF                 : disabled
20250508 021345.965 INFO             PET3 ESMF_PNETCDF                : disabled
20250508 021345.965 INFO             PET3 ESMF_PIO                    : disabled
20250508 021345.965 INFO             PET3 ESMF_YAMLCPP                : enabled
20250508 021345.965 INFO             PET3  NUMBER_OF_PROCESSORS 4
20250508 021345.965 INFO             PET3  PASS  Example ESMF_VMUserMpiEx, ./ESMF_VMUserMpiEx.F90, line 96
20250508 021345.965 INFO             PET3  Finalizing ESMF with endflag==ESMF_END_KEEPMPI
