2024-10-12 07:36:53
20241012 084536.037 INFO             PET0 !!!!!!!!!!!!!!!!!!!!!!!!!!!!!!!!!!!!!!!!!!!!!!!!!!!!!!
20241012 084536.037 INFO             PET0 !!! THE ESMF_LOG IS SET TO OUTPUT ALL LOG MESSAGES !!!
20241012 084536.037 INFO             PET0 !!!     THIS MAY CAUSE SLOWDOWN IN PERFORMANCE     !!!
20241012 084536.037 INFO             PET0 !!! FOR PRODUCTION RUNS, USE:                      !!!
20241012 084536.037 INFO             PET0 !!!                   ESMF_LOGKIND_Multi_On_Error  !!!
20241012 084536.037 INFO             PET0 !!!!!!!!!!!!!!!!!!!!!!!!!!!!!!!!!!!!!!!!!!!!!!!!!!!!!!
20241012 084536.037 INFO             PET0 Running with ESMF Version   : v8.8.0b01
20241012 084536.037 INFO             PET0 ESMF library build date/time: "Oct 12 2024" "07:33:36"
20241012 084536.037 INFO             PET0 ESMF library build location : /scratch2/NCEPDEV/stmp1/Gerhard.Theurich/ESMF-Nightly-Testing/intel_2023.2.0_intelmpi_g_develop/esmf
20241012 084536.037 INFO             PET0 ESMF_COMM                   : intelmpi
20241012 084536.038 INFO             PET0 ESMF_MOAB                   : enabled
20241012 084536.038 INFO             PET0 ESMF_LAPACK                 : enabled
20241012 084536.038 INFO             PET0 ESMF_NETCDF                 : enabled
20241012 084536.038 INFO             PET0 ESMF_PNETCDF                : disabled
20241012 084536.038 INFO             PET0 ESMF_PIO                    : enabled
20241012 084536.038 INFO             PET0 ESMF_YAMLCPP                : enabled
20241012 084536.040 INFO             PET0 =============================================
20241012 084536.040 INFO             PET0 ESMX (Earth System Model eXecutable) STARTING
20241012 084536.040 INFO             PET0 =============================================
20241012 084536.051 INFO             PET0 =============================================
20241012 084536.051 INFO             PET0 ESMX (Earth System Model eXecutable) FINISHED
20241012 084536.051 INFO             PET0 =============================================
20241012 084536.051 INFO             PET0  Finalizing ESMF
20241012 084536.037 INFO             PET1 !!!!!!!!!!!!!!!!!!!!!!!!!!!!!!!!!!!!!!!!!!!!!!!!!!!!!!
20241012 084536.037 INFO             PET1 !!! THE ESMF_LOG IS SET TO OUTPUT ALL LOG MESSAGES !!!
20241012 084536.037 INFO             PET1 !!!     THIS MAY CAUSE SLOWDOWN IN PERFORMANCE     !!!
20241012 084536.037 INFO             PET1 !!! FOR PRODUCTION RUNS, USE:                      !!!
20241012 084536.037 INFO             PET1 !!!                   ESMF_LOGKIND_Multi_On_Error  !!!
20241012 084536.037 INFO             PET1 !!!!!!!!!!!!!!!!!!!!!!!!!!!!!!!!!!!!!!!!!!!!!!!!!!!!!!
20241012 084536.037 INFO             PET1 Running with ESMF Version   : v8.8.0b01
20241012 084536.037 INFO             PET1 ESMF library build date/time: "Oct 12 2024" "07:33:36"
20241012 084536.037 INFO             PET1 ESMF library build location : /scratch2/NCEPDEV/stmp1/Gerhard.Theurich/ESMF-Nightly-Testing/intel_2023.2.0_intelmpi_g_develop/esmf
20241012 084536.037 INFO             PET1 ESMF_COMM                   : intelmpi
20241012 084536.038 INFO             PET1 ESMF_MOAB                   : enabled
20241012 084536.038 INFO             PET1 ESMF_LAPACK                 : enabled
20241012 084536.038 INFO             PET1 ESMF_NETCDF                 : enabled
20241012 084536.038 INFO             PET1 ESMF_PNETCDF                : disabled
20241012 084536.038 INFO             PET1 ESMF_PIO                    : enabled
20241012 084536.038 INFO             PET1 ESMF_YAMLCPP                : enabled
20241012 084536.040 INFO             PET1 =============================================
20241012 084536.040 INFO             PET1 ESMX (Earth System Model eXecutable) STARTING
20241012 084536.040 INFO             PET1 =============================================
20241012 084536.051 INFO             PET1 =============================================
20241012 084536.051 INFO             PET1 ESMX (Earth System Model eXecutable) FINISHED
20241012 084536.051 INFO             PET1 =============================================
20241012 084536.051 INFO             PET1  Finalizing ESMF
20241012 084536.038 INFO             PET2 !!!!!!!!!!!!!!!!!!!!!!!!!!!!!!!!!!!!!!!!!!!!!!!!!!!!!!
20241012 084536.038 INFO             PET2 !!! THE ESMF_LOG IS SET TO OUTPUT ALL LOG MESSAGES !!!
20241012 084536.038 INFO             PET2 !!!     THIS MAY CAUSE SLOWDOWN IN PERFORMANCE     !!!
20241012 084536.038 INFO             PET2 !!! FOR PRODUCTION RUNS, USE:                      !!!
20241012 084536.038 INFO             PET2 !!!                   ESMF_LOGKIND_Multi_On_Error  !!!
20241012 084536.038 INFO             PET2 !!!!!!!!!!!!!!!!!!!!!!!!!!!!!!!!!!!!!!!!!!!!!!!!!!!!!!
20241012 084536.038 INFO             PET2 Running with ESMF Version   : v8.8.0b01
20241012 084536.038 INFO             PET2 ESMF library build date/time: "Oct 12 2024" "07:33:36"
20241012 084536.038 INFO             PET2 ESMF library build location : /scratch2/NCEPDEV/stmp1/Gerhard.Theurich/ESMF-Nightly-Testing/intel_2023.2.0_intelmpi_g_develop/esmf
20241012 084536.038 INFO             PET2 ESMF_COMM                   : intelmpi
20241012 084536.038 INFO             PET2 ESMF_MOAB                   : enabled
20241012 084536.038 INFO             PET2 ESMF_LAPACK                 : enabled
20241012 084536.038 INFO             PET2 ESMF_NETCDF                 : enabled
20241012 084536.038 INFO             PET2 ESMF_PNETCDF                : disabled
20241012 084536.038 INFO             PET2 ESMF_PIO                    : enabled
20241012 084536.038 INFO             PET2 ESMF_YAMLCPP                : enabled
20241012 084536.040 INFO             PET2 =============================================
20241012 084536.040 INFO             PET2 ESMX (Earth System Model eXecutable) STARTING
20241012 084536.040 INFO             PET2 =============================================
20241012 084536.051 INFO             PET2 =============================================
20241012 084536.051 INFO             PET2 ESMX (Earth System Model eXecutable) FINISHED
20241012 084536.051 INFO             PET2 =============================================
20241012 084536.051 INFO             PET2  Finalizing ESMF
20241012 084536.037 INFO             PET3 !!!!!!!!!!!!!!!!!!!!!!!!!!!!!!!!!!!!!!!!!!!!!!!!!!!!!!
20241012 084536.037 INFO             PET3 !!! THE ESMF_LOG IS SET TO OUTPUT ALL LOG MESSAGES !!!
20241012 084536.037 INFO             PET3 !!!     THIS MAY CAUSE SLOWDOWN IN PERFORMANCE     !!!
20241012 084536.037 INFO             PET3 !!! FOR PRODUCTION RUNS, USE:                      !!!
20241012 084536.037 INFO             PET3 !!!                   ESMF_LOGKIND_Multi_On_Error  !!!
20241012 084536.037 INFO             PET3 !!!!!!!!!!!!!!!!!!!!!!!!!!!!!!!!!!!!!!!!!!!!!!!!!!!!!!
20241012 084536.037 INFO             PET3 Running with ESMF Version   : v8.8.0b01
20241012 084536.037 INFO             PET3 ESMF library build date/time: "Oct 12 2024" "07:33:36"
20241012 084536.037 INFO             PET3 ESMF library build location : /scratch2/NCEPDEV/stmp1/Gerhard.Theurich/ESMF-Nightly-Testing/intel_2023.2.0_intelmpi_g_develop/esmf
20241012 084536.037 INFO             PET3 ESMF_COMM                   : intelmpi
20241012 084536.038 INFO             PET3 ESMF_MOAB                   : enabled
20241012 084536.038 INFO             PET3 ESMF_LAPACK                 : enabled
20241012 084536.038 INFO             PET3 ESMF_NETCDF                 : enabled
20241012 084536.038 INFO             PET3 ESMF_PNETCDF                : disabled
20241012 084536.038 INFO             PET3 ESMF_PIO                    : enabled
20241012 084536.038 INFO             PET3 ESMF_YAMLCPP                : enabled
20241012 084536.040 INFO             PET3 =============================================
20241012 084536.040 INFO             PET3 ESMX (Earth System Model eXecutable) STARTING
20241012 084536.040 INFO             PET3 =============================================
20241012 084536.051 INFO             PET3 =============================================
20241012 084536.051 INFO             PET3 ESMX (Earth System Model eXecutable) FINISHED
20241012 084536.051 INFO             PET3 =============================================
20241012 084536.051 INFO             PET3  Finalizing ESMF
