2024-10-16 22:29:42
20241016 232425.330 INFO             PET0 !!!!!!!!!!!!!!!!!!!!!!!!!!!!!!!!!!!!!!!!!!!!!!!!!!!!!!
20241016 232425.330 INFO             PET0 !!! THE ESMF_LOG IS SET TO OUTPUT ALL LOG MESSAGES !!!
20241016 232425.330 INFO             PET0 !!!     THIS MAY CAUSE SLOWDOWN IN PERFORMANCE     !!!
20241016 232425.330 INFO             PET0 !!! FOR PRODUCTION RUNS, USE:                      !!!
20241016 232425.330 INFO             PET0 !!!                   ESMF_LOGKIND_Multi_On_Error  !!!
20241016 232425.330 INFO             PET0 !!!!!!!!!!!!!!!!!!!!!!!!!!!!!!!!!!!!!!!!!!!!!!!!!!!!!!
20241016 232425.330 INFO             PET0 Running with ESMF Version   : v8.8.0b01-6-g3ed6fcfd2b
20241016 232425.330 INFO             PET0 ESMF library build date/time: "Oct 16 2024" "22:27:02"
20241016 232425.330 INFO             PET0 ESMF library build location : /discover/nobackup/projects/gmao/SIteam/ESMF_Testing/intel_2021.13.0_intelmpi_O_develop/esmf
20241016 232425.330 INFO             PET0 ESMF_COMM                   : intelmpi
20241016 232425.330 INFO             PET0 ESMF_MOAB                   : enabled
20241016 232425.330 INFO             PET0 ESMF_LAPACK                 : enabled
20241016 232425.330 INFO             PET0 ESMF_NETCDF                 : enabled
20241016 232425.330 INFO             PET0 ESMF_PNETCDF                : disabled
20241016 232425.330 INFO             PET0 ESMF_PIO                    : enabled
20241016 232425.330 INFO             PET0 ESMF_YAMLCPP                : enabled
20241016 232425.332 INFO             PET0 =============================================
20241016 232425.332 INFO             PET0 ESMX (Earth System Model eXecutable) STARTING
20241016 232425.332 INFO             PET0 =============================================
20241016 232425.338 INFO             PET0 =============================================
20241016 232425.338 INFO             PET0 ESMX (Earth System Model eXecutable) FINISHED
20241016 232425.338 INFO             PET0 =============================================
20241016 232425.338 INFO             PET0  Finalizing ESMF
20241016 232425.331 INFO             PET1 !!!!!!!!!!!!!!!!!!!!!!!!!!!!!!!!!!!!!!!!!!!!!!!!!!!!!!
20241016 232425.331 INFO             PET1 !!! THE ESMF_LOG IS SET TO OUTPUT ALL LOG MESSAGES !!!
20241016 232425.331 INFO             PET1 !!!     THIS MAY CAUSE SLOWDOWN IN PERFORMANCE     !!!
20241016 232425.331 INFO             PET1 !!! FOR PRODUCTION RUNS, USE:                      !!!
20241016 232425.331 INFO             PET1 !!!                   ESMF_LOGKIND_Multi_On_Error  !!!
20241016 232425.331 INFO             PET1 !!!!!!!!!!!!!!!!!!!!!!!!!!!!!!!!!!!!!!!!!!!!!!!!!!!!!!
20241016 232425.331 INFO             PET1 Running with ESMF Version   : v8.8.0b01-6-g3ed6fcfd2b
20241016 232425.331 INFO             PET1 ESMF library build date/time: "Oct 16 2024" "22:27:02"
20241016 232425.331 INFO             PET1 ESMF library build location : /discover/nobackup/projects/gmao/SIteam/ESMF_Testing/intel_2021.13.0_intelmpi_O_develop/esmf
20241016 232425.331 INFO             PET1 ESMF_COMM                   : intelmpi
20241016 232425.331 INFO             PET1 ESMF_MOAB                   : enabled
20241016 232425.331 INFO             PET1 ESMF_LAPACK                 : enabled
20241016 232425.331 INFO             PET1 ESMF_NETCDF                 : enabled
20241016 232425.331 INFO             PET1 ESMF_PNETCDF                : disabled
20241016 232425.331 INFO             PET1 ESMF_PIO                    : enabled
20241016 232425.331 INFO             PET1 ESMF_YAMLCPP                : enabled
20241016 232425.332 INFO             PET1 =============================================
20241016 232425.332 INFO             PET1 ESMX (Earth System Model eXecutable) STARTING
20241016 232425.332 INFO             PET1 =============================================
20241016 232425.338 INFO             PET1 =============================================
20241016 232425.338 INFO             PET1 ESMX (Earth System Model eXecutable) FINISHED
20241016 232425.338 INFO             PET1 =============================================
20241016 232425.338 INFO             PET1  Finalizing ESMF
20241016 232425.330 INFO             PET2 !!!!!!!!!!!!!!!!!!!!!!!!!!!!!!!!!!!!!!!!!!!!!!!!!!!!!!
20241016 232425.330 INFO             PET2 !!! THE ESMF_LOG IS SET TO OUTPUT ALL LOG MESSAGES !!!
20241016 232425.330 INFO             PET2 !!!     THIS MAY CAUSE SLOWDOWN IN PERFORMANCE     !!!
20241016 232425.330 INFO             PET2 !!! FOR PRODUCTION RUNS, USE:                      !!!
20241016 232425.330 INFO             PET2 !!!                   ESMF_LOGKIND_Multi_On_Error  !!!
20241016 232425.330 INFO             PET2 !!!!!!!!!!!!!!!!!!!!!!!!!!!!!!!!!!!!!!!!!!!!!!!!!!!!!!
20241016 232425.330 INFO             PET2 Running with ESMF Version   : v8.8.0b01-6-g3ed6fcfd2b
20241016 232425.330 INFO             PET2 ESMF library build date/time: "Oct 16 2024" "22:27:02"
20241016 232425.330 INFO             PET2 ESMF library build location : /discover/nobackup/projects/gmao/SIteam/ESMF_Testing/intel_2021.13.0_intelmpi_O_develop/esmf
20241016 232425.330 INFO             PET2 ESMF_COMM                   : intelmpi
20241016 232425.331 INFO             PET2 ESMF_MOAB                   : enabled
20241016 232425.331 INFO             PET2 ESMF_LAPACK                 : enabled
20241016 232425.331 INFO             PET2 ESMF_NETCDF                 : enabled
20241016 232425.331 INFO             PET2 ESMF_PNETCDF                : disabled
20241016 232425.331 INFO             PET2 ESMF_PIO                    : enabled
20241016 232425.331 INFO             PET2 ESMF_YAMLCPP                : enabled
20241016 232425.332 INFO             PET2 =============================================
20241016 232425.332 INFO             PET2 ESMX (Earth System Model eXecutable) STARTING
20241016 232425.332 INFO             PET2 =============================================
20241016 232425.338 INFO             PET2 =============================================
20241016 232425.338 INFO             PET2 ESMX (Earth System Model eXecutable) FINISHED
20241016 232425.338 INFO             PET2 =============================================
20241016 232425.338 INFO             PET2  Finalizing ESMF
20241016 232425.331 INFO             PET3 !!!!!!!!!!!!!!!!!!!!!!!!!!!!!!!!!!!!!!!!!!!!!!!!!!!!!!
20241016 232425.331 INFO             PET3 !!! THE ESMF_LOG IS SET TO OUTPUT ALL LOG MESSAGES !!!
20241016 232425.331 INFO             PET3 !!!     THIS MAY CAUSE SLOWDOWN IN PERFORMANCE     !!!
20241016 232425.331 INFO             PET3 !!! FOR PRODUCTION RUNS, USE:                      !!!
20241016 232425.331 INFO             PET3 !!!                   ESMF_LOGKIND_Multi_On_Error  !!!
20241016 232425.331 INFO             PET3 !!!!!!!!!!!!!!!!!!!!!!!!!!!!!!!!!!!!!!!!!!!!!!!!!!!!!!
20241016 232425.331 INFO             PET3 Running with ESMF Version   : v8.8.0b01-6-g3ed6fcfd2b
20241016 232425.331 INFO             PET3 ESMF library build date/time: "Oct 16 2024" "22:27:02"
20241016 232425.331 INFO             PET3 ESMF library build location : /discover/nobackup/projects/gmao/SIteam/ESMF_Testing/intel_2021.13.0_intelmpi_O_develop/esmf
20241016 232425.331 INFO             PET3 ESMF_COMM                   : intelmpi
20241016 232425.331 INFO             PET3 ESMF_MOAB                   : enabled
20241016 232425.331 INFO             PET3 ESMF_LAPACK                 : enabled
20241016 232425.331 INFO             PET3 ESMF_NETCDF                 : enabled
20241016 232425.331 INFO             PET3 ESMF_PNETCDF                : disabled
20241016 232425.331 INFO             PET3 ESMF_PIO                    : enabled
20241016 232425.331 INFO             PET3 ESMF_YAMLCPP                : enabled
20241016 232425.332 INFO             PET3 =============================================
20241016 232425.332 INFO             PET3 ESMX (Earth System Model eXecutable) STARTING
20241016 232425.332 INFO             PET3 =============================================
20241016 232425.338 INFO             PET3 =============================================
20241016 232425.338 INFO             PET3 ESMX (Earth System Model eXecutable) FINISHED
20241016 232425.338 INFO             PET3 =============================================
20241016 232425.338 INFO             PET3  Finalizing ESMF
