2025-05-09 01:57:05
20250509 023254.414 INFO             PET0 !!!!!!!!!!!!!!!!!!!!!!!!!!!!!!!!!!!!!!!!!!!!!!!!!!!!!!
20250509 023254.414 INFO             PET0 !!! THE ESMF_LOG IS SET TO OUTPUT ALL LOG MESSAGES !!!
20250509 023254.414 INFO             PET0 !!!     THIS MAY CAUSE SLOWDOWN IN PERFORMANCE     !!!
20250509 023254.414 INFO             PET0 !!! FOR PRODUCTION RUNS, USE:                      !!!
20250509 023254.414 INFO             PET0 !!!                   ESMF_LOGKIND_Multi_On_Error  !!!
20250509 023254.414 INFO             PET0 !!!!!!!!!!!!!!!!!!!!!!!!!!!!!!!!!!!!!!!!!!!!!!!!!!!!!!
20250509 023254.414 INFO             PET0 Running with ESMF Version   : v8.9.0b08-9-gea72ab2180
20250509 023254.414 INFO             PET0 ESMF library build date/time: "May  9 2025" "01:54:46"
20250509 023254.414 INFO             PET0 ESMF library build location : /glade/derecho/scratch/sacks/esmf-testing/gfortran_12.2.0_pio2.6.2_mpi_g_develop/esmf
20250509 023254.414 INFO             PET0 ESMF_COMM                   : mpi
20250509 023254.415 INFO             PET0 ESMF_MOAB                   : enabled
20250509 023254.415 INFO             PET0 ESMF_LAPACK                 : enabled
20250509 023254.415 INFO             PET0 ESMF_NETCDF                 : enabled
20250509 023254.415 INFO             PET0 ESMF_PNETCDF                : disabled
20250509 023254.415 INFO             PET0 ESMF_PIO                    : enabled
20250509 023254.415 INFO             PET0 ESMF_YAMLCPP                : enabled
20250509 023254.421 INFO             PET0  NUMBER_OF_PROCESSORS           1
20250509 023254.421 INFO             PET0  PASS  Example ESMF_XGridSparseMatEx, ESMF_XGridSparseMatEx.F90, line 642
20250509 023254.421 INFO             PET0  Finalizing ESMF
