2024-10-13 02:06:14
20241013 024708.709 INFO             PET0 !!!!!!!!!!!!!!!!!!!!!!!!!!!!!!!!!!!!!!!!!!!!!!!!!!!!!!
20241013 024708.709 INFO             PET0 !!! THE ESMF_LOG IS SET TO OUTPUT ALL LOG MESSAGES !!!
20241013 024708.709 INFO             PET0 !!!     THIS MAY CAUSE SLOWDOWN IN PERFORMANCE     !!!
20241013 024708.709 INFO             PET0 !!! FOR PRODUCTION RUNS, USE:                      !!!
20241013 024708.709 INFO             PET0 !!!                   ESMF_LOGKIND_Multi_On_Error  !!!
20241013 024708.709 INFO             PET0 !!!!!!!!!!!!!!!!!!!!!!!!!!!!!!!!!!!!!!!!!!!!!!!!!!!!!!
20241013 024708.709 INFO             PET0 Running with ESMF Version   : v8.8.0b01
20241013 024708.709 INFO             PET0 ESMF library build date/time: "Oct 13 2024" "02:03:08"
20241013 024708.709 INFO             PET0 ESMF library build location : /glade/derecho/scratch/sacks/esmf-testing/gfortran_12.2.0_pio2.6.2_mpi_g_develop/esmf
20241013 024708.709 INFO             PET0 ESMF_COMM                   : mpi
20241013 024708.714 INFO             PET0 ESMF_MOAB                   : enabled
20241013 024708.714 INFO             PET0 ESMF_LAPACK                 : enabled
20241013 024708.714 INFO             PET0 ESMF_NETCDF                 : enabled
20241013 024708.714 INFO             PET0 ESMF_PNETCDF                : disabled
20241013 024708.714 INFO             PET0 ESMF_PIO                    : enabled
20241013 024708.714 INFO             PET0 ESMF_YAMLCPP                : enabled
20241013 024708.727 INFO             PET0 ESMF_FieldRedistStoreNF(): Just entered routine.
20241013 024708.905 INFO             PET0 ESMF_FieldRedistStoreNF(): Leaving routine.
20241013 024709.409 INFO             PET0  NUMBER_OF_PROCESSORS           4
20241013 024709.409 INFO             PET0  PASS  Example ESMF_RHandleFromFileEx, ESMF_RHandleFromFileEx.F90, line 192
20241013 024709.409 INFO             PET0  Finalizing ESMF
20241013 024708.698 INFO             PET1 !!!!!!!!!!!!!!!!!!!!!!!!!!!!!!!!!!!!!!!!!!!!!!!!!!!!!!
20241013 024708.698 INFO             PET1 !!! THE ESMF_LOG IS SET TO OUTPUT ALL LOG MESSAGES !!!
20241013 024708.698 INFO             PET1 !!!     THIS MAY CAUSE SLOWDOWN IN PERFORMANCE     !!!
20241013 024708.698 INFO             PET1 !!! FOR PRODUCTION RUNS, USE:                      !!!
20241013 024708.698 INFO             PET1 !!!                   ESMF_LOGKIND_Multi_On_Error  !!!
20241013 024708.698 INFO             PET1 !!!!!!!!!!!!!!!!!!!!!!!!!!!!!!!!!!!!!!!!!!!!!!!!!!!!!!
20241013 024708.698 INFO             PET1 Running with ESMF Version   : v8.8.0b01
20241013 024708.698 INFO             PET1 ESMF library build date/time: "Oct 13 2024" "02:03:08"
20241013 024708.698 INFO             PET1 ESMF library build location : /glade/derecho/scratch/sacks/esmf-testing/gfortran_12.2.0_pio2.6.2_mpi_g_develop/esmf
20241013 024708.698 INFO             PET1 ESMF_COMM                   : mpi
20241013 024708.699 INFO             PET1 ESMF_MOAB                   : enabled
20241013 024708.699 INFO             PET1 ESMF_LAPACK                 : enabled
20241013 024708.699 INFO             PET1 ESMF_NETCDF                 : enabled
20241013 024708.699 INFO             PET1 ESMF_PNETCDF                : disabled
20241013 024708.699 INFO             PET1 ESMF_PIO                    : enabled
20241013 024708.699 INFO             PET1 ESMF_YAMLCPP                : enabled
20241013 024708.726 INFO             PET1 ESMF_FieldRedistStoreNF(): Just entered routine.
20241013 024708.905 INFO             PET1 ESMF_FieldRedistStoreNF(): Leaving routine.
20241013 024709.409 INFO             PET1  NUMBER_OF_PROCESSORS           4
20241013 024709.409 INFO             PET1  PASS  Example ESMF_RHandleFromFileEx, ESMF_RHandleFromFileEx.F90, line 192
20241013 024709.409 INFO             PET1  Finalizing ESMF
20241013 024708.711 INFO             PET2 !!!!!!!!!!!!!!!!!!!!!!!!!!!!!!!!!!!!!!!!!!!!!!!!!!!!!!
20241013 024708.711 INFO             PET2 !!! THE ESMF_LOG IS SET TO OUTPUT ALL LOG MESSAGES !!!
20241013 024708.711 INFO             PET2 !!!     THIS MAY CAUSE SLOWDOWN IN PERFORMANCE     !!!
20241013 024708.711 INFO             PET2 !!! FOR PRODUCTION RUNS, USE:                      !!!
20241013 024708.711 INFO             PET2 !!!                   ESMF_LOGKIND_Multi_On_Error  !!!
20241013 024708.711 INFO             PET2 !!!!!!!!!!!!!!!!!!!!!!!!!!!!!!!!!!!!!!!!!!!!!!!!!!!!!!
20241013 024708.711 INFO             PET2 Running with ESMF Version   : v8.8.0b01
20241013 024708.711 INFO             PET2 ESMF library build date/time: "Oct 13 2024" "02:03:08"
20241013 024708.711 INFO             PET2 ESMF library build location : /glade/derecho/scratch/sacks/esmf-testing/gfortran_12.2.0_pio2.6.2_mpi_g_develop/esmf
20241013 024708.711 INFO             PET2 ESMF_COMM                   : mpi
20241013 024708.723 INFO             PET2 ESMF_MOAB                   : enabled
20241013 024708.723 INFO             PET2 ESMF_LAPACK                 : enabled
20241013 024708.723 INFO             PET2 ESMF_NETCDF                 : enabled
20241013 024708.723 INFO             PET2 ESMF_PNETCDF                : disabled
20241013 024708.723 INFO             PET2 ESMF_PIO                    : enabled
20241013 024708.723 INFO             PET2 ESMF_YAMLCPP                : enabled
20241013 024708.726 INFO             PET2 ESMF_FieldRedistStoreNF(): Just entered routine.
20241013 024708.905 INFO             PET2 ESMF_FieldRedistStoreNF(): Leaving routine.
20241013 024709.409 INFO             PET2  NUMBER_OF_PROCESSORS           4
20241013 024709.409 INFO             PET2  PASS  Example ESMF_RHandleFromFileEx, ESMF_RHandleFromFileEx.F90, line 192
20241013 024709.409 INFO             PET2  Finalizing ESMF
20241013 024708.708 INFO             PET3 !!!!!!!!!!!!!!!!!!!!!!!!!!!!!!!!!!!!!!!!!!!!!!!!!!!!!!
20241013 024708.708 INFO             PET3 !!! THE ESMF_LOG IS SET TO OUTPUT ALL LOG MESSAGES !!!
20241013 024708.709 INFO             PET3 !!!     THIS MAY CAUSE SLOWDOWN IN PERFORMANCE     !!!
20241013 024708.709 INFO             PET3 !!! FOR PRODUCTION RUNS, USE:                      !!!
20241013 024708.709 INFO             PET3 !!!                   ESMF_LOGKIND_Multi_On_Error  !!!
20241013 024708.709 INFO             PET3 !!!!!!!!!!!!!!!!!!!!!!!!!!!!!!!!!!!!!!!!!!!!!!!!!!!!!!
20241013 024708.709 INFO             PET3 Running with ESMF Version   : v8.8.0b01
20241013 024708.709 INFO             PET3 ESMF library build date/time: "Oct 13 2024" "02:03:08"
20241013 024708.709 INFO             PET3 ESMF library build location : /glade/derecho/scratch/sacks/esmf-testing/gfortran_12.2.0_pio2.6.2_mpi_g_develop/esmf
20241013 024708.709 INFO             PET3 ESMF_COMM                   : mpi
20241013 024708.713 INFO             PET3 ESMF_MOAB                   : enabled
20241013 024708.713 INFO             PET3 ESMF_LAPACK                 : enabled
20241013 024708.713 INFO             PET3 ESMF_NETCDF                 : enabled
20241013 024708.713 INFO             PET3 ESMF_PNETCDF                : disabled
20241013 024708.713 INFO             PET3 ESMF_PIO                    : enabled
20241013 024708.713 INFO             PET3 ESMF_YAMLCPP                : enabled
20241013 024708.727 INFO             PET3 ESMF_FieldRedistStoreNF(): Just entered routine.
20241013 024708.905 INFO             PET3 ESMF_FieldRedistStoreNF(): Leaving routine.
20241013 024709.409 INFO             PET3  NUMBER_OF_PROCESSORS           4
20241013 024709.409 INFO             PET3  PASS  Example ESMF_RHandleFromFileEx, ESMF_RHandleFromFileEx.F90, line 192
20241013 024709.409 INFO             PET3  Finalizing ESMF
