2024-10-15 01:56:28
20241015 025653.826 INFO             PET0 !!!!!!!!!!!!!!!!!!!!!!!!!!!!!!!!!!!!!!!!!!!!!!!!!!!!!!
20241015 025653.826 INFO             PET0 !!! THE ESMF_LOG IS SET TO OUTPUT ALL LOG MESSAGES !!!
20241015 025653.826 INFO             PET0 !!!     THIS MAY CAUSE SLOWDOWN IN PERFORMANCE     !!!
20241015 025653.826 INFO             PET0 !!! FOR PRODUCTION RUNS, USE:                      !!!
20241015 025653.826 INFO             PET0 !!!                   ESMF_LOGKIND_Multi_On_Error  !!!
20241015 025653.826 INFO             PET0 !!!!!!!!!!!!!!!!!!!!!!!!!!!!!!!!!!!!!!!!!!!!!!!!!!!!!!
20241015 025653.826 INFO             PET0 Running with ESMF Version   : v8.8.0b01
20241015 025653.826 INFO             PET0 ESMF library build date/time: "Oct 15 2024" "01:53:27"
20241015 025653.826 INFO             PET0 ESMF library build location : /glade/derecho/scratch/sacks/esmf-testing/gfortran_12.2.0_pio2.6.2_mpi_g_develop/esmf
20241015 025653.826 INFO             PET0 ESMF_COMM                   : mpi
20241015 025653.827 INFO             PET0 ESMF_MOAB                   : enabled
20241015 025653.827 INFO             PET0 ESMF_LAPACK                 : enabled
20241015 025653.827 INFO             PET0 ESMF_NETCDF                 : enabled
20241015 025653.827 INFO             PET0 ESMF_PNETCDF                : disabled
20241015 025653.827 INFO             PET0 ESMF_PIO                    : enabled
20241015 025653.827 INFO             PET0 ESMF_YAMLCPP                : enabled
20241015 025653.894 DEBUG            PET0 about to destroy Grid: 0x71c250
20241015 025653.902 DEBUG            PET0 about to destroy Grid: 0x71e120
20241015 025653.925 INFO             PET0  NUMBER_OF_PROCESSORS           4
20241015 025653.925 INFO             PET0  PASS  Example ESMF_NUOPCAtmModelEx, ESMF_NUOPCAtmModelEx.F90, line 806
20241015 025653.925 INFO             PET0  Finalizing ESMF
20241015 025653.825 INFO             PET1 !!!!!!!!!!!!!!!!!!!!!!!!!!!!!!!!!!!!!!!!!!!!!!!!!!!!!!
20241015 025653.825 INFO             PET1 !!! THE ESMF_LOG IS SET TO OUTPUT ALL LOG MESSAGES !!!
20241015 025653.825 INFO             PET1 !!!     THIS MAY CAUSE SLOWDOWN IN PERFORMANCE     !!!
20241015 025653.825 INFO             PET1 !!! FOR PRODUCTION RUNS, USE:                      !!!
20241015 025653.825 INFO             PET1 !!!                   ESMF_LOGKIND_Multi_On_Error  !!!
20241015 025653.825 INFO             PET1 !!!!!!!!!!!!!!!!!!!!!!!!!!!!!!!!!!!!!!!!!!!!!!!!!!!!!!
20241015 025653.825 INFO             PET1 Running with ESMF Version   : v8.8.0b01
20241015 025653.825 INFO             PET1 ESMF library build date/time: "Oct 15 2024" "01:53:27"
20241015 025653.825 INFO             PET1 ESMF library build location : /glade/derecho/scratch/sacks/esmf-testing/gfortran_12.2.0_pio2.6.2_mpi_g_develop/esmf
20241015 025653.825 INFO             PET1 ESMF_COMM                   : mpi
20241015 025653.826 INFO             PET1 ESMF_MOAB                   : enabled
20241015 025653.826 INFO             PET1 ESMF_LAPACK                 : enabled
20241015 025653.826 INFO             PET1 ESMF_NETCDF                 : enabled
20241015 025653.826 INFO             PET1 ESMF_PNETCDF                : disabled
20241015 025653.826 INFO             PET1 ESMF_PIO                    : enabled
20241015 025653.826 INFO             PET1 ESMF_YAMLCPP                : enabled
20241015 025653.894 DEBUG            PET1 about to destroy Grid: 0x719370
20241015 025653.902 DEBUG            PET1 about to destroy Grid: 0x71ad60
20241015 025653.925 INFO             PET1  NUMBER_OF_PROCESSORS           4
20241015 025653.925 INFO             PET1  PASS  Example ESMF_NUOPCAtmModelEx, ESMF_NUOPCAtmModelEx.F90, line 806
20241015 025653.925 INFO             PET1  Finalizing ESMF
20241015 025653.826 INFO             PET2 !!!!!!!!!!!!!!!!!!!!!!!!!!!!!!!!!!!!!!!!!!!!!!!!!!!!!!
20241015 025653.826 INFO             PET2 !!! THE ESMF_LOG IS SET TO OUTPUT ALL LOG MESSAGES !!!
20241015 025653.826 INFO             PET2 !!!     THIS MAY CAUSE SLOWDOWN IN PERFORMANCE     !!!
20241015 025653.826 INFO             PET2 !!! FOR PRODUCTION RUNS, USE:                      !!!
20241015 025653.826 INFO             PET2 !!!                   ESMF_LOGKIND_Multi_On_Error  !!!
20241015 025653.826 INFO             PET2 !!!!!!!!!!!!!!!!!!!!!!!!!!!!!!!!!!!!!!!!!!!!!!!!!!!!!!
20241015 025653.826 INFO             PET2 Running with ESMF Version   : v8.8.0b01
20241015 025653.826 INFO             PET2 ESMF library build date/time: "Oct 15 2024" "01:53:27"
20241015 025653.826 INFO             PET2 ESMF library build location : /glade/derecho/scratch/sacks/esmf-testing/gfortran_12.2.0_pio2.6.2_mpi_g_develop/esmf
20241015 025653.826 INFO             PET2 ESMF_COMM                   : mpi
20241015 025653.826 INFO             PET2 ESMF_MOAB                   : enabled
20241015 025653.826 INFO             PET2 ESMF_LAPACK                 : enabled
20241015 025653.826 INFO             PET2 ESMF_NETCDF                 : enabled
20241015 025653.826 INFO             PET2 ESMF_PNETCDF                : disabled
20241015 025653.826 INFO             PET2 ESMF_PIO                    : enabled
20241015 025653.826 INFO             PET2 ESMF_YAMLCPP                : enabled
20241015 025653.894 DEBUG            PET2 about to destroy Grid: 0x718270
20241015 025653.902 DEBUG            PET2 about to destroy Grid: 0x71a0c0
20241015 025653.925 INFO             PET2  NUMBER_OF_PROCESSORS           4
20241015 025653.925 INFO             PET2  PASS  Example ESMF_NUOPCAtmModelEx, ESMF_NUOPCAtmModelEx.F90, line 806
20241015 025653.925 INFO             PET2  Finalizing ESMF
20241015 025653.826 INFO             PET3 !!!!!!!!!!!!!!!!!!!!!!!!!!!!!!!!!!!!!!!!!!!!!!!!!!!!!!
20241015 025653.826 INFO             PET3 !!! THE ESMF_LOG IS SET TO OUTPUT ALL LOG MESSAGES !!!
20241015 025653.826 INFO             PET3 !!!     THIS MAY CAUSE SLOWDOWN IN PERFORMANCE     !!!
20241015 025653.826 INFO             PET3 !!! FOR PRODUCTION RUNS, USE:                      !!!
20241015 025653.826 INFO             PET3 !!!                   ESMF_LOGKIND_Multi_On_Error  !!!
20241015 025653.826 INFO             PET3 !!!!!!!!!!!!!!!!!!!!!!!!!!!!!!!!!!!!!!!!!!!!!!!!!!!!!!
20241015 025653.826 INFO             PET3 Running with ESMF Version   : v8.8.0b01
20241015 025653.826 INFO             PET3 ESMF library build date/time: "Oct 15 2024" "01:53:27"
20241015 025653.826 INFO             PET3 ESMF library build location : /glade/derecho/scratch/sacks/esmf-testing/gfortran_12.2.0_pio2.6.2_mpi_g_develop/esmf
20241015 025653.826 INFO             PET3 ESMF_COMM                   : mpi
20241015 025653.826 INFO             PET3 ESMF_MOAB                   : enabled
20241015 025653.826 INFO             PET3 ESMF_LAPACK                 : enabled
20241015 025653.826 INFO             PET3 ESMF_NETCDF                 : enabled
20241015 025653.826 INFO             PET3 ESMF_PNETCDF                : disabled
20241015 025653.826 INFO             PET3 ESMF_PIO                    : enabled
20241015 025653.826 INFO             PET3 ESMF_YAMLCPP                : enabled
20241015 025653.894 DEBUG            PET3 about to destroy Grid: 0x718a40
20241015 025653.902 DEBUG            PET3 about to destroy Grid: 0x71a430
20241015 025653.925 INFO             PET3  NUMBER_OF_PROCESSORS           4
20241015 025653.925 INFO             PET3  PASS  Example ESMF_NUOPCAtmModelEx, ESMF_NUOPCAtmModelEx.F90, line 806
20241015 025653.925 INFO             PET3  Finalizing ESMF
