2025-05-10 02:41:49
20250510 033310.705 INFO             PET0 !!!!!!!!!!!!!!!!!!!!!!!!!!!!!!!!!!!!!!!!!!!!!!!!!!!!!!
20250510 033310.705 INFO             PET0 !!! THE ESMF_LOG IS SET TO OUTPUT ALL LOG MESSAGES !!!
20250510 033310.705 INFO             PET0 !!!     THIS MAY CAUSE SLOWDOWN IN PERFORMANCE     !!!
20250510 033310.705 INFO             PET0 !!! FOR PRODUCTION RUNS, USE:                      !!!
20250510 033310.705 INFO             PET0 !!!                   ESMF_LOGKIND_Multi_On_Error  !!!
20250510 033310.705 INFO             PET0 !!!!!!!!!!!!!!!!!!!!!!!!!!!!!!!!!!!!!!!!!!!!!!!!!!!!!!
20250510 033310.705 INFO             PET0 Running with ESMF Version   : v8.9.0b08-9-gea72ab2180
20250510 033310.705 INFO             PET0 ESMF library build date/time: "May 10 2025" "02:39:11"
20250510 033310.705 INFO             PET0 ESMF library build location : /work/noaa/da/mpotts/sandbox/gfortran_12.2.0_openmpi_g_develop/esmf
20250510 033310.705 INFO             PET0 ESMF_COMM                   : openmpi
20250510 033310.705 INFO             PET0 ESMF_MOAB                   : enabled
20250510 033310.705 INFO             PET0 ESMF_LAPACK                 : enabled
20250510 033310.705 INFO             PET0 ESMF_NETCDF                 : disabled
20250510 033310.705 INFO             PET0 ESMF_PNETCDF                : disabled
20250510 033310.705 INFO             PET0 ESMF_PIO                    : disabled
20250510 033310.705 INFO             PET0 ESMF_YAMLCPP                : enabled
20250510 033310.710 INFO             PET0  NUMBER_OF_PROCESSORS           4
20250510 033310.710 INFO             PET0  PASS  Example ESMF_FieldCommEx, ESMF_FieldCommEx.F90, line 258
20250510 033310.710 INFO             PET0  Finalizing ESMF
20250510 033310.706 INFO             PET1 !!!!!!!!!!!!!!!!!!!!!!!!!!!!!!!!!!!!!!!!!!!!!!!!!!!!!!
20250510 033310.706 INFO             PET1 !!! THE ESMF_LOG IS SET TO OUTPUT ALL LOG MESSAGES !!!
20250510 033310.706 INFO             PET1 !!!     THIS MAY CAUSE SLOWDOWN IN PERFORMANCE     !!!
20250510 033310.706 INFO             PET1 !!! FOR PRODUCTION RUNS, USE:                      !!!
20250510 033310.706 INFO             PET1 !!!                   ESMF_LOGKIND_Multi_On_Error  !!!
20250510 033310.706 INFO             PET1 !!!!!!!!!!!!!!!!!!!!!!!!!!!!!!!!!!!!!!!!!!!!!!!!!!!!!!
20250510 033310.706 INFO             PET1 Running with ESMF Version   : v8.9.0b08-9-gea72ab2180
20250510 033310.706 INFO             PET1 ESMF library build date/time: "May 10 2025" "02:39:11"
20250510 033310.706 INFO             PET1 ESMF library build location : /work/noaa/da/mpotts/sandbox/gfortran_12.2.0_openmpi_g_develop/esmf
20250510 033310.706 INFO             PET1 ESMF_COMM                   : openmpi
20250510 033310.706 INFO             PET1 ESMF_MOAB                   : enabled
20250510 033310.706 INFO             PET1 ESMF_LAPACK                 : enabled
20250510 033310.706 INFO             PET1 ESMF_NETCDF                 : disabled
20250510 033310.706 INFO             PET1 ESMF_PNETCDF                : disabled
20250510 033310.706 INFO             PET1 ESMF_PIO                    : disabled
20250510 033310.706 INFO             PET1 ESMF_YAMLCPP                : enabled
20250510 033310.710 INFO             PET1  NUMBER_OF_PROCESSORS           4
20250510 033310.710 INFO             PET1  PASS  Example ESMF_FieldCommEx, ESMF_FieldCommEx.F90, line 258
20250510 033310.710 INFO             PET1  Finalizing ESMF
20250510 033310.705 INFO             PET2 !!!!!!!!!!!!!!!!!!!!!!!!!!!!!!!!!!!!!!!!!!!!!!!!!!!!!!
20250510 033310.705 INFO             PET2 !!! THE ESMF_LOG IS SET TO OUTPUT ALL LOG MESSAGES !!!
20250510 033310.705 INFO             PET2 !!!     THIS MAY CAUSE SLOWDOWN IN PERFORMANCE     !!!
20250510 033310.705 INFO             PET2 !!! FOR PRODUCTION RUNS, USE:                      !!!
20250510 033310.705 INFO             PET2 !!!                   ESMF_LOGKIND_Multi_On_Error  !!!
20250510 033310.705 INFO             PET2 !!!!!!!!!!!!!!!!!!!!!!!!!!!!!!!!!!!!!!!!!!!!!!!!!!!!!!
20250510 033310.705 INFO             PET2 Running with ESMF Version   : v8.9.0b08-9-gea72ab2180
20250510 033310.705 INFO             PET2 ESMF library build date/time: "May 10 2025" "02:39:11"
20250510 033310.705 INFO             PET2 ESMF library build location : /work/noaa/da/mpotts/sandbox/gfortran_12.2.0_openmpi_g_develop/esmf
20250510 033310.705 INFO             PET2 ESMF_COMM                   : openmpi
20250510 033310.706 INFO             PET2 ESMF_MOAB                   : enabled
20250510 033310.706 INFO             PET2 ESMF_LAPACK                 : enabled
20250510 033310.706 INFO             PET2 ESMF_NETCDF                 : disabled
20250510 033310.706 INFO             PET2 ESMF_PNETCDF                : disabled
20250510 033310.706 INFO             PET2 ESMF_PIO                    : disabled
20250510 033310.706 INFO             PET2 ESMF_YAMLCPP                : enabled
20250510 033310.710 INFO             PET2  NUMBER_OF_PROCESSORS           4
20250510 033310.710 INFO             PET2  PASS  Example ESMF_FieldCommEx, ESMF_FieldCommEx.F90, line 258
20250510 033310.710 INFO             PET2  Finalizing ESMF
20250510 033310.705 INFO             PET3 !!!!!!!!!!!!!!!!!!!!!!!!!!!!!!!!!!!!!!!!!!!!!!!!!!!!!!
20250510 033310.705 INFO             PET3 !!! THE ESMF_LOG IS SET TO OUTPUT ALL LOG MESSAGES !!!
20250510 033310.705 INFO             PET3 !!!     THIS MAY CAUSE SLOWDOWN IN PERFORMANCE     !!!
20250510 033310.705 INFO             PET3 !!! FOR PRODUCTION RUNS, USE:                      !!!
20250510 033310.705 INFO             PET3 !!!                   ESMF_LOGKIND_Multi_On_Error  !!!
20250510 033310.705 INFO             PET3 !!!!!!!!!!!!!!!!!!!!!!!!!!!!!!!!!!!!!!!!!!!!!!!!!!!!!!
20250510 033310.705 INFO             PET3 Running with ESMF Version   : v8.9.0b08-9-gea72ab2180
20250510 033310.705 INFO             PET3 ESMF library build date/time: "May 10 2025" "02:39:11"
20250510 033310.705 INFO             PET3 ESMF library build location : /work/noaa/da/mpotts/sandbox/gfortran_12.2.0_openmpi_g_develop/esmf
20250510 033310.705 INFO             PET3 ESMF_COMM                   : openmpi
20250510 033310.706 INFO             PET3 ESMF_MOAB                   : enabled
20250510 033310.706 INFO             PET3 ESMF_LAPACK                 : enabled
20250510 033310.706 INFO             PET3 ESMF_NETCDF                 : disabled
20250510 033310.706 INFO             PET3 ESMF_PNETCDF                : disabled
20250510 033310.706 INFO             PET3 ESMF_PIO                    : disabled
20250510 033310.706 INFO             PET3 ESMF_YAMLCPP                : enabled
20250510 033310.710 INFO             PET3  NUMBER_OF_PROCESSORS           4
20250510 033310.710 INFO             PET3  PASS  Example ESMF_FieldCommEx, ESMF_FieldCommEx.F90, line 258
20250510 033310.710 INFO             PET3  Finalizing ESMF
