2024-10-16 02:36:07
20241016 032738.630 INFO             PET0 !!!!!!!!!!!!!!!!!!!!!!!!!!!!!!!!!!!!!!!!!!!!!!!!!!!!!!
20241016 032738.630 INFO             PET0 !!! THE ESMF_LOG IS SET TO OUTPUT ALL LOG MESSAGES !!!
20241016 032738.630 INFO             PET0 !!!     THIS MAY CAUSE SLOWDOWN IN PERFORMANCE     !!!
20241016 032738.630 INFO             PET0 !!! FOR PRODUCTION RUNS, USE:                      !!!
20241016 032738.630 INFO             PET0 !!!                   ESMF_LOGKIND_Multi_On_Error  !!!
20241016 032738.630 INFO             PET0 !!!!!!!!!!!!!!!!!!!!!!!!!!!!!!!!!!!!!!!!!!!!!!!!!!!!!!
20241016 032738.630 INFO             PET0 Running with ESMF Version   : v8.8.0b01-2-g867c30314c
20241016 032738.630 INFO             PET0 ESMF library build date/time: "Oct 16 2024" "02:33:33"
20241016 032738.630 INFO             PET0 ESMF library build location : /work/noaa/da/mpotts/sandbox/gfortran_12.2.0_openmpi_g_develop/esmf
20241016 032738.630 INFO             PET0 ESMF_COMM                   : openmpi
20241016 032738.631 INFO             PET0 ESMF_MOAB                   : enabled
20241016 032738.631 INFO             PET0 ESMF_LAPACK                 : enabled
20241016 032738.631 INFO             PET0 ESMF_NETCDF                 : disabled
20241016 032738.631 INFO             PET0 ESMF_PNETCDF                : disabled
20241016 032738.631 INFO             PET0 ESMF_PIO                    : disabled
20241016 032738.631 INFO             PET0 ESMF_YAMLCPP                : enabled
20241016 032738.869 DEBUG            PET0 about to destroy Grid: 0x29ef010
20241016 032738.907 DEBUG            PET0 about to destroy Grid: 0x29f1030
20241016 032739.003 INFO             PET0  NUMBER_OF_PROCESSORS           4
20241016 032739.003 INFO             PET0  PASS  Example ESMF_NUOPCAtmModelEx, ESMF_NUOPCAtmModelEx.F90, line 806
20241016 032739.004 INFO             PET0  Finalizing ESMF
20241016 032738.631 INFO             PET1 !!!!!!!!!!!!!!!!!!!!!!!!!!!!!!!!!!!!!!!!!!!!!!!!!!!!!!
20241016 032738.631 INFO             PET1 !!! THE ESMF_LOG IS SET TO OUTPUT ALL LOG MESSAGES !!!
20241016 032738.631 INFO             PET1 !!!     THIS MAY CAUSE SLOWDOWN IN PERFORMANCE     !!!
20241016 032738.631 INFO             PET1 !!! FOR PRODUCTION RUNS, USE:                      !!!
20241016 032738.631 INFO             PET1 !!!                   ESMF_LOGKIND_Multi_On_Error  !!!
20241016 032738.631 INFO             PET1 !!!!!!!!!!!!!!!!!!!!!!!!!!!!!!!!!!!!!!!!!!!!!!!!!!!!!!
20241016 032738.631 INFO             PET1 Running with ESMF Version   : v8.8.0b01-2-g867c30314c
20241016 032738.631 INFO             PET1 ESMF library build date/time: "Oct 16 2024" "02:33:33"
20241016 032738.631 INFO             PET1 ESMF library build location : /work/noaa/da/mpotts/sandbox/gfortran_12.2.0_openmpi_g_develop/esmf
20241016 032738.631 INFO             PET1 ESMF_COMM                   : openmpi
20241016 032738.631 INFO             PET1 ESMF_MOAB                   : enabled
20241016 032738.631 INFO             PET1 ESMF_LAPACK                 : enabled
20241016 032738.631 INFO             PET1 ESMF_NETCDF                 : disabled
20241016 032738.631 INFO             PET1 ESMF_PNETCDF                : disabled
20241016 032738.631 INFO             PET1 ESMF_PIO                    : disabled
20241016 032738.631 INFO             PET1 ESMF_YAMLCPP                : enabled
20241016 032738.869 DEBUG            PET1 about to destroy Grid: 0x24448b0
20241016 032738.907 DEBUG            PET1 about to destroy Grid: 0x2446b10
20241016 032739.004 INFO             PET1  NUMBER_OF_PROCESSORS           4
20241016 032739.004 INFO             PET1  PASS  Example ESMF_NUOPCAtmModelEx, ESMF_NUOPCAtmModelEx.F90, line 806
20241016 032739.004 INFO             PET1  Finalizing ESMF
20241016 032738.630 INFO             PET2 !!!!!!!!!!!!!!!!!!!!!!!!!!!!!!!!!!!!!!!!!!!!!!!!!!!!!!
20241016 032738.630 INFO             PET2 !!! THE ESMF_LOG IS SET TO OUTPUT ALL LOG MESSAGES !!!
20241016 032738.630 INFO             PET2 !!!     THIS MAY CAUSE SLOWDOWN IN PERFORMANCE     !!!
20241016 032738.630 INFO             PET2 !!! FOR PRODUCTION RUNS, USE:                      !!!
20241016 032738.630 INFO             PET2 !!!                   ESMF_LOGKIND_Multi_On_Error  !!!
20241016 032738.630 INFO             PET2 !!!!!!!!!!!!!!!!!!!!!!!!!!!!!!!!!!!!!!!!!!!!!!!!!!!!!!
20241016 032738.630 INFO             PET2 Running with ESMF Version   : v8.8.0b01-2-g867c30314c
20241016 032738.630 INFO             PET2 ESMF library build date/time: "Oct 16 2024" "02:33:33"
20241016 032738.630 INFO             PET2 ESMF library build location : /work/noaa/da/mpotts/sandbox/gfortran_12.2.0_openmpi_g_develop/esmf
20241016 032738.630 INFO             PET2 ESMF_COMM                   : openmpi
20241016 032738.631 INFO             PET2 ESMF_MOAB                   : enabled
20241016 032738.631 INFO             PET2 ESMF_LAPACK                 : enabled
20241016 032738.631 INFO             PET2 ESMF_NETCDF                 : disabled
20241016 032738.631 INFO             PET2 ESMF_PNETCDF                : disabled
20241016 032738.631 INFO             PET2 ESMF_PIO                    : disabled
20241016 032738.631 INFO             PET2 ESMF_YAMLCPP                : enabled
20241016 032738.869 DEBUG            PET2 about to destroy Grid: 0xb47110
20241016 032738.907 DEBUG            PET2 about to destroy Grid: 0xb49480
20241016 032739.003 INFO             PET2  NUMBER_OF_PROCESSORS           4
20241016 032739.003 INFO             PET2  PASS  Example ESMF_NUOPCAtmModelEx, ESMF_NUOPCAtmModelEx.F90, line 806
20241016 032739.003 INFO             PET2  Finalizing ESMF
20241016 032738.631 INFO             PET3 !!!!!!!!!!!!!!!!!!!!!!!!!!!!!!!!!!!!!!!!!!!!!!!!!!!!!!
20241016 032738.631 INFO             PET3 !!! THE ESMF_LOG IS SET TO OUTPUT ALL LOG MESSAGES !!!
20241016 032738.631 INFO             PET3 !!!     THIS MAY CAUSE SLOWDOWN IN PERFORMANCE     !!!
20241016 032738.631 INFO             PET3 !!! FOR PRODUCTION RUNS, USE:                      !!!
20241016 032738.631 INFO             PET3 !!!                   ESMF_LOGKIND_Multi_On_Error  !!!
20241016 032738.631 INFO             PET3 !!!!!!!!!!!!!!!!!!!!!!!!!!!!!!!!!!!!!!!!!!!!!!!!!!!!!!
20241016 032738.631 INFO             PET3 Running with ESMF Version   : v8.8.0b01-2-g867c30314c
20241016 032738.631 INFO             PET3 ESMF library build date/time: "Oct 16 2024" "02:33:33"
20241016 032738.631 INFO             PET3 ESMF library build location : /work/noaa/da/mpotts/sandbox/gfortran_12.2.0_openmpi_g_develop/esmf
20241016 032738.631 INFO             PET3 ESMF_COMM                   : openmpi
20241016 032738.631 INFO             PET3 ESMF_MOAB                   : enabled
20241016 032738.631 INFO             PET3 ESMF_LAPACK                 : enabled
20241016 032738.631 INFO             PET3 ESMF_NETCDF                 : disabled
20241016 032738.631 INFO             PET3 ESMF_PNETCDF                : disabled
20241016 032738.631 INFO             PET3 ESMF_PIO                    : disabled
20241016 032738.631 INFO             PET3 ESMF_YAMLCPP                : enabled
20241016 032738.869 DEBUG            PET3 about to destroy Grid: 0x2872f30
20241016 032738.907 DEBUG            PET3 about to destroy Grid: 0x2875190
20241016 032739.003 INFO             PET3  NUMBER_OF_PROCESSORS           4
20241016 032739.003 INFO             PET3  PASS  Example ESMF_NUOPCAtmModelEx, ESMF_NUOPCAtmModelEx.F90, line 806
20241016 032739.003 INFO             PET3  Finalizing ESMF
