2024-10-09 07:43:58
20241009 084903.614 INFO             PET0 !!!!!!!!!!!!!!!!!!!!!!!!!!!!!!!!!!!!!!!!!!!!!!!!!!!!!!
20241009 084903.614 INFO             PET0 !!! THE ESMF_LOG IS SET TO OUTPUT ALL LOG MESSAGES !!!
20241009 084903.614 INFO             PET0 !!!     THIS MAY CAUSE SLOWDOWN IN PERFORMANCE     !!!
20241009 084903.614 INFO             PET0 !!! FOR PRODUCTION RUNS, USE:                      !!!
20241009 084903.614 INFO             PET0 !!!                   ESMF_LOGKIND_Multi_On_Error  !!!
20241009 084903.614 INFO             PET0 !!!!!!!!!!!!!!!!!!!!!!!!!!!!!!!!!!!!!!!!!!!!!!!!!!!!!!
20241009 084903.614 INFO             PET0 Running with ESMF Version   : v8.8.0b00-12-g0d4b825343
20241009 084903.614 INFO             PET0 ESMF library build date/time: "Oct  9 2024" "07:40:14"
20241009 084903.614 INFO             PET0 ESMF library build location : /scratch2/NCEPDEV/stmp1/Gerhard.Theurich/ESMF-Nightly-Testing/nvhpc_24.1_openmpi_O_develop/esmf
20241009 084903.615 INFO             PET0 ESMF_COMM                   : openmpi
20241009 084903.615 INFO             PET0 ESMF_MOAB                   : enabled
20241009 084903.615 INFO             PET0 ESMF_LAPACK                 : enabled
20241009 084903.615 INFO             PET0 ESMF_NETCDF                 : disabled
20241009 084903.615 INFO             PET0 ESMF_PNETCDF                : disabled
20241009 084903.615 INFO             PET0 ESMF_PIO                    : disabled
20241009 084903.615 INFO             PET0 ESMF_YAMLCPP                : enabled
20241009 084903.642 DEBUG            PET0 about to destroy Grid: 0x18ea280
20241009 084903.645 DEBUG            PET0 about to destroy Grid: 0x18ec6d0
20241009 084903.652 INFO             PET0  NUMBER_OF_PROCESSORS            4
20241009 084903.652 INFO             PET0  PASS  Example ESMF_NUOPCAtmModelEx, ESMF_NUOPCAtmModelEx.F90, line 806
20241009 084903.652 INFO             PET0  Finalizing ESMF
20241009 084903.615 INFO             PET1 !!!!!!!!!!!!!!!!!!!!!!!!!!!!!!!!!!!!!!!!!!!!!!!!!!!!!!
20241009 084903.615 INFO             PET1 !!! THE ESMF_LOG IS SET TO OUTPUT ALL LOG MESSAGES !!!
20241009 084903.615 INFO             PET1 !!!     THIS MAY CAUSE SLOWDOWN IN PERFORMANCE     !!!
20241009 084903.615 INFO             PET1 !!! FOR PRODUCTION RUNS, USE:                      !!!
20241009 084903.615 INFO             PET1 !!!                   ESMF_LOGKIND_Multi_On_Error  !!!
20241009 084903.615 INFO             PET1 !!!!!!!!!!!!!!!!!!!!!!!!!!!!!!!!!!!!!!!!!!!!!!!!!!!!!!
20241009 084903.615 INFO             PET1 Running with ESMF Version   : v8.8.0b00-12-g0d4b825343
20241009 084903.615 INFO             PET1 ESMF library build date/time: "Oct  9 2024" "07:40:14"
20241009 084903.615 INFO             PET1 ESMF library build location : /scratch2/NCEPDEV/stmp1/Gerhard.Theurich/ESMF-Nightly-Testing/nvhpc_24.1_openmpi_O_develop/esmf
20241009 084903.615 INFO             PET1 ESMF_COMM                   : openmpi
20241009 084903.615 INFO             PET1 ESMF_MOAB                   : enabled
20241009 084903.615 INFO             PET1 ESMF_LAPACK                 : enabled
20241009 084903.615 INFO             PET1 ESMF_NETCDF                 : disabled
20241009 084903.615 INFO             PET1 ESMF_PNETCDF                : disabled
20241009 084903.615 INFO             PET1 ESMF_PIO                    : disabled
20241009 084903.615 INFO             PET1 ESMF_YAMLCPP                : enabled
20241009 084903.642 DEBUG            PET1 about to destroy Grid: 0x163b4a0
20241009 084903.645 DEBUG            PET1 about to destroy Grid: 0x163ca20
20241009 084903.653 INFO             PET1  NUMBER_OF_PROCESSORS            4
20241009 084903.653 INFO             PET1  PASS  Example ESMF_NUOPCAtmModelEx, ESMF_NUOPCAtmModelEx.F90, line 806
20241009 084903.653 INFO             PET1  Finalizing ESMF
20241009 084903.614 INFO             PET2 !!!!!!!!!!!!!!!!!!!!!!!!!!!!!!!!!!!!!!!!!!!!!!!!!!!!!!
20241009 084903.614 INFO             PET2 !!! THE ESMF_LOG IS SET TO OUTPUT ALL LOG MESSAGES !!!
20241009 084903.614 INFO             PET2 !!!     THIS MAY CAUSE SLOWDOWN IN PERFORMANCE     !!!
20241009 084903.614 INFO             PET2 !!! FOR PRODUCTION RUNS, USE:                      !!!
20241009 084903.614 INFO             PET2 !!!                   ESMF_LOGKIND_Multi_On_Error  !!!
20241009 084903.614 INFO             PET2 !!!!!!!!!!!!!!!!!!!!!!!!!!!!!!!!!!!!!!!!!!!!!!!!!!!!!!
20241009 084903.614 INFO             PET2 Running with ESMF Version   : v8.8.0b00-12-g0d4b825343
20241009 084903.614 INFO             PET2 ESMF library build date/time: "Oct  9 2024" "07:40:14"
20241009 084903.614 INFO             PET2 ESMF library build location : /scratch2/NCEPDEV/stmp1/Gerhard.Theurich/ESMF-Nightly-Testing/nvhpc_24.1_openmpi_O_develop/esmf
20241009 084903.614 INFO             PET2 ESMF_COMM                   : openmpi
20241009 084903.615 INFO             PET2 ESMF_MOAB                   : enabled
20241009 084903.615 INFO             PET2 ESMF_LAPACK                 : enabled
20241009 084903.615 INFO             PET2 ESMF_NETCDF                 : disabled
20241009 084903.615 INFO             PET2 ESMF_PNETCDF                : disabled
20241009 084903.615 INFO             PET2 ESMF_PIO                    : disabled
20241009 084903.615 INFO             PET2 ESMF_YAMLCPP                : enabled
20241009 084903.642 DEBUG            PET2 about to destroy Grid: 0x2619840
20241009 084903.645 DEBUG            PET2 about to destroy Grid: 0x261b230
20241009 084903.652 INFO             PET2  NUMBER_OF_PROCESSORS            4
20241009 084903.652 INFO             PET2  PASS  Example ESMF_NUOPCAtmModelEx, ESMF_NUOPCAtmModelEx.F90, line 806
20241009 084903.652 INFO             PET2  Finalizing ESMF
20241009 084903.615 INFO             PET3 !!!!!!!!!!!!!!!!!!!!!!!!!!!!!!!!!!!!!!!!!!!!!!!!!!!!!!
20241009 084903.615 INFO             PET3 !!! THE ESMF_LOG IS SET TO OUTPUT ALL LOG MESSAGES !!!
20241009 084903.615 INFO             PET3 !!!     THIS MAY CAUSE SLOWDOWN IN PERFORMANCE     !!!
20241009 084903.615 INFO             PET3 !!! FOR PRODUCTION RUNS, USE:                      !!!
20241009 084903.615 INFO             PET3 !!!                   ESMF_LOGKIND_Multi_On_Error  !!!
20241009 084903.615 INFO             PET3 !!!!!!!!!!!!!!!!!!!!!!!!!!!!!!!!!!!!!!!!!!!!!!!!!!!!!!
20241009 084903.615 INFO             PET3 Running with ESMF Version   : v8.8.0b00-12-g0d4b825343
20241009 084903.615 INFO             PET3 ESMF library build date/time: "Oct  9 2024" "07:40:14"
20241009 084903.615 INFO             PET3 ESMF library build location : /scratch2/NCEPDEV/stmp1/Gerhard.Theurich/ESMF-Nightly-Testing/nvhpc_24.1_openmpi_O_develop/esmf
20241009 084903.615 INFO             PET3 ESMF_COMM                   : openmpi
20241009 084903.615 INFO             PET3 ESMF_MOAB                   : enabled
20241009 084903.615 INFO             PET3 ESMF_LAPACK                 : enabled
20241009 084903.615 INFO             PET3 ESMF_NETCDF                 : disabled
20241009 084903.615 INFO             PET3 ESMF_PNETCDF                : disabled
20241009 084903.615 INFO             PET3 ESMF_PIO                    : disabled
20241009 084903.615 INFO             PET3 ESMF_YAMLCPP                : enabled
20241009 084903.642 DEBUG            PET3 about to destroy Grid: 0x1b7f1a0
20241009 084903.645 DEBUG            PET3 about to destroy Grid: 0x1b80dd0
20241009 084903.652 INFO             PET3  NUMBER_OF_PROCESSORS            4
20241009 084903.652 INFO             PET3  PASS  Example ESMF_NUOPCAtmModelEx, ESMF_NUOPCAtmModelEx.F90, line 806
20241009 084903.652 INFO             PET3  Finalizing ESMF
