2024-10-13 07:41:31
20241013 084432.447 INFO             PET0 !!!!!!!!!!!!!!!!!!!!!!!!!!!!!!!!!!!!!!!!!!!!!!!!!!!!!!
20241013 084432.447 INFO             PET0 !!! THE ESMF_LOG IS SET TO OUTPUT ALL LOG MESSAGES !!!
20241013 084432.447 INFO             PET0 !!!     THIS MAY CAUSE SLOWDOWN IN PERFORMANCE     !!!
20241013 084432.447 INFO             PET0 !!! FOR PRODUCTION RUNS, USE:                      !!!
20241013 084432.447 INFO             PET0 !!!                   ESMF_LOGKIND_Multi_On_Error  !!!
20241013 084432.447 INFO             PET0 !!!!!!!!!!!!!!!!!!!!!!!!!!!!!!!!!!!!!!!!!!!!!!!!!!!!!!
20241013 084432.447 INFO             PET0 Running with ESMF Version   : v8.8.0b01
20241013 084432.447 INFO             PET0 ESMF library build date/time: "Oct 13 2024" "07:37:35"
20241013 084432.447 INFO             PET0 ESMF library build location : /scratch2/NCEPDEV/stmp1/Gerhard.Theurich/ESMF-Nightly-Testing/nvhpc_24.1_openmpi_O_develop/esmf
20241013 084432.447 INFO             PET0 ESMF_COMM                   : openmpi
20241013 084432.448 INFO             PET0 ESMF_MOAB                   : enabled
20241013 084432.448 INFO             PET0 ESMF_LAPACK                 : enabled
20241013 084432.448 INFO             PET0 ESMF_NETCDF                 : disabled
20241013 084432.448 INFO             PET0 ESMF_PNETCDF                : disabled
20241013 084432.448 INFO             PET0 ESMF_PIO                    : disabled
20241013 084432.448 INFO             PET0 ESMF_YAMLCPP                : enabled
20241013 084432.448 INFO             PET0  NUMBER_OF_PROCESSORS            2
20241013 084432.448 INFO             PET0  PASS  Example ESMF_VMUserMpiCommEx, ESMF_VMUserMpiCommEx.F90, line 113
20241013 084432.448 INFO             PET0  Finalizing ESMF with endflag==ESMF_END_KEEPMPI
20241013 084432.447 INFO             PET1 !!!!!!!!!!!!!!!!!!!!!!!!!!!!!!!!!!!!!!!!!!!!!!!!!!!!!!
20241013 084432.447 INFO             PET1 !!! THE ESMF_LOG IS SET TO OUTPUT ALL LOG MESSAGES !!!
20241013 084432.447 INFO             PET1 !!!     THIS MAY CAUSE SLOWDOWN IN PERFORMANCE     !!!
20241013 084432.447 INFO             PET1 !!! FOR PRODUCTION RUNS, USE:                      !!!
20241013 084432.447 INFO             PET1 !!!                   ESMF_LOGKIND_Multi_On_Error  !!!
20241013 084432.447 INFO             PET1 !!!!!!!!!!!!!!!!!!!!!!!!!!!!!!!!!!!!!!!!!!!!!!!!!!!!!!
20241013 084432.447 INFO             PET1 Running with ESMF Version   : v8.8.0b01
20241013 084432.448 INFO             PET1 ESMF library build date/time: "Oct 13 2024" "07:37:35"
20241013 084432.448 INFO             PET1 ESMF library build location : /scratch2/NCEPDEV/stmp1/Gerhard.Theurich/ESMF-Nightly-Testing/nvhpc_24.1_openmpi_O_develop/esmf
20241013 084432.448 INFO             PET1 ESMF_COMM                   : openmpi
20241013 084432.448 INFO             PET1 ESMF_MOAB                   : enabled
20241013 084432.448 INFO             PET1 ESMF_LAPACK                 : enabled
20241013 084432.448 INFO             PET1 ESMF_NETCDF                 : disabled
20241013 084432.448 INFO             PET1 ESMF_PNETCDF                : disabled
20241013 084432.448 INFO             PET1 ESMF_PIO                    : disabled
20241013 084432.448 INFO             PET1 ESMF_YAMLCPP                : enabled
20241013 084432.448 INFO             PET1  NUMBER_OF_PROCESSORS            2
20241013 084432.448 INFO             PET1  PASS  Example ESMF_VMUserMpiCommEx, ESMF_VMUserMpiCommEx.F90, line 113
20241013 084432.448 INFO             PET1  Finalizing ESMF with endflag==ESMF_END_KEEPMPI
