2024-10-15 07:33:22
20241015 081526.358 INFO             PET0 !!!!!!!!!!!!!!!!!!!!!!!!!!!!!!!!!!!!!!!!!!!!!!!!!!!!!!
20241015 081526.358 INFO             PET0 !!! THE ESMF_LOG IS SET TO OUTPUT ALL LOG MESSAGES !!!
20241015 081526.358 INFO             PET0 !!!     THIS MAY CAUSE SLOWDOWN IN PERFORMANCE     !!!
20241015 081526.358 INFO             PET0 !!! FOR PRODUCTION RUNS, USE:                      !!!
20241015 081526.358 INFO             PET0 !!!                   ESMF_LOGKIND_Multi_On_Error  !!!
20241015 081526.358 INFO             PET0 !!!!!!!!!!!!!!!!!!!!!!!!!!!!!!!!!!!!!!!!!!!!!!!!!!!!!!
20241015 081526.358 INFO             PET0 Running with ESMF Version   : v8.8.0b01
20241015 081526.358 INFO             PET0 ESMF library build date/time: "Oct 15 2024" "07:29:55"
20241015 081526.358 INFO             PET0 ESMF library build location : /scratch2/NCEPDEV/stmp1/Gerhard.Theurich/ESMF-Nightly-Testing/gfortran_13.2.0_openmpi_g_develop/esmf
20241015 081526.358 INFO             PET0 ESMF_COMM                   : openmpi
20241015 081526.359 INFO             PET0 ESMF_MOAB                   : enabled
20241015 081526.359 INFO             PET0 ESMF_LAPACK                 : enabled
20241015 081526.359 INFO             PET0 ESMF_NETCDF                 : disabled
20241015 081526.359 INFO             PET0 ESMF_PNETCDF                : disabled
20241015 081526.359 INFO             PET0 ESMF_PIO                    : disabled
20241015 081526.359 INFO             PET0 ESMF_YAMLCPP                : enabled
20241015 081526.535 DEBUG            PET0 about to destroy Grid: 0x1c7b110
20241015 081526.544 DEBUG            PET0 about to destroy Grid: 0x1c7f4a0
20241015 081526.569 INFO             PET0  NUMBER_OF_PROCESSORS           4
20241015 081526.569 INFO             PET0  PASS  Example ESMF_NUOPCAtmModelEx, ESMF_NUOPCAtmModelEx.F90, line 806
20241015 081526.569 INFO             PET0  Finalizing ESMF
20241015 081526.358 INFO             PET1 !!!!!!!!!!!!!!!!!!!!!!!!!!!!!!!!!!!!!!!!!!!!!!!!!!!!!!
20241015 081526.358 INFO             PET1 !!! THE ESMF_LOG IS SET TO OUTPUT ALL LOG MESSAGES !!!
20241015 081526.358 INFO             PET1 !!!     THIS MAY CAUSE SLOWDOWN IN PERFORMANCE     !!!
20241015 081526.358 INFO             PET1 !!! FOR PRODUCTION RUNS, USE:                      !!!
20241015 081526.358 INFO             PET1 !!!                   ESMF_LOGKIND_Multi_On_Error  !!!
20241015 081526.358 INFO             PET1 !!!!!!!!!!!!!!!!!!!!!!!!!!!!!!!!!!!!!!!!!!!!!!!!!!!!!!
20241015 081526.358 INFO             PET1 Running with ESMF Version   : v8.8.0b01
20241015 081526.358 INFO             PET1 ESMF library build date/time: "Oct 15 2024" "07:29:55"
20241015 081526.358 INFO             PET1 ESMF library build location : /scratch2/NCEPDEV/stmp1/Gerhard.Theurich/ESMF-Nightly-Testing/gfortran_13.2.0_openmpi_g_develop/esmf
20241015 081526.358 INFO             PET1 ESMF_COMM                   : openmpi
20241015 081526.359 INFO             PET1 ESMF_MOAB                   : enabled
20241015 081526.359 INFO             PET1 ESMF_LAPACK                 : enabled
20241015 081526.359 INFO             PET1 ESMF_NETCDF                 : disabled
20241015 081526.359 INFO             PET1 ESMF_PNETCDF                : disabled
20241015 081526.359 INFO             PET1 ESMF_PIO                    : disabled
20241015 081526.359 INFO             PET1 ESMF_YAMLCPP                : enabled
20241015 081526.535 DEBUG            PET1 about to destroy Grid: 0x1a420d0
20241015 081526.544 DEBUG            PET1 about to destroy Grid: 0x1a43c80
20241015 081526.570 INFO             PET1  NUMBER_OF_PROCESSORS           4
20241015 081526.570 INFO             PET1  PASS  Example ESMF_NUOPCAtmModelEx, ESMF_NUOPCAtmModelEx.F90, line 806
20241015 081526.570 INFO             PET1  Finalizing ESMF
20241015 081526.358 INFO             PET2 !!!!!!!!!!!!!!!!!!!!!!!!!!!!!!!!!!!!!!!!!!!!!!!!!!!!!!
20241015 081526.358 INFO             PET2 !!! THE ESMF_LOG IS SET TO OUTPUT ALL LOG MESSAGES !!!
20241015 081526.358 INFO             PET2 !!!     THIS MAY CAUSE SLOWDOWN IN PERFORMANCE     !!!
20241015 081526.358 INFO             PET2 !!! FOR PRODUCTION RUNS, USE:                      !!!
20241015 081526.358 INFO             PET2 !!!                   ESMF_LOGKIND_Multi_On_Error  !!!
20241015 081526.358 INFO             PET2 !!!!!!!!!!!!!!!!!!!!!!!!!!!!!!!!!!!!!!!!!!!!!!!!!!!!!!
20241015 081526.358 INFO             PET2 Running with ESMF Version   : v8.8.0b01
20241015 081526.358 INFO             PET2 ESMF library build date/time: "Oct 15 2024" "07:29:55"
20241015 081526.358 INFO             PET2 ESMF library build location : /scratch2/NCEPDEV/stmp1/Gerhard.Theurich/ESMF-Nightly-Testing/gfortran_13.2.0_openmpi_g_develop/esmf
20241015 081526.358 INFO             PET2 ESMF_COMM                   : openmpi
20241015 081526.359 INFO             PET2 ESMF_MOAB                   : enabled
20241015 081526.359 INFO             PET2 ESMF_LAPACK                 : enabled
20241015 081526.359 INFO             PET2 ESMF_NETCDF                 : disabled
20241015 081526.359 INFO             PET2 ESMF_PNETCDF                : disabled
20241015 081526.359 INFO             PET2 ESMF_PIO                    : disabled
20241015 081526.359 INFO             PET2 ESMF_YAMLCPP                : enabled
20241015 081526.535 DEBUG            PET2 about to destroy Grid: 0xc3e9e0
20241015 081526.544 DEBUG            PET2 about to destroy Grid: 0xc40590
20241015 081526.569 INFO             PET2  NUMBER_OF_PROCESSORS           4
20241015 081526.569 INFO             PET2  PASS  Example ESMF_NUOPCAtmModelEx, ESMF_NUOPCAtmModelEx.F90, line 806
20241015 081526.569 INFO             PET2  Finalizing ESMF
20241015 081526.358 INFO             PET3 !!!!!!!!!!!!!!!!!!!!!!!!!!!!!!!!!!!!!!!!!!!!!!!!!!!!!!
20241015 081526.358 INFO             PET3 !!! THE ESMF_LOG IS SET TO OUTPUT ALL LOG MESSAGES !!!
20241015 081526.358 INFO             PET3 !!!     THIS MAY CAUSE SLOWDOWN IN PERFORMANCE     !!!
20241015 081526.358 INFO             PET3 !!! FOR PRODUCTION RUNS, USE:                      !!!
20241015 081526.358 INFO             PET3 !!!                   ESMF_LOGKIND_Multi_On_Error  !!!
20241015 081526.358 INFO             PET3 !!!!!!!!!!!!!!!!!!!!!!!!!!!!!!!!!!!!!!!!!!!!!!!!!!!!!!
20241015 081526.358 INFO             PET3 Running with ESMF Version   : v8.8.0b01
20241015 081526.358 INFO             PET3 ESMF library build date/time: "Oct 15 2024" "07:29:55"
20241015 081526.358 INFO             PET3 ESMF library build location : /scratch2/NCEPDEV/stmp1/Gerhard.Theurich/ESMF-Nightly-Testing/gfortran_13.2.0_openmpi_g_develop/esmf
20241015 081526.358 INFO             PET3 ESMF_COMM                   : openmpi
20241015 081526.359 INFO             PET3 ESMF_MOAB                   : enabled
20241015 081526.359 INFO             PET3 ESMF_LAPACK                 : enabled
20241015 081526.359 INFO             PET3 ESMF_NETCDF                 : disabled
20241015 081526.359 INFO             PET3 ESMF_PNETCDF                : disabled
20241015 081526.359 INFO             PET3 ESMF_PIO                    : disabled
20241015 081526.359 INFO             PET3 ESMF_YAMLCPP                : enabled
20241015 081526.535 DEBUG            PET3 about to destroy Grid: 0x906350
20241015 081526.544 DEBUG            PET3 about to destroy Grid: 0x907e20
20241015 081526.570 INFO             PET3  NUMBER_OF_PROCESSORS           4
20241015 081526.570 INFO             PET3  PASS  Example ESMF_NUOPCAtmModelEx, ESMF_NUOPCAtmModelEx.F90, line 806
20241015 081526.570 INFO             PET3  Finalizing ESMF
