2024-10-14 07:29:51
20241014 080633.959 INFO             PET0 !!!!!!!!!!!!!!!!!!!!!!!!!!!!!!!!!!!!!!!!!!!!!!!!!!!!!!
20241014 080633.959 INFO             PET0 !!! THE ESMF_LOG IS SET TO OUTPUT ALL LOG MESSAGES !!!
20241014 080633.959 INFO             PET0 !!!     THIS MAY CAUSE SLOWDOWN IN PERFORMANCE     !!!
20241014 080633.959 INFO             PET0 !!! FOR PRODUCTION RUNS, USE:                      !!!
20241014 080633.959 INFO             PET0 !!!                   ESMF_LOGKIND_Multi_On_Error  !!!
20241014 080633.959 INFO             PET0 !!!!!!!!!!!!!!!!!!!!!!!!!!!!!!!!!!!!!!!!!!!!!!!!!!!!!!
20241014 080633.959 INFO             PET0 Running with ESMF Version   : v8.8.0b01
20241014 080633.959 INFO             PET0 ESMF library build date/time: "Oct 14 2024" "07:26:41"
20241014 080633.959 INFO             PET0 ESMF library build location : /scratch2/NCEPDEV/stmp1/Gerhard.Theurich/ESMF-Nightly-Testing/gfortran_13.2.0_openmpi_g_develop/esmf
20241014 080633.959 INFO             PET0 ESMF_COMM                   : openmpi
20241014 080633.960 INFO             PET0 ESMF_MOAB                   : enabled
20241014 080633.960 INFO             PET0 ESMF_LAPACK                 : enabled
20241014 080633.960 INFO             PET0 ESMF_NETCDF                 : disabled
20241014 080633.960 INFO             PET0 ESMF_PNETCDF                : disabled
20241014 080633.960 INFO             PET0 ESMF_PIO                    : disabled
20241014 080633.960 INFO             PET0 ESMF_YAMLCPP                : enabled
20241014 080633.960 INFO             PET0  NUMBER_OF_PROCESSORS           1
20241014 080633.960 INFO             PET0  PASS  Example ESMF_TimeIntervalEx, ESMF_TimeIntervalEx.F90, line 176
20241014 080633.960 INFO             PET0  Finalizing ESMF
