2024-10-13 03:53:45
20241013 042531.898 INFO             PET0 !!!!!!!!!!!!!!!!!!!!!!!!!!!!!!!!!!!!!!!!!!!!!!!!!!!!!!
20241013 042531.899 INFO             PET0 !!! THE ESMF_LOG IS SET TO OUTPUT ALL LOG MESSAGES !!!
20241013 042531.899 INFO             PET0 !!!     THIS MAY CAUSE SLOWDOWN IN PERFORMANCE     !!!
20241013 042531.899 INFO             PET0 !!! FOR PRODUCTION RUNS, USE:                      !!!
20241013 042531.899 INFO             PET0 !!!                   ESMF_LOGKIND_Multi_On_Error  !!!
20241013 042531.899 INFO             PET0 !!!!!!!!!!!!!!!!!!!!!!!!!!!!!!!!!!!!!!!!!!!!!!!!!!!!!!
20241013 042531.899 INFO             PET0 Running with ESMF Version   : v8.8.0b01
20241013 042531.899 INFO             PET0 ESMF library build date/time: "Oct 13 2024" "03:52:54"
20241013 042531.899 INFO             PET0 ESMF library build location : /tmp/intel_2023.1.0_mpi_g_develop/esmf
20241013 042531.899 INFO             PET0 ESMF_COMM                   : mpi
20241013 042531.899 INFO             PET0 ESMF_MOAB                   : enabled
20241013 042531.899 INFO             PET0 ESMF_LAPACK                 : enabled
20241013 042531.899 INFO             PET0 ESMF_NETCDF                 : enabled
20241013 042531.899 INFO             PET0 ESMF_PNETCDF                : disabled
20241013 042531.899 INFO             PET0 ESMF_PIO                    : enabled
20241013 042531.899 INFO             PET0 ESMF_YAMLCPP                : enabled
20241013 042531.902 INFO             PET0 =============================================
20241013 042531.902 INFO             PET0 ESMX (Earth System Model eXecutable) STARTING
20241013 042531.902 INFO             PET0 =============================================
20241013 042531.910 INFO             PET0 ESMX_Driver: InitializeGeneric intro.
20241013 042531.910 INFO             PET0   ESMX_Driver: InitializeP0 intro.
20241013 042531.910 INFO             PET0   ESMX_Driver: InitializeP0 extro.
20241013 042531.910 INFO             PET0   ESMX_Driver: InitializeIPDv02p1 intro.
20241013 042531.910 INFO             PET0     >>>ESMX_Driver: entered Initialize (phase=<none>) without valid internal Clock.
20241013 042531.914 INFO             PET0     ESMX_Driver: IInitAdvertise intro.
20241013 042531.914 INFO             PET0     ESMX_Driver: IInitAdvertise extro.
20241013 042531.914 INFO             PET0     ESMX_Driver: IInitAdvertiseFinish intro.
20241013 042531.914 INFO             PET0     ESMX_Driver: IInitAdvertiseFinish extro.
20241013 042531.914 INFO             PET0     ESMX_Driver: IInitModifyCplLists intro.
20241013 042531.915 INFO             PET0     ESMX_Driver: IInitModifyCplLists extro.
20241013 042531.915 INFO             PET0     <<<ESMX_Driver: leaving Initialize (phase=<none>) with current time: 2012 10 24  8  0  0   0
20241013 042531.915 INFO             PET0   ESMX_Driver: InitializeIPDv02p1 extro.
20241013 042531.915 INFO             PET0   ESMX_Driver: InitializeIPDv02p3 intro.
20241013 042531.915 INFO             PET0     >>>ESMX_Driver: entered Initialize (phase=<none>) with current time: 2012 10 24  8  0  0   0
20241013 042531.915 INFO             PET0     ESMX_Driver: IInitCheck intro.
20241013 042531.915 INFO             PET0     ESMX_Driver: IInitCheck extro.
20241013 042531.916 INFO             PET0     ESMX_Driver: IInitRealize intro.
20241013 042531.916 INFO             PET0     ESMX_Driver: IInitRealize extro.
20241013 042531.916 INFO             PET0     <<<ESMX_Driver: leaving Initialize (phase=<none>) with current time: 2012 10 24  8  0  0   0
20241013 042531.916 INFO             PET0   ESMX_Driver: InitializeIPDv02p3 extro.
20241013 042531.916 INFO             PET0   ESMX_Driver: InitializeIPDv02p5 intro.
20241013 042531.916 INFO             PET0     >>>ESMX_Driver: entered Initialize (phase=<none>) with current time: 2012 10 24  8  0  0   0
20241013 042531.916 INFO             PET0     ESMX_Driver: InitializeIPDv02p5Data intro.
20241013 042531.916 INFO             PET0       ESMX_Driver: InternalInitializeComplete intro.
20241013 042531.916 INFO             PET0       ESMX_Driver: InternalInitializeComplete extro.
20241013 042531.924 INFO             PET0       ESMX_Driver: loopDataDependentInitialize intro.
20241013 042531.924 INFO             PET0       ESMX_Driver: loopDataDependentInitialize extro.
20241013 042531.924 INFO             PET0     ESMX_Driver: InitializeIPDv02p5Data extro.
20241013 042531.924 INFO             PET0     <<<ESMX_Driver: leaving Initialize (phase=<none>) with current time: 2012 10 24  8  0  0   0
20241013 042531.924 INFO             PET0   ESMX_Driver: InitializeIPDv02p5 extro.
20241013 042531.924 INFO             PET0 ESMX_Driver: InitializeGeneric extro.
20241013 042531.924 INFO             PET0 ESMX_Driver: Run intro.
20241013 042531.924 INFO             PET0   >>>ESMX_Driver: entered Run (phase=RunPhase1) with current time: 2012 10 24  8  0  0   0
20241013 042531.924 INFO             PET0   <<<ESMX_Driver: leaving Run (phase=RunPhase1) with current time: 2012 10 24  8  0  0   0
20241013 042531.924 INFO             PET0 ESMX_Driver: Run extro.
20241013 042531.924 INFO             PET0 ESMX_Driver: Finalize intro.
20241013 042531.924 INFO             PET0 ESMX_Driver: Finalize extro.
20241013 042531.925 INFO             PET0 =============================================
20241013 042531.925 INFO             PET0 ESMX (Earth System Model eXecutable) FINISHED
20241013 042531.925 INFO             PET0 =============================================
20241013 042531.925 INFO             PET0  Finalizing ESMF
20241013 042531.899 INFO             PET1 !!!!!!!!!!!!!!!!!!!!!!!!!!!!!!!!!!!!!!!!!!!!!!!!!!!!!!
20241013 042531.899 INFO             PET1 !!! THE ESMF_LOG IS SET TO OUTPUT ALL LOG MESSAGES !!!
20241013 042531.899 INFO             PET1 !!!     THIS MAY CAUSE SLOWDOWN IN PERFORMANCE     !!!
20241013 042531.899 INFO             PET1 !!! FOR PRODUCTION RUNS, USE:                      !!!
20241013 042531.899 INFO             PET1 !!!                   ESMF_LOGKIND_Multi_On_Error  !!!
20241013 042531.899 INFO             PET1 !!!!!!!!!!!!!!!!!!!!!!!!!!!!!!!!!!!!!!!!!!!!!!!!!!!!!!
20241013 042531.899 INFO             PET1 Running with ESMF Version   : v8.8.0b01
20241013 042531.899 INFO             PET1 ESMF library build date/time: "Oct 13 2024" "03:52:54"
20241013 042531.899 INFO             PET1 ESMF library build location : /tmp/intel_2023.1.0_mpi_g_develop/esmf
20241013 042531.899 INFO             PET1 ESMF_COMM                   : mpi
20241013 042531.899 INFO             PET1 ESMF_MOAB                   : enabled
20241013 042531.899 INFO             PET1 ESMF_LAPACK                 : enabled
20241013 042531.899 INFO             PET1 ESMF_NETCDF                 : enabled
20241013 042531.899 INFO             PET1 ESMF_PNETCDF                : disabled
20241013 042531.899 INFO             PET1 ESMF_PIO                    : enabled
20241013 042531.899 INFO             PET1 ESMF_YAMLCPP                : enabled
20241013 042531.903 INFO             PET1 =============================================
20241013 042531.903 INFO             PET1 ESMX (Earth System Model eXecutable) STARTING
20241013 042531.903 INFO             PET1 =============================================
20241013 042531.913 INFO             PET1 ESMX_Driver: InitializeGeneric intro.
20241013 042531.913 INFO             PET1   ESMX_Driver: InitializeP0 intro.
20241013 042531.913 INFO             PET1   ESMX_Driver: InitializeP0 extro.
20241013 042531.913 INFO             PET1   ESMX_Driver: InitializeIPDv02p1 intro.
20241013 042531.913 INFO             PET1     >>>ESMX_Driver: entered Initialize (phase=<none>) without valid internal Clock.
20241013 042531.919 INFO             PET1     ESMX_Driver: IInitAdvertise intro.
20241013 042531.919 INFO             PET1     ESMX_Driver: IInitAdvertise extro.
20241013 042531.920 INFO             PET1     ESMX_Driver: IInitAdvertiseFinish intro.
20241013 042531.920 INFO             PET1     ESMX_Driver: IInitAdvertiseFinish extro.
20241013 042531.920 INFO             PET1     ESMX_Driver: IInitModifyCplLists intro.
20241013 042531.920 INFO             PET1     ESMX_Driver: IInitModifyCplLists extro.
20241013 042531.921 INFO             PET1     <<<ESMX_Driver: leaving Initialize (phase=<none>) with current time: 2012 10 24  8  0  0   0
20241013 042531.921 INFO             PET1   ESMX_Driver: InitializeIPDv02p1 extro.
20241013 042531.921 INFO             PET1   ESMX_Driver: InitializeIPDv02p3 intro.
20241013 042531.921 INFO             PET1     >>>ESMX_Driver: entered Initialize (phase=<none>) with current time: 2012 10 24  8  0  0   0
20241013 042531.921 INFO             PET1     ESMX_Driver: IInitCheck intro.
20241013 042531.921 INFO             PET1     ESMX_Driver: IInitCheck extro.
20241013 042531.922 INFO             PET1     ESMX_Driver: IInitRealize intro.
20241013 042531.922 INFO             PET1     ESMX_Driver: IInitRealize extro.
20241013 042531.922 INFO             PET1     <<<ESMX_Driver: leaving Initialize (phase=<none>) with current time: 2012 10 24  8  0  0   0
20241013 042531.922 INFO             PET1   ESMX_Driver: InitializeIPDv02p3 extro.
20241013 042531.922 INFO             PET1   ESMX_Driver: InitializeIPDv02p5 intro.
20241013 042531.923 INFO             PET1     >>>ESMX_Driver: entered Initialize (phase=<none>) with current time: 2012 10 24  8  0  0   0
20241013 042531.923 INFO             PET1     ESMX_Driver: InitializeIPDv02p5Data intro.
20241013 042531.923 INFO             PET1       ESMX_Driver: InternalInitializeComplete intro.
20241013 042531.923 INFO             PET1       ESMX_Driver: InternalInitializeComplete extro.
20241013 042531.924 INFO             PET1       ESMX_Driver: loopDataDependentInitialize intro.
20241013 042531.924 INFO             PET1       ESMX_Driver: loopDataDependentInitialize extro.
20241013 042531.924 INFO             PET1     ESMX_Driver: InitializeIPDv02p5Data extro.
20241013 042531.924 INFO             PET1     <<<ESMX_Driver: leaving Initialize (phase=<none>) with current time: 2012 10 24  8  0  0   0
20241013 042531.924 INFO             PET1   ESMX_Driver: InitializeIPDv02p5 extro.
20241013 042531.924 INFO             PET1 ESMX_Driver: InitializeGeneric extro.
20241013 042531.924 INFO             PET1 ESMX_Driver: Run intro.
20241013 042531.924 INFO             PET1   >>>ESMX_Driver: entered Run (phase=RunPhase1) with current time: 2012 10 24  8  0  0   0
20241013 042531.924 INFO             PET1   <<<ESMX_Driver: leaving Run (phase=RunPhase1) with current time: 2012 10 24  8  0  0   0
20241013 042531.924 INFO             PET1 ESMX_Driver: Run extro.
20241013 042531.925 INFO             PET1 ESMX_Driver: Finalize intro.
20241013 042531.925 INFO             PET1 ESMX_Driver: Finalize extro.
20241013 042531.925 INFO             PET1 =============================================
20241013 042531.925 INFO             PET1 ESMX (Earth System Model eXecutable) FINISHED
20241013 042531.925 INFO             PET1 =============================================
20241013 042531.925 INFO             PET1  Finalizing ESMF
20241013 042531.898 INFO             PET2 !!!!!!!!!!!!!!!!!!!!!!!!!!!!!!!!!!!!!!!!!!!!!!!!!!!!!!
20241013 042531.899 INFO             PET2 !!! THE ESMF_LOG IS SET TO OUTPUT ALL LOG MESSAGES !!!
20241013 042531.899 INFO             PET2 !!!     THIS MAY CAUSE SLOWDOWN IN PERFORMANCE     !!!
20241013 042531.899 INFO             PET2 !!! FOR PRODUCTION RUNS, USE:                      !!!
20241013 042531.899 INFO             PET2 !!!                   ESMF_LOGKIND_Multi_On_Error  !!!
20241013 042531.899 INFO             PET2 !!!!!!!!!!!!!!!!!!!!!!!!!!!!!!!!!!!!!!!!!!!!!!!!!!!!!!
20241013 042531.899 INFO             PET2 Running with ESMF Version   : v8.8.0b01
20241013 042531.899 INFO             PET2 ESMF library build date/time: "Oct 13 2024" "03:52:54"
20241013 042531.899 INFO             PET2 ESMF library build location : /tmp/intel_2023.1.0_mpi_g_develop/esmf
20241013 042531.899 INFO             PET2 ESMF_COMM                   : mpi
20241013 042531.899 INFO             PET2 ESMF_MOAB                   : enabled
20241013 042531.899 INFO             PET2 ESMF_LAPACK                 : enabled
20241013 042531.899 INFO             PET2 ESMF_NETCDF                 : enabled
20241013 042531.899 INFO             PET2 ESMF_PNETCDF                : disabled
20241013 042531.899 INFO             PET2 ESMF_PIO                    : enabled
20241013 042531.899 INFO             PET2 ESMF_YAMLCPP                : enabled
20241013 042531.903 INFO             PET2 =============================================
20241013 042531.903 INFO             PET2 ESMX (Earth System Model eXecutable) STARTING
20241013 042531.903 INFO             PET2 =============================================
20241013 042531.913 INFO             PET2 ESMX_Driver: InitializeGeneric intro.
20241013 042531.913 INFO             PET2   ESMX_Driver: InitializeP0 intro.
20241013 042531.913 INFO             PET2   ESMX_Driver: InitializeP0 extro.
20241013 042531.913 INFO             PET2   ESMX_Driver: InitializeIPDv02p1 intro.
20241013 042531.913 INFO             PET2     >>>ESMX_Driver: entered Initialize (phase=<none>) without valid internal Clock.
20241013 042531.919 INFO             PET2     ESMX_Driver: IInitAdvertise intro.
20241013 042531.919 INFO             PET2     ESMX_Driver: IInitAdvertise extro.
20241013 042531.920 INFO             PET2     ESMX_Driver: IInitAdvertiseFinish intro.
20241013 042531.920 INFO             PET2     ESMX_Driver: IInitAdvertiseFinish extro.
20241013 042531.920 INFO             PET2     ESMX_Driver: IInitModifyCplLists intro.
20241013 042531.920 INFO             PET2     ESMX_Driver: IInitModifyCplLists extro.
20241013 042531.921 INFO             PET2     <<<ESMX_Driver: leaving Initialize (phase=<none>) with current time: 2012 10 24  8  0  0   0
20241013 042531.921 INFO             PET2   ESMX_Driver: InitializeIPDv02p1 extro.
20241013 042531.921 INFO             PET2   ESMX_Driver: InitializeIPDv02p3 intro.
20241013 042531.921 INFO             PET2     >>>ESMX_Driver: entered Initialize (phase=<none>) with current time: 2012 10 24  8  0  0   0
20241013 042531.921 INFO             PET2     ESMX_Driver: IInitCheck intro.
20241013 042531.921 INFO             PET2     ESMX_Driver: IInitCheck extro.
20241013 042531.922 INFO             PET2     ESMX_Driver: IInitRealize intro.
20241013 042531.922 INFO             PET2     ESMX_Driver: IInitRealize extro.
20241013 042531.922 INFO             PET2     <<<ESMX_Driver: leaving Initialize (phase=<none>) with current time: 2012 10 24  8  0  0   0
20241013 042531.922 INFO             PET2   ESMX_Driver: InitializeIPDv02p3 extro.
20241013 042531.922 INFO             PET2   ESMX_Driver: InitializeIPDv02p5 intro.
20241013 042531.923 INFO             PET2     >>>ESMX_Driver: entered Initialize (phase=<none>) with current time: 2012 10 24  8  0  0   0
20241013 042531.923 INFO             PET2     ESMX_Driver: InitializeIPDv02p5Data intro.
20241013 042531.923 INFO             PET2       ESMX_Driver: InternalInitializeComplete intro.
20241013 042531.923 INFO             PET2       ESMX_Driver: InternalInitializeComplete extro.
20241013 042531.924 INFO             PET2       ESMX_Driver: loopDataDependentInitialize intro.
20241013 042531.924 INFO             PET2       ESMX_Driver: loopDataDependentInitialize extro.
20241013 042531.924 INFO             PET2     ESMX_Driver: InitializeIPDv02p5Data extro.
20241013 042531.924 INFO             PET2     <<<ESMX_Driver: leaving Initialize (phase=<none>) with current time: 2012 10 24  8  0  0   0
20241013 042531.924 INFO             PET2   ESMX_Driver: InitializeIPDv02p5 extro.
20241013 042531.924 INFO             PET2 ESMX_Driver: InitializeGeneric extro.
20241013 042531.924 INFO             PET2 ESMX_Driver: Run intro.
20241013 042531.924 INFO             PET2   >>>ESMX_Driver: entered Run (phase=RunPhase1) with current time: 2012 10 24  8  0  0   0
20241013 042531.924 INFO             PET2   <<<ESMX_Driver: leaving Run (phase=RunPhase1) with current time: 2012 10 24  8  0  0   0
20241013 042531.924 INFO             PET2 ESMX_Driver: Run extro.
20241013 042531.925 INFO             PET2 ESMX_Driver: Finalize intro.
20241013 042531.925 INFO             PET2 ESMX_Driver: Finalize extro.
20241013 042531.925 INFO             PET2 =============================================
20241013 042531.925 INFO             PET2 ESMX (Earth System Model eXecutable) FINISHED
20241013 042531.925 INFO             PET2 =============================================
20241013 042531.925 INFO             PET2  Finalizing ESMF
20241013 042531.899 INFO             PET3 !!!!!!!!!!!!!!!!!!!!!!!!!!!!!!!!!!!!!!!!!!!!!!!!!!!!!!
20241013 042531.899 INFO             PET3 !!! THE ESMF_LOG IS SET TO OUTPUT ALL LOG MESSAGES !!!
20241013 042531.899 INFO             PET3 !!!     THIS MAY CAUSE SLOWDOWN IN PERFORMANCE     !!!
20241013 042531.899 INFO             PET3 !!! FOR PRODUCTION RUNS, USE:                      !!!
20241013 042531.899 INFO             PET3 !!!                   ESMF_LOGKIND_Multi_On_Error  !!!
20241013 042531.899 INFO             PET3 !!!!!!!!!!!!!!!!!!!!!!!!!!!!!!!!!!!!!!!!!!!!!!!!!!!!!!
20241013 042531.899 INFO             PET3 Running with ESMF Version   : v8.8.0b01
20241013 042531.899 INFO             PET3 ESMF library build date/time: "Oct 13 2024" "03:52:54"
20241013 042531.899 INFO             PET3 ESMF library build location : /tmp/intel_2023.1.0_mpi_g_develop/esmf
20241013 042531.899 INFO             PET3 ESMF_COMM                   : mpi
20241013 042531.899 INFO             PET3 ESMF_MOAB                   : enabled
20241013 042531.899 INFO             PET3 ESMF_LAPACK                 : enabled
20241013 042531.899 INFO             PET3 ESMF_NETCDF                 : enabled
20241013 042531.899 INFO             PET3 ESMF_PNETCDF                : disabled
20241013 042531.899 INFO             PET3 ESMF_PIO                    : enabled
20241013 042531.899 INFO             PET3 ESMF_YAMLCPP                : enabled
20241013 042531.902 INFO             PET3 =============================================
20241013 042531.902 INFO             PET3 ESMX (Earth System Model eXecutable) STARTING
20241013 042531.902 INFO             PET3 =============================================
20241013 042531.910 INFO             PET3 ESMX_Driver: InitializeGeneric intro.
20241013 042531.910 INFO             PET3   ESMX_Driver: InitializeP0 intro.
20241013 042531.910 INFO             PET3   ESMX_Driver: InitializeP0 extro.
20241013 042531.910 INFO             PET3   ESMX_Driver: InitializeIPDv02p1 intro.
20241013 042531.910 INFO             PET3     >>>ESMX_Driver: entered Initialize (phase=<none>) without valid internal Clock.
20241013 042531.914 INFO             PET3     ESMX_Driver: IInitAdvertise intro.
20241013 042531.914 INFO             PET3     ESMX_Driver: IInitAdvertise extro.
20241013 042531.914 INFO             PET3     ESMX_Driver: IInitAdvertiseFinish intro.
20241013 042531.914 INFO             PET3     ESMX_Driver: IInitAdvertiseFinish extro.
20241013 042531.915 INFO             PET3     ESMX_Driver: IInitModifyCplLists intro.
20241013 042531.915 INFO             PET3     ESMX_Driver: IInitModifyCplLists extro.
20241013 042531.915 INFO             PET3     <<<ESMX_Driver: leaving Initialize (phase=<none>) with current time: 2012 10 24  8  0  0   0
20241013 042531.915 INFO             PET3   ESMX_Driver: InitializeIPDv02p1 extro.
20241013 042531.915 INFO             PET3   ESMX_Driver: InitializeIPDv02p3 intro.
20241013 042531.915 INFO             PET3     >>>ESMX_Driver: entered Initialize (phase=<none>) with current time: 2012 10 24  8  0  0   0
20241013 042531.915 INFO             PET3     ESMX_Driver: IInitCheck intro.
20241013 042531.915 INFO             PET3     ESMX_Driver: IInitCheck extro.
20241013 042531.916 INFO             PET3     ESMX_Driver: IInitRealize intro.
20241013 042531.916 INFO             PET3     ESMX_Driver: IInitRealize extro.
20241013 042531.916 INFO             PET3     <<<ESMX_Driver: leaving Initialize (phase=<none>) with current time: 2012 10 24  8  0  0   0
20241013 042531.916 INFO             PET3   ESMX_Driver: InitializeIPDv02p3 extro.
20241013 042531.916 INFO             PET3   ESMX_Driver: InitializeIPDv02p5 intro.
20241013 042531.916 INFO             PET3     >>>ESMX_Driver: entered Initialize (phase=<none>) with current time: 2012 10 24  8  0  0   0
20241013 042531.916 INFO             PET3     ESMX_Driver: InitializeIPDv02p5Data intro.
20241013 042531.916 INFO             PET3       ESMX_Driver: InternalInitializeComplete intro.
20241013 042531.916 INFO             PET3       ESMX_Driver: InternalInitializeComplete extro.
20241013 042531.924 INFO             PET3       ESMX_Driver: loopDataDependentInitialize intro.
20241013 042531.924 INFO             PET3       ESMX_Driver: loopDataDependentInitialize extro.
20241013 042531.924 INFO             PET3     ESMX_Driver: InitializeIPDv02p5Data extro.
20241013 042531.924 INFO             PET3     <<<ESMX_Driver: leaving Initialize (phase=<none>) with current time: 2012 10 24  8  0  0   0
20241013 042531.924 INFO             PET3   ESMX_Driver: InitializeIPDv02p5 extro.
20241013 042531.924 INFO             PET3 ESMX_Driver: InitializeGeneric extro.
20241013 042531.924 INFO             PET3 ESMX_Driver: Run intro.
20241013 042531.924 INFO             PET3   >>>ESMX_Driver: entered Run (phase=RunPhase1) with current time: 2012 10 24  8  0  0   0
20241013 042531.924 INFO             PET3   <<<ESMX_Driver: leaving Run (phase=RunPhase1) with current time: 2012 10 24  8  0  0   0
20241013 042531.924 INFO             PET3 ESMX_Driver: Run extro.
20241013 042531.924 INFO             PET3 ESMX_Driver: Finalize intro.
20241013 042531.924 INFO             PET3 ESMX_Driver: Finalize extro.
20241013 042531.925 INFO             PET3 =============================================
20241013 042531.925 INFO             PET3 ESMX (Earth System Model eXecutable) FINISHED
20241013 042531.925 INFO             PET3 =============================================
20241013 042531.925 INFO             PET3  Finalizing ESMF
