2024-10-12 03:42:10
20241012 041040.733 INFO             PET0 !!!!!!!!!!!!!!!!!!!!!!!!!!!!!!!!!!!!!!!!!!!!!!!!!!!!!!
20241012 041040.733 INFO             PET0 !!! THE ESMF_LOG IS SET TO OUTPUT ALL LOG MESSAGES !!!
20241012 041040.733 INFO             PET0 !!!     THIS MAY CAUSE SLOWDOWN IN PERFORMANCE     !!!
20241012 041040.733 INFO             PET0 !!! FOR PRODUCTION RUNS, USE:                      !!!
20241012 041040.733 INFO             PET0 !!!                   ESMF_LOGKIND_Multi_On_Error  !!!
20241012 041040.733 INFO             PET0 !!!!!!!!!!!!!!!!!!!!!!!!!!!!!!!!!!!!!!!!!!!!!!!!!!!!!!
20241012 041040.733 INFO             PET0 Running with ESMF Version   : v8.8.0b01
20241012 041040.733 INFO             PET0 ESMF library build date/time: "Oct 12 2024" "03:41:19"
20241012 041040.733 INFO             PET0 ESMF library build location : /tmp/intel_2023.1.0_mpiuni_g_develop/esmf
20241012 041040.733 INFO             PET0 ESMF_COMM                   : mpiuni
20241012 041040.733 INFO             PET0 ESMF_MOAB                   : enabled
20241012 041040.733 INFO             PET0 ESMF_LAPACK                 : enabled
20241012 041040.733 INFO             PET0 ESMF_NETCDF                 : enabled
20241012 041040.733 INFO             PET0 ESMF_PNETCDF                : disabled
20241012 041040.733 INFO             PET0 ESMF_PIO                    : enabled
20241012 041040.733 INFO             PET0 ESMF_YAMLCPP                : enabled
20241012 041040.734 INFO             PET0  NUMBER_OF_PROCESSORS           1
20241012 041040.734 INFO             PET0  PASS  Example ESMF_AttachMethodsEx, ESMF_AttachMethodsEx.F90, line 292
20241012 041040.734 INFO             PET0  Finalizing ESMF
