2025-05-07 23:00:48
20250508 012659.420 INFO             PET0 !!!!!!!!!!!!!!!!!!!!!!!!!!!!!!!!!!!!!!!!!!!!!!!!!!!!!!
20250508 012659.421 INFO             PET0 !!! THE ESMF_LOG IS SET TO OUTPUT ALL LOG MESSAGES !!!
20250508 012659.421 INFO             PET0 !!!     THIS MAY CAUSE SLOWDOWN IN PERFORMANCE     !!!
20250508 012659.421 INFO             PET0 !!! FOR PRODUCTION RUNS, USE:                      !!!
20250508 012659.421 INFO             PET0 !!!                   ESMF_LOGKIND_Multi_On_Error  !!!
20250508 012659.421 INFO             PET0 !!!!!!!!!!!!!!!!!!!!!!!!!!!!!!!!!!!!!!!!!!!!!!!!!!!!!!
20250508 012659.421 INFO             PET0 Running with ESMF Version   : v8.9.0b08-5-g079ca68fdc
20250508 012659.421 INFO             PET0 ESMF library build date/time: "May  7 2025" "22:54:12"
20250508 012659.421 INFO             PET0 ESMF library build location : /discover/nobackup/projects/gmao/SIteam/ESMF_Testing/intel_2021.13.0-mvapich_mvapich_g_develop/esmf
20250508 012659.421 INFO             PET0 ESMF_COMM                   : mvapich
20250508 012659.421 INFO             PET0 ESMF_MOAB                   : enabled
20250508 012659.421 INFO             PET0 ESMF_LAPACK                 : enabled
20250508 012659.421 INFO             PET0 ESMF_NETCDF                 : disabled
20250508 012659.421 INFO             PET0 ESMF_PNETCDF                : disabled
20250508 012659.421 INFO             PET0 ESMF_PIO                    : disabled
20250508 012659.421 INFO             PET0 ESMF_YAMLCPP                : enabled
20250508 012659.432 INFO             PET0 ESMF_FieldRedistStoreNF(): Just entered routine.
20250508 012659.765 INFO             PET0 ESMF_FieldRedistStoreNF(): Leaving routine.
20250508 012659.778 INFO             PET0  NUMBER_OF_PROCESSORS           4
20250508 012659.778 INFO             PET0  PASS  Example ESMF_RHandleFromFileEx, ESMF_RHandleFromFileEx.F90, line 192
20250508 012659.778 INFO             PET0  Finalizing ESMF
20250508 012659.419 INFO             PET1 !!!!!!!!!!!!!!!!!!!!!!!!!!!!!!!!!!!!!!!!!!!!!!!!!!!!!!
20250508 012659.419 INFO             PET1 !!! THE ESMF_LOG IS SET TO OUTPUT ALL LOG MESSAGES !!!
20250508 012659.419 INFO             PET1 !!!     THIS MAY CAUSE SLOWDOWN IN PERFORMANCE     !!!
20250508 012659.419 INFO             PET1 !!! FOR PRODUCTION RUNS, USE:                      !!!
20250508 012659.419 INFO             PET1 !!!                   ESMF_LOGKIND_Multi_On_Error  !!!
20250508 012659.419 INFO             PET1 !!!!!!!!!!!!!!!!!!!!!!!!!!!!!!!!!!!!!!!!!!!!!!!!!!!!!!
20250508 012659.419 INFO             PET1 Running with ESMF Version   : v8.9.0b08-5-g079ca68fdc
20250508 012659.419 INFO             PET1 ESMF library build date/time: "May  7 2025" "22:54:12"
20250508 012659.419 INFO             PET1 ESMF library build location : /discover/nobackup/projects/gmao/SIteam/ESMF_Testing/intel_2021.13.0-mvapich_mvapich_g_develop/esmf
20250508 012659.419 INFO             PET1 ESMF_COMM                   : mvapich
20250508 012659.420 INFO             PET1 ESMF_MOAB                   : enabled
20250508 012659.420 INFO             PET1 ESMF_LAPACK                 : enabled
20250508 012659.420 INFO             PET1 ESMF_NETCDF                 : disabled
20250508 012659.420 INFO             PET1 ESMF_PNETCDF                : disabled
20250508 012659.420 INFO             PET1 ESMF_PIO                    : disabled
20250508 012659.420 INFO             PET1 ESMF_YAMLCPP                : enabled
20250508 012659.431 INFO             PET1 ESMF_FieldRedistStoreNF(): Just entered routine.
20250508 012659.765 INFO             PET1 ESMF_FieldRedistStoreNF(): Leaving routine.
20250508 012659.778 INFO             PET1  NUMBER_OF_PROCESSORS           4
20250508 012659.778 INFO             PET1  PASS  Example ESMF_RHandleFromFileEx, ESMF_RHandleFromFileEx.F90, line 192
20250508 012659.778 INFO             PET1  Finalizing ESMF
20250508 012659.421 INFO             PET2 !!!!!!!!!!!!!!!!!!!!!!!!!!!!!!!!!!!!!!!!!!!!!!!!!!!!!!
20250508 012659.421 INFO             PET2 !!! THE ESMF_LOG IS SET TO OUTPUT ALL LOG MESSAGES !!!
20250508 012659.421 INFO             PET2 !!!     THIS MAY CAUSE SLOWDOWN IN PERFORMANCE     !!!
20250508 012659.421 INFO             PET2 !!! FOR PRODUCTION RUNS, USE:                      !!!
20250508 012659.421 INFO             PET2 !!!                   ESMF_LOGKIND_Multi_On_Error  !!!
20250508 012659.421 INFO             PET2 !!!!!!!!!!!!!!!!!!!!!!!!!!!!!!!!!!!!!!!!!!!!!!!!!!!!!!
20250508 012659.421 INFO             PET2 Running with ESMF Version   : v8.9.0b08-5-g079ca68fdc
20250508 012659.421 INFO             PET2 ESMF library build date/time: "May  7 2025" "22:54:12"
20250508 012659.421 INFO             PET2 ESMF library build location : /discover/nobackup/projects/gmao/SIteam/ESMF_Testing/intel_2021.13.0-mvapich_mvapich_g_develop/esmf
20250508 012659.421 INFO             PET2 ESMF_COMM                   : mvapich
20250508 012659.421 INFO             PET2 ESMF_MOAB                   : enabled
20250508 012659.421 INFO             PET2 ESMF_LAPACK                 : enabled
20250508 012659.421 INFO             PET2 ESMF_NETCDF                 : disabled
20250508 012659.421 INFO             PET2 ESMF_PNETCDF                : disabled
20250508 012659.421 INFO             PET2 ESMF_PIO                    : disabled
20250508 012659.421 INFO             PET2 ESMF_YAMLCPP                : enabled
20250508 012659.431 INFO             PET2 ESMF_FieldRedistStoreNF(): Just entered routine.
20250508 012659.765 INFO             PET2 ESMF_FieldRedistStoreNF(): Leaving routine.
20250508 012659.778 INFO             PET2  NUMBER_OF_PROCESSORS           4
20250508 012659.778 INFO             PET2  PASS  Example ESMF_RHandleFromFileEx, ESMF_RHandleFromFileEx.F90, line 192
20250508 012659.778 INFO             PET2  Finalizing ESMF
20250508 012659.420 INFO             PET3 !!!!!!!!!!!!!!!!!!!!!!!!!!!!!!!!!!!!!!!!!!!!!!!!!!!!!!
20250508 012659.421 INFO             PET3 !!! THE ESMF_LOG IS SET TO OUTPUT ALL LOG MESSAGES !!!
20250508 012659.421 INFO             PET3 !!!     THIS MAY CAUSE SLOWDOWN IN PERFORMANCE     !!!
20250508 012659.421 INFO             PET3 !!! FOR PRODUCTION RUNS, USE:                      !!!
20250508 012659.421 INFO             PET3 !!!                   ESMF_LOGKIND_Multi_On_Error  !!!
20250508 012659.421 INFO             PET3 !!!!!!!!!!!!!!!!!!!!!!!!!!!!!!!!!!!!!!!!!!!!!!!!!!!!!!
20250508 012659.421 INFO             PET3 Running with ESMF Version   : v8.9.0b08-5-g079ca68fdc
20250508 012659.421 INFO             PET3 ESMF library build date/time: "May  7 2025" "22:54:12"
20250508 012659.421 INFO             PET3 ESMF library build location : /discover/nobackup/projects/gmao/SIteam/ESMF_Testing/intel_2021.13.0-mvapich_mvapich_g_develop/esmf
20250508 012659.421 INFO             PET3 ESMF_COMM                   : mvapich
20250508 012659.421 INFO             PET3 ESMF_MOAB                   : enabled
20250508 012659.421 INFO             PET3 ESMF_LAPACK                 : enabled
20250508 012659.421 INFO             PET3 ESMF_NETCDF                 : disabled
20250508 012659.421 INFO             PET3 ESMF_PNETCDF                : disabled
20250508 012659.421 INFO             PET3 ESMF_PIO                    : disabled
20250508 012659.421 INFO             PET3 ESMF_YAMLCPP                : enabled
20250508 012659.432 INFO             PET3 ESMF_FieldRedistStoreNF(): Just entered routine.
20250508 012659.765 INFO             PET3 ESMF_FieldRedistStoreNF(): Leaving routine.
20250508 012659.778 INFO             PET3  NUMBER_OF_PROCESSORS           4
20250508 012659.778 INFO             PET3  PASS  Example ESMF_RHandleFromFileEx, ESMF_RHandleFromFileEx.F90, line 192
20250508 012659.778 INFO             PET3  Finalizing ESMF
