2024-10-10 03:58:33
20241010 042702.942 INFO             PET0 !!!!!!!!!!!!!!!!!!!!!!!!!!!!!!!!!!!!!!!!!!!!!!!!!!!!!!
20241010 042702.942 INFO             PET0 !!! THE ESMF_LOG IS SET TO OUTPUT ALL LOG MESSAGES !!!
20241010 042702.942 INFO             PET0 !!!     THIS MAY CAUSE SLOWDOWN IN PERFORMANCE     !!!
20241010 042702.942 INFO             PET0 !!! FOR PRODUCTION RUNS, USE:                      !!!
20241010 042702.942 INFO             PET0 !!!                   ESMF_LOGKIND_Multi_On_Error  !!!
20241010 042702.942 INFO             PET0 !!!!!!!!!!!!!!!!!!!!!!!!!!!!!!!!!!!!!!!!!!!!!!!!!!!!!!
20241010 042702.942 INFO             PET0 Running with ESMF Version   : v8.8.0b00-12-g0d4b825343
20241010 042702.942 INFO             PET0 ESMF library build date/time: "Oct 10 2024" "03:57:21"
20241010 042702.942 INFO             PET0 ESMF library build location : /tmp/intel_2023.1.0-classic_mpi_O_develop/esmf
20241010 042702.942 INFO             PET0 ESMF_COMM                   : mpi
20241010 042702.943 INFO             PET0 ESMF_MOAB                   : enabled
20241010 042702.943 INFO             PET0 ESMF_LAPACK                 : enabled
20241010 042702.943 INFO             PET0 ESMF_NETCDF                 : enabled
20241010 042702.943 INFO             PET0 ESMF_PNETCDF                : disabled
20241010 042702.943 INFO             PET0 ESMF_PIO                    : enabled
20241010 042702.943 INFO             PET0 ESMF_YAMLCPP                : enabled
20241010 042702.943 INFO             PET0 =============================================
20241010 042702.943 INFO             PET0 ESMX (Earth System Model eXecutable) STARTING
20241010 042702.943 INFO             PET0 =============================================
20241010 042702.945 INFO             PET0 ESMX_Driver: InitializeGeneric intro.
20241010 042702.945 INFO             PET0   ESMX_Driver: InitializeP0 intro.
20241010 042702.945 INFO             PET0   ESMX_Driver: InitializeP0 extro.
20241010 042702.945 INFO             PET0   ESMX_Driver: InitializeIPDv02p1 intro.
20241010 042702.945 INFO             PET0     >>>ESMX_Driver: entered Initialize (phase=<none>) without valid internal Clock.
20241010 042702.946 INFO             PET0     ESMX_Driver: IInitAdvertise intro.
20241010 042702.946 INFO             PET0     ESMX_Driver: IInitAdvertise extro.
20241010 042702.946 INFO             PET0     ESMX_Driver: IInitAdvertiseFinish intro.
20241010 042702.946 INFO             PET0     ESMX_Driver: IInitAdvertiseFinish extro.
20241010 042702.946 INFO             PET0     ESMX_Driver: IInitModifyCplLists intro.
20241010 042702.946 INFO             PET0     ESMX_Driver: IInitModifyCplLists extro.
20241010 042702.946 INFO             PET0     <<<ESMX_Driver: leaving Initialize (phase=<none>) with current time: 2012 10 24  8  0  0   0
20241010 042702.946 INFO             PET0   ESMX_Driver: InitializeIPDv02p1 extro.
20241010 042702.946 INFO             PET0   ESMX_Driver: InitializeIPDv02p3 intro.
20241010 042702.946 INFO             PET0     >>>ESMX_Driver: entered Initialize (phase=<none>) with current time: 2012 10 24  8  0  0   0
20241010 042702.946 INFO             PET0     ESMX_Driver: IInitCheck intro.
20241010 042702.947 INFO             PET0     ESMX_Driver: IInitCheck extro.
20241010 042702.947 INFO             PET0     ESMX_Driver: IInitRealize intro.
20241010 042702.947 INFO             PET0     ESMX_Driver: IInitRealize extro.
20241010 042702.947 INFO             PET0     <<<ESMX_Driver: leaving Initialize (phase=<none>) with current time: 2012 10 24  8  0  0   0
20241010 042702.947 INFO             PET0   ESMX_Driver: InitializeIPDv02p3 extro.
20241010 042702.947 INFO             PET0   ESMX_Driver: InitializeIPDv02p5 intro.
20241010 042702.947 INFO             PET0     >>>ESMX_Driver: entered Initialize (phase=<none>) with current time: 2012 10 24  8  0  0   0
20241010 042702.947 INFO             PET0     ESMX_Driver: InitializeIPDv02p5Data intro.
20241010 042702.947 INFO             PET0       ESMX_Driver: InternalInitializeComplete intro.
20241010 042702.947 INFO             PET0       ESMX_Driver: InternalInitializeComplete extro.
20241010 042702.948 INFO             PET0       ESMX_Driver: loopDataDependentInitialize intro.
20241010 042702.948 INFO             PET0       ESMX_Driver: loopDataDependentInitialize extro.
20241010 042702.948 INFO             PET0     ESMX_Driver: InitializeIPDv02p5Data extro.
20241010 042702.948 INFO             PET0     <<<ESMX_Driver: leaving Initialize (phase=<none>) with current time: 2012 10 24  8  0  0   0
20241010 042702.948 INFO             PET0   ESMX_Driver: InitializeIPDv02p5 extro.
20241010 042702.948 INFO             PET0 ESMX_Driver: InitializeGeneric extro.
20241010 042702.948 INFO             PET0 ESMX_Driver: Run intro.
20241010 042702.948 INFO             PET0   >>>ESMX_Driver: entered Run (phase=RunPhase1) with current time: 2012 10 24  8  0  0   0
20241010 042702.948 INFO             PET0   <<<ESMX_Driver: leaving Run (phase=RunPhase1) with current time: 2012 10 24  8  0  0   0
20241010 042702.948 INFO             PET0 ESMX_Driver: Run extro.
20241010 042702.949 INFO             PET0 ESMX_Driver: Finalize intro.
20241010 042702.949 INFO             PET0 ESMX_Driver: Finalize extro.
20241010 042702.949 INFO             PET0 =============================================
20241010 042702.949 INFO             PET0 ESMX (Earth System Model eXecutable) FINISHED
20241010 042702.949 INFO             PET0 =============================================
20241010 042702.949 INFO             PET0  Finalizing ESMF
20241010 042702.942 INFO             PET1 !!!!!!!!!!!!!!!!!!!!!!!!!!!!!!!!!!!!!!!!!!!!!!!!!!!!!!
20241010 042702.943 INFO             PET1 !!! THE ESMF_LOG IS SET TO OUTPUT ALL LOG MESSAGES !!!
20241010 042702.943 INFO             PET1 !!!     THIS MAY CAUSE SLOWDOWN IN PERFORMANCE     !!!
20241010 042702.943 INFO             PET1 !!! FOR PRODUCTION RUNS, USE:                      !!!
20241010 042702.943 INFO             PET1 !!!                   ESMF_LOGKIND_Multi_On_Error  !!!
20241010 042702.943 INFO             PET1 !!!!!!!!!!!!!!!!!!!!!!!!!!!!!!!!!!!!!!!!!!!!!!!!!!!!!!
20241010 042702.943 INFO             PET1 Running with ESMF Version   : v8.8.0b00-12-g0d4b825343
20241010 042702.943 INFO             PET1 ESMF library build date/time: "Oct 10 2024" "03:57:21"
20241010 042702.943 INFO             PET1 ESMF library build location : /tmp/intel_2023.1.0-classic_mpi_O_develop/esmf
20241010 042702.943 INFO             PET1 ESMF_COMM                   : mpi
20241010 042702.943 INFO             PET1 ESMF_MOAB                   : enabled
20241010 042702.943 INFO             PET1 ESMF_LAPACK                 : enabled
20241010 042702.943 INFO             PET1 ESMF_NETCDF                 : enabled
20241010 042702.943 INFO             PET1 ESMF_PNETCDF                : disabled
20241010 042702.943 INFO             PET1 ESMF_PIO                    : enabled
20241010 042702.943 INFO             PET1 ESMF_YAMLCPP                : enabled
20241010 042702.943 INFO             PET1 =============================================
20241010 042702.943 INFO             PET1 ESMX (Earth System Model eXecutable) STARTING
20241010 042702.943 INFO             PET1 =============================================
20241010 042702.946 INFO             PET1 ESMX_Driver: InitializeGeneric intro.
20241010 042702.946 INFO             PET1   ESMX_Driver: InitializeP0 intro.
20241010 042702.946 INFO             PET1   ESMX_Driver: InitializeP0 extro.
20241010 042702.946 INFO             PET1   ESMX_Driver: InitializeIPDv02p1 intro.
20241010 042702.946 INFO             PET1     >>>ESMX_Driver: entered Initialize (phase=<none>) without valid internal Clock.
20241010 042702.947 INFO             PET1     ESMX_Driver: IInitAdvertise intro.
20241010 042702.947 INFO             PET1     ESMX_Driver: IInitAdvertise extro.
20241010 042702.947 INFO             PET1     ESMX_Driver: IInitAdvertiseFinish intro.
20241010 042702.947 INFO             PET1     ESMX_Driver: IInitAdvertiseFinish extro.
20241010 042702.947 INFO             PET1     ESMX_Driver: IInitModifyCplLists intro.
20241010 042702.947 INFO             PET1     ESMX_Driver: IInitModifyCplLists extro.
20241010 042702.947 INFO             PET1     <<<ESMX_Driver: leaving Initialize (phase=<none>) with current time: 2012 10 24  8  0  0   0
20241010 042702.947 INFO             PET1   ESMX_Driver: InitializeIPDv02p1 extro.
20241010 042702.947 INFO             PET1   ESMX_Driver: InitializeIPDv02p3 intro.
20241010 042702.947 INFO             PET1     >>>ESMX_Driver: entered Initialize (phase=<none>) with current time: 2012 10 24  8  0  0   0
20241010 042702.947 INFO             PET1     ESMX_Driver: IInitCheck intro.
20241010 042702.947 INFO             PET1     ESMX_Driver: IInitCheck extro.
20241010 042702.948 INFO             PET1     ESMX_Driver: IInitRealize intro.
20241010 042702.948 INFO             PET1     ESMX_Driver: IInitRealize extro.
20241010 042702.948 INFO             PET1     <<<ESMX_Driver: leaving Initialize (phase=<none>) with current time: 2012 10 24  8  0  0   0
20241010 042702.948 INFO             PET1   ESMX_Driver: InitializeIPDv02p3 extro.
20241010 042702.948 INFO             PET1   ESMX_Driver: InitializeIPDv02p5 intro.
20241010 042702.948 INFO             PET1     >>>ESMX_Driver: entered Initialize (phase=<none>) with current time: 2012 10 24  8  0  0   0
20241010 042702.948 INFO             PET1     ESMX_Driver: InitializeIPDv02p5Data intro.
20241010 042702.948 INFO             PET1       ESMX_Driver: InternalInitializeComplete intro.
20241010 042702.948 INFO             PET1       ESMX_Driver: InternalInitializeComplete extro.
20241010 042702.948 INFO             PET1       ESMX_Driver: loopDataDependentInitialize intro.
20241010 042702.948 INFO             PET1       ESMX_Driver: loopDataDependentInitialize extro.
20241010 042702.948 INFO             PET1     ESMX_Driver: InitializeIPDv02p5Data extro.
20241010 042702.948 INFO             PET1     <<<ESMX_Driver: leaving Initialize (phase=<none>) with current time: 2012 10 24  8  0  0   0
20241010 042702.948 INFO             PET1   ESMX_Driver: InitializeIPDv02p5 extro.
20241010 042702.948 INFO             PET1 ESMX_Driver: InitializeGeneric extro.
20241010 042702.948 INFO             PET1 ESMX_Driver: Run intro.
20241010 042702.948 INFO             PET1   >>>ESMX_Driver: entered Run (phase=RunPhase1) with current time: 2012 10 24  8  0  0   0
20241010 042702.949 INFO             PET1   <<<ESMX_Driver: leaving Run (phase=RunPhase1) with current time: 2012 10 24  8  0  0   0
20241010 042702.949 INFO             PET1 ESMX_Driver: Run extro.
20241010 042702.949 INFO             PET1 ESMX_Driver: Finalize intro.
20241010 042702.949 INFO             PET1 ESMX_Driver: Finalize extro.
20241010 042702.949 INFO             PET1 =============================================
20241010 042702.949 INFO             PET1 ESMX (Earth System Model eXecutable) FINISHED
20241010 042702.949 INFO             PET1 =============================================
20241010 042702.949 INFO             PET1  Finalizing ESMF
20241010 042702.942 INFO             PET2 !!!!!!!!!!!!!!!!!!!!!!!!!!!!!!!!!!!!!!!!!!!!!!!!!!!!!!
20241010 042702.942 INFO             PET2 !!! THE ESMF_LOG IS SET TO OUTPUT ALL LOG MESSAGES !!!
20241010 042702.942 INFO             PET2 !!!     THIS MAY CAUSE SLOWDOWN IN PERFORMANCE     !!!
20241010 042702.942 INFO             PET2 !!! FOR PRODUCTION RUNS, USE:                      !!!
20241010 042702.942 INFO             PET2 !!!                   ESMF_LOGKIND_Multi_On_Error  !!!
20241010 042702.942 INFO             PET2 !!!!!!!!!!!!!!!!!!!!!!!!!!!!!!!!!!!!!!!!!!!!!!!!!!!!!!
20241010 042702.942 INFO             PET2 Running with ESMF Version   : v8.8.0b00-12-g0d4b825343
20241010 042702.942 INFO             PET2 ESMF library build date/time: "Oct 10 2024" "03:57:21"
20241010 042702.942 INFO             PET2 ESMF library build location : /tmp/intel_2023.1.0-classic_mpi_O_develop/esmf
20241010 042702.942 INFO             PET2 ESMF_COMM                   : mpi
20241010 042702.943 INFO             PET2 ESMF_MOAB                   : enabled
20241010 042702.943 INFO             PET2 ESMF_LAPACK                 : enabled
20241010 042702.943 INFO             PET2 ESMF_NETCDF                 : enabled
20241010 042702.943 INFO             PET2 ESMF_PNETCDF                : disabled
20241010 042702.943 INFO             PET2 ESMF_PIO                    : enabled
20241010 042702.943 INFO             PET2 ESMF_YAMLCPP                : enabled
20241010 042702.943 INFO             PET2 =============================================
20241010 042702.943 INFO             PET2 ESMX (Earth System Model eXecutable) STARTING
20241010 042702.943 INFO             PET2 =============================================
20241010 042702.946 INFO             PET2 ESMX_Driver: InitializeGeneric intro.
20241010 042702.946 INFO             PET2   ESMX_Driver: InitializeP0 intro.
20241010 042702.946 INFO             PET2   ESMX_Driver: InitializeP0 extro.
20241010 042702.946 INFO             PET2   ESMX_Driver: InitializeIPDv02p1 intro.
20241010 042702.946 INFO             PET2     >>>ESMX_Driver: entered Initialize (phase=<none>) without valid internal Clock.
20241010 042702.947 INFO             PET2     ESMX_Driver: IInitAdvertise intro.
20241010 042702.947 INFO             PET2     ESMX_Driver: IInitAdvertise extro.
20241010 042702.947 INFO             PET2     ESMX_Driver: IInitAdvertiseFinish intro.
20241010 042702.947 INFO             PET2     ESMX_Driver: IInitAdvertiseFinish extro.
20241010 042702.947 INFO             PET2     ESMX_Driver: IInitModifyCplLists intro.
20241010 042702.947 INFO             PET2     ESMX_Driver: IInitModifyCplLists extro.
20241010 042702.947 INFO             PET2     <<<ESMX_Driver: leaving Initialize (phase=<none>) with current time: 2012 10 24  8  0  0   0
20241010 042702.947 INFO             PET2   ESMX_Driver: InitializeIPDv02p1 extro.
20241010 042702.947 INFO             PET2   ESMX_Driver: InitializeIPDv02p3 intro.
20241010 042702.947 INFO             PET2     >>>ESMX_Driver: entered Initialize (phase=<none>) with current time: 2012 10 24  8  0  0   0
20241010 042702.947 INFO             PET2     ESMX_Driver: IInitCheck intro.
20241010 042702.947 INFO             PET2     ESMX_Driver: IInitCheck extro.
20241010 042702.948 INFO             PET2     ESMX_Driver: IInitRealize intro.
20241010 042702.948 INFO             PET2     ESMX_Driver: IInitRealize extro.
20241010 042702.948 INFO             PET2     <<<ESMX_Driver: leaving Initialize (phase=<none>) with current time: 2012 10 24  8  0  0   0
20241010 042702.948 INFO             PET2   ESMX_Driver: InitializeIPDv02p3 extro.
20241010 042702.948 INFO             PET2   ESMX_Driver: InitializeIPDv02p5 intro.
20241010 042702.948 INFO             PET2     >>>ESMX_Driver: entered Initialize (phase=<none>) with current time: 2012 10 24  8  0  0   0
20241010 042702.948 INFO             PET2     ESMX_Driver: InitializeIPDv02p5Data intro.
20241010 042702.948 INFO             PET2       ESMX_Driver: InternalInitializeComplete intro.
20241010 042702.948 INFO             PET2       ESMX_Driver: InternalInitializeComplete extro.
20241010 042702.948 INFO             PET2       ESMX_Driver: loopDataDependentInitialize intro.
20241010 042702.948 INFO             PET2       ESMX_Driver: loopDataDependentInitialize extro.
20241010 042702.948 INFO             PET2     ESMX_Driver: InitializeIPDv02p5Data extro.
20241010 042702.948 INFO             PET2     <<<ESMX_Driver: leaving Initialize (phase=<none>) with current time: 2012 10 24  8  0  0   0
20241010 042702.948 INFO             PET2   ESMX_Driver: InitializeIPDv02p5 extro.
20241010 042702.948 INFO             PET2 ESMX_Driver: InitializeGeneric extro.
20241010 042702.948 INFO             PET2 ESMX_Driver: Run intro.
20241010 042702.948 INFO             PET2   >>>ESMX_Driver: entered Run (phase=RunPhase1) with current time: 2012 10 24  8  0  0   0
20241010 042702.949 INFO             PET2   <<<ESMX_Driver: leaving Run (phase=RunPhase1) with current time: 2012 10 24  8  0  0   0
20241010 042702.949 INFO             PET2 ESMX_Driver: Run extro.
20241010 042702.949 INFO             PET2 ESMX_Driver: Finalize intro.
20241010 042702.949 INFO             PET2 ESMX_Driver: Finalize extro.
20241010 042702.949 INFO             PET2 =============================================
20241010 042702.949 INFO             PET2 ESMX (Earth System Model eXecutable) FINISHED
20241010 042702.949 INFO             PET2 =============================================
20241010 042702.949 INFO             PET2  Finalizing ESMF
20241010 042702.942 INFO             PET3 !!!!!!!!!!!!!!!!!!!!!!!!!!!!!!!!!!!!!!!!!!!!!!!!!!!!!!
20241010 042702.942 INFO             PET3 !!! THE ESMF_LOG IS SET TO OUTPUT ALL LOG MESSAGES !!!
20241010 042702.942 INFO             PET3 !!!     THIS MAY CAUSE SLOWDOWN IN PERFORMANCE     !!!
20241010 042702.942 INFO             PET3 !!! FOR PRODUCTION RUNS, USE:                      !!!
20241010 042702.942 INFO             PET3 !!!                   ESMF_LOGKIND_Multi_On_Error  !!!
20241010 042702.942 INFO             PET3 !!!!!!!!!!!!!!!!!!!!!!!!!!!!!!!!!!!!!!!!!!!!!!!!!!!!!!
20241010 042702.942 INFO             PET3 Running with ESMF Version   : v8.8.0b00-12-g0d4b825343
20241010 042702.942 INFO             PET3 ESMF library build date/time: "Oct 10 2024" "03:57:21"
20241010 042702.942 INFO             PET3 ESMF library build location : /tmp/intel_2023.1.0-classic_mpi_O_develop/esmf
20241010 042702.942 INFO             PET3 ESMF_COMM                   : mpi
20241010 042702.943 INFO             PET3 ESMF_MOAB                   : enabled
20241010 042702.943 INFO             PET3 ESMF_LAPACK                 : enabled
20241010 042702.943 INFO             PET3 ESMF_NETCDF                 : enabled
20241010 042702.943 INFO             PET3 ESMF_PNETCDF                : disabled
20241010 042702.943 INFO             PET3 ESMF_PIO                    : enabled
20241010 042702.943 INFO             PET3 ESMF_YAMLCPP                : enabled
20241010 042702.943 INFO             PET3 =============================================
20241010 042702.943 INFO             PET3 ESMX (Earth System Model eXecutable) STARTING
20241010 042702.943 INFO             PET3 =============================================
20241010 042702.945 INFO             PET3 ESMX_Driver: InitializeGeneric intro.
20241010 042702.945 INFO             PET3   ESMX_Driver: InitializeP0 intro.
20241010 042702.945 INFO             PET3   ESMX_Driver: InitializeP0 extro.
20241010 042702.945 INFO             PET3   ESMX_Driver: InitializeIPDv02p1 intro.
20241010 042702.945 INFO             PET3     >>>ESMX_Driver: entered Initialize (phase=<none>) without valid internal Clock.
20241010 042702.946 INFO             PET3     ESMX_Driver: IInitAdvertise intro.
20241010 042702.946 INFO             PET3     ESMX_Driver: IInitAdvertise extro.
20241010 042702.946 INFO             PET3     ESMX_Driver: IInitAdvertiseFinish intro.
20241010 042702.946 INFO             PET3     ESMX_Driver: IInitAdvertiseFinish extro.
20241010 042702.946 INFO             PET3     ESMX_Driver: IInitModifyCplLists intro.
20241010 042702.946 INFO             PET3     ESMX_Driver: IInitModifyCplLists extro.
20241010 042702.946 INFO             PET3     <<<ESMX_Driver: leaving Initialize (phase=<none>) with current time: 2012 10 24  8  0  0   0
20241010 042702.946 INFO             PET3   ESMX_Driver: InitializeIPDv02p1 extro.
20241010 042702.946 INFO             PET3   ESMX_Driver: InitializeIPDv02p3 intro.
20241010 042702.946 INFO             PET3     >>>ESMX_Driver: entered Initialize (phase=<none>) with current time: 2012 10 24  8  0  0   0
20241010 042702.946 INFO             PET3     ESMX_Driver: IInitCheck intro.
20241010 042702.947 INFO             PET3     ESMX_Driver: IInitCheck extro.
20241010 042702.947 INFO             PET3     ESMX_Driver: IInitRealize intro.
20241010 042702.947 INFO             PET3     ESMX_Driver: IInitRealize extro.
20241010 042702.947 INFO             PET3     <<<ESMX_Driver: leaving Initialize (phase=<none>) with current time: 2012 10 24  8  0  0   0
20241010 042702.947 INFO             PET3   ESMX_Driver: InitializeIPDv02p3 extro.
20241010 042702.947 INFO             PET3   ESMX_Driver: InitializeIPDv02p5 intro.
20241010 042702.947 INFO             PET3     >>>ESMX_Driver: entered Initialize (phase=<none>) with current time: 2012 10 24  8  0  0   0
20241010 042702.947 INFO             PET3     ESMX_Driver: InitializeIPDv02p5Data intro.
20241010 042702.947 INFO             PET3       ESMX_Driver: InternalInitializeComplete intro.
20241010 042702.947 INFO             PET3       ESMX_Driver: InternalInitializeComplete extro.
20241010 042702.948 INFO             PET3       ESMX_Driver: loopDataDependentInitialize intro.
20241010 042702.948 INFO             PET3       ESMX_Driver: loopDataDependentInitialize extro.
20241010 042702.948 INFO             PET3     ESMX_Driver: InitializeIPDv02p5Data extro.
20241010 042702.948 INFO             PET3     <<<ESMX_Driver: leaving Initialize (phase=<none>) with current time: 2012 10 24  8  0  0   0
20241010 042702.948 INFO             PET3   ESMX_Driver: InitializeIPDv02p5 extro.
20241010 042702.948 INFO             PET3 ESMX_Driver: InitializeGeneric extro.
20241010 042702.948 INFO             PET3 ESMX_Driver: Run intro.
20241010 042702.948 INFO             PET3   >>>ESMX_Driver: entered Run (phase=RunPhase1) with current time: 2012 10 24  8  0  0   0
20241010 042702.948 INFO             PET3   <<<ESMX_Driver: leaving Run (phase=RunPhase1) with current time: 2012 10 24  8  0  0   0
20241010 042702.949 INFO             PET3 ESMX_Driver: Run extro.
20241010 042702.949 INFO             PET3 ESMX_Driver: Finalize intro.
20241010 042702.949 INFO             PET3 ESMX_Driver: Finalize extro.
20241010 042702.949 INFO             PET3 =============================================
20241010 042702.949 INFO             PET3 ESMX (Earth System Model eXecutable) FINISHED
20241010 042702.949 INFO             PET3 =============================================
20241010 042702.949 INFO             PET3  Finalizing ESMF
