Processing /glade/derecho/scratch/sacks/esmf-testing/intel_2023.2.1_mpiuni_O_develop/esmf/src/addon/esmpy
  Installing build dependencies: started
  Installing build dependencies: finished with status 'done'
  Getting requirements to build wheel: started
  Getting requirements to build wheel: finished with status 'done'
  Preparing metadata (pyproject.toml): started
  Preparing metadata (pyproject.toml): finished with status 'done'
Requirement already satisfied: numpy<3,>=1.19 in /glade/work/sacks/esmf-testing/conda_environments/esmf-test-scripts-environment-python3.13-numpy2.1/lib/python3.13/site-packages (from esmpy==8.9.0b8) (2.1.3)
Collecting setuptools-git-versioning (from esmpy==8.9.0b8)
  Using cached setuptools_git_versioning-2.1.0-py3-none-any.whl.metadata (6.1 kB)
Requirement already satisfied: packaging in /glade/work/sacks/esmf-testing/conda_environments/esmf-test-scripts-environment-python3.13-numpy2.1/lib/python3.13/site-packages (from setuptools-git-versioning->esmpy==8.9.0b8) (24.2)
Collecting setuptools (from setuptools-git-versioning->esmpy==8.9.0b8)
  Using cached setuptools-80.4.0-py3-none-any.whl.metadata (6.5 kB)
Using cached setuptools_git_versioning-2.1.0-py3-none-any.whl (10 kB)
Using cached setuptools-80.4.0-py3-none-any.whl (1.2 MB)
Building wheels for collected packages: esmpy
  Building wheel for esmpy (pyproject.toml): started
  Building wheel for esmpy (pyproject.toml): finished with status 'done'
  Created wheel for esmpy: filename=esmpy-8.9.0b8-py3-none-any.whl size=125640 sha256=f51f812ebee91274c7ca870e7147b3a67bf47b537296f644356e6fc6731075b3
  Stored in directory: /glade/derecho/scratch/sacks/tmp/pip-ephem-wheel-cache-mx6rf_7f/wheels/f3/f5/95/957b4508d39d6a4a02f7c621114fd02ebc6b20e9609f28307b
Successfully built esmpy
Installing collected packages: setuptools, setuptools-git-versioning, esmpy
Successfully installed esmpy-8.9.0b8 setuptools-80.4.0 setuptools-git-versioning-2.1.0

[notice] A new release of pip is available: 24.3.1 -> 25.1.1
[notice] To update, run: pip install --upgrade pip
