2024-10-18 09:56:02
20241018 102353.887 INFO             PET0 !!!!!!!!!!!!!!!!!!!!!!!!!!!!!!!!!!!!!!!!!!!!!!!!!!!!!!
20241018 102353.887 INFO             PET0 !!! THE ESMF_LOG IS SET TO OUTPUT ALL LOG MESSAGES !!!
20241018 102353.887 INFO             PET0 !!!     THIS MAY CAUSE SLOWDOWN IN PERFORMANCE     !!!
20241018 102353.887 INFO             PET0 !!! FOR PRODUCTION RUNS, USE:                      !!!
20241018 102353.887 INFO             PET0 !!!                   ESMF_LOGKIND_Multi_On_Error  !!!
20241018 102353.887 INFO             PET0 !!!!!!!!!!!!!!!!!!!!!!!!!!!!!!!!!!!!!!!!!!!!!!!!!!!!!!
20241018 102353.887 INFO             PET0 Running with ESMF Version   : v8.8.0b01-7-gc92d921964
20241018 102353.887 INFO             PET0 ESMF library build date/time: "Oct 18 2024" "09:54:12"
20241018 102353.887 INFO             PET0 ESMF library build location : /project/esmf/ESMF-Nightly-Testing-Bighorn/gfortran_8.2.0_mpiuni_O_develop/esmf
20241018 102353.887 INFO             PET0 ESMF_COMM                   : mpiuni
20241018 102353.888 INFO             PET0 ESMF_MOAB                   : enabled
20241018 102353.888 INFO             PET0 ESMF_LAPACK                 : enabled
20241018 102353.888 INFO             PET0 ESMF_NETCDF                 : enabled
20241018 102353.888 INFO             PET0 ESMF_PNETCDF                : disabled
20241018 102353.888 INFO             PET0 ESMF_PIO                    : enabled
20241018 102353.888 INFO             PET0 ESMF_YAMLCPP                : enabled
20241018 102353.924 DEBUG            PET0 about to destroy Grid: 0x8b7d40
20241018 102353.928 DEBUG            PET0 about to destroy Grid: 0x8b9770
20241018 102353.943 INFO             PET0  NUMBER_OF_PROCESSORS           1
20241018 102353.943 INFO             PET0  PASS  Example ESMF_NUOPCAtmModelEx, ESMF_NUOPCAtmModelEx.F90, line 806
20241018 102353.943 INFO             PET0  Finalizing ESMF
