2025-05-08 04:03:55
20250508 043533.586 INFO             PET0 !!!!!!!!!!!!!!!!!!!!!!!!!!!!!!!!!!!!!!!!!!!!!!!!!!!!!!
20250508 043533.586 INFO             PET0 !!! THE ESMF_LOG IS SET TO OUTPUT ALL LOG MESSAGES !!!
20250508 043533.586 INFO             PET0 !!!     THIS MAY CAUSE SLOWDOWN IN PERFORMANCE     !!!
20250508 043533.586 INFO             PET0 !!! FOR PRODUCTION RUNS, USE:                      !!!
20250508 043533.586 INFO             PET0 !!!                   ESMF_LOGKIND_Multi_On_Error  !!!
20250508 043533.586 INFO             PET0 !!!!!!!!!!!!!!!!!!!!!!!!!!!!!!!!!!!!!!!!!!!!!!!!!!!!!!
20250508 043533.586 INFO             PET0 Running with ESMF Version   : v8.9.0b08-5-g079ca68fdc
20250508 043533.586 INFO             PET0 ESMF library build date/time: "May  8 2025" "04:02:07"
20250508 043533.586 INFO             PET0 ESMF library build location : /glade/derecho/scratch/sacks/esmf-testing/cce_15.0.1_mpiuni_g_develop/esmf
20250508 043533.586 INFO             PET0 ESMF_COMM                   : mpiuni
20250508 043533.587 INFO             PET0 ESMF_MOAB                   : enabled
20250508 043533.587 INFO             PET0 ESMF_LAPACK                 : enabled
20250508 043533.587 INFO             PET0 ESMF_NETCDF                 : enabled
20250508 043533.587 INFO             PET0 ESMF_PNETCDF                : disabled
20250508 043533.587 INFO             PET0 ESMF_PIO                    : enabled
20250508 043533.587 INFO             PET0 ESMF_YAMLCPP                : enabled
20250508 043533.587 INFO             PET0 InternalState label: second named data block
20250508 043533.587 INFO             PET0 InternalState label: first named data block
20250508 043533.587 INFO             PET0 InternalState label: ESMF-default-localdata
20250508 043533.587 INFO             PET0  NUMBER_OF_PROCESSORS 1
20250508 043533.587 INFO             PET0  PASS  Example ESMF_InternalStateEx, ESMF_InternalStateEx.F90, line 214
20250508 043533.587 INFO             PET0  Finalizing ESMF
