2024-10-17 22:42:06
20241017 234405.638 INFO             PET0 !!!!!!!!!!!!!!!!!!!!!!!!!!!!!!!!!!!!!!!!!!!!!!!!!!!!!!
20241017 234405.638 INFO             PET0 !!! THE ESMF_LOG IS SET TO OUTPUT ALL LOG MESSAGES !!!
20241017 234405.638 INFO             PET0 !!!     THIS MAY CAUSE SLOWDOWN IN PERFORMANCE     !!!
20241017 234405.638 INFO             PET0 !!! FOR PRODUCTION RUNS, USE:                      !!!
20241017 234405.638 INFO             PET0 !!!                   ESMF_LOGKIND_Multi_On_Error  !!!
20241017 234405.638 INFO             PET0 !!!!!!!!!!!!!!!!!!!!!!!!!!!!!!!!!!!!!!!!!!!!!!!!!!!!!!
20241017 234405.638 INFO             PET0 Running with ESMF Version   : v8.8.0b01-7-gc92d921964
20241017 234405.638 INFO             PET0 ESMF library build date/time: "Oct 17 2024" "22:39:44"
20241017 234405.638 INFO             PET0 ESMF library build location : /discover/nobackup/projects/gmao/SIteam/ESMF_Testing/intel_2024.2.0_intelmpi_O_develop/esmf
20241017 234405.638 INFO             PET0 ESMF_COMM                   : intelmpi
20241017 234405.638 INFO             PET0 ESMF_MOAB                   : enabled
20241017 234405.638 INFO             PET0 ESMF_LAPACK                 : enabled
20241017 234405.638 INFO             PET0 ESMF_NETCDF                 : disabled
20241017 234405.638 INFO             PET0 ESMF_PNETCDF                : disabled
20241017 234405.638 INFO             PET0 ESMF_PIO                    : disabled
20241017 234405.638 INFO             PET0 ESMF_YAMLCPP                : enabled
20241017 234405.678 DEBUG            PET0 about to destroy Grid: 0x21eca20
20241017 234405.681 DEBUG            PET0 about to destroy Grid: 0x21ee0a0
20241017 234405.691 INFO             PET0  NUMBER_OF_PROCESSORS           4
20241017 234405.691 INFO             PET0  PASS  Example ESMF_NUOPCAtmModelEx, ESMF_NUOPCAtmModelEx.F90, line 806
20241017 234405.691 INFO             PET0  Finalizing ESMF
20241017 234405.638 INFO             PET1 !!!!!!!!!!!!!!!!!!!!!!!!!!!!!!!!!!!!!!!!!!!!!!!!!!!!!!
20241017 234405.638 INFO             PET1 !!! THE ESMF_LOG IS SET TO OUTPUT ALL LOG MESSAGES !!!
20241017 234405.638 INFO             PET1 !!!     THIS MAY CAUSE SLOWDOWN IN PERFORMANCE     !!!
20241017 234405.638 INFO             PET1 !!! FOR PRODUCTION RUNS, USE:                      !!!
20241017 234405.638 INFO             PET1 !!!                   ESMF_LOGKIND_Multi_On_Error  !!!
20241017 234405.638 INFO             PET1 !!!!!!!!!!!!!!!!!!!!!!!!!!!!!!!!!!!!!!!!!!!!!!!!!!!!!!
20241017 234405.638 INFO             PET1 Running with ESMF Version   : v8.8.0b01-7-gc92d921964
20241017 234405.638 INFO             PET1 ESMF library build date/time: "Oct 17 2024" "22:39:44"
20241017 234405.638 INFO             PET1 ESMF library build location : /discover/nobackup/projects/gmao/SIteam/ESMF_Testing/intel_2024.2.0_intelmpi_O_develop/esmf
20241017 234405.638 INFO             PET1 ESMF_COMM                   : intelmpi
20241017 234405.638 INFO             PET1 ESMF_MOAB                   : enabled
20241017 234405.638 INFO             PET1 ESMF_LAPACK                 : enabled
20241017 234405.638 INFO             PET1 ESMF_NETCDF                 : disabled
20241017 234405.638 INFO             PET1 ESMF_PNETCDF                : disabled
20241017 234405.638 INFO             PET1 ESMF_PIO                    : disabled
20241017 234405.638 INFO             PET1 ESMF_YAMLCPP                : enabled
20241017 234405.678 DEBUG            PET1 about to destroy Grid: 0x23b4310
20241017 234405.681 DEBUG            PET1 about to destroy Grid: 0x23b57d0
20241017 234405.691 INFO             PET1  NUMBER_OF_PROCESSORS           4
20241017 234405.691 INFO             PET1  PASS  Example ESMF_NUOPCAtmModelEx, ESMF_NUOPCAtmModelEx.F90, line 806
20241017 234405.691 INFO             PET1  Finalizing ESMF
20241017 234405.637 INFO             PET2 !!!!!!!!!!!!!!!!!!!!!!!!!!!!!!!!!!!!!!!!!!!!!!!!!!!!!!
20241017 234405.638 INFO             PET2 !!! THE ESMF_LOG IS SET TO OUTPUT ALL LOG MESSAGES !!!
20241017 234405.638 INFO             PET2 !!!     THIS MAY CAUSE SLOWDOWN IN PERFORMANCE     !!!
20241017 234405.638 INFO             PET2 !!! FOR PRODUCTION RUNS, USE:                      !!!
20241017 234405.638 INFO             PET2 !!!                   ESMF_LOGKIND_Multi_On_Error  !!!
20241017 234405.638 INFO             PET2 !!!!!!!!!!!!!!!!!!!!!!!!!!!!!!!!!!!!!!!!!!!!!!!!!!!!!!
20241017 234405.638 INFO             PET2 Running with ESMF Version   : v8.8.0b01-7-gc92d921964
20241017 234405.638 INFO             PET2 ESMF library build date/time: "Oct 17 2024" "22:39:44"
20241017 234405.638 INFO             PET2 ESMF library build location : /discover/nobackup/projects/gmao/SIteam/ESMF_Testing/intel_2024.2.0_intelmpi_O_develop/esmf
20241017 234405.638 INFO             PET2 ESMF_COMM                   : intelmpi
20241017 234405.638 INFO             PET2 ESMF_MOAB                   : enabled
20241017 234405.638 INFO             PET2 ESMF_LAPACK                 : enabled
20241017 234405.638 INFO             PET2 ESMF_NETCDF                 : disabled
20241017 234405.638 INFO             PET2 ESMF_PNETCDF                : disabled
20241017 234405.638 INFO             PET2 ESMF_PIO                    : disabled
20241017 234405.638 INFO             PET2 ESMF_YAMLCPP                : enabled
20241017 234405.678 DEBUG            PET2 about to destroy Grid: 0x1e82a70
20241017 234405.681 DEBUG            PET2 about to destroy Grid: 0x1e83790
20241017 234405.691 INFO             PET2  NUMBER_OF_PROCESSORS           4
20241017 234405.691 INFO             PET2  PASS  Example ESMF_NUOPCAtmModelEx, ESMF_NUOPCAtmModelEx.F90, line 806
20241017 234405.691 INFO             PET2  Finalizing ESMF
20241017 234405.638 INFO             PET3 !!!!!!!!!!!!!!!!!!!!!!!!!!!!!!!!!!!!!!!!!!!!!!!!!!!!!!
20241017 234405.638 INFO             PET3 !!! THE ESMF_LOG IS SET TO OUTPUT ALL LOG MESSAGES !!!
20241017 234405.638 INFO             PET3 !!!     THIS MAY CAUSE SLOWDOWN IN PERFORMANCE     !!!
20241017 234405.638 INFO             PET3 !!! FOR PRODUCTION RUNS, USE:                      !!!
20241017 234405.638 INFO             PET3 !!!                   ESMF_LOGKIND_Multi_On_Error  !!!
20241017 234405.638 INFO             PET3 !!!!!!!!!!!!!!!!!!!!!!!!!!!!!!!!!!!!!!!!!!!!!!!!!!!!!!
20241017 234405.638 INFO             PET3 Running with ESMF Version   : v8.8.0b01-7-gc92d921964
20241017 234405.638 INFO             PET3 ESMF library build date/time: "Oct 17 2024" "22:39:44"
20241017 234405.638 INFO             PET3 ESMF library build location : /discover/nobackup/projects/gmao/SIteam/ESMF_Testing/intel_2024.2.0_intelmpi_O_develop/esmf
20241017 234405.638 INFO             PET3 ESMF_COMM                   : intelmpi
20241017 234405.638 INFO             PET3 ESMF_MOAB                   : enabled
20241017 234405.638 INFO             PET3 ESMF_LAPACK                 : enabled
20241017 234405.638 INFO             PET3 ESMF_NETCDF                 : disabled
20241017 234405.638 INFO             PET3 ESMF_PNETCDF                : disabled
20241017 234405.638 INFO             PET3 ESMF_PIO                    : disabled
20241017 234405.638 INFO             PET3 ESMF_YAMLCPP                : enabled
20241017 234405.678 DEBUG            PET3 about to destroy Grid: 0x273d5b0
20241017 234405.681 DEBUG            PET3 about to destroy Grid: 0x273eac0
20241017 234405.691 INFO             PET3  NUMBER_OF_PROCESSORS           4
20241017 234405.691 INFO             PET3  PASS  Example ESMF_NUOPCAtmModelEx, ESMF_NUOPCAtmModelEx.F90, line 806
20241017 234405.691 INFO             PET3  Finalizing ESMF
