2024-10-13 02:06:14
20241013 025648.342 INFO             PET0 !!!!!!!!!!!!!!!!!!!!!!!!!!!!!!!!!!!!!!!!!!!!!!!!!!!!!!
20241013 025648.342 INFO             PET0 !!! THE ESMF_LOG IS SET TO OUTPUT ALL LOG MESSAGES !!!
20241013 025648.342 INFO             PET0 !!!     THIS MAY CAUSE SLOWDOWN IN PERFORMANCE     !!!
20241013 025648.342 INFO             PET0 !!! FOR PRODUCTION RUNS, USE:                      !!!
20241013 025648.342 INFO             PET0 !!!                   ESMF_LOGKIND_Multi_On_Error  !!!
20241013 025648.342 INFO             PET0 !!!!!!!!!!!!!!!!!!!!!!!!!!!!!!!!!!!!!!!!!!!!!!!!!!!!!!
20241013 025648.342 INFO             PET0 Running with ESMF Version   : v8.8.0b01
20241013 025648.342 INFO             PET0 ESMF library build date/time: "Oct 13 2024" "02:03:08"
20241013 025648.342 INFO             PET0 ESMF library build location : /glade/derecho/scratch/sacks/esmf-testing/gfortran_12.2.0_pio2.6.2_mpi_g_develop/esmf
20241013 025648.342 INFO             PET0 ESMF_COMM                   : mpi
20241013 025648.350 INFO             PET0 ESMF_MOAB                   : enabled
20241013 025648.350 INFO             PET0 ESMF_LAPACK                 : enabled
20241013 025648.350 INFO             PET0 ESMF_NETCDF                 : enabled
20241013 025648.350 INFO             PET0 ESMF_PNETCDF                : disabled
20241013 025648.350 INFO             PET0 ESMF_PIO                    : enabled
20241013 025648.350 INFO             PET0 ESMF_YAMLCPP                : enabled
20241013 025648.352 INFO             PET0 =============================================
20241013 025648.352 INFO             PET0 ESMX (Earth System Model eXecutable) STARTING
20241013 025648.352 INFO             PET0 =============================================
20241013 025648.362 INFO             PET0 =============================================
20241013 025648.362 INFO             PET0 ESMX (Earth System Model eXecutable) FINISHED
20241013 025648.362 INFO             PET0 =============================================
20241013 025648.362 INFO             PET0  Finalizing ESMF
20241013 025648.132 INFO             PET1 !!!!!!!!!!!!!!!!!!!!!!!!!!!!!!!!!!!!!!!!!!!!!!!!!!!!!!
20241013 025648.132 INFO             PET1 !!! THE ESMF_LOG IS SET TO OUTPUT ALL LOG MESSAGES !!!
20241013 025648.132 INFO             PET1 !!!     THIS MAY CAUSE SLOWDOWN IN PERFORMANCE     !!!
20241013 025648.132 INFO             PET1 !!! FOR PRODUCTION RUNS, USE:                      !!!
20241013 025648.132 INFO             PET1 !!!                   ESMF_LOGKIND_Multi_On_Error  !!!
20241013 025648.132 INFO             PET1 !!!!!!!!!!!!!!!!!!!!!!!!!!!!!!!!!!!!!!!!!!!!!!!!!!!!!!
20241013 025648.132 INFO             PET1 Running with ESMF Version   : v8.8.0b01
20241013 025648.132 INFO             PET1 ESMF library build date/time: "Oct 13 2024" "02:03:08"
20241013 025648.132 INFO             PET1 ESMF library build location : /glade/derecho/scratch/sacks/esmf-testing/gfortran_12.2.0_pio2.6.2_mpi_g_develop/esmf
20241013 025648.132 INFO             PET1 ESMF_COMM                   : mpi
20241013 025648.147 INFO             PET1 ESMF_MOAB                   : enabled
20241013 025648.147 INFO             PET1 ESMF_LAPACK                 : enabled
20241013 025648.147 INFO             PET1 ESMF_NETCDF                 : enabled
20241013 025648.147 INFO             PET1 ESMF_PNETCDF                : disabled
20241013 025648.147 INFO             PET1 ESMF_PIO                    : enabled
20241013 025648.147 INFO             PET1 ESMF_YAMLCPP                : enabled
20241013 025648.352 INFO             PET1 =============================================
20241013 025648.352 INFO             PET1 ESMX (Earth System Model eXecutable) STARTING
20241013 025648.352 INFO             PET1 =============================================
20241013 025648.362 INFO             PET1 =============================================
20241013 025648.362 INFO             PET1 ESMX (Earth System Model eXecutable) FINISHED
20241013 025648.362 INFO             PET1 =============================================
20241013 025648.362 INFO             PET1  Finalizing ESMF
20241013 025648.337 INFO             PET2 !!!!!!!!!!!!!!!!!!!!!!!!!!!!!!!!!!!!!!!!!!!!!!!!!!!!!!
20241013 025648.337 INFO             PET2 !!! THE ESMF_LOG IS SET TO OUTPUT ALL LOG MESSAGES !!!
20241013 025648.337 INFO             PET2 !!!     THIS MAY CAUSE SLOWDOWN IN PERFORMANCE     !!!
20241013 025648.337 INFO             PET2 !!! FOR PRODUCTION RUNS, USE:                      !!!
20241013 025648.337 INFO             PET2 !!!                   ESMF_LOGKIND_Multi_On_Error  !!!
20241013 025648.337 INFO             PET2 !!!!!!!!!!!!!!!!!!!!!!!!!!!!!!!!!!!!!!!!!!!!!!!!!!!!!!
20241013 025648.337 INFO             PET2 Running with ESMF Version   : v8.8.0b01
20241013 025648.337 INFO             PET2 ESMF library build date/time: "Oct 13 2024" "02:03:08"
20241013 025648.337 INFO             PET2 ESMF library build location : /glade/derecho/scratch/sacks/esmf-testing/gfortran_12.2.0_pio2.6.2_mpi_g_develop/esmf
20241013 025648.337 INFO             PET2 ESMF_COMM                   : mpi
20241013 025648.339 INFO             PET2 ESMF_MOAB                   : enabled
20241013 025648.339 INFO             PET2 ESMF_LAPACK                 : enabled
20241013 025648.339 INFO             PET2 ESMF_NETCDF                 : enabled
20241013 025648.339 INFO             PET2 ESMF_PNETCDF                : disabled
20241013 025648.339 INFO             PET2 ESMF_PIO                    : enabled
20241013 025648.339 INFO             PET2 ESMF_YAMLCPP                : enabled
20241013 025648.352 INFO             PET2 =============================================
20241013 025648.352 INFO             PET2 ESMX (Earth System Model eXecutable) STARTING
20241013 025648.352 INFO             PET2 =============================================
20241013 025648.362 INFO             PET2 =============================================
20241013 025648.362 INFO             PET2 ESMX (Earth System Model eXecutable) FINISHED
20241013 025648.362 INFO             PET2 =============================================
20241013 025648.362 INFO             PET2  Finalizing ESMF
20241013 025648.122 INFO             PET3 !!!!!!!!!!!!!!!!!!!!!!!!!!!!!!!!!!!!!!!!!!!!!!!!!!!!!!
20241013 025648.122 INFO             PET3 !!! THE ESMF_LOG IS SET TO OUTPUT ALL LOG MESSAGES !!!
20241013 025648.122 INFO             PET3 !!!     THIS MAY CAUSE SLOWDOWN IN PERFORMANCE     !!!
20241013 025648.122 INFO             PET3 !!! FOR PRODUCTION RUNS, USE:                      !!!
20241013 025648.122 INFO             PET3 !!!                   ESMF_LOGKIND_Multi_On_Error  !!!
20241013 025648.122 INFO             PET3 !!!!!!!!!!!!!!!!!!!!!!!!!!!!!!!!!!!!!!!!!!!!!!!!!!!!!!
20241013 025648.122 INFO             PET3 Running with ESMF Version   : v8.8.0b01
20241013 025648.122 INFO             PET3 ESMF library build date/time: "Oct 13 2024" "02:03:08"
20241013 025648.122 INFO             PET3 ESMF library build location : /glade/derecho/scratch/sacks/esmf-testing/gfortran_12.2.0_pio2.6.2_mpi_g_develop/esmf
20241013 025648.122 INFO             PET3 ESMF_COMM                   : mpi
20241013 025648.133 INFO             PET3 ESMF_MOAB                   : enabled
20241013 025648.133 INFO             PET3 ESMF_LAPACK                 : enabled
20241013 025648.133 INFO             PET3 ESMF_NETCDF                 : enabled
20241013 025648.133 INFO             PET3 ESMF_PNETCDF                : disabled
20241013 025648.133 INFO             PET3 ESMF_PIO                    : enabled
20241013 025648.133 INFO             PET3 ESMF_YAMLCPP                : enabled
20241013 025648.352 INFO             PET3 =============================================
20241013 025648.352 INFO             PET3 ESMX (Earth System Model eXecutable) STARTING
20241013 025648.352 INFO             PET3 =============================================
20241013 025648.362 INFO             PET3 =============================================
20241013 025648.362 INFO             PET3 ESMX (Earth System Model eXecutable) FINISHED
20241013 025648.362 INFO             PET3 =============================================
20241013 025648.362 INFO             PET3  Finalizing ESMF
