2024-10-13 03:13:07
20241013 035150.660 INFO             PET0 !!!!!!!!!!!!!!!!!!!!!!!!!!!!!!!!!!!!!!!!!!!!!!!!!!!!!!
20241013 035150.660 INFO             PET0 !!! THE ESMF_LOG IS SET TO OUTPUT ALL LOG MESSAGES !!!
20241013 035150.660 INFO             PET0 !!!     THIS MAY CAUSE SLOWDOWN IN PERFORMANCE     !!!
20241013 035150.660 INFO             PET0 !!! FOR PRODUCTION RUNS, USE:                      !!!
20241013 035150.660 INFO             PET0 !!!                   ESMF_LOGKIND_Multi_On_Error  !!!
20241013 035150.660 INFO             PET0 !!!!!!!!!!!!!!!!!!!!!!!!!!!!!!!!!!!!!!!!!!!!!!!!!!!!!!
20241013 035150.660 INFO             PET0 Running with ESMF Version   : v8.8.0b01
20241013 035150.660 INFO             PET0 ESMF library build date/time: "Oct 13 2024" "03:10:51"
20241013 035150.660 INFO             PET0 ESMF library build location : /glade/derecho/scratch/sacks/esmf-testing/intel_2023.2.1-classic_mpiuni_O_develop/esmf
20241013 035150.660 INFO             PET0 ESMF_COMM                   : mpiuni
20241013 035150.661 INFO             PET0 ESMF_MOAB                   : enabled
20241013 035150.661 INFO             PET0 ESMF_LAPACK                 : enabled
20241013 035150.661 INFO             PET0 ESMF_NETCDF                 : enabled
20241013 035150.661 INFO             PET0 ESMF_PNETCDF                : disabled
20241013 035150.661 INFO             PET0 ESMF_PIO                    : enabled
20241013 035150.661 INFO             PET0 ESMF_YAMLCPP                : enabled
20241013 035150.661 INFO             PET0 ESMF Tracing Enabled
20241013 035150.661 INFO             PET0 ESMF Profiling Enabled
20241013 035150.661 INFO             PET0 ESMF Trace/Profile clock: REALTIME
20241013 035151.939 INFO             PET0  NUMBER_OF_PROCESSORS           1
20241013 035151.939 INFO             PET0  PASS  Example ESMF_TraceUserEx, ESMF_TraceUserEx.F90, line 125
20241013 035151.939 INFO             PET0  Finalizing ESMF
20241013 035151.939 INFO             PET0 **************** Region Timings *******************
20241013 035151.939 INFO             PET0 Region                Count  Total (s)   Self (s)    Mean (s)    Min (s)     Max (s)
20241013 035151.940 INFO             PET0   [ESMF]              1      0.0009      0.0009      0.0009      0.0009      0.0009
20241013 035151.940 INFO             PET0     outer_region      1      0.0000      0.0000      0.0000      0.0000      0.0000
20241013 035151.940 INFO             PET0       inner_region_1  10     0.0000      0.0000      0.0000      0.0000      0.0000
20241013 035151.940 INFO             PET0       inner_region_2  10     0.0000      0.0000      0.0000      0.0000      0.0000
