2024-10-10 02:33:21
20241010 030424.523 INFO             PET0 !!!!!!!!!!!!!!!!!!!!!!!!!!!!!!!!!!!!!!!!!!!!!!!!!!!!!!
20241010 030424.523 INFO             PET0 !!! THE ESMF_LOG IS SET TO OUTPUT ALL LOG MESSAGES !!!
20241010 030424.523 INFO             PET0 !!!     THIS MAY CAUSE SLOWDOWN IN PERFORMANCE     !!!
20241010 030424.523 INFO             PET0 !!! FOR PRODUCTION RUNS, USE:                      !!!
20241010 030424.523 INFO             PET0 !!!                   ESMF_LOGKIND_Multi_On_Error  !!!
20241010 030424.523 INFO             PET0 !!!!!!!!!!!!!!!!!!!!!!!!!!!!!!!!!!!!!!!!!!!!!!!!!!!!!!
20241010 030424.523 INFO             PET0 Running with ESMF Version   : v8.8.0b00-12-g0d4b825343
20241010 030424.523 INFO             PET0 ESMF library build date/time: "Oct 10 2024" "02:31:13"
20241010 030424.523 INFO             PET0 ESMF library build location : /glade/derecho/scratch/sacks/esmf-testing/intel_2023.2.1-classic_mpiuni_O_develop/esmf
20241010 030424.523 INFO             PET0 ESMF_COMM                   : mpiuni
20241010 030424.524 INFO             PET0 ESMF_MOAB                   : enabled
20241010 030424.524 INFO             PET0 ESMF_LAPACK                 : enabled
20241010 030424.524 INFO             PET0 ESMF_NETCDF                 : enabled
20241010 030424.524 INFO             PET0 ESMF_PNETCDF                : disabled
20241010 030424.524 INFO             PET0 ESMF_PIO                    : enabled
20241010 030424.524 INFO             PET0 ESMF_YAMLCPP                : enabled
20241010 030424.544 DEBUG            PET0 about to destroy Grid: 0x86df80
20241010 030424.546 DEBUG            PET0 about to destroy Grid: 0x86ee50
20241010 030424.553 INFO             PET0  NUMBER_OF_PROCESSORS           1
20241010 030424.553 INFO             PET0  PASS  Example ESMF_NUOPCAtmModelEx, ESMF_NUOPCAtmModelEx.F90, line 806
20241010 030424.553 INFO             PET0  Finalizing ESMF
