2024-10-12 04:15:33
slurmstepd: error: couldn't chdir to `/tmp/intel_2023.1.0-oneAPI_mpi_g_develop/nuopc-app-prototypes/CustomFieldDictionaryProto': No such file or directory: going to /tmp instead
forrtl: severe (174): SIGSEGV, segmentation fault occurred
Image              PC                Routine            Line        Source             
libpthread-2.31.s  0000153A0E5F2910  Unknown               Unknown  Unknown
mainApp            000000000044D373  Unknown               Unknown  Unknown
mainApp            000000000044E320  Unknown               Unknown  Unknown
mainApp            000000000044D4C5  Unknown               Unknown  Unknown
libesmf.so         0000153A14AB771C  f_esmf_compcollec         516  ESMF_Comp_C.F90
libesmf.so         0000153A1465BD02  finalize                 3515  ESMCI_VM.C
libesmf.so         0000153A146258F7  c_esmc_vmfinalize        1241  ESMCI_VM_F.C
libesmf.so         0000153A156E2E3B  c_esmc_vmfinalize           0  ESMF_VM.F90
libesmf.so         0000153A156DAA02  esmf_vmfinalize          9477  ESMF_VM.F90
libesmf.so         0000153A151F133A  esmf_finalize            1721  ESMF_Init.F90
mainApp            0000000000417E23  mainapp                   149  mainApp.F90
mainApp            00000000004170BD  Unknown               Unknown  Unknown
libc-2.31.so       0000153A0E41A24D  __libc_start_main     Unknown  Unknown
mainApp            0000000000416FEA  Unknown               Unknown  Unknown
forrtl: severe (174): SIGSEGV, segmentation fault occurred
Image              PC                Routine            Line        Source             
libpthread-2.31.s  000014D521BF2910  Unknown               Unknown  Unknown
mainApp            000000000044D320  Unknown               Unknown  Unknown
mainApp            000000000044E320  Unknown               Unknown  Unknown
mainApp            000000000044D4C5  Unknown               Unknown  Unknown
libesmf.so         000014D527F7471C  f_esmf_compcollec         516  ESMF_Comp_C.F90
libesmf.so         000014D527B18D02  finalize                 3515  ESMCI_VM.C
libesmf.so         000014D527AE28F7  c_esmc_vmfinalize        1241  ESMCI_VM_F.C
libesmf.so         000014D528B9FE3B  c_esmc_vmfinalize           0  ESMF_VM.F90
libesmf.so         000014D528B97A02  esmf_vmfinalize          9477  ESMF_VM.F90
libesmf.so         000014D5286AE33A  esmf_finalize            1721  ESMF_Init.F90
mainApp            0000000000417E23  mainapp                   149  mainApp.F90
mainApp            00000000004170BD  Unknown               Unknown  Unknown
libc-2.31.so       000014D521A1A24D  __libc_start_main     Unknown  Unknown
mainApp            0000000000416FEA  Unknown               Unknown  Unknown
forrtl: severe (174): SIGSEGV, segmentation fault occurred
Image              PC                Routine            Line        Source             
libpthread-2.31.s  000014BD30BF2910  Unknown               Unknown  Unknown
mainApp            000000000044D320  Unknown               Unknown  Unknown
mainApp            000000000044E320  Unknown               Unknown  Unknown
mainApp            000000000044D4C5  Unknown               Unknown  Unknown
libesmf.so         000014BD3703571C  f_esmf_compcollec         516  ESMF_Comp_C.F90
libesmf.so         000014BD36BD9D02  finalize                 3515  ESMCI_VM.C
libesmf.so         000014BD36BA38F7  c_esmc_vmfinalize        1241  ESMCI_VM_F.C
libesmf.so         000014BD37C60E3B  c_esmc_vmfinalize           0  ESMF_VM.F90
libesmf.so         000014BD37C58A02  esmf_vmfinalize          9477  ESMF_VM.F90
libesmf.so         000014BD3776F33A  esmf_finalize            1721  ESMF_Init.F90
mainApp            0000000000417E23  mainapp                   149  mainApp.F90
mainApp            00000000004170BD  Unknown               Unknown  Unknown
libc-2.31.so       000014BD30A1A24D  __libc_start_main     Unknown  Unknown
mainApp            0000000000416FEA  Unknown               Unknown  Unknown
forrtl: severe (174): SIGSEGV, segmentation fault occurred
Image              PC                Routine            Line        Source             
libpthread-2.31.s  00001504AB1F2910  Unknown               Unknown  Unknown
mainApp            000000000044D337  Unknown               Unknown  Unknown
mainApp            000000000044E320  Unknown               Unknown  Unknown
mainApp            000000000044D4C5  Unknown               Unknown  Unknown
libesmf.so         00001504B16D771C  f_esmf_compcollec         516  ESMF_Comp_C.F90
libesmf.so         00001504B127BD02  finalize                 3515  ESMCI_VM.C
libesmf.so         00001504B12458F7  c_esmc_vmfinalize        1241  ESMCI_VM_F.C
libesmf.so         00001504B2302E3B  c_esmc_vmfinalize           0  ESMF_VM.F90
libesmf.so         00001504B22FAA02  esmf_vmfinalize          9477  ESMF_VM.F90
libesmf.so         00001504B1E1133A  esmf_finalize            1721  ESMF_Init.F90
mainApp            0000000000417E23  mainapp                   149  mainApp.F90
mainApp            00000000004170BD  Unknown               Unknown  Unknown
libc-2.31.so       00001504AB01A24D  __libc_start_main     Unknown  Unknown
mainApp            0000000000416FEA  Unknown               Unknown  Unknown
srun: error: nid006312: tasks 0-3: Exited with exit code 174
srun: Terminating StepId=31792238.383
