2024-10-12 04:15:33
slurmstepd: error: couldn't chdir to `/tmp/intel_2023.1.0-oneAPI_mpi_g_develop/nuopc-app-prototypes/DriverInDriverProto': No such file or directory: going to /tmp instead
forrtl: severe (174): SIGSEGV, segmentation fault occurred
Image              PC                Routine            Line        Source             
libpthread-2.31.s  0000150216BF2910  Unknown               Unknown  Unknown
mainApp            000000000044ED41  Unknown               Unknown  Unknown
mainApp            000000000044FD00  Unknown               Unknown  Unknown
mainApp            000000000044EEA5  Unknown               Unknown  Unknown
libesmf.so         000015021CF3071C  f_esmf_compcollec         516  ESMF_Comp_C.F90
libesmf.so         000015021CAD4D02  finalize                 3515  ESMCI_VM.C
libesmf.so         000015021CA9E8F7  c_esmc_vmfinalize        1241  ESMCI_VM_F.C
libesmf.so         000015021DB5BE3B  c_esmc_vmfinalize           0  ESMF_VM.F90
libesmf.so         000015021DB53A02  esmf_vmfinalize          9477  ESMF_VM.F90
libesmf.so         000015021D66A33A  esmf_finalize            1721  ESMF_Init.F90
mainApp            0000000000417BDE  mainapp                   102  mainApp.F90
mainApp            00000000004171BD  Unknown               Unknown  Unknown
libc-2.31.so       0000150216A1A24D  __libc_start_main     Unknown  Unknown
mainApp            00000000004170EA  Unknown               Unknown  Unknown
forrtl: severe (174): SIGSEGV, segmentation fault occurred
Image              PC                Routine            Line        Source             
libpthread-2.31.s  000014FDB15F2910  Unknown               Unknown  Unknown
mainApp            000000000044ED00  Unknown               Unknown  Unknown
mainApp            000000000044FD00  Unknown               Unknown  Unknown
mainApp            000000000044EEA5  Unknown               Unknown  Unknown
libesmf.so         000014FDB793671C  f_esmf_compcollec         516  ESMF_Comp_C.F90
libesmf.so         000014FDB74DAD02  finalize                 3515  ESMCI_VM.C
libesmf.so         000014FDB74A48F7  c_esmc_vmfinalize        1241  ESMCI_VM_F.C
libesmf.so         000014FDB8561E3B  c_esmc_vmfinalize           0  ESMF_VM.F90
libesmf.so         000014FDB8559A02  esmf_vmfinalize          9477  ESMF_VM.F90
libesmf.so         000014FDB807033A  esmf_finalize            1721  ESMF_Init.F90
mainApp            0000000000417BDE  mainapp                   102  mainApp.F90
mainApp            00000000004171BD  Unknown               Unknown  Unknown
libc-2.31.so       000014FDB141A24D  __libc_start_main     Unknown  Unknown
mainApp            00000000004170EA  Unknown               Unknown  Unknown
forrtl: severe (174): SIGSEGV, segmentation fault occurred
Image              PC                Routine            Line        Source             
libpthread-2.31.s  00001468735F2910  Unknown               Unknown  Unknown
mainApp            000000000044ED02  Unknown               Unknown  Unknown
mainApp            000000000044FD00  Unknown               Unknown  Unknown
mainApp            000000000044EEA5  Unknown               Unknown  Unknown
libesmf.so         0000146879AA871C  f_esmf_compcollec         516  ESMF_Comp_C.F90
libesmf.so         000014687964CD02  finalize                 3515  ESMCI_VM.C
libesmf.so         00001468796168F7  c_esmc_vmfinalize        1241  ESMCI_VM_F.C
libesmf.so         000014687A6D3E3B  c_esmc_vmfinalize           0  ESMF_VM.F90
libesmf.so         000014687A6CBA02  esmf_vmfinalize          9477  ESMF_VM.F90
libesmf.so         000014687A1E233A  esmf_finalize            1721  ESMF_Init.F90
mainApp            0000000000417BDE  mainapp                   102  mainApp.F90
mainApp            00000000004171BD  Unknown               Unknown  Unknown
libc-2.31.so       000014687341A24D  __libc_start_main     Unknown  Unknown
mainApp            00000000004170EA  Unknown               Unknown  Unknown
forrtl: severe (174): SIGSEGV, segmentation fault occurred
Image              PC                Routine            Line        Source             
libpthread-2.31.s  0000147E253F2910  Unknown               Unknown  Unknown
mainApp            000000000044ED17  Unknown               Unknown  Unknown
mainApp            000000000044FD00  Unknown               Unknown  Unknown
mainApp            000000000044EEA5  Unknown               Unknown  Unknown
libesmf.so         0000147E2B71F71C  f_esmf_compcollec         516  ESMF_Comp_C.F90
libesmf.so         0000147E2B2C3D02  finalize                 3515  ESMCI_VM.C
libesmf.so         0000147E2B28D8F7  c_esmc_vmfinalize        1241  ESMCI_VM_F.C
libesmf.so         0000147E2C34AE3B  c_esmc_vmfinalize           0  ESMF_VM.F90
libesmf.so         0000147E2C342A02  esmf_vmfinalize          9477  ESMF_VM.F90
libesmf.so         0000147E2BE5933A  esmf_finalize            1721  ESMF_Init.F90
mainApp            0000000000417BDE  mainapp                   102  mainApp.F90
mainApp            00000000004171BD  Unknown               Unknown  Unknown
libc-2.31.so       0000147E2521A24D  __libc_start_main     Unknown  Unknown
mainApp            00000000004170EA  Unknown               Unknown  Unknown
srun: error: nid006312: tasks 0-3: Exited with exit code 174
srun: Terminating StepId=31792238.385
