2024-10-10 05:41:43
slurmstepd: error: couldn't chdir to `/tmp/intel_2023.1.0-oneAPI_mpi_g_develop/nuopc-app-prototypes/DriverInDriverDataDepProto': No such file or directory: going to /tmp instead
forrtl: severe (174): SIGSEGV, segmentation fault occurred
Image              PC                Routine            Line        Source             
libpthread-2.31.s  000014E4513F2910  Unknown               Unknown  Unknown
mainApp            0000000000450222  Unknown               Unknown  Unknown
mainApp            0000000000451220  Unknown               Unknown  Unknown
mainApp            00000000004503C5  Unknown               Unknown  Unknown
libesmf.so         000014E4576F771C  f_esmf_compcollec         516  ESMF_Comp_C.F90
libesmf.so         000014E45729BD02  finalize                 3515  ESMCI_VM.C
libesmf.so         000014E4572658F7  c_esmc_vmfinalize        1241  ESMCI_VM_F.C
libesmf.so         000014E458322EBB  c_esmc_vmfinalize           0  ESMF_VM.F90
libesmf.so         000014E45831AA82  esmf_vmfinalize          9477  ESMF_VM.F90
libesmf.so         000014E457E313BA  esmf_finalize            1721  ESMF_Init.F90
mainApp            0000000000417EDE  mainapp                   102  mainApp.F90
mainApp            00000000004174BD  Unknown               Unknown  Unknown
libc-2.31.so       000014E45121A24D  __libc_start_main     Unknown  Unknown
mainApp            00000000004173EA  Unknown               Unknown  Unknown
forrtl: severe (174): SIGSEGV, segmentation fault occurred
Image              PC                Routine            Line        Source             
libpthread-2.31.s  00001533A3DF2910  Unknown               Unknown  Unknown
mainApp            0000000000450253  Unknown               Unknown  Unknown
mainApp            0000000000451220  Unknown               Unknown  Unknown
mainApp            00000000004503C5  Unknown               Unknown  Unknown
libesmf.so         00001533AA13371C  f_esmf_compcollec         516  ESMF_Comp_C.F90
libesmf.so         00001533A9CD7D02  finalize                 3515  ESMCI_VM.C
libesmf.so         00001533A9CA18F7  c_esmc_vmfinalize        1241  ESMCI_VM_F.C
libesmf.so         00001533AAD5EEBB  c_esmc_vmfinalize           0  ESMF_VM.F90
libesmf.so         00001533AAD56A82  esmf_vmfinalize          9477  ESMF_VM.F90
libesmf.so         00001533AA86D3BA  esmf_finalize            1721  ESMF_Init.F90
mainApp            0000000000417EDE  mainapp                   102  mainApp.F90
mainApp            00000000004174BD  Unknown               Unknown  Unknown
libc-2.31.so       00001533A3C1A24D  __libc_start_main     Unknown  Unknown
mainApp            00000000004173EA  Unknown               Unknown  Unknown
forrtl: severe (174): SIGSEGV, segmentation fault occurred
Image              PC                Routine            Line        Source             
libpthread-2.31.s  0000153B6CDF2910  Unknown               Unknown  Unknown
mainApp            0000000000450220  Unknown               Unknown  Unknown
mainApp            0000000000451220  Unknown               Unknown  Unknown
mainApp            00000000004503C5  Unknown               Unknown  Unknown
libesmf.so         0000153B7322E71C  f_esmf_compcollec         516  ESMF_Comp_C.F90
libesmf.so         0000153B72DD2D02  finalize                 3515  ESMCI_VM.C
libesmf.so         0000153B72D9C8F7  c_esmc_vmfinalize        1241  ESMCI_VM_F.C
libesmf.so         0000153B73E59EBB  c_esmc_vmfinalize           0  ESMF_VM.F90
libesmf.so         0000153B73E51A82  esmf_vmfinalize          9477  ESMF_VM.F90
libesmf.so         0000153B739683BA  esmf_finalize            1721  ESMF_Init.F90
mainApp            0000000000417EDE  mainapp                   102  mainApp.F90
mainApp            00000000004174BD  Unknown               Unknown  Unknown
libc-2.31.so       0000153B6CC1A24D  __libc_start_main     Unknown  Unknown
mainApp            00000000004173EA  Unknown               Unknown  Unknown
forrtl: severe (174): SIGSEGV, segmentation fault occurred
Image              PC                Routine            Line        Source             
libpthread-2.31.s  000014F3FA5F2910  Unknown               Unknown  Unknown
mainApp            0000000000450249  Unknown               Unknown  Unknown
mainApp            0000000000451220  Unknown               Unknown  Unknown
mainApp            00000000004503C5  Unknown               Unknown  Unknown
libesmf.so         000014F40093E71C  f_esmf_compcollec         516  ESMF_Comp_C.F90
libesmf.so         000014F4004E2D02  finalize                 3515  ESMCI_VM.C
libesmf.so         000014F4004AC8F7  c_esmc_vmfinalize        1241  ESMCI_VM_F.C
libesmf.so         000014F401569EBB  c_esmc_vmfinalize           0  ESMF_VM.F90
libesmf.so         000014F401561A82  esmf_vmfinalize          9477  ESMF_VM.F90
libesmf.so         000014F4010783BA  esmf_finalize            1721  ESMF_Init.F90
mainApp            0000000000417EDE  mainapp                   102  mainApp.F90
mainApp            00000000004174BD  Unknown               Unknown  Unknown
libc-2.31.so       000014F3FA41A24D  __libc_start_main     Unknown  Unknown
mainApp            00000000004173EA  Unknown               Unknown  Unknown
srun: error: nid004788: tasks 0-3: Exited with exit code 174
srun: Terminating StepId=31687007.380
