2024-10-12 04:15:33
slurmstepd: error: couldn't chdir to `/tmp/intel_2023.1.0-oneAPI_mpi_g_develop/nuopc-app-prototypes/NamespaceProto': No such file or directory: going to /tmp instead
forrtl: severe (174): SIGSEGV, segmentation fault occurred
Image              PC                Routine            Line        Source             
libpthread-2.31.s  000015341D3F2910  Unknown               Unknown  Unknown
mainApp            000000000044EFA7  Unknown               Unknown  Unknown
mainApp            000000000044FF90  Unknown               Unknown  Unknown
mainApp            000000000044F135  Unknown               Unknown  Unknown
libesmf.so         000015342389971C  f_esmf_compcollec         516  ESMF_Comp_C.F90
libesmf.so         000015342343DD02  finalize                 3515  ESMCI_VM.C
libesmf.so         00001534234078F7  c_esmc_vmfinalize        1241  ESMCI_VM_F.C
libesmf.so         00001534244C4E3B  c_esmc_vmfinalize           0  ESMF_VM.F90
libesmf.so         00001534244BCA02  esmf_vmfinalize          9477  ESMF_VM.F90
libesmf.so         0000153423FD333A  esmf_finalize            1721  ESMF_Init.F90
mainApp            0000000000417BDE  mainapp                   102  mainApp.F90
mainApp            00000000004171BD  Unknown               Unknown  Unknown
libc-2.31.so       000015341D21A24D  __libc_start_main     Unknown  Unknown
mainApp            00000000004170EA  Unknown               Unknown  Unknown
forrtl: severe (174): SIGSEGV, segmentation fault occurred
Image              PC                Routine            Line        Source             
libpthread-2.31.s  000014B36BBF2910  Unknown               Unknown  Unknown
mainApp            000000000044EF92  Unknown               Unknown  Unknown
mainApp            000000000044FF90  Unknown               Unknown  Unknown
mainApp            000000000044F135  Unknown               Unknown  Unknown
libesmf.so         000014B371FFE71C  f_esmf_compcollec         516  ESMF_Comp_C.F90
libesmf.so         000014B371BA2D02  finalize                 3515  ESMCI_VM.C
libesmf.so         000014B371B6C8F7  c_esmc_vmfinalize        1241  ESMCI_VM_F.C
libesmf.so         000014B372C29E3B  c_esmc_vmfinalize           0  ESMF_VM.F90
libesmf.so         000014B372C21A02  esmf_vmfinalize          9477  ESMF_VM.F90
libesmf.so         000014B37273833A  esmf_finalize            1721  ESMF_Init.F90
mainApp            0000000000417BDE  mainapp                   102  mainApp.F90
mainApp            00000000004171BD  Unknown               Unknown  Unknown
libc-2.31.so       000014B36BA1A24D  __libc_start_main     Unknown  Unknown
mainApp            00000000004170EA  Unknown               Unknown  Unknown
forrtl: severe (174): SIGSEGV, segmentation fault occurred
Image              PC                Routine            Line        Source             
libpthread-2.31.s  00001470B4BF2910  Unknown               Unknown  Unknown
mainApp            000000000044EFB9  Unknown               Unknown  Unknown
mainApp            000000000044FF90  Unknown               Unknown  Unknown
mainApp            000000000044F135  Unknown               Unknown  Unknown
libesmf.so         00001470BAFC971C  f_esmf_compcollec         516  ESMF_Comp_C.F90
libesmf.so         00001470BAB6DD02  finalize                 3515  ESMCI_VM.C
libesmf.so         00001470BAB378F7  c_esmc_vmfinalize        1241  ESMCI_VM_F.C
libesmf.so         00001470BBBF4E3B  c_esmc_vmfinalize           0  ESMF_VM.F90
libesmf.so         00001470BBBECA02  esmf_vmfinalize          9477  ESMF_VM.F90
libesmf.so         00001470BB70333A  esmf_finalize            1721  ESMF_Init.F90
mainApp            0000000000417BDE  mainapp                   102  mainApp.F90
mainApp            00000000004171BD  Unknown               Unknown  Unknown
libc-2.31.so       00001470B4A1A24D  __libc_start_main     Unknown  Unknown
mainApp            00000000004170EA  Unknown               Unknown  Unknown
forrtl: severe (174): SIGSEGV, segmentation fault occurred
Image              PC                Routine            Line        Source             
libpthread-2.31.s  000014B5281F2910  Unknown               Unknown  Unknown
mainApp            000000000044EFD1  Unknown               Unknown  Unknown
mainApp            000000000044FF90  Unknown               Unknown  Unknown
mainApp            000000000044F135  Unknown               Unknown  Unknown
libesmf.so         000014B52E57371C  f_esmf_compcollec         516  ESMF_Comp_C.F90
libesmf.so         000014B52E117D02  finalize                 3515  ESMCI_VM.C
libesmf.so         000014B52E0E18F7  c_esmc_vmfinalize        1241  ESMCI_VM_F.C
libesmf.so         000014B52F19EE3B  c_esmc_vmfinalize           0  ESMF_VM.F90
libesmf.so         000014B52F196A02  esmf_vmfinalize          9477  ESMF_VM.F90
libesmf.so         000014B52ECAD33A  esmf_finalize            1721  ESMF_Init.F90
mainApp            0000000000417BDE  mainapp                   102  mainApp.F90
mainApp            00000000004171BD  Unknown               Unknown  Unknown
libc-2.31.so       000014B52801A24D  __libc_start_main     Unknown  Unknown
mainApp            00000000004170EA  Unknown               Unknown  Unknown
srun: error: nid006312: tasks 0-3: Exited with exit code 174
srun: Terminating StepId=31792238.391
