2024-10-12 04:15:33
slurmstepd: error: couldn't chdir to `/tmp/intel_2023.1.0-oneAPI_mpi_g_develop/nuopc-app-prototypes/NestingMultipleProto': No such file or directory: going to /tmp instead
forrtl: severe (174): SIGSEGV, segmentation fault occurred
Image              PC                Routine            Line        Source             
libpthread-2.31.s  00001502643F2910  Unknown               Unknown  Unknown
mainApp            0000000000456C77  Unknown               Unknown  Unknown
mainApp            0000000000457C60  Unknown               Unknown  Unknown
mainApp            0000000000456E05  Unknown               Unknown  Unknown
libesmf.so         000015026A77C71C  f_esmf_compcollec         516  ESMF_Comp_C.F90
libesmf.so         000015026A320D02  finalize                 3515  ESMCI_VM.C
libesmf.so         000015026A2EA8F7  c_esmc_vmfinalize        1241  ESMCI_VM_F.C
libesmf.so         000015026B3A7E3B  c_esmc_vmfinalize           0  ESMF_VM.F90
libesmf.so         000015026B39FA02  esmf_vmfinalize          9477  ESMF_VM.F90
libesmf.so         000015026AEB633A  esmf_finalize            1721  ESMF_Init.F90
mainApp            000000000041860E  mainapp                   112  mainApp.F90
mainApp            0000000000417B3D  Unknown               Unknown  Unknown
libc-2.31.so       000015026421A24D  __libc_start_main     Unknown  Unknown
mainApp            0000000000417A6A  Unknown               Unknown  Unknown
forrtl: severe (174): SIGSEGV, segmentation fault occurred
Image              PC                Routine            Line        Source             
libpthread-2.31.s  00001506EB1F2910  Unknown               Unknown  Unknown
mainApp            0000000000456C60  Unknown               Unknown  Unknown
mainApp            0000000000457C60  Unknown               Unknown  Unknown
mainApp            0000000000456E05  Unknown               Unknown  Unknown
libesmf.so         00001506F157971C  f_esmf_compcollec         516  ESMF_Comp_C.F90
libesmf.so         00001506F111DD02  finalize                 3515  ESMCI_VM.C
libesmf.so         00001506F10E78F7  c_esmc_vmfinalize        1241  ESMCI_VM_F.C
libesmf.so         00001506F21A4E3B  c_esmc_vmfinalize           0  ESMF_VM.F90
libesmf.so         00001506F219CA02  esmf_vmfinalize          9477  ESMF_VM.F90
libesmf.so         00001506F1CB333A  esmf_finalize            1721  ESMF_Init.F90
mainApp            000000000041860E  mainapp                   112  mainApp.F90
mainApp            0000000000417B3D  Unknown               Unknown  Unknown
libc-2.31.so       00001506EB01A24D  __libc_start_main     Unknown  Unknown
mainApp            0000000000417A6A  Unknown               Unknown  Unknown
forrtl: severe (174): SIGSEGV, segmentation fault occurred
Image              PC                Routine            Line        Source             
libpthread-2.31.s  000014E8B93F2910  Unknown               Unknown  Unknown
mainApp            0000000000456CB3  Unknown               Unknown  Unknown
mainApp            0000000000457C60  Unknown               Unknown  Unknown
mainApp            0000000000456E05  Unknown               Unknown  Unknown
libesmf.so         000014E8BF71171C  f_esmf_compcollec         516  ESMF_Comp_C.F90
libesmf.so         000014E8BF2B5D02  finalize                 3515  ESMCI_VM.C
libesmf.so         000014E8BF27F8F7  c_esmc_vmfinalize        1241  ESMCI_VM_F.C
libesmf.so         000014E8C033CE3B  c_esmc_vmfinalize           0  ESMF_VM.F90
libesmf.so         000014E8C0334A02  esmf_vmfinalize          9477  ESMF_VM.F90
libesmf.so         000014E8BFE4B33A  esmf_finalize            1721  ESMF_Init.F90
mainApp            000000000041860E  mainapp                   112  mainApp.F90
mainApp            0000000000417B3D  Unknown               Unknown  Unknown
libc-2.31.so       000014E8B921A24D  __libc_start_main     Unknown  Unknown
mainApp            0000000000417A6A  Unknown               Unknown  Unknown
forrtl: severe (174): SIGSEGV, segmentation fault occurred
Image              PC                Routine            Line        Source             
libpthread-2.31.s  00001488EAFF2910  Unknown               Unknown  Unknown
mainApp            0000000000456CB3  Unknown               Unknown  Unknown
mainApp            0000000000457C60  Unknown               Unknown  Unknown
mainApp            0000000000456E05  Unknown               Unknown  Unknown
libesmf.so         00001488F14BD71C  f_esmf_compcollec         516  ESMF_Comp_C.F90
libesmf.so         00001488F1061D02  finalize                 3515  ESMCI_VM.C
libesmf.so         00001488F102B8F7  c_esmc_vmfinalize        1241  ESMCI_VM_F.C
libesmf.so         00001488F20E8E3B  c_esmc_vmfinalize           0  ESMF_VM.F90
libesmf.so         00001488F20E0A02  esmf_vmfinalize          9477  ESMF_VM.F90
libesmf.so         00001488F1BF733A  esmf_finalize            1721  ESMF_Init.F90
mainApp            000000000041860E  mainapp                   112  mainApp.F90
mainApp            0000000000417B3D  Unknown               Unknown  Unknown
libc-2.31.so       00001488EAE1A24D  __libc_start_main     Unknown  Unknown
mainApp            0000000000417A6A  Unknown               Unknown  Unknown
srun: error: nid006312: tasks 0-3: Exited with exit code 174
srun: Terminating StepId=31792238.392
