2024-10-10 05:41:43
slurmstepd: error: couldn't chdir to `/tmp/intel_2023.1.0-oneAPI_mpi_g_develop/nuopc-app-prototypes/NestingTelescopeMultipleProto': No such file or directory: going to /tmp instead
 NUOPC_DriverPrint for PET:           0
   Model, Mediator, and Driver components, in the order
   that they were added to the Driver:
           1 :  advectDiff_Parent
           2 :  advectDiff_Gen1Nestling0
           3 :  advectDiff_Gen1Nestling1
           4 :  advectDiff_Gen2Nestling0
   Connector components, in the order
   that they were added to the Driver:
           1 :  advectDiff_Parent-TO-advectDiff_Gen1Nestling0
           2 :  advectDiff_Parent-TO-advectDiff_Gen1Nestling1
           3 :  advectDiff_Gen1Nestling0-TO-advectDiff_Gen2Nestling0
NUOPC_RunSequenceArrayPrint: element     1 out of      2
runSeq::
 runElementPrint:      1     2     1 F T
 runElementPrint:      1     3     1 F T
 runElementPrint:      1    -1     1 F T
 runElementPrint:     -2     0     0 F T
 runElementPrint:      3    -1     1 F T
 runElementPrint:     -1    -1     0 F F
::
NUOPC_RunSequenceArrayPrint: element     2 out of      2
runSeq::
 runElementPrint:      2     4     1 F T
 runElementPrint:      2    -1     1 F T
 runElementPrint:      4    -1     1 F T
 runElementPrint:     -2    -1     0 F F
::
 NUOPC_DriverPrint for PET:           1
   Model, Mediator, and Driver components, in the order
   that they were added to the Driver:
           1 :  advectDiff_Parent
           2 :  advectDiff_Gen1Nestling0
           3 :  advectDiff_Gen1Nestling1
           4 :  advectDiff_Gen2Nestling0
   Connector components, in the order
   that they were added to the Driver:
           1 :  advectDiff_Parent-TO-advectDiff_Gen1Nestling0
           2 :  advectDiff_Parent-TO-advectDiff_Gen1Nestling1
           3 :  advectDiff_Gen1Nestling0-TO-advectDiff_Gen2Nestling0
NUOPC_RunSequenceArrayPrint: element     1 out of      2
runSeq::
 runElementPrint:      1     2     1 F T
 runElementPrint:      1     3     1 F T
 runElementPrint:      1    -1     1 F T
 runElementPrint:     -2     0     0 F T
 runElementPrint:      3    -1     1 F T
 runElementPrint:     -1    -1     0 F F
::
NUOPC_RunSequenceArrayPrint: element     2 out of      2
runSeq::
 runElementPrint:      2     4     1 F T
 runElementPrint:      2    -1     1 F T
 runElementPrint:      4    -1     1 F T
 runElementPrint:     -2    -1     0 F F
::
 NUOPC_DriverPrint for PET:           2
   Model, Mediator, and Driver components, in the order
   that they were added to the Driver:
           1 :  advectDiff_Parent
           2 :  advectDiff_Gen1Nestling0
           3 :  advectDiff_Gen1Nestling1
           4 :  advectDiff_Gen2Nestling0
   Connector components, in the order
   that they were added to the Driver:
           1 :  advectDiff_Parent-TO-advectDiff_Gen1Nestling0
           2 :  advectDiff_Parent-TO-advectDiff_Gen1Nestling1
           3 :  advectDiff_Gen1Nestling0-TO-advectDiff_Gen2Nestling0
NUOPC_RunSequenceArrayPrint: element     1 out of      2
runSeq::
 runElementPrint:      1     2     1 F T
 runElementPrint:      1     3     1 F T
 runElementPrint:      1    -1     1 F T
 runElementPrint:     -2     0     0 F T
 runElementPrint:      3    -1     1 F T
 runElementPrint:     -1    -1     0 F F
::
NUOPC_RunSequenceArrayPrint: element     2 out of      2
runSeq::
 runElementPrint:      2     4     1 F T
 runElementPrint:      2    -1     1 F T
 runElementPrint:      4    -1     1 F T
 runElementPrint:     -2    -1     0 F F
::
 NUOPC_DriverPrint for PET:           3
   Model, Mediator, and Driver components, in the order
   that they were added to the Driver:
           1 :  advectDiff_Parent
           2 :  advectDiff_Gen1Nestling0
           3 :  advectDiff_Gen1Nestling1
           4 :  advectDiff_Gen2Nestling0
   Connector components, in the order
   that they were added to the Driver:
           1 :  advectDiff_Parent-TO-advectDiff_Gen1Nestling0
           2 :  advectDiff_Parent-TO-advectDiff_Gen1Nestling1
           3 :  advectDiff_Gen1Nestling0-TO-advectDiff_Gen2Nestling0
NUOPC_RunSequenceArrayPrint: element     1 out of      2
runSeq::
 runElementPrint:      1     2     1 F T
 runElementPrint:      1     3     1 F T
 runElementPrint:      1    -1     1 F T
 runElementPrint:     -2     0     0 F T
 runElementPrint:      3    -1     1 F T
 runElementPrint:     -1    -1     0 F F
::
NUOPC_RunSequenceArrayPrint: element     2 out of      2
runSeq::
 runElementPrint:      2     4     1 F T
 runElementPrint:      2    -1     1 F T
 runElementPrint:      4    -1     1 F T
 runElementPrint:     -2    -1     0 F F
::
forrtl: severe (174): SIGSEGV, segmentation fault occurred
Image              PC                Routine            Line        Source             
libpthread-2.31.s  000014BC3AFF2910  Unknown               Unknown  Unknown
mainApp            0000000000459FF7  Unknown               Unknown  Unknown
mainApp            000000000045AFE0  Unknown               Unknown  Unknown
mainApp            000000000045A185  Unknown               Unknown  Unknown
libesmf.so         000014BC413F671C  f_esmf_compcollec         516  ESMF_Comp_C.F90
libesmf.so         000014BC40F9AD02  finalize                 3515  ESMCI_VM.C
libesmf.so         000014BC40F648F7  c_esmc_vmfinalize        1241  ESMCI_VM_F.C
libesmf.so         000014BC42021EBB  c_esmc_vmfinalize           0  ESMF_VM.F90
libesmf.so         000014BC42019A82  esmf_vmfinalize          9477  ESMF_VM.F90
libesmf.so         000014BC41B303BA  esmf_finalize            1721  ESMF_Init.F90
mainApp            000000000041870E  mainapp                   112  mainApp.F90
mainApp            0000000000417C3D  Unknown               Unknown  Unknown
libc-2.31.so       000014BC3AE1A24D  __libc_start_main     Unknown  Unknown
mainApp            0000000000417B6A  Unknown               Unknown  Unknown
forrtl: severe (174): SIGSEGV, segmentation fault occurred
Image              PC                Routine            Line        Source             
libpthread-2.31.s  000014CA899F2910  Unknown               Unknown  Unknown
mainApp            0000000000459FF7  Unknown               Unknown  Unknown
mainApp            000000000045AFE0  Unknown               Unknown  Unknown
mainApp            000000000045A185  Unknown               Unknown  Unknown
libesmf.so         000014CA8FD0971C  f_esmf_compcollec         516  ESMF_Comp_C.F90
libesmf.so         000014CA8F8ADD02  finalize                 3515  ESMCI_VM.C
libesmf.so         000014CA8F8778F7  c_esmc_vmfinalize        1241  ESMCI_VM_F.C
libesmf.so         000014CA90934EBB  c_esmc_vmfinalize           0  ESMF_VM.F90
libesmf.so         000014CA9092CA82  esmf_vmfinalize          9477  ESMF_VM.F90
libesmf.so         000014CA904433BA  esmf_finalize            1721  ESMF_Init.F90
mainApp            000000000041870E  mainapp                   112  mainApp.F90
mainApp            0000000000417C3D  Unknown               Unknown  Unknown
libc-2.31.so       000014CA8981A24D  __libc_start_main     Unknown  Unknown
mainApp            0000000000417B6A  Unknown               Unknown  Unknown
forrtl: severe (174): SIGSEGV, segmentation fault occurred
Image              PC                Routine            Line        Source             
libpthread-2.31.s  000014A1481F2910  Unknown               Unknown  Unknown
mainApp            0000000000459FE0  Unknown               Unknown  Unknown
mainApp            000000000045AFE0  Unknown               Unknown  Unknown
mainApp            000000000045A185  Unknown               Unknown  Unknown
libesmf.so         000014A14E61B71C  f_esmf_compcollec         516  ESMF_Comp_C.F90
libesmf.so         000014A14E1BFD02  finalize                 3515  ESMCI_VM.C
libesmf.so         000014A14E1898F7  c_esmc_vmfinalize        1241  ESMCI_VM_F.C
libesmf.so         000014A14F246EBB  c_esmc_vmfinalize           0  ESMF_VM.F90
libesmf.so         000014A14F23EA82  esmf_vmfinalize          9477  ESMF_VM.F90
libesmf.so         000014A14ED553BA  esmf_finalize            1721  ESMF_Init.F90
mainApp            000000000041870E  mainapp                   112  mainApp.F90
mainApp            0000000000417C3D  Unknown               Unknown  Unknown
libc-2.31.so       000014A14801A24D  __libc_start_main     Unknown  Unknown
mainApp            0000000000417B6A  Unknown               Unknown  Unknown
forrtl: severe (174): SIGSEGV, segmentation fault occurred
Image              PC                Routine            Line        Source             
libpthread-2.31.s  000014D49E5F2910  Unknown               Unknown  Unknown
mainApp            000000000045A009  Unknown               Unknown  Unknown
mainApp            000000000045AFE0  Unknown               Unknown  Unknown
mainApp            000000000045A185  Unknown               Unknown  Unknown
libesmf.so         000014D4A49FC71C  f_esmf_compcollec         516  ESMF_Comp_C.F90
libesmf.so         000014D4A45A0D02  finalize                 3515  ESMCI_VM.C
libesmf.so         000014D4A456A8F7  c_esmc_vmfinalize        1241  ESMCI_VM_F.C
libesmf.so         000014D4A5627EBB  c_esmc_vmfinalize           0  ESMF_VM.F90
libesmf.so         000014D4A561FA82  esmf_vmfinalize          9477  ESMF_VM.F90
libesmf.so         000014D4A51363BA  esmf_finalize            1721  ESMF_Init.F90
mainApp            000000000041870E  mainapp                   112  mainApp.F90
mainApp            0000000000417C3D  Unknown               Unknown  Unknown
libc-2.31.so       000014D49E41A24D  __libc_start_main     Unknown  Unknown
mainApp            0000000000417B6A  Unknown               Unknown  Unknown
srun: error: nid004788: tasks 0-3: Exited with exit code 174
srun: Terminating StepId=31687007.390
