2024-10-10 05:41:43
slurmstepd: error: couldn't chdir to `/tmp/intel_2023.1.0-oneAPI_mpi_g_develop/nuopc-app-prototypes/NestingSingleProto': No such file or directory: going to /tmp instead
forrtl: severe (174): SIGSEGV, segmentation fault occurred
Image              PC                Routine            Line        Source             
libpthread-2.31.s  0000152DBB1F2910  Unknown               Unknown  Unknown
mainApp            0000000000454C73  Unknown               Unknown  Unknown
mainApp            0000000000455C20  Unknown               Unknown  Unknown
mainApp            0000000000454DC5  Unknown               Unknown  Unknown
libesmf.so         0000152DC155871C  f_esmf_compcollec         516  ESMF_Comp_C.F90
libesmf.so         0000152DC10FCD02  finalize                 3515  ESMCI_VM.C
libesmf.so         0000152DC10C68F7  c_esmc_vmfinalize        1241  ESMCI_VM_F.C
libesmf.so         0000152DC2183EBB  c_esmc_vmfinalize           0  ESMF_VM.F90
libesmf.so         0000152DC217BA82  esmf_vmfinalize          9477  ESMF_VM.F90
libesmf.so         0000152DC1C923BA  esmf_finalize            1721  ESMF_Init.F90
mainApp            000000000041860E  mainapp                   112  mainApp.F90
mainApp            0000000000417B3D  Unknown               Unknown  Unknown
libc-2.31.so       0000152DBB01A24D  __libc_start_main     Unknown  Unknown
mainApp            0000000000417A6A  Unknown               Unknown  Unknown
forrtl: severe (174): SIGSEGV, segmentation fault occurred
Image              PC                Routine            Line        Source             
libpthread-2.31.s  00001482FCFF2910  Unknown               Unknown  Unknown
mainApp            0000000000454C73  Unknown               Unknown  Unknown
mainApp            0000000000455C20  Unknown               Unknown  Unknown
mainApp            0000000000454DC5  Unknown               Unknown  Unknown
libesmf.so         00001483033CA71C  f_esmf_compcollec         516  ESMF_Comp_C.F90
libesmf.so         0000148302F6ED02  finalize                 3515  ESMCI_VM.C
libesmf.so         0000148302F388F7  c_esmc_vmfinalize        1241  ESMCI_VM_F.C
libesmf.so         0000148303FF5EBB  c_esmc_vmfinalize           0  ESMF_VM.F90
libesmf.so         0000148303FEDA82  esmf_vmfinalize          9477  ESMF_VM.F90
libesmf.so         0000148303B043BA  esmf_finalize            1721  ESMF_Init.F90
mainApp            000000000041860E  mainapp                   112  mainApp.F90
mainApp            0000000000417B3D  Unknown               Unknown  Unknown
libc-2.31.so       00001482FCE1A24D  __libc_start_main     Unknown  Unknown
mainApp            0000000000417A6A  Unknown               Unknown  Unknown
forrtl: severe (174): SIGSEGV, segmentation fault occurred
Image              PC                Routine            Line        Source             
libpthread-2.31.s  000014979C7F2910  Unknown               Unknown  Unknown
mainApp            0000000000454C37  Unknown               Unknown  Unknown
mainApp            0000000000455C20  Unknown               Unknown  Unknown
mainApp            0000000000454DC5  Unknown               Unknown  Unknown
libesmf.so         00001497A2C7371C  f_esmf_compcollec         516  ESMF_Comp_C.F90
libesmf.so         00001497A2817D02  finalize                 3515  ESMCI_VM.C
libesmf.so         00001497A27E18F7  c_esmc_vmfinalize        1241  ESMCI_VM_F.C
libesmf.so         00001497A389EEBB  c_esmc_vmfinalize           0  ESMF_VM.F90
libesmf.so         00001497A3896A82  esmf_vmfinalize          9477  ESMF_VM.F90
libesmf.so         00001497A33AD3BA  esmf_finalize            1721  ESMF_Init.F90
mainApp            000000000041860E  mainapp                   112  mainApp.F90
mainApp            0000000000417B3D  Unknown               Unknown  Unknown
libc-2.31.so       000014979C61A24D  __libc_start_main     Unknown  Unknown
mainApp            0000000000417A6A  Unknown               Unknown  Unknown
forrtl: severe (174): SIGSEGV, segmentation fault occurred
Image              PC                Routine            Line        Source             
libpthread-2.31.s  00001474E87F2910  Unknown               Unknown  Unknown
mainApp            0000000000454C37  Unknown               Unknown  Unknown
mainApp            0000000000455C20  Unknown               Unknown  Unknown
mainApp            0000000000454DC5  Unknown               Unknown  Unknown
libesmf.so         00001474EEBCB71C  f_esmf_compcollec         516  ESMF_Comp_C.F90
libesmf.so         00001474EE76FD02  finalize                 3515  ESMCI_VM.C
libesmf.so         00001474EE7398F7  c_esmc_vmfinalize        1241  ESMCI_VM_F.C
libesmf.so         00001474EF7F6EBB  c_esmc_vmfinalize           0  ESMF_VM.F90
libesmf.so         00001474EF7EEA82  esmf_vmfinalize          9477  ESMF_VM.F90
libesmf.so         00001474EF3053BA  esmf_finalize            1721  ESMF_Init.F90
mainApp            000000000041860E  mainapp                   112  mainApp.F90
mainApp            0000000000417B3D  Unknown               Unknown  Unknown
libc-2.31.so       00001474E861A24D  __libc_start_main     Unknown  Unknown
mainApp            0000000000417A6A  Unknown               Unknown  Unknown
srun: error: nid004788: tasks 0-3: Exited with exit code 174
srun: Terminating StepId=31687007.389
