2024-10-10 05:41:43
slurmstepd: error: couldn't chdir to `/tmp/intel_2023.1.0-oneAPI_mpi_g_develop/nuopc-app-prototypes/SingleModelOpenMPProto': No such file or directory: going to /tmp instead
forrtl: severe (174): SIGSEGV, segmentation fault occurred
Image              PC                Routine            Line        Source             
libpthread-2.31.s  000014F90AFF2910  Unknown               Unknown  Unknown
mainApp            000000000044DB31  Unknown               Unknown  Unknown
mainApp            000000000044EAF0  Unknown               Unknown  Unknown
mainApp            000000000044DC95  Unknown               Unknown  Unknown
libesmf.so         000014F9116CD71C  f_esmf_compcollec         516  ESMF_Comp_C.F90
libesmf.so         000014F911271D02  finalize                 3515  ESMCI_VM.C
libesmf.so         000014F91123B8F7  c_esmc_vmfinalize        1241  ESMCI_VM_F.C
libesmf.so         000014F9122F8EBB  c_esmc_vmfinalize           0  ESMF_VM.F90
libesmf.so         000014F9122F0A82  esmf_vmfinalize          9477  ESMF_VM.F90
libesmf.so         000014F911E073BA  esmf_finalize            1721  ESMF_Init.F90
mainApp            0000000000418313  mainapp                   118  mainApp.F90
mainApp            000000000041783D  Unknown               Unknown  Unknown
libc-2.31.so       000014F90AE1A24D  __libc_start_main     Unknown  Unknown
mainApp            000000000041776A  Unknown               Unknown  Unknown
forrtl: severe (174): SIGSEGV, segmentation fault occurred
Image              PC                Routine            Line        Source             
libpthread-2.31.s  0000148A345F2910  Unknown               Unknown  Unknown
mainApp            000000000044DB50  Unknown               Unknown  Unknown
mainApp            000000000044EAF0  Unknown               Unknown  Unknown
mainApp            000000000044DC95  Unknown               Unknown  Unknown
libesmf.so         0000148A3ADC871C  f_esmf_compcollec         516  ESMF_Comp_C.F90
libesmf.so         0000148A3A96CD02  finalize                 3515  ESMCI_VM.C
libesmf.so         0000148A3A9368F7  c_esmc_vmfinalize        1241  ESMCI_VM_F.C
libesmf.so         0000148A3B9F3EBB  c_esmc_vmfinalize           0  ESMF_VM.F90
libesmf.so         0000148A3B9EBA82  esmf_vmfinalize          9477  ESMF_VM.F90
libesmf.so         0000148A3B5023BA  esmf_finalize            1721  ESMF_Init.F90
mainApp            0000000000418313  mainapp                   118  mainApp.F90
mainApp            000000000041783D  Unknown               Unknown  Unknown
libc-2.31.so       0000148A3441A24D  __libc_start_main     Unknown  Unknown
mainApp            000000000041776A  Unknown               Unknown  Unknown
srun: error: nid004788: tasks 0,2: Exited with exit code 174
srun: Terminating StepId=31687007.392
slurmstepd: error: *** STEP 31687007.392 ON nid004788 CANCELLED AT 2024-10-10T13:24:47 ***
forrtl: error (78): process killed (SIGTERM)
Image              PC                Routine            Line        Source             
libpthread-2.31.s  00001460FFFF2910  Unknown               Unknown  Unknown
libc-2.31.so       00001460FFEE1AF7  __sched_yield         Unknown  Unknown
libmpi_intel.so.1  0000146102301ADE  Unknown               Unknown  Unknown
libmpi_intel.so.1  000014610309DA16  Unknown               Unknown  Unknown
libmpi_intel.so.1  00001461030B0169  Unknown               Unknown  Unknown
libmpi_intel.so.1  0000146102FBFC82  Unknown               Unknown  Unknown
libmpi_intel.so.1  0000146101691011  Unknown               Unknown  Unknown
libmpi_intel.so.1  0000146101691138  Unknown               Unknown  Unknown
libmpi_intel.so.1  000014610329E4CB  Unknown               Unknown  Unknown
libmpi_intel.so.1  0000146101691200  Unknown               Unknown  Unknown
libmpi_intel.so.1  00001461032949D2  Unknown               Unknown  Unknown
libmpi_intel.so.1  00001461030E0E15  Unknown               Unknown  Unknown
libmpi_intel.so.1  0000146103427EDF  Unknown               Unknown  Unknown
libmpi_intel.so.1  0000146101B335BC  MPI_Finalize          Unknown  Unknown
libesmf.so         0000146106181A1C  finalize                  839  ESMCI_VMKernel.C
libesmf.so         00001461061AFE7E  finalize                 3592  ESMCI_VM.C
libesmf.so         00001461061798F7  c_esmc_vmfinalize        1241  ESMCI_VM_F.C
libesmf.so         0000146107236EBB  c_esmc_vmfinalize           0  ESMF_VM.F90
libesmf.so         000014610722EA82  esmf_vmfinalize          9477  ESMF_VM.F90
libesmf.so         0000146106D453BA  esmf_finalize            1721  ESMF_Init.F90
mainApp            0000000000418313  mainapp                   118  mainApp.F90
mainApp            000000000041783D  Unknown               Unknown  Unknown
libc-2.31.so       00001460FFE1A24D  __libc_start_main     Unknown  Unknown
mainApp            000000000041776A  Unknown               Unknown  Unknown
forrtl: error (78): process killed (SIGTERM)
Image              PC                Routine            Line        Source             
libpthread-2.31.s  0000147D227F2910  Unknown               Unknown  Unknown
libc-2.31.so       0000147D226E1AF7  __sched_yield         Unknown  Unknown
libmpi_intel.so.1  0000147D24B01ADE  Unknown               Unknown  Unknown
libmpi_intel.so.1  0000147D2589DA16  Unknown               Unknown  Unknown
libmpi_intel.so.1  0000147D258B0169  Unknown               Unknown  Unknown
libmpi_intel.so.1  0000147D257BFC82  Unknown               Unknown  Unknown
libmpi_intel.so.1  0000147D23E91011  Unknown               Unknown  Unknown
libmpi_intel.so.1  0000147D23E91138  Unknown               Unknown  Unknown
libmpi_intel.so.1  0000147D25A9E4CB  Unknown               Unknown  Unknown
libmpi_intel.so.1  0000147D23E91200  Unknown               Unknown  Unknown
libmpi_intel.so.1  0000147D25A949D2  Unknown               Unknown  Unknown
libmpi_intel.so.1  0000147D258E0E15  Unknown               Unknown  Unknown
libmpi_intel.so.1  0000147D25C27EDF  Unknown               Unknown  Unknown
libmpi_intel.so.1  0000147D243335BC  MPI_Finalize          Unknown  Unknown
libesmf.so         0000147D2896DA1C  finalize                  839  ESMCI_VMKernel.C
libesmf.so         0000147D2899BE7E  finalize                 3592  ESMCI_VM.C
libesmf.so         0000147D289658F7  c_esmc_vmfinalize        1241  ESMCI_VM_F.C
libesmf.so         0000147D29A22EBB  c_esmc_vmfinalize           0  ESMF_VM.F90
libesmf.so         0000147D29A1AA82  esmf_vmfinalize          9477  ESMF_VM.F90
libesmf.so         0000147D295313BA  esmf_finalize            1721  ESMF_Init.F90
mainApp            0000000000418313  mainapp                   118  mainApp.F90
mainApp            000000000041783D  Unknown               Unknown  Unknown
libc-2.31.so       0000147D2261A24D  __libc_start_main     Unknown  Unknown
mainApp            000000000041776A  Unknown               Unknown  Unknown
srun: error: nid004788: tasks 1,3: Exited with exit code 1
