2024-10-10 05:41:43
slurmstepd: error: couldn't chdir to `/tmp/intel_2023.1.0-oneAPI_mpi_g_develop/nuopc-app-prototypes/SingleModelProto': No such file or directory: going to /tmp instead
forrtl: severe (174): SIGSEGV, segmentation fault occurred
Image              PC                Routine            Line        Source             
libpthread-2.31.s  0000150F789F2910  Unknown               Unknown  Unknown
mainApp            000000000044BC37  Unknown               Unknown  Unknown
mainApp            000000000044CC20  Unknown               Unknown  Unknown
mainApp            000000000044BDC5  Unknown               Unknown  Unknown
libesmf.so         0000150F7EE4171C  f_esmf_compcollec         516  ESMF_Comp_C.F90
libesmf.so         0000150F7E9E5D02  finalize                 3515  ESMCI_VM.C
libesmf.so         0000150F7E9AF8F7  c_esmc_vmfinalize        1241  ESMCI_VM_F.C
libesmf.so         0000150F7FA6CEBB  c_esmc_vmfinalize           0  ESMF_VM.F90
libesmf.so         0000150F7FA64A82  esmf_vmfinalize          9477  ESMF_VM.F90
libesmf.so         0000150F7F57B3BA  esmf_finalize            1721  ESMF_Init.F90
mainApp            000000000041791E  mainapp                   102  mainApp.F90
mainApp            0000000000416EFD  Unknown               Unknown  Unknown
libc-2.31.so       0000150F7881A24D  __libc_start_main     Unknown  Unknown
mainApp            0000000000416E2A  Unknown               Unknown  Unknown
forrtl: severe (174): SIGSEGV, segmentation fault occurred
Image              PC                Routine            Line        Source             
libpthread-2.31.s  000014EFA61F2910  Unknown               Unknown  Unknown
mainApp            000000000044BC61  Unknown               Unknown  Unknown
mainApp            000000000044CC20  Unknown               Unknown  Unknown
mainApp            000000000044BDC5  Unknown               Unknown  Unknown
libesmf.so         000014EFAC55371C  f_esmf_compcollec         516  ESMF_Comp_C.F90
libesmf.so         000014EFAC0F7D02  finalize                 3515  ESMCI_VM.C
libesmf.so         000014EFAC0C18F7  c_esmc_vmfinalize        1241  ESMCI_VM_F.C
libesmf.so         000014EFAD17EEBB  c_esmc_vmfinalize           0  ESMF_VM.F90
libesmf.so         000014EFAD176A82  esmf_vmfinalize          9477  ESMF_VM.F90
libesmf.so         000014EFACC8D3BA  esmf_finalize            1721  ESMF_Init.F90
mainApp            000000000041791E  mainapp                   102  mainApp.F90
mainApp            0000000000416EFD  Unknown               Unknown  Unknown
libc-2.31.so       000014EFA601A24D  __libc_start_main     Unknown  Unknown
mainApp            0000000000416E2A  Unknown               Unknown  Unknown
forrtl: severe (174): SIGSEGV, segmentation fault occurred
Image              PC                Routine            Line        Source             
libpthread-2.31.s  000014EEFBDF2910  Unknown               Unknown  Unknown
mainApp            000000000044BC37  Unknown               Unknown  Unknown
mainApp            000000000044CC20  Unknown               Unknown  Unknown
mainApp            000000000044BDC5  Unknown               Unknown  Unknown
libesmf.so         000014EF021A271C  f_esmf_compcollec         516  ESMF_Comp_C.F90
libesmf.so         000014EF01D46D02  finalize                 3515  ESMCI_VM.C
libesmf.so         000014EF01D108F7  c_esmc_vmfinalize        1241  ESMCI_VM_F.C
libesmf.so         000014EF02DCDEBB  c_esmc_vmfinalize           0  ESMF_VM.F90
libesmf.so         000014EF02DC5A82  esmf_vmfinalize          9477  ESMF_VM.F90
libesmf.so         000014EF028DC3BA  esmf_finalize            1721  ESMF_Init.F90
mainApp            000000000041791E  mainapp                   102  mainApp.F90
mainApp            0000000000416EFD  Unknown               Unknown  Unknown
libc-2.31.so       000014EEFBC1A24D  __libc_start_main     Unknown  Unknown
mainApp            0000000000416E2A  Unknown               Unknown  Unknown
forrtl: severe (174): SIGSEGV, segmentation fault occurred
Image              PC                Routine            Line        Source             
libpthread-2.31.s  0000154B99BF2910  Unknown               Unknown  Unknown
mainApp            000000000044BC73  Unknown               Unknown  Unknown
mainApp            000000000044CC20  Unknown               Unknown  Unknown
mainApp            000000000044BDC5  Unknown               Unknown  Unknown
libesmf.so         0000154B9FF2171C  f_esmf_compcollec         516  ESMF_Comp_C.F90
libesmf.so         0000154B9FAC5D02  finalize                 3515  ESMCI_VM.C
libesmf.so         0000154B9FA8F8F7  c_esmc_vmfinalize        1241  ESMCI_VM_F.C
libesmf.so         0000154BA0B4CEBB  c_esmc_vmfinalize           0  ESMF_VM.F90
libesmf.so         0000154BA0B44A82  esmf_vmfinalize          9477  ESMF_VM.F90
libesmf.so         0000154BA065B3BA  esmf_finalize            1721  ESMF_Init.F90
mainApp            000000000041791E  mainapp                   102  mainApp.F90
mainApp            0000000000416EFD  Unknown               Unknown  Unknown
libc-2.31.so       0000154B99A1A24D  __libc_start_main     Unknown  Unknown
mainApp            0000000000416E2A  Unknown               Unknown  Unknown
srun: error: nid004788: tasks 0-3: Exited with exit code 174
srun: Terminating StepId=31687007.391
