2024-10-12 04:15:33
slurmstepd: error: couldn't chdir to `/tmp/intel_2023.1.0-oneAPI_mpi_g_develop/nuopc-app-prototypes/SingleModelOpenMPUnawareProto': No such file or directory: going to /tmp instead
forrtl: severe (174): SIGSEGV, segmentation fault occurred
Image              PC                Routine            Line        Source             
libpthread-2.31.s  0000146F731F2910  Unknown               Unknown  Unknown
mainApp            000000000044D7E7  Unknown               Unknown  Unknown
mainApp            000000000044E7D0  Unknown               Unknown  Unknown
mainApp            000000000044D975  Unknown               Unknown  Unknown
libesmf.so         0000146F7996871C  f_esmf_compcollec         516  ESMF_Comp_C.F90
libesmf.so         0000146F7950CD02  finalize                 3515  ESMCI_VM.C
libesmf.so         0000146F794D68F7  c_esmc_vmfinalize        1241  ESMCI_VM_F.C
libesmf.so         0000146F7A593E3B  c_esmc_vmfinalize           0  ESMF_VM.F90
libesmf.so         0000146F7A58BA02  esmf_vmfinalize          9477  ESMF_VM.F90
libesmf.so         0000146F7A0A233A  esmf_finalize            1721  ESMF_Init.F90
mainApp            0000000000418193  mainapp                   118  mainApp.F90
mainApp            00000000004176BD  Unknown               Unknown  Unknown
libc-2.31.so       0000146F7301A24D  __libc_start_main     Unknown  Unknown
mainApp            00000000004175EA  Unknown               Unknown  Unknown
forrtl: severe (174): SIGSEGV, segmentation fault occurred
Image              PC                Routine            Line        Source             
libpthread-2.31.s  000014A672BF2910  Unknown               Unknown  Unknown
mainApp            000000000044D7D2  Unknown               Unknown  Unknown
mainApp            000000000044E7D0  Unknown               Unknown  Unknown
mainApp            000000000044D975  Unknown               Unknown  Unknown
libesmf.so         000014A67927A71C  f_esmf_compcollec         516  ESMF_Comp_C.F90
libesmf.so         000014A678E1ED02  finalize                 3515  ESMCI_VM.C
libesmf.so         000014A678DE88F7  c_esmc_vmfinalize        1241  ESMCI_VM_F.C
libesmf.so         000014A679EA5E3B  c_esmc_vmfinalize           0  ESMF_VM.F90
libesmf.so         000014A679E9DA02  esmf_vmfinalize          9477  ESMF_VM.F90
libesmf.so         000014A6799B433A  esmf_finalize            1721  ESMF_Init.F90
mainApp            0000000000418193  mainapp                   118  mainApp.F90
mainApp            00000000004176BD  Unknown               Unknown  Unknown
libc-2.31.so       000014A672A1A24D  __libc_start_main     Unknown  Unknown
mainApp            00000000004175EA  Unknown               Unknown  Unknown
forrtl: severe (174): SIGSEGV, segmentation fault occurred
Image              PC                Routine            Line        Source             
libpthread-2.31.s  0000146AC89F2910  Unknown               Unknown  Unknown
mainApp            000000000044D823  Unknown               Unknown  Unknown
mainApp            000000000044E7D0  Unknown               Unknown  Unknown
mainApp            000000000044D975  Unknown               Unknown  Unknown
libesmf.so         0000146ACF05371C  f_esmf_compcollec         516  ESMF_Comp_C.F90
libesmf.so         0000146ACEBF7D02  finalize                 3515  ESMCI_VM.C
libesmf.so         0000146ACEBC18F7  c_esmc_vmfinalize        1241  ESMCI_VM_F.C
libesmf.so         0000146ACFC7EE3B  c_esmc_vmfinalize           0  ESMF_VM.F90
libesmf.so         0000146ACFC76A02  esmf_vmfinalize          9477  ESMF_VM.F90
libesmf.so         0000146ACF78D33A  esmf_finalize            1721  ESMF_Init.F90
mainApp            0000000000418193  mainapp                   118  mainApp.F90
mainApp            00000000004176BD  Unknown               Unknown  Unknown
libc-2.31.so       0000146AC881A24D  __libc_start_main     Unknown  Unknown
mainApp            00000000004175EA  Unknown               Unknown  Unknown
forrtl: severe (174): SIGSEGV, segmentation fault occurred
Image              PC                Routine            Line        Source             
libpthread-2.31.s  00001549681F2910  Unknown               Unknown  Unknown
mainApp            000000000044D803  Unknown               Unknown  Unknown
mainApp            000000000044E7D0  Unknown               Unknown  Unknown
mainApp            000000000044D975  Unknown               Unknown  Unknown
libesmf.so         000015496E95371C  f_esmf_compcollec         516  ESMF_Comp_C.F90
libesmf.so         000015496E4F7D02  finalize                 3515  ESMCI_VM.C
libesmf.so         000015496E4C18F7  c_esmc_vmfinalize        1241  ESMCI_VM_F.C
libesmf.so         000015496F57EE3B  c_esmc_vmfinalize           0  ESMF_VM.F90
libesmf.so         000015496F576A02  esmf_vmfinalize          9477  ESMF_VM.F90
libesmf.so         000015496F08D33A  esmf_finalize            1721  ESMF_Init.F90
mainApp            0000000000418193  mainapp                   118  mainApp.F90
mainApp            00000000004176BD  Unknown               Unknown  Unknown
libc-2.31.so       000015496801A24D  __libc_start_main     Unknown  Unknown
mainApp            00000000004175EA  Unknown               Unknown  Unknown
srun: error: nid006312: tasks 0-3: Exited with exit code 174
srun: Terminating StepId=31792238.397
