2024-10-18 01:26:37
20241018 014957.564 INFO             PET0 !!!!!!!!!!!!!!!!!!!!!!!!!!!!!!!!!!!!!!!!!!!!!!!!!!!!!!
20241018 014957.564 INFO             PET0 !!! THE ESMF_LOG IS SET TO OUTPUT ALL LOG MESSAGES !!!
20241018 014957.564 INFO             PET0 !!!     THIS MAY CAUSE SLOWDOWN IN PERFORMANCE     !!!
20241018 014957.564 INFO             PET0 !!! FOR PRODUCTION RUNS, USE:                      !!!
20241018 014957.564 INFO             PET0 !!!                   ESMF_LOGKIND_Multi_On_Error  !!!
20241018 014957.564 INFO             PET0 !!!!!!!!!!!!!!!!!!!!!!!!!!!!!!!!!!!!!!!!!!!!!!!!!!!!!!
20241018 014957.564 INFO             PET0 Running with ESMF Version   : v8.8.0b01-7-gc92d921964
20241018 014957.564 INFO             PET0 ESMF library build date/time: "Oct 18 2024" "01:24:50"
20241018 014957.564 INFO             PET0 ESMF library build location : /project/esmf/ESMF-Nightly-Testing-Izumi/gfortran_9.3.0_mpiuni_O_develop/esmf
20241018 014957.564 INFO             PET0 ESMF_COMM                   : mpiuni
20241018 014957.564 INFO             PET0 ESMF_MOAB                   : enabled
20241018 014957.564 INFO             PET0 ESMF_LAPACK                 : enabled
20241018 014957.564 INFO             PET0 ESMF_NETCDF                 : enabled
20241018 014957.564 INFO             PET0 ESMF_PNETCDF                : disabled
20241018 014957.564 INFO             PET0 ESMF_PIO                    : enabled
20241018 014957.564 INFO             PET0 ESMF_YAMLCPP                : enabled
20241018 014957.564 INFO             PET0 ESMF Tracing Enabled
20241018 014957.564 INFO             PET0 ESMF Profiling Enabled
20241018 014957.564 INFO             PET0 ESMF Trace/Profile clock: REALTIME
20241018 014957.569 INFO             PET0  NUMBER_OF_PROCESSORS           1
20241018 014957.569 INFO             PET0  PASS  Example ESMF_TraceEx, ESMF_TraceEx.F90, line 178
20241018 014957.569 INFO             PET0  Finalizing ESMF
20241018 014957.569 INFO             PET0 **************** Region Timings *******************
20241018 014957.569 INFO             PET0 Region              Count  Total (s)   Self (s)    Mean (s)    Min (s)     Max (s)
20241018 014957.569 INFO             PET0   [ESMF]            1      0.0009      0.0009      0.0009      0.0009      0.0009
20241018 014957.569 INFO             PET0     [test] Run 1    5      0.0000      0.0000      0.0000      0.0000      0.0000
20241018 014957.569 INFO             PET0     [test] Init 1   1      0.0000      0.0000      0.0000      0.0000      0.0000
20241018 014957.569 INFO             PET0     [test] Final 1  1      0.0000      0.0000      0.0000      0.0000      0.0000
