2024-10-14 07:39:35
20241014 090044.890 INFO             PET0 !!!!!!!!!!!!!!!!!!!!!!!!!!!!!!!!!!!!!!!!!!!!!!!!!!!!!!
20241014 090044.890 INFO             PET0 !!! THE ESMF_LOG IS SET TO OUTPUT ALL LOG MESSAGES !!!
20241014 090044.890 INFO             PET0 !!!     THIS MAY CAUSE SLOWDOWN IN PERFORMANCE     !!!
20241014 090044.890 INFO             PET0 !!! FOR PRODUCTION RUNS, USE:                      !!!
20241014 090044.890 INFO             PET0 !!!                   ESMF_LOGKIND_Multi_On_Error  !!!
20241014 090044.890 INFO             PET0 !!!!!!!!!!!!!!!!!!!!!!!!!!!!!!!!!!!!!!!!!!!!!!!!!!!!!!
20241014 090044.890 INFO             PET0 Running with ESMF Version   : v8.8.0b01
20241014 090044.890 INFO             PET0 ESMF library build date/time: "Oct 14 2024" "07:35:35"
20241014 090044.890 INFO             PET0 ESMF library build location : /scratch2/NCEPDEV/stmp1/Gerhard.Theurich/ESMF-Nightly-Testing/nvhpc_24.1_openmpi_g_develop/esmf
20241014 090044.890 INFO             PET0 ESMF_COMM                   : openmpi
20241014 090044.891 INFO             PET0 ESMF_MOAB                   : enabled
20241014 090044.891 INFO             PET0 ESMF_LAPACK                 : enabled
20241014 090044.891 INFO             PET0 ESMF_NETCDF                 : disabled
20241014 090044.891 INFO             PET0 ESMF_PNETCDF                : disabled
20241014 090044.891 INFO             PET0 ESMF_PIO                    : disabled
20241014 090044.891 INFO             PET0 ESMF_YAMLCPP                : enabled
20241014 090044.893 INFO             PET0 =============================================
20241014 090044.893 INFO             PET0 ESMX (Earth System Model eXecutable) STARTING
20241014 090044.893 INFO             PET0 =============================================
20241014 090044.906 INFO             PET0 =============================================
20241014 090044.906 INFO             PET0 ESMX (Earth System Model eXecutable) FINISHED
20241014 090044.906 INFO             PET0 =============================================
20241014 090044.906 INFO             PET0  Finalizing ESMF
20241014 090044.889 INFO             PET1 !!!!!!!!!!!!!!!!!!!!!!!!!!!!!!!!!!!!!!!!!!!!!!!!!!!!!!
20241014 090044.890 INFO             PET1 !!! THE ESMF_LOG IS SET TO OUTPUT ALL LOG MESSAGES !!!
20241014 090044.890 INFO             PET1 !!!     THIS MAY CAUSE SLOWDOWN IN PERFORMANCE     !!!
20241014 090044.890 INFO             PET1 !!! FOR PRODUCTION RUNS, USE:                      !!!
20241014 090044.890 INFO             PET1 !!!                   ESMF_LOGKIND_Multi_On_Error  !!!
20241014 090044.890 INFO             PET1 !!!!!!!!!!!!!!!!!!!!!!!!!!!!!!!!!!!!!!!!!!!!!!!!!!!!!!
20241014 090044.890 INFO             PET1 Running with ESMF Version   : v8.8.0b01
20241014 090044.890 INFO             PET1 ESMF library build date/time: "Oct 14 2024" "07:35:35"
20241014 090044.890 INFO             PET1 ESMF library build location : /scratch2/NCEPDEV/stmp1/Gerhard.Theurich/ESMF-Nightly-Testing/nvhpc_24.1_openmpi_g_develop/esmf
20241014 090044.890 INFO             PET1 ESMF_COMM                   : openmpi
20241014 090044.890 INFO             PET1 ESMF_MOAB                   : enabled
20241014 090044.890 INFO             PET1 ESMF_LAPACK                 : enabled
20241014 090044.890 INFO             PET1 ESMF_NETCDF                 : disabled
20241014 090044.890 INFO             PET1 ESMF_PNETCDF                : disabled
20241014 090044.890 INFO             PET1 ESMF_PIO                    : disabled
20241014 090044.890 INFO             PET1 ESMF_YAMLCPP                : enabled
20241014 090044.893 INFO             PET1 =============================================
20241014 090044.893 INFO             PET1 ESMX (Earth System Model eXecutable) STARTING
20241014 090044.893 INFO             PET1 =============================================
20241014 090044.906 INFO             PET1 =============================================
20241014 090044.906 INFO             PET1 ESMX (Earth System Model eXecutable) FINISHED
20241014 090044.906 INFO             PET1 =============================================
20241014 090044.906 INFO             PET1  Finalizing ESMF
20241014 090044.889 INFO             PET2 !!!!!!!!!!!!!!!!!!!!!!!!!!!!!!!!!!!!!!!!!!!!!!!!!!!!!!
20241014 090044.889 INFO             PET2 !!! THE ESMF_LOG IS SET TO OUTPUT ALL LOG MESSAGES !!!
20241014 090044.889 INFO             PET2 !!!     THIS MAY CAUSE SLOWDOWN IN PERFORMANCE     !!!
20241014 090044.889 INFO             PET2 !!! FOR PRODUCTION RUNS, USE:                      !!!
20241014 090044.889 INFO             PET2 !!!                   ESMF_LOGKIND_Multi_On_Error  !!!
20241014 090044.889 INFO             PET2 !!!!!!!!!!!!!!!!!!!!!!!!!!!!!!!!!!!!!!!!!!!!!!!!!!!!!!
20241014 090044.889 INFO             PET2 Running with ESMF Version   : v8.8.0b01
20241014 090044.889 INFO             PET2 ESMF library build date/time: "Oct 14 2024" "07:35:35"
20241014 090044.889 INFO             PET2 ESMF library build location : /scratch2/NCEPDEV/stmp1/Gerhard.Theurich/ESMF-Nightly-Testing/nvhpc_24.1_openmpi_g_develop/esmf
20241014 090044.889 INFO             PET2 ESMF_COMM                   : openmpi
20241014 090044.889 INFO             PET2 ESMF_MOAB                   : enabled
20241014 090044.889 INFO             PET2 ESMF_LAPACK                 : enabled
20241014 090044.890 INFO             PET2 ESMF_NETCDF                 : disabled
20241014 090044.890 INFO             PET2 ESMF_PNETCDF                : disabled
20241014 090044.890 INFO             PET2 ESMF_PIO                    : disabled
20241014 090044.890 INFO             PET2 ESMF_YAMLCPP                : enabled
20241014 090044.893 INFO             PET2 =============================================
20241014 090044.893 INFO             PET2 ESMX (Earth System Model eXecutable) STARTING
20241014 090044.893 INFO             PET2 =============================================
20241014 090044.906 INFO             PET2 =============================================
20241014 090044.906 INFO             PET2 ESMX (Earth System Model eXecutable) FINISHED
20241014 090044.906 INFO             PET2 =============================================
20241014 090044.906 INFO             PET2  Finalizing ESMF
20241014 090044.889 INFO             PET3 !!!!!!!!!!!!!!!!!!!!!!!!!!!!!!!!!!!!!!!!!!!!!!!!!!!!!!
20241014 090044.889 INFO             PET3 !!! THE ESMF_LOG IS SET TO OUTPUT ALL LOG MESSAGES !!!
20241014 090044.889 INFO             PET3 !!!     THIS MAY CAUSE SLOWDOWN IN PERFORMANCE     !!!
20241014 090044.889 INFO             PET3 !!! FOR PRODUCTION RUNS, USE:                      !!!
20241014 090044.889 INFO             PET3 !!!                   ESMF_LOGKIND_Multi_On_Error  !!!
20241014 090044.889 INFO             PET3 !!!!!!!!!!!!!!!!!!!!!!!!!!!!!!!!!!!!!!!!!!!!!!!!!!!!!!
20241014 090044.889 INFO             PET3 Running with ESMF Version   : v8.8.0b01
20241014 090044.889 INFO             PET3 ESMF library build date/time: "Oct 14 2024" "07:35:35"
20241014 090044.889 INFO             PET3 ESMF library build location : /scratch2/NCEPDEV/stmp1/Gerhard.Theurich/ESMF-Nightly-Testing/nvhpc_24.1_openmpi_g_develop/esmf
20241014 090044.889 INFO             PET3 ESMF_COMM                   : openmpi
20241014 090044.890 INFO             PET3 ESMF_MOAB                   : enabled
20241014 090044.890 INFO             PET3 ESMF_LAPACK                 : enabled
20241014 090044.890 INFO             PET3 ESMF_NETCDF                 : disabled
20241014 090044.890 INFO             PET3 ESMF_PNETCDF                : disabled
20241014 090044.890 INFO             PET3 ESMF_PIO                    : disabled
20241014 090044.890 INFO             PET3 ESMF_YAMLCPP                : enabled
20241014 090044.893 INFO             PET3 =============================================
20241014 090044.893 INFO             PET3 ESMX (Earth System Model eXecutable) STARTING
20241014 090044.893 INFO             PET3 =============================================
20241014 090044.906 INFO             PET3 =============================================
20241014 090044.906 INFO             PET3 ESMX (Earth System Model eXecutable) FINISHED
20241014 090044.906 INFO             PET3 =============================================
20241014 090044.906 INFO             PET3  Finalizing ESMF
