2024-10-09 07:42:39
20241009 090319.562 INFO             PET0 !!!!!!!!!!!!!!!!!!!!!!!!!!!!!!!!!!!!!!!!!!!!!!!!!!!!!!
20241009 090319.562 INFO             PET0 !!! THE ESMF_LOG IS SET TO OUTPUT ALL LOG MESSAGES !!!
20241009 090319.562 INFO             PET0 !!!     THIS MAY CAUSE SLOWDOWN IN PERFORMANCE     !!!
20241009 090319.562 INFO             PET0 !!! FOR PRODUCTION RUNS, USE:                      !!!
20241009 090319.562 INFO             PET0 !!!                   ESMF_LOGKIND_Multi_On_Error  !!!
20241009 090319.562 INFO             PET0 !!!!!!!!!!!!!!!!!!!!!!!!!!!!!!!!!!!!!!!!!!!!!!!!!!!!!!
20241009 090319.562 INFO             PET0 Running with ESMF Version   : v8.8.0b00-12-g0d4b825343
20241009 090319.562 INFO             PET0 ESMF library build date/time: "Oct  9 2024" "07:38:48"
20241009 090319.562 INFO             PET0 ESMF library build location : /scratch2/NCEPDEV/stmp1/Gerhard.Theurich/ESMF-Nightly-Testing/nvhpc_24.1_openmpi_g_develop/esmf
20241009 090319.562 INFO             PET0 ESMF_COMM                   : openmpi
20241009 090319.562 INFO             PET0 ESMF_MOAB                   : enabled
20241009 090319.562 INFO             PET0 ESMF_LAPACK                 : enabled
20241009 090319.562 INFO             PET0 ESMF_NETCDF                 : disabled
20241009 090319.562 INFO             PET0 ESMF_PNETCDF                : disabled
20241009 090319.562 INFO             PET0 ESMF_PIO                    : disabled
20241009 090319.562 INFO             PET0 ESMF_YAMLCPP                : enabled
20241009 090319.566 INFO             PET0 =============================================
20241009 090319.566 INFO             PET0 ESMX (Earth System Model eXecutable) STARTING
20241009 090319.566 INFO             PET0 =============================================
20241009 090319.574 INFO             PET0 ESMX_Driver: InitializeGeneric intro.
20241009 090319.574 INFO             PET0   ESMX_Driver: InitializeP0 intro.
20241009 090319.574 INFO             PET0   ESMX_Driver: InitializeP0 extro.
20241009 090319.574 INFO             PET0   ESMX_Driver: InitializeIPDv02p1 intro.
20241009 090319.574 INFO             PET0     >>>ESMX_Driver: entered Initialize (phase=<none>) without valid internal Clock.
20241009 090319.578 INFO             PET0     ESMX_Driver - Creating model component ABC without petList.
20241009 090319.579 DEBUG            PET0     Generic SetVM() is executing for: ABC
20241009 090319.579 DEBUG            PET0     Generic SetVM() found no NUOPC Hint for: ABC
20241009 090319.579 DEBUG            PET0     Generic SetVM() therefore is NOT calling ESMF_GridCompSetVMMaxPEs() for: ABC
20241009 090319.583 INFO             PET0     ABC: InitializeP0 intro.
20241009 090319.583 INFO             PET0       >>>ABC: entered Initialize (phase=<none>) without valid internal Clock.
20241009 090319.585 INFO             PET0       <<<ABC: leaving Initialize (phase=<none>) without valid internal Clock.
20241009 090319.585 INFO             PET0     ABC: InitializeP0 extro.
20241009 090319.588 INFO             PET0     ESMX_Driver: IInitAdvertise intro.
20241009 090319.588 INFO             PET0     ESMX_Driver: IInitAdvertise extro.
20241009 090319.589 INFO             PET0     ABC: InitializeIPDvXp01 intro.
20241009 090319.589 INFO             PET0       >>>ABC: entered Initialize (phase=IPDvXp01) without valid internal Clock.
20241009 090319.589 INFO             PET0       <<<ABC: leaving Initialize (phase=IPDvXp01) without valid internal Clock.
20241009 090319.589 INFO             PET0     ABC: InitializeIPDvXp01 extro.
20241009 090319.590 INFO             PET0     ESMX_Driver: IInitAdvertiseFinish intro.
20241009 090319.590 INFO             PET0     ESMX_Driver: IInitAdvertiseFinish extro.
20241009 090319.591 INFO             PET0     ESMX_Driver: IInitModifyCplLists intro.
20241009 090319.591 INFO             PET0     ESMX_Driver: IInitModifyCplLists extro.
20241009 090319.591 INFO             PET0     <<<ESMX_Driver: leaving Initialize (phase=<none>) with current time: 2012 10 24  8  0  0   0
20241009 090319.591 INFO             PET0   ESMX_Driver: InitializeIPDv02p1 extro.
20241009 090319.591 INFO             PET0   ESMX_Driver: InitializeIPDv02p3 intro.
20241009 090319.591 INFO             PET0     >>>ESMX_Driver: entered Initialize (phase=<none>) with current time: 2012 10 24  8  0  0   0
20241009 090319.591 INFO             PET0     ESMX_Driver: IInitCheck intro.
20241009 090319.591 INFO             PET0     ESMX_Driver: IInitCheck extro.
20241009 090319.591 INFO             PET0     ABC: InitializeIPDvXp04 intro.
20241009 090319.592 INFO             PET0       >>>ABC: entered Initialize (phase=IPDvXp04) without valid internal Clock.
20241009 090319.593 INFO             PET0       <<<ABC: leaving Initialize (phase=IPDvXp04) without valid internal Clock.
20241009 090319.593 INFO             PET0     ABC: InitializeIPDvXp04 extro.
20241009 090319.594 INFO             PET0     ESMX_Driver: IInitRealize intro.
20241009 090319.594 INFO             PET0     ESMX_Driver: IInitRealize extro.
20241009 090319.594 INFO             PET0     ABC: InitializeIPDvXp07 intro.
20241009 090319.594 INFO             PET0       >>>ABC: entered Initialize (phase=IPDvXp07) without valid internal Clock.
20241009 090319.594 INFO             PET0       <<<ABC: leaving Initialize (phase=IPDvXp07) with current time: 2012 10 24  8  0  0   0
20241009 090319.594 INFO             PET0     ABC: InitializeIPDvXp07 extro.
20241009 090319.594 INFO             PET0     <<<ESMX_Driver: leaving Initialize (phase=<none>) with current time: 2012 10 24  8  0  0   0
20241009 090319.594 INFO             PET0   ESMX_Driver: InitializeIPDv02p3 extro.
20241009 090319.595 INFO             PET0   ESMX_Driver: InitializeIPDv02p5 intro.
20241009 090319.595 INFO             PET0     >>>ESMX_Driver: entered Initialize (phase=<none>) with current time: 2012 10 24  8  0  0   0
20241009 090319.595 INFO             PET0     ESMX_Driver: InitializeIPDv02p5Data intro.
20241009 090319.595 INFO             PET0       ESMX_Driver: InternalInitializeComplete intro.
20241009 090319.595 INFO             PET0       ESMX_Driver: InternalInitializeComplete extro.
20241009 090319.595 INFO             PET0       ABC: InitializeIPDvXp08 intro.
20241009 090319.595 INFO             PET0         >>>ABC: entered Initialize (phase=IPDv05p8) with current time: 2012 10 24  8  0  0   0
20241009 090319.596 INFO             PET0         <<<ABC: leaving Initialize (phase=IPDv05p8) with current time: 2012 10 24  8  0  0   0
20241009 090319.596 INFO             PET0       ABC: InitializeIPDvXp08 extro.
20241009 090319.597 INFO             PET0       ESMX_Driver: loopDataDependentInitialize intro.
20241009 090319.597 INFO             PET0       ESMX_Driver: loopDataDependentInitialize extro.
20241009 090319.597 INFO             PET0     ESMX_Driver: InitializeIPDv02p5Data extro.
20241009 090319.597 INFO             PET0     <<<ESMX_Driver: leaving Initialize (phase=<none>) with current time: 2012 10 24  8  0  0   0
20241009 090319.597 INFO             PET0   ESMX_Driver: InitializeIPDv02p5 extro.
20241009 090319.597 INFO             PET0 ESMX_Driver: InitializeGeneric extro.
20241009 090319.597 INFO             PET0 ESMX_Driver: Run intro.
20241009 090319.597 INFO             PET0   >>>ESMX_Driver: entered Run (phase=RunPhase1) with current time: 2012 10 24  8  0  0   0
20241009 090319.597 INFO             PET0   ABC: Run intro.
20241009 090319.597 INFO             PET0     >>>ABC: entered Run (phase=RunPhase1) with current time: 2012 10 24  8  0  0   0
20241009 090319.598 INFO             PET0     <<<ABC: leaving Run (phase=RunPhase1) with current time: 2012 10 24 20  0  0   0
20241009 090319.598 INFO             PET0   ABC: Run extro.
20241009 090319.598 INFO             PET0   <<<ESMX_Driver: leaving Run (phase=RunPhase1) with current time: 2012 10 24 20  0  0   0
20241009 090319.598 INFO             PET0 ESMX_Driver: Run extro.
20241009 090319.598 INFO             PET0 ESMX_Driver: Finalize intro.
20241009 090319.598 INFO             PET0   Calling Finalize phase 1 for modelComp: ABC
20241009 090319.598 INFO             PET0   ABC: Finalize intro.
20241009 090319.598 INFO             PET0     >>>ABC: entered Finalize (phase=FinalizePhase1) with current time: 2012 10 24 20  0  0   0
20241009 090319.598 INFO             PET0     <<<ABC: leaving Finalize (phase=FinalizePhase1) with current time: 2012 10 24 20  0  0   0
20241009 090319.598 INFO             PET0   ABC: Finalize extro.
20241009 090319.598 INFO             PET0   Delete modelComp: ABC
20241009 090319.598 INFO             PET0 ESMX_Driver: Finalize extro.
20241009 090319.599 INFO             PET0 =============================================
20241009 090319.599 INFO             PET0 ESMX (Earth System Model eXecutable) FINISHED
20241009 090319.599 INFO             PET0 =============================================
20241009 090319.599 INFO             PET0  Finalizing ESMF
20241009 090319.562 INFO             PET1 !!!!!!!!!!!!!!!!!!!!!!!!!!!!!!!!!!!!!!!!!!!!!!!!!!!!!!
20241009 090319.562 INFO             PET1 !!! THE ESMF_LOG IS SET TO OUTPUT ALL LOG MESSAGES !!!
20241009 090319.562 INFO             PET1 !!!     THIS MAY CAUSE SLOWDOWN IN PERFORMANCE     !!!
20241009 090319.562 INFO             PET1 !!! FOR PRODUCTION RUNS, USE:                      !!!
20241009 090319.562 INFO             PET1 !!!                   ESMF_LOGKIND_Multi_On_Error  !!!
20241009 090319.562 INFO             PET1 !!!!!!!!!!!!!!!!!!!!!!!!!!!!!!!!!!!!!!!!!!!!!!!!!!!!!!
20241009 090319.562 INFO             PET1 Running with ESMF Version   : v8.8.0b00-12-g0d4b825343
20241009 090319.562 INFO             PET1 ESMF library build date/time: "Oct  9 2024" "07:38:48"
20241009 090319.562 INFO             PET1 ESMF library build location : /scratch2/NCEPDEV/stmp1/Gerhard.Theurich/ESMF-Nightly-Testing/nvhpc_24.1_openmpi_g_develop/esmf
20241009 090319.562 INFO             PET1 ESMF_COMM                   : openmpi
20241009 090319.563 INFO             PET1 ESMF_MOAB                   : enabled
20241009 090319.563 INFO             PET1 ESMF_LAPACK                 : enabled
20241009 090319.563 INFO             PET1 ESMF_NETCDF                 : disabled
20241009 090319.563 INFO             PET1 ESMF_PNETCDF                : disabled
20241009 090319.563 INFO             PET1 ESMF_PIO                    : disabled
20241009 090319.563 INFO             PET1 ESMF_YAMLCPP                : enabled
20241009 090319.566 INFO             PET1 =============================================
20241009 090319.566 INFO             PET1 ESMX (Earth System Model eXecutable) STARTING
20241009 090319.566 INFO             PET1 =============================================
20241009 090319.574 INFO             PET1 ESMX_Driver: InitializeGeneric intro.
20241009 090319.574 INFO             PET1   ESMX_Driver: InitializeP0 intro.
20241009 090319.574 INFO             PET1   ESMX_Driver: InitializeP0 extro.
20241009 090319.574 INFO             PET1   ESMX_Driver: InitializeIPDv02p1 intro.
20241009 090319.574 INFO             PET1     >>>ESMX_Driver: entered Initialize (phase=<none>) without valid internal Clock.
20241009 090319.578 INFO             PET1     ESMX_Driver - Creating model component ABC without petList.
20241009 090319.579 DEBUG            PET1     Generic SetVM() is executing for: ABC
20241009 090319.579 DEBUG            PET1     Generic SetVM() found no NUOPC Hint for: ABC
20241009 090319.579 DEBUG            PET1     Generic SetVM() therefore is NOT calling ESMF_GridCompSetVMMaxPEs() for: ABC
20241009 090319.583 INFO             PET1     ABC: InitializeP0 intro.
20241009 090319.584 INFO             PET1       >>>ABC: entered Initialize (phase=<none>) without valid internal Clock.
20241009 090319.585 INFO             PET1       <<<ABC: leaving Initialize (phase=<none>) without valid internal Clock.
20241009 090319.585 INFO             PET1     ABC: InitializeP0 extro.
20241009 090319.589 INFO             PET1     ESMX_Driver: IInitAdvertise intro.
20241009 090319.589 INFO             PET1     ESMX_Driver: IInitAdvertise extro.
20241009 090319.589 INFO             PET1     ABC: InitializeIPDvXp01 intro.
20241009 090319.589 INFO             PET1       >>>ABC: entered Initialize (phase=IPDvXp01) without valid internal Clock.
20241009 090319.590 INFO             PET1       <<<ABC: leaving Initialize (phase=IPDvXp01) without valid internal Clock.
20241009 090319.590 INFO             PET1     ABC: InitializeIPDvXp01 extro.
20241009 090319.591 INFO             PET1     ESMX_Driver: IInitAdvertiseFinish intro.
20241009 090319.591 INFO             PET1     ESMX_Driver: IInitAdvertiseFinish extro.
20241009 090319.591 INFO             PET1     ESMX_Driver: IInitModifyCplLists intro.
20241009 090319.591 INFO             PET1     ESMX_Driver: IInitModifyCplLists extro.
20241009 090319.591 INFO             PET1     <<<ESMX_Driver: leaving Initialize (phase=<none>) with current time: 2012 10 24  8  0  0   0
20241009 090319.591 INFO             PET1   ESMX_Driver: InitializeIPDv02p1 extro.
20241009 090319.591 INFO             PET1   ESMX_Driver: InitializeIPDv02p3 intro.
20241009 090319.591 INFO             PET1     >>>ESMX_Driver: entered Initialize (phase=<none>) with current time: 2012 10 24  8  0  0   0
20241009 090319.591 INFO             PET1     ESMX_Driver: IInitCheck intro.
20241009 090319.592 INFO             PET1     ESMX_Driver: IInitCheck extro.
20241009 090319.592 INFO             PET1     ABC: InitializeIPDvXp04 intro.
20241009 090319.592 INFO             PET1       >>>ABC: entered Initialize (phase=IPDvXp04) without valid internal Clock.
20241009 090319.593 INFO             PET1       <<<ABC: leaving Initialize (phase=IPDvXp04) without valid internal Clock.
20241009 090319.593 INFO             PET1     ABC: InitializeIPDvXp04 extro.
20241009 090319.594 INFO             PET1     ESMX_Driver: IInitRealize intro.
20241009 090319.594 INFO             PET1     ESMX_Driver: IInitRealize extro.
20241009 090319.594 INFO             PET1     ABC: InitializeIPDvXp07 intro.
20241009 090319.594 INFO             PET1       >>>ABC: entered Initialize (phase=IPDvXp07) without valid internal Clock.
20241009 090319.595 INFO             PET1       <<<ABC: leaving Initialize (phase=IPDvXp07) with current time: 2012 10 24  8  0  0   0
20241009 090319.595 INFO             PET1     ABC: InitializeIPDvXp07 extro.
20241009 090319.595 INFO             PET1     <<<ESMX_Driver: leaving Initialize (phase=<none>) with current time: 2012 10 24  8  0  0   0
20241009 090319.595 INFO             PET1   ESMX_Driver: InitializeIPDv02p3 extro.
20241009 090319.595 INFO             PET1   ESMX_Driver: InitializeIPDv02p5 intro.
20241009 090319.595 INFO             PET1     >>>ESMX_Driver: entered Initialize (phase=<none>) with current time: 2012 10 24  8  0  0   0
20241009 090319.595 INFO             PET1     ESMX_Driver: InitializeIPDv02p5Data intro.
20241009 090319.595 INFO             PET1       ESMX_Driver: InternalInitializeComplete intro.
20241009 090319.595 INFO             PET1       ESMX_Driver: InternalInitializeComplete extro.
20241009 090319.595 INFO             PET1       ABC: InitializeIPDvXp08 intro.
20241009 090319.595 INFO             PET1         >>>ABC: entered Initialize (phase=IPDv05p8) with current time: 2012 10 24  8  0  0   0
20241009 090319.596 INFO             PET1         <<<ABC: leaving Initialize (phase=IPDv05p8) with current time: 2012 10 24  8  0  0   0
20241009 090319.596 INFO             PET1       ABC: InitializeIPDvXp08 extro.
20241009 090319.597 INFO             PET1       ESMX_Driver: loopDataDependentInitialize intro.
20241009 090319.597 INFO             PET1       ESMX_Driver: loopDataDependentInitialize extro.
20241009 090319.597 INFO             PET1     ESMX_Driver: InitializeIPDv02p5Data extro.
20241009 090319.597 INFO             PET1     <<<ESMX_Driver: leaving Initialize (phase=<none>) with current time: 2012 10 24  8  0  0   0
20241009 090319.597 INFO             PET1   ESMX_Driver: InitializeIPDv02p5 extro.
20241009 090319.597 INFO             PET1 ESMX_Driver: InitializeGeneric extro.
20241009 090319.597 INFO             PET1 ESMX_Driver: Run intro.
20241009 090319.597 INFO             PET1   >>>ESMX_Driver: entered Run (phase=RunPhase1) with current time: 2012 10 24  8  0  0   0
20241009 090319.597 INFO             PET1   ABC: Run intro.
20241009 090319.597 INFO             PET1     >>>ABC: entered Run (phase=RunPhase1) with current time: 2012 10 24  8  0  0   0
20241009 090319.598 INFO             PET1     <<<ABC: leaving Run (phase=RunPhase1) with current time: 2012 10 24 20  0  0   0
20241009 090319.598 INFO             PET1   ABC: Run extro.
20241009 090319.598 INFO             PET1   <<<ESMX_Driver: leaving Run (phase=RunPhase1) with current time: 2012 10 24 20  0  0   0
20241009 090319.598 INFO             PET1 ESMX_Driver: Run extro.
20241009 090319.598 INFO             PET1 ESMX_Driver: Finalize intro.
20241009 090319.598 INFO             PET1   Calling Finalize phase 1 for modelComp: ABC
20241009 090319.598 INFO             PET1   ABC: Finalize intro.
20241009 090319.598 INFO             PET1     >>>ABC: entered Finalize (phase=FinalizePhase1) with current time: 2012 10 24 20  0  0   0
20241009 090319.598 INFO             PET1     <<<ABC: leaving Finalize (phase=FinalizePhase1) with current time: 2012 10 24 20  0  0   0
20241009 090319.598 INFO             PET1   ABC: Finalize extro.
20241009 090319.598 INFO             PET1   Delete modelComp: ABC
20241009 090319.598 INFO             PET1 ESMX_Driver: Finalize extro.
20241009 090319.599 INFO             PET1 =============================================
20241009 090319.599 INFO             PET1 ESMX (Earth System Model eXecutable) FINISHED
20241009 090319.599 INFO             PET1 =============================================
20241009 090319.599 INFO             PET1  Finalizing ESMF
20241009 090319.562 INFO             PET2 !!!!!!!!!!!!!!!!!!!!!!!!!!!!!!!!!!!!!!!!!!!!!!!!!!!!!!
20241009 090319.562 INFO             PET2 !!! THE ESMF_LOG IS SET TO OUTPUT ALL LOG MESSAGES !!!
20241009 090319.562 INFO             PET2 !!!     THIS MAY CAUSE SLOWDOWN IN PERFORMANCE     !!!
20241009 090319.562 INFO             PET2 !!! FOR PRODUCTION RUNS, USE:                      !!!
20241009 090319.562 INFO             PET2 !!!                   ESMF_LOGKIND_Multi_On_Error  !!!
20241009 090319.562 INFO             PET2 !!!!!!!!!!!!!!!!!!!!!!!!!!!!!!!!!!!!!!!!!!!!!!!!!!!!!!
20241009 090319.562 INFO             PET2 Running with ESMF Version   : v8.8.0b00-12-g0d4b825343
20241009 090319.562 INFO             PET2 ESMF library build date/time: "Oct  9 2024" "07:38:48"
20241009 090319.562 INFO             PET2 ESMF library build location : /scratch2/NCEPDEV/stmp1/Gerhard.Theurich/ESMF-Nightly-Testing/nvhpc_24.1_openmpi_g_develop/esmf
20241009 090319.562 INFO             PET2 ESMF_COMM                   : openmpi
20241009 090319.562 INFO             PET2 ESMF_MOAB                   : enabled
20241009 090319.562 INFO             PET2 ESMF_LAPACK                 : enabled
20241009 090319.562 INFO             PET2 ESMF_NETCDF                 : disabled
20241009 090319.562 INFO             PET2 ESMF_PNETCDF                : disabled
20241009 090319.562 INFO             PET2 ESMF_PIO                    : disabled
20241009 090319.562 INFO             PET2 ESMF_YAMLCPP                : enabled
20241009 090319.566 INFO             PET2 =============================================
20241009 090319.566 INFO             PET2 ESMX (Earth System Model eXecutable) STARTING
20241009 090319.566 INFO             PET2 =============================================
20241009 090319.574 INFO             PET2 ESMX_Driver: InitializeGeneric intro.
20241009 090319.574 INFO             PET2   ESMX_Driver: InitializeP0 intro.
20241009 090319.574 INFO             PET2   ESMX_Driver: InitializeP0 extro.
20241009 090319.574 INFO             PET2   ESMX_Driver: InitializeIPDv02p1 intro.
20241009 090319.574 INFO             PET2     >>>ESMX_Driver: entered Initialize (phase=<none>) without valid internal Clock.
20241009 090319.578 INFO             PET2     ESMX_Driver - Creating model component ABC without petList.
20241009 090319.579 DEBUG            PET2     Generic SetVM() is executing for: ABC
20241009 090319.579 DEBUG            PET2     Generic SetVM() found no NUOPC Hint for: ABC
20241009 090319.579 DEBUG            PET2     Generic SetVM() therefore is NOT calling ESMF_GridCompSetVMMaxPEs() for: ABC
20241009 090319.583 INFO             PET2     ABC: InitializeP0 intro.
20241009 090319.583 INFO             PET2       >>>ABC: entered Initialize (phase=<none>) without valid internal Clock.
20241009 090319.585 INFO             PET2       <<<ABC: leaving Initialize (phase=<none>) without valid internal Clock.
20241009 090319.585 INFO             PET2     ABC: InitializeP0 extro.
20241009 090319.589 INFO             PET2     ESMX_Driver: IInitAdvertise intro.
20241009 090319.589 INFO             PET2     ESMX_Driver: IInitAdvertise extro.
20241009 090319.589 INFO             PET2     ABC: InitializeIPDvXp01 intro.
20241009 090319.589 INFO             PET2       >>>ABC: entered Initialize (phase=IPDvXp01) without valid internal Clock.
20241009 090319.590 INFO             PET2       <<<ABC: leaving Initialize (phase=IPDvXp01) without valid internal Clock.
20241009 090319.590 INFO             PET2     ABC: InitializeIPDvXp01 extro.
20241009 090319.591 INFO             PET2     ESMX_Driver: IInitAdvertiseFinish intro.
20241009 090319.591 INFO             PET2     ESMX_Driver: IInitAdvertiseFinish extro.
20241009 090319.591 INFO             PET2     ESMX_Driver: IInitModifyCplLists intro.
20241009 090319.591 INFO             PET2     ESMX_Driver: IInitModifyCplLists extro.
20241009 090319.591 INFO             PET2     <<<ESMX_Driver: leaving Initialize (phase=<none>) with current time: 2012 10 24  8  0  0   0
20241009 090319.591 INFO             PET2   ESMX_Driver: InitializeIPDv02p1 extro.
20241009 090319.591 INFO             PET2   ESMX_Driver: InitializeIPDv02p3 intro.
20241009 090319.591 INFO             PET2     >>>ESMX_Driver: entered Initialize (phase=<none>) with current time: 2012 10 24  8  0  0   0
20241009 090319.591 INFO             PET2     ESMX_Driver: IInitCheck intro.
20241009 090319.591 INFO             PET2     ESMX_Driver: IInitCheck extro.
20241009 090319.592 INFO             PET2     ABC: InitializeIPDvXp04 intro.
20241009 090319.592 INFO             PET2       >>>ABC: entered Initialize (phase=IPDvXp04) without valid internal Clock.
20241009 090319.593 INFO             PET2       <<<ABC: leaving Initialize (phase=IPDvXp04) without valid internal Clock.
20241009 090319.593 INFO             PET2     ABC: InitializeIPDvXp04 extro.
20241009 090319.594 INFO             PET2     ESMX_Driver: IInitRealize intro.
20241009 090319.594 INFO             PET2     ESMX_Driver: IInitRealize extro.
20241009 090319.594 INFO             PET2     ABC: InitializeIPDvXp07 intro.
20241009 090319.594 INFO             PET2       >>>ABC: entered Initialize (phase=IPDvXp07) without valid internal Clock.
20241009 090319.595 INFO             PET2       <<<ABC: leaving Initialize (phase=IPDvXp07) with current time: 2012 10 24  8  0  0   0
20241009 090319.595 INFO             PET2     ABC: InitializeIPDvXp07 extro.
20241009 090319.595 INFO             PET2     <<<ESMX_Driver: leaving Initialize (phase=<none>) with current time: 2012 10 24  8  0  0   0
20241009 090319.595 INFO             PET2   ESMX_Driver: InitializeIPDv02p3 extro.
20241009 090319.595 INFO             PET2   ESMX_Driver: InitializeIPDv02p5 intro.
20241009 090319.595 INFO             PET2     >>>ESMX_Driver: entered Initialize (phase=<none>) with current time: 2012 10 24  8  0  0   0
20241009 090319.595 INFO             PET2     ESMX_Driver: InitializeIPDv02p5Data intro.
20241009 090319.595 INFO             PET2       ESMX_Driver: InternalInitializeComplete intro.
20241009 090319.595 INFO             PET2       ESMX_Driver: InternalInitializeComplete extro.
20241009 090319.595 INFO             PET2       ABC: InitializeIPDvXp08 intro.
20241009 090319.595 INFO             PET2         >>>ABC: entered Initialize (phase=IPDv05p8) with current time: 2012 10 24  8  0  0   0
20241009 090319.596 INFO             PET2         <<<ABC: leaving Initialize (phase=IPDv05p8) with current time: 2012 10 24  8  0  0   0
20241009 090319.596 INFO             PET2       ABC: InitializeIPDvXp08 extro.
20241009 090319.597 INFO             PET2       ESMX_Driver: loopDataDependentInitialize intro.
20241009 090319.597 INFO             PET2       ESMX_Driver: loopDataDependentInitialize extro.
20241009 090319.597 INFO             PET2     ESMX_Driver: InitializeIPDv02p5Data extro.
20241009 090319.597 INFO             PET2     <<<ESMX_Driver: leaving Initialize (phase=<none>) with current time: 2012 10 24  8  0  0   0
20241009 090319.597 INFO             PET2   ESMX_Driver: InitializeIPDv02p5 extro.
20241009 090319.597 INFO             PET2 ESMX_Driver: InitializeGeneric extro.
20241009 090319.597 INFO             PET2 ESMX_Driver: Run intro.
20241009 090319.597 INFO             PET2   >>>ESMX_Driver: entered Run (phase=RunPhase1) with current time: 2012 10 24  8  0  0   0
20241009 090319.597 INFO             PET2   ABC: Run intro.
20241009 090319.597 INFO             PET2     >>>ABC: entered Run (phase=RunPhase1) with current time: 2012 10 24  8  0  0   0
20241009 090319.598 INFO             PET2     <<<ABC: leaving Run (phase=RunPhase1) with current time: 2012 10 24 20  0  0   0
20241009 090319.598 INFO             PET2   ABC: Run extro.
20241009 090319.598 INFO             PET2   <<<ESMX_Driver: leaving Run (phase=RunPhase1) with current time: 2012 10 24 20  0  0   0
20241009 090319.598 INFO             PET2 ESMX_Driver: Run extro.
20241009 090319.598 INFO             PET2 ESMX_Driver: Finalize intro.
20241009 090319.598 INFO             PET2   Calling Finalize phase 1 for modelComp: ABC
20241009 090319.598 INFO             PET2   ABC: Finalize intro.
20241009 090319.598 INFO             PET2     >>>ABC: entered Finalize (phase=FinalizePhase1) with current time: 2012 10 24 20  0  0   0
20241009 090319.598 INFO             PET2     <<<ABC: leaving Finalize (phase=FinalizePhase1) with current time: 2012 10 24 20  0  0   0
20241009 090319.598 INFO             PET2   ABC: Finalize extro.
20241009 090319.598 INFO             PET2   Delete modelComp: ABC
20241009 090319.598 INFO             PET2 ESMX_Driver: Finalize extro.
20241009 090319.599 INFO             PET2 =============================================
20241009 090319.599 INFO             PET2 ESMX (Earth System Model eXecutable) FINISHED
20241009 090319.599 INFO             PET2 =============================================
20241009 090319.599 INFO             PET2  Finalizing ESMF
20241009 090319.561 INFO             PET3 !!!!!!!!!!!!!!!!!!!!!!!!!!!!!!!!!!!!!!!!!!!!!!!!!!!!!!
20241009 090319.562 INFO             PET3 !!! THE ESMF_LOG IS SET TO OUTPUT ALL LOG MESSAGES !!!
20241009 090319.562 INFO             PET3 !!!     THIS MAY CAUSE SLOWDOWN IN PERFORMANCE     !!!
20241009 090319.562 INFO             PET3 !!! FOR PRODUCTION RUNS, USE:                      !!!
20241009 090319.562 INFO             PET3 !!!                   ESMF_LOGKIND_Multi_On_Error  !!!
20241009 090319.562 INFO             PET3 !!!!!!!!!!!!!!!!!!!!!!!!!!!!!!!!!!!!!!!!!!!!!!!!!!!!!!
20241009 090319.562 INFO             PET3 Running with ESMF Version   : v8.8.0b00-12-g0d4b825343
20241009 090319.562 INFO             PET3 ESMF library build date/time: "Oct  9 2024" "07:38:48"
20241009 090319.562 INFO             PET3 ESMF library build location : /scratch2/NCEPDEV/stmp1/Gerhard.Theurich/ESMF-Nightly-Testing/nvhpc_24.1_openmpi_g_develop/esmf
20241009 090319.562 INFO             PET3 ESMF_COMM                   : openmpi
20241009 090319.562 INFO             PET3 ESMF_MOAB                   : enabled
20241009 090319.562 INFO             PET3 ESMF_LAPACK                 : enabled
20241009 090319.562 INFO             PET3 ESMF_NETCDF                 : disabled
20241009 090319.562 INFO             PET3 ESMF_PNETCDF                : disabled
20241009 090319.562 INFO             PET3 ESMF_PIO                    : disabled
20241009 090319.562 INFO             PET3 ESMF_YAMLCPP                : enabled
20241009 090319.566 INFO             PET3 =============================================
20241009 090319.566 INFO             PET3 ESMX (Earth System Model eXecutable) STARTING
20241009 090319.566 INFO             PET3 =============================================
20241009 090319.574 INFO             PET3 ESMX_Driver: InitializeGeneric intro.
20241009 090319.574 INFO             PET3   ESMX_Driver: InitializeP0 intro.
20241009 090319.574 INFO             PET3   ESMX_Driver: InitializeP0 extro.
20241009 090319.574 INFO             PET3   ESMX_Driver: InitializeIPDv02p1 intro.
20241009 090319.574 INFO             PET3     >>>ESMX_Driver: entered Initialize (phase=<none>) without valid internal Clock.
20241009 090319.578 INFO             PET3     ESMX_Driver - Creating model component ABC without petList.
20241009 090319.579 DEBUG            PET3     Generic SetVM() is executing for: ABC
20241009 090319.579 DEBUG            PET3     Generic SetVM() found no NUOPC Hint for: ABC
20241009 090319.579 DEBUG            PET3     Generic SetVM() therefore is NOT calling ESMF_GridCompSetVMMaxPEs() for: ABC
20241009 090319.583 INFO             PET3     ABC: InitializeP0 intro.
20241009 090319.584 INFO             PET3       >>>ABC: entered Initialize (phase=<none>) without valid internal Clock.
20241009 090319.585 INFO             PET3       <<<ABC: leaving Initialize (phase=<none>) without valid internal Clock.
20241009 090319.585 INFO             PET3     ABC: InitializeP0 extro.
20241009 090319.589 INFO             PET3     ESMX_Driver: IInitAdvertise intro.
20241009 090319.589 INFO             PET3     ESMX_Driver: IInitAdvertise extro.
20241009 090319.589 INFO             PET3     ABC: InitializeIPDvXp01 intro.
20241009 090319.589 INFO             PET3       >>>ABC: entered Initialize (phase=IPDvXp01) without valid internal Clock.
20241009 090319.590 INFO             PET3       <<<ABC: leaving Initialize (phase=IPDvXp01) without valid internal Clock.
20241009 090319.590 INFO             PET3     ABC: InitializeIPDvXp01 extro.
20241009 090319.591 INFO             PET3     ESMX_Driver: IInitAdvertiseFinish intro.
20241009 090319.591 INFO             PET3     ESMX_Driver: IInitAdvertiseFinish extro.
20241009 090319.591 INFO             PET3     ESMX_Driver: IInitModifyCplLists intro.
20241009 090319.591 INFO             PET3     ESMX_Driver: IInitModifyCplLists extro.
20241009 090319.591 INFO             PET3     <<<ESMX_Driver: leaving Initialize (phase=<none>) with current time: 2012 10 24  8  0  0   0
20241009 090319.591 INFO             PET3   ESMX_Driver: InitializeIPDv02p1 extro.
20241009 090319.591 INFO             PET3   ESMX_Driver: InitializeIPDv02p3 intro.
20241009 090319.591 INFO             PET3     >>>ESMX_Driver: entered Initialize (phase=<none>) with current time: 2012 10 24  8  0  0   0
20241009 090319.591 INFO             PET3     ESMX_Driver: IInitCheck intro.
20241009 090319.592 INFO             PET3     ESMX_Driver: IInitCheck extro.
20241009 090319.592 INFO             PET3     ABC: InitializeIPDvXp04 intro.
20241009 090319.592 INFO             PET3       >>>ABC: entered Initialize (phase=IPDvXp04) without valid internal Clock.
20241009 090319.593 INFO             PET3       <<<ABC: leaving Initialize (phase=IPDvXp04) without valid internal Clock.
20241009 090319.593 INFO             PET3     ABC: InitializeIPDvXp04 extro.
20241009 090319.594 INFO             PET3     ESMX_Driver: IInitRealize intro.
20241009 090319.594 INFO             PET3     ESMX_Driver: IInitRealize extro.
20241009 090319.594 INFO             PET3     ABC: InitializeIPDvXp07 intro.
20241009 090319.594 INFO             PET3       >>>ABC: entered Initialize (phase=IPDvXp07) without valid internal Clock.
20241009 090319.595 INFO             PET3       <<<ABC: leaving Initialize (phase=IPDvXp07) with current time: 2012 10 24  8  0  0   0
20241009 090319.595 INFO             PET3     ABC: InitializeIPDvXp07 extro.
20241009 090319.595 INFO             PET3     <<<ESMX_Driver: leaving Initialize (phase=<none>) with current time: 2012 10 24  8  0  0   0
20241009 090319.595 INFO             PET3   ESMX_Driver: InitializeIPDv02p3 extro.
20241009 090319.595 INFO             PET3   ESMX_Driver: InitializeIPDv02p5 intro.
20241009 090319.595 INFO             PET3     >>>ESMX_Driver: entered Initialize (phase=<none>) with current time: 2012 10 24  8  0  0   0
20241009 090319.595 INFO             PET3     ESMX_Driver: InitializeIPDv02p5Data intro.
20241009 090319.595 INFO             PET3       ESMX_Driver: InternalInitializeComplete intro.
20241009 090319.595 INFO             PET3       ESMX_Driver: InternalInitializeComplete extro.
20241009 090319.595 INFO             PET3       ABC: InitializeIPDvXp08 intro.
20241009 090319.595 INFO             PET3         >>>ABC: entered Initialize (phase=IPDv05p8) with current time: 2012 10 24  8  0  0   0
20241009 090319.596 INFO             PET3         <<<ABC: leaving Initialize (phase=IPDv05p8) with current time: 2012 10 24  8  0  0   0
20241009 090319.596 INFO             PET3       ABC: InitializeIPDvXp08 extro.
20241009 090319.597 INFO             PET3       ESMX_Driver: loopDataDependentInitialize intro.
20241009 090319.597 INFO             PET3       ESMX_Driver: loopDataDependentInitialize extro.
20241009 090319.597 INFO             PET3     ESMX_Driver: InitializeIPDv02p5Data extro.
20241009 090319.597 INFO             PET3     <<<ESMX_Driver: leaving Initialize (phase=<none>) with current time: 2012 10 24  8  0  0   0
20241009 090319.597 INFO             PET3   ESMX_Driver: InitializeIPDv02p5 extro.
20241009 090319.597 INFO             PET3 ESMX_Driver: InitializeGeneric extro.
20241009 090319.597 INFO             PET3 ESMX_Driver: Run intro.
20241009 090319.597 INFO             PET3   >>>ESMX_Driver: entered Run (phase=RunPhase1) with current time: 2012 10 24  8  0  0   0
20241009 090319.597 INFO             PET3   ABC: Run intro.
20241009 090319.597 INFO             PET3     >>>ABC: entered Run (phase=RunPhase1) with current time: 2012 10 24  8  0  0   0
20241009 090319.598 INFO             PET3     <<<ABC: leaving Run (phase=RunPhase1) with current time: 2012 10 24 20  0  0   0
20241009 090319.598 INFO             PET3   ABC: Run extro.
20241009 090319.598 INFO             PET3   <<<ESMX_Driver: leaving Run (phase=RunPhase1) with current time: 2012 10 24 20  0  0   0
20241009 090319.598 INFO             PET3 ESMX_Driver: Run extro.
20241009 090319.598 INFO             PET3 ESMX_Driver: Finalize intro.
20241009 090319.598 INFO             PET3   Calling Finalize phase 1 for modelComp: ABC
20241009 090319.598 INFO             PET3   ABC: Finalize intro.
20241009 090319.598 INFO             PET3     >>>ABC: entered Finalize (phase=FinalizePhase1) with current time: 2012 10 24 20  0  0   0
20241009 090319.598 INFO             PET3     <<<ABC: leaving Finalize (phase=FinalizePhase1) with current time: 2012 10 24 20  0  0   0
20241009 090319.598 INFO             PET3   ABC: Finalize extro.
20241009 090319.598 INFO             PET3   Delete modelComp: ABC
20241009 090319.598 INFO             PET3 ESMX_Driver: Finalize extro.
20241009 090319.599 INFO             PET3 =============================================
20241009 090319.599 INFO             PET3 ESMX (Earth System Model eXecutable) FINISHED
20241009 090319.599 INFO             PET3 =============================================
20241009 090319.599 INFO             PET3  Finalizing ESMF
