2024-10-08 22:32:11
20241008 233231.271 INFO             PET0 !!!!!!!!!!!!!!!!!!!!!!!!!!!!!!!!!!!!!!!!!!!!!!!!!!!!!!
20241008 233231.271 INFO             PET0 !!! THE ESMF_LOG IS SET TO OUTPUT ALL LOG MESSAGES !!!
20241008 233231.271 INFO             PET0 !!!     THIS MAY CAUSE SLOWDOWN IN PERFORMANCE     !!!
20241008 233231.271 INFO             PET0 !!! FOR PRODUCTION RUNS, USE:                      !!!
20241008 233231.271 INFO             PET0 !!!                   ESMF_LOGKIND_Multi_On_Error  !!!
20241008 233231.271 INFO             PET0 !!!!!!!!!!!!!!!!!!!!!!!!!!!!!!!!!!!!!!!!!!!!!!!!!!!!!!
20241008 233231.271 INFO             PET0 Running with ESMF Version   : v8.8.0b00-12-g0d4b825343
20241008 233231.271 INFO             PET0 ESMF library build date/time: "Oct  8 2024" "22:30:15"
20241008 233231.271 INFO             PET0 ESMF library build location : /discover/nobackup/projects/gmao/SIteam/ESMF_Testing/gfortran_14.2.0_mpiuni_g_develop/esmf
20241008 233231.271 INFO             PET0 ESMF_COMM                   : mpiuni
20241008 233231.271 INFO             PET0 ESMF_MOAB                   : enabled
20241008 233231.271 INFO             PET0 ESMF_LAPACK                 : enabled
20241008 233231.271 INFO             PET0 ESMF_NETCDF                 : disabled
20241008 233231.271 INFO             PET0 ESMF_PNETCDF                : disabled
20241008 233231.271 INFO             PET0 ESMF_PIO                    : disabled
20241008 233231.271 INFO             PET0 ESMF_YAMLCPP                : enabled
20241008 233231.271 INFO             PET0 ESMF Tracing Enabled
20241008 233231.271 INFO             PET0 ESMF Profiling Enabled
20241008 233231.271 INFO             PET0 ESMF Trace/Profile clock: REALTIME
20241008 233231.273 INFO             PET0  NUMBER_OF_PROCESSORS           1
20241008 233231.273 INFO             PET0  PASS  Example ESMF_TraceUserEx, ESMF_TraceUserEx.F90, line 125
20241008 233231.273 INFO             PET0  Finalizing ESMF
20241008 233231.273 INFO             PET0 **************** Region Timings *******************
20241008 233231.273 INFO             PET0 Region                Count  Total (s)   Self (s)    Mean (s)    Min (s)     Max (s)
20241008 233231.273 INFO             PET0   [ESMF]              1      0.0006      0.0001      0.0006      0.0006      0.0006
20241008 233231.273 INFO             PET0     outer_region      1      0.0005      0.0000      0.0005      0.0005      0.0005
20241008 233231.273 INFO             PET0       inner_region_1  10     0.0003      0.0003      0.0000      0.0000      0.0000
20241008 233231.273 INFO             PET0       inner_region_2  10     0.0001      0.0001      0.0000      0.0000      0.0000
