2024-10-11 22:37:22
20241011 230848.334 INFO             PET0 !!!!!!!!!!!!!!!!!!!!!!!!!!!!!!!!!!!!!!!!!!!!!!!!!!!!!!
20241011 230848.334 INFO             PET0 !!! THE ESMF_LOG IS SET TO OUTPUT ALL LOG MESSAGES !!!
20241011 230848.334 INFO             PET0 !!!     THIS MAY CAUSE SLOWDOWN IN PERFORMANCE     !!!
20241011 230848.334 INFO             PET0 !!! FOR PRODUCTION RUNS, USE:                      !!!
20241011 230848.334 INFO             PET0 !!!                   ESMF_LOGKIND_Multi_On_Error  !!!
20241011 230848.334 INFO             PET0 !!!!!!!!!!!!!!!!!!!!!!!!!!!!!!!!!!!!!!!!!!!!!!!!!!!!!!
20241011 230848.334 INFO             PET0 Running with ESMF Version   : v8.8.0b01
20241011 230848.334 INFO             PET0 ESMF library build date/time: "Oct 11 2024" "22:35:32"
20241011 230848.334 INFO             PET0 ESMF library build location : /discover/nobackup/projects/gmao/SIteam/ESMF_Testing/gfortran_14.2.0_mpiuni_g_develop/esmf
20241011 230848.334 INFO             PET0 ESMF_COMM                   : mpiuni
20241011 230848.335 INFO             PET0 ESMF_MOAB                   : enabled
20241011 230848.335 INFO             PET0 ESMF_LAPACK                 : enabled
20241011 230848.335 INFO             PET0 ESMF_NETCDF                 : disabled
20241011 230848.335 INFO             PET0 ESMF_PNETCDF                : disabled
20241011 230848.335 INFO             PET0 ESMF_PIO                    : disabled
20241011 230848.335 INFO             PET0 ESMF_YAMLCPP                : enabled
20241011 230848.335 INFO             PET0 ESMF Tracing Enabled
20241011 230848.335 INFO             PET0 ESMF Profiling Enabled
20241011 230848.335 INFO             PET0 ESMF Trace/Profile clock: REALTIME
20241011 230848.400 INFO             PET0  NUMBER_OF_PROCESSORS           1
20241011 230848.400 INFO             PET0  PASS  Example ESMF_TraceEx, ESMF_TraceEx.F90, line 178
20241011 230848.400 INFO             PET0  Finalizing ESMF
20241011 230848.400 INFO             PET0 **************** Region Timings *******************
20241011 230848.400 INFO             PET0 Region              Count  Total (s)   Self (s)    Mean (s)    Min (s)     Max (s)
20241011 230848.400 INFO             PET0   [ESMF]            1      0.0640      0.0640      0.0640      0.0640      0.0640
20241011 230848.400 INFO             PET0     [test] Init 1   1      0.0000      0.0000      0.0000      0.0000      0.0000
20241011 230848.400 INFO             PET0     [test] Run 1    5      0.0000      0.0000      0.0000      0.0000      0.0000
20241011 230848.400 INFO             PET0     [test] Final 1  1      0.0000      0.0000      0.0000      0.0000      0.0000
