2024-10-16 22:32:27
20241016 231711.321 INFO             PET0 !!!!!!!!!!!!!!!!!!!!!!!!!!!!!!!!!!!!!!!!!!!!!!!!!!!!!!
20241016 231711.321 INFO             PET0 !!! THE ESMF_LOG IS SET TO OUTPUT ALL LOG MESSAGES !!!
20241016 231711.321 INFO             PET0 !!!     THIS MAY CAUSE SLOWDOWN IN PERFORMANCE     !!!
20241016 231711.321 INFO             PET0 !!! FOR PRODUCTION RUNS, USE:                      !!!
20241016 231711.321 INFO             PET0 !!!                   ESMF_LOGKIND_Multi_On_Error  !!!
20241016 231711.321 INFO             PET0 !!!!!!!!!!!!!!!!!!!!!!!!!!!!!!!!!!!!!!!!!!!!!!!!!!!!!!
20241016 231711.321 INFO             PET0 Running with ESMF Version   : v8.8.0b01-6-g3ed6fcfd2b
20241016 231711.321 INFO             PET0 ESMF library build date/time: "Oct 16 2024" "22:30:23"
20241016 231711.321 INFO             PET0 ESMF library build location : /discover/nobackup/projects/gmao/SIteam/ESMF_Testing/gfortran_13.2.0_openmpi_g_develop/esmf
20241016 231711.321 INFO             PET0 ESMF_COMM                   : openmpi
20241016 231711.321 INFO             PET0 ESMF_MOAB                   : enabled
20241016 231711.321 INFO             PET0 ESMF_LAPACK                 : enabled
20241016 231711.321 INFO             PET0 ESMF_NETCDF                 : enabled
20241016 231711.321 INFO             PET0 ESMF_PNETCDF                : disabled
20241016 231711.321 INFO             PET0 ESMF_PIO                    : enabled
20241016 231711.321 INFO             PET0 ESMF_YAMLCPP                : enabled
20241016 231711.411 DEBUG            PET0 about to destroy Grid: 0x1fbfc20
20241016 231711.423 DEBUG            PET0 about to destroy Grid: 0x1fc1e60
20241016 231711.454 INFO             PET0  NUMBER_OF_PROCESSORS           4
20241016 231711.455 INFO             PET0  PASS  Example ESMF_NUOPCAtmModelEx, ESMF_NUOPCAtmModelEx.F90, line 806
20241016 231711.455 INFO             PET0  Finalizing ESMF
20241016 231711.321 INFO             PET1 !!!!!!!!!!!!!!!!!!!!!!!!!!!!!!!!!!!!!!!!!!!!!!!!!!!!!!
20241016 231711.321 INFO             PET1 !!! THE ESMF_LOG IS SET TO OUTPUT ALL LOG MESSAGES !!!
20241016 231711.321 INFO             PET1 !!!     THIS MAY CAUSE SLOWDOWN IN PERFORMANCE     !!!
20241016 231711.321 INFO             PET1 !!! FOR PRODUCTION RUNS, USE:                      !!!
20241016 231711.321 INFO             PET1 !!!                   ESMF_LOGKIND_Multi_On_Error  !!!
20241016 231711.321 INFO             PET1 !!!!!!!!!!!!!!!!!!!!!!!!!!!!!!!!!!!!!!!!!!!!!!!!!!!!!!
20241016 231711.321 INFO             PET1 Running with ESMF Version   : v8.8.0b01-6-g3ed6fcfd2b
20241016 231711.321 INFO             PET1 ESMF library build date/time: "Oct 16 2024" "22:30:23"
20241016 231711.321 INFO             PET1 ESMF library build location : /discover/nobackup/projects/gmao/SIteam/ESMF_Testing/gfortran_13.2.0_openmpi_g_develop/esmf
20241016 231711.321 INFO             PET1 ESMF_COMM                   : openmpi
20241016 231711.321 INFO             PET1 ESMF_MOAB                   : enabled
20241016 231711.321 INFO             PET1 ESMF_LAPACK                 : enabled
20241016 231711.321 INFO             PET1 ESMF_NETCDF                 : enabled
20241016 231711.321 INFO             PET1 ESMF_PNETCDF                : disabled
20241016 231711.321 INFO             PET1 ESMF_PIO                    : enabled
20241016 231711.321 INFO             PET1 ESMF_YAMLCPP                : enabled
20241016 231711.411 DEBUG            PET1 about to destroy Grid: 0x1d781a0
20241016 231711.423 DEBUG            PET1 about to destroy Grid: 0x1d7a420
20241016 231711.455 INFO             PET1  NUMBER_OF_PROCESSORS           4
20241016 231711.455 INFO             PET1  PASS  Example ESMF_NUOPCAtmModelEx, ESMF_NUOPCAtmModelEx.F90, line 806
20241016 231711.455 INFO             PET1  Finalizing ESMF
20241016 231711.321 INFO             PET2 !!!!!!!!!!!!!!!!!!!!!!!!!!!!!!!!!!!!!!!!!!!!!!!!!!!!!!
20241016 231711.321 INFO             PET2 !!! THE ESMF_LOG IS SET TO OUTPUT ALL LOG MESSAGES !!!
20241016 231711.321 INFO             PET2 !!!     THIS MAY CAUSE SLOWDOWN IN PERFORMANCE     !!!
20241016 231711.321 INFO             PET2 !!! FOR PRODUCTION RUNS, USE:                      !!!
20241016 231711.321 INFO             PET2 !!!                   ESMF_LOGKIND_Multi_On_Error  !!!
20241016 231711.321 INFO             PET2 !!!!!!!!!!!!!!!!!!!!!!!!!!!!!!!!!!!!!!!!!!!!!!!!!!!!!!
20241016 231711.321 INFO             PET2 Running with ESMF Version   : v8.8.0b01-6-g3ed6fcfd2b
20241016 231711.321 INFO             PET2 ESMF library build date/time: "Oct 16 2024" "22:30:23"
20241016 231711.321 INFO             PET2 ESMF library build location : /discover/nobackup/projects/gmao/SIteam/ESMF_Testing/gfortran_13.2.0_openmpi_g_develop/esmf
20241016 231711.321 INFO             PET2 ESMF_COMM                   : openmpi
20241016 231711.321 INFO             PET2 ESMF_MOAB                   : enabled
20241016 231711.321 INFO             PET2 ESMF_LAPACK                 : enabled
20241016 231711.321 INFO             PET2 ESMF_NETCDF                 : enabled
20241016 231711.321 INFO             PET2 ESMF_PNETCDF                : disabled
20241016 231711.321 INFO             PET2 ESMF_PIO                    : enabled
20241016 231711.321 INFO             PET2 ESMF_YAMLCPP                : enabled
20241016 231711.411 DEBUG            PET2 about to destroy Grid: 0x20b2c00
20241016 231711.423 DEBUG            PET2 about to destroy Grid: 0x20b46c0
20241016 231711.455 INFO             PET2  NUMBER_OF_PROCESSORS           4
20241016 231711.455 INFO             PET2  PASS  Example ESMF_NUOPCAtmModelEx, ESMF_NUOPCAtmModelEx.F90, line 806
20241016 231711.455 INFO             PET2  Finalizing ESMF
20241016 231711.321 INFO             PET3 !!!!!!!!!!!!!!!!!!!!!!!!!!!!!!!!!!!!!!!!!!!!!!!!!!!!!!
20241016 231711.321 INFO             PET3 !!! THE ESMF_LOG IS SET TO OUTPUT ALL LOG MESSAGES !!!
20241016 231711.321 INFO             PET3 !!!     THIS MAY CAUSE SLOWDOWN IN PERFORMANCE     !!!
20241016 231711.321 INFO             PET3 !!! FOR PRODUCTION RUNS, USE:                      !!!
20241016 231711.321 INFO             PET3 !!!                   ESMF_LOGKIND_Multi_On_Error  !!!
20241016 231711.321 INFO             PET3 !!!!!!!!!!!!!!!!!!!!!!!!!!!!!!!!!!!!!!!!!!!!!!!!!!!!!!
20241016 231711.321 INFO             PET3 Running with ESMF Version   : v8.8.0b01-6-g3ed6fcfd2b
20241016 231711.321 INFO             PET3 ESMF library build date/time: "Oct 16 2024" "22:30:23"
20241016 231711.321 INFO             PET3 ESMF library build location : /discover/nobackup/projects/gmao/SIteam/ESMF_Testing/gfortran_13.2.0_openmpi_g_develop/esmf
20241016 231711.321 INFO             PET3 ESMF_COMM                   : openmpi
20241016 231711.321 INFO             PET3 ESMF_MOAB                   : enabled
20241016 231711.321 INFO             PET3 ESMF_LAPACK                 : enabled
20241016 231711.321 INFO             PET3 ESMF_NETCDF                 : enabled
20241016 231711.321 INFO             PET3 ESMF_PNETCDF                : disabled
20241016 231711.321 INFO             PET3 ESMF_PIO                    : enabled
20241016 231711.321 INFO             PET3 ESMF_YAMLCPP                : enabled
20241016 231711.411 DEBUG            PET3 about to destroy Grid: 0x261d8a0
20241016 231711.423 DEBUG            PET3 about to destroy Grid: 0x261f790
20241016 231711.454 INFO             PET3  NUMBER_OF_PROCESSORS           4
20241016 231711.454 INFO             PET3  PASS  Example ESMF_NUOPCAtmModelEx, ESMF_NUOPCAtmModelEx.F90, line 806
20241016 231711.454 INFO             PET3  Finalizing ESMF
