2024-10-18 01:18:27
--- ESMCI::ArrayBundle::print start ---
ArrayBundle: MyArrayBundle
arrayCount = 3
--- ESMCI::ArrayBundle::print start ---
ArrayBundle: MyArrayBundle
arrayCount = 3
Container::print() multipmap:item=0 key=AonFly value=0x7fa70100ce00
Container::print() multipmap:item=0 key=AonFly value=0x7fb027823a00
Container::print() multipmap:item=1 key=Array002 value=0x7fb02780a000
--- ESMCI::ArrayBundle::print start ---
ArrayBundle: MyArrayBundle
--- ESMCI::ArrayBundle::print start ---
ArrayBundle: MyArrayBundle
Container::print() multipmap:item=1 key=Array002 value=0x7fa70100b600
Container::print() multipmap:item=2 key=Array003 value=0x7fa70100bc00
Container::print()      list:item=0 key=Array002 value=0x7fa70100b600
Container::print() multipmap:item=2 key=Array003 value=0x7fb027822800
Container::print()      list:item=0 key=Array002 value=0x7fb02780a000
Container::print()      list:item=1 key=Array003 value=0x7fb027822800
Container::print()      list:item=2 key=AonFly value=0x7fb027823a00
--- ESMCI::ArrayBundle::print end ---
--- ESMCI::Array::print start ---
 Base name    = AonFly
 Status: Base = Ready,  object = Ready
 Proxy        = no
arrayCount = 3
Container::print() multipmap:item=0 key=AonFly value=0x7f9e8c019000
Container::print() multipmap:item=1 key=Array002 value=0x7f9e8c00f000
Container::print() multipmap:item=2 key=Array003 value=0x7f9e8c017e00
Container::print()      list:item=0 key=Array002 value=0x7f9e8c00f000
Container::print()      list:item=1 key=Array003 value=0x7f9e8c017e00
arrayCount = 3
Container::print() multipmap:item=0 key=AonFly value=0x7fa34d009a00
Container::print() multipmap:item=1 key=Array002 value=0x7fa34d008200
Container::print() multipmap:item=2 key=Array003 value=0x7fa34d008800
Container::print()      list:item=0 key=Array002 value=0x7fa34d008200
Container::print()      list:item=1 key=Array003 value=0x7fa34d008800
Container::print()      list:item=1 key=Array003 value=0x7fa70100bc00
Container::print()      list:item=2 key=AonFly value=0x7fa70100ce00
--- ESMCI::ArrayBundle::print end ---
--- ESMCI::Array::print start ---
 Base name    = AonFly
 Status: Base = Ready,  object = Ready
 Proxy        = no
 Root Info (Attributes):
 Root Info (Attributes):
Container::print()      list:item=2 key=AonFly value=0x7f9e8c019000
Container::print()      list:item=2 key=AonFly value=0x7fa34d009a00
--- ESMCI::ArrayBundle::print end ---
{}Array typekind/rank: Real*4 / 2 
~ lower class' values ~
DistGrid dimCount = 2
deCount = 6
localDeCount = 2
--- ESMCI::ArrayBundle::print end ---
--- ESMCI::Array::print start ---
 Base name    = AonFly
--- ESMCI::Array::print start ---
 Base name    = AonFly
 Status: Base = Ready,  object = Ready
{}Array typekind/rank: Real*4 / 2 
~ lower class' values ~
DistGrid dimCount = 2
deCount = 6
localDeCount = 1
~ local data in LocalArray for DE 3 ~
LocalArrayPrint: Array at address 0x7fa7007067b0:
~ local data in LocalArray for DE 0 ~
LocalArrayPrint: Array at address 0x7fb026b0a350:
            rank = 2, typekind = 5, base_addr = 0x600001136a60
            dim[0] = 3  dim[1] = 2  
  Real, *4, Dim 2, Data values:
( 1, 1) =  0
( 2, 1) =  0
( 3, 1) =  0
( 1, 2) =  0
 Status: Base = Ready,  object = Ready
 Proxy        = no
 Root Info (Attributes):
{}Array typekind/rank: Real*4 / 2 
~ lower class' values ~
DistGrid dimCount = 2
 Proxy        = no
 Root Info (Attributes):
{}Array typekind/rank: Real*4 / 2 
~ lower class' values ~
            rank = 2, typekind = 5, base_addr = 0x600003e45530
            dim[0] = 2  dim[1] = 2  
  Real, *4, Dim 2, Data values:
( 1, 1) =  0
( 2, 1) =  0
( 1, 2) =  4.73639e-43
( 2, 2) =  0
--- ESMCI::Array::print end ---
--- ESMCI::Array::print start ---
 Base name    = Array002
 Status: Base = Ready,  object = Ready
( 2, 2) =  0
deCount = 6
localDeCount = 2
( 3, 2) =  0
~ local data in LocalArray for DE 4 ~
LocalArrayPrint: Array at address 0x7fb026b0a680:
            rank = 2, typekind = 5, base_addr = 0x600001337100
            dim[0] = 3  dim[1] = 1  
~ local data in LocalArray for DE 1 ~
LocalArrayPrint: Array at address 0x7f9e9bf097f0:
            rank = 2, typekind = 5, base_addr = 0x60000117f350
            dim[0] = 2  dim[1] = 2  
  Real, *4, Dim 2, Data values:
 Proxy        = no
 Root Info (Attributes):
{}Array typekind/rank: Real*8 / 2 
~ lower class' values ~
DistGrid dimCount = 2
deCount = 6
DistGrid dimCount = 2
  Real, *4, Dim 2, Data values:
( 1, 1) =  0
( 2, 1) =  0
( 3, 1) =  1.10142e-42
--- ESMCI::Array::print end ---
( 1, 1) =  0
( 2, 1) =  0
( 1, 2) =  1.15327e-42
( 2, 2) =  0
deCount = 6
localDeCount = 1
~ local data in LocalArray for DE 2 ~
LocalArrayPrint: Array at address 0x7fa39d006270:
            rank = 2, typekind = 5, base_addr = 0x600000b48a60
localDeCount = 1
~ local data in LocalArray for DE 3 ~
LocalArrayPrint: Array at address 0x7fa700705720:
            rank = 2, typekind = 6, base_addr = 0x600003c44d00
            dim[0] = 2  dim[1] = 2  
  Real, *8, Dim 2, Data values:
( 1, 1) =  0
~ local data in LocalArray for DE 5 ~
            dim[0] = 3  dim[1] = 2  
--- ESMCI::Array::print start ---
 Base name    = Array002
 Status: Base = Ready,  object = Ready
 Proxy        = no
 Root Info (Attributes):
LocalArrayPrint: Array at address 0x7f9e9bf09b20:
            rank = 2, typekind = 5, base_addr = 0x60000117f360
            dim[0] = 2  dim[1] = 1  
  Real, *4, Dim 2, Data values:
  Real, *4, Dim 2, Data values:
( 1, 1) =  0
( 2, 1) =  0
( 3, 1) =  0
( 1, 2) =  0
( 2, 2) =  0
( 2, 1) =  2.122e-314
( 1, 2) =  2.122e-314
( 2, 2) =  0
--- ESMCI::Array::print end ---
--- ESMCI::Array::print start ---
 Base name    = Array003
 Status: Base = Ready,  object = Ready
 Proxy        = no
 Root Info (Attributes):
{}( 3, 2) =  0
--- ESMCI::Array::print end ---
{}Array typekind/rank: Real*8 / 2 
Array typekind/rank: Real*8 / 2 
~ lower class' values ~
DistGrid dimCount = 2
deCount = 6
localDeCount = 2
~ local data in LocalArray for DE 0 ~
LocalArrayPrint: Array at address 0x7fb026b08600:
( 1, 1) =  0
( 2, 1) =  0
--- ESMCI::Array::print end ---
--- ESMCI::Array::print start ---
 Base name    = Array002
 Status: Base = Ready,  object = Ready
 Proxy        = no
--- ESMCI::Array::print start ---
 Base name    = Array002
 Status: Base = Ready,  object = Ready
 Proxy        = no
 Root Info (Attributes):
{}Array typekind/rank: Real*8 / 2 
~ lower class' values ~
DistGrid dimCount = 2
deCount = 6
localDeCount = 1
~ local data in LocalArray for DE 3 ~
LocalArrayPrint: Array at address 0x7fa700705a50:
            rank = 2, typekind = 6, base_addr = 0x600003c44d60
            dim[0] = 2  dim[1] = 2  
  Real, *8, Dim 2, Data values:
( 1, 1) =  0
            rank = 2, typekind = 6, base_addr = 0x600001f38f60
~ lower class' values ~
( 2, 1) =  0
( 1, 2) =  0
            dim[0] = 3  dim[1] = 2  
  Real, *8, Dim 2, Data values:
( 1, 1) =  0
( 2, 1) =  4.24399e-314
( 3, 1) =  0
( 1, 2) =  0
 Root Info (Attributes):
{}Array typekind/rank: Real*8 / 2 
~ lower class' values ~
DistGrid dimCount = 2
deCount = 6
DistGrid dimCount = 2
deCount = 6
localDeCount = 1
~ local data in LocalArray for DE 2 ~
LocalArrayPrint: Array at address 0x7fa39d0051e0:
            rank = 2, typekind = 6, base_addr = 0x6000005483f0
( 2, 2) =  0
--- ESMCI::Array::print end ---
  PASS  Example ESMF_ArrayBundleEx, ESMF_ArrayBundleEx.F90, line 267
( 2, 2) =  0
localDeCount = 2
( 3, 2) =  0
~ local data in LocalArray for DE 4 ~
LocalArrayPrint: Array at address 0x7fb026b08930:
            rank = 2, typekind = 6, base_addr = 0x6000011369e0
~ local data in LocalArray for DE 1 ~
LocalArrayPrint: Array at address 0x7f9e9bf07900:
            rank = 2, typekind = 6, base_addr = 0x600001340fc0
            dim[0] = 2  dim[1] = 2  
            dim[0] = 3  dim[1] = 2  
  Real, *8, Dim 2, Data values:
( 1, 1) =  0
( 2, 1) =  0
            dim[0] = 3  dim[1] = 1  
  Real, *8, Dim 2, Data values:
  Real, *8, Dim 2, Data values:
( 1, 1) =  0
( 3, 1) =  0
( 1, 2) =  0
( 2, 1) =  2.122e-314
( 1, 1) =  0
( 2, 1) =  2.122e-314
( 3, 1) =  2.122e-314
--- ESMCI::Array::print end ---
--- ESMCI::Array::print start ---
( 1, 2) =  2.122e-314
( 2, 2) =  0
~ local data in LocalArray for DE 5 ~
( 2, 2) =  0
( 3, 2) =  0
--- ESMCI::Array::print end ---
LocalArrayPrint: Array at address 0x7f9e9bf07c30:
--- ESMCI::Array::print start ---
 Base name    = Array003
 Status: Base = Ready,  object = Ready
 Proxy        = no
 Root Info (Attributes):
{}Array typekind/rank: Real*8 / 2 
            rank = 2, typekind = 6, base_addr = 0x60000117ee40
            dim[0] = 2  dim[1] = 1  
  Real, *8, Dim 2, Data values:
( 1, 1) =  0
( 2, 1) =  0
--- ESMCI::Array::print end ---
--- ESMCI::Array::print start ---
 Base name    = Array003
 Status: Base = Ready,  object = Ready
 Proxy        = no
 Base name    = Array003
 Root Info (Attributes):
~ lower class' values ~
DistGrid dimCount = 2
deCount = 6
localDeCount = 2
 Status: Base = Ready,  object = Ready
 Proxy        = no
 Root Info (Attributes):
{}Array typekind/rank: Real*8 / 2 
~ lower class' values ~
{}Array typekind/rank: Real*8 / 2 
~ lower class' values ~
DistGrid dimCount = 2
~ local data in LocalArray for DE 0 ~
LocalArrayPrint: Array at address 0x7fb026b08c60:
            rank = 2, typekind = 6, base_addr = 0x600001f38fc0
            dim[0] = 3  dim[1] = 2  
  Real, *8, Dim 2, Data values:
DistGrid dimCount = 2
deCount = 6
localDeCount = 2
~ local data in LocalArray for DE 1 ~
LocalArrayPrint: Array at address 0x7f9e9bf08100:
deCount = 6
localDeCount = 1
~ local data in LocalArray for DE 2 ~
( 1, 1) =  0
            rank = 2, typekind = 6, base_addr = 0x600001340ea0
LocalArrayPrint: Array at address 0x7fa39d005510:
( 2, 1) =  2.122e-314
( 3, 1) =  2.122e-314
( 1, 2) =  2.122e-314
( 2, 2) =  2.122e-314
( 3, 2) =  2.122e-314
~ local data in LocalArray for DE 4 ~
            dim[0] = 2  dim[1] = 2  
  Real, *8, Dim 2, Data values:
( 1, 1) =  0
( 2, 1) =  6.36599e-314
( 1, 2) =  1.061e-313
( 2, 2) =  0
~ local data in LocalArray for DE 5 ~
            rank = 2, typekind = 6, base_addr = 0x6000005484b0
            dim[0] = 3  dim[1] = 2  
  Real, *8, Dim 2, Data values:
( 1, 1) =  0
( 2, 1) =  0
( 3, 1) =  0
( 1, 2) =  0
LocalArrayPrint: Array at address 0x7fb026b08f90:
LocalArrayPrint: Array at address 0x7f9e9bf08430:
            rank = 2, typekind = 6, base_addr = 0x6000011368c0
            dim[0] = 3  dim[1] = 1  
  Real, *8, Dim 2, Data values:
( 1, 1) =  0
( 2, 1) =  6.36599e-314
( 3, 1) =  1.061e-313
            rank = 2, typekind = 6, base_addr = 0x60000117ef80
            dim[0] = 2  dim[1] = 1  
  Real, *8, Dim 2, Data values:
( 1, 1) =  0
( 2, 1) =  3.76478e-321
--- ESMCI::Array::print end ---
( 2, 2) =  0
( 3, 2) =  0
--- ESMCI::Array::print end ---
--- ESMCI::Array::print end ---
  PASS  Example ESMF_ArrayBundleEx, ESMF_ArrayBundleEx.F90, line 267
  PASS  Example ESMF_ArrayBundleEx, ESMF_ArrayBundleEx.F90, line 267
  PASS  Example ESMF_ArrayBundleEx, ESMF_ArrayBundleEx.F90, line 267
 PASS: ESMF_ArrayBundleEx.F90
 PASS: ESMF_ArrayBundleEx.F90
 PASS: ESMF_ArrayBundleEx.F90
 PASS: ESMF_ArrayBundleEx.F90
