2024-10-12 01:18:18
20241012 014843.947 INFO             PET0 !!!!!!!!!!!!!!!!!!!!!!!!!!!!!!!!!!!!!!!!!!!!!!!!!!!!!!
20241012 014843.948 INFO             PET0 !!! THE ESMF_LOG IS SET TO OUTPUT ALL LOG MESSAGES !!!
20241012 014843.948 INFO             PET0 !!!     THIS MAY CAUSE SLOWDOWN IN PERFORMANCE     !!!
20241012 014843.948 INFO             PET0 !!! FOR PRODUCTION RUNS, USE:                      !!!
20241012 014843.948 INFO             PET0 !!!                   ESMF_LOGKIND_Multi_On_Error  !!!
20241012 014843.948 INFO             PET0 !!!!!!!!!!!!!!!!!!!!!!!!!!!!!!!!!!!!!!!!!!!!!!!!!!!!!!
20241012 014843.948 INFO             PET0 Running with ESMF Version   : v8.8.0b01
20241012 014843.948 INFO             PET0 ESMF library build date/time: "Oct 12 2024" "01:16:18"
20241012 014843.948 INFO             PET0 ESMF library build location : /project/esmf/sacks/esmf-testing/gfortran_11.2.0_openmpi_O_develop/esmf
20241012 014843.948 INFO             PET0 ESMF_COMM                   : openmpi
20241012 014843.948 INFO             PET0 ESMF_MOAB                   : enabled
20241012 014843.948 INFO             PET0 ESMF_LAPACK                 : enabled
20241012 014843.948 INFO             PET0 ESMF_NETCDF                 : enabled
20241012 014843.948 INFO             PET0 ESMF_PNETCDF                : disabled
20241012 014843.948 INFO             PET0 ESMF_PIO                    : enabled
20241012 014843.948 INFO             PET0 ESMF_YAMLCPP                : enabled
20241012 014844.025 DEBUG            PET0 about to destroy Grid: 0x7f78d1053200
20241012 014844.031 DEBUG            PET0 about to destroy Grid: 0x7f78d1059600
20241012 014844.050 INFO             PET0  NUMBER_OF_PROCESSORS           4
20241012 014844.050 INFO             PET0  PASS  Example ESMF_NUOPCAtmModelEx, ESMF_NUOPCAtmModelEx.F90, line 806
20241012 014844.050 INFO             PET0  Finalizing ESMF
20241012 014843.947 INFO             PET1 !!!!!!!!!!!!!!!!!!!!!!!!!!!!!!!!!!!!!!!!!!!!!!!!!!!!!!
20241012 014843.948 INFO             PET1 !!! THE ESMF_LOG IS SET TO OUTPUT ALL LOG MESSAGES !!!
20241012 014843.948 INFO             PET1 !!!     THIS MAY CAUSE SLOWDOWN IN PERFORMANCE     !!!
20241012 014843.948 INFO             PET1 !!! FOR PRODUCTION RUNS, USE:                      !!!
20241012 014843.948 INFO             PET1 !!!                   ESMF_LOGKIND_Multi_On_Error  !!!
20241012 014843.948 INFO             PET1 !!!!!!!!!!!!!!!!!!!!!!!!!!!!!!!!!!!!!!!!!!!!!!!!!!!!!!
20241012 014843.948 INFO             PET1 Running with ESMF Version   : v8.8.0b01
20241012 014843.948 INFO             PET1 ESMF library build date/time: "Oct 12 2024" "01:16:18"
20241012 014843.948 INFO             PET1 ESMF library build location : /project/esmf/sacks/esmf-testing/gfortran_11.2.0_openmpi_O_develop/esmf
20241012 014843.948 INFO             PET1 ESMF_COMM                   : openmpi
20241012 014843.948 INFO             PET1 ESMF_MOAB                   : enabled
20241012 014843.948 INFO             PET1 ESMF_LAPACK                 : enabled
20241012 014843.948 INFO             PET1 ESMF_NETCDF                 : enabled
20241012 014843.948 INFO             PET1 ESMF_PNETCDF                : disabled
20241012 014843.948 INFO             PET1 ESMF_PIO                    : enabled
20241012 014843.948 INFO             PET1 ESMF_YAMLCPP                : enabled
20241012 014844.025 DEBUG            PET1 about to destroy Grid: 0x7fd10c075800
20241012 014844.031 DEBUG            PET1 about to destroy Grid: 0x7fd10c07ce00
20241012 014844.050 INFO             PET1  NUMBER_OF_PROCESSORS           4
20241012 014844.050 INFO             PET1  PASS  Example ESMF_NUOPCAtmModelEx, ESMF_NUOPCAtmModelEx.F90, line 806
20241012 014844.050 INFO             PET1  Finalizing ESMF
20241012 014843.947 INFO             PET2 !!!!!!!!!!!!!!!!!!!!!!!!!!!!!!!!!!!!!!!!!!!!!!!!!!!!!!
20241012 014843.948 INFO             PET2 !!! THE ESMF_LOG IS SET TO OUTPUT ALL LOG MESSAGES !!!
20241012 014843.948 INFO             PET2 !!!     THIS MAY CAUSE SLOWDOWN IN PERFORMANCE     !!!
20241012 014843.948 INFO             PET2 !!! FOR PRODUCTION RUNS, USE:                      !!!
20241012 014843.948 INFO             PET2 !!!                   ESMF_LOGKIND_Multi_On_Error  !!!
20241012 014843.948 INFO             PET2 !!!!!!!!!!!!!!!!!!!!!!!!!!!!!!!!!!!!!!!!!!!!!!!!!!!!!!
20241012 014843.948 INFO             PET2 Running with ESMF Version   : v8.8.0b01
20241012 014843.948 INFO             PET2 ESMF library build date/time: "Oct 12 2024" "01:16:18"
20241012 014843.948 INFO             PET2 ESMF library build location : /project/esmf/sacks/esmf-testing/gfortran_11.2.0_openmpi_O_develop/esmf
20241012 014843.948 INFO             PET2 ESMF_COMM                   : openmpi
20241012 014843.948 INFO             PET2 ESMF_MOAB                   : enabled
20241012 014843.948 INFO             PET2 ESMF_LAPACK                 : enabled
20241012 014843.948 INFO             PET2 ESMF_NETCDF                 : enabled
20241012 014843.948 INFO             PET2 ESMF_PNETCDF                : disabled
20241012 014843.948 INFO             PET2 ESMF_PIO                    : enabled
20241012 014843.948 INFO             PET2 ESMF_YAMLCPP                : enabled
20241012 014844.025 DEBUG            PET2 about to destroy Grid: 0x7fdb13821a00
20241012 014844.031 DEBUG            PET2 about to destroy Grid: 0x7fdb1381ba00
20241012 014844.050 INFO             PET2  NUMBER_OF_PROCESSORS           4
20241012 014844.050 INFO             PET2  PASS  Example ESMF_NUOPCAtmModelEx, ESMF_NUOPCAtmModelEx.F90, line 806
20241012 014844.050 INFO             PET2  Finalizing ESMF
20241012 014843.947 INFO             PET3 !!!!!!!!!!!!!!!!!!!!!!!!!!!!!!!!!!!!!!!!!!!!!!!!!!!!!!
20241012 014843.948 INFO             PET3 !!! THE ESMF_LOG IS SET TO OUTPUT ALL LOG MESSAGES !!!
20241012 014843.948 INFO             PET3 !!!     THIS MAY CAUSE SLOWDOWN IN PERFORMANCE     !!!
20241012 014843.948 INFO             PET3 !!! FOR PRODUCTION RUNS, USE:                      !!!
20241012 014843.948 INFO             PET3 !!!                   ESMF_LOGKIND_Multi_On_Error  !!!
20241012 014843.948 INFO             PET3 !!!!!!!!!!!!!!!!!!!!!!!!!!!!!!!!!!!!!!!!!!!!!!!!!!!!!!
20241012 014843.948 INFO             PET3 Running with ESMF Version   : v8.8.0b01
20241012 014843.948 INFO             PET3 ESMF library build date/time: "Oct 12 2024" "01:16:18"
20241012 014843.948 INFO             PET3 ESMF library build location : /project/esmf/sacks/esmf-testing/gfortran_11.2.0_openmpi_O_develop/esmf
20241012 014843.948 INFO             PET3 ESMF_COMM                   : openmpi
20241012 014843.948 INFO             PET3 ESMF_MOAB                   : enabled
20241012 014843.948 INFO             PET3 ESMF_LAPACK                 : enabled
20241012 014843.948 INFO             PET3 ESMF_NETCDF                 : enabled
20241012 014843.948 INFO             PET3 ESMF_PNETCDF                : disabled
20241012 014843.948 INFO             PET3 ESMF_PIO                    : enabled
20241012 014843.948 INFO             PET3 ESMF_YAMLCPP                : enabled
20241012 014844.025 DEBUG            PET3 about to destroy Grid: 0x7fea8385da00
20241012 014844.031 DEBUG            PET3 about to destroy Grid: 0x7fea8385e600
20241012 014844.050 INFO             PET3  NUMBER_OF_PROCESSORS           4
20241012 014844.050 INFO             PET3  PASS  Example ESMF_NUOPCAtmModelEx, ESMF_NUOPCAtmModelEx.F90, line 806
20241012 014844.050 INFO             PET3  Finalizing ESMF
