2024-10-12 01:18:18
20241012 014544.316 INFO             PET0 !!!!!!!!!!!!!!!!!!!!!!!!!!!!!!!!!!!!!!!!!!!!!!!!!!!!!!
20241012 014544.317 INFO             PET0 !!! THE ESMF_LOG IS SET TO OUTPUT ALL LOG MESSAGES !!!
20241012 014544.317 INFO             PET0 !!!     THIS MAY CAUSE SLOWDOWN IN PERFORMANCE     !!!
20241012 014544.317 INFO             PET0 !!! FOR PRODUCTION RUNS, USE:                      !!!
20241012 014544.317 INFO             PET0 !!!                   ESMF_LOGKIND_Multi_On_Error  !!!
20241012 014544.317 INFO             PET0 !!!!!!!!!!!!!!!!!!!!!!!!!!!!!!!!!!!!!!!!!!!!!!!!!!!!!!
20241012 014544.317 INFO             PET0 Running with ESMF Version   : v8.8.0b01
20241012 014544.317 INFO             PET0 ESMF library build date/time: "Oct 12 2024" "01:16:18"
20241012 014544.317 INFO             PET0 ESMF library build location : /project/esmf/sacks/esmf-testing/gfortran_11.2.0_openmpi_O_develop/esmf
20241012 014544.317 INFO             PET0 ESMF_COMM                   : openmpi
20241012 014544.317 INFO             PET0 ESMF_MOAB                   : enabled
20241012 014544.317 INFO             PET0 ESMF_LAPACK                 : enabled
20241012 014544.317 INFO             PET0 ESMF_NETCDF                 : enabled
20241012 014544.317 INFO             PET0 ESMF_PNETCDF                : disabled
20241012 014544.317 INFO             PET0 ESMF_PIO                    : enabled
20241012 014544.317 INFO             PET0 ESMF_YAMLCPP                : enabled
20241012 014544.317 INFO             PET0  NUMBER_OF_PROCESSORS           1
20241012 014544.318 INFO             PET0  PASS  Example ESMF_TimeEx, ESMF_TimeEx.F90, line 141
20241012 014544.318 INFO             PET0  Finalizing ESMF
