2024-10-10 03:36:58
20241010 043646.685 INFO             PET0 !!!!!!!!!!!!!!!!!!!!!!!!!!!!!!!!!!!!!!!!!!!!!!!!!!!!!!
20241010 043646.685 INFO             PET0 !!! THE ESMF_LOG IS SET TO OUTPUT ALL LOG MESSAGES !!!
20241010 043646.685 INFO             PET0 !!!     THIS MAY CAUSE SLOWDOWN IN PERFORMANCE     !!!
20241010 043646.685 INFO             PET0 !!! FOR PRODUCTION RUNS, USE:                      !!!
20241010 043646.685 INFO             PET0 !!!                   ESMF_LOGKIND_Multi_On_Error  !!!
20241010 043646.685 INFO             PET0 !!!!!!!!!!!!!!!!!!!!!!!!!!!!!!!!!!!!!!!!!!!!!!!!!!!!!!
20241010 043646.685 INFO             PET0 Running with ESMF Version   : v8.8.0b00-12-g0d4b825343
20241010 043646.685 INFO             PET0 ESMF library build date/time: "Oct 10 2024" "03:33:30"
20241010 043646.685 INFO             PET0 ESMF library build location : /glade/derecho/scratch/sacks/esmf-testing/nvhpc_23.7_mpi_O_develop/esmf
20241010 043646.685 INFO             PET0 ESMF_COMM                   : mpi
20241010 043646.687 INFO             PET0 ESMF_MOAB                   : enabled
20241010 043646.687 INFO             PET0 ESMF_LAPACK                 : enabled
20241010 043646.687 INFO             PET0 ESMF_NETCDF                 : enabled
20241010 043646.687 INFO             PET0 ESMF_PNETCDF                : disabled
20241010 043646.687 INFO             PET0 ESMF_PIO                    : enabled
20241010 043646.687 INFO             PET0 ESMF_YAMLCPP                : enabled
20241010 043646.687 INFO             PET0 =============================================
20241010 043646.687 INFO             PET0 ESMX (Earth System Model eXecutable) STARTING
20241010 043646.687 INFO             PET0 =============================================
20241010 043646.691 INFO             PET0 =============================================
20241010 043646.691 INFO             PET0 ESMX (Earth System Model eXecutable) FINISHED
20241010 043646.691 INFO             PET0 =============================================
20241010 043646.691 INFO             PET0  Finalizing ESMF
20241010 043646.686 INFO             PET1 !!!!!!!!!!!!!!!!!!!!!!!!!!!!!!!!!!!!!!!!!!!!!!!!!!!!!!
20241010 043646.686 INFO             PET1 !!! THE ESMF_LOG IS SET TO OUTPUT ALL LOG MESSAGES !!!
20241010 043646.686 INFO             PET1 !!!     THIS MAY CAUSE SLOWDOWN IN PERFORMANCE     !!!
20241010 043646.686 INFO             PET1 !!! FOR PRODUCTION RUNS, USE:                      !!!
20241010 043646.686 INFO             PET1 !!!                   ESMF_LOGKIND_Multi_On_Error  !!!
20241010 043646.686 INFO             PET1 !!!!!!!!!!!!!!!!!!!!!!!!!!!!!!!!!!!!!!!!!!!!!!!!!!!!!!
20241010 043646.686 INFO             PET1 Running with ESMF Version   : v8.8.0b00-12-g0d4b825343
20241010 043646.686 INFO             PET1 ESMF library build date/time: "Oct 10 2024" "03:33:30"
20241010 043646.686 INFO             PET1 ESMF library build location : /glade/derecho/scratch/sacks/esmf-testing/nvhpc_23.7_mpi_O_develop/esmf
20241010 043646.686 INFO             PET1 ESMF_COMM                   : mpi
20241010 043646.687 INFO             PET1 ESMF_MOAB                   : enabled
20241010 043646.687 INFO             PET1 ESMF_LAPACK                 : enabled
20241010 043646.687 INFO             PET1 ESMF_NETCDF                 : enabled
20241010 043646.687 INFO             PET1 ESMF_PNETCDF                : disabled
20241010 043646.687 INFO             PET1 ESMF_PIO                    : enabled
20241010 043646.687 INFO             PET1 ESMF_YAMLCPP                : enabled
20241010 043646.688 INFO             PET1 =============================================
20241010 043646.688 INFO             PET1 ESMX (Earth System Model eXecutable) STARTING
20241010 043646.688 INFO             PET1 =============================================
20241010 043646.691 INFO             PET1 =============================================
20241010 043646.691 INFO             PET1 ESMX (Earth System Model eXecutable) FINISHED
20241010 043646.691 INFO             PET1 =============================================
20241010 043646.692 INFO             PET1  Finalizing ESMF
20241010 043646.685 INFO             PET2 !!!!!!!!!!!!!!!!!!!!!!!!!!!!!!!!!!!!!!!!!!!!!!!!!!!!!!
20241010 043646.685 INFO             PET2 !!! THE ESMF_LOG IS SET TO OUTPUT ALL LOG MESSAGES !!!
20241010 043646.685 INFO             PET2 !!!     THIS MAY CAUSE SLOWDOWN IN PERFORMANCE     !!!
20241010 043646.685 INFO             PET2 !!! FOR PRODUCTION RUNS, USE:                      !!!
20241010 043646.685 INFO             PET2 !!!                   ESMF_LOGKIND_Multi_On_Error  !!!
20241010 043646.685 INFO             PET2 !!!!!!!!!!!!!!!!!!!!!!!!!!!!!!!!!!!!!!!!!!!!!!!!!!!!!!
20241010 043646.685 INFO             PET2 Running with ESMF Version   : v8.8.0b00-12-g0d4b825343
20241010 043646.685 INFO             PET2 ESMF library build date/time: "Oct 10 2024" "03:33:30"
20241010 043646.685 INFO             PET2 ESMF library build location : /glade/derecho/scratch/sacks/esmf-testing/nvhpc_23.7_mpi_O_develop/esmf
20241010 043646.685 INFO             PET2 ESMF_COMM                   : mpi
20241010 043646.687 INFO             PET2 ESMF_MOAB                   : enabled
20241010 043646.687 INFO             PET2 ESMF_LAPACK                 : enabled
20241010 043646.687 INFO             PET2 ESMF_NETCDF                 : enabled
20241010 043646.687 INFO             PET2 ESMF_PNETCDF                : disabled
20241010 043646.687 INFO             PET2 ESMF_PIO                    : enabled
20241010 043646.687 INFO             PET2 ESMF_YAMLCPP                : enabled
20241010 043646.688 INFO             PET2 =============================================
20241010 043646.688 INFO             PET2 ESMX (Earth System Model eXecutable) STARTING
20241010 043646.688 INFO             PET2 =============================================
20241010 043646.692 INFO             PET2 =============================================
20241010 043646.692 INFO             PET2 ESMX (Earth System Model eXecutable) FINISHED
20241010 043646.692 INFO             PET2 =============================================
20241010 043646.692 INFO             PET2  Finalizing ESMF
20241010 043646.683 INFO             PET3 !!!!!!!!!!!!!!!!!!!!!!!!!!!!!!!!!!!!!!!!!!!!!!!!!!!!!!
20241010 043646.684 INFO             PET3 !!! THE ESMF_LOG IS SET TO OUTPUT ALL LOG MESSAGES !!!
20241010 043646.684 INFO             PET3 !!!     THIS MAY CAUSE SLOWDOWN IN PERFORMANCE     !!!
20241010 043646.684 INFO             PET3 !!! FOR PRODUCTION RUNS, USE:                      !!!
20241010 043646.684 INFO             PET3 !!!                   ESMF_LOGKIND_Multi_On_Error  !!!
20241010 043646.684 INFO             PET3 !!!!!!!!!!!!!!!!!!!!!!!!!!!!!!!!!!!!!!!!!!!!!!!!!!!!!!
20241010 043646.684 INFO             PET3 Running with ESMF Version   : v8.8.0b00-12-g0d4b825343
20241010 043646.684 INFO             PET3 ESMF library build date/time: "Oct 10 2024" "03:33:30"
20241010 043646.684 INFO             PET3 ESMF library build location : /glade/derecho/scratch/sacks/esmf-testing/nvhpc_23.7_mpi_O_develop/esmf
20241010 043646.684 INFO             PET3 ESMF_COMM                   : mpi
20241010 043646.684 INFO             PET3 ESMF_MOAB                   : enabled
20241010 043646.684 INFO             PET3 ESMF_LAPACK                 : enabled
20241010 043646.684 INFO             PET3 ESMF_NETCDF                 : enabled
20241010 043646.684 INFO             PET3 ESMF_PNETCDF                : disabled
20241010 043646.684 INFO             PET3 ESMF_PIO                    : enabled
20241010 043646.684 INFO             PET3 ESMF_YAMLCPP                : enabled
20241010 043646.688 INFO             PET3 =============================================
20241010 043646.688 INFO             PET3 ESMX (Earth System Model eXecutable) STARTING
20241010 043646.688 INFO             PET3 =============================================
20241010 043646.691 INFO             PET3 =============================================
20241010 043646.691 INFO             PET3 ESMX (Earth System Model eXecutable) FINISHED
20241010 043646.691 INFO             PET3 =============================================
20241010 043646.691 INFO             PET3  Finalizing ESMF
