2025-05-10 00:42:08
20250510 055106.918 INFO             PET0 !!!!!!!!!!!!!!!!!!!!!!!!!!!!!!!!!!!!!!!!!!!!!!!!!!!!!!
20250510 055106.918 INFO             PET0 !!! THE ESMF_LOG IS SET TO OUTPUT ALL LOG MESSAGES !!!
20250510 055106.918 INFO             PET0 !!!     THIS MAY CAUSE SLOWDOWN IN PERFORMANCE     !!!
20250510 055106.918 INFO             PET0 !!! FOR PRODUCTION RUNS, USE:                      !!!
20250510 055106.918 INFO             PET0 !!!                   ESMF_LOGKIND_Multi_On_Error  !!!
20250510 055106.918 INFO             PET0 !!!!!!!!!!!!!!!!!!!!!!!!!!!!!!!!!!!!!!!!!!!!!!!!!!!!!!
20250510 055106.918 INFO             PET0 Running with ESMF Version   : v8.9.0b08-9-gea72ab2180
20250510 055106.918 INFO             PET0 ESMF library build date/time: "May 10 2025" "00:40:27"
20250510 055106.918 INFO             PET0 ESMF library build location : /discover/nobackup/projects/gmao/SIteam/ESMF_Testing/nag_7.2.28_openmpi_O_develop/esmf
20250510 055106.918 INFO             PET0 ESMF_COMM                   : openmpi
20250510 055106.918 INFO             PET0 ESMF_MOAB                   : enabled
20250510 055106.918 INFO             PET0 ESMF_LAPACK                 : enabled
20250510 055106.918 INFO             PET0 ESMF_NETCDF                 : enabled
20250510 055106.918 INFO             PET0 ESMF_PNETCDF                : disabled
20250510 055106.918 INFO             PET0 ESMF_PIO                    : enabled
20250510 055106.918 INFO             PET0 ESMF_YAMLCPP                : enabled
20250510 055106.919 INFO             PET0  NUMBER_OF_PROCESSORS 1
20250510 055106.919 INFO             PET0  PASS  Example ESMF_TimeEx, ESMF_TimeEx.F90, line 141
20250510 055106.919 INFO             PET0  Finalizing ESMF
