2025-05-08 02:55:08
20250508 043332.130 INFO             PET0 !!!!!!!!!!!!!!!!!!!!!!!!!!!!!!!!!!!!!!!!!!!!!!!!!!!!!!
20250508 043332.130 INFO             PET0 !!! THE ESMF_LOG IS SET TO OUTPUT ALL LOG MESSAGES !!!
20250508 043332.130 INFO             PET0 !!!     THIS MAY CAUSE SLOWDOWN IN PERFORMANCE     !!!
20250508 043332.130 INFO             PET0 !!! FOR PRODUCTION RUNS, USE:                      !!!
20250508 043332.130 INFO             PET0 !!!                   ESMF_LOGKIND_Multi_On_Error  !!!
20250508 043332.130 INFO             PET0 !!!!!!!!!!!!!!!!!!!!!!!!!!!!!!!!!!!!!!!!!!!!!!!!!!!!!!
20250508 043332.130 INFO             PET0 Running with ESMF Version   : v8.9.0b08-5-g079ca68fdc
20250508 043332.130 INFO             PET0 ESMF library build date/time: "May  8 2025" "02:47:35"
20250508 043332.130 INFO             PET0 ESMF library build location : /work/noaa/da/mpotts/sandbox/intel_2020.2.1_intelmpi_g_develop/esmf
20250508 043332.130 INFO             PET0 ESMF_COMM                   : intelmpi
20250508 043332.131 INFO             PET0 ESMF_MOAB                   : enabled
20250508 043332.131 INFO             PET0 ESMF_LAPACK                 : enabled
20250508 043332.131 INFO             PET0 ESMF_NETCDF                 : enabled
20250508 043332.131 INFO             PET0 ESMF_PNETCDF                : disabled
20250508 043332.131 INFO             PET0 ESMF_PIO                    : enabled
20250508 043332.131 INFO             PET0 ESMF_YAMLCPP                : enabled
20250508 043332.140 INFO             PET0 =============================================
20250508 043332.140 INFO             PET0 ESMX (Earth System Model eXecutable) STARTING
20250508 043332.140 INFO             PET0 =============================================
20250508 043332.158 INFO             PET0 ESMX_Driver: InitializeGeneric intro.
20250508 043332.158 INFO             PET0   >>>ESMX_Driver: entered Initialize (phase=<none>) without valid internal Clock.
20250508 043332.158 INFO             PET0   ESMX_Driver: InitializeP0 intro.
20250508 043332.158 INFO             PET0     >>>ESMX_Driver: entered Initialize (phase=<none>) without valid internal Clock.
20250508 043332.159 INFO             PET0     <<<ESMX_Driver: leaving Initialize (phase=<none>) without valid internal Clock.
20250508 043332.159 INFO             PET0   ESMX_Driver: InitializeP0 extro.
20250508 043332.159 INFO             PET0   ESMX_Driver: InitializeIPDv02p1 intro.
20250508 043332.159 INFO             PET0     >>>ESMX_Driver: entered Initialize (phase=<none>) without valid internal Clock.
20250508 043332.175 INFO             PET0     ESMX_Driver - Creating model component MDL without petList.
20250508 043332.176 DEBUG            PET0     Generic SetVM() is executing for: MDL
20250508 043332.176 DEBUG            PET0     Generic SetVM() found no NUOPC Hint for: MDL
20250508 043332.176 DEBUG            PET0     Generic SetVM() therefore is NOT calling ESMF_GridCompSetVMMaxPEs() for: MDL
20250508 043332.203 INFO             PET0     ESMX_Driver: IInitAdvertise intro.
20250508 043332.203 INFO             PET0       >>>ESMX_Driver: entered Initialize (phase=<none>) with current time: 2012 10 24 18  0  0   0
20250508 043332.204 INFO             PET0       <<<ESMX_Driver: leaving Initialize (phase=<none>) with current time: 2012 10 24 18  0  0   0
20250508 043332.204 INFO             PET0     ESMX_Driver: IInitAdvertise extro.
20250508 043332.204 INFO             PET0     Message from inside C component Advertise() method
20250508 043332.207 INFO             PET0     ESMX_Driver: IInitAdvertiseFinish intro.
20250508 043332.207 INFO             PET0       >>>ESMX_Driver: entered Initialize (phase=<none>) with current time: 2012 10 24 18  0  0   0
20250508 043332.208 INFO             PET0       <<<ESMX_Driver: leaving Initialize (phase=<none>) with current time: 2012 10 24 18  0  0   0
20250508 043332.208 INFO             PET0     ESMX_Driver: IInitAdvertiseFinish extro.
20250508 043332.209 INFO             PET0     ESMX_Driver: IInitModifyCplLists intro.
20250508 043332.209 INFO             PET0       >>>ESMX_Driver: entered Initialize (phase=<none>) with current time: 2012 10 24 18  0  0   0
20250508 043332.209 INFO             PET0       <<<ESMX_Driver: leaving Initialize (phase=<none>) with current time: 2012 10 24 18  0  0   0
20250508 043332.209 INFO             PET0     ESMX_Driver: IInitModifyCplLists extro.
20250508 043332.210 INFO             PET0     <<<ESMX_Driver: leaving Initialize (phase=<none>) with current time: 2012 10 24 18  0  0   0
20250508 043332.210 INFO             PET0   ESMX_Driver: InitializeIPDv02p1 extro.
20250508 043332.210 INFO             PET0   ESMX_Driver: InitializeIPDv02p3 intro.
20250508 043332.210 INFO             PET0     >>>ESMX_Driver: entered Initialize (phase=<none>) with current time: 2012 10 24 18  0  0   0
20250508 043332.211 INFO             PET0     ESMX_Driver: IInitCheck intro.
20250508 043332.211 INFO             PET0       >>>ESMX_Driver: entered Initialize (phase=<none>) with current time: 2012 10 24 18  0  0   0
20250508 043332.212 INFO             PET0       <<<ESMX_Driver: leaving Initialize (phase=<none>) with current time: 2012 10 24 18  0  0   0
20250508 043332.212 INFO             PET0     ESMX_Driver: IInitCheck extro.
20250508 043332.213 INFO             PET0     ESMX_Driver: IInitRealize intro.
20250508 043332.213 INFO             PET0       >>>ESMX_Driver: entered Initialize (phase=<none>) with current time: 2012 10 24 18  0  0   0
20250508 043332.213 INFO             PET0       <<<ESMX_Driver: leaving Initialize (phase=<none>) with current time: 2012 10 24 18  0  0   0
20250508 043332.213 INFO             PET0     ESMX_Driver: IInitRealize extro.
20250508 043332.215 INFO             PET0     <<<ESMX_Driver: leaving Initialize (phase=<none>) with current time: 2012 10 24 18  0  0   0
20250508 043332.215 INFO             PET0   ESMX_Driver: InitializeIPDv02p3 extro.
20250508 043332.215 INFO             PET0   ESMX_Driver: InitializeIPDv02p5 intro.
20250508 043332.215 INFO             PET0     >>>ESMX_Driver: entered Initialize (phase=<none>) with current time: 2012 10 24 18  0  0   0
20250508 043332.216 INFO             PET0     ESMX_Driver: InitializeIPDv02p5Data intro.
20250508 043332.216 INFO             PET0       >>>ESMX_Driver: entered Initialize (phase=<none>) with current time: 2012 10 24 18  0  0   0
20250508 043332.216 INFO             PET0       ESMX_Driver: InternalInitializeComplete intro.
20250508 043332.217 INFO             PET0         >>>ESMX_Driver: entered Initialize (phase=<none>) with current time: 2012 10 24 18  0  0   0
20250508 043332.217 INFO             PET0         <<<ESMX_Driver: leaving Initialize (phase=<none>) with current time: 2012 10 24 18  0  0   0
20250508 043332.217 INFO             PET0       ESMX_Driver: InternalInitializeComplete extro.
20250508 043332.223 INFO             PET0       ESMX_Driver: loopDataDependentInitialize intro.
20250508 043332.224 INFO             PET0         >>>ESMX_Driver: entered Initialize (phase=<none>) with current time: 2012 10 24 18  0  0   0
20250508 043332.224 INFO             PET0         <<<ESMX_Driver: leaving Initialize (phase=<none>) with current time: 2012 10 24 18  0  0   0
20250508 043332.224 INFO             PET0       ESMX_Driver: loopDataDependentInitialize extro.
20250508 043332.225 INFO             PET0       <<<ESMX_Driver: leaving Initialize (phase=<none>) with current time: 2012 10 24 18  0  0   0
20250508 043332.225 INFO             PET0     ESMX_Driver: InitializeIPDv02p5Data extro.
20250508 043332.225 INFO             PET0     <<<ESMX_Driver: leaving Initialize (phase=<none>) with current time: 2012 10 24 18  0  0   0
20250508 043332.225 INFO             PET0   ESMX_Driver: InitializeIPDv02p5 extro.
20250508 043332.225 INFO             PET0   <<<ESMX_Driver: leaving Initialize (phase=<none>) with current time: 2012 10 24 18  0  0   0
20250508 043332.225 INFO             PET0 ESMX_Driver: InitializeGeneric extro.
20250508 043332.225 INFO             PET0 ESMX_Driver: Run intro.
20250508 043332.225 INFO             PET0   >>>ESMX_Driver: entered Run (phase=RunPhase1) with current time: 2012 10 24 18  0  0   0
20250508 043332.226 INFO             PET0   Message from inside C component Advance() method
20250508 043332.227 INFO             PET0   <<<ESMX_Driver: leaving Run (phase=RunPhase1) with current time: 2012 10 24 19  0  0   0
20250508 043332.227 INFO             PET0 ESMX_Driver: Run extro.
20250508 043332.227 INFO             PET0 ESMX_Driver: Finalize intro.
20250508 043332.227 INFO             PET0   >>>ESMX_Driver: entered Finalize (phase=FinalizePhase1) with current time: 2012 10 24 19  0  0   0
20250508 043332.227 INFO             PET0   Calling Finalize phase 1 for modelComp: MDL
20250508 043332.227 INFO             PET0   Delete modelComp: MDL
20250508 043332.228 INFO             PET0   <<<ESMX_Driver: leaving Finalize (phase=FinalizePhase1) with current time: 2012 10 24 19  0  0   0
20250508 043332.228 INFO             PET0 ESMX_Driver: Finalize extro.
20250508 043332.228 INFO             PET0 =============================================
20250508 043332.228 INFO             PET0 ESMX (Earth System Model eXecutable) FINISHED
20250508 043332.228 INFO             PET0 =============================================
20250508 043332.228 INFO             PET0  Finalizing ESMF
20250508 043332.130 INFO             PET1 !!!!!!!!!!!!!!!!!!!!!!!!!!!!!!!!!!!!!!!!!!!!!!!!!!!!!!
20250508 043332.130 INFO             PET1 !!! THE ESMF_LOG IS SET TO OUTPUT ALL LOG MESSAGES !!!
20250508 043332.130 INFO             PET1 !!!     THIS MAY CAUSE SLOWDOWN IN PERFORMANCE     !!!
20250508 043332.130 INFO             PET1 !!! FOR PRODUCTION RUNS, USE:                      !!!
20250508 043332.130 INFO             PET1 !!!                   ESMF_LOGKIND_Multi_On_Error  !!!
20250508 043332.130 INFO             PET1 !!!!!!!!!!!!!!!!!!!!!!!!!!!!!!!!!!!!!!!!!!!!!!!!!!!!!!
20250508 043332.130 INFO             PET1 Running with ESMF Version   : v8.9.0b08-5-g079ca68fdc
20250508 043332.130 INFO             PET1 ESMF library build date/time: "May  8 2025" "02:47:35"
20250508 043332.130 INFO             PET1 ESMF library build location : /work/noaa/da/mpotts/sandbox/intel_2020.2.1_intelmpi_g_develop/esmf
20250508 043332.130 INFO             PET1 ESMF_COMM                   : intelmpi
20250508 043332.131 INFO             PET1 ESMF_MOAB                   : enabled
20250508 043332.131 INFO             PET1 ESMF_LAPACK                 : enabled
20250508 043332.131 INFO             PET1 ESMF_NETCDF                 : enabled
20250508 043332.131 INFO             PET1 ESMF_PNETCDF                : disabled
20250508 043332.131 INFO             PET1 ESMF_PIO                    : enabled
20250508 043332.131 INFO             PET1 ESMF_YAMLCPP                : enabled
20250508 043332.140 INFO             PET1 =============================================
20250508 043332.140 INFO             PET1 ESMX (Earth System Model eXecutable) STARTING
20250508 043332.140 INFO             PET1 =============================================
20250508 043332.159 INFO             PET1 ESMX_Driver: InitializeGeneric intro.
20250508 043332.159 INFO             PET1   >>>ESMX_Driver: entered Initialize (phase=<none>) without valid internal Clock.
20250508 043332.159 INFO             PET1   ESMX_Driver: InitializeP0 intro.
20250508 043332.159 INFO             PET1     >>>ESMX_Driver: entered Initialize (phase=<none>) without valid internal Clock.
20250508 043332.160 INFO             PET1     <<<ESMX_Driver: leaving Initialize (phase=<none>) without valid internal Clock.
20250508 043332.160 INFO             PET1   ESMX_Driver: InitializeP0 extro.
20250508 043332.160 INFO             PET1   ESMX_Driver: InitializeIPDv02p1 intro.
20250508 043332.160 INFO             PET1     >>>ESMX_Driver: entered Initialize (phase=<none>) without valid internal Clock.
20250508 043332.175 INFO             PET1     ESMX_Driver - Creating model component MDL without petList.
20250508 043332.176 DEBUG            PET1     Generic SetVM() is executing for: MDL
20250508 043332.176 DEBUG            PET1     Generic SetVM() found no NUOPC Hint for: MDL
20250508 043332.176 DEBUG            PET1     Generic SetVM() therefore is NOT calling ESMF_GridCompSetVMMaxPEs() for: MDL
20250508 043332.205 INFO             PET1     ESMX_Driver: IInitAdvertise intro.
20250508 043332.205 INFO             PET1       >>>ESMX_Driver: entered Initialize (phase=<none>) with current time: 2012 10 24 18  0  0   0
20250508 043332.206 INFO             PET1       <<<ESMX_Driver: leaving Initialize (phase=<none>) with current time: 2012 10 24 18  0  0   0
20250508 043332.206 INFO             PET1     ESMX_Driver: IInitAdvertise extro.
20250508 043332.206 INFO             PET1     Message from inside C component Advertise() method
20250508 043332.209 INFO             PET1     ESMX_Driver: IInitAdvertiseFinish intro.
20250508 043332.210 INFO             PET1       >>>ESMX_Driver: entered Initialize (phase=<none>) with current time: 2012 10 24 18  0  0   0
20250508 043332.210 INFO             PET1       <<<ESMX_Driver: leaving Initialize (phase=<none>) with current time: 2012 10 24 18  0  0   0
20250508 043332.210 INFO             PET1     ESMX_Driver: IInitAdvertiseFinish extro.
20250508 043332.211 INFO             PET1     ESMX_Driver: IInitModifyCplLists intro.
20250508 043332.211 INFO             PET1       >>>ESMX_Driver: entered Initialize (phase=<none>) with current time: 2012 10 24 18  0  0   0
20250508 043332.212 INFO             PET1       <<<ESMX_Driver: leaving Initialize (phase=<none>) with current time: 2012 10 24 18  0  0   0
20250508 043332.212 INFO             PET1     ESMX_Driver: IInitModifyCplLists extro.
20250508 043332.212 INFO             PET1     <<<ESMX_Driver: leaving Initialize (phase=<none>) with current time: 2012 10 24 18  0  0   0
20250508 043332.212 INFO             PET1   ESMX_Driver: InitializeIPDv02p1 extro.
20250508 043332.213 INFO             PET1   ESMX_Driver: InitializeIPDv02p3 intro.
20250508 043332.213 INFO             PET1     >>>ESMX_Driver: entered Initialize (phase=<none>) with current time: 2012 10 24 18  0  0   0
20250508 043332.214 INFO             PET1     ESMX_Driver: IInitCheck intro.
20250508 043332.214 INFO             PET1       >>>ESMX_Driver: entered Initialize (phase=<none>) with current time: 2012 10 24 18  0  0   0
20250508 043332.214 INFO             PET1       <<<ESMX_Driver: leaving Initialize (phase=<none>) with current time: 2012 10 24 18  0  0   0
20250508 043332.214 INFO             PET1     ESMX_Driver: IInitCheck extro.
20250508 043332.215 INFO             PET1     ESMX_Driver: IInitRealize intro.
20250508 043332.216 INFO             PET1       >>>ESMX_Driver: entered Initialize (phase=<none>) with current time: 2012 10 24 18  0  0   0
20250508 043332.216 INFO             PET1       <<<ESMX_Driver: leaving Initialize (phase=<none>) with current time: 2012 10 24 18  0  0   0
20250508 043332.216 INFO             PET1     ESMX_Driver: IInitRealize extro.
20250508 043332.217 INFO             PET1     <<<ESMX_Driver: leaving Initialize (phase=<none>) with current time: 2012 10 24 18  0  0   0
20250508 043332.217 INFO             PET1   ESMX_Driver: InitializeIPDv02p3 extro.
20250508 043332.218 INFO             PET1   ESMX_Driver: InitializeIPDv02p5 intro.
20250508 043332.218 INFO             PET1     >>>ESMX_Driver: entered Initialize (phase=<none>) with current time: 2012 10 24 18  0  0   0
20250508 043332.218 INFO             PET1     ESMX_Driver: InitializeIPDv02p5Data intro.
20250508 043332.219 INFO             PET1       >>>ESMX_Driver: entered Initialize (phase=<none>) with current time: 2012 10 24 18  0  0   0
20250508 043332.219 INFO             PET1       ESMX_Driver: InternalInitializeComplete intro.
20250508 043332.219 INFO             PET1         >>>ESMX_Driver: entered Initialize (phase=<none>) with current time: 2012 10 24 18  0  0   0
20250508 043332.220 INFO             PET1         <<<ESMX_Driver: leaving Initialize (phase=<none>) with current time: 2012 10 24 18  0  0   0
20250508 043332.220 INFO             PET1       ESMX_Driver: InternalInitializeComplete extro.
20250508 043332.223 INFO             PET1       ESMX_Driver: loopDataDependentInitialize intro.
20250508 043332.224 INFO             PET1         >>>ESMX_Driver: entered Initialize (phase=<none>) with current time: 2012 10 24 18  0  0   0
20250508 043332.224 INFO             PET1         <<<ESMX_Driver: leaving Initialize (phase=<none>) with current time: 2012 10 24 18  0  0   0
20250508 043332.224 INFO             PET1       ESMX_Driver: loopDataDependentInitialize extro.
20250508 043332.225 INFO             PET1       <<<ESMX_Driver: leaving Initialize (phase=<none>) with current time: 2012 10 24 18  0  0   0
20250508 043332.225 INFO             PET1     ESMX_Driver: InitializeIPDv02p5Data extro.
20250508 043332.225 INFO             PET1     <<<ESMX_Driver: leaving Initialize (phase=<none>) with current time: 2012 10 24 18  0  0   0
20250508 043332.225 INFO             PET1   ESMX_Driver: InitializeIPDv02p5 extro.
20250508 043332.225 INFO             PET1   <<<ESMX_Driver: leaving Initialize (phase=<none>) with current time: 2012 10 24 18  0  0   0
20250508 043332.225 INFO             PET1 ESMX_Driver: InitializeGeneric extro.
20250508 043332.226 INFO             PET1 ESMX_Driver: Run intro.
20250508 043332.226 INFO             PET1   >>>ESMX_Driver: entered Run (phase=RunPhase1) with current time: 2012 10 24 18  0  0   0
20250508 043332.227 INFO             PET1   Message from inside C component Advance() method
20250508 043332.227 INFO             PET1   <<<ESMX_Driver: leaving Run (phase=RunPhase1) with current time: 2012 10 24 19  0  0   0
20250508 043332.227 INFO             PET1 ESMX_Driver: Run extro.
20250508 043332.228 INFO             PET1 ESMX_Driver: Finalize intro.
20250508 043332.228 INFO             PET1   >>>ESMX_Driver: entered Finalize (phase=FinalizePhase1) with current time: 2012 10 24 19  0  0   0
20250508 043332.228 INFO             PET1   Calling Finalize phase 1 for modelComp: MDL
20250508 043332.228 INFO             PET1   Delete modelComp: MDL
20250508 043332.229 INFO             PET1   <<<ESMX_Driver: leaving Finalize (phase=FinalizePhase1) with current time: 2012 10 24 19  0  0   0
20250508 043332.229 INFO             PET1 ESMX_Driver: Finalize extro.
20250508 043332.229 INFO             PET1 =============================================
20250508 043332.229 INFO             PET1 ESMX (Earth System Model eXecutable) FINISHED
20250508 043332.229 INFO             PET1 =============================================
20250508 043332.229 INFO             PET1  Finalizing ESMF
20250508 043332.130 INFO             PET2 !!!!!!!!!!!!!!!!!!!!!!!!!!!!!!!!!!!!!!!!!!!!!!!!!!!!!!
20250508 043332.130 INFO             PET2 !!! THE ESMF_LOG IS SET TO OUTPUT ALL LOG MESSAGES !!!
20250508 043332.130 INFO             PET2 !!!     THIS MAY CAUSE SLOWDOWN IN PERFORMANCE     !!!
20250508 043332.130 INFO             PET2 !!! FOR PRODUCTION RUNS, USE:                      !!!
20250508 043332.130 INFO             PET2 !!!                   ESMF_LOGKIND_Multi_On_Error  !!!
20250508 043332.130 INFO             PET2 !!!!!!!!!!!!!!!!!!!!!!!!!!!!!!!!!!!!!!!!!!!!!!!!!!!!!!
20250508 043332.130 INFO             PET2 Running with ESMF Version   : v8.9.0b08-5-g079ca68fdc
20250508 043332.130 INFO             PET2 ESMF library build date/time: "May  8 2025" "02:47:35"
20250508 043332.130 INFO             PET2 ESMF library build location : /work/noaa/da/mpotts/sandbox/intel_2020.2.1_intelmpi_g_develop/esmf
20250508 043332.130 INFO             PET2 ESMF_COMM                   : intelmpi
20250508 043332.131 INFO             PET2 ESMF_MOAB                   : enabled
20250508 043332.131 INFO             PET2 ESMF_LAPACK                 : enabled
20250508 043332.131 INFO             PET2 ESMF_NETCDF                 : enabled
20250508 043332.131 INFO             PET2 ESMF_PNETCDF                : disabled
20250508 043332.131 INFO             PET2 ESMF_PIO                    : enabled
20250508 043332.131 INFO             PET2 ESMF_YAMLCPP                : enabled
20250508 043332.140 INFO             PET2 =============================================
20250508 043332.140 INFO             PET2 ESMX (Earth System Model eXecutable) STARTING
20250508 043332.140 INFO             PET2 =============================================
20250508 043332.158 INFO             PET2 ESMX_Driver: InitializeGeneric intro.
20250508 043332.158 INFO             PET2   >>>ESMX_Driver: entered Initialize (phase=<none>) without valid internal Clock.
20250508 043332.158 INFO             PET2   ESMX_Driver: InitializeP0 intro.
20250508 043332.158 INFO             PET2     >>>ESMX_Driver: entered Initialize (phase=<none>) without valid internal Clock.
20250508 043332.159 INFO             PET2     <<<ESMX_Driver: leaving Initialize (phase=<none>) without valid internal Clock.
20250508 043332.159 INFO             PET2   ESMX_Driver: InitializeP0 extro.
20250508 043332.159 INFO             PET2   ESMX_Driver: InitializeIPDv02p1 intro.
20250508 043332.159 INFO             PET2     >>>ESMX_Driver: entered Initialize (phase=<none>) without valid internal Clock.
20250508 043332.175 INFO             PET2     ESMX_Driver - Creating model component MDL without petList.
20250508 043332.176 DEBUG            PET2     Generic SetVM() is executing for: MDL
20250508 043332.176 DEBUG            PET2     Generic SetVM() found no NUOPC Hint for: MDL
20250508 043332.176 DEBUG            PET2     Generic SetVM() therefore is NOT calling ESMF_GridCompSetVMMaxPEs() for: MDL
20250508 043332.204 INFO             PET2     ESMX_Driver: IInitAdvertise intro.
20250508 043332.204 INFO             PET2       >>>ESMX_Driver: entered Initialize (phase=<none>) with current time: 2012 10 24 18  0  0   0
20250508 043332.204 INFO             PET2       <<<ESMX_Driver: leaving Initialize (phase=<none>) with current time: 2012 10 24 18  0  0   0
20250508 043332.204 INFO             PET2     ESMX_Driver: IInitAdvertise extro.
20250508 043332.205 INFO             PET2     Message from inside C component Advertise() method
20250508 043332.208 INFO             PET2     ESMX_Driver: IInitAdvertiseFinish intro.
20250508 043332.208 INFO             PET2       >>>ESMX_Driver: entered Initialize (phase=<none>) with current time: 2012 10 24 18  0  0   0
20250508 043332.208 INFO             PET2       <<<ESMX_Driver: leaving Initialize (phase=<none>) with current time: 2012 10 24 18  0  0   0
20250508 043332.208 INFO             PET2     ESMX_Driver: IInitAdvertiseFinish extro.
20250508 043332.209 INFO             PET2     ESMX_Driver: IInitModifyCplLists intro.
20250508 043332.210 INFO             PET2       >>>ESMX_Driver: entered Initialize (phase=<none>) with current time: 2012 10 24 18  0  0   0
20250508 043332.210 INFO             PET2       <<<ESMX_Driver: leaving Initialize (phase=<none>) with current time: 2012 10 24 18  0  0   0
20250508 043332.210 INFO             PET2     ESMX_Driver: IInitModifyCplLists extro.
20250508 043332.211 INFO             PET2     <<<ESMX_Driver: leaving Initialize (phase=<none>) with current time: 2012 10 24 18  0  0   0
20250508 043332.211 INFO             PET2   ESMX_Driver: InitializeIPDv02p1 extro.
20250508 043332.211 INFO             PET2   ESMX_Driver: InitializeIPDv02p3 intro.
20250508 043332.211 INFO             PET2     >>>ESMX_Driver: entered Initialize (phase=<none>) with current time: 2012 10 24 18  0  0   0
20250508 043332.212 INFO             PET2     ESMX_Driver: IInitCheck intro.
20250508 043332.212 INFO             PET2       >>>ESMX_Driver: entered Initialize (phase=<none>) with current time: 2012 10 24 18  0  0   0
20250508 043332.213 INFO             PET2       <<<ESMX_Driver: leaving Initialize (phase=<none>) with current time: 2012 10 24 18  0  0   0
20250508 043332.213 INFO             PET2     ESMX_Driver: IInitCheck extro.
20250508 043332.213 INFO             PET2     ESMX_Driver: IInitRealize intro.
20250508 043332.214 INFO             PET2       >>>ESMX_Driver: entered Initialize (phase=<none>) with current time: 2012 10 24 18  0  0   0
20250508 043332.214 INFO             PET2       <<<ESMX_Driver: leaving Initialize (phase=<none>) with current time: 2012 10 24 18  0  0   0
20250508 043332.214 INFO             PET2     ESMX_Driver: IInitRealize extro.
20250508 043332.215 INFO             PET2     <<<ESMX_Driver: leaving Initialize (phase=<none>) with current time: 2012 10 24 18  0  0   0
20250508 043332.215 INFO             PET2   ESMX_Driver: InitializeIPDv02p3 extro.
20250508 043332.216 INFO             PET2   ESMX_Driver: InitializeIPDv02p5 intro.
20250508 043332.216 INFO             PET2     >>>ESMX_Driver: entered Initialize (phase=<none>) with current time: 2012 10 24 18  0  0   0
20250508 043332.216 INFO             PET2     ESMX_Driver: InitializeIPDv02p5Data intro.
20250508 043332.217 INFO             PET2       >>>ESMX_Driver: entered Initialize (phase=<none>) with current time: 2012 10 24 18  0  0   0
20250508 043332.217 INFO             PET2       ESMX_Driver: InternalInitializeComplete intro.
20250508 043332.217 INFO             PET2         >>>ESMX_Driver: entered Initialize (phase=<none>) with current time: 2012 10 24 18  0  0   0
20250508 043332.218 INFO             PET2         <<<ESMX_Driver: leaving Initialize (phase=<none>) with current time: 2012 10 24 18  0  0   0
20250508 043332.218 INFO             PET2       ESMX_Driver: InternalInitializeComplete extro.
20250508 043332.223 INFO             PET2       ESMX_Driver: loopDataDependentInitialize intro.
20250508 043332.224 INFO             PET2         >>>ESMX_Driver: entered Initialize (phase=<none>) with current time: 2012 10 24 18  0  0   0
20250508 043332.224 INFO             PET2         <<<ESMX_Driver: leaving Initialize (phase=<none>) with current time: 2012 10 24 18  0  0   0
20250508 043332.224 INFO             PET2       ESMX_Driver: loopDataDependentInitialize extro.
20250508 043332.225 INFO             PET2       <<<ESMX_Driver: leaving Initialize (phase=<none>) with current time: 2012 10 24 18  0  0   0
20250508 043332.225 INFO             PET2     ESMX_Driver: InitializeIPDv02p5Data extro.
20250508 043332.225 INFO             PET2     <<<ESMX_Driver: leaving Initialize (phase=<none>) with current time: 2012 10 24 18  0  0   0
20250508 043332.225 INFO             PET2   ESMX_Driver: InitializeIPDv02p5 extro.
20250508 043332.225 INFO             PET2   <<<ESMX_Driver: leaving Initialize (phase=<none>) with current time: 2012 10 24 18  0  0   0
20250508 043332.225 INFO             PET2 ESMX_Driver: InitializeGeneric extro.
20250508 043332.225 INFO             PET2 ESMX_Driver: Run intro.
20250508 043332.225 INFO             PET2   >>>ESMX_Driver: entered Run (phase=RunPhase1) with current time: 2012 10 24 18  0  0   0
20250508 043332.226 INFO             PET2   Message from inside C component Advance() method
20250508 043332.227 INFO             PET2   <<<ESMX_Driver: leaving Run (phase=RunPhase1) with current time: 2012 10 24 19  0  0   0
20250508 043332.227 INFO             PET2 ESMX_Driver: Run extro.
20250508 043332.227 INFO             PET2 ESMX_Driver: Finalize intro.
20250508 043332.227 INFO             PET2   >>>ESMX_Driver: entered Finalize (phase=FinalizePhase1) with current time: 2012 10 24 19  0  0   0
20250508 043332.227 INFO             PET2   Calling Finalize phase 1 for modelComp: MDL
20250508 043332.227 INFO             PET2   Delete modelComp: MDL
20250508 043332.228 INFO             PET2   <<<ESMX_Driver: leaving Finalize (phase=FinalizePhase1) with current time: 2012 10 24 19  0  0   0
20250508 043332.228 INFO             PET2 ESMX_Driver: Finalize extro.
20250508 043332.228 INFO             PET2 =============================================
20250508 043332.228 INFO             PET2 ESMX (Earth System Model eXecutable) FINISHED
20250508 043332.228 INFO             PET2 =============================================
20250508 043332.228 INFO             PET2  Finalizing ESMF
20250508 043332.129 INFO             PET3 !!!!!!!!!!!!!!!!!!!!!!!!!!!!!!!!!!!!!!!!!!!!!!!!!!!!!!
20250508 043332.129 INFO             PET3 !!! THE ESMF_LOG IS SET TO OUTPUT ALL LOG MESSAGES !!!
20250508 043332.129 INFO             PET3 !!!     THIS MAY CAUSE SLOWDOWN IN PERFORMANCE     !!!
20250508 043332.129 INFO             PET3 !!! FOR PRODUCTION RUNS, USE:                      !!!
20250508 043332.129 INFO             PET3 !!!                   ESMF_LOGKIND_Multi_On_Error  !!!
20250508 043332.129 INFO             PET3 !!!!!!!!!!!!!!!!!!!!!!!!!!!!!!!!!!!!!!!!!!!!!!!!!!!!!!
20250508 043332.129 INFO             PET3 Running with ESMF Version   : v8.9.0b08-5-g079ca68fdc
20250508 043332.129 INFO             PET3 ESMF library build date/time: "May  8 2025" "02:47:35"
20250508 043332.129 INFO             PET3 ESMF library build location : /work/noaa/da/mpotts/sandbox/intel_2020.2.1_intelmpi_g_develop/esmf
20250508 043332.129 INFO             PET3 ESMF_COMM                   : intelmpi
20250508 043332.130 INFO             PET3 ESMF_MOAB                   : enabled
20250508 043332.130 INFO             PET3 ESMF_LAPACK                 : enabled
20250508 043332.130 INFO             PET3 ESMF_NETCDF                 : enabled
20250508 043332.130 INFO             PET3 ESMF_PNETCDF                : disabled
20250508 043332.130 INFO             PET3 ESMF_PIO                    : enabled
20250508 043332.130 INFO             PET3 ESMF_YAMLCPP                : enabled
20250508 043332.140 INFO             PET3 =============================================
20250508 043332.140 INFO             PET3 ESMX (Earth System Model eXecutable) STARTING
20250508 043332.140 INFO             PET3 =============================================
20250508 043332.157 INFO             PET3 ESMX_Driver: InitializeGeneric intro.
20250508 043332.158 INFO             PET3   >>>ESMX_Driver: entered Initialize (phase=<none>) without valid internal Clock.
20250508 043332.158 INFO             PET3   ESMX_Driver: InitializeP0 intro.
20250508 043332.158 INFO             PET3     >>>ESMX_Driver: entered Initialize (phase=<none>) without valid internal Clock.
20250508 043332.158 INFO             PET3     <<<ESMX_Driver: leaving Initialize (phase=<none>) without valid internal Clock.
20250508 043332.158 INFO             PET3   ESMX_Driver: InitializeP0 extro.
20250508 043332.159 INFO             PET3   ESMX_Driver: InitializeIPDv02p1 intro.
20250508 043332.159 INFO             PET3     >>>ESMX_Driver: entered Initialize (phase=<none>) without valid internal Clock.
20250508 043332.175 INFO             PET3     ESMX_Driver - Creating model component MDL without petList.
20250508 043332.176 DEBUG            PET3     Generic SetVM() is executing for: MDL
20250508 043332.176 DEBUG            PET3     Generic SetVM() found no NUOPC Hint for: MDL
20250508 043332.176 DEBUG            PET3     Generic SetVM() therefore is NOT calling ESMF_GridCompSetVMMaxPEs() for: MDL
20250508 043332.204 INFO             PET3     ESMX_Driver: IInitAdvertise intro.
20250508 043332.204 INFO             PET3       >>>ESMX_Driver: entered Initialize (phase=<none>) with current time: 2012 10 24 18  0  0   0
20250508 043332.204 INFO             PET3       <<<ESMX_Driver: leaving Initialize (phase=<none>) with current time: 2012 10 24 18  0  0   0
20250508 043332.204 INFO             PET3     ESMX_Driver: IInitAdvertise extro.
20250508 043332.205 INFO             PET3     Message from inside C component Advertise() method
20250508 043332.208 INFO             PET3     ESMX_Driver: IInitAdvertiseFinish intro.
20250508 043332.208 INFO             PET3       >>>ESMX_Driver: entered Initialize (phase=<none>) with current time: 2012 10 24 18  0  0   0
20250508 043332.208 INFO             PET3       <<<ESMX_Driver: leaving Initialize (phase=<none>) with current time: 2012 10 24 18  0  0   0
20250508 043332.208 INFO             PET3     ESMX_Driver: IInitAdvertiseFinish extro.
20250508 043332.209 INFO             PET3     ESMX_Driver: IInitModifyCplLists intro.
20250508 043332.210 INFO             PET3       >>>ESMX_Driver: entered Initialize (phase=<none>) with current time: 2012 10 24 18  0  0   0
20250508 043332.210 INFO             PET3       <<<ESMX_Driver: leaving Initialize (phase=<none>) with current time: 2012 10 24 18  0  0   0
20250508 043332.210 INFO             PET3     ESMX_Driver: IInitModifyCplLists extro.
20250508 043332.211 INFO             PET3     <<<ESMX_Driver: leaving Initialize (phase=<none>) with current time: 2012 10 24 18  0  0   0
20250508 043332.211 INFO             PET3   ESMX_Driver: InitializeIPDv02p1 extro.
20250508 043332.211 INFO             PET3   ESMX_Driver: InitializeIPDv02p3 intro.
20250508 043332.211 INFO             PET3     >>>ESMX_Driver: entered Initialize (phase=<none>) with current time: 2012 10 24 18  0  0   0
20250508 043332.212 INFO             PET3     ESMX_Driver: IInitCheck intro.
20250508 043332.212 INFO             PET3       >>>ESMX_Driver: entered Initialize (phase=<none>) with current time: 2012 10 24 18  0  0   0
20250508 043332.213 INFO             PET3       <<<ESMX_Driver: leaving Initialize (phase=<none>) with current time: 2012 10 24 18  0  0   0
20250508 043332.213 INFO             PET3     ESMX_Driver: IInitCheck extro.
20250508 043332.213 INFO             PET3     ESMX_Driver: IInitRealize intro.
20250508 043332.214 INFO             PET3       >>>ESMX_Driver: entered Initialize (phase=<none>) with current time: 2012 10 24 18  0  0   0
20250508 043332.214 INFO             PET3       <<<ESMX_Driver: leaving Initialize (phase=<none>) with current time: 2012 10 24 18  0  0   0
20250508 043332.214 INFO             PET3     ESMX_Driver: IInitRealize extro.
20250508 043332.215 INFO             PET3     <<<ESMX_Driver: leaving Initialize (phase=<none>) with current time: 2012 10 24 18  0  0   0
20250508 043332.216 INFO             PET3   ESMX_Driver: InitializeIPDv02p3 extro.
20250508 043332.216 INFO             PET3   ESMX_Driver: InitializeIPDv02p5 intro.
20250508 043332.216 INFO             PET3     >>>ESMX_Driver: entered Initialize (phase=<none>) with current time: 2012 10 24 18  0  0   0
20250508 043332.216 INFO             PET3     ESMX_Driver: InitializeIPDv02p5Data intro.
20250508 043332.217 INFO             PET3       >>>ESMX_Driver: entered Initialize (phase=<none>) with current time: 2012 10 24 18  0  0   0
20250508 043332.217 INFO             PET3       ESMX_Driver: InternalInitializeComplete intro.
20250508 043332.218 INFO             PET3         >>>ESMX_Driver: entered Initialize (phase=<none>) with current time: 2012 10 24 18  0  0   0
20250508 043332.218 INFO             PET3         <<<ESMX_Driver: leaving Initialize (phase=<none>) with current time: 2012 10 24 18  0  0   0
20250508 043332.218 INFO             PET3       ESMX_Driver: InternalInitializeComplete extro.
20250508 043332.223 INFO             PET3       ESMX_Driver: loopDataDependentInitialize intro.
20250508 043332.224 INFO             PET3         >>>ESMX_Driver: entered Initialize (phase=<none>) with current time: 2012 10 24 18  0  0   0
20250508 043332.224 INFO             PET3         <<<ESMX_Driver: leaving Initialize (phase=<none>) with current time: 2012 10 24 18  0  0   0
20250508 043332.224 INFO             PET3       ESMX_Driver: loopDataDependentInitialize extro.
20250508 043332.225 INFO             PET3       <<<ESMX_Driver: leaving Initialize (phase=<none>) with current time: 2012 10 24 18  0  0   0
20250508 043332.225 INFO             PET3     ESMX_Driver: InitializeIPDv02p5Data extro.
20250508 043332.225 INFO             PET3     <<<ESMX_Driver: leaving Initialize (phase=<none>) with current time: 2012 10 24 18  0  0   0
20250508 043332.225 INFO             PET3   ESMX_Driver: InitializeIPDv02p5 extro.
20250508 043332.225 INFO             PET3   <<<ESMX_Driver: leaving Initialize (phase=<none>) with current time: 2012 10 24 18  0  0   0
20250508 043332.225 INFO             PET3 ESMX_Driver: InitializeGeneric extro.
20250508 043332.225 INFO             PET3 ESMX_Driver: Run intro.
20250508 043332.225 INFO             PET3   >>>ESMX_Driver: entered Run (phase=RunPhase1) with current time: 2012 10 24 18  0  0   0
20250508 043332.226 INFO             PET3   Message from inside C component Advance() method
20250508 043332.227 INFO             PET3   <<<ESMX_Driver: leaving Run (phase=RunPhase1) with current time: 2012 10 24 19  0  0   0
20250508 043332.227 INFO             PET3 ESMX_Driver: Run extro.
20250508 043332.227 INFO             PET3 ESMX_Driver: Finalize intro.
20250508 043332.227 INFO             PET3   >>>ESMX_Driver: entered Finalize (phase=FinalizePhase1) with current time: 2012 10 24 19  0  0   0
20250508 043332.227 INFO             PET3   Calling Finalize phase 1 for modelComp: MDL
20250508 043332.227 INFO             PET3   Delete modelComp: MDL
20250508 043332.228 INFO             PET3   <<<ESMX_Driver: leaving Finalize (phase=FinalizePhase1) with current time: 2012 10 24 19  0  0   0
20250508 043332.228 INFO             PET3 ESMX_Driver: Finalize extro.
20250508 043332.228 INFO             PET3 =============================================
20250508 043332.228 INFO             PET3 ESMX (Earth System Model eXecutable) FINISHED
20250508 043332.228 INFO             PET3 =============================================
20250508 043332.228 INFO             PET3  Finalizing ESMF
