2025-05-08 02:55:08
20250508 043248.896 INFO             PET0 !!!!!!!!!!!!!!!!!!!!!!!!!!!!!!!!!!!!!!!!!!!!!!!!!!!!!!
20250508 043248.896 INFO             PET0 !!! THE ESMF_LOG IS SET TO OUTPUT ALL LOG MESSAGES !!!
20250508 043248.896 INFO             PET0 !!!     THIS MAY CAUSE SLOWDOWN IN PERFORMANCE     !!!
20250508 043248.896 INFO             PET0 !!! FOR PRODUCTION RUNS, USE:                      !!!
20250508 043248.896 INFO             PET0 !!!                   ESMF_LOGKIND_Multi_On_Error  !!!
20250508 043248.896 INFO             PET0 !!!!!!!!!!!!!!!!!!!!!!!!!!!!!!!!!!!!!!!!!!!!!!!!!!!!!!
20250508 043248.896 INFO             PET0 Running with ESMF Version   : v8.9.0b08-5-g079ca68fdc
20250508 043248.896 INFO             PET0 ESMF library build date/time: "May  8 2025" "02:47:35"
20250508 043248.896 INFO             PET0 ESMF library build location : /work/noaa/da/mpotts/sandbox/intel_2020.2.1_intelmpi_g_develop/esmf
20250508 043248.896 INFO             PET0 ESMF_COMM                   : intelmpi
20250508 043248.896 INFO             PET0 ESMF_MOAB                   : enabled
20250508 043248.896 INFO             PET0 ESMF_LAPACK                 : enabled
20250508 043248.896 INFO             PET0 ESMF_NETCDF                 : enabled
20250508 043248.896 INFO             PET0 ESMF_PNETCDF                : disabled
20250508 043248.896 INFO             PET0 ESMF_PIO                    : enabled
20250508 043248.896 INFO             PET0 ESMF_YAMLCPP                : enabled
20250508 043248.905 INFO             PET0 =============================================
20250508 043248.905 INFO             PET0 ESMX (Earth System Model eXecutable) STARTING
20250508 043248.905 INFO             PET0 =============================================
20250508 043248.921 INFO             PET0 ESMX_Driver: InitializeGeneric intro.
20250508 043248.922 INFO             PET0   >>>ESMX_Driver: entered Initialize (phase=<none>) without valid internal Clock.
20250508 043248.922 INFO             PET0   ESMX_Driver: InitializeP0 intro.
20250508 043248.922 INFO             PET0     >>>ESMX_Driver: entered Initialize (phase=<none>) without valid internal Clock.
20250508 043248.922 INFO             PET0     <<<ESMX_Driver: leaving Initialize (phase=<none>) without valid internal Clock.
20250508 043248.922 INFO             PET0   ESMX_Driver: InitializeP0 extro.
20250508 043248.923 INFO             PET0   ESMX_Driver: InitializeIPDv02p1 intro.
20250508 043248.923 INFO             PET0     >>>ESMX_Driver: entered Initialize (phase=<none>) without valid internal Clock.
20250508 043248.934 INFO             PET0     ESMX_Driver: IInitAdvertise intro.
20250508 043248.935 INFO             PET0       >>>ESMX_Driver: entered Initialize (phase=<none>) with current time: 2012 10 24  8  0  0   0
20250508 043248.935 INFO             PET0       <<<ESMX_Driver: leaving Initialize (phase=<none>) with current time: 2012 10 24  8  0  0   0
20250508 043248.935 INFO             PET0     ESMX_Driver: IInitAdvertise extro.
20250508 043248.935 INFO             PET0     ESMX_Driver: IInitAdvertiseFinish intro.
20250508 043248.936 INFO             PET0       >>>ESMX_Driver: entered Initialize (phase=<none>) with current time: 2012 10 24  8  0  0   0
20250508 043248.936 INFO             PET0       <<<ESMX_Driver: leaving Initialize (phase=<none>) with current time: 2012 10 24  8  0  0   0
20250508 043248.936 INFO             PET0     ESMX_Driver: IInitAdvertiseFinish extro.
20250508 043248.937 INFO             PET0     ESMX_Driver: IInitModifyCplLists intro.
20250508 043248.937 INFO             PET0       >>>ESMX_Driver: entered Initialize (phase=<none>) with current time: 2012 10 24  8  0  0   0
20250508 043248.937 INFO             PET0       <<<ESMX_Driver: leaving Initialize (phase=<none>) with current time: 2012 10 24  8  0  0   0
20250508 043248.937 INFO             PET0     ESMX_Driver: IInitModifyCplLists extro.
20250508 043248.938 INFO             PET0     <<<ESMX_Driver: leaving Initialize (phase=<none>) with current time: 2012 10 24  8  0  0   0
20250508 043248.938 INFO             PET0   ESMX_Driver: InitializeIPDv02p1 extro.
20250508 043248.938 INFO             PET0   ESMX_Driver: InitializeIPDv02p3 intro.
20250508 043248.938 INFO             PET0     >>>ESMX_Driver: entered Initialize (phase=<none>) with current time: 2012 10 24  8  0  0   0
20250508 043248.939 INFO             PET0     ESMX_Driver: IInitCheck intro.
20250508 043248.939 INFO             PET0       >>>ESMX_Driver: entered Initialize (phase=<none>) with current time: 2012 10 24  8  0  0   0
20250508 043248.939 INFO             PET0       <<<ESMX_Driver: leaving Initialize (phase=<none>) with current time: 2012 10 24  8  0  0   0
20250508 043248.939 INFO             PET0     ESMX_Driver: IInitCheck extro.
20250508 043248.940 INFO             PET0     ESMX_Driver: IInitRealize intro.
20250508 043248.940 INFO             PET0       >>>ESMX_Driver: entered Initialize (phase=<none>) with current time: 2012 10 24  8  0  0   0
20250508 043248.940 INFO             PET0       <<<ESMX_Driver: leaving Initialize (phase=<none>) with current time: 2012 10 24  8  0  0   0
20250508 043248.940 INFO             PET0     ESMX_Driver: IInitRealize extro.
20250508 043248.941 INFO             PET0     <<<ESMX_Driver: leaving Initialize (phase=<none>) with current time: 2012 10 24  8  0  0   0
20250508 043248.941 INFO             PET0   ESMX_Driver: InitializeIPDv02p3 extro.
20250508 043248.941 INFO             PET0   ESMX_Driver: InitializeIPDv02p5 intro.
20250508 043248.942 INFO             PET0     >>>ESMX_Driver: entered Initialize (phase=<none>) with current time: 2012 10 24  8  0  0   0
20250508 043248.942 INFO             PET0     ESMX_Driver: InitializeIPDv02p5Data intro.
20250508 043248.942 INFO             PET0       >>>ESMX_Driver: entered Initialize (phase=<none>) with current time: 2012 10 24  8  0  0   0
20250508 043248.943 INFO             PET0       ESMX_Driver: InternalInitializeComplete intro.
20250508 043248.943 INFO             PET0         >>>ESMX_Driver: entered Initialize (phase=<none>) with current time: 2012 10 24  8  0  0   0
20250508 043248.943 INFO             PET0         <<<ESMX_Driver: leaving Initialize (phase=<none>) with current time: 2012 10 24  8  0  0   0
20250508 043248.943 INFO             PET0       ESMX_Driver: InternalInitializeComplete extro.
20250508 043248.946 INFO             PET0       ESMX_Driver: loopDataDependentInitialize intro.
20250508 043248.946 INFO             PET0         >>>ESMX_Driver: entered Initialize (phase=<none>) with current time: 2012 10 24  8  0  0   0
20250508 043248.946 INFO             PET0         <<<ESMX_Driver: leaving Initialize (phase=<none>) with current time: 2012 10 24  8  0  0   0
20250508 043248.946 INFO             PET0       ESMX_Driver: loopDataDependentInitialize extro.
20250508 043248.947 INFO             PET0       <<<ESMX_Driver: leaving Initialize (phase=<none>) with current time: 2012 10 24  8  0  0   0
20250508 043248.947 INFO             PET0     ESMX_Driver: InitializeIPDv02p5Data extro.
20250508 043248.947 INFO             PET0     <<<ESMX_Driver: leaving Initialize (phase=<none>) with current time: 2012 10 24  8  0  0   0
20250508 043248.947 INFO             PET0   ESMX_Driver: InitializeIPDv02p5 extro.
20250508 043248.947 INFO             PET0   <<<ESMX_Driver: leaving Initialize (phase=<none>) with current time: 2012 10 24  8  0  0   0
20250508 043248.947 INFO             PET0 ESMX_Driver: InitializeGeneric extro.
20250508 043248.947 INFO             PET0 ESMX_Driver: Run intro.
20250508 043248.948 INFO             PET0   >>>ESMX_Driver: entered Run (phase=RunPhase1) with current time: 2012 10 24  8  0  0   0
20250508 043248.948 INFO             PET0   <<<ESMX_Driver: leaving Run (phase=RunPhase1) with current time: 2012 10 24  8  0  0   0
20250508 043248.948 INFO             PET0 ESMX_Driver: Run extro.
20250508 043248.948 INFO             PET0 ESMX_Driver: Finalize intro.
20250508 043248.948 INFO             PET0   >>>ESMX_Driver: entered Finalize (phase=FinalizePhase1) with current time: 2012 10 24  8  0  0   0
20250508 043248.949 INFO             PET0   <<<ESMX_Driver: leaving Finalize (phase=FinalizePhase1) with current time: 2012 10 24  8  0  0   0
20250508 043248.949 INFO             PET0 ESMX_Driver: Finalize extro.
20250508 043248.949 INFO             PET0 =============================================
20250508 043248.949 INFO             PET0 ESMX (Earth System Model eXecutable) FINISHED
20250508 043248.949 INFO             PET0 =============================================
20250508 043248.949 INFO             PET0  Finalizing ESMF
20250508 043248.896 INFO             PET1 !!!!!!!!!!!!!!!!!!!!!!!!!!!!!!!!!!!!!!!!!!!!!!!!!!!!!!
20250508 043248.896 INFO             PET1 !!! THE ESMF_LOG IS SET TO OUTPUT ALL LOG MESSAGES !!!
20250508 043248.896 INFO             PET1 !!!     THIS MAY CAUSE SLOWDOWN IN PERFORMANCE     !!!
20250508 043248.896 INFO             PET1 !!! FOR PRODUCTION RUNS, USE:                      !!!
20250508 043248.896 INFO             PET1 !!!                   ESMF_LOGKIND_Multi_On_Error  !!!
20250508 043248.896 INFO             PET1 !!!!!!!!!!!!!!!!!!!!!!!!!!!!!!!!!!!!!!!!!!!!!!!!!!!!!!
20250508 043248.896 INFO             PET1 Running with ESMF Version   : v8.9.0b08-5-g079ca68fdc
20250508 043248.896 INFO             PET1 ESMF library build date/time: "May  8 2025" "02:47:35"
20250508 043248.896 INFO             PET1 ESMF library build location : /work/noaa/da/mpotts/sandbox/intel_2020.2.1_intelmpi_g_develop/esmf
20250508 043248.896 INFO             PET1 ESMF_COMM                   : intelmpi
20250508 043248.897 INFO             PET1 ESMF_MOAB                   : enabled
20250508 043248.897 INFO             PET1 ESMF_LAPACK                 : enabled
20250508 043248.897 INFO             PET1 ESMF_NETCDF                 : enabled
20250508 043248.897 INFO             PET1 ESMF_PNETCDF                : disabled
20250508 043248.897 INFO             PET1 ESMF_PIO                    : enabled
20250508 043248.897 INFO             PET1 ESMF_YAMLCPP                : enabled
20250508 043248.905 INFO             PET1 =============================================
20250508 043248.905 INFO             PET1 ESMX (Earth System Model eXecutable) STARTING
20250508 043248.905 INFO             PET1 =============================================
20250508 043248.922 INFO             PET1 ESMX_Driver: InitializeGeneric intro.
20250508 043248.923 INFO             PET1   >>>ESMX_Driver: entered Initialize (phase=<none>) without valid internal Clock.
20250508 043248.923 INFO             PET1   ESMX_Driver: InitializeP0 intro.
20250508 043248.923 INFO             PET1     >>>ESMX_Driver: entered Initialize (phase=<none>) without valid internal Clock.
20250508 043248.923 INFO             PET1     <<<ESMX_Driver: leaving Initialize (phase=<none>) without valid internal Clock.
20250508 043248.923 INFO             PET1   ESMX_Driver: InitializeP0 extro.
20250508 043248.924 INFO             PET1   ESMX_Driver: InitializeIPDv02p1 intro.
20250508 043248.924 INFO             PET1     >>>ESMX_Driver: entered Initialize (phase=<none>) without valid internal Clock.
20250508 043248.936 INFO             PET1     ESMX_Driver: IInitAdvertise intro.
20250508 043248.936 INFO             PET1       >>>ESMX_Driver: entered Initialize (phase=<none>) with current time: 2012 10 24  8  0  0   0
20250508 043248.937 INFO             PET1       <<<ESMX_Driver: leaving Initialize (phase=<none>) with current time: 2012 10 24  8  0  0   0
20250508 043248.937 INFO             PET1     ESMX_Driver: IInitAdvertise extro.
20250508 043248.937 INFO             PET1     ESMX_Driver: IInitAdvertiseFinish intro.
20250508 043248.938 INFO             PET1       >>>ESMX_Driver: entered Initialize (phase=<none>) with current time: 2012 10 24  8  0  0   0
20250508 043248.938 INFO             PET1       <<<ESMX_Driver: leaving Initialize (phase=<none>) with current time: 2012 10 24  8  0  0   0
20250508 043248.938 INFO             PET1     ESMX_Driver: IInitAdvertiseFinish extro.
20250508 043248.939 INFO             PET1     ESMX_Driver: IInitModifyCplLists intro.
20250508 043248.939 INFO             PET1       >>>ESMX_Driver: entered Initialize (phase=<none>) with current time: 2012 10 24  8  0  0   0
20250508 043248.939 INFO             PET1       <<<ESMX_Driver: leaving Initialize (phase=<none>) with current time: 2012 10 24  8  0  0   0
20250508 043248.939 INFO             PET1     ESMX_Driver: IInitModifyCplLists extro.
20250508 043248.940 INFO             PET1     <<<ESMX_Driver: leaving Initialize (phase=<none>) with current time: 2012 10 24  8  0  0   0
20250508 043248.940 INFO             PET1   ESMX_Driver: InitializeIPDv02p1 extro.
20250508 043248.940 INFO             PET1   ESMX_Driver: InitializeIPDv02p3 intro.
20250508 043248.940 INFO             PET1     >>>ESMX_Driver: entered Initialize (phase=<none>) with current time: 2012 10 24  8  0  0   0
20250508 043248.941 INFO             PET1     ESMX_Driver: IInitCheck intro.
20250508 043248.941 INFO             PET1       >>>ESMX_Driver: entered Initialize (phase=<none>) with current time: 2012 10 24  8  0  0   0
20250508 043248.941 INFO             PET1       <<<ESMX_Driver: leaving Initialize (phase=<none>) with current time: 2012 10 24  8  0  0   0
20250508 043248.941 INFO             PET1     ESMX_Driver: IInitCheck extro.
20250508 043248.942 INFO             PET1     ESMX_Driver: IInitRealize intro.
20250508 043248.942 INFO             PET1       >>>ESMX_Driver: entered Initialize (phase=<none>) with current time: 2012 10 24  8  0  0   0
20250508 043248.943 INFO             PET1       <<<ESMX_Driver: leaving Initialize (phase=<none>) with current time: 2012 10 24  8  0  0   0
20250508 043248.943 INFO             PET1     ESMX_Driver: IInitRealize extro.
20250508 043248.943 INFO             PET1     <<<ESMX_Driver: leaving Initialize (phase=<none>) with current time: 2012 10 24  8  0  0   0
20250508 043248.943 INFO             PET1   ESMX_Driver: InitializeIPDv02p3 extro.
20250508 043248.944 INFO             PET1   ESMX_Driver: InitializeIPDv02p5 intro.
20250508 043248.944 INFO             PET1     >>>ESMX_Driver: entered Initialize (phase=<none>) with current time: 2012 10 24  8  0  0   0
20250508 043248.944 INFO             PET1     ESMX_Driver: InitializeIPDv02p5Data intro.
20250508 043248.944 INFO             PET1       >>>ESMX_Driver: entered Initialize (phase=<none>) with current time: 2012 10 24  8  0  0   0
20250508 043248.945 INFO             PET1       ESMX_Driver: InternalInitializeComplete intro.
20250508 043248.945 INFO             PET1         >>>ESMX_Driver: entered Initialize (phase=<none>) with current time: 2012 10 24  8  0  0   0
20250508 043248.945 INFO             PET1         <<<ESMX_Driver: leaving Initialize (phase=<none>) with current time: 2012 10 24  8  0  0   0
20250508 043248.945 INFO             PET1       ESMX_Driver: InternalInitializeComplete extro.
20250508 043248.946 INFO             PET1       ESMX_Driver: loopDataDependentInitialize intro.
20250508 043248.946 INFO             PET1         >>>ESMX_Driver: entered Initialize (phase=<none>) with current time: 2012 10 24  8  0  0   0
20250508 043248.946 INFO             PET1         <<<ESMX_Driver: leaving Initialize (phase=<none>) with current time: 2012 10 24  8  0  0   0
20250508 043248.946 INFO             PET1       ESMX_Driver: loopDataDependentInitialize extro.
20250508 043248.947 INFO             PET1       <<<ESMX_Driver: leaving Initialize (phase=<none>) with current time: 2012 10 24  8  0  0   0
20250508 043248.947 INFO             PET1     ESMX_Driver: InitializeIPDv02p5Data extro.
20250508 043248.947 INFO             PET1     <<<ESMX_Driver: leaving Initialize (phase=<none>) with current time: 2012 10 24  8  0  0   0
20250508 043248.947 INFO             PET1   ESMX_Driver: InitializeIPDv02p5 extro.
20250508 043248.947 INFO             PET1   <<<ESMX_Driver: leaving Initialize (phase=<none>) with current time: 2012 10 24  8  0  0   0
20250508 043248.947 INFO             PET1 ESMX_Driver: InitializeGeneric extro.
20250508 043248.948 INFO             PET1 ESMX_Driver: Run intro.
20250508 043248.948 INFO             PET1   >>>ESMX_Driver: entered Run (phase=RunPhase1) with current time: 2012 10 24  8  0  0   0
20250508 043248.948 INFO             PET1   <<<ESMX_Driver: leaving Run (phase=RunPhase1) with current time: 2012 10 24  8  0  0   0
20250508 043248.948 INFO             PET1 ESMX_Driver: Run extro.
20250508 043248.948 INFO             PET1 ESMX_Driver: Finalize intro.
20250508 043248.949 INFO             PET1   >>>ESMX_Driver: entered Finalize (phase=FinalizePhase1) with current time: 2012 10 24  8  0  0   0
20250508 043248.949 INFO             PET1   <<<ESMX_Driver: leaving Finalize (phase=FinalizePhase1) with current time: 2012 10 24  8  0  0   0
20250508 043248.949 INFO             PET1 ESMX_Driver: Finalize extro.
20250508 043248.949 INFO             PET1 =============================================
20250508 043248.949 INFO             PET1 ESMX (Earth System Model eXecutable) FINISHED
20250508 043248.949 INFO             PET1 =============================================
20250508 043248.949 INFO             PET1  Finalizing ESMF
20250508 043248.895 INFO             PET2 !!!!!!!!!!!!!!!!!!!!!!!!!!!!!!!!!!!!!!!!!!!!!!!!!!!!!!
20250508 043248.895 INFO             PET2 !!! THE ESMF_LOG IS SET TO OUTPUT ALL LOG MESSAGES !!!
20250508 043248.895 INFO             PET2 !!!     THIS MAY CAUSE SLOWDOWN IN PERFORMANCE     !!!
20250508 043248.895 INFO             PET2 !!! FOR PRODUCTION RUNS, USE:                      !!!
20250508 043248.895 INFO             PET2 !!!                   ESMF_LOGKIND_Multi_On_Error  !!!
20250508 043248.895 INFO             PET2 !!!!!!!!!!!!!!!!!!!!!!!!!!!!!!!!!!!!!!!!!!!!!!!!!!!!!!
20250508 043248.895 INFO             PET2 Running with ESMF Version   : v8.9.0b08-5-g079ca68fdc
20250508 043248.895 INFO             PET2 ESMF library build date/time: "May  8 2025" "02:47:35"
20250508 043248.895 INFO             PET2 ESMF library build location : /work/noaa/da/mpotts/sandbox/intel_2020.2.1_intelmpi_g_develop/esmf
20250508 043248.895 INFO             PET2 ESMF_COMM                   : intelmpi
20250508 043248.896 INFO             PET2 ESMF_MOAB                   : enabled
20250508 043248.896 INFO             PET2 ESMF_LAPACK                 : enabled
20250508 043248.896 INFO             PET2 ESMF_NETCDF                 : enabled
20250508 043248.896 INFO             PET2 ESMF_PNETCDF                : disabled
20250508 043248.896 INFO             PET2 ESMF_PIO                    : enabled
20250508 043248.896 INFO             PET2 ESMF_YAMLCPP                : enabled
20250508 043248.905 INFO             PET2 =============================================
20250508 043248.905 INFO             PET2 ESMX (Earth System Model eXecutable) STARTING
20250508 043248.905 INFO             PET2 =============================================
20250508 043248.921 INFO             PET2 ESMX_Driver: InitializeGeneric intro.
20250508 043248.922 INFO             PET2   >>>ESMX_Driver: entered Initialize (phase=<none>) without valid internal Clock.
20250508 043248.922 INFO             PET2   ESMX_Driver: InitializeP0 intro.
20250508 043248.922 INFO             PET2     >>>ESMX_Driver: entered Initialize (phase=<none>) without valid internal Clock.
20250508 043248.922 INFO             PET2     <<<ESMX_Driver: leaving Initialize (phase=<none>) without valid internal Clock.
20250508 043248.922 INFO             PET2   ESMX_Driver: InitializeP0 extro.
20250508 043248.923 INFO             PET2   ESMX_Driver: InitializeIPDv02p1 intro.
20250508 043248.923 INFO             PET2     >>>ESMX_Driver: entered Initialize (phase=<none>) without valid internal Clock.
20250508 043248.934 INFO             PET2     ESMX_Driver: IInitAdvertise intro.
20250508 043248.935 INFO             PET2       >>>ESMX_Driver: entered Initialize (phase=<none>) with current time: 2012 10 24  8  0  0   0
20250508 043248.935 INFO             PET2       <<<ESMX_Driver: leaving Initialize (phase=<none>) with current time: 2012 10 24  8  0  0   0
20250508 043248.935 INFO             PET2     ESMX_Driver: IInitAdvertise extro.
20250508 043248.935 INFO             PET2     ESMX_Driver: IInitAdvertiseFinish intro.
20250508 043248.936 INFO             PET2       >>>ESMX_Driver: entered Initialize (phase=<none>) with current time: 2012 10 24  8  0  0   0
20250508 043248.936 INFO             PET2       <<<ESMX_Driver: leaving Initialize (phase=<none>) with current time: 2012 10 24  8  0  0   0
20250508 043248.936 INFO             PET2     ESMX_Driver: IInitAdvertiseFinish extro.
20250508 043248.937 INFO             PET2     ESMX_Driver: IInitModifyCplLists intro.
20250508 043248.937 INFO             PET2       >>>ESMX_Driver: entered Initialize (phase=<none>) with current time: 2012 10 24  8  0  0   0
20250508 043248.937 INFO             PET2       <<<ESMX_Driver: leaving Initialize (phase=<none>) with current time: 2012 10 24  8  0  0   0
20250508 043248.937 INFO             PET2     ESMX_Driver: IInitModifyCplLists extro.
20250508 043248.938 INFO             PET2     <<<ESMX_Driver: leaving Initialize (phase=<none>) with current time: 2012 10 24  8  0  0   0
20250508 043248.938 INFO             PET2   ESMX_Driver: InitializeIPDv02p1 extro.
20250508 043248.938 INFO             PET2   ESMX_Driver: InitializeIPDv02p3 intro.
20250508 043248.938 INFO             PET2     >>>ESMX_Driver: entered Initialize (phase=<none>) with current time: 2012 10 24  8  0  0   0
20250508 043248.939 INFO             PET2     ESMX_Driver: IInitCheck intro.
20250508 043248.939 INFO             PET2       >>>ESMX_Driver: entered Initialize (phase=<none>) with current time: 2012 10 24  8  0  0   0
20250508 043248.939 INFO             PET2       <<<ESMX_Driver: leaving Initialize (phase=<none>) with current time: 2012 10 24  8  0  0   0
20250508 043248.939 INFO             PET2     ESMX_Driver: IInitCheck extro.
20250508 043248.940 INFO             PET2     ESMX_Driver: IInitRealize intro.
20250508 043248.940 INFO             PET2       >>>ESMX_Driver: entered Initialize (phase=<none>) with current time: 2012 10 24  8  0  0   0
20250508 043248.940 INFO             PET2       <<<ESMX_Driver: leaving Initialize (phase=<none>) with current time: 2012 10 24  8  0  0   0
20250508 043248.940 INFO             PET2     ESMX_Driver: IInitRealize extro.
20250508 043248.941 INFO             PET2     <<<ESMX_Driver: leaving Initialize (phase=<none>) with current time: 2012 10 24  8  0  0   0
20250508 043248.941 INFO             PET2   ESMX_Driver: InitializeIPDv02p3 extro.
20250508 043248.941 INFO             PET2   ESMX_Driver: InitializeIPDv02p5 intro.
20250508 043248.941 INFO             PET2     >>>ESMX_Driver: entered Initialize (phase=<none>) with current time: 2012 10 24  8  0  0   0
20250508 043248.942 INFO             PET2     ESMX_Driver: InitializeIPDv02p5Data intro.
20250508 043248.942 INFO             PET2       >>>ESMX_Driver: entered Initialize (phase=<none>) with current time: 2012 10 24  8  0  0   0
20250508 043248.942 INFO             PET2       ESMX_Driver: InternalInitializeComplete intro.
20250508 043248.943 INFO             PET2         >>>ESMX_Driver: entered Initialize (phase=<none>) with current time: 2012 10 24  8  0  0   0
20250508 043248.943 INFO             PET2         <<<ESMX_Driver: leaving Initialize (phase=<none>) with current time: 2012 10 24  8  0  0   0
20250508 043248.943 INFO             PET2       ESMX_Driver: InternalInitializeComplete extro.
20250508 043248.946 INFO             PET2       ESMX_Driver: loopDataDependentInitialize intro.
20250508 043248.946 INFO             PET2         >>>ESMX_Driver: entered Initialize (phase=<none>) with current time: 2012 10 24  8  0  0   0
20250508 043248.946 INFO             PET2         <<<ESMX_Driver: leaving Initialize (phase=<none>) with current time: 2012 10 24  8  0  0   0
20250508 043248.946 INFO             PET2       ESMX_Driver: loopDataDependentInitialize extro.
20250508 043248.947 INFO             PET2       <<<ESMX_Driver: leaving Initialize (phase=<none>) with current time: 2012 10 24  8  0  0   0
20250508 043248.947 INFO             PET2     ESMX_Driver: InitializeIPDv02p5Data extro.
20250508 043248.947 INFO             PET2     <<<ESMX_Driver: leaving Initialize (phase=<none>) with current time: 2012 10 24  8  0  0   0
20250508 043248.947 INFO             PET2   ESMX_Driver: InitializeIPDv02p5 extro.
20250508 043248.947 INFO             PET2   <<<ESMX_Driver: leaving Initialize (phase=<none>) with current time: 2012 10 24  8  0  0   0
20250508 043248.947 INFO             PET2 ESMX_Driver: InitializeGeneric extro.
20250508 043248.947 INFO             PET2 ESMX_Driver: Run intro.
20250508 043248.948 INFO             PET2   >>>ESMX_Driver: entered Run (phase=RunPhase1) with current time: 2012 10 24  8  0  0   0
20250508 043248.948 INFO             PET2   <<<ESMX_Driver: leaving Run (phase=RunPhase1) with current time: 2012 10 24  8  0  0   0
20250508 043248.948 INFO             PET2 ESMX_Driver: Run extro.
20250508 043248.948 INFO             PET2 ESMX_Driver: Finalize intro.
20250508 043248.948 INFO             PET2   >>>ESMX_Driver: entered Finalize (phase=FinalizePhase1) with current time: 2012 10 24  8  0  0   0
20250508 043248.949 INFO             PET2   <<<ESMX_Driver: leaving Finalize (phase=FinalizePhase1) with current time: 2012 10 24  8  0  0   0
20250508 043248.949 INFO             PET2 ESMX_Driver: Finalize extro.
20250508 043248.949 INFO             PET2 =============================================
20250508 043248.949 INFO             PET2 ESMX (Earth System Model eXecutable) FINISHED
20250508 043248.949 INFO             PET2 =============================================
20250508 043248.949 INFO             PET2  Finalizing ESMF
20250508 043248.895 INFO             PET3 !!!!!!!!!!!!!!!!!!!!!!!!!!!!!!!!!!!!!!!!!!!!!!!!!!!!!!
20250508 043248.895 INFO             PET3 !!! THE ESMF_LOG IS SET TO OUTPUT ALL LOG MESSAGES !!!
20250508 043248.895 INFO             PET3 !!!     THIS MAY CAUSE SLOWDOWN IN PERFORMANCE     !!!
20250508 043248.895 INFO             PET3 !!! FOR PRODUCTION RUNS, USE:                      !!!
20250508 043248.895 INFO             PET3 !!!                   ESMF_LOGKIND_Multi_On_Error  !!!
20250508 043248.895 INFO             PET3 !!!!!!!!!!!!!!!!!!!!!!!!!!!!!!!!!!!!!!!!!!!!!!!!!!!!!!
20250508 043248.895 INFO             PET3 Running with ESMF Version   : v8.9.0b08-5-g079ca68fdc
20250508 043248.895 INFO             PET3 ESMF library build date/time: "May  8 2025" "02:47:35"
20250508 043248.895 INFO             PET3 ESMF library build location : /work/noaa/da/mpotts/sandbox/intel_2020.2.1_intelmpi_g_develop/esmf
20250508 043248.895 INFO             PET3 ESMF_COMM                   : intelmpi
20250508 043248.896 INFO             PET3 ESMF_MOAB                   : enabled
20250508 043248.896 INFO             PET3 ESMF_LAPACK                 : enabled
20250508 043248.896 INFO             PET3 ESMF_NETCDF                 : enabled
20250508 043248.896 INFO             PET3 ESMF_PNETCDF                : disabled
20250508 043248.896 INFO             PET3 ESMF_PIO                    : enabled
20250508 043248.896 INFO             PET3 ESMF_YAMLCPP                : enabled
20250508 043248.905 INFO             PET3 =============================================
20250508 043248.905 INFO             PET3 ESMX (Earth System Model eXecutable) STARTING
20250508 043248.905 INFO             PET3 =============================================
20250508 043248.921 INFO             PET3 ESMX_Driver: InitializeGeneric intro.
20250508 043248.921 INFO             PET3   >>>ESMX_Driver: entered Initialize (phase=<none>) without valid internal Clock.
20250508 043248.922 INFO             PET3   ESMX_Driver: InitializeP0 intro.
20250508 043248.922 INFO             PET3     >>>ESMX_Driver: entered Initialize (phase=<none>) without valid internal Clock.
20250508 043248.922 INFO             PET3     <<<ESMX_Driver: leaving Initialize (phase=<none>) without valid internal Clock.
20250508 043248.922 INFO             PET3   ESMX_Driver: InitializeP0 extro.
20250508 043248.922 INFO             PET3   ESMX_Driver: InitializeIPDv02p1 intro.
20250508 043248.923 INFO             PET3     >>>ESMX_Driver: entered Initialize (phase=<none>) without valid internal Clock.
20250508 043248.934 INFO             PET3     ESMX_Driver: IInitAdvertise intro.
20250508 043248.934 INFO             PET3       >>>ESMX_Driver: entered Initialize (phase=<none>) with current time: 2012 10 24  8  0  0   0
20250508 043248.935 INFO             PET3       <<<ESMX_Driver: leaving Initialize (phase=<none>) with current time: 2012 10 24  8  0  0   0
20250508 043248.935 INFO             PET3     ESMX_Driver: IInitAdvertise extro.
20250508 043248.935 INFO             PET3     ESMX_Driver: IInitAdvertiseFinish intro.
20250508 043248.935 INFO             PET3       >>>ESMX_Driver: entered Initialize (phase=<none>) with current time: 2012 10 24  8  0  0   0
20250508 043248.936 INFO             PET3       <<<ESMX_Driver: leaving Initialize (phase=<none>) with current time: 2012 10 24  8  0  0   0
20250508 043248.936 INFO             PET3     ESMX_Driver: IInitAdvertiseFinish extro.
20250508 043248.936 INFO             PET3     ESMX_Driver: IInitModifyCplLists intro.
20250508 043248.937 INFO             PET3       >>>ESMX_Driver: entered Initialize (phase=<none>) with current time: 2012 10 24  8  0  0   0
20250508 043248.937 INFO             PET3       <<<ESMX_Driver: leaving Initialize (phase=<none>) with current time: 2012 10 24  8  0  0   0
20250508 043248.937 INFO             PET3     ESMX_Driver: IInitModifyCplLists extro.
20250508 043248.937 INFO             PET3     <<<ESMX_Driver: leaving Initialize (phase=<none>) with current time: 2012 10 24  8  0  0   0
20250508 043248.937 INFO             PET3   ESMX_Driver: InitializeIPDv02p1 extro.
20250508 043248.938 INFO             PET3   ESMX_Driver: InitializeIPDv02p3 intro.
20250508 043248.938 INFO             PET3     >>>ESMX_Driver: entered Initialize (phase=<none>) with current time: 2012 10 24  8  0  0   0
20250508 043248.939 INFO             PET3     ESMX_Driver: IInitCheck intro.
20250508 043248.939 INFO             PET3       >>>ESMX_Driver: entered Initialize (phase=<none>) with current time: 2012 10 24  8  0  0   0
20250508 043248.939 INFO             PET3       <<<ESMX_Driver: leaving Initialize (phase=<none>) with current time: 2012 10 24  8  0  0   0
20250508 043248.939 INFO             PET3     ESMX_Driver: IInitCheck extro.
20250508 043248.940 INFO             PET3     ESMX_Driver: IInitRealize intro.
20250508 043248.940 INFO             PET3       >>>ESMX_Driver: entered Initialize (phase=<none>) with current time: 2012 10 24  8  0  0   0
20250508 043248.940 INFO             PET3       <<<ESMX_Driver: leaving Initialize (phase=<none>) with current time: 2012 10 24  8  0  0   0
20250508 043248.940 INFO             PET3     ESMX_Driver: IInitRealize extro.
20250508 043248.941 INFO             PET3     <<<ESMX_Driver: leaving Initialize (phase=<none>) with current time: 2012 10 24  8  0  0   0
20250508 043248.941 INFO             PET3   ESMX_Driver: InitializeIPDv02p3 extro.
20250508 043248.941 INFO             PET3   ESMX_Driver: InitializeIPDv02p5 intro.
20250508 043248.941 INFO             PET3     >>>ESMX_Driver: entered Initialize (phase=<none>) with current time: 2012 10 24  8  0  0   0
20250508 043248.942 INFO             PET3     ESMX_Driver: InitializeIPDv02p5Data intro.
20250508 043248.942 INFO             PET3       >>>ESMX_Driver: entered Initialize (phase=<none>) with current time: 2012 10 24  8  0  0   0
20250508 043248.942 INFO             PET3       ESMX_Driver: InternalInitializeComplete intro.
20250508 043248.942 INFO             PET3         >>>ESMX_Driver: entered Initialize (phase=<none>) with current time: 2012 10 24  8  0  0   0
20250508 043248.943 INFO             PET3         <<<ESMX_Driver: leaving Initialize (phase=<none>) with current time: 2012 10 24  8  0  0   0
20250508 043248.943 INFO             PET3       ESMX_Driver: InternalInitializeComplete extro.
20250508 043248.946 INFO             PET3       ESMX_Driver: loopDataDependentInitialize intro.
20250508 043248.946 INFO             PET3         >>>ESMX_Driver: entered Initialize (phase=<none>) with current time: 2012 10 24  8  0  0   0
20250508 043248.946 INFO             PET3         <<<ESMX_Driver: leaving Initialize (phase=<none>) with current time: 2012 10 24  8  0  0   0
20250508 043248.946 INFO             PET3       ESMX_Driver: loopDataDependentInitialize extro.
20250508 043248.947 INFO             PET3       <<<ESMX_Driver: leaving Initialize (phase=<none>) with current time: 2012 10 24  8  0  0   0
20250508 043248.947 INFO             PET3     ESMX_Driver: InitializeIPDv02p5Data extro.
20250508 043248.947 INFO             PET3     <<<ESMX_Driver: leaving Initialize (phase=<none>) with current time: 2012 10 24  8  0  0   0
20250508 043248.947 INFO             PET3   ESMX_Driver: InitializeIPDv02p5 extro.
20250508 043248.947 INFO             PET3   <<<ESMX_Driver: leaving Initialize (phase=<none>) with current time: 2012 10 24  8  0  0   0
20250508 043248.947 INFO             PET3 ESMX_Driver: InitializeGeneric extro.
20250508 043248.947 INFO             PET3 ESMX_Driver: Run intro.
20250508 043248.948 INFO             PET3   >>>ESMX_Driver: entered Run (phase=RunPhase1) with current time: 2012 10 24  8  0  0   0
20250508 043248.948 INFO             PET3   <<<ESMX_Driver: leaving Run (phase=RunPhase1) with current time: 2012 10 24  8  0  0   0
20250508 043248.948 INFO             PET3 ESMX_Driver: Run extro.
20250508 043248.948 INFO             PET3 ESMX_Driver: Finalize intro.
20250508 043248.948 INFO             PET3   >>>ESMX_Driver: entered Finalize (phase=FinalizePhase1) with current time: 2012 10 24  8  0  0   0
20250508 043248.949 INFO             PET3   <<<ESMX_Driver: leaving Finalize (phase=FinalizePhase1) with current time: 2012 10 24  8  0  0   0
20250508 043248.949 INFO             PET3 ESMX_Driver: Finalize extro.
20250508 043248.949 INFO             PET3 =============================================
20250508 043248.949 INFO             PET3 ESMX (Earth System Model eXecutable) FINISHED
20250508 043248.949 INFO             PET3 =============================================
20250508 043248.949 INFO             PET3  Finalizing ESMF
