2024-10-13 22:50:20
Runtime Error: /discover/nobackup/projects/gmao/SIteam/ESMF_Testing/nag_7.2.15_openmpi_g_develop/esmf/src/addon/NUOPC/src/NUOPC_Driver.F90, line 3269: UnexpecteRuntime Error: /discover/nobackup/projects/gmao/SIteam/ESMF_Testing/nag_7.2.15_openmpi_g_develop/esmf/src/addon/NUOPC/src/NUOPC_Driver.F90, line 3269: Unexpected end of Runtime Error: /discover/nobackup/projects/gmao/SIteam/ESMF_Testing/nag_7.2.15_openmpi_g_develop/esmf/src/addon/NUOPC/src/NUOPC_Driver.F90, line 3269: Unexpected d end of format specification
PrograRuntime Error: /discover/nobackup/projects/gmao/SIteam/ESMF_Testing/nag_7.2.15_openmpi_g_develop/esmf/src/addon/NUOPC/src/NUOPC_Driver.F90, line 3269: Unexpected end of format specificatioformat specification
Program m terminated by I/O error on internal file
terminated by I/O error on internal file
n
Program terminated by I/O error on internal file
end of format specification
Program terminated by I/O error on internal file
[borgk149:248111] *** Process received signal ***
[borgk149:248111] Signal: Aborted (6)
[borgk149:248111] Signal code:  (-6)
[borgk149:248113] *** Process received signal ***
[borgk149:248113] Signal: Aborted (6)
[borgk149:248113] Signal code:  (-6)
[borgk149:248114] *** Process received signal ***
[borgk149:248112] *** Process received signal ***
[borgk149:248112] Signal: Aborted (6)
[borgk149:248112] Signal code:  (-6)
[borgk149:248114] Signal: Aborted (6)
[borgk149:248114] Signal code:  (-6)
[borgk149:248111] [ 0] /lib64/libpthread.so.0(+0x16910)[0x147def965910]
[borgk149:248111] [ 1] /lib64/libc.so.6(gsignal+0x10d)[0x147deef07d2b]
[borgk149:248111] [ 2] [borgk149:248113] [ 0] /lib64/libc.so.6(abort+0x177)[0x147deef093e5]
[borgk149:248111] [ 3] ./esmApp(__NAGf90_io_abort+0x78)[0x459fb8]
[borgk149:248111] [borgk149:248114] [ 0] /lib64/libpthread.so.0(+0x16910)[0x1541c55f2910]
[borgk149:248113] [ 1] [ 4] ./esmApp(__NAGf90_ioerr+0x1cd)[0x45a61d]
[borgk149:248111] [ 5] /discover/nobackup/projects/gmao/SIteam/comp/SLES-15/nag/7.2.15/lib/NAG_Fortran/libf72rts.so.1(__NAGf90_maybe_next_edit+0xe19)[0x147def2aa629]
[borgk149:248111] [ 6] /lib64/libpthread.so.0(+0x16910)[0x1472a69f2910]
[borgk149:248114] [ 1] /lib64/libc.so.6(gsignal+0x10d)[0x1472a682fd2b]
[borgk149:248114] [ 2] /lib64/libc.so.6(gsignal+0x10d)[0x1541c542fd2b]
[borgk149:248113] [ 2] /lib64/libc.so.6(abort+0x177)[0x1541c54313e5]
[borgk149:248113] [borgk149:248112] [ 0] /lib64/libpthread.so.0(+0x16910)[0x1519ef323910]
[borgk149:248112] [ 1] /lib64/libc.so.6(gsignal+0x10d)[0x1519eea53d2b]
[borgk149:248112] [ 2] [ 3] /lib64/libc.so.6(abort+0x177)[0x1519eea553e5]
[borgk149:248112] [ 3] ./esmApp(__NAGf90_io_abort+0x78)[0x459fb8]
[borgk149:248112] [ 4] ./esmApp(__NAGf90_ioerr+0x1cd)[0x45a61d]
[borgk149:248112] [ 5] /lib64/libc.so.6(abort+0x177)[0x1472a68313e5]
[borgk149:248114] [ 3] ./esmApp(__NAGf90_io_abort+0x78)[0x459fb8]
[borgk149:248114] [ 4] ./esmApp(__NAGf90_ioerr+0x1cd)[0x45a61d]
[borgk149:248114] [ 5] ./esmApp(__NAGf90_io_abort+0x78)[0x459fb8]
[borgk149:248113] [ 4] ./esmApp(__NAGf90_ioerr+0x1cd)[0x45a61d]
[borgk149:248113] [ 5] /discover/nobackup/projects/gmao/SIteam/comp/SLES-15/nag/7.2.15/lib/NAG_Fortran/libf72rts.so.1(__NAGf90_maybe_next_edit+0xe19)[0x1541c56aa629]
[borgk149:248113] [ 6] /discover/nobackup/projects/gmao/SIteam/comp/SLES-15/nag/7.2.15/lib/NAG_Fortran/libf72rts.so.1(__NAGf90_maybe_next_edit+0xe19)[0x1472a6aaa629]
[borgk149:248114] [ 6] /discover/nobackup/projects/gmao/SIteam/comp/SLES-15/nag/7.2.15/lib/NAG_Fortran/libf72rts.so.1(__NAGf90_maybe_next_edit+0xe19)[0x1519eecaa629]
[borgk149:248112] [ 6] /discover/nobackup/projects/gmao/SIteam/ESMF_Testing/nag_7.2.15_openmpi_g_develop/esmf/DEFAULTINSTALLDIR/lib/libg/Linux.nag.64.openmpi.default/libesmf.so(nuopc_driver_MP_loopdatadependentinitialize+0x4ab9)[0x147df1d349a1]
[borgk149:248111] [ 7] /discover/nobackup/projects/gmao/SIteam/ESMF_Testing/nag_7.2.15_openmpi_g_develop/esmf/DEFAULTINSTALLDIR/lib/libg/Linux.nag.64.openmpi.default/libesmf.so(nuopc_driver_MP_loopdatadependentinitialize+0x4ab9)[0x1541c81e39a1]
[borgk149:248113] [ 7] /discover/nobackup/projects/gmao/SIteam/ESMF_Testing/nag_7.2.15_openmpi_g_develop/esmf/DEFAULTINSTALLDIR/lib/libg/Linux.nag.64.openmpi.default/libesmf.so(nuopc_driver_MP_loopdatadependentinitialize+0x4ab9)[0x1472a95de9a1]
[borgk149:248114] [ 7] /discover/nobackup/projects/gmao/SIteam/ESMF_Testing/nag_7.2.15_openmpi_g_develop/esmf/DEFAULTINSTALLDIR/lib/libg/Linux.nag.64.openmpi.default/libesmf.so(nuopc_driver_MP_loopdatadependentinitialize+0x4ab9)[0x1519f183e9a1]
[borgk149:248112] [ 7] /discover/nobackup/projects/gmao/SIteam/ESMF_Testing/nag_7.2.15_openmpi_g_develop/esmf/DEFAULTINSTALLDIR/lib/libg/Linux.nag.64.openmpi.default/libesmf.so(nuopc_driver_MP_initializeipdv02p5data+0x3675)[0x147df1d48070]
[borgk149:248111] [ 8] /discover/nobackup/projects/gmao/SIteam/ESMF_Testing/nag_7.2.15_openmpi_g_develop/esmf/DEFAULTINSTALLDIR/lib/libg/Linux.nag.64.openmpi.default/libesmf.so(nuopc_driver_MP_initializeipdv02p5data+0x3675)[0x1472a95f2070]
[borgk149:248114] [ 8] /discover/nobackup/projects/gmao/SIteam/ESMF_Testing/nag_7.2.15_openmpi_g_develop/esmf/DEFAULTINSTALLDIR/lib/libg/Linux.nag.64.openmpi.default/libesmf.so(nuopc_driver_MP_initializeipdv02p5data+0x3675)[0x1541c81f7070]
[borgk149:248113] [ 8] /discover/nobackup/projects/gmao/SIteam/ESMF_Testing/nag_7.2.15_openmpi_g_develop/esmf/DEFAULTINSTALLDIR/lib/libg/Linux.nag.64.openmpi.default/libesmf.so(nuopc_driver_MP_initializeipdv02p5data+0x3675)[0x1519f1852070]
[borgk149:248112] [ 8] /discover/nobackup/projects/gmao/SIteam/ESMF_Testing/nag_7.2.15_openmpi_g_develop/esmf/DEFAULTINSTALLDIR/lib/libg/Linux.nag.64.openmpi.default/libesmf.so(nuopc_driver_MP_initializeipdv02p5+0x4f1a)[0x147df1d4df1d]
[borgk149:248111] [ 9] /discover/nobackup/projects/gmao/SIteam/ESMF_Testing/nag_7.2.15_openmpi_g_develop/esmf/DEFAULTINSTALLDIR/lib/libg/Linux.nag.64.openmpi.default/libesmf.so(nuopc_driver_MP_initializeipdv02p5+0x4f1a)[0x1541c81fcf1d]
[borgk149:248113] [ 9] /discover/nobackup/projects/gmao/SIteam/ESMF_Testing/nag_7.2.15_openmpi_g_develop/esmf/DEFAULTINSTALLDIR/lib/libg/Linux.nag.64.openmpi.default/libesmf.so(nuopc_driver_MP_initializeipdv02p5+0x4f1a)[0x1472a95f7f1d]
[borgk149:248114] [ 9] /discover/nobackup/projects/gmao/SIteam/ESMF_Testing/nag_7.2.15_openmpi_g_develop/esmf/DEFAULTINSTALLDIR/lib/libg/Linux.nag.64.openmpi.default/libesmf.so(nuopc_driver_MP_initializeipdv02p5+0x4f1a)[0x1519f1857f1d]
[borgk149:248112] [ 9] /discover/nobackup/projects/gmao/SIteam/ESMF_Testing/nag_7.2.15_openmpi_g_develop/esmf/DEFAULTINSTALLDIR/lib/libg/Linux.nag.64.openmpi.default/libesmf.so(nuopc_driver_MP_initializegeneric+0x1cbb)[0x147df1d8ddfc]
[borgk149:248111] [10] /discover/nobackup/projects/gmao/SIteam/ESMF_Testing/nag_7.2.15_openmpi_g_develop/esmf/DEFAULTINSTALLDIR/lib/libg/Linux.nag.64.openmpi.default/libesmf.so(nuopc_driver_MP_initializegeneric+0x1cbb)[0x1519f1897dfc]
[borgk149:248112] [10] /discover/nobackup/projects/gmao/SIteam/ESMF_Testing/nag_7.2.15_openmpi_g_develop/esmf/DEFAULTINSTALLDIR/lib/libg/Linux.nag.64.openmpi.default/libesmf.so(nuopc_driver_MP_initializegeneric+0x1cbb)[0x1541c823cdfc]
[borgk149:248113] [10] /discover/nobackup/projects/gmao/SIteam/ESMF_Testing/nag_7.2.15_openmpi_g_develop/esmf/DEFAULTINSTALLDIR/lib/libg/Linux.nag.64.openmpi.default/libesmf.so(nuopc_driver_MP_initializegeneric+0x1cbb)[0x1472a9637dfc]
[borgk149:248114] [10] /discover/nobackup/projects/gmao/SIteam/ESMF_Testing/nag_7.2.15_openmpi_g_develop/esmf/DEFAULTINSTALLDIR/lib/libg/Linux.nag.64.openmpi.default/libesmf.so(_ZN5ESMCI6FTable12callVFuncPtrEPKcPNS_2VMEPi+0xc55)[0x147df0cc7873]
[borgk149:248111] [11] /discover/nobackup/projects/gmao/SIteam/ESMF_Testing/nag_7.2.15_openmpi_g_develop/esmf/DEFAULTINSTALLDIR/lib/libg/Linux.nag.64.openmpi.default/libesmf.so(_ZN5ESMCI6FTable12callVFuncPtrEPKcPNS_2VMEPi+0xc55)[0x1519f07d1873]
[borgk149:248112] [11] /discover/nobackup/projects/gmao/SIteam/ESMF_Testing/nag_7.2.15_openmpi_g_develop/esmf/DEFAULTINSTALLDIR/lib/libg/Linux.nag.64.openmpi.default/libesmf.so(_ZN5ESMCI6FTable12callVFuncPtrEPKcPNS_2VMEPi+0xc55)[0x1541c7176873]
[borgk149:248113] [11] /discover/nobackup/projects/gmao/SIteam/ESMF_Testing/nag_7.2.15_openmpi_g_develop/esmf/DEFAULTINSTALLDIR/lib/libg/Linux.nag.64.openmpi.default/libesmf.so(_ZN5ESMCI6FTable12callVFuncPtrEPKcPNS_2VMEPi+0xc55)[0x1472a8571873]
[borgk149:248114] [11] /discover/nobackup/projects/gmao/SIteam/ESMF_Testing/nag_7.2.15_openmpi_g_develop/esmf/DEFAULTINSTALLDIR/lib/libg/Linux.nag.64.openmpi.default/libesmf.so(ESMCI_FTableCallEntryPointVMHop+0x32e)[0x147df0cc4946]
[borgk149:248111] [12] /discover/nobackup/projects/gmao/SIteam/ESMF_Testing/nag_7.2.15_openmpi_g_develop/esmf/DEFAULTINSTALLDIR/lib/libg/Linux.nag.64.openmpi.default/libesmf.so(ESMCI_FTableCallEntryPointVMHop+0x32e)[0x1472a856e946]
[borgk149:248114] [12] /discover/nobackup/projects/gmao/SIteam/ESMF_Testing/nag_7.2.15_openmpi_g_develop/esmf/DEFAULTINSTALLDIR/lib/libg/Linux.nag.64.openmpi.default/libesmf.so(ESMCI_FTableCallEntryPointVMHop+0x32e)[0x1541c7173946]
[borgk149:248113] [12] /discover/nobackup/projects/gmao/SIteam/ESMF_Testing/nag_7.2.15_openmpi_g_develop/esmf/DEFAULTINSTALLDIR/lib/libg/Linux.nag.64.openmpi.default/libesmf.so(ESMCI_FTableCallEntryPointVMHop+0x32e)[0x1519f07ce946]
[borgk149:248112] [12] /discover/nobackup/projects/gmao/SIteam/ESMF_Testing/nag_7.2.15_openmpi_g_develop/esmf/DEFAULTINSTALLDIR/lib/libg/Linux.nag.64.openmpi.default/libesmf.so(_ZN5ESMCI3VMK5enterEPNS_7VMKPlanEPvS3_+0xd5)[0x147df10cad1b]
[borgk149:248111] [13] /discover/nobackup/projects/gmao/SIteam/ESMF_Testing/nag_7.2.15_openmpi_g_develop/esmf/DEFAULTINSTALLDIR/lib/libg/Linux.nag.64.openmpi.default/libesmf.so(_ZN5ESMCI3VMK5enterEPNS_7VMKPlanEPvS3_+0xd5)[0x1472a8974d1b]
[borgk149:248114] [13] /discover/nobackup/projects/gmao/SIteam/ESMF_Testing/nag_7.2.15_openmpi_g_develop/esmf/DEFAULTINSTALLDIR/lib/libg/Linux.nag.64.openmpi.default/libesmf.so(_ZN5ESMCI3VMK5enterEPNS_7VMKPlanEPvS3_+0xd5)[0x1541c7579d1b]
[borgk149:248113] [13] /discover/nobackup/projects/gmao/SIteam/ESMF_Testing/nag_7.2.15_openmpi_g_develop/esmf/DEFAULTINSTALLDIR/lib/libg/Linux.nag.64.openmpi.default/libesmf.so(_ZN5ESMCI3VMK5enterEPNS_7VMKPlanEPvS3_+0xd5)[0x1519f0bd4d1b]
[borgk149:248112] [13] /discover/nobackup/projects/gmao/SIteam/ESMF_Testing/nag_7.2.15_openmpi_g_develop/esmf/DEFAULTINSTALLDIR/lib/libg/Linux.nag.64.openmpi.default/libesmf.so(_ZN5ESMCI2VM5enterEPNS_6VMPlanEPvS3_+0xb7)[0x147df10b4c35]
[borgk149:248111] [14] /discover/nobackup/projects/gmao/SIteam/ESMF_Testing/nag_7.2.15_openmpi_g_develop/esmf/DEFAULTINSTALLDIR/lib/libg/Linux.nag.64.openmpi.default/libesmf.so(_ZN5ESMCI2VM5enterEPNS_6VMPlanEPvS3_+0xb7)[0x1541c7563c35]
[borgk149:248113] [14] /discover/nobackup/projects/gmao/SIteam/ESMF_Testing/nag_7.2.15_openmpi_g_develop/esmf/DEFAULTINSTALLDIR/lib/libg/Linux.nag.64.openmpi.default/libesmf.so(_ZN5ESMCI2VM5enterEPNS_6VMPlanEPvS3_+0xb7)[0x1472a895ec35]
[borgk149:248114] [14] /discover/nobackup/projects/gmao/SIteam/ESMF_Testing/nag_7.2.15_openmpi_g_develop/esmf/DEFAULTINSTALLDIR/lib/libg/Linux.nag.64.openmpi.default/libesmf.so(_ZN5ESMCI2VM5enterEPNS_6VMPlanEPvS3_+0xb7)[0x1519f0bbec35]
[borgk149:248112] [14] /discover/nobackup/projects/gmao/SIteam/ESMF_Testing/nag_7.2.15_openmpi_g_develop/esmf/DEFAULTINSTALLDIR/lib/libg/Linux.nag.64.openmpi.default/libesmf.so(c_esmc_ftablecallentrypointvm_+0x35f)[0x147df0cc4ddf]
[borgk149:248111] [15] /discover/nobackup/projects/gmao/SIteam/ESMF_Testing/nag_7.2.15_openmpi_g_develop/esmf/DEFAULTINSTALLDIR/lib/libg/Linux.nag.64.openmpi.default/libesmf.so(c_esmc_ftablecallentrypointvm_+0x35f)[0x1472a856eddf]
[borgk149:248114] [15] /discover/nobackup/projects/gmao/SIteam/ESMF_Testing/nag_7.2.15_openmpi_g_develop/esmf/DEFAULTINSTALLDIR/lib/libg/Linux.nag.64.openmpi.default/libesmf.so(c_esmc_ftablecallentrypointvm_+0x35f)[0x1541c7173ddf]
[borgk149:248113] [15] /discover/nobackup/projects/gmao/SIteam/ESMF_Testing/nag_7.2.15_openmpi_g_develop/esmf/DEFAULTINSTALLDIR/lib/libg/Linux.nag.64.openmpi.default/libesmf.so(c_esmc_ftablecallentrypointvm_+0x35f)[0x1519f07ceddf]
[borgk149:248112] [15] /discover/nobackup/projects/gmao/SIteam/ESMF_Testing/nag_7.2.15_openmpi_g_develop/esmf/DEFAULTINSTALLDIR/lib/libg/Linux.nag.64.openmpi.default/libesmf.so(esmf_compmod_MP_esmf_compexecute+0xa3d)[0x147df1392f9c]
[borgk149:248111] [16] /discover/nobackup/projects/gmao/SIteam/ESMF_Testing/nag_7.2.15_openmpi_g_develop/esmf/DEFAULTINSTALLDIR/lib/libg/Linux.nag.64.openmpi.default/libesmf.so(esmf_compmod_MP_esmf_compexecute+0xa3d)[0x1519f0e9cf9c]
[borgk149:248112] [16] /discover/nobackup/projects/gmao/SIteam/ESMF_Testing/nag_7.2.15_openmpi_g_develop/esmf/DEFAULTINSTALLDIR/lib/libg/Linux.nag.64.openmpi.default/libesmf.so(esmf_compmod_MP_esmf_compexecute+0xa3d)[0x1541c7841f9c]
[borgk149:248113] [16] /discover/nobackup/projects/gmao/SIteam/ESMF_Testing/nag_7.2.15_openmpi_g_develop/esmf/DEFAULTINSTALLDIR/lib/libg/Linux.nag.64.openmpi.default/libesmf.so(esmf_compmod_MP_esmf_compexecute+0xa3d)[0x1472a8c3cf9c]
[borgk149:248114] [16] /discover/nobackup/projects/gmao/SIteam/ESMF_Testing/nag_7.2.15_openmpi_g_develop/esmf/DEFAULTINSTALLDIR/lib/libg/Linux.nag.64.openmpi.default/libesmf.so(esmf_gridcompmod_MP_esmf_gridcompinitialize+0x176)[0x147df1766e46]
[borgk149:248111] [17] ./esmApp[0x495356]
[borgk149:248111] [18] ./esmApp(__NAGf90_cosmp_init+0x123)[0x434223]
[borgk149:248111] [19] ./esmApp[0x494f33]
[borgk149:248111] [20] /discover/nobackup/projects/gmao/SIteam/ESMF_Testing/nag_7.2.15_openmpi_g_develop/esmf/DEFAULTINSTALLDIR/lib/libg/Linux.nag.64.openmpi.default/libesmf.so(esmf_gridcompmod_MP_esmf_gridcompinitialize+0x176)[0x1541c7c15e46]
[borgk149:248113] [17] ./esmApp[0x495356]
/lib64/libc.so.6(__libc_start_main+0xef)[0x147deeef224d]
[borgk149:248111] [21] ./esmApp[0x40b68a]
[borgk149:248111] *** End of error message ***
/discover/nobackup/projects/gmao/SIteam/ESMF_Testing/nag_7.2.15_openmpi_g_develop/esmf/DEFAULTINSTALLDIR/lib/libg/Linux.nag.64.openmpi.default/libesmf.so(esmf_gridcompmod_MP_esmf_gridcompinitialize+0x176)[0x1472a9010e46]
[borgk149:248114] [17] ./esmApp[0x495356]
[borgk149:248114] [18] /discover/nobackup/projects/gmao/SIteam/ESMF_Testing/nag_7.2.15_openmpi_g_develop/esmf/DEFAULTINSTALLDIR/lib/libg/Linux.nag.64.openmpi.default/libesmf.so(esmf_gridcompmod_MP_esmf_gridcompinitialize+0x176)[0x1519f1270e46]
[borgk149:248112] [17] ./esmApp[0x495356]
[borgk149:248112] [18] ./esmApp(__NAGf90_cosmp_init+0x123)[0x434223]
[borgk149:248114] [19] ./esmApp[0x494f33]
[borgk149:248113] [18] ./esmApp(__NAGf90_cosmp_init+0x123)[0x434223]
[borgk149:248113] [19] ./esmApp[0x494f33]
[borgk149:248113] ./esmApp(__NAGf90_cosmp_init+0x123)[0x434223]
[borgk149:248112] [19] ./esmApp[0x494f33]
[20] /lib64/libc.so.6(__libc_start_main+0xef)[0x1541c541a24d]
[borgk149:248113] [21] ./esmApp[0x40b68a]
[borgk149:248113] *** End of error message ***
[borgk149:248114] [20] /lib64/libc.so.6(__libc_start_main+0xef)[0x1472a681a24d]
[borgk149:248114] [21] ./esmApp[0x40b68a]
[borgk149:248114] *** End of error message ***
[borgk149:248112] [20] /lib64/libc.so.6(__libc_start_main+0xef)[0x1519eea3e24d]
[borgk149:248112] [21] ./esmApp[0x40b68a]
[borgk149:248112] *** End of error message ***
--------------------------------------------------------------------------
Primary job  terminated normally, but 1 process returned
a non-zero exit code. Per user-direction, the job has been aborted.
--------------------------------------------------------------------------
--------------------------------------------------------------------------
mpirun noticed that process rank 0 with PID 248111 on node borgk149 exited on signal 6 (Aborted).
--------------------------------------------------------------------------
