2024-10-16 22:55:14
 NUOPC_DriverPrint for PET: 0
   Model, Mediator, and Driver components, in the order
   that they were added to the Driver:
 1 :  ATM
 2 :  OCN
 3 :  RTM
   Connector components, in the order
   that they were added to the Driver:
 1 :  ATM-TO-RTM
 2 :  RTM-TO-OCN
 3 :  ATM-TO-OCN
 4 :  OCN-TO-ATM
NUOPC_RunSequenceArrayPrint: element     1 out of      2
runSeq::
 runElementPrint:      1     3     1 F T
 runElementPrint:      3     2     1 F T
 runElementPrint:     -2     0     0 F T
 runElementPrint:      3    -1     1 F T
 runElementPrint:     -1    -1     0 F F
::
NUOPC_RunSequenceArrayPrint: element     2 out of      2
runSeq::
 runElementPrint:      1     2     1 F T
 runElementPrint:      2     1     1 F T
 runElementPrint:      1    -1     1 F T
 runElementPrint:      2    -1     1 F T
 runElementPrint:     -2    -1     0 F F
::
 NUOPC_DriverPrint for PET: 1
   Model, Mediator, and Driver components, in the order
   that they were added to the Driver:
 1 :  ATM
 2 :  OCN
 3 :  RTM
   Connector components, in the order
   that they were added to the Driver:
 1 :  ATM-TO-RTM
 2 :  RTM-TO-OCN
 3 :  ATM-TO-OCN
 4 :  OCN-TO-ATM
NUOPC_RunSequenceArrayPrint: element     1 out of      2
runSeq::
 runElementPrint:      1     3     1 F T
 runElementPrint:      3     2     1 F T
 runElementPrint:     -2     0     0 F T
 runElementPrint:      3    -1     1 F T
 runElementPrint:     -1    -1     0 F F
::
NUOPC_RunSequenceArrayPrint: element     2 out of      2
runSeq::
 runElementPrint:      1     2     1 F T
 runElementPrint:      2     1     1 F T
 runElementPrint:      1    -1     1 F T
 runElementPrint:      2    -1     1 F T
 runElementPrint:     -2    -1     0 F F
::
 NUOPC_DriverPrint for PET: 2
   Model, Mediator, and Driver components, in the order
   that they were added to the Driver:
 1 :  ATM
 2 :  OCN
 3 :  RTM
   Connector components, in the order
   that they were added to the Driver:
 1 :  ATM-TO-RTM
 2 :  RTM-TO-OCN
 3 :  ATM-TO-OCN
 4 :  OCN-TO-ATM
NUOPC_RunSequenceArrayPrint: element     1 out of      2
runSeq::
 runElementPrint:      1     3     1 F T
 runElementPrint:      3     2     1 F T
 runElementPrint:     -2     0     0 F T
 runElementPrint:      3    -1     1 F T
 runElementPrint:     -1    -1     0 F F
::
NUOPC_RunSequenceArrayPrint: element     2 out of      2
runSeq::
 runElementPrint:      1     2     1 F T
 runElementPrint:      2     1     1 F T
 runElementPrint:      1    -1     1 F T
 runElementPrint:      2    -1     1 F T
 runElementPrint:     -2    -1     0 F F
::
 NUOPC_DriverPrint for PET: 3
   Model, Mediator, and Driver components, in the order
   that they were added to the Driver:
 1 :  ATM
 2 :  OCN
 3 :  RTM
   Connector components, in the order
   that they were added to the Driver:
 1 :  ATM-TO-RTM
 2 :  RTM-TO-OCN
 3 :  ATM-TO-OCN
 4 :  OCN-TO-ATM
NUOPC_RunSequenceArrayPrint: element     1 out of      2
runSeq::
 runElementPrint:      1     3     1 F T
 runElementPrint:      3     2     1 F T
 runElementPrint:     -2     0     0 F T
 runElementPrint:      3    -1     1 F T
 runElementPrint:     -1    -1     0 F F
::
NUOPC_RunSequenceArrayPrint: element     2 out of      2
runSeq::
 runElementPrint:      1     2     1 F T
 runElementPrint:      2     1     1 F T
 runElementPrint:      1    -1     1 F T
 runElementPrint:      2    -1     1 F T
 runElementPrint:     -2    -1     0 F F
::
Runtime Error: /discover/nobackup/projects/gmao/SIteam/ESMF_Testing/nag_7.2.15_openmpi_g_develop/esmf/src/addon/NUOPC/src/NUOPC_Driver.F90, line 3269: Unexpected enRuntime Error: /discover/nobackup/projects/gmao/SIteam/ESMF_Testing/nag_7.2.15_openmpi_g_develop/esmf/src/addon/NUOPC/src/NUOPC_Driver.F90, line 3269: Unexpected end of format specificRuntime Error: /discover/nobackup/projects/gmao/SIteam/ESMF_Testing/nag_7.2.15_openmpi_g_develop/esmf/src/addon/NUOPC/src/NUOPC_Driver.F90, line 3269: Unexpected end of format specification
ProgRuntime Error: /discover/nobackup/projects/gmao/SIteam/ESMF_Testing/nag_7.2.15_openmpi_g_develop/esmf/src/addon/NUOPC/src/NUOPC_Driver.F90, line 3269: Unexpected end of format specificatd of format specification
Program termation
Program terminated byram terminated by I/O error on iion
Program terminated bynternal file
[borgj118:254116] *** Process received signal ***
[borgj118:254116] Signal: Aborted (6)
[borgj118:254116] Signal code:  (-6)
inated by I/O error on internal file
[borgj118:254118] *** Process received signal ***
[borgj118:254118] Signal: Aborted (6)
[borgj118:254118] Signal code:  (-6)
 I/O error on internal file
[borgj118:254115] *** Process received signal ***
[borgj118:254115] Signal: Aborted (6)
[borgj118:254115] Signal code:  (-6)
 I/O error on internal file
[borgj118:254117] *** Process received signal ***
[borgj118:254117] Signal: Aborted (6)
[borgj118:254117] Signal code:  (-6)
[borgj118:254117] [ 0] [borgj118:254116] [ 0] /lib64/libpthread.so.0(+0x16910)[0x14a5e67bc910]
/lib64/libpthread.so.0(+0x16910)[0x153af6df2910]
[borgj118:254117] [ 1] [borgj118:254116] [ 1] [borgj118:254115] [ 0] /lib64/libpthread.so.0(+0x16910)[0x150a17bfe910]
[borgj118:254115] [ 1] /lib64/libc.so.6(gsignal+0x10d)[0x153af6c2fd2b]
[borgj118:254117] [ 2] [borgj118:254118] [ 0] /lib64/libpthread.so.0(+0x16910)[0x14b45fadb910]
[borgj118:254118] [ 1] /lib64/libc.so.6(gsignal+0x10d)[0x14a5e5d07d2b]
[borgj118:254116] [ 2] /lib64/libc.so.6(gsignal+0x10d)[0x150a17107d2b]
[borgj118:254115] [ 2] /lib64/libc.so.6(abort+0x177)[0x153af6c313e5]
[borgj118:254117] [ 3] ./esmApp(__NAGf90_io_abort+0x78)[0x45a128]
[borgj118:254117] [ 4] ./esmApp(__NAGf90_ioerr+0x1cd)[0x45a78d]
[borgj118:254117] [ 5] /lib64/libc.so.6(abort+0x177)[0x14a5e5d093e5]
[borgj118:254116] [ 3] ./esmApp(__NAGf90_io_abort+0x78)[0x45a128]
[borgj118:254116] [ 4] ./esmApp(__NAGf90_ioerr+0x1cd)[0x45a78d]
[borgj118:254116] [ 5] /lib64/libc.so.6(gsignal+0x10d)[0x14b45f253d2b]
[borgj118:254118] [ 2] /lib64/libc.so.6(abort+0x177)[0x14b45f2553e5]
[borgj118:254118] [ 3] ./esmApp(__NAGf90_io_abort+0x78)[0x45a128]
[borgj118:254118] [ 4] ./esmApp(__NAGf90_ioerr+0x1cd)[0x45a78d]
[borgj118:254118] [ 5] /discover/nobackup/projects/gmao/SIteam/comp/SLES-15/nag/7.2.15/lib/NAG_Fortran/libf72rts.so.1(__NAGf90_maybe_next_edit+0xe19)[0x14a5e60aa629]
[borgj118:254116] [ 6] /discover/nobackup/projects/gmao/SIteam/comp/SLES-15/nag/7.2.15/lib/NAG_Fortran/libf72rts.so.1(__NAGf90_maybe_next_edit+0xe19)[0x153af6eaa629]
[borgj118:254117] [ 6] /lib64/libc.so.6(abort+0x177)[0x150a171093e5]
[borgj118:254115] [ 3] ./esmApp(__NAGf90_io_abort+0x78)[0x45a128]
[borgj118:254115] [ 4] ./esmApp(__NAGf90_ioerr+0x1cd)[0x45a78d]
[borgj118:254115] [ 5] /discover/nobackup/projects/gmao/SIteam/comp/SLES-15/nag/7.2.15/lib/NAG_Fortran/libf72rts.so.1(__NAGf90_maybe_next_edit+0xe19)[0x150a174aa629]
[borgj118:254115] [ 6] /discover/nobackup/projects/gmao/SIteam/comp/SLES-15/nag/7.2.15/lib/NAG_Fortran/libf72rts.so.1(__NAGf90_maybe_next_edit+0xe19)[0x14b45f4aa629]
[borgj118:254118] [ 6] /discover/nobackup/projects/gmao/SIteam/ESMF_Testing/nag_7.2.15_openmpi_g_develop/esmf/DEFAULTINSTALLDIR/lib/libg/Linux.nag.64.openmpi.default/libesmf.so(nuopc_driver_MP_loopdatadependentinitialize+0x4ab9)[0x153af99d60c1]
[borgj118:254117] [ 7] /discover/nobackup/projects/gmao/SIteam/ESMF_Testing/nag_7.2.15_openmpi_g_develop/esmf/DEFAULTINSTALLDIR/lib/libg/Linux.nag.64.openmpi.default/libesmf.so(nuopc_driver_MP_loopdatadependentinitialize+0x4ab9)[0x14a5e8b8e0c1]
[borgj118:254116] [ 7] /discover/nobackup/projects/gmao/SIteam/ESMF_Testing/nag_7.2.15_openmpi_g_develop/esmf/DEFAULTINSTALLDIR/lib/libg/Linux.nag.64.openmpi.default/libesmf.so(nuopc_driver_MP_loopdatadependentinitialize+0x4ab9)[0x150a19fd00c1]
[borgj118:254115] [ 7] /discover/nobackup/projects/gmao/SIteam/ESMF_Testing/nag_7.2.15_openmpi_g_develop/esmf/DEFAULTINSTALLDIR/lib/libg/Linux.nag.64.openmpi.default/libesmf.so(nuopc_driver_MP_loopdatadependentinitialize+0x4ab9)[0x14b461ff90c1]
[borgj118:254118] [ 7] /discover/nobackup/projects/gmao/SIteam/ESMF_Testing/nag_7.2.15_openmpi_g_develop/esmf/DEFAULTINSTALLDIR/lib/libg/Linux.nag.64.openmpi.default/libesmf.so(nuopc_driver_MP_initializeipdv02p5data+0x3675)[0x14a5e8ba1790]
[borgj118:254116] [ 8] /discover/nobackup/projects/gmao/SIteam/ESMF_Testing/nag_7.2.15_openmpi_g_develop/esmf/DEFAULTINSTALLDIR/lib/libg/Linux.nag.64.openmpi.default/libesmf.so(nuopc_driver_MP_initializeipdv02p5data+0x3675)[0x153af99e9790]
[borgj118:254117] [ 8] /discover/nobackup/projects/gmao/SIteam/ESMF_Testing/nag_7.2.15_openmpi_g_develop/esmf/DEFAULTINSTALLDIR/lib/libg/Linux.nag.64.openmpi.default/libesmf.so(nuopc_driver_MP_initializeipdv02p5data+0x3675)[0x150a19fe3790]
[borgj118:254115] [ 8] /discover/nobackup/projects/gmao/SIteam/ESMF_Testing/nag_7.2.15_openmpi_g_develop/esmf/DEFAULTINSTALLDIR/lib/libg/Linux.nag.64.openmpi.default/libesmf.so(nuopc_driver_MP_initializeipdv02p5data+0x3675)[0x14b46200c790]
[borgj118:254118] [ 8] /discover/nobackup/projects/gmao/SIteam/ESMF_Testing/nag_7.2.15_openmpi_g_develop/esmf/DEFAULTINSTALLDIR/lib/libg/Linux.nag.64.openmpi.default/libesmf.so(nuopc_driver_MP_initializeipdv02p5+0x4f1a)[0x14a5e8ba763d]
[borgj118:254116] [ 9] /discover/nobackup/projects/gmao/SIteam/ESMF_Testing/nag_7.2.15_openmpi_g_develop/esmf/DEFAULTINSTALLDIR/lib/libg/Linux.nag.64.openmpi.default/libesmf.so(nuopc_driver_MP_initializeipdv02p5+0x4f1a)[0x153af99ef63d]
[borgj118:254117] [ 9] /discover/nobackup/projects/gmao/SIteam/ESMF_Testing/nag_7.2.15_openmpi_g_develop/esmf/DEFAULTINSTALLDIR/lib/libg/Linux.nag.64.openmpi.default/libesmf.so(nuopc_driver_MP_initializeipdv02p5+0x4f1a)[0x150a19fe963d]
[borgj118:254115] [ 9] /discover/nobackup/projects/gmao/SIteam/ESMF_Testing/nag_7.2.15_openmpi_g_develop/esmf/DEFAULTINSTALLDIR/lib/libg/Linux.nag.64.openmpi.default/libesmf.so(nuopc_driver_MP_initializeipdv02p5+0x4f1a)[0x14b46201263d]
[borgj118:254118] [ 9] /discover/nobackup/projects/gmao/SIteam/ESMF_Testing/nag_7.2.15_openmpi_g_develop/esmf/DEFAULTINSTALLDIR/lib/libg/Linux.nag.64.openmpi.default/libesmf.so(nuopc_driver_MP_initializegeneric+0x1cbb)[0x153af9a2f51c]
[borgj118:254117] [10] /discover/nobackup/projects/gmao/SIteam/ESMF_Testing/nag_7.2.15_openmpi_g_develop/esmf/DEFAULTINSTALLDIR/lib/libg/Linux.nag.64.openmpi.default/libesmf.so(nuopc_driver_MP_initializegeneric+0x1cbb)[0x14a5e8be751c]
[borgj118:254116] [10] /discover/nobackup/projects/gmao/SIteam/ESMF_Testing/nag_7.2.15_openmpi_g_develop/esmf/DEFAULTINSTALLDIR/lib/libg/Linux.nag.64.openmpi.default/libesmf.so(nuopc_driver_MP_initializegeneric+0x1cbb)[0x150a1a02951c]
[borgj118:254115] [10] /discover/nobackup/projects/gmao/SIteam/ESMF_Testing/nag_7.2.15_openmpi_g_develop/esmf/DEFAULTINSTALLDIR/lib/libg/Linux.nag.64.openmpi.default/libesmf.so(nuopc_driver_MP_initializegeneric+0x1cbb)[0x14b46205251c]
[borgj118:254118] [10] /discover/nobackup/projects/gmao/SIteam/ESMF_Testing/nag_7.2.15_openmpi_g_develop/esmf/DEFAULTINSTALLDIR/lib/libg/Linux.nag.64.openmpi.default/libesmf.so(_ZN5ESMCI6FTable12callVFuncPtrEPKcPNS_2VMEPi+0xc55)[0x14a5e7b1ea13]
[borgj118:254116] [11] /discover/nobackup/projects/gmao/SIteam/ESMF_Testing/nag_7.2.15_openmpi_g_develop/esmf/DEFAULTINSTALLDIR/lib/libg/Linux.nag.64.openmpi.default/libesmf.so(_ZN5ESMCI6FTable12callVFuncPtrEPKcPNS_2VMEPi+0xc55)[0x153af8966a13]
[borgj118:254117] [11] /discover/nobackup/projects/gmao/SIteam/ESMF_Testing/nag_7.2.15_openmpi_g_develop/esmf/DEFAULTINSTALLDIR/lib/libg/Linux.nag.64.openmpi.default/libesmf.so(_ZN5ESMCI6FTable12callVFuncPtrEPKcPNS_2VMEPi+0xc55)[0x150a18f60a13]
[borgj118:254115] [11] /discover/nobackup/projects/gmao/SIteam/ESMF_Testing/nag_7.2.15_openmpi_g_develop/esmf/DEFAULTINSTALLDIR/lib/libg/Linux.nag.64.openmpi.default/libesmf.so(_ZN5ESMCI6FTable12callVFuncPtrEPKcPNS_2VMEPi+0xc55)[0x14b460f89a13]
[borgj118:254118] [11] /discover/nobackup/projects/gmao/SIteam/ESMF_Testing/nag_7.2.15_openmpi_g_develop/esmf/DEFAULTINSTALLDIR/lib/libg/Linux.nag.64.openmpi.default/libesmf.so(ESMCI_FTableCallEntryPointVMHop+0x32e)[0x14a5e7b1bae6]
[borgj118:254116] [12] /discover/nobackup/projects/gmao/SIteam/ESMF_Testing/nag_7.2.15_openmpi_g_develop/esmf/DEFAULTINSTALLDIR/lib/libg/Linux.nag.64.openmpi.default/libesmf.so(ESMCI_FTableCallEntryPointVMHop+0x32e)[0x153af8963ae6]
[borgj118:254117] [12] /discover/nobackup/projects/gmao/SIteam/ESMF_Testing/nag_7.2.15_openmpi_g_develop/esmf/DEFAULTINSTALLDIR/lib/libg/Linux.nag.64.openmpi.default/libesmf.so(ESMCI_FTableCallEntryPointVMHop+0x32e)[0x150a18f5dae6]
[borgj118:254115] [12] /discover/nobackup/projects/gmao/SIteam/ESMF_Testing/nag_7.2.15_openmpi_g_develop/esmf/DEFAULTINSTALLDIR/lib/libg/Linux.nag.64.openmpi.default/libesmf.so(ESMCI_FTableCallEntryPointVMHop+0x32e)[0x14b460f86ae6]
[borgj118:254118] [12] /discover/nobackup/projects/gmao/SIteam/ESMF_Testing/nag_7.2.15_openmpi_g_develop/esmf/DEFAULTINSTALLDIR/lib/libg/Linux.nag.64.openmpi.default/libesmf.so(_ZN5ESMCI3VMK5enterEPNS_7VMKPlanEPvS3_+0xd5)[0x14a5e7f21ebb]
[borgj118:254116] [13] /discover/nobackup/projects/gmao/SIteam/ESMF_Testing/nag_7.2.15_openmpi_g_develop/esmf/DEFAULTINSTALLDIR/lib/libg/Linux.nag.64.openmpi.default/libesmf.so(_ZN5ESMCI3VMK5enterEPNS_7VMKPlanEPvS3_+0xd5)[0x153af8d69ebb]
[borgj118:254117] [13] /discover/nobackup/projects/gmao/SIteam/ESMF_Testing/nag_7.2.15_openmpi_g_develop/esmf/DEFAULTINSTALLDIR/lib/libg/Linux.nag.64.openmpi.default/libesmf.so(_ZN5ESMCI3VMK5enterEPNS_7VMKPlanEPvS3_+0xd5)[0x150a19363ebb]
[borgj118:254115] [13] /discover/nobackup/projects/gmao/SIteam/ESMF_Testing/nag_7.2.15_openmpi_g_develop/esmf/DEFAULTINSTALLDIR/lib/libg/Linux.nag.64.openmpi.default/libesmf.so(_ZN5ESMCI3VMK5enterEPNS_7VMKPlanEPvS3_+0xd5)[0x14b46138cebb]
[borgj118:254118] [13] /discover/nobackup/projects/gmao/SIteam/ESMF_Testing/nag_7.2.15_openmpi_g_develop/esmf/DEFAULTINSTALLDIR/lib/libg/Linux.nag.64.openmpi.default/libesmf.so(_ZN5ESMCI2VM5enterEPNS_6VMPlanEPvS3_+0xb7)[0x153af8d53dd5]
[borgj118:254117] [14] /discover/nobackup/projects/gmao/SIteam/ESMF_Testing/nag_7.2.15_openmpi_g_develop/esmf/DEFAULTINSTALLDIR/lib/libg/Linux.nag.64.openmpi.default/libesmf.so(_ZN5ESMCI2VM5enterEPNS_6VMPlanEPvS3_+0xb7)[0x14a5e7f0bdd5]
[borgj118:254116] [14] /discover/nobackup/projects/gmao/SIteam/ESMF_Testing/nag_7.2.15_openmpi_g_develop/esmf/DEFAULTINSTALLDIR/lib/libg/Linux.nag.64.openmpi.default/libesmf.so(_ZN5ESMCI2VM5enterEPNS_6VMPlanEPvS3_+0xb7)[0x14b461376dd5]
[borgj118:254118] [14] /discover/nobackup/projects/gmao/SIteam/ESMF_Testing/nag_7.2.15_openmpi_g_develop/esmf/DEFAULTINSTALLDIR/lib/libg/Linux.nag.64.openmpi.default/libesmf.so(_ZN5ESMCI2VM5enterEPNS_6VMPlanEPvS3_+0xb7)[0x150a1934ddd5]
[borgj118:254115] [14] /discover/nobackup/projects/gmao/SIteam/ESMF_Testing/nag_7.2.15_openmpi_g_develop/esmf/DEFAULTINSTALLDIR/lib/libg/Linux.nag.64.openmpi.default/libesmf.so(c_esmc_ftablecallentrypointvm_+0x35f)[0x14a5e7b1bf7f]
[borgj118:254116] [15] /discover/nobackup/projects/gmao/SIteam/ESMF_Testing/nag_7.2.15_openmpi_g_develop/esmf/DEFAULTINSTALLDIR/lib/libg/Linux.nag.64.openmpi.default/libesmf.so(c_esmc_ftablecallentrypointvm_+0x35f)[0x153af8963f7f]
[borgj118:254117] [15] /discover/nobackup/projects/gmao/SIteam/ESMF_Testing/nag_7.2.15_openmpi_g_develop/esmf/DEFAULTINSTALLDIR/lib/libg/Linux.nag.64.openmpi.default/libesmf.so(c_esmc_ftablecallentrypointvm_+0x35f)[0x150a18f5df7f]
[borgj118:254115] [15] /discover/nobackup/projects/gmao/SIteam/ESMF_Testing/nag_7.2.15_openmpi_g_develop/esmf/DEFAULTINSTALLDIR/lib/libg/Linux.nag.64.openmpi.default/libesmf.so(c_esmc_ftablecallentrypointvm_+0x35f)[0x14b460f86f7f]
[borgj118:254118] [15] /discover/nobackup/projects/gmao/SIteam/ESMF_Testing/nag_7.2.15_openmpi_g_develop/esmf/DEFAULTINSTALLDIR/lib/libg/Linux.nag.64.openmpi.default/libesmf.so(esmf_compmod_MP_esmf_compexecute+0xa6b)[0x14a5e81ec579]
[borgj118:254116] [16] /discover/nobackup/projects/gmao/SIteam/ESMF_Testing/nag_7.2.15_openmpi_g_develop/esmf/DEFAULTINSTALLDIR/lib/libg/Linux.nag.64.openmpi.default/libesmf.so(esmf_compmod_MP_esmf_compexecute+0xa6b)[0x153af9034579]
[borgj118:254117] [16] /discover/nobackup/projects/gmao/SIteam/ESMF_Testing/nag_7.2.15_openmpi_g_develop/esmf/DEFAULTINSTALLDIR/lib/libg/Linux.nag.64.openmpi.default/libesmf.so(esmf_compmod_MP_esmf_compexecute+0xa6b)[0x14b461657579]
[borgj118:254118] [16] /discover/nobackup/projects/gmao/SIteam/ESMF_Testing/nag_7.2.15_openmpi_g_develop/esmf/DEFAULTINSTALLDIR/lib/libg/Linux.nag.64.openmpi.default/libesmf.so(esmf_compmod_MP_esmf_compexecute+0xa6b)[0x150a1962e579]
[borgj118:254115] [16] /discover/nobackup/projects/gmao/SIteam/ESMF_Testing/nag_7.2.15_openmpi_g_develop/esmf/DEFAULTINSTALLDIR/lib/libg/Linux.nag.64.openmpi.default/libesmf.so(esmf_gridcompmod_MP_esmf_gridcompinitialize+0x176)[0x153af94082a6]
[borgj118:254117] [17] /discover/nobackup/projects/gmao/SIteam/ESMF_Testing/nag_7.2.15_openmpi_g_develop/esmf/DEFAULTINSTALLDIR/lib/libg/Linux.nag.64.openmpi.default/libesmf.so(esmf_gridcompmod_MP_esmf_gridcompinitialize+0x176)[0x14a5e85c02a6]
[borgj118:254116] [17] ./esmApp[0x495604]
[borgj118:254116] [18] ./esmApp(__NAGf90_cosmp_init+0x123)[0x434393]
[borgj118:254116] ./esmApp[0x495604]
[borgj118:254117] [18] /discover/nobackup/projects/gmao/SIteam/ESMF_Testing/nag_7.2.15_openmpi_g_develop/esmf/DEFAULTINSTALLDIR/lib/libg/Linux.nag.64.openmpi.default/libesmf.so(esmf_gridcompmod_MP_esmf_gridcompinitialize+0x176)[0x14b461a2b2a6]
[borgj118:254118] [17] ./esmApp[0x495604]
[borgj118:254118] [18] ./esmApp(__NAGf90_cosmp_init+0x123)[0x434393]
[borgj118:254118] [19] /discover/nobackup/projects/gmao/SIteam/ESMF_Testing/nag_7.2.15_openmpi_g_develop/esmf/DEFAULTINSTALLDIR/lib/libg/Linux.nag.64.openmpi.default/libesmf.so(esmf_gridcompmod_MP_esmf_gridcompinitialize+0x176)[0x150a19a022a6]
[borgj118:254115] [17] ./esmApp[0x495604]
[borgj118:254115] [18] ./esmApp(__NAGf90_cosmp_init+0x123)[0x434393]
[borgj118:254115] [19] ./esmApp[0x4950a3]
[19] ./esmApp[0x4950a3]
[borgj118:254116] [20] /lib64/libc.so.6(__libc_start_main+0xef)[0x14a5e5cf224d]
[borgj118:254116] [21] ./esmApp[0x40b7fa]
[borgj118:254116] *** End of error message ***
./esmApp(__NAGf90_cosmp_init+0x123)[0x434393]
[borgj118:254117] [19] ./esmApp[0x4950a3]
[borgj118:254117] [20] /lib64/libc.so.6(__libc_start_main+0xef)[0x153af6c1a24d]
[borgj118:254117] [21] ./esmApp[0x40b7fa]
./esmApp[0x4950a3]
[borgj118:254118] [20] [borgj118:254115] [20] [borgj118:254117] *** End of error message ***
/lib64/libc.so.6(__libc_start_main+0xef)[0x150a170f224d]
[borgj118:254115] [21] ./esmApp[0x40b7fa]
[borgj118:254115] *** End of error message ***
/lib64/libc.so.6(__libc_start_main+0xef)[0x14b45f23e24d]
[borgj118:254118] [21] ./esmApp[0x40b7fa]
[borgj118:254118] *** End of error message ***
--------------------------------------------------------------------------
Primary job  terminated normally, but 1 process returned
a non-zero exit code. Per user-direction, the job has been aborted.
--------------------------------------------------------------------------
--------------------------------------------------------------------------
mpirun noticed that process rank 1 with PID 254116 on node borgj118 exited on signal 6 (Aborted).
--------------------------------------------------------------------------
3 total processes killed (some possibly by mpirun during cleanup)
