2024-10-10 23:38:03
Runtime Error: /discover/nobackup/projects/gmao/SIteam/ESMF_Testing/nag_7.2.15_openmpi_g_develop/esmf/src/addon/NUOPC/src/NUOPC_Driver.F90, line 3269: URuntime Error: /discover/nobackup/projects/gmao/SIteam/ESMF_Testing/nag_7.2.15_openmpi_g_develop/esmf/src/addon/NUOPC/src/NUOPC_Driver.F90, line 3269: Unexpected end of format speRuntime Error: /discover/nobackup/projects/gmao/SIteam/ESMF_Testing/nag_7.2.15_openmpi_g_develop/esmf/src/addon/NUOPC/src/NUOPC_Driver.F90, line 3269: Unexpected end of format speRuntime Error: /discover/nobackup/projects/gmao/SIteam/ESMF_Testing/nag_7.2.15_openmpi_g_develop/esmf/src/addon/NUOPC/src/NUOPC_Driver.F90, line 3269: Unexpected end of format specificnexpected end of format specification
Program tercification
Program terminatcification
Program terminateed by I/O error on internal file
ation
Program terminated by I/O error on internal file
minated by I/O error on internal file
d by I/O error on internal file
[borgl172:121785] *** Process received signal ***
[borgl172:121785] Signal: Aborted (6)
[borgl172:121785] Signal code:  (-6)
[borgl172:121784] *** Process received signal ***
[borgl172:121784] Signal: Aborted (6)
[borgl172:121784] Signal code:  (-6)
[borgl172:121783] *** Process received signal ***
[borgl172:121783] Signal: Aborted (6)
[borgl172:121783] Signal code:  (-6)
[borgl172:121782] *** Process received signal ***
[borgl172:121782] Signal: Aborted (6)
[borgl172:121782] Signal code:  (-6)
[borgl172:121784] [ 0] [borgl172:121783] [ 0] [borgl172:121782] [ 0] [borgl172:121785] [ 0] /lib64/libpthread.so.0(+0x16910)[0x149d81345910]
[borgl172:121783] [ 1] /lib64/libpthread.so.0(+0x16910)[0x146c5df2d910]
[borgl172:121784] [ 1] /lib64/libpthread.so.0(+0x16910)[0x1536e3f07910]
[borgl172:121782] [ 1] /lib64/libc.so.6(gsignal+0x10d)[0x146c5d507d2b]
[borgl172:121784] [ 2] /lib64/libc.so.6(abort+0x177)[0x146c5d5093e5]
[borgl172:121784] [ 3] /lib64/libpthread.so.0(+0x16910)[0x1516160a6910]
[borgl172:121785] [ 1] /lib64/libc.so.6(gsignal+0x10d)[0x151615ee3d2b]
[borgl172:121785] [ 2] /lib64/libc.so.6(abort+0x177)[0x151615ee53e5]
/lib64/libc.so.6(gsignal+0x10d)[0x149d80a53d2b]
[borgl172:121783] [ 2] /lib64/libc.so.6(abort+0x177)[0x149d80a553e5]
[borgl172:121783] [ 3] ./esmApp(__NAGf90_io_abort+0x78)[0x459e88]
[borgl172:121783] /lib64/libc.so.6(gsignal+0x10d)[0x1536e3507d2b]
[borgl172:121782] [ 2] /lib64/libc.so.6(abort+0x177)[0x1536e35093e5]
[borgl172:121782] [ 3] ./esmApp(__NAGf90_io_abort+0x78)[0x459e88]
[borgl172:121782] [ 4] [ 4] ./esmApp(__NAGf90_ioerr+0x1cd)[0x45a4ed]
[borgl172:121783] [ 5] ./esmApp(__NAGf90_io_abort+0x78)[0x459e88]
[borgl172:121784] [ 4] ./esmApp(__NAGf90_ioerr+0x1cd)[0x45a4ed]
[borgl172:121784] [ 5] [borgl172:121785] [ 3] ./esmApp(__NAGf90_io_abort+0x78)[0x459e88]
[borgl172:121785] [ 4] ./esmApp(__NAGf90_ioerr+0x1cd)[0x45a4ed]
[borgl172:121782] [ 5] ./esmApp(__NAGf90_ioerr+0x1cd)[0x45a4ed]
[borgl172:121785] [ 5] /discover/nobackup/projects/gmao/SIteam/comp/SLES-15/nag/7.2.15/lib/NAG_Fortran/libf72rts.so.1(__NAGf90_maybe_next_edit+0xe19)[0x1516162aa629]
[borgl172:121785] [ 6] /discover/nobackup/projects/gmao/SIteam/comp/SLES-15/nag/7.2.15/lib/NAG_Fortran/libf72rts.so.1(__NAGf90_maybe_next_edit+0xe19)[0x149d80caa629]
[borgl172:121783] [ 6] /discover/nobackup/projects/gmao/SIteam/comp/SLES-15/nag/7.2.15/lib/NAG_Fortran/libf72rts.so.1(__NAGf90_maybe_next_edit+0xe19)[0x146c5d8aa629]
[borgl172:121784] [ 6] /discover/nobackup/projects/gmao/SIteam/comp/SLES-15/nag/7.2.15/lib/NAG_Fortran/libf72rts.so.1(__NAGf90_maybe_next_edit+0xe19)[0x1536e38aa629]
[borgl172:121782] [ 6] /discover/nobackup/projects/gmao/SIteam/ESMF_Testing/nag_7.2.15_openmpi_g_develop/esmf/DEFAULTINSTALLDIR/lib/libg/Linux.nag.64.openmpi.default/libesmf.so(nuopc_driver_MP_loopdatadependentinitialize+0x4ab9)[0x146c602fc9a1]
[borgl172:121784] [ 7] /discover/nobackup/projects/gmao/SIteam/ESMF_Testing/nag_7.2.15_openmpi_g_develop/esmf/DEFAULTINSTALLDIR/lib/libg/Linux.nag.64.openmpi.default/libesmf.so(nuopc_driver_MP_loopdatadependentinitialize+0x4ab9)[0x149d838609a1]
[borgl172:121783] [ 7] /discover/nobackup/projects/gmao/SIteam/ESMF_Testing/nag_7.2.15_openmpi_g_develop/esmf/DEFAULTINSTALLDIR/lib/libg/Linux.nag.64.openmpi.default/libesmf.so(nuopc_driver_MP_loopdatadependentinitialize+0x4ab9)[0x1536e62d69a1]
[borgl172:121782] [ 7] /discover/nobackup/projects/gmao/SIteam/ESMF_Testing/nag_7.2.15_openmpi_g_develop/esmf/DEFAULTINSTALLDIR/lib/libg/Linux.nag.64.openmpi.default/libesmf.so(nuopc_driver_MP_loopdatadependentinitialize+0x4ab9)[0x151618c8e9a1]
[borgl172:121785] [ 7] /discover/nobackup/projects/gmao/SIteam/ESMF_Testing/nag_7.2.15_openmpi_g_develop/esmf/DEFAULTINSTALLDIR/lib/libg/Linux.nag.64.openmpi.default/libesmf.so(nuopc_driver_MP_initializeipdv02p5data+0x3675)[0x1536e62ea070]
[borgl172:121782] [ 8] /discover/nobackup/projects/gmao/SIteam/ESMF_Testing/nag_7.2.15_openmpi_g_develop/esmf/DEFAULTINSTALLDIR/lib/libg/Linux.nag.64.openmpi.default/libesmf.so(nuopc_driver_MP_initializeipdv02p5data+0x3675)[0x146c60310070]
[borgl172:121784] [ 8] /discover/nobackup/projects/gmao/SIteam/ESMF_Testing/nag_7.2.15_openmpi_g_develop/esmf/DEFAULTINSTALLDIR/lib/libg/Linux.nag.64.openmpi.default/libesmf.so(nuopc_driver_MP_initializeipdv02p5data+0x3675)[0x151618ca2070]
[borgl172:121785] [ 8] /discover/nobackup/projects/gmao/SIteam/ESMF_Testing/nag_7.2.15_openmpi_g_develop/esmf/DEFAULTINSTALLDIR/lib/libg/Linux.nag.64.openmpi.default/libesmf.so(nuopc_driver_MP_initializeipdv02p5data+0x3675)[0x149d83874070]
[borgl172:121783] [ 8] /discover/nobackup/projects/gmao/SIteam/ESMF_Testing/nag_7.2.15_openmpi_g_develop/esmf/DEFAULTINSTALLDIR/lib/libg/Linux.nag.64.openmpi.default/libesmf.so(nuopc_driver_MP_initializeipdv02p5+0x4f1a)[0x146c60315f1d]
[borgl172:121784] [ 9] /discover/nobackup/projects/gmao/SIteam/ESMF_Testing/nag_7.2.15_openmpi_g_develop/esmf/DEFAULTINSTALLDIR/lib/libg/Linux.nag.64.openmpi.default/libesmf.so(nuopc_driver_MP_initializeipdv02p5+0x4f1a)[0x1536e62eff1d]
[borgl172:121782] [ 9] /discover/nobackup/projects/gmao/SIteam/ESMF_Testing/nag_7.2.15_openmpi_g_develop/esmf/DEFAULTINSTALLDIR/lib/libg/Linux.nag.64.openmpi.default/libesmf.so(nuopc_driver_MP_initializeipdv02p5+0x4f1a)[0x149d83879f1d]
[borgl172:121783] [ 9] /discover/nobackup/projects/gmao/SIteam/ESMF_Testing/nag_7.2.15_openmpi_g_develop/esmf/DEFAULTINSTALLDIR/lib/libg/Linux.nag.64.openmpi.default/libesmf.so(nuopc_driver_MP_initializeipdv02p5+0x4f1a)[0x151618ca7f1d]
[borgl172:121785] [ 9] /discover/nobackup/projects/gmao/SIteam/ESMF_Testing/nag_7.2.15_openmpi_g_develop/esmf/DEFAULTINSTALLDIR/lib/libg/Linux.nag.64.openmpi.default/libesmf.so(nuopc_driver_MP_initializegeneric+0x1cbb)[0x149d838b9dfc]
[borgl172:121783] [10] /discover/nobackup/projects/gmao/SIteam/ESMF_Testing/nag_7.2.15_openmpi_g_develop/esmf/DEFAULTINSTALLDIR/lib/libg/Linux.nag.64.openmpi.default/libesmf.so(nuopc_driver_MP_initializegeneric+0x1cbb)[0x1536e632fdfc]
[borgl172:121782] [10] /discover/nobackup/projects/gmao/SIteam/ESMF_Testing/nag_7.2.15_openmpi_g_develop/esmf/DEFAULTINSTALLDIR/lib/libg/Linux.nag.64.openmpi.default/libesmf.so(nuopc_driver_MP_initializegeneric+0x1cbb)[0x146c60355dfc]
[borgl172:121784] [10] /discover/nobackup/projects/gmao/SIteam/ESMF_Testing/nag_7.2.15_openmpi_g_develop/esmf/DEFAULTINSTALLDIR/lib/libg/Linux.nag.64.openmpi.default/libesmf.so(nuopc_driver_MP_initializegeneric+0x1cbb)[0x151618ce7dfc]
[borgl172:121785] [10] /discover/nobackup/projects/gmao/SIteam/ESMF_Testing/nag_7.2.15_openmpi_g_develop/esmf/DEFAULTINSTALLDIR/lib/libg/Linux.nag.64.openmpi.default/libesmf.so(_ZN5ESMCI6FTable12callVFuncPtrEPKcPNS_2VMEPi+0xc55)[0x149d827f3873]
[borgl172:121783] [11] /discover/nobackup/projects/gmao/SIteam/ESMF_Testing/nag_7.2.15_openmpi_g_develop/esmf/DEFAULTINSTALLDIR/lib/libg/Linux.nag.64.openmpi.default/libesmf.so(_ZN5ESMCI6FTable12callVFuncPtrEPKcPNS_2VMEPi+0xc55)[0x1536e5269873]
[borgl172:121782] [11] /discover/nobackup/projects/gmao/SIteam/ESMF_Testing/nag_7.2.15_openmpi_g_develop/esmf/DEFAULTINSTALLDIR/lib/libg/Linux.nag.64.openmpi.default/libesmf.so(_ZN5ESMCI6FTable12callVFuncPtrEPKcPNS_2VMEPi+0xc55)[0x146c5f28f873]
[borgl172:121784] [11] /discover/nobackup/projects/gmao/SIteam/ESMF_Testing/nag_7.2.15_openmpi_g_develop/esmf/DEFAULTINSTALLDIR/lib/libg/Linux.nag.64.openmpi.default/libesmf.so(_ZN5ESMCI6FTable12callVFuncPtrEPKcPNS_2VMEPi+0xc55)[0x151617c21873]
[borgl172:121785] [11] /discover/nobackup/projects/gmao/SIteam/ESMF_Testing/nag_7.2.15_openmpi_g_develop/esmf/DEFAULTINSTALLDIR/lib/libg/Linux.nag.64.openmpi.default/libesmf.so(ESMCI_FTableCallEntryPointVMHop+0x32e)[0x146c5f28c946]
[borgl172:121784] [12] /discover/nobackup/projects/gmao/SIteam/ESMF_Testing/nag_7.2.15_openmpi_g_develop/esmf/DEFAULTINSTALLDIR/lib/libg/Linux.nag.64.openmpi.default/libesmf.so(ESMCI_FTableCallEntryPointVMHop+0x32e)[0x149d827f0946]
[borgl172:121783] [12] /discover/nobackup/projects/gmao/SIteam/ESMF_Testing/nag_7.2.15_openmpi_g_develop/esmf/DEFAULTINSTALLDIR/lib/libg/Linux.nag.64.openmpi.default/libesmf.so(ESMCI_FTableCallEntryPointVMHop+0x32e)[0x1536e5266946]
[borgl172:121782] [12] /discover/nobackup/projects/gmao/SIteam/ESMF_Testing/nag_7.2.15_openmpi_g_develop/esmf/DEFAULTINSTALLDIR/lib/libg/Linux.nag.64.openmpi.default/libesmf.so(ESMCI_FTableCallEntryPointVMHop+0x32e)[0x151617c1e946]
[borgl172:121785] [12] /discover/nobackup/projects/gmao/SIteam/ESMF_Testing/nag_7.2.15_openmpi_g_develop/esmf/DEFAULTINSTALLDIR/lib/libg/Linux.nag.64.openmpi.default/libesmf.so(_ZN5ESMCI3VMK5enterEPNS_7VMKPlanEPvS3_+0xd5)[0x146c5f692d1b]
[borgl172:121784] [13] /discover/nobackup/projects/gmao/SIteam/ESMF_Testing/nag_7.2.15_openmpi_g_develop/esmf/DEFAULTINSTALLDIR/lib/libg/Linux.nag.64.openmpi.default/libesmf.so(_ZN5ESMCI3VMK5enterEPNS_7VMKPlanEPvS3_+0xd5)[0x151618024d1b]
[borgl172:121785] [13] /discover/nobackup/projects/gmao/SIteam/ESMF_Testing/nag_7.2.15_openmpi_g_develop/esmf/DEFAULTINSTALLDIR/lib/libg/Linux.nag.64.openmpi.default/libesmf.so(_ZN5ESMCI3VMK5enterEPNS_7VMKPlanEPvS3_+0xd5)[0x149d82bf6d1b]
[borgl172:121783] [13] /discover/nobackup/projects/gmao/SIteam/ESMF_Testing/nag_7.2.15_openmpi_g_develop/esmf/DEFAULTINSTALLDIR/lib/libg/Linux.nag.64.openmpi.default/libesmf.so(_ZN5ESMCI3VMK5enterEPNS_7VMKPlanEPvS3_+0xd5)[0x1536e566cd1b]
[borgl172:121782] [13] /discover/nobackup/projects/gmao/SIteam/ESMF_Testing/nag_7.2.15_openmpi_g_develop/esmf/DEFAULTINSTALLDIR/lib/libg/Linux.nag.64.openmpi.default/libesmf.so(_ZN5ESMCI2VM5enterEPNS_6VMPlanEPvS3_+0xb7)[0x149d82be0c35]
[borgl172:121783] [14] /discover/nobackup/projects/gmao/SIteam/ESMF_Testing/nag_7.2.15_openmpi_g_develop/esmf/DEFAULTINSTALLDIR/lib/libg/Linux.nag.64.openmpi.default/libesmf.so(_ZN5ESMCI2VM5enterEPNS_6VMPlanEPvS3_+0xb7)[0x15161800ec35]
[borgl172:121785] /discover/nobackup/projects/gmao/SIteam/ESMF_Testing/nag_7.2.15_openmpi_g_develop/esmf/DEFAULTINSTALLDIR/lib/libg/Linux.nag.64.openmpi.default/libesmf.so(_ZN5ESMCI2VM5enterEPNS_6VMPlanEPvS3_+0xb7)[0x1536e5656c35]
[borgl172:121782] [14] /discover/nobackup/projects/gmao/SIteam/ESMF_Testing/nag_7.2.15_openmpi_g_develop/esmf/DEFAULTINSTALLDIR/lib/libg/Linux.nag.64.openmpi.default/libesmf.so(_ZN5ESMCI2VM5enterEPNS_6VMPlanEPvS3_+0xb7)[0x146c5f67cc35]
[borgl172:121784] [14] [14] /discover/nobackup/projects/gmao/SIteam/ESMF_Testing/nag_7.2.15_openmpi_g_develop/esmf/DEFAULTINSTALLDIR/lib/libg/Linux.nag.64.openmpi.default/libesmf.so(c_esmc_ftablecallentrypointvm_+0x35f)[0x149d827f0ddf]
[borgl172:121783] [15] /discover/nobackup/projects/gmao/SIteam/ESMF_Testing/nag_7.2.15_openmpi_g_develop/esmf/DEFAULTINSTALLDIR/lib/libg/Linux.nag.64.openmpi.default/libesmf.so(c_esmc_ftablecallentrypointvm_+0x35f)[0x146c5f28cddf]
[borgl172:121784] [15] /discover/nobackup/projects/gmao/SIteam/ESMF_Testing/nag_7.2.15_openmpi_g_develop/esmf/DEFAULTINSTALLDIR/lib/libg/Linux.nag.64.openmpi.default/libesmf.so(c_esmc_ftablecallentrypointvm_+0x35f)[0x1536e5266ddf]
[borgl172:121782] [15] /discover/nobackup/projects/gmao/SIteam/ESMF_Testing/nag_7.2.15_openmpi_g_develop/esmf/DEFAULTINSTALLDIR/lib/libg/Linux.nag.64.openmpi.default/libesmf.so(c_esmc_ftablecallentrypointvm_+0x35f)[0x151617c1eddf]
[borgl172:121785] [15] /discover/nobackup/projects/gmao/SIteam/ESMF_Testing/nag_7.2.15_openmpi_g_develop/esmf/DEFAULTINSTALLDIR/lib/libg/Linux.nag.64.openmpi.default/libesmf.so(esmf_compmod_MP_esmf_compexecute+0xa3d)[0x149d82ebef9c]
[borgl172:121783] [16] /discover/nobackup/projects/gmao/SIteam/ESMF_Testing/nag_7.2.15_openmpi_g_develop/esmf/DEFAULTINSTALLDIR/lib/libg/Linux.nag.64.openmpi.default/libesmf.so(esmf_compmod_MP_esmf_compexecute+0xa3d)[0x146c5f95af9c]
[borgl172:121784] [16] /discover/nobackup/projects/gmao/SIteam/ESMF_Testing/nag_7.2.15_openmpi_g_develop/esmf/DEFAULTINSTALLDIR/lib/libg/Linux.nag.64.openmpi.default/libesmf.so(esmf_compmod_MP_esmf_compexecute+0xa3d)[0x1536e5934f9c]
[borgl172:121782] /discover/nobackup/projects/gmao/SIteam/ESMF_Testing/nag_7.2.15_openmpi_g_develop/esmf/DEFAULTINSTALLDIR/lib/libg/Linux.nag.64.openmpi.default/libesmf.so(esmf_compmod_MP_esmf_compexecute+0xa3d)[0x1516182ecf9c]
[borgl172:121785] [16] [16] /discover/nobackup/projects/gmao/SIteam/ESMF_Testing/nag_7.2.15_openmpi_g_develop/esmf/DEFAULTINSTALLDIR/lib/libg/Linux.nag.64.openmpi.default/libesmf.so(esmf_gridcompmod_MP_esmf_gridcompinitialize+0x176)[0x149d83292e46]
[borgl172:121783] [17] ./esmApp[0x495226]
[borgl172:121783] [18] /discover/nobackup/projects/gmao/SIteam/ESMF_Testing/nag_7.2.15_openmpi_g_develop/esmf/DEFAULTINSTALLDIR/lib/libg/Linux.nag.64.openmpi.default/libesmf.so(esmf_gridcompmod_MP_esmf_gridcompinitialize+0x176)[0x146c5fd2ee46]
[borgl172:121784] [17] ./esmApp(__NAGf90_cosmp_init+0x123)[0x4340f3]
[borgl172:121783] [19] ./esmApp[0x494e03]
[borgl172:121783] [20] /discover/nobackup/projects/gmao/SIteam/ESMF_Testing/nag_7.2.15_openmpi_g_develop/esmf/DEFAULTINSTALLDIR/lib/libg/Linux.nag.64.openmpi.default/libesmf.so(esmf_gridcompmod_MP_esmf_gridcompinitialize+0x176)[0x1516186c0e46]
[borgl172:121785] [17] ./esmApp[0x495226]
[borgl172:121785] [18] ./esmApp(__NAGf90_cosmp_init+0x123)[0x4340f3]
[borgl172:121785] [19] ./esmApp[0x494e03]
[borgl172:121785] /discover/nobackup/projects/gmao/SIteam/ESMF_Testing/nag_7.2.15_openmpi_g_develop/esmf/DEFAULTINSTALLDIR/lib/libg/Linux.nag.64.openmpi.default/libesmf.so(esmf_gridcompmod_MP_esmf_gridcompinitialize+0x176)[0x1536e5d08e46]
[borgl172:121782] [17] ./esmApp[0x495226]
[borgl172:121782] [18] ./esmApp(__NAGf90_cosmp_init+0x123)[0x4340f3]
[borgl172:121782] [19] ./esmApp[0x495226]
[borgl172:121784] [18] ./esmApp(__NAGf90_cosmp_init+0x123)[0x4340f3]
[borgl172:121784] [19] ./esmApp[0x494e03]
[borgl172:121784] [20] ./esmApp[0x494e03]
[borgl172:121782] [20] /lib64/libc.so.6(__libc_start_main+0xef)[0x149d80a3e24d]
[borgl172:121783] [21] ./esmApp[0x40b55a]
[borgl172:121783] *** End of error message ***
[20] /lib64/libc.so.6(__libc_start_main+0xef)[0x146c5d4f224d]
[borgl172:121784] [21] ./esmApp[0x40b55a]
[borgl172:121784] *** End of error message ***
/lib64/libc.so.6(__libc_start_main+0xef)[0x1536e34f224d]
[borgl172:121782] [21] ./esmApp[0x40b55a]
[borgl172:121782] *** End of error message ***
/lib64/libc.so.6(__libc_start_main+0xef)[0x151615ece24d]
[borgl172:121785] [21] ./esmApp[0x40b55a]
[borgl172:121785] *** End of error message ***
--------------------------------------------------------------------------
Primary job  terminated normally, but 1 process returned
a non-zero exit code. Per user-direction, the job has been aborted.
--------------------------------------------------------------------------
--------------------------------------------------------------------------
mpirun noticed that process rank 1 with PID 121783 on node borgl172 exited on signal 6 (Aborted).
--------------------------------------------------------------------------
