2024-10-14 22:30:59
 NUOPC_DriverPrint for PET: 0
   Model, Mediator, and Driver components, in the order
   that they were added to the Driver:
 1 :  ATM
 2 :  OCN
 3 :  MED
   Connector components, in the order
   that they were added to the Driver:
 1 :  OCN-TO-MED
 2 :  MED-TO-OCN
 3 :  MED-TO-ATM
 4 :  ATM-TO-MED
 NUOPC_DriverPrint for PET: 1
   Model, Mediator, and Driver components, in the order
   that they were added to the Driver:
NUOPC_RunSequenceArrayPrint: element     1 out of      2
runSeq::
 runElementPrint:      2     3     1 F T
 runElementPrint:      3    -1     1 F T
 runElementPrint:      3     2     1 F T
 runElementPrint:      2    -1     1 F T
 runElementPrint:     -2     0     0 F T
 runElementPrint:     -1    -1     0 F F
::
NUOPC_RunSequenceArrayPrint: element     2 out of      2
runSeq::
 runElementPrint:      3     1     1 F T
 runElementPrint:      1    -1     1 F T
 runElementPrint:      1     3     1 F T
 runElementPrint:      3    -1     2 F T
 runElementPrint:     -2    -1     0 F F
::
 1 :  ATM
 2 :  OCN
 3 :  MED
   Connector components, in the order
   that they were added to the Driver:
 1 :  OCN-TO-MED
 2 :  MED-TO-OCN
 3 :  MED-TO-ATM
 4 :  ATM-TO-MED
NUOPC_RunSequenceArrayPrint: element     1 out of      2
runSeq::
 runElementPrint:      2     3     1 F T
 runElementPrint:      3    -1     1 F T
 runElementPrint:      3     2     1 F T
 runElementPrint:      2    -1     1 F T
 runElementPrint:     -2     0     0 F T
 runElementPrint:     -1    -1     0 F F
::
NUOPC_RunSequenceArrayPrint: element     2 out of      2
runSeq::
 runElementPrint:      3     1     1 F T
 runElementPrint:      1    -1     1 F T
 runElementPrint:      1     3     1 F T
 runElementPrint:      3    -1     2 F T
 runElementPrint:     -2    -1     0 F F
::
 NUOPC_DriverPrint for PET: 2
   Model, Mediator, and Driver components, in the order
   that they were added to the Driver:
 1 :  ATM
 2 :  OCN
 3 :  MED
   Connector components, in the order
   that they were added to the Driver:
 1 :  OCN-TO-MED
 2 :  MED-TO-OCN
 3 :  MED-TO-ATM
 4 :  ATM-TO-MED
NUOPC_RunSequenceArrayPrint: element     1 out of      2
runSeq::
 runElementPrint:      2     3     1 F T
 runElementPrint:      3    -1     1 F T
 runElementPrint:      3     2     1 F T
 runElementPrint:      2    -1     1 F T
 runElementPrint:     -2     0     0 F T
 runElementPrint:     -1    -1     0 F F
::
NUOPC_RunSequenceArrayPrint: element     2 out of      2
runSeq::
 runElementPrint:      3     1     1 F T
 runElementPrint:      1    -1     1 F T
 runElementPrint:      1     3     1 F T
 runElementPrint:      3    -1     2 F T
 runElementPrint:     -2    -1     0 F F
::
 NUOPC_DriverPrint for PET: 3
   Model, Mediator, and Driver components, in the order
   that they were added to the Driver:
 1 :  ATM
 2 :  OCN
 3 :  MED
   Connector components, in the order
   that they were added to the Driver:
 1 :  OCN-TO-MED
 2 :  MED-TO-OCN
 3 :  MED-TO-ATM
 4 :  ATM-TO-MED
NUOPC_RunSequenceArrayPrint: element     1 out of      2
runSeq::
 runElementPrint:      2     3     1 F T
 runElementPrint:      3    -1     1 F T
 runElementPrint:      3     2     1 F T
 runElementPrint:      2    -1     1 F T
 runElementPrint:     -2     0     0 F T
 runElementPrint:     -1    -1     0 F F
::
NUOPC_RunSequenceArrayPrint: element     2 out of      2
runSeq::
 runElementPrint:      3     1     1 F T
 runElementPrint:      1    -1     1 F T
 runElementPrint:      1     3     1 F T
 runElementPrint:      3    -1     2 F T
 runElementPrint:     -2    -1     0 F F
::
Runtime Error: /discover/nobackup/projects/gmao/SIteam/ESMF_Testing/nag_7.2.15_openmpi_g_develop/esmf/src/addon/NUOPC/src/NUOPC_Driver.F90, line 3269: Runtime Error: /discover/nobackup/projects/gmao/SIteam/ESMF_Testing/nag_7.2.15_openmpi_g_develop/esmf/src/addon/NUOPC/src/NUOPC_Driver.F90, line 3269: UnexpecteRuntime Error: /discover/nobackup/projects/gmao/SIteam/ESMF_Testing/nag_7.2.15_openmpi_g_develop/esmf/src/addon/NUOPC/src/NUOPC_Driver.F90, line 3269: Unexpected Runtime Error: /discover/nobackup/projects/gmao/SIteam/ESMF_Testing/nag_7.2.15_openmpi_g_develop/esmf/src/addon/NUOPC/src/NUOPC_Driver.F90, line 3269: UnexpectedUnexpected end of ford end of format specificend of format specificati end of format specification
Program terminated by I/O error on internal file
mat specification
Program terminated by I/O error on internal file
on
Program terminated by I/O error on internal file
ation
Program terminated by I/O error on internal file
[borgj183:20269] *** Process received signal ***
[borgj183:20269] Signal: Aborted (6)
[borgj183:20269] Signal code:  (-6)
[borgj183:20268] *** Process received signal ***
[borgj183:20268] Signal: Aborted (6)
[borgj183:20268] Signal code:  (-6)
[borgj183:20267] *** Process received signal ***
[borgj183:20270] *** Process received signal ***
[borgj183:20270] Signal: Aborted (6)
[borgj183:20270] Signal code:  (-6)
[borgj183:20267] Signal: Aborted (6)
[borgj183:20267] Signal code:  (-6)
[borgj183:20269] [ 0] /lib64/libpthread.so.0(+0x16910)[0x14b7f2aee910]
[borgj183:20269] [ 1] [borgj183:20270] [ 0] [borgj183:20267] [ 0] [borgj183:20268] [ 0] /lib64/libpthread.so.0(+0x16910)[0x14c31f9a3910]
[borgj183:20268] [ 1] /lib64/libc.so.6(gsignal+0x10d)[0x14b7f2107d2b]
[borgj183:20269] [ 2] /lib64/libpthread.so.0(+0x16910)[0x1489dbdc7910]
[borgj183:20270] [ 1] /lib64/libc.so.6(gsignal+0x10d)[0x1489db307d2b]
[borgj183:20270] [ 2] /lib64/libpthread.so.0(+0x16910)[0x151ac2931910]
[borgj183:20267] [ 1] /lib64/libc.so.6(gsignal+0x10d)[0x151ac2053d2b]
[borgj183:20267] [ 2] /lib64/libc.so.6(gsignal+0x10d)[0x14c31ef07d2b]
[borgj183:20268] [ 2] /lib64/libc.so.6(abort+0x177)[0x14b7f21093e5]
[borgj183:20269] [ 3] ./esmApp(__NAGf90_io_abort+0x78)[0x45a708]
[borgj183:20269] [ 4] ./esmApp(__NAGf90_ioerr+0x1cd)[0x45ad6d]
[borgj183:20269] [ 5] /discover/nobackup/projects/gmao/SIteam/comp/SLES-15/nag/7.2.15/lib/NAG_Fortran/libf72rts.so.1(__NAGf90_maybe_next_edit+0xe19)[0x14b7f24aa629]
[borgj183:20269] [ 6] /lib64/libc.so.6(abort+0x177)[0x14c31ef093e5]
[borgj183:20268] [ 3] ./esmApp(__NAGf90_io_abort+0x78)[0x45a708]
[borgj183:20268] [ 4] ./esmApp(__NAGf90_ioerr+0x1cd)[0x45ad6d]
[borgj183:20268] [ 5] /lib64/libc.so.6(abort+0x177)[0x1489db3093e5]
[borgj183:20270] [ 3] ./esmApp(__NAGf90_io_abort+0x78)[0x45a708]
[borgj183:20270] [ 4] ./esmApp(__NAGf90_ioerr+0x1cd)[0x45ad6d]
[borgj183:20270] [ 5] /lib64/libc.so.6(abort+0x177)[0x151ac20553e5]
[borgj183:20267] [ 3] ./esmApp(__NAGf90_io_abort+0x78)[0x45a708]
[borgj183:20267] [ 4] ./esmApp(__NAGf90_ioerr+0x1cd)[0x45ad6d]
[borgj183:20267] [ 5] /discover/nobackup/projects/gmao/SIteam/comp/SLES-15/nag/7.2.15/lib/NAG_Fortran/libf72rts.so.1(__NAGf90_maybe_next_edit+0xe19)[0x1489db6aa629]
[borgj183:20270] [ 6] /discover/nobackup/projects/gmao/SIteam/comp/SLES-15/nag/7.2.15/lib/NAG_Fortran/libf72rts.so.1(__NAGf90_maybe_next_edit+0xe19)[0x151ac22aa629]
[borgj183:20267] [ 6] /discover/nobackup/projects/gmao/SIteam/comp/SLES-15/nag/7.2.15/lib/NAG_Fortran/libf72rts.so.1(__NAGf90_maybe_next_edit+0xe19)[0x14c31f2aa629]
[borgj183:20268] [ 6] /discover/nobackup/projects/gmao/SIteam/ESMF_Testing/nag_7.2.15_openmpi_g_develop/esmf/DEFAULTINSTALLDIR/lib/libg/Linux.nag.64.openmpi.default/libesmf.so(nuopc_driver_MP_loopdatadependentinitialize+0x4ab9)[0x14b7f4ebd9a1]
[borgj183:20269] [ 7] /discover/nobackup/projects/gmao/SIteam/ESMF_Testing/nag_7.2.15_openmpi_g_develop/esmf/DEFAULTINSTALLDIR/lib/libg/Linux.nag.64.openmpi.default/libesmf.so(nuopc_driver_MP_loopdatadependentinitialize+0x4ab9)[0x151ac4e4c9a1]
[borgj183:20267] [ 7] /discover/nobackup/projects/gmao/SIteam/ESMF_Testing/nag_7.2.15_openmpi_g_develop/esmf/DEFAULTINSTALLDIR/lib/libg/Linux.nag.64.openmpi.default/libesmf.so(nuopc_driver_MP_loopdatadependentinitialize+0x4ab9)[0x14c321d729a1]
[borgj183:20268] [ 7] /discover/nobackup/projects/gmao/SIteam/ESMF_Testing/nag_7.2.15_openmpi_g_develop/esmf/DEFAULTINSTALLDIR/lib/libg/Linux.nag.64.openmpi.default/libesmf.so(nuopc_driver_MP_loopdatadependentinitialize+0x4ab9)[0x1489de1969a1]
[borgj183:20270] [ 7] /discover/nobackup/projects/gmao/SIteam/ESMF_Testing/nag_7.2.15_openmpi_g_develop/esmf/DEFAULTINSTALLDIR/lib/libg/Linux.nag.64.openmpi.default/libesmf.so(nuopc_driver_MP_initializeipdv02p5data+0x3675)[0x14b7f4ed1070]
[borgj183:20269] [ 8] /discover/nobackup/projects/gmao/SIteam/ESMF_Testing/nag_7.2.15_openmpi_g_develop/esmf/DEFAULTINSTALLDIR/lib/libg/Linux.nag.64.openmpi.default/libesmf.so(nuopc_driver_MP_initializeipdv02p5data+0x3675)[0x151ac4e60070]
[borgj183:20267] [ 8] /discover/nobackup/projects/gmao/SIteam/ESMF_Testing/nag_7.2.15_openmpi_g_develop/esmf/DEFAULTINSTALLDIR/lib/libg/Linux.nag.64.openmpi.default/libesmf.so(nuopc_driver_MP_initializeipdv02p5data+0x3675)[0x14c321d86070]
[borgj183:20268] [ 8] /discover/nobackup/projects/gmao/SIteam/ESMF_Testing/nag_7.2.15_openmpi_g_develop/esmf/DEFAULTINSTALLDIR/lib/libg/Linux.nag.64.openmpi.default/libesmf.so(nuopc_driver_MP_initializeipdv02p5data+0x3675)[0x1489de1aa070]
[borgj183:20270] [ 8] /discover/nobackup/projects/gmao/SIteam/ESMF_Testing/nag_7.2.15_openmpi_g_develop/esmf/DEFAULTINSTALLDIR/lib/libg/Linux.nag.64.openmpi.default/libesmf.so(nuopc_driver_MP_initializeipdv02p5+0x4f1a)[0x14b7f4ed6f1d]
[borgj183:20269] [ 9] /discover/nobackup/projects/gmao/SIteam/ESMF_Testing/nag_7.2.15_openmpi_g_develop/esmf/DEFAULTINSTALLDIR/lib/libg/Linux.nag.64.openmpi.default/libesmf.so(nuopc_driver_MP_initializeipdv02p5+0x4f1a)[0x151ac4e65f1d]
[borgj183:20267] [ 9] /discover/nobackup/projects/gmao/SIteam/ESMF_Testing/nag_7.2.15_openmpi_g_develop/esmf/DEFAULTINSTALLDIR/lib/libg/Linux.nag.64.openmpi.default/libesmf.so(nuopc_driver_MP_initializeipdv02p5+0x4f1a)[0x14c321d8bf1d]
[borgj183:20268] [ 9] /discover/nobackup/projects/gmao/SIteam/ESMF_Testing/nag_7.2.15_openmpi_g_develop/esmf/DEFAULTINSTALLDIR/lib/libg/Linux.nag.64.openmpi.default/libesmf.so(nuopc_driver_MP_initializeipdv02p5+0x4f1a)[0x1489de1aff1d]
[borgj183:20270] [ 9] /discover/nobackup/projects/gmao/SIteam/ESMF_Testing/nag_7.2.15_openmpi_g_develop/esmf/DEFAULTINSTALLDIR/lib/libg/Linux.nag.64.openmpi.default/libesmf.so(nuopc_driver_MP_initializegeneric+0x1cbb)[0x14b7f4f16dfc]
[borgj183:20269] [10] /discover/nobackup/projects/gmao/SIteam/ESMF_Testing/nag_7.2.15_openmpi_g_develop/esmf/DEFAULTINSTALLDIR/lib/libg/Linux.nag.64.openmpi.default/libesmf.so(nuopc_driver_MP_initializegeneric+0x1cbb)[0x151ac4ea5dfc]
[borgj183:20267] [10] /discover/nobackup/projects/gmao/SIteam/ESMF_Testing/nag_7.2.15_openmpi_g_develop/esmf/DEFAULTINSTALLDIR/lib/libg/Linux.nag.64.openmpi.default/libesmf.so(nuopc_driver_MP_initializegeneric+0x1cbb)[0x14c321dcbdfc]
[borgj183:20268] [10] /discover/nobackup/projects/gmao/SIteam/ESMF_Testing/nag_7.2.15_openmpi_g_develop/esmf/DEFAULTINSTALLDIR/lib/libg/Linux.nag.64.openmpi.default/libesmf.so(nuopc_driver_MP_initializegeneric+0x1cbb)[0x1489de1efdfc]
[borgj183:20270] [10] /discover/nobackup/projects/gmao/SIteam/ESMF_Testing/nag_7.2.15_openmpi_g_develop/esmf/DEFAULTINSTALLDIR/lib/libg/Linux.nag.64.openmpi.default/libesmf.so(_ZN5ESMCI6FTable12callVFuncPtrEPKcPNS_2VMEPi+0xc55)[0x14b7f3e50873]
[borgj183:20269] [11] /discover/nobackup/projects/gmao/SIteam/ESMF_Testing/nag_7.2.15_openmpi_g_develop/esmf/DEFAULTINSTALLDIR/lib/libg/Linux.nag.64.openmpi.default/libesmf.so(_ZN5ESMCI6FTable12callVFuncPtrEPKcPNS_2VMEPi+0xc55)[0x151ac3ddf873]
[borgj183:20267] [11] /discover/nobackup/projects/gmao/SIteam/ESMF_Testing/nag_7.2.15_openmpi_g_develop/esmf/DEFAULTINSTALLDIR/lib/libg/Linux.nag.64.openmpi.default/libesmf.so(_ZN5ESMCI6FTable12callVFuncPtrEPKcPNS_2VMEPi+0xc55)[0x1489dd129873]
[borgj183:20270] [11] /discover/nobackup/projects/gmao/SIteam/ESMF_Testing/nag_7.2.15_openmpi_g_develop/esmf/DEFAULTINSTALLDIR/lib/libg/Linux.nag.64.openmpi.default/libesmf.so(_ZN5ESMCI6FTable12callVFuncPtrEPKcPNS_2VMEPi+0xc55)[0x14c320d05873]
[borgj183:20268] [11] /discover/nobackup/projects/gmao/SIteam/ESMF_Testing/nag_7.2.15_openmpi_g_develop/esmf/DEFAULTINSTALLDIR/lib/libg/Linux.nag.64.openmpi.default/libesmf.so(ESMCI_FTableCallEntryPointVMHop+0x32e)[0x14b7f3e4d946]
[borgj183:20269] [12] /discover/nobackup/projects/gmao/SIteam/ESMF_Testing/nag_7.2.15_openmpi_g_develop/esmf/DEFAULTINSTALLDIR/lib/libg/Linux.nag.64.openmpi.default/libesmf.so(ESMCI_FTableCallEntryPointVMHop+0x32e)[0x151ac3ddc946]
[borgj183:20267] [12] /discover/nobackup/projects/gmao/SIteam/ESMF_Testing/nag_7.2.15_openmpi_g_develop/esmf/DEFAULTINSTALLDIR/lib/libg/Linux.nag.64.openmpi.default/libesmf.so(ESMCI_FTableCallEntryPointVMHop+0x32e)[0x14c320d02946]
[borgj183:20268] [12] /discover/nobackup/projects/gmao/SIteam/ESMF_Testing/nag_7.2.15_openmpi_g_develop/esmf/DEFAULTINSTALLDIR/lib/libg/Linux.nag.64.openmpi.default/libesmf.so(ESMCI_FTableCallEntryPointVMHop+0x32e)[0x1489dd126946]
[borgj183:20270] [12] /discover/nobackup/projects/gmao/SIteam/ESMF_Testing/nag_7.2.15_openmpi_g_develop/esmf/DEFAULTINSTALLDIR/lib/libg/Linux.nag.64.openmpi.default/libesmf.so(_ZN5ESMCI3VMK5enterEPNS_7VMKPlanEPvS3_+0xd5)[0x14b7f4253d1b]
[borgj183:20269] [13] /discover/nobackup/projects/gmao/SIteam/ESMF_Testing/nag_7.2.15_openmpi_g_develop/esmf/DEFAULTINSTALLDIR/lib/libg/Linux.nag.64.openmpi.default/libesmf.so(_ZN5ESMCI3VMK5enterEPNS_7VMKPlanEPvS3_+0xd5)[0x151ac41e2d1b]
[borgj183:20267] [13] /discover/nobackup/projects/gmao/SIteam/ESMF_Testing/nag_7.2.15_openmpi_g_develop/esmf/DEFAULTINSTALLDIR/lib/libg/Linux.nag.64.openmpi.default/libesmf.so(_ZN5ESMCI3VMK5enterEPNS_7VMKPlanEPvS3_+0xd5)[0x14c321108d1b]
[borgj183:20268] [13] /discover/nobackup/projects/gmao/SIteam/ESMF_Testing/nag_7.2.15_openmpi_g_develop/esmf/DEFAULTINSTALLDIR/lib/libg/Linux.nag.64.openmpi.default/libesmf.so(_ZN5ESMCI3VMK5enterEPNS_7VMKPlanEPvS3_+0xd5)[0x1489dd52cd1b]
[borgj183:20270] [13] /discover/nobackup/projects/gmao/SIteam/ESMF_Testing/nag_7.2.15_openmpi_g_develop/esmf/DEFAULTINSTALLDIR/lib/libg/Linux.nag.64.openmpi.default/libesmf.so(_ZN5ESMCI2VM5enterEPNS_6VMPlanEPvS3_+0xb7)[0x14b7f423dc35]
[borgj183:20269] [14] /discover/nobackup/projects/gmao/SIteam/ESMF_Testing/nag_7.2.15_openmpi_g_develop/esmf/DEFAULTINSTALLDIR/lib/libg/Linux.nag.64.openmpi.default/libesmf.so(_ZN5ESMCI2VM5enterEPNS_6VMPlanEPvS3_+0xb7)[0x151ac41ccc35]
[borgj183:20267] [14] /discover/nobackup/projects/gmao/SIteam/ESMF_Testing/nag_7.2.15_openmpi_g_develop/esmf/DEFAULTINSTALLDIR/lib/libg/Linux.nag.64.openmpi.default/libesmf.so(_ZN5ESMCI2VM5enterEPNS_6VMPlanEPvS3_+0xb7)[0x14c3210f2c35]
[borgj183:20268] [14] /discover/nobackup/projects/gmao/SIteam/ESMF_Testing/nag_7.2.15_openmpi_g_develop/esmf/DEFAULTINSTALLDIR/lib/libg/Linux.nag.64.openmpi.default/libesmf.so(_ZN5ESMCI2VM5enterEPNS_6VMPlanEPvS3_+0xb7)[0x1489dd516c35]
[borgj183:20270] [14] /discover/nobackup/projects/gmao/SIteam/ESMF_Testing/nag_7.2.15_openmpi_g_develop/esmf/DEFAULTINSTALLDIR/lib/libg/Linux.nag.64.openmpi.default/libesmf.so(c_esmc_ftablecallentrypointvm_+0x35f)[0x151ac3ddcddf]
[borgj183:20267] [15] /discover/nobackup/projects/gmao/SIteam/ESMF_Testing/nag_7.2.15_openmpi_g_develop/esmf/DEFAULTINSTALLDIR/lib/libg/Linux.nag.64.openmpi.default/libesmf.so(c_esmc_ftablecallentrypointvm_+0x35f)[0x14b7f3e4dddf]
[borgj183:20269] [15] /discover/nobackup/projects/gmao/SIteam/ESMF_Testing/nag_7.2.15_openmpi_g_develop/esmf/DEFAULTINSTALLDIR/lib/libg/Linux.nag.64.openmpi.default/libesmf.so(c_esmc_ftablecallentrypointvm_+0x35f)[0x14c320d02ddf]
[borgj183:20268] [15] /discover/nobackup/projects/gmao/SIteam/ESMF_Testing/nag_7.2.15_openmpi_g_develop/esmf/DEFAULTINSTALLDIR/lib/libg/Linux.nag.64.openmpi.default/libesmf.so(c_esmc_ftablecallentrypointvm_+0x35f)[0x1489dd126ddf]
[borgj183:20270] [15] /discover/nobackup/projects/gmao/SIteam/ESMF_Testing/nag_7.2.15_openmpi_g_develop/esmf/DEFAULTINSTALLDIR/lib/libg/Linux.nag.64.openmpi.default/libesmf.so(esmf_compmod_MP_esmf_compexecute+0xa3d)[0x14b7f451bf9c]
[borgj183:20269] [16] /discover/nobackup/projects/gmao/SIteam/ESMF_Testing/nag_7.2.15_openmpi_g_develop/esmf/DEFAULTINSTALLDIR/lib/libg/Linux.nag.64.openmpi.default/libesmf.so(esmf_compmod_MP_esmf_compexecute+0xa3d)[0x151ac44aaf9c]
[borgj183:20267] [16] /discover/nobackup/projects/gmao/SIteam/ESMF_Testing/nag_7.2.15_openmpi_g_develop/esmf/DEFAULTINSTALLDIR/lib/libg/Linux.nag.64.openmpi.default/libesmf.so(esmf_compmod_MP_esmf_compexecute+0xa3d)[0x14c3213d0f9c]
[borgj183:20268] [16] /discover/nobackup/projects/gmao/SIteam/ESMF_Testing/nag_7.2.15_openmpi_g_develop/esmf/DEFAULTINSTALLDIR/lib/libg/Linux.nag.64.openmpi.default/libesmf.so(esmf_compmod_MP_esmf_compexecute+0xa3d)[0x1489dd7f4f9c]
[borgj183:20270] [16] /discover/nobackup/projects/gmao/SIteam/ESMF_Testing/nag_7.2.15_openmpi_g_develop/esmf/DEFAULTINSTALLDIR/lib/libg/Linux.nag.64.openmpi.default/libesmf.so(esmf_gridcompmod_MP_esmf_gridcompinitialize+0x176)[0x151ac487ee46]
[borgj183:20267] [17] ./esmApp[0x495aa6]
/discover/nobackup/projects/gmao/SIteam/ESMF_Testing/nag_7.2.15_openmpi_g_develop/esmf/DEFAULTINSTALLDIR/lib/libg/Linux.nag.64.openmpi.default/libesmf.so(esmf_gridcompmod_MP_esmf_gridcompinitialize+0x176)[0x14b7f48efe46]
[borgj183:20269] [17] ./esmApp[0x495aa6]
[borgj183:20269] [18] [borgj183:20267] [18] ./esmApp(__NAGf90_cosmp_init+0x123)[0x434973]
[borgj183:20269] [19] ./esmApp(__NAGf90_cosmp_init+0x123)[0x434973]
[borgj183:20267] [19] ./esmApp[0x495683]
[borgj183:20267] [20] /lib64/libc.so.6(__libc_start_main+0xef)[0x151ac203e24d]
[borgj183:20267] [21] ./esmApp[0x495683]
[borgj183:20269] [20] /lib64/libc.so.6(__libc_start_main+0xef)[0x14b7f20f224d]
[borgj183:20269] [21] ./esmApp[0x40bdda]
[borgj183:20269] *** End of error message ***
./esmApp[0x40bdda]
[borgj183:20267] *** End of error message ***
/discover/nobackup/projects/gmao/SIteam/ESMF_Testing/nag_7.2.15_openmpi_g_develop/esmf/DEFAULTINSTALLDIR/lib/libg/Linux.nag.64.openmpi.default/libesmf.so(esmf_gridcompmod_MP_esmf_gridcompinitialize+0x176)[0x14c3217a4e46]
[borgj183:20268] [17] ./esmApp[0x495aa6]
[borgj183:20268] [18] /discover/nobackup/projects/gmao/SIteam/ESMF_Testing/nag_7.2.15_openmpi_g_develop/esmf/DEFAULTINSTALLDIR/lib/libg/Linux.nag.64.openmpi.default/libesmf.so(esmf_gridcompmod_MP_esmf_gridcompinitialize+0x176)[0x1489ddbc8e46]
[borgj183:20270] [17] ./esmApp[0x495aa6]
[borgj183:20270] [18] ./esmApp(__NAGf90_cosmp_init+0x123)[0x434973]
[borgj183:20270] [19] ./esmApp(__NAGf90_cosmp_init+0x123)[0x434973]
[borgj183:20268] [19] ./esmApp[0x495683]
[borgj183:20268] [20] ./esmApp[0x495683]
[borgj183:20270] [20] /lib64/libc.so.6(__libc_start_main+0xef)[0x1489db2f224d]
[borgj183:20270] [21] /lib64/libc.so.6(__libc_start_main+0xef)[0x14c31eef224d]
[borgj183:20268] [21] ./esmApp[0x40bdda]
[borgj183:20268] *** End of error message ***
./esmApp[0x40bdda]
[borgj183:20270] *** End of error message ***
--------------------------------------------------------------------------
Primary job  terminated normally, but 1 process returned
a non-zero exit code. Per user-direction, the job has been aborted.
--------------------------------------------------------------------------
--------------------------------------------------------------------------
mpirun noticed that process rank 2 with PID 20269 on node borgj183 exited on signal 6 (Aborted).
--------------------------------------------------------------------------
