2024-10-11 22:40:45
Runtime Error: /discover/nobackup/projects/gmao/SIteam/ESMF_Testing/nag_7.2.15_openmpi_g_develop/esmf/src/addon/NUOPC/src/NUOPC_Driver.F90, line 3269: Unexpected Runtime Error: /discover/nobackup/projects/gmao/SIteam/ESMF_Testing/nag_7.2.15_openmpi_g_develop/esmf/src/addon/NUOPC/src/NUOPC_Driver.F90, line 3269: Unexpected end of format specification
ProgRuntime Error: /discover/nobackup/projects/gmao/SIteam/ESMF_Testing/nag_7.2.15_openmpi_g_develop/esmf/src/addon/NUOPC/src/NUOPC_Driver.F90, line 3269: Unexpected end of format specificatiRuntime Error: /discover/nobackup/projects/gmao/SIteam/ESMF_Testing/nag_7.2.15_openmpi_g_develop/esmf/src/addon/NUOPC/src/NUOPC_Driver.F90, line 3269: Unexpected end of format specification
Progron
Program terend of format specification
Program terminated byram terminated by I/O error oam terminated by I/O error on internal file
n internal file
minated by I/O error on internal file
 I/O error on internal file
[borgk065:105470] *** Process received signal ***
[borgk065:105470] Signal: Aborted (6)
[borgk065:105470] Signal code:  (-6)
[borgk065:105470] [ 0] /lib64/libpthread.so.0(+0x16910)[0x149b1ebf2910]
[borgk065:105470] [ 1] /lib64/libc.so.6(gsignal+0x10d)[0x149b1ea2fd2b]
[borgk065:105470] [ 2] [borgk065:105472] *** Process received signal ***
/lib64/libc.so.6(abort+0x177)[0x149b1ea313e5]
[borgk065:105470] [ 3] ./esmApp(__NAGf90_io_abort+0x78)[0x459f58]
[borgk065:105470] [ 4] [borgk065:105472] Signal: Aborted (6)
[borgk065:105472] Signal code:  (-6)
./esmApp(__NAGf90_ioerr+0x1cd)[0x45a5bd]
[borgk065:105470] [ 5] /discover/nobackup/projects/gmao/SIteam/comp/SLES-15/nag/7.2.15/lib/NAG_Fortran/libf72rts.so.1(__NAGf90_maybe_next_edit+0xe19)[0x149b1ecaa629]
[borgk065:105470] [ 6] [borgk065:105472] [ 0] /lib64/libpthread.so.0(+0x16910)[0x1501ff8a6910]
[borgk065:105472] [ 1] /lib64/libc.so.6(gsignal+0x10d)[0x1501ff6e3d2b]
[borgk065:105472] [ 2] /lib64/libc.so.6(abort+0x177)[0x1501ff6e53e5]
[borgk065:105472] [ 3] [borgk065:105473] *** Process received signal ***
./esmApp(__NAGf90_io_abort+0x78)[0x459f58]
[borgk065:105472] [ 4] [borgk065:105473] Signal: Aborted (6)
[borgk065:105473] Signal code:  (-6)
./esmApp(__NAGf90_ioerr+0x1cd)[0x45a5bd]
[borgk065:105472] [ 5] /discover/nobackup/projects/gmao/SIteam/comp/SLES-15/nag/7.2.15/lib/NAG_Fortran/libf72rts.so.1(__NAGf90_maybe_next_edit+0xe19)[0x1501ffaaa629]
[borgk065:105472] [ 6] [borgk065:105471] *** Process received signal ***
[borgk065:105471] Signal: Aborted (6)
[borgk065:105471] Signal code:  (-6)
[borgk065:105473] [ 0] /lib64/libpthread.so.0(+0x16910)[0x14f81ed13910]
[borgk065:105473] [ 1] /lib64/libc.so.6(gsignal+0x10d)[0x14f81e453d2b]
[borgk065:105473] [ 2] /lib64/libc.so.6(abort+0x177)[0x14f81e4553e5]
[borgk065:105473] [ 3] ./esmApp(__NAGf90_io_abort+0x78)[0x459f58]
[borgk065:105473] [ 4] ./esmApp(__NAGf90_ioerr+0x1cd)[0x45a5bd]
[borgk065:105473] [ 5] /discover/nobackup/projects/gmao/SIteam/comp/SLES-15/nag/7.2.15/lib/NAG_Fortran/libf72rts.so.1(__NAGf90_maybe_next_edit+0xe19)[0x14f81e6aa629]
[borgk065:105473] [ 6] [borgk065:105471] [ 0] /lib64/libpthread.so.0(+0x16910)[0x14f292fab910]
[borgk065:105471] [ 1] /lib64/libc.so.6(gsignal+0x10d)[0x14f292507d2b]
[borgk065:105471] [ 2] /lib64/libc.so.6(abort+0x177)[0x14f2925093e5]
[borgk065:105471] [ 3] ./esmApp(__NAGf90_io_abort+0x78)[0x459f58]
[borgk065:105471] [ 4] ./esmApp(__NAGf90_ioerr+0x1cd)[0x45a5bd]
[borgk065:105471] [ 5] /discover/nobackup/projects/gmao/SIteam/comp/SLES-15/nag/7.2.15/lib/NAG_Fortran/libf72rts.so.1(__NAGf90_maybe_next_edit+0xe19)[0x14f2928aa629]
[borgk065:105471] [ 6] /discover/nobackup/projects/gmao/SIteam/ESMF_Testing/nag_7.2.15_openmpi_g_develop/esmf/DEFAULTINSTALLDIR/lib/libg/Linux.nag.64.openmpi.default/libesmf.so(nuopc_driver_MP_loopdatadependentinitialize+0x4ab9)[0x149b217d89a1]
[borgk065:105470] [ 7] /discover/nobackup/projects/gmao/SIteam/ESMF_Testing/nag_7.2.15_openmpi_g_develop/esmf/DEFAULTINSTALLDIR/lib/libg/Linux.nag.64.openmpi.default/libesmf.so(nuopc_driver_MP_loopdatadependentinitialize+0x4ab9)[0x1502024a69a1]
[borgk065:105472] [ 7] /discover/nobackup/projects/gmao/SIteam/ESMF_Testing/nag_7.2.15_openmpi_g_develop/esmf/DEFAULTINSTALLDIR/lib/libg/Linux.nag.64.openmpi.default/libesmf.so(nuopc_driver_MP_loopdatadependentinitialize+0x4ab9)[0x14f29537a9a1]
[borgk065:105471] [ 7] /discover/nobackup/projects/gmao/SIteam/ESMF_Testing/nag_7.2.15_openmpi_g_develop/esmf/DEFAULTINSTALLDIR/lib/libg/Linux.nag.64.openmpi.default/libesmf.so(nuopc_driver_MP_initializeipdv02p5data+0x3675)[0x14f29538e070]
[borgk065:105471] [ 8] /discover/nobackup/projects/gmao/SIteam/ESMF_Testing/nag_7.2.15_openmpi_g_develop/esmf/DEFAULTINSTALLDIR/lib/libg/Linux.nag.64.openmpi.default/libesmf.so(nuopc_driver_MP_initializeipdv02p5data+0x3675)[0x1502024ba070]
[borgk065:105472] [ 8] /discover/nobackup/projects/gmao/SIteam/ESMF_Testing/nag_7.2.15_openmpi_g_develop/esmf/DEFAULTINSTALLDIR/lib/libg/Linux.nag.64.openmpi.default/libesmf.so(nuopc_driver_MP_initializeipdv02p5+0x4f1a)[0x1502024bff1d]
[borgk065:105472] [ 9] /discover/nobackup/projects/gmao/SIteam/ESMF_Testing/nag_7.2.15_openmpi_g_develop/esmf/DEFAULTINSTALLDIR/lib/libg/Linux.nag.64.openmpi.default/libesmf.so(nuopc_driver_MP_loopdatadependentinitialize+0x4ab9)[0x14f82122e9a1]
[borgk065:105473] [ 7] /discover/nobackup/projects/gmao/SIteam/ESMF_Testing/nag_7.2.15_openmpi_g_develop/esmf/DEFAULTINSTALLDIR/lib/libg/Linux.nag.64.openmpi.default/libesmf.so(nuopc_driver_MP_initializeipdv02p5data+0x3675)[0x14f821242070]
[borgk065:105473] [ 8] /discover/nobackup/projects/gmao/SIteam/ESMF_Testing/nag_7.2.15_openmpi_g_develop/esmf/DEFAULTINSTALLDIR/lib/libg/Linux.nag.64.openmpi.default/libesmf.so(nuopc_driver_MP_initializeipdv02p5data+0x3675)[0x149b217ec070]
[borgk065:105470] [ 8] /discover/nobackup/projects/gmao/SIteam/ESMF_Testing/nag_7.2.15_openmpi_g_develop/esmf/DEFAULTINSTALLDIR/lib/libg/Linux.nag.64.openmpi.default/libesmf.so(nuopc_driver_MP_initializeipdv02p5+0x4f1a)[0x149b217f1f1d]
[borgk065:105470] [ 9] /discover/nobackup/projects/gmao/SIteam/ESMF_Testing/nag_7.2.15_openmpi_g_develop/esmf/DEFAULTINSTALLDIR/lib/libg/Linux.nag.64.openmpi.default/libesmf.so(nuopc_driver_MP_initializeipdv02p5+0x4f1a)[0x14f821247f1d]
[borgk065:105473] [ 9] /discover/nobackup/projects/gmao/SIteam/ESMF_Testing/nag_7.2.15_openmpi_g_develop/esmf/DEFAULTINSTALLDIR/lib/libg/Linux.nag.64.openmpi.default/libesmf.so(nuopc_driver_MP_initializeipdv02p5+0x4f1a)[0x14f295393f1d]
[borgk065:105471] [ 9] /discover/nobackup/projects/gmao/SIteam/ESMF_Testing/nag_7.2.15_openmpi_g_develop/esmf/DEFAULTINSTALLDIR/lib/libg/Linux.nag.64.openmpi.default/libesmf.so(nuopc_driver_MP_initializegeneric+0x1cbb)[0x149b21831dfc]
[borgk065:105470] [10] /discover/nobackup/projects/gmao/SIteam/ESMF_Testing/nag_7.2.15_openmpi_g_develop/esmf/DEFAULTINSTALLDIR/lib/libg/Linux.nag.64.openmpi.default/libesmf.so(nuopc_driver_MP_initializegeneric+0x1cbb)[0x1502024ffdfc]
[borgk065:105472] [10] /discover/nobackup/projects/gmao/SIteam/ESMF_Testing/nag_7.2.15_openmpi_g_develop/esmf/DEFAULTINSTALLDIR/lib/libg/Linux.nag.64.openmpi.default/libesmf.so(nuopc_driver_MP_initializegeneric+0x1cbb)[0x14f821287dfc]
[borgk065:105473] [10] /discover/nobackup/projects/gmao/SIteam/ESMF_Testing/nag_7.2.15_openmpi_g_develop/esmf/DEFAULTINSTALLDIR/lib/libg/Linux.nag.64.openmpi.default/libesmf.so(nuopc_driver_MP_initializegeneric+0x1cbb)[0x14f2953d3dfc]
[borgk065:105471] [10] /discover/nobackup/projects/gmao/SIteam/ESMF_Testing/nag_7.2.15_openmpi_g_develop/esmf/DEFAULTINSTALLDIR/lib/libg/Linux.nag.64.openmpi.default/libesmf.so(_ZN5ESMCI6FTable12callVFuncPtrEPKcPNS_2VMEPi+0xc55)[0x149b2076b873]
[borgk065:105470] [11] /discover/nobackup/projects/gmao/SIteam/ESMF_Testing/nag_7.2.15_openmpi_g_develop/esmf/DEFAULTINSTALLDIR/lib/libg/Linux.nag.64.openmpi.default/libesmf.so(_ZN5ESMCI6FTable12callVFuncPtrEPKcPNS_2VMEPi+0xc55)[0x150201439873]
[borgk065:105472] [11] /discover/nobackup/projects/gmao/SIteam/ESMF_Testing/nag_7.2.15_openmpi_g_develop/esmf/DEFAULTINSTALLDIR/lib/libg/Linux.nag.64.openmpi.default/libesmf.so(_ZN5ESMCI6FTable12callVFuncPtrEPKcPNS_2VMEPi+0xc55)[0x14f8201c1873]
[borgk065:105473] [11] /discover/nobackup/projects/gmao/SIteam/ESMF_Testing/nag_7.2.15_openmpi_g_develop/esmf/DEFAULTINSTALLDIR/lib/libg/Linux.nag.64.openmpi.default/libesmf.so(_ZN5ESMCI6FTable12callVFuncPtrEPKcPNS_2VMEPi+0xc55)[0x14f29430d873]
[borgk065:105471] [11] /discover/nobackup/projects/gmao/SIteam/ESMF_Testing/nag_7.2.15_openmpi_g_develop/esmf/DEFAULTINSTALLDIR/lib/libg/Linux.nag.64.openmpi.default/libesmf.so(ESMCI_FTableCallEntryPointVMHop+0x32e)[0x149b20768946]
[borgk065:105470] [12] /discover/nobackup/projects/gmao/SIteam/ESMF_Testing/nag_7.2.15_openmpi_g_develop/esmf/DEFAULTINSTALLDIR/lib/libg/Linux.nag.64.openmpi.default/libesmf.so(ESMCI_FTableCallEntryPointVMHop+0x32e)[0x150201436946]
[borgk065:105472] [12] /discover/nobackup/projects/gmao/SIteam/ESMF_Testing/nag_7.2.15_openmpi_g_develop/esmf/DEFAULTINSTALLDIR/lib/libg/Linux.nag.64.openmpi.default/libesmf.so(ESMCI_FTableCallEntryPointVMHop+0x32e)[0x14f8201be946]
[borgk065:105473] [12] /discover/nobackup/projects/gmao/SIteam/ESMF_Testing/nag_7.2.15_openmpi_g_develop/esmf/DEFAULTINSTALLDIR/lib/libg/Linux.nag.64.openmpi.default/libesmf.so(ESMCI_FTableCallEntryPointVMHop+0x32e)[0x14f29430a946]
[borgk065:105471] [12] /discover/nobackup/projects/gmao/SIteam/ESMF_Testing/nag_7.2.15_openmpi_g_develop/esmf/DEFAULTINSTALLDIR/lib/libg/Linux.nag.64.openmpi.default/libesmf.so(_ZN5ESMCI3VMK5enterEPNS_7VMKPlanEPvS3_+0xd5)[0x149b20b6ed1b]
[borgk065:105470] [13] /discover/nobackup/projects/gmao/SIteam/ESMF_Testing/nag_7.2.15_openmpi_g_develop/esmf/DEFAULTINSTALLDIR/lib/libg/Linux.nag.64.openmpi.default/libesmf.so(_ZN5ESMCI3VMK5enterEPNS_7VMKPlanEPvS3_+0xd5)[0x15020183cd1b]
[borgk065:105472] [13] /discover/nobackup/projects/gmao/SIteam/ESMF_Testing/nag_7.2.15_openmpi_g_develop/esmf/DEFAULTINSTALLDIR/lib/libg/Linux.nag.64.openmpi.default/libesmf.so(_ZN5ESMCI3VMK5enterEPNS_7VMKPlanEPvS3_+0xd5)[0x14f8205c4d1b]
[borgk065:105473] [13] /discover/nobackup/projects/gmao/SIteam/ESMF_Testing/nag_7.2.15_openmpi_g_develop/esmf/DEFAULTINSTALLDIR/lib/libg/Linux.nag.64.openmpi.default/libesmf.so(_ZN5ESMCI3VMK5enterEPNS_7VMKPlanEPvS3_+0xd5)[0x14f294710d1b]
[borgk065:105471] [13] /discover/nobackup/projects/gmao/SIteam/ESMF_Testing/nag_7.2.15_openmpi_g_develop/esmf/DEFAULTINSTALLDIR/lib/libg/Linux.nag.64.openmpi.default/libesmf.so(_ZN5ESMCI2VM5enterEPNS_6VMPlanEPvS3_+0xb7)[0x149b20b58c35]
[borgk065:105470] [14] /discover/nobackup/projects/gmao/SIteam/ESMF_Testing/nag_7.2.15_openmpi_g_develop/esmf/DEFAULTINSTALLDIR/lib/libg/Linux.nag.64.openmpi.default/libesmf.so(_ZN5ESMCI2VM5enterEPNS_6VMPlanEPvS3_+0xb7)[0x150201826c35]
[borgk065:105472] [14] /discover/nobackup/projects/gmao/SIteam/ESMF_Testing/nag_7.2.15_openmpi_g_develop/esmf/DEFAULTINSTALLDIR/lib/libg/Linux.nag.64.openmpi.default/libesmf.so(_ZN5ESMCI2VM5enterEPNS_6VMPlanEPvS3_+0xb7)[0x14f8205aec35]
[borgk065:105473] [14] /discover/nobackup/projects/gmao/SIteam/ESMF_Testing/nag_7.2.15_openmpi_g_develop/esmf/DEFAULTINSTALLDIR/lib/libg/Linux.nag.64.openmpi.default/libesmf.so(_ZN5ESMCI2VM5enterEPNS_6VMPlanEPvS3_+0xb7)[0x14f2946fac35]
[borgk065:105471] [14] /discover/nobackup/projects/gmao/SIteam/ESMF_Testing/nag_7.2.15_openmpi_g_develop/esmf/DEFAULTINSTALLDIR/lib/libg/Linux.nag.64.openmpi.default/libesmf.so(c_esmc_ftablecallentrypointvm_+0x35f)[0x149b20768ddf]
[borgk065:105470] [15] /discover/nobackup/projects/gmao/SIteam/ESMF_Testing/nag_7.2.15_openmpi_g_develop/esmf/DEFAULTINSTALLDIR/lib/libg/Linux.nag.64.openmpi.default/libesmf.so(c_esmc_ftablecallentrypointvm_+0x35f)[0x150201436ddf]
[borgk065:105472] [15] /discover/nobackup/projects/gmao/SIteam/ESMF_Testing/nag_7.2.15_openmpi_g_develop/esmf/DEFAULTINSTALLDIR/lib/libg/Linux.nag.64.openmpi.default/libesmf.so(c_esmc_ftablecallentrypointvm_+0x35f)[0x14f8201beddf]
[borgk065:105473] [15] /discover/nobackup/projects/gmao/SIteam/ESMF_Testing/nag_7.2.15_openmpi_g_develop/esmf/DEFAULTINSTALLDIR/lib/libg/Linux.nag.64.openmpi.default/libesmf.so(c_esmc_ftablecallentrypointvm_+0x35f)[0x14f29430addf]
[borgk065:105471] [15] /discover/nobackup/projects/gmao/SIteam/ESMF_Testing/nag_7.2.15_openmpi_g_develop/esmf/DEFAULTINSTALLDIR/lib/libg/Linux.nag.64.openmpi.default/libesmf.so(esmf_compmod_MP_esmf_compexecute+0xa3d)[0x149b20e36f9c]
[borgk065:105470] [16] /discover/nobackup/projects/gmao/SIteam/ESMF_Testing/nag_7.2.15_openmpi_g_develop/esmf/DEFAULTINSTALLDIR/lib/libg/Linux.nag.64.openmpi.default/libesmf.so(esmf_compmod_MP_esmf_compexecute+0xa3d)[0x150201b04f9c]
[borgk065:105472] [16] /discover/nobackup/projects/gmao/SIteam/ESMF_Testing/nag_7.2.15_openmpi_g_develop/esmf/DEFAULTINSTALLDIR/lib/libg/Linux.nag.64.openmpi.default/libesmf.so(esmf_compmod_MP_esmf_compexecute+0xa3d)[0x14f82088cf9c]
[borgk065:105473] [16] /discover/nobackup/projects/gmao/SIteam/ESMF_Testing/nag_7.2.15_openmpi_g_develop/esmf/DEFAULTINSTALLDIR/lib/libg/Linux.nag.64.openmpi.default/libesmf.so(esmf_compmod_MP_esmf_compexecute+0xa3d)[0x14f2949d8f9c]
[borgk065:105471] [16] /discover/nobackup/projects/gmao/SIteam/ESMF_Testing/nag_7.2.15_openmpi_g_develop/esmf/DEFAULTINSTALLDIR/lib/libg/Linux.nag.64.openmpi.default/libesmf.so(esmf_gridcompmod_MP_esmf_gridcompinitialize+0x176)[0x149b2120ae46]
[borgk065:105470] [17] ./esmApp[0x4952f6]
[borgk065:105470] [18] ./esmApp(__NAGf90_cosmp_init+0x123)[0x4341c3]
[borgk065:105470] [19] ./esmApp[0x494ed3]
[borgk065:105470] [20] /lib64/libc.so.6(__libc_start_main+0xef)[0x149b1ea1a24d]
[borgk065:105470] [21] ./esmApp[0x40b62a]
[borgk065:105470] *** End of error message ***
/discover/nobackup/projects/gmao/SIteam/ESMF_Testing/nag_7.2.15_openmpi_g_develop/esmf/DEFAULTINSTALLDIR/lib/libg/Linux.nag.64.openmpi.default/libesmf.so(esmf_gridcompmod_MP_esmf_gridcompinitialize+0x176)[0x150201ed8e46]
[borgk065:105472] [17] ./esmApp[0x4952f6]
[borgk065:105472] [18] ./esmApp(__NAGf90_cosmp_init+0x123)[0x4341c3]
[borgk065:105472] [19] ./esmApp[0x494ed3]
[borgk065:105472] [20] /lib64/libc.so.6(__libc_start_main+0xef)[0x1501ff6ce24d]
[borgk065:105472] [21] ./esmApp[0x40b62a]
[borgk065:105472] *** End of error message ***
/discover/nobackup/projects/gmao/SIteam/ESMF_Testing/nag_7.2.15_openmpi_g_develop/esmf/DEFAULTINSTALLDIR/lib/libg/Linux.nag.64.openmpi.default/libesmf.so(esmf_gridcompmod_MP_esmf_gridcompinitialize+0x176)[0x14f820c60e46]
[borgk065:105473] [17] ./esmApp[0x4952f6]
[borgk065:105473] [18] ./esmApp(__NAGf90_cosmp_init+0x123)[0x4341c3]
[borgk065:105473] [19] ./esmApp[0x494ed3]
[borgk065:105473] [20] /lib64/libc.so.6(__libc_start_main+0xef)[0x14f81e43e24d]
[borgk065:105473] [21] ./esmApp[0x40b62a]
[borgk065:105473] *** End of error message ***
/discover/nobackup/projects/gmao/SIteam/ESMF_Testing/nag_7.2.15_openmpi_g_develop/esmf/DEFAULTINSTALLDIR/lib/libg/Linux.nag.64.openmpi.default/libesmf.so(esmf_gridcompmod_MP_esmf_gridcompinitialize+0x176)[0x14f294dace46]
[borgk065:105471] [17] ./esmApp[0x4952f6]
[borgk065:105471] [18] ./esmApp(__NAGf90_cosmp_init+0x123)[0x4341c3]
[borgk065:105471] [19] ./esmApp[0x494ed3]
[borgk065:105471] [20] /lib64/libc.so.6(__libc_start_main+0xef)[0x14f2924f224d]
[borgk065:105471] [21] ./esmApp[0x40b62a]
[borgk065:105471] *** End of error message ***
--------------------------------------------------------------------------
Primary job  terminated normally, but 1 process returned
a non-zero exit code. Per user-direction, the job has been aborted.
--------------------------------------------------------------------------
--------------------------------------------------------------------------
mpirun noticed that process rank 0 with PID 105470 on node borgk065 exited on signal 6 (Aborted).
--------------------------------------------------------------------------
3 total processes killed (some possibly by mpirun during cleanup)
