2024-10-16 22:55:14
Runtime Error: /discover/nobackup/projects/gmao/SIteam/ESMF_Testing/nag_7.2.15_openmpi_g_develop/esmf/src/addon/NUOPC/src/NUOPC_Driver.F90, line 3269: UneRuntime Error: /discover/nobackup/projects/gmao/SIteam/ESMF_Testing/nag_7.2.15_openmpi_g_develop/esmf/src/addon/NUOPC/src/NUOPC_Driver.F90, line 3269: Unexpected end of formaRuntime Error: /discover/nobackup/projects/gmao/SIteam/ESMF_Testing/nag_7.2.15_openmpi_g_develop/esmf/src/addon/NUOPC/src/NUOPC_Driver.F90, line 3269: Unexpected end of format specificRuntime Error: /discover/nobackup/projects/gmao/SIteam/ESMF_Testing/nag_7.2.15_openmpi_g_develop/esmf/src/addon/NUOPC/src/NUOPC_Driver.F90, line 3269: Unexpected end of format specificationxpected end of format specification
Program tt specification
Program terminaation
Program terminated by I/O e
Program terminated by I/O error on internal file
erminated by I/O error on internal file
ted by I/O error on internal file
rror on internal file
[borgj118:253968] *** Process received signal ***
[borgj118:253968] Signal: Aborted (6)
[borgj118:253968] Signal code:  (-6)
[borgj118:253970] *** Process received signal ***
[borgj118:253970] Signal: Aborted (6)
[borgj118:253970] Signal code:  (-6)
[borgj118:253969] *** Process received signal ***
[borgj118:253969] Signal: Aborted (6)
[borgj118:253969] Signal code:  (-6)
[borgj118:253971] *** Process received signal ***
[borgj118:253971] Signal: Aborted (6)
[borgj118:253971] Signal code:  (-6)
[borgj118:253968] [ 0] [borgj118:253970] [ 0] /lib64/libpthread.so.0(+0x16910)[0x1492089b9910]
[borgj118:253968] [ 1] /lib64/libc.so.6(gsignal+0x10d)[0x149207f07d2b]
[borgj118:253968] /lib64/libpthread.so.0(+0x16910)[0x14c9b67bb910]
[borgj118:253970] [ 1] [ 2] [borgj118:253969] [ 0] /lib64/libpthread.so.0(+0x16910)[0x147e89357910]
/lib64/libc.so.6(abort+0x177)[0x149207f093e5]
[borgj118:253968] [ 3] /lib64/libc.so.6(gsignal+0x10d)[0x14c9b5d07d2b]
[borgj118:253970] [ 2] /lib64/libc.so.6(abort+0x177)[0x14c9b5d093e5]
[borgj118:253971] [ 0] [borgj118:253969] [ 1] ./esmApp(__NAGf90_io_abort+0x78)[0x45ac08]
[borgj118:253968] [ 4] ./esmApp(__NAGf90_ioerr+0x1cd)[0x45b26d]
[borgj118:253968] [ 5] [borgj118:253970] [ 3] ./esmApp(__NAGf90_io_abort+0x78)[0x45ac08]
[borgj118:253970] [ 4] ./esmApp(__NAGf90_ioerr+0x1cd)[0x45b26d]
[borgj118:253970] [ 5] /lib64/libpthread.so.0(+0x16910)[0x1500aab6d910]
[borgj118:253971] [ 1] /lib64/libc.so.6(gsignal+0x10d)[0x1500aa107d2b]
[borgj118:253971] [ 2] /lib64/libc.so.6(gsignal+0x10d)[0x147e88907d2b]
[borgj118:253969] [ 2] /lib64/libc.so.6(abort+0x177)[0x147e889093e5]
[borgj118:253969] [ 3] /discover/nobackup/projects/gmao/SIteam/comp/SLES-15/nag/7.2.15/lib/NAG_Fortran/libf72rts.so.1(__NAGf90_maybe_next_edit+0xe19)[0x1492082aa629]
[borgj118:253968] [ 6] /lib64/libc.so.6(abort+0x177)[0x1500aa1093e5]
[borgj118:253971] [ 3] ./esmApp(__NAGf90_io_abort+0x78)[0x45ac08]
[borgj118:253971] [ 4] ./esmApp(__NAGf90_ioerr+0x1cd)[0x45b26d]
[borgj118:253971] [ 5] ./esmApp(__NAGf90_io_abort+0x78)[0x45ac08]
[borgj118:253969] [ 4] ./esmApp(__NAGf90_ioerr+0x1cd)[0x45b26d]
[borgj118:253969] [ 5] /discover/nobackup/projects/gmao/SIteam/comp/SLES-15/nag/7.2.15/lib/NAG_Fortran/libf72rts.so.1(__NAGf90_maybe_next_edit+0xe19)[0x14c9b60aa629]
[borgj118:253970] [ 6] /discover/nobackup/projects/gmao/SIteam/comp/SLES-15/nag/7.2.15/lib/NAG_Fortran/libf72rts.so.1(__NAGf90_maybe_next_edit+0xe19)[0x1500aa4aa629]
[borgj118:253971] [ 6] /discover/nobackup/projects/gmao/SIteam/comp/SLES-15/nag/7.2.15/lib/NAG_Fortran/libf72rts.so.1(__NAGf90_maybe_next_edit+0xe19)[0x147e88caa629]
[borgj118:253969] [ 6] /discover/nobackup/projects/gmao/SIteam/ESMF_Testing/nag_7.2.15_openmpi_g_develop/esmf/DEFAULTINSTALLDIR/lib/libg/Linux.nag.64.openmpi.default/libesmf.so(nuopc_driver_MP_loopdatadependentinitialize+0x4ab9)[0x147e8b7290c1]
[borgj118:253969] [ 7] /discover/nobackup/projects/gmao/SIteam/ESMF_Testing/nag_7.2.15_openmpi_g_develop/esmf/DEFAULTINSTALLDIR/lib/libg/Linux.nag.64.openmpi.default/libesmf.so(nuopc_driver_MP_loopdatadependentinitialize+0x4ab9)[0x1500acf3f0c1]
[borgj118:253971] [ 7] /discover/nobackup/projects/gmao/SIteam/ESMF_Testing/nag_7.2.15_openmpi_g_develop/esmf/DEFAULTINSTALLDIR/lib/libg/Linux.nag.64.openmpi.default/libesmf.so(nuopc_driver_MP_loopdatadependentinitialize+0x4ab9)[0x14920ad8b0c1]
[borgj118:253968] /discover/nobackup/projects/gmao/SIteam/ESMF_Testing/nag_7.2.15_openmpi_g_develop/esmf/DEFAULTINSTALLDIR/lib/libg/Linux.nag.64.openmpi.default/libesmf.so(nuopc_driver_MP_loopdatadependentinitialize+0x4ab9)[0x14c9b8b8d0c1]
[borgj118:253970] [ 7] [ 7] /discover/nobackup/projects/gmao/SIteam/ESMF_Testing/nag_7.2.15_openmpi_g_develop/esmf/DEFAULTINSTALLDIR/lib/libg/Linux.nag.64.openmpi.default/libesmf.so(nuopc_driver_MP_initializeipdv02p5data+0x3675)[0x147e8b73c790]
[borgj118:253969] [ 8] /discover/nobackup/projects/gmao/SIteam/ESMF_Testing/nag_7.2.15_openmpi_g_develop/esmf/DEFAULTINSTALLDIR/lib/libg/Linux.nag.64.openmpi.default/libesmf.so(nuopc_driver_MP_initializeipdv02p5data+0x3675)[0x1500acf52790]
[borgj118:253971] [ 8] /discover/nobackup/projects/gmao/SIteam/ESMF_Testing/nag_7.2.15_openmpi_g_develop/esmf/DEFAULTINSTALLDIR/lib/libg/Linux.nag.64.openmpi.default/libesmf.so(nuopc_driver_MP_initializeipdv02p5data+0x3675)[0x14c9b8ba0790]
[borgj118:253970] [ 8] /discover/nobackup/projects/gmao/SIteam/ESMF_Testing/nag_7.2.15_openmpi_g_develop/esmf/DEFAULTINSTALLDIR/lib/libg/Linux.nag.64.openmpi.default/libesmf.so(nuopc_driver_MP_initializeipdv02p5data+0x3675)[0x14920ad9e790]
[borgj118:253968] [ 8] /discover/nobackup/projects/gmao/SIteam/ESMF_Testing/nag_7.2.15_openmpi_g_develop/esmf/DEFAULTINSTALLDIR/lib/libg/Linux.nag.64.openmpi.default/libesmf.so(nuopc_driver_MP_initializeipdv02p5+0x4f1a)[0x147e8b74263d]
[borgj118:253969] [ 9] /discover/nobackup/projects/gmao/SIteam/ESMF_Testing/nag_7.2.15_openmpi_g_develop/esmf/DEFAULTINSTALLDIR/lib/libg/Linux.nag.64.openmpi.default/libesmf.so(nuopc_driver_MP_initializeipdv02p5+0x4f1a)[0x1500acf5863d]
[borgj118:253971] [ 9] /discover/nobackup/projects/gmao/SIteam/ESMF_Testing/nag_7.2.15_openmpi_g_develop/esmf/DEFAULTINSTALLDIR/lib/libg/Linux.nag.64.openmpi.default/libesmf.so(nuopc_driver_MP_initializeipdv02p5+0x4f1a)[0x14920ada463d]
[borgj118:253968] [ 9] /discover/nobackup/projects/gmao/SIteam/ESMF_Testing/nag_7.2.15_openmpi_g_develop/esmf/DEFAULTINSTALLDIR/lib/libg/Linux.nag.64.openmpi.default/libesmf.so(nuopc_driver_MP_initializeipdv02p5+0x4f1a)[0x14c9b8ba663d]
[borgj118:253970] [ 9] /discover/nobackup/projects/gmao/SIteam/ESMF_Testing/nag_7.2.15_openmpi_g_develop/esmf/DEFAULTINSTALLDIR/lib/libg/Linux.nag.64.openmpi.default/libesmf.so(nuopc_driver_MP_initializegeneric+0x1cbb)[0x147e8b78251c]
[borgj118:253969] [10] /discover/nobackup/projects/gmao/SIteam/ESMF_Testing/nag_7.2.15_openmpi_g_develop/esmf/DEFAULTINSTALLDIR/lib/libg/Linux.nag.64.openmpi.default/libesmf.so(nuopc_driver_MP_initializegeneric+0x1cbb)[0x1500acf9851c]
[borgj118:253971] /discover/nobackup/projects/gmao/SIteam/ESMF_Testing/nag_7.2.15_openmpi_g_develop/esmf/DEFAULTINSTALLDIR/lib/libg/Linux.nag.64.openmpi.default/libesmf.so(nuopc_driver_MP_initializegeneric+0x1cbb)[0x14920ade451c]
[borgj118:253968] [10] [10] /discover/nobackup/projects/gmao/SIteam/ESMF_Testing/nag_7.2.15_openmpi_g_develop/esmf/DEFAULTINSTALLDIR/lib/libg/Linux.nag.64.openmpi.default/libesmf.so(nuopc_driver_MP_initializegeneric+0x1cbb)[0x14c9b8be651c]
[borgj118:253970] [10] /discover/nobackup/projects/gmao/SIteam/ESMF_Testing/nag_7.2.15_openmpi_g_develop/esmf/DEFAULTINSTALLDIR/lib/libg/Linux.nag.64.openmpi.default/libesmf.so(_ZN5ESMCI6FTable12callVFuncPtrEPKcPNS_2VMEPi+0xc55)[0x147e8a6b9a13]
[borgj118:253969] [11] /discover/nobackup/projects/gmao/SIteam/ESMF_Testing/nag_7.2.15_openmpi_g_develop/esmf/DEFAULTINSTALLDIR/lib/libg/Linux.nag.64.openmpi.default/libesmf.so(_ZN5ESMCI6FTable12callVFuncPtrEPKcPNS_2VMEPi+0xc55)[0x1500abecfa13]
[borgj118:253971] [11] /discover/nobackup/projects/gmao/SIteam/ESMF_Testing/nag_7.2.15_openmpi_g_develop/esmf/DEFAULTINSTALLDIR/lib/libg/Linux.nag.64.openmpi.default/libesmf.so(_ZN5ESMCI6FTable12callVFuncPtrEPKcPNS_2VMEPi+0xc55)[0x14c9b7b1da13]
[borgj118:253970] [11] /discover/nobackup/projects/gmao/SIteam/ESMF_Testing/nag_7.2.15_openmpi_g_develop/esmf/DEFAULTINSTALLDIR/lib/libg/Linux.nag.64.openmpi.default/libesmf.so(_ZN5ESMCI6FTable12callVFuncPtrEPKcPNS_2VMEPi+0xc55)[0x149209d1ba13]
[borgj118:253968] [11] /discover/nobackup/projects/gmao/SIteam/ESMF_Testing/nag_7.2.15_openmpi_g_develop/esmf/DEFAULTINSTALLDIR/lib/libg/Linux.nag.64.openmpi.default/libesmf.so(ESMCI_FTableCallEntryPointVMHop+0x32e)[0x147e8a6b6ae6]
[borgj118:253969] [12] /discover/nobackup/projects/gmao/SIteam/ESMF_Testing/nag_7.2.15_openmpi_g_develop/esmf/DEFAULTINSTALLDIR/lib/libg/Linux.nag.64.openmpi.default/libesmf.so(ESMCI_FTableCallEntryPointVMHop+0x32e)[0x1500abeccae6]
[borgj118:253971] [12] /discover/nobackup/projects/gmao/SIteam/ESMF_Testing/nag_7.2.15_openmpi_g_develop/esmf/DEFAULTINSTALLDIR/lib/libg/Linux.nag.64.openmpi.default/libesmf.so(ESMCI_FTableCallEntryPointVMHop+0x32e)[0x14c9b7b1aae6]
[borgj118:253970] [12] /discover/nobackup/projects/gmao/SIteam/ESMF_Testing/nag_7.2.15_openmpi_g_develop/esmf/DEFAULTINSTALLDIR/lib/libg/Linux.nag.64.openmpi.default/libesmf.so(ESMCI_FTableCallEntryPointVMHop+0x32e)[0x149209d18ae6]
[borgj118:253968] [12] /discover/nobackup/projects/gmao/SIteam/ESMF_Testing/nag_7.2.15_openmpi_g_develop/esmf/DEFAULTINSTALLDIR/lib/libg/Linux.nag.64.openmpi.default/libesmf.so(_ZN5ESMCI3VMK5enterEPNS_7VMKPlanEPvS3_+0xd5)[0x1500ac2d2ebb]
[borgj118:253971] [13] /discover/nobackup/projects/gmao/SIteam/ESMF_Testing/nag_7.2.15_openmpi_g_develop/esmf/DEFAULTINSTALLDIR/lib/libg/Linux.nag.64.openmpi.default/libesmf.so(_ZN5ESMCI3VMK5enterEPNS_7VMKPlanEPvS3_+0xd5)[0x147e8aabcebb]
[borgj118:253969] [13] /discover/nobackup/projects/gmao/SIteam/ESMF_Testing/nag_7.2.15_openmpi_g_develop/esmf/DEFAULTINSTALLDIR/lib/libg/Linux.nag.64.openmpi.default/libesmf.so(_ZN5ESMCI3VMK5enterEPNS_7VMKPlanEPvS3_+0xd5)[0x14920a11eebb]
[borgj118:253968] [13] /discover/nobackup/projects/gmao/SIteam/ESMF_Testing/nag_7.2.15_openmpi_g_develop/esmf/DEFAULTINSTALLDIR/lib/libg/Linux.nag.64.openmpi.default/libesmf.so(_ZN5ESMCI3VMK5enterEPNS_7VMKPlanEPvS3_+0xd5)[0x14c9b7f20ebb]
[borgj118:253970] [13] /discover/nobackup/projects/gmao/SIteam/ESMF_Testing/nag_7.2.15_openmpi_g_develop/esmf/DEFAULTINSTALLDIR/lib/libg/Linux.nag.64.openmpi.default/libesmf.so(_ZN5ESMCI2VM5enterEPNS_6VMPlanEPvS3_+0xb7)[0x147e8aaa6dd5]
[borgj118:253969] [14] /discover/nobackup/projects/gmao/SIteam/ESMF_Testing/nag_7.2.15_openmpi_g_develop/esmf/DEFAULTINSTALLDIR/lib/libg/Linux.nag.64.openmpi.default/libesmf.so(_ZN5ESMCI2VM5enterEPNS_6VMPlanEPvS3_+0xb7)[0x1500ac2bcdd5]
[borgj118:253971] [14] /discover/nobackup/projects/gmao/SIteam/ESMF_Testing/nag_7.2.15_openmpi_g_develop/esmf/DEFAULTINSTALLDIR/lib/libg/Linux.nag.64.openmpi.default/libesmf.so(_ZN5ESMCI2VM5enterEPNS_6VMPlanEPvS3_+0xb7)[0x14920a108dd5]
[borgj118:253968] [14] /discover/nobackup/projects/gmao/SIteam/ESMF_Testing/nag_7.2.15_openmpi_g_develop/esmf/DEFAULTINSTALLDIR/lib/libg/Linux.nag.64.openmpi.default/libesmf.so(_ZN5ESMCI2VM5enterEPNS_6VMPlanEPvS3_+0xb7)[0x14c9b7f0add5]
[borgj118:253970] [14] /discover/nobackup/projects/gmao/SIteam/ESMF_Testing/nag_7.2.15_openmpi_g_develop/esmf/DEFAULTINSTALLDIR/lib/libg/Linux.nag.64.openmpi.default/libesmf.so(c_esmc_ftablecallentrypointvm_+0x35f)[0x147e8a6b6f7f]
[borgj118:253969] [15] /discover/nobackup/projects/gmao/SIteam/ESMF_Testing/nag_7.2.15_openmpi_g_develop/esmf/DEFAULTINSTALLDIR/lib/libg/Linux.nag.64.openmpi.default/libesmf.so(c_esmc_ftablecallentrypointvm_+0x35f)[0x1500abeccf7f]
[borgj118:253971] [15] /discover/nobackup/projects/gmao/SIteam/ESMF_Testing/nag_7.2.15_openmpi_g_develop/esmf/DEFAULTINSTALLDIR/lib/libg/Linux.nag.64.openmpi.default/libesmf.so(c_esmc_ftablecallentrypointvm_+0x35f)[0x149209d18f7f]
[borgj118:253968] /discover/nobackup/projects/gmao/SIteam/ESMF_Testing/nag_7.2.15_openmpi_g_develop/esmf/DEFAULTINSTALLDIR/lib/libg/Linux.nag.64.openmpi.default/libesmf.so(c_esmc_ftablecallentrypointvm_+0x35f)[0x14c9b7b1af7f]
[borgj118:253970] [15] [15] /discover/nobackup/projects/gmao/SIteam/ESMF_Testing/nag_7.2.15_openmpi_g_develop/esmf/DEFAULTINSTALLDIR/lib/libg/Linux.nag.64.openmpi.default/libesmf.so(esmf_compmod_MP_esmf_compexecute+0xa6b)[0x147e8ad87579]
[borgj118:253969] [16] /discover/nobackup/projects/gmao/SIteam/ESMF_Testing/nag_7.2.15_openmpi_g_develop/esmf/DEFAULTINSTALLDIR/lib/libg/Linux.nag.64.openmpi.default/libesmf.so(esmf_compmod_MP_esmf_compexecute+0xa6b)[0x1500ac59d579]
[borgj118:253971] [16] /discover/nobackup/projects/gmao/SIteam/ESMF_Testing/nag_7.2.15_openmpi_g_develop/esmf/DEFAULTINSTALLDIR/lib/libg/Linux.nag.64.openmpi.default/libesmf.so(esmf_compmod_MP_esmf_compexecute+0xa6b)[0x14c9b81eb579]
[borgj118:253970] [16] /discover/nobackup/projects/gmao/SIteam/ESMF_Testing/nag_7.2.15_openmpi_g_develop/esmf/DEFAULTINSTALLDIR/lib/libg/Linux.nag.64.openmpi.default/libesmf.so(esmf_compmod_MP_esmf_compexecute+0xa6b)[0x14920a3e9579]
[borgj118:253968] [16] /discover/nobackup/projects/gmao/SIteam/ESMF_Testing/nag_7.2.15_openmpi_g_develop/esmf/DEFAULTINSTALLDIR/lib/libg/Linux.nag.64.openmpi.default/libesmf.so(esmf_gridcompmod_MP_esmf_gridcompinitialize+0x176)[0x147e8b15b2a6]
[borgj118:253969] [17] ./esmApp[0x49625b]
[borgj118:253969] [18] /discover/nobackup/projects/gmao/SIteam/ESMF_Testing/nag_7.2.15_openmpi_g_develop/esmf/DEFAULTINSTALLDIR/lib/libg/Linux.nag.64.openmpi.default/libesmf.so(esmf_gridcompmod_MP_esmf_gridcompinitialize+0x176)[0x1500ac9712a6]
[borgj118:253971] [17] ./esmApp[0x49625b]
[borgj118:253971] [18] /discover/nobackup/projects/gmao/SIteam/ESMF_Testing/nag_7.2.15_openmpi_g_develop/esmf/DEFAULTINSTALLDIR/lib/libg/Linux.nag.64.openmpi.default/libesmf.so(esmf_gridcompmod_MP_esmf_gridcompinitialize+0x176)[0x14920a7bd2a6]
[borgj118:253968] [17] ./esmApp(__NAGf90_cosmp_init+0x123)[0x434e73]
[borgj118:253969] [19] ./esmApp[0x495b83]
[borgj118:253969] [20] /lib64/libc.so.6(__libc_start_main+0xef)[0x147e888f224d]
[borgj118:253969] [21] ./esmApp[0x40c2da]
./esmApp[0x49625b]
[borgj118:253968] [18] ./esmApp(__NAGf90_cosmp_init+0x123)[0x434e73]
[borgj118:253968] [19] ./esmApp[0x495b83]
[borgj118:253968] [20] /discover/nobackup/projects/gmao/SIteam/ESMF_Testing/nag_7.2.15_openmpi_g_develop/esmf/DEFAULTINSTALLDIR/lib/libg/Linux.nag.64.openmpi.default/libesmf.so(esmf_gridcompmod_MP_esmf_gridcompinitialize+0x176)[0x14c9b85bf2a6]
[borgj118:253970] [17] ./esmApp[0x49625b]
[borgj118:253970] [18] ./esmApp(__NAGf90_cosmp_init+0x123)[0x434e73]
[borgj118:253970] [19] ./esmApp[0x495b83]
[borgj118:253970] [20] ./esmApp(__NAGf90_cosmp_init+0x123)[0x434e73]
[borgj118:253971] [19] ./esmApp[0x495b83]
[borgj118:253971] [20] /lib64/libc.so.6(__libc_start_main+0xef)[0x1500aa0f224d]
[borgj118:253971] [21] ./esmApp[0x40c2da]
[borgj118:253971] *** End of error message ***
[borgj118:253969] *** End of error message ***
/lib64/libc.so.6(__libc_start_main+0xef)[0x149207ef224d]
[borgj118:253968] [21] /lib64/libc.so.6(__libc_start_main+0xef)[0x14c9b5cf224d]
[borgj118:253970] [21] ./esmApp[0x40c2da]
[borgj118:253970] *** End of error message ***
./esmApp[0x40c2da]
[borgj118:253968] *** End of error message ***
--------------------------------------------------------------------------
Primary job  terminated normally, but 1 process returned
a non-zero exit code. Per user-direction, the job has been aborted.
--------------------------------------------------------------------------
--------------------------------------------------------------------------
mpirun noticed that process rank 1 with PID 253969 on node borgj118 exited on signal 6 (Aborted).
--------------------------------------------------------------------------
