2024-10-12 23:45:28
 NUOPC_DriverPrint for PET: 0
   Model, Mediator, and Driver components, in the order
   that they were added to the Driver:
 1 :  ATM
 2 :  OCN
 3 :  MED
   Connector components, in the order
   that they were added to the Driver:
 1 :  OCN-TO-MED
 2 :  MED-TO-OCN
 3 :  MED-TO-ATM
 4 :  ATM-TO-MED
NUOPC_RunSequenceArrayPrint: element     1 out of      2
runSeq::
 runElementPrint:      2     3     1 F T
 runElementPrint:      3    -1     1 F T
 runElementPrint:      3     2     1 F T
 runElementPrint:      2    -1     1 F T
 runElementPrint:     -2     0     0 F T
 runElementPrint:     -1    -1     0 F F
::
NUOPC_RunSequenceArrayPrint: element     2 out of      2
runSeq::
 runElementPrint:      3    -1     2 F T
 runElementPrint:      3     1     1 F T
 runElementPrint:      1    -1     1 F T
 runElementPrint:      1     3     1 F T
 runElementPrint:      3    -1     3 F T
 runElementPrint:     -2    -1     0 F F
::
 NUOPC_DriverPrint for PET: 1
   Model, Mediator, and Driver components, in the order
   that they were added to the Driver:
 1 :  ATM
 2 :  OCN
 3 :  MED
   Connector components, in the order
   that they were added to the Driver:
 1 :  OCN-TO-MED
 2 :  MED-TO-OCN
 3 :  MED-TO-ATM
 4 :  ATM-TO-MED
NUOPC_RunSequenceArrayPrint: element     1 out of      2
runSeq::
 runElementPrint:      2     3     1 F T
 runElementPrint:      3    -1     1 F T
 runElementPrint:      3     2     1 F T
 runElementPrint:      2    -1     1 F T
 runElementPrint:     -2     0     0 F T
 runElementPrint:     -1    -1     0 F F
::
NUOPC_RunSequenceArrayPrint: element     2 out of      2
runSeq::
 runElementPrint:      3    -1     2 F T
 runElementPrint:      3     1     1 F T
 runElementPrint:      1    -1     1 F T
 runElementPrint:      1     3     1 F T
 runElementPrint:      3    -1     3 F T
 runElementPrint:     -2    -1     0 F F
::
 NUOPC_DriverPrint for PET: 2
   Model, Mediator, and Driver components, in the order
   that they were added to the Driver:
 1 :  ATM
 2 :  OCN
 3 :  MED
   Connector components, in the order
   that they were added to the Driver:
 1 :  OCN-TO-MED
 2 :  MED-TO-OCN
 3 :  MED-TO-ATM
 4 :  ATM-TO-MED
NUOPC_RunSequenceArrayPrint: element     1 out of      2
runSeq::
 runElementPrint:      2     3     1 F T
 runElementPrint:      3    -1     1 F T
 runElementPrint:      3     2     1 F T
 runElementPrint:      2    -1     1 F T
 runElementPrint:     -2     0     0 F T
 runElementPrint:     -1    -1     0 F F
::
NUOPC_RunSequenceArrayPrint: element     2 out of      2
runSeq::
 runElementPrint:      3    -1     2 F T
 runElementPrint:      3     1     1 F T
 runElementPrint:      1    -1     1 F T
 runElementPrint:      1     3     1 F T
 runElementPrint:      3    -1     3 F T
 runElementPrint:     -2    -1     0 F F
::
 NUOPC_DriverPrint for PET: 3
   Model, Mediator, and Driver components, in the order
   that they were added to the Driver:
 1 :  ATM
 2 :  OCN
 3 :  MED
   Connector components, in the order
   that they were added to the Driver:
 1 :  OCN-TO-MED
 2 :  MED-TO-OCN
 3 :  MED-TO-ATM
 4 :  ATM-TO-MED
NUOPC_RunSequenceArrayPrint: element     1 out of      2
runSeq::
 runElementPrint:      2     3     1 F T
 runElementPrint:      3    -1     1 F T
 runElementPrint:      3     2     1 F T
 runElementPrint:      2    -1     1 F T
 runElementPrint:     -2     0     0 F T
 runElementPrint:     -1    -1     0 F F
::
NUOPC_RunSequenceArrayPrint: element     2 out of      2
runSeq::
 runElementPrint:      3    -1     2 F T
 runElementPrint:      3     1     1 F T
 runElementPrint:      1    -1     1 F T
 runElementPrint:      1     3     1 F T
 runElementPrint:      3    -1     3 F T
 runElementPrint:     -2    -1     0 F F
::
Runtime Error: /discover/nobackup/projects/gmao/SIteam/ESMF_Testing/nag_7.2.15_openmpi_g_develop/esmf/src/addon/NUOPC/src/NUOPC_Driver.F90, line 3269: Unexpected end of formaRuntime Error: /discover/nobackup/projects/gmao/SIteam/ESMF_Testing/nag_7.2.15_openmpi_g_develop/esmf/src/addon/NUOPC/src/NUOPC_Driver.F90, line 3269: Unexpected end of format spt specification
Program tecification
Runtime Error: /discover/nobackup/projects/gmao/SIteam/ESMF_Testing/nag_7.2.15_openmpi_g_develop/esmf/src/addon/NUOPC/src/NUOPC_Driver.F90, line 3269: Unexpected end of format specificationRuntime Error: /discover/nobackup/projects/gmao/SIteam/ESMF_Testing/nag_7.2.15_openmpi_g_develop/esmf/src/addon/NUOPC/src/NUOPC_Driver.F90, line 3269: Unexpected end of format specification
Progrerminated by I/O error on internal file
[borgl028:180992] *** Process received signal ***
[borgl028:180992] Signal: Aborted (6)
[borgl028:180992] Signal code:  (-6)
am terminated by I/O error on internal file
[borgl028:180991] *** Process received signal ***
[borgl028:180991] Signal: Aborted (6)
[borgl028:180991] Signal code:  (-6)
Program terminated by I/O error on internal file
[borgl028:180993] *** Process received signal ***
[borgl028:180993] Signal: Aborted (6)
[borgl028:180993] Signal code:  (-6)

Program terminated by I/O error on internal file
[borgl028:180994] *** Process received signal ***
[borgl028:180994] Signal: Aborted (6)
[borgl028:180994] Signal code:  (-6)
[borgl028:180992] [ 0] /lib64/libpthread.so.0(+0x16910)[0x14e449511910]
[borgl028:180992] [ 1] [borgl028:180991] [ 0] [borgl028:180993] [ 0] /lib64/libpthread.so.0(+0x16910)[0x14d12e551910]
/lib64/libpthread.so.0(+0x16910)[0x1480d92a6910]
[borgl028:180991] [ 1] /lib64/libc.so.6(gsignal+0x10d)[0x1480d90e3d2b]
/lib64/libc.so.6(gsignal+0x10d)[0x14e448c53d2b]
[borgl028:180992] [ 2] [borgl028:180994] [ 0] [borgl028:180991] [ 2] [borgl028:180993] [ 1] /lib64/libpthread.so.0(+0x16910)[0x14e6414fb910]
[borgl028:180994] [ 1] /lib64/libc.so.6(gsignal+0x10d)[0x14e640c53d2b]
[borgl028:180994] [ 2] /lib64/libc.so.6(abort+0x177)[0x1480d90e53e5]
[borgl028:180991] [ 3] ./esmApp(__NAGf90_io_abort+0x78)[0x45a718]
[borgl028:180991] [ 4] ./esmApp(__NAGf90_ioerr+0x1cd)[0x45ad7d]
[borgl028:180991] [ 5] /lib64/libc.so.6(abort+0x177)[0x14e448c553e5]
[borgl028:180992] [ 3] ./esmApp(__NAGf90_io_abort+0x78)[0x45a718]
[borgl028:180992] [ 4] ./esmApp(__NAGf90_ioerr+0x1cd)[0x45ad7d]
[borgl028:180992] [ 5] /lib64/libc.so.6(gsignal+0x10d)[0x14d12db07d2b]
[borgl028:180993] [ 2] /lib64/libc.so.6(abort+0x177)[0x14d12db093e5]
[borgl028:180993] [ 3] ./esmApp(__NAGf90_io_abort+0x78)[0x45a718]
[borgl028:180993] [ 4] ./esmApp(__NAGf90_ioerr+0x1cd)[0x45ad7d]
/discover/nobackup/projects/gmao/SIteam/comp/SLES-15/nag/7.2.15/lib/NAG_Fortran/libf72rts.so.1(__NAGf90_maybe_next_edit+0xe19)[0x14e448eaa629]
[borgl028:180992] [ 6] /lib64/libc.so.6(abort+0x177)[0x14e640c553e5]
[borgl028:180994] [ 3] ./esmApp(__NAGf90_io_abort+0x78)[0x45a718]
[borgl028:180994] [ 4] ./esmApp(__NAGf90_ioerr+0x1cd)[0x45ad7d]
[borgl028:180994] [ 5] /discover/nobackup/projects/gmao/SIteam/comp/SLES-15/nag/7.2.15/lib/NAG_Fortran/libf72rts.so.1(__NAGf90_maybe_next_edit+0xe19)[0x1480d94aa629]
[borgl028:180991] [ 6] [borgl028:180993] [ 5] /discover/nobackup/projects/gmao/SIteam/comp/SLES-15/nag/7.2.15/lib/NAG_Fortran/libf72rts.so.1(__NAGf90_maybe_next_edit+0xe19)[0x14d12deaa629]
[borgl028:180993] [ 6] /discover/nobackup/projects/gmao/SIteam/comp/SLES-15/nag/7.2.15/lib/NAG_Fortran/libf72rts.so.1(__NAGf90_maybe_next_edit+0xe19)[0x14e640eaa629]
[borgl028:180994] [ 6] /discover/nobackup/projects/gmao/SIteam/ESMF_Testing/nag_7.2.15_openmpi_g_develop/esmf/DEFAULTINSTALLDIR/lib/libg/Linux.nag.64.openmpi.default/libesmf.so(nuopc_driver_MP_loopdatadependentinitialize+0x4ab9)[0x14e44ba2c9a1]
[borgl028:180992] [ 7] /discover/nobackup/projects/gmao/SIteam/ESMF_Testing/nag_7.2.15_openmpi_g_develop/esmf/DEFAULTINSTALLDIR/lib/libg/Linux.nag.64.openmpi.default/libesmf.so(nuopc_driver_MP_loopdatadependentinitialize+0x4ab9)[0x1480dbea69a1]
[borgl028:180991] [ 7] /discover/nobackup/projects/gmao/SIteam/ESMF_Testing/nag_7.2.15_openmpi_g_develop/esmf/DEFAULTINSTALLDIR/lib/libg/Linux.nag.64.openmpi.default/libesmf.so(nuopc_driver_MP_loopdatadependentinitialize+0x4ab9)[0x14d1309209a1]
[borgl028:180993] [ 7] /discover/nobackup/projects/gmao/SIteam/ESMF_Testing/nag_7.2.15_openmpi_g_develop/esmf/DEFAULTINSTALLDIR/lib/libg/Linux.nag.64.openmpi.default/libesmf.so(nuopc_driver_MP_loopdatadependentinitialize+0x4ab9)[0x14e643a169a1]
[borgl028:180994] [ 7] /discover/nobackup/projects/gmao/SIteam/ESMF_Testing/nag_7.2.15_openmpi_g_develop/esmf/DEFAULTINSTALLDIR/lib/libg/Linux.nag.64.openmpi.default/libesmf.so(nuopc_driver_MP_initializeipdv02p5data+0x3675)[0x14e44ba40070]
[borgl028:180992] [ 8] /discover/nobackup/projects/gmao/SIteam/ESMF_Testing/nag_7.2.15_openmpi_g_develop/esmf/DEFAULTINSTALLDIR/lib/libg/Linux.nag.64.openmpi.default/libesmf.so(nuopc_driver_MP_initializeipdv02p5data+0x3675)[0x1480dbeba070]
[borgl028:180991] [ 8] /discover/nobackup/projects/gmao/SIteam/ESMF_Testing/nag_7.2.15_openmpi_g_develop/esmf/DEFAULTINSTALLDIR/lib/libg/Linux.nag.64.openmpi.default/libesmf.so(nuopc_driver_MP_initializeipdv02p5data+0x3675)[0x14d130934070]
[borgl028:180993] [ 8] /discover/nobackup/projects/gmao/SIteam/ESMF_Testing/nag_7.2.15_openmpi_g_develop/esmf/DEFAULTINSTALLDIR/lib/libg/Linux.nag.64.openmpi.default/libesmf.so(nuopc_driver_MP_initializeipdv02p5data+0x3675)[0x14e643a2a070]
[borgl028:180994] [ 8] /discover/nobackup/projects/gmao/SIteam/ESMF_Testing/nag_7.2.15_openmpi_g_develop/esmf/DEFAULTINSTALLDIR/lib/libg/Linux.nag.64.openmpi.default/libesmf.so(nuopc_driver_MP_initializeipdv02p5+0x4f1a)[0x14e44ba45f1d]
[borgl028:180992] [ 9] /discover/nobackup/projects/gmao/SIteam/ESMF_Testing/nag_7.2.15_openmpi_g_develop/esmf/DEFAULTINSTALLDIR/lib/libg/Linux.nag.64.openmpi.default/libesmf.so(nuopc_driver_MP_initializeipdv02p5+0x4f1a)[0x1480dbebff1d]
[borgl028:180991] [ 9] /discover/nobackup/projects/gmao/SIteam/ESMF_Testing/nag_7.2.15_openmpi_g_develop/esmf/DEFAULTINSTALLDIR/lib/libg/Linux.nag.64.openmpi.default/libesmf.so(nuopc_driver_MP_initializeipdv02p5+0x4f1a)[0x14d130939f1d]
[borgl028:180993] [ 9] /discover/nobackup/projects/gmao/SIteam/ESMF_Testing/nag_7.2.15_openmpi_g_develop/esmf/DEFAULTINSTALLDIR/lib/libg/Linux.nag.64.openmpi.default/libesmf.so(nuopc_driver_MP_initializeipdv02p5+0x4f1a)[0x14e643a2ff1d]
[borgl028:180994] [ 9] /discover/nobackup/projects/gmao/SIteam/ESMF_Testing/nag_7.2.15_openmpi_g_develop/esmf/DEFAULTINSTALLDIR/lib/libg/Linux.nag.64.openmpi.default/libesmf.so(nuopc_driver_MP_initializegeneric+0x1cbb)[0x1480dbeffdfc]
[borgl028:180991] [10] /discover/nobackup/projects/gmao/SIteam/ESMF_Testing/nag_7.2.15_openmpi_g_develop/esmf/DEFAULTINSTALLDIR/lib/libg/Linux.nag.64.openmpi.default/libesmf.so(nuopc_driver_MP_initializegeneric+0x1cbb)[0x14e44ba85dfc]
[borgl028:180992] [10] /discover/nobackup/projects/gmao/SIteam/ESMF_Testing/nag_7.2.15_openmpi_g_develop/esmf/DEFAULTINSTALLDIR/lib/libg/Linux.nag.64.openmpi.default/libesmf.so(nuopc_driver_MP_initializegeneric+0x1cbb)[0x14d130979dfc]
[borgl028:180993] [10] /discover/nobackup/projects/gmao/SIteam/ESMF_Testing/nag_7.2.15_openmpi_g_develop/esmf/DEFAULTINSTALLDIR/lib/libg/Linux.nag.64.openmpi.default/libesmf.so(nuopc_driver_MP_initializegeneric+0x1cbb)[0x14e643a6fdfc]
[borgl028:180994] [10] /discover/nobackup/projects/gmao/SIteam/ESMF_Testing/nag_7.2.15_openmpi_g_develop/esmf/DEFAULTINSTALLDIR/lib/libg/Linux.nag.64.openmpi.default/libesmf.so(_ZN5ESMCI6FTable12callVFuncPtrEPKcPNS_2VMEPi+0xc55)[0x14e44a9bf873]
[borgl028:180992] [11] /discover/nobackup/projects/gmao/SIteam/ESMF_Testing/nag_7.2.15_openmpi_g_develop/esmf/DEFAULTINSTALLDIR/lib/libg/Linux.nag.64.openmpi.default/libesmf.so(_ZN5ESMCI6FTable12callVFuncPtrEPKcPNS_2VMEPi+0xc55)[0x1480dae39873]
[borgl028:180991] [11] /discover/nobackup/projects/gmao/SIteam/ESMF_Testing/nag_7.2.15_openmpi_g_develop/esmf/DEFAULTINSTALLDIR/lib/libg/Linux.nag.64.openmpi.default/libesmf.so(_ZN5ESMCI6FTable12callVFuncPtrEPKcPNS_2VMEPi+0xc55)[0x14d12f8b3873]
[borgl028:180993] [11] /discover/nobackup/projects/gmao/SIteam/ESMF_Testing/nag_7.2.15_openmpi_g_develop/esmf/DEFAULTINSTALLDIR/lib/libg/Linux.nag.64.openmpi.default/libesmf.so(_ZN5ESMCI6FTable12callVFuncPtrEPKcPNS_2VMEPi+0xc55)[0x14e6429a9873]
[borgl028:180994] [11] /discover/nobackup/projects/gmao/SIteam/ESMF_Testing/nag_7.2.15_openmpi_g_develop/esmf/DEFAULTINSTALLDIR/lib/libg/Linux.nag.64.openmpi.default/libesmf.so(ESMCI_FTableCallEntryPointVMHop+0x32e)[0x1480dae36946]
[borgl028:180991] [12] /discover/nobackup/projects/gmao/SIteam/ESMF_Testing/nag_7.2.15_openmpi_g_develop/esmf/DEFAULTINSTALLDIR/lib/libg/Linux.nag.64.openmpi.default/libesmf.so(ESMCI_FTableCallEntryPointVMHop+0x32e)[0x14e44a9bc946]
[borgl028:180992] [12] /discover/nobackup/projects/gmao/SIteam/ESMF_Testing/nag_7.2.15_openmpi_g_develop/esmf/DEFAULTINSTALLDIR/lib/libg/Linux.nag.64.openmpi.default/libesmf.so(ESMCI_FTableCallEntryPointVMHop+0x32e)[0x14d12f8b0946]
[borgl028:180993] [12] /discover/nobackup/projects/gmao/SIteam/ESMF_Testing/nag_7.2.15_openmpi_g_develop/esmf/DEFAULTINSTALLDIR/lib/libg/Linux.nag.64.openmpi.default/libesmf.so(ESMCI_FTableCallEntryPointVMHop+0x32e)[0x14e6429a6946]
[borgl028:180994] [12] /discover/nobackup/projects/gmao/SIteam/ESMF_Testing/nag_7.2.15_openmpi_g_develop/esmf/DEFAULTINSTALLDIR/lib/libg/Linux.nag.64.openmpi.default/libesmf.so(_ZN5ESMCI3VMK5enterEPNS_7VMKPlanEPvS3_+0xd5)[0x14e44adc2d1b]
[borgl028:180992] [13] /discover/nobackup/projects/gmao/SIteam/ESMF_Testing/nag_7.2.15_openmpi_g_develop/esmf/DEFAULTINSTALLDIR/lib/libg/Linux.nag.64.openmpi.default/libesmf.so(_ZN5ESMCI3VMK5enterEPNS_7VMKPlanEPvS3_+0xd5)[0x1480db23cd1b]
[borgl028:180991] [13] /discover/nobackup/projects/gmao/SIteam/ESMF_Testing/nag_7.2.15_openmpi_g_develop/esmf/DEFAULTINSTALLDIR/lib/libg/Linux.nag.64.openmpi.default/libesmf.so(_ZN5ESMCI3VMK5enterEPNS_7VMKPlanEPvS3_+0xd5)[0x14d12fcb6d1b]
[borgl028:180993] [13] /discover/nobackup/projects/gmao/SIteam/ESMF_Testing/nag_7.2.15_openmpi_g_develop/esmf/DEFAULTINSTALLDIR/lib/libg/Linux.nag.64.openmpi.default/libesmf.so(_ZN5ESMCI3VMK5enterEPNS_7VMKPlanEPvS3_+0xd5)[0x14e642dacd1b]
[borgl028:180994] [13] /discover/nobackup/projects/gmao/SIteam/ESMF_Testing/nag_7.2.15_openmpi_g_develop/esmf/DEFAULTINSTALLDIR/lib/libg/Linux.nag.64.openmpi.default/libesmf.so(_ZN5ESMCI2VM5enterEPNS_6VMPlanEPvS3_+0xb7)[0x1480db226c35]
[borgl028:180991] [14] /discover/nobackup/projects/gmao/SIteam/ESMF_Testing/nag_7.2.15_openmpi_g_develop/esmf/DEFAULTINSTALLDIR/lib/libg/Linux.nag.64.openmpi.default/libesmf.so(_ZN5ESMCI2VM5enterEPNS_6VMPlanEPvS3_+0xb7)[0x14e44adacc35]
[borgl028:180992] [14] /discover/nobackup/projects/gmao/SIteam/ESMF_Testing/nag_7.2.15_openmpi_g_develop/esmf/DEFAULTINSTALLDIR/lib/libg/Linux.nag.64.openmpi.default/libesmf.so(_ZN5ESMCI2VM5enterEPNS_6VMPlanEPvS3_+0xb7)[0x14d12fca0c35]
[borgl028:180993] [14] /discover/nobackup/projects/gmao/SIteam/ESMF_Testing/nag_7.2.15_openmpi_g_develop/esmf/DEFAULTINSTALLDIR/lib/libg/Linux.nag.64.openmpi.default/libesmf.so(_ZN5ESMCI2VM5enterEPNS_6VMPlanEPvS3_+0xb7)[0x14e642d96c35]
[borgl028:180994] [14] /discover/nobackup/projects/gmao/SIteam/ESMF_Testing/nag_7.2.15_openmpi_g_develop/esmf/DEFAULTINSTALLDIR/lib/libg/Linux.nag.64.openmpi.default/libesmf.so(c_esmc_ftablecallentrypointvm_+0x35f)[0x1480dae36ddf]
[borgl028:180991] [15] /discover/nobackup/projects/gmao/SIteam/ESMF_Testing/nag_7.2.15_openmpi_g_develop/esmf/DEFAULTINSTALLDIR/lib/libg/Linux.nag.64.openmpi.default/libesmf.so(c_esmc_ftablecallentrypointvm_+0x35f)[0x14e44a9bcddf]
[borgl028:180992] [15] /discover/nobackup/projects/gmao/SIteam/ESMF_Testing/nag_7.2.15_openmpi_g_develop/esmf/DEFAULTINSTALLDIR/lib/libg/Linux.nag.64.openmpi.default/libesmf.so(c_esmc_ftablecallentrypointvm_+0x35f)[0x14d12f8b0ddf]
[borgl028:180993] [15] /discover/nobackup/projects/gmao/SIteam/ESMF_Testing/nag_7.2.15_openmpi_g_develop/esmf/DEFAULTINSTALLDIR/lib/libg/Linux.nag.64.openmpi.default/libesmf.so(c_esmc_ftablecallentrypointvm_+0x35f)[0x14e6429a6ddf]
[borgl028:180994] [15] /discover/nobackup/projects/gmao/SIteam/ESMF_Testing/nag_7.2.15_openmpi_g_develop/esmf/DEFAULTINSTALLDIR/lib/libg/Linux.nag.64.openmpi.default/libesmf.so(esmf_compmod_MP_esmf_compexecute+0xa3d)[0x1480db504f9c]
[borgl028:180991] [16] /discover/nobackup/projects/gmao/SIteam/ESMF_Testing/nag_7.2.15_openmpi_g_develop/esmf/DEFAULTINSTALLDIR/lib/libg/Linux.nag.64.openmpi.default/libesmf.so(esmf_compmod_MP_esmf_compexecute+0xa3d)[0x14e44b08af9c]
[borgl028:180992] [16] /discover/nobackup/projects/gmao/SIteam/ESMF_Testing/nag_7.2.15_openmpi_g_develop/esmf/DEFAULTINSTALLDIR/lib/libg/Linux.nag.64.openmpi.default/libesmf.so(esmf_compmod_MP_esmf_compexecute+0xa3d)[0x14e643074f9c]
[borgl028:180994] [16] /discover/nobackup/projects/gmao/SIteam/ESMF_Testing/nag_7.2.15_openmpi_g_develop/esmf/DEFAULTINSTALLDIR/lib/libg/Linux.nag.64.openmpi.default/libesmf.so(esmf_compmod_MP_esmf_compexecute+0xa3d)[0x14d12ff7ef9c]
[borgl028:180993] [16] /discover/nobackup/projects/gmao/SIteam/ESMF_Testing/nag_7.2.15_openmpi_g_develop/esmf/DEFAULTINSTALLDIR/lib/libg/Linux.nag.64.openmpi.default/libesmf.so(esmf_gridcompmod_MP_esmf_gridcompinitialize+0x176)[0x1480db8d8e46]
[borgl028:180991] [17] ./esmApp[0x495ab6]
[borgl028:180991] /discover/nobackup/projects/gmao/SIteam/ESMF_Testing/nag_7.2.15_openmpi_g_develop/esmf/DEFAULTINSTALLDIR/lib/libg/Linux.nag.64.openmpi.default/libesmf.so(esmf_gridcompmod_MP_esmf_gridcompinitialize+0x176)[0x14e44b45ee46]
[borgl028:180992] [17] ./esmApp[0x495ab6]
[borgl028:180992] [18] ./esmApp(__NAGf90_cosmp_init+0x123)[0x434983]
[borgl028:180992] [18] ./esmApp(__NAGf90_cosmp_init+0x123)[0x434983]
[borgl028:180991] [19] ./esmApp[0x495693]
[borgl028:180992] [20] /lib64/libc.so.6(__libc_start_main+0xef)[0x14e448c3e24d]
[borgl028:180992] [21] ./esmApp[0x40bdea]
[19] ./esmApp[0x495693]
[borgl028:180991] [20] /lib64/libc.so.6(__libc_start_main+0xef)[0x1480d90ce24d]
[borgl028:180991] [21] ./esmApp[0x40bdea]
/discover/nobackup/projects/gmao/SIteam/ESMF_Testing/nag_7.2.15_openmpi_g_develop/esmf/DEFAULTINSTALLDIR/lib/libg/Linux.nag.64.openmpi.default/libesmf.so(esmf_gridcompmod_MP_esmf_gridcompinitialize+0x176)[0x14d130352e46]
[borgl028:180993] [17] ./esmApp[0x495ab6]
[borgl028:180993] [18] ./esmApp(__NAGf90_cosmp_init+0x123)[0x434983]
[borgl028:180993] [19] ./esmApp[0x495693]
[borgl028:180993] [20] /discover/nobackup/projects/gmao/SIteam/ESMF_Testing/nag_7.2.15_openmpi_g_develop/esmf/DEFAULTINSTALLDIR/lib/libg/Linux.nag.64.openmpi.default/libesmf.so(esmf_gridcompmod_MP_esmf_gridcompinitialize+0x176)[0x14e643448e46]
[borgl028:180994] [17] ./esmApp[0x495ab6]
[borgl028:180994] [18] ./esmApp(__NAGf90_cosmp_init+0x123)[0x434983]
[borgl028:180994] [19] ./esmApp[0x495693]
[borgl028:180994] [20] [borgl028:180991] *** End of error message ***
[borgl028:180992] *** End of error message ***
/lib64/libc.so.6(__libc_start_main+0xef)[0x14e640c3e24d]
[borgl028:180994] [21] ./esmApp[0x40bdea]
[borgl028:180994] *** End of error message ***
/lib64/libc.so.6(__libc_start_main+0xef)[0x14d12daf224d]
[borgl028:180993] [21] ./esmApp[0x40bdea]
[borgl028:180993] *** End of error message ***
--------------------------------------------------------------------------
Primary job  terminated normally, but 1 process returned
a non-zero exit code. Per user-direction, the job has been aborted.
--------------------------------------------------------------------------
--------------------------------------------------------------------------
mpirun noticed that process rank 0 with PID 180991 on node borgl028 exited on signal 6 (Aborted).
--------------------------------------------------------------------------
