2024-10-10 23:38:03
Runtime Error: /discover/nobackup/projects/gmao/SIteam/ESMF_Testing/nag_7.2.15_openmpi_g_develop/esmf/src/addon/NUOPC/src/NUOPC_Driver.F90, line 3269: URuntime Error: /discover/nobackup/projects/gmao/SIteam/ESMF_Testing/nag_7.2.15_openmpi_g_develop/esmf/src/addon/NUOPC/src/NUOPC_Driver.F90, line 3269: Unexpected end of forRuntime Error: /discover/nobackup/projects/gmao/SIteam/ESMF_Testing/nag_7.2.15_openmpi_g_develop/esmf/src/addon/NUOPC/src/NUOPC_Driver.F90, line 3269: Unexpected end of format specificRuntime Error: /discover/nobackup/projects/gmao/SIteam/ESMF_Testing/nag_7.2.15_openmpi_g_develop/esmf/src/addon/NUOPC/src/NUOPC_Driver.F90, line 3269: Unexpected end of format specification
mat specification
Pration
Program terminexpected end of format specification
Program teProgram terminated by I/O errminated by I/O error on internal file
ogram terminated by I/O error on internal file
nated by I/O error on internal file
ror on internal file
[borgl172:122279] *** Process received signal ***
[borgl172:122279] Signal: Aborted (6)
[borgl172:122279] Signal code:  (-6)
[borgl172:122280] *** Process received signal ***
[borgl172:122280] Signal: Aborted (6)
[borgl172:122280] Signal code:  (-6)
[borgl172:122281] *** Process received signal ***
[borgl172:122282] *** Process received signal ***
[borgl172:122281] Signal: Aborted (6)
[borgl172:122281] Signal code:  (-6)
[borgl172:122282] Signal: Aborted (6)
[borgl172:122282] Signal code:  (-6)
[borgl172:122280] [ 0] [borgl172:122281] [ 0] /lib64/libpthread.so.0(+0x16910)[0x15234fdc8910]
[borgl172:122280] [ 1] /lib64/libpthread.so.0(+0x16910)[0x152d3d965910]
[borgl172:122281] [ 1] [borgl172:122279] [ 0] [borgl172:122282] [ 0] /lib64/libpthread.so.0(+0x16910)[0x151b7cdb2910]
/lib64/libpthread.so.0(+0x16910)[0x151df9ca6910]
[borgl172:122279] [ 1] /lib64/libc.so.6(gsignal+0x10d)[0x151df9ae3d2b]
[borgl172:122279] [ 2] /lib64/libc.so.6(gsignal+0x10d)[0x15234f307d2b]
[borgl172:122280] [ 2] /lib64/libc.so.6(abort+0x177)[0x15234f3093e5]
[borgl172:122280] [ 3] ./esmApp(__NAGf90_io_abort+0x78)[0x459fb8]
[borgl172:122282] [ 1] /lib64/libc.so.6(gsignal+0x10d)[0x151b7c307d2b]
[borgl172:122282] [ 2] /lib64/libc.so.6(gsignal+0x10d)[0x152d3d053d2b]
[borgl172:122281] [ 2] /lib64/libc.so.6(abort+0x177)[0x152d3d0553e5]
[borgl172:122281] [ 3] ./esmApp(__NAGf90_io_abort+0x78)[0x459fb8]
[borgl172:122281] [ 4] /lib64/libc.so.6(abort+0x177)[0x151b7c3093e5]
[borgl172:122282] [ 3] [borgl172:122280] [ 4] ./esmApp(__NAGf90_ioerr+0x1cd)[0x45a61d]
[borgl172:122280] [ 5] /lib64/libc.so.6(abort+0x177)[0x151df9ae53e5]
[borgl172:122279] [ 3] ./esmApp(__NAGf90_io_abort+0x78)[0x459fb8]
./esmApp(__NAGf90_ioerr+0x1cd)[0x45a61d]
[borgl172:122281] [ 5] [borgl172:122279] [ 4] ./esmApp(__NAGf90_ioerr+0x1cd)[0x45a61d]
[borgl172:122279] [ 5] /discover/nobackup/projects/gmao/SIteam/comp/SLES-15/nag/7.2.15/lib/NAG_Fortran/libf72rts.so.1(__NAGf90_maybe_next_edit+0xe19)[0x151df9eaa629]
[borgl172:122279] [ 6] ./esmApp(__NAGf90_io_abort+0x78)[0x459fb8]
[borgl172:122282] [ 4] ./esmApp(__NAGf90_ioerr+0x1cd)[0x45a61d]
[borgl172:122282] [ 5] /discover/nobackup/projects/gmao/SIteam/comp/SLES-15/nag/7.2.15/lib/NAG_Fortran/libf72rts.so.1(__NAGf90_maybe_next_edit+0xe19)[0x151b7c6aa629]
[borgl172:122282] [ 6] /discover/nobackup/projects/gmao/SIteam/comp/SLES-15/nag/7.2.15/lib/NAG_Fortran/libf72rts.so.1(__NAGf90_maybe_next_edit+0xe19)[0x15234f6aa629]
[borgl172:122280] [ 6] /discover/nobackup/projects/gmao/SIteam/comp/SLES-15/nag/7.2.15/lib/NAG_Fortran/libf72rts.so.1(__NAGf90_maybe_next_edit+0xe19)[0x152d3d2aa629]
[borgl172:122281] [ 6] /discover/nobackup/projects/gmao/SIteam/ESMF_Testing/nag_7.2.15_openmpi_g_develop/esmf/DEFAULTINSTALLDIR/lib/libg/Linux.nag.64.openmpi.default/libesmf.so(nuopc_driver_MP_loopdatadependentinitialize+0x4ab9)[0x1523521979a1]
[borgl172:122280] [ 7] /discover/nobackup/projects/gmao/SIteam/ESMF_Testing/nag_7.2.15_openmpi_g_develop/esmf/DEFAULTINSTALLDIR/lib/libg/Linux.nag.64.openmpi.default/libesmf.so(nuopc_driver_MP_loopdatadependentinitialize+0x4ab9)[0x152d3fe809a1]
[borgl172:122281] [ 7] /discover/nobackup/projects/gmao/SIteam/ESMF_Testing/nag_7.2.15_openmpi_g_develop/esmf/DEFAULTINSTALLDIR/lib/libg/Linux.nag.64.openmpi.default/libesmf.so(nuopc_driver_MP_loopdatadependentinitialize+0x4ab9)[0x151dfc8869a1]
[borgl172:122279] [ 7] /discover/nobackup/projects/gmao/SIteam/ESMF_Testing/nag_7.2.15_openmpi_g_develop/esmf/DEFAULTINSTALLDIR/lib/libg/Linux.nag.64.openmpi.default/libesmf.so(nuopc_driver_MP_loopdatadependentinitialize+0x4ab9)[0x151b7f1819a1]
[borgl172:122282] [ 7] /discover/nobackup/projects/gmao/SIteam/ESMF_Testing/nag_7.2.15_openmpi_g_develop/esmf/DEFAULTINSTALLDIR/lib/libg/Linux.nag.64.openmpi.default/libesmf.so(nuopc_driver_MP_initializeipdv02p5data+0x3675)[0x1523521ab070]
[borgl172:122280] [ 8] /discover/nobackup/projects/gmao/SIteam/ESMF_Testing/nag_7.2.15_openmpi_g_develop/esmf/DEFAULTINSTALLDIR/lib/libg/Linux.nag.64.openmpi.default/libesmf.so(nuopc_driver_MP_initializeipdv02p5data+0x3675)[0x152d3fe94070]
[borgl172:122281] [ 8] /discover/nobackup/projects/gmao/SIteam/ESMF_Testing/nag_7.2.15_openmpi_g_develop/esmf/DEFAULTINSTALLDIR/lib/libg/Linux.nag.64.openmpi.default/libesmf.so(nuopc_driver_MP_initializeipdv02p5data+0x3675)[0x151b7f195070]
[borgl172:122282] [ 8] /discover/nobackup/projects/gmao/SIteam/ESMF_Testing/nag_7.2.15_openmpi_g_develop/esmf/DEFAULTINSTALLDIR/lib/libg/Linux.nag.64.openmpi.default/libesmf.so(nuopc_driver_MP_initializeipdv02p5data+0x3675)[0x151dfc89a070]
[borgl172:122279] [ 8] /discover/nobackup/projects/gmao/SIteam/ESMF_Testing/nag_7.2.15_openmpi_g_develop/esmf/DEFAULTINSTALLDIR/lib/libg/Linux.nag.64.openmpi.default/libesmf.so(nuopc_driver_MP_initializeipdv02p5+0x4f1a)[0x152d3fe99f1d]
[borgl172:122281] [ 9] /discover/nobackup/projects/gmao/SIteam/ESMF_Testing/nag_7.2.15_openmpi_g_develop/esmf/DEFAULTINSTALLDIR/lib/libg/Linux.nag.64.openmpi.default/libesmf.so(nuopc_driver_MP_initializeipdv02p5+0x4f1a)[0x1523521b0f1d]
[borgl172:122280] [ 9] /discover/nobackup/projects/gmao/SIteam/ESMF_Testing/nag_7.2.15_openmpi_g_develop/esmf/DEFAULTINSTALLDIR/lib/libg/Linux.nag.64.openmpi.default/libesmf.so(nuopc_driver_MP_initializeipdv02p5+0x4f1a)[0x151dfc89ff1d]
[borgl172:122279] [ 9] /discover/nobackup/projects/gmao/SIteam/ESMF_Testing/nag_7.2.15_openmpi_g_develop/esmf/DEFAULTINSTALLDIR/lib/libg/Linux.nag.64.openmpi.default/libesmf.so(nuopc_driver_MP_initializeipdv02p5+0x4f1a)[0x151b7f19af1d]
[borgl172:122282] [ 9] /discover/nobackup/projects/gmao/SIteam/ESMF_Testing/nag_7.2.15_openmpi_g_develop/esmf/DEFAULTINSTALLDIR/lib/libg/Linux.nag.64.openmpi.default/libesmf.so(nuopc_driver_MP_initializegeneric+0x1cbb)[0x1523521f0dfc]
[borgl172:122280] [10] /discover/nobackup/projects/gmao/SIteam/ESMF_Testing/nag_7.2.15_openmpi_g_develop/esmf/DEFAULTINSTALLDIR/lib/libg/Linux.nag.64.openmpi.default/libesmf.so(nuopc_driver_MP_initializegeneric+0x1cbb)[0x152d3fed9dfc]
[borgl172:122281] [10] /discover/nobackup/projects/gmao/SIteam/ESMF_Testing/nag_7.2.15_openmpi_g_develop/esmf/DEFAULTINSTALLDIR/lib/libg/Linux.nag.64.openmpi.default/libesmf.so(nuopc_driver_MP_initializegeneric+0x1cbb)[0x151b7f1dadfc]
[borgl172:122282] [10] /discover/nobackup/projects/gmao/SIteam/ESMF_Testing/nag_7.2.15_openmpi_g_develop/esmf/DEFAULTINSTALLDIR/lib/libg/Linux.nag.64.openmpi.default/libesmf.so(nuopc_driver_MP_initializegeneric+0x1cbb)[0x151dfc8dfdfc]
[borgl172:122279] [10] /discover/nobackup/projects/gmao/SIteam/ESMF_Testing/nag_7.2.15_openmpi_g_develop/esmf/DEFAULTINSTALLDIR/lib/libg/Linux.nag.64.openmpi.default/libesmf.so(_ZN5ESMCI6FTable12callVFuncPtrEPKcPNS_2VMEPi+0xc55)[0x152d3ee13873]
[borgl172:122281] [11] /discover/nobackup/projects/gmao/SIteam/ESMF_Testing/nag_7.2.15_openmpi_g_develop/esmf/DEFAULTINSTALLDIR/lib/libg/Linux.nag.64.openmpi.default/libesmf.so(_ZN5ESMCI6FTable12callVFuncPtrEPKcPNS_2VMEPi+0xc55)[0x15235112a873]
[borgl172:122280] [11] /discover/nobackup/projects/gmao/SIteam/ESMF_Testing/nag_7.2.15_openmpi_g_develop/esmf/DEFAULTINSTALLDIR/lib/libg/Linux.nag.64.openmpi.default/libesmf.so(_ZN5ESMCI6FTable12callVFuncPtrEPKcPNS_2VMEPi+0xc55)[0x151b7e114873]
[borgl172:122282] [11] /discover/nobackup/projects/gmao/SIteam/ESMF_Testing/nag_7.2.15_openmpi_g_develop/esmf/DEFAULTINSTALLDIR/lib/libg/Linux.nag.64.openmpi.default/libesmf.so(_ZN5ESMCI6FTable12callVFuncPtrEPKcPNS_2VMEPi+0xc55)[0x151dfb819873]
[borgl172:122279] [11] /discover/nobackup/projects/gmao/SIteam/ESMF_Testing/nag_7.2.15_openmpi_g_develop/esmf/DEFAULTINSTALLDIR/lib/libg/Linux.nag.64.openmpi.default/libesmf.so(ESMCI_FTableCallEntryPointVMHop+0x32e)[0x152d3ee10946]
[borgl172:122281] [12] /discover/nobackup/projects/gmao/SIteam/ESMF_Testing/nag_7.2.15_openmpi_g_develop/esmf/DEFAULTINSTALLDIR/lib/libg/Linux.nag.64.openmpi.default/libesmf.so(ESMCI_FTableCallEntryPointVMHop+0x32e)[0x152351127946]
[borgl172:122280] [12] /discover/nobackup/projects/gmao/SIteam/ESMF_Testing/nag_7.2.15_openmpi_g_develop/esmf/DEFAULTINSTALLDIR/lib/libg/Linux.nag.64.openmpi.default/libesmf.so(ESMCI_FTableCallEntryPointVMHop+0x32e)[0x151b7e111946]
[borgl172:122282] [12] /discover/nobackup/projects/gmao/SIteam/ESMF_Testing/nag_7.2.15_openmpi_g_develop/esmf/DEFAULTINSTALLDIR/lib/libg/Linux.nag.64.openmpi.default/libesmf.so(ESMCI_FTableCallEntryPointVMHop+0x32e)[0x151dfb816946]
[borgl172:122279] [12] /discover/nobackup/projects/gmao/SIteam/ESMF_Testing/nag_7.2.15_openmpi_g_develop/esmf/DEFAULTINSTALLDIR/lib/libg/Linux.nag.64.openmpi.default/libesmf.so(_ZN5ESMCI3VMK5enterEPNS_7VMKPlanEPvS3_+0xd5)[0x15235152dd1b]
[borgl172:122280] [13] /discover/nobackup/projects/gmao/SIteam/ESMF_Testing/nag_7.2.15_openmpi_g_develop/esmf/DEFAULTINSTALLDIR/lib/libg/Linux.nag.64.openmpi.default/libesmf.so(_ZN5ESMCI3VMK5enterEPNS_7VMKPlanEPvS3_+0xd5)[0x152d3f216d1b]
[borgl172:122281] [13] /discover/nobackup/projects/gmao/SIteam/ESMF_Testing/nag_7.2.15_openmpi_g_develop/esmf/DEFAULTINSTALLDIR/lib/libg/Linux.nag.64.openmpi.default/libesmf.so(_ZN5ESMCI3VMK5enterEPNS_7VMKPlanEPvS3_+0xd5)[0x151b7e517d1b]
[borgl172:122282] [13] /discover/nobackup/projects/gmao/SIteam/ESMF_Testing/nag_7.2.15_openmpi_g_develop/esmf/DEFAULTINSTALLDIR/lib/libg/Linux.nag.64.openmpi.default/libesmf.so(_ZN5ESMCI3VMK5enterEPNS_7VMKPlanEPvS3_+0xd5)[0x151dfbc1cd1b]
[borgl172:122279] [13] /discover/nobackup/projects/gmao/SIteam/ESMF_Testing/nag_7.2.15_openmpi_g_develop/esmf/DEFAULTINSTALLDIR/lib/libg/Linux.nag.64.openmpi.default/libesmf.so(_ZN5ESMCI2VM5enterEPNS_6VMPlanEPvS3_+0xb7)[0x152d3f200c35]
[borgl172:122281] [14] /discover/nobackup/projects/gmao/SIteam/ESMF_Testing/nag_7.2.15_openmpi_g_develop/esmf/DEFAULTINSTALLDIR/lib/libg/Linux.nag.64.openmpi.default/libesmf.so(_ZN5ESMCI2VM5enterEPNS_6VMPlanEPvS3_+0xb7)[0x152351517c35]
[borgl172:122280] [14] /discover/nobackup/projects/gmao/SIteam/ESMF_Testing/nag_7.2.15_openmpi_g_develop/esmf/DEFAULTINSTALLDIR/lib/libg/Linux.nag.64.openmpi.default/libesmf.so(_ZN5ESMCI2VM5enterEPNS_6VMPlanEPvS3_+0xb7)[0x151b7e501c35]
[borgl172:122282] [14] /discover/nobackup/projects/gmao/SIteam/ESMF_Testing/nag_7.2.15_openmpi_g_develop/esmf/DEFAULTINSTALLDIR/lib/libg/Linux.nag.64.openmpi.default/libesmf.so(_ZN5ESMCI2VM5enterEPNS_6VMPlanEPvS3_+0xb7)[0x151dfbc06c35]
[borgl172:122279] [14] /discover/nobackup/projects/gmao/SIteam/ESMF_Testing/nag_7.2.15_openmpi_g_develop/esmf/DEFAULTINSTALLDIR/lib/libg/Linux.nag.64.openmpi.default/libesmf.so(c_esmc_ftablecallentrypointvm_+0x35f)[0x151b7e111ddf]
[borgl172:122282] [15] /discover/nobackup/projects/gmao/SIteam/ESMF_Testing/nag_7.2.15_openmpi_g_develop/esmf/DEFAULTINSTALLDIR/lib/libg/Linux.nag.64.openmpi.default/libesmf.so(c_esmc_ftablecallentrypointvm_+0x35f)[0x152d3ee10ddf]
[borgl172:122281] [15] /discover/nobackup/projects/gmao/SIteam/ESMF_Testing/nag_7.2.15_openmpi_g_develop/esmf/DEFAULTINSTALLDIR/lib/libg/Linux.nag.64.openmpi.default/libesmf.so(c_esmc_ftablecallentrypointvm_+0x35f)[0x152351127ddf]
[borgl172:122280] [15] /discover/nobackup/projects/gmao/SIteam/ESMF_Testing/nag_7.2.15_openmpi_g_develop/esmf/DEFAULTINSTALLDIR/lib/libg/Linux.nag.64.openmpi.default/libesmf.so(c_esmc_ftablecallentrypointvm_+0x35f)[0x151dfb816ddf]
[borgl172:122279] [15] /discover/nobackup/projects/gmao/SIteam/ESMF_Testing/nag_7.2.15_openmpi_g_develop/esmf/DEFAULTINSTALLDIR/lib/libg/Linux.nag.64.openmpi.default/libesmf.so(esmf_compmod_MP_esmf_compexecute+0xa3d)[0x152d3f4def9c]
[borgl172:122281] [16] /discover/nobackup/projects/gmao/SIteam/ESMF_Testing/nag_7.2.15_openmpi_g_develop/esmf/DEFAULTINSTALLDIR/lib/libg/Linux.nag.64.openmpi.default/libesmf.so(esmf_compmod_MP_esmf_compexecute+0xa3d)[0x1523517f5f9c]
[borgl172:122280] [16] /discover/nobackup/projects/gmao/SIteam/ESMF_Testing/nag_7.2.15_openmpi_g_develop/esmf/DEFAULTINSTALLDIR/lib/libg/Linux.nag.64.openmpi.default/libesmf.so(esmf_compmod_MP_esmf_compexecute+0xa3d)[0x151b7e7dff9c]
[borgl172:122282] [16] /discover/nobackup/projects/gmao/SIteam/ESMF_Testing/nag_7.2.15_openmpi_g_develop/esmf/DEFAULTINSTALLDIR/lib/libg/Linux.nag.64.openmpi.default/libesmf.so(esmf_compmod_MP_esmf_compexecute+0xa3d)[0x151dfbee4f9c]
[borgl172:122279] [16] /discover/nobackup/projects/gmao/SIteam/ESMF_Testing/nag_7.2.15_openmpi_g_develop/esmf/DEFAULTINSTALLDIR/lib/libg/Linux.nag.64.openmpi.default/libesmf.so(esmf_gridcompmod_MP_esmf_gridcompinitialize+0x176)[0x152351bc9e46]
[borgl172:122280] [17] ./esmApp[0x495356]
[borgl172:122280] [18] /discover/nobackup/projects/gmao/SIteam/ESMF_Testing/nag_7.2.15_openmpi_g_develop/esmf/DEFAULTINSTALLDIR/lib/libg/Linux.nag.64.openmpi.default/libesmf.so(esmf_gridcompmod_MP_esmf_gridcompinitialize+0x176)[0x151b7ebb3e46]
[borgl172:122282] [17] ./esmApp[0x495356]
[borgl172:122282] [18] /discover/nobackup/projects/gmao/SIteam/ESMF_Testing/nag_7.2.15_openmpi_g_develop/esmf/DEFAULTINSTALLDIR/lib/libg/Linux.nag.64.openmpi.default/libesmf.so(esmf_gridcompmod_MP_esmf_gridcompinitialize+0x176)[0x152d3f8b2e46]
[borgl172:122281] [17] ./esmApp[0x495356]
[borgl172:122281] [18] ./esmApp(__NAGf90_cosmp_init+0x123)[0x434223]
[borgl172:122281] ./esmApp(__NAGf90_cosmp_init+0x123)[0x434223]
[borgl172:122280] [19] ./esmApp[0x494f33]
[borgl172:122280] [20] ./esmApp(__NAGf90_cosmp_init+0x123)[0x434223]
[borgl172:122282] [19] ./esmApp[0x494f33]
/discover/nobackup/projects/gmao/SIteam/ESMF_Testing/nag_7.2.15_openmpi_g_develop/esmf/DEFAULTINSTALLDIR/lib/libg/Linux.nag.64.openmpi.default/libesmf.so(esmf_gridcompmod_MP_esmf_gridcompinitialize+0x176)[0x151dfc2b8e46]
[borgl172:122279] [17] ./esmApp[0x495356]
[borgl172:122279] [18] [19] ./esmApp[0x494f33]
[borgl172:122281] [20] /lib64/libc.so.6(__libc_start_main+0xef)[0x15234f2f224d]
[borgl172:122280] [21] ./esmApp[0x40b68a]
[borgl172:122280] *** End of error message ***
[borgl172:122282] [20] /lib64/libc.so.6(__libc_start_main+0xef)[0x151b7c2f224d]
[borgl172:122282] [21] ./esmApp[0x40b68a]
[borgl172:122282] *** End of error message ***
/lib64/libc.so.6(__libc_start_main+0xef)[0x152d3d03e24d]
[borgl172:122281] [21] ./esmApp[0x40b68a]
[borgl172:122281] *** End of error message ***
./esmApp(__NAGf90_cosmp_init+0x123)[0x434223]
[borgl172:122279] [19] ./esmApp[0x494f33]
[borgl172:122279] [20] /lib64/libc.so.6(__libc_start_main+0xef)[0x151df9ace24d]
[borgl172:122279] [21] ./esmApp[0x40b68a]
[borgl172:122279] *** End of error message ***
--------------------------------------------------------------------------
Primary job  terminated normally, but 1 process returned
a non-zero exit code. Per user-direction, the job has been aborted.
--------------------------------------------------------------------------
--------------------------------------------------------------------------
mpirun noticed that process rank 3 with PID 122282 on node borgl172 exited on signal 6 (Aborted).
--------------------------------------------------------------------------
