2024-10-16 22:55:14
Runtime Error: /discover/nobackup/projects/gmao/SIteam/ESMF_Testing/nag_7.2.15_openmpi_g_develop/esmf/src/addon/NUOPC/src/NUOPC_Driver.F90, line 2430: ExpectedRuntime Error: /discover/nobackup/projects/gmao/SIteam/ESMF_Testing/nag_7.2.15_openmpi_g_develop/esmf/src/addon/NUOPC/src/NUOPC_Driver.F90, line 2430: Expected integer literal constant in form integer literal constant in format spat specification
ecification
Program terminated by I/O error on internal file
Program terminated by I/O error on internal file
Runtime Error: /discover/nobackup/projects/gmao/SIteam/ESMF_Testing/nag_7.2.15_openmpi_g_develop/esmf/src/addon/NUOPC/src/NUOPC_Driver.F90, line 2430: Expected integer literal coRuntime Error: /discover/nobackup/projects/gmao/SIteam/ESMF_Testing/nag_7.2.15_openmpi_g_develop/esmf/src/addon/NUOPC/src/NUOPC_Driver.F90, line 2430: Expected integer literal constanstant in format specint in format sfication
Program terminated by I/O error on internal file
[borgj118:255419] *** Process received signal ***
[borgj118:255419] Signal: Aborted (6)
[borgj118:255419] Signal code:  (-6)
[borgj118:255418] *** Process received signal ***
[borgj118:255418] Signal: Aborted (6)
[borgj118:255418] Signal code:  (-6)
pecification
Program terminated by I/O error on internal file
[borgj118:255418] [ 0] /lib64/libpthread.so.0(+0x16910)[0x14da8b7d4910]
[borgj118:255418] [ 1] [borgj118:255419] [ 0] /lib64/libpthread.so.0(+0x16910)[0x1486078dc910]
[borgj118:255419] [ 1] /lib64/libc.so.6(gsignal+0x10d)[0x148606f07d2b]
[borgj118:255419] [ 2] [borgj118:255416] *** Process received signal ***
[borgj118:255416] Signal: Aborted (6)
[borgj118:255416] Signal code:  (-6)
[borgj118:255417] *** Process received signal ***
/lib64/libc.so.6(gsignal+0x10d)[0x14da8ad07d2b]
[borgj118:255418] [ 2] [borgj118:255417] Signal: Aborted (6)
[borgj118:255417] Signal code:  (-6)
/lib64/libc.so.6(abort+0x177)[0x14da8ad093e5]
[borgj118:255418] [ 3] ./externalApp(__NAGf90_io_abort+0x78)[0x45aa88]
[borgj118:255418] [ 4] ./externalApp(__NAGf90_ioerr+0x1cd)[0x45b0ed]
[borgj118:255418] [ 5] /discover/nobackup/projects/gmao/SIteam/comp/SLES-15/nag/7.2.15/lib/NAG_Fortran/libf72rts.so.1(__NAGf90_maybe_next_edit+0xe19)[0x14da8b0aa629]
[borgj118:255418] [ 6] /lib64/libc.so.6(abort+0x177)[0x148606f093e5]
[borgj118:255419] [ 3] ./externalApp(__NAGf90_io_abort+0x78)[0x45aa88]
[borgj118:255419] [ 4] ./externalApp(__NAGf90_ioerr+0x1cd)[0x45b0ed]
[borgj118:255419] [ 5] /discover/nobackup/projects/gmao/SIteam/comp/SLES-15/nag/7.2.15/lib/NAG_Fortran/libf72rts.so.1(__NAGf90_maybe_next_edit+0xe19)[0x1486072aa629]
[borgj118:255419] [ 6] [borgj118:255416] [ 0] /lib64/libpthread.so.0(+0x16910)[0x151e5190b910]
[borgj118:255416] [ 1] /lib64/libc.so.6(gsignal+0x10d)[0x151e51053d2b]
[borgj118:255416] [ 2] [borgj118:255417] [ 0] /lib64/libpthread.so.0(+0x16910)[0x146b90b1d910]
[borgj118:255417] [ 1] /lib64/libc.so.6(abort+0x177)[0x151e510553e5]
[borgj118:255416] [ 3] ./externalApp(__NAGf90_io_abort+0x78)[0x45aa88]
[borgj118:255416] [ 4] ./externalApp(__NAGf90_ioerr+0x1cd)[0x45b0ed]
[borgj118:255416] [ 5] /discover/nobackup/projects/gmao/SIteam/comp/SLES-15/nag/7.2.15/lib/NAG_Fortran/libf72rts.so.1(__NAGf90_maybe_next_edit+0xe19)[0x151e512aa629]
[borgj118:255416] [ 6] /lib64/libc.so.6(gsignal+0x10d)[0x146b90107d2b]
[borgj118:255417] [ 2] /lib64/libc.so.6(abort+0x177)[0x146b901093e5]
[borgj118:255417] [ 3] ./externalApp(__NAGf90_io_abort+0x78)[0x45aa88]
[borgj118:255417] [ 4] ./externalApp(__NAGf90_ioerr+0x1cd)[0x45b0ed]
[borgj118:255417] [ 5] /discover/nobackup/projects/gmao/SIteam/comp/SLES-15/nag/7.2.15/lib/NAG_Fortran/libf72rts.so.1(__NAGf90_maybe_next_edit+0xe19)[0x146b904aa629]
[borgj118:255417] [ 6] /discover/nobackup/projects/gmao/SIteam/ESMF_Testing/nag_7.2.15_openmpi_g_develop/esmf/DEFAULTINSTALLDIR/lib/libg/Linux.nag.64.openmpi.default/libesmf.so(nuopc_driver_MP_initializeipdv02p5+0x4700)[0x148609cc6e23]
[borgj118:255419] [ 7] /discover/nobackup/projects/gmao/SIteam/ESMF_Testing/nag_7.2.15_openmpi_g_develop/esmf/DEFAULTINSTALLDIR/lib/libg/Linux.nag.64.openmpi.default/libesmf.so(nuopc_driver_MP_initializeipdv02p5+0x4700)[0x14da8dbbee23]
[borgj118:255418] [ 7] /discover/nobackup/projects/gmao/SIteam/ESMF_Testing/nag_7.2.15_openmpi_g_develop/esmf/DEFAULTINSTALLDIR/lib/libg/Linux.nag.64.openmpi.default/libesmf.so(nuopc_driver_MP_initializeipdv02p5+0x4700)[0x146b92f07e23]
[borgj118:255417] [ 7] /discover/nobackup/projects/gmao/SIteam/ESMF_Testing/nag_7.2.15_openmpi_g_develop/esmf/DEFAULTINSTALLDIR/lib/libg/Linux.nag.64.openmpi.default/libesmf.so(nuopc_driver_MP_initializeipdv02p5+0x4700)[0x151e53e41e23]
[borgj118:255416] [ 7] /discover/nobackup/projects/gmao/SIteam/ESMF_Testing/nag_7.2.15_openmpi_g_develop/esmf/DEFAULTINSTALLDIR/lib/libg/Linux.nag.64.openmpi.default/libesmf.so(_ZN5ESMCI6FTable12callVFuncPtrEPKcPNS_2VMEPi+0xc55)[0x148608c3ea13]
[borgj118:255419] [ 8] /discover/nobackup/projects/gmao/SIteam/ESMF_Testing/nag_7.2.15_openmpi_g_develop/esmf/DEFAULTINSTALLDIR/lib/libg/Linux.nag.64.openmpi.default/libesmf.so(_ZN5ESMCI6FTable12callVFuncPtrEPKcPNS_2VMEPi+0xc55)[0x14da8cb36a13]
[borgj118:255418] [ 8] /discover/nobackup/projects/gmao/SIteam/ESMF_Testing/nag_7.2.15_openmpi_g_develop/esmf/DEFAULTINSTALLDIR/lib/libg/Linux.nag.64.openmpi.default/libesmf.so(_ZN5ESMCI6FTable12callVFuncPtrEPKcPNS_2VMEPi+0xc55)[0x151e52db9a13]
[borgj118:255416] [ 8] /discover/nobackup/projects/gmao/SIteam/ESMF_Testing/nag_7.2.15_openmpi_g_develop/esmf/DEFAULTINSTALLDIR/lib/libg/Linux.nag.64.openmpi.default/libesmf.so(_ZN5ESMCI6FTable12callVFuncPtrEPKcPNS_2VMEPi+0xc55)[0x146b91e7fa13]
[borgj118:255417] [ 8] /discover/nobackup/projects/gmao/SIteam/ESMF_Testing/nag_7.2.15_openmpi_g_develop/esmf/DEFAULTINSTALLDIR/lib/libg/Linux.nag.64.openmpi.default/libesmf.so(ESMCI_FTableCallEntryPointVMHop+0x32e)[0x14da8cb33ae6]
[borgj118:255418] [ 9] /discover/nobackup/projects/gmao/SIteam/ESMF_Testing/nag_7.2.15_openmpi_g_develop/esmf/DEFAULTINSTALLDIR/lib/libg/Linux.nag.64.openmpi.default/libesmf.so(ESMCI_FTableCallEntryPointVMHop+0x32e)[0x148608c3bae6]
[borgj118:255419] [ 9] /discover/nobackup/projects/gmao/SIteam/ESMF_Testing/nag_7.2.15_openmpi_g_develop/esmf/DEFAULTINSTALLDIR/lib/libg/Linux.nag.64.openmpi.default/libesmf.so(ESMCI_FTableCallEntryPointVMHop+0x32e)[0x151e52db6ae6]
[borgj118:255416] [ 9] /discover/nobackup/projects/gmao/SIteam/ESMF_Testing/nag_7.2.15_openmpi_g_develop/esmf/DEFAULTINSTALLDIR/lib/libg/Linux.nag.64.openmpi.default/libesmf.so(ESMCI_FTableCallEntryPointVMHop+0x32e)[0x146b91e7cae6]
[borgj118:255417] [ 9] /discover/nobackup/projects/gmao/SIteam/ESMF_Testing/nag_7.2.15_openmpi_g_develop/esmf/DEFAULTINSTALLDIR/lib/libg/Linux.nag.64.openmpi.default/libesmf.so(_ZN5ESMCI3VMK5enterEPNS_7VMKPlanEPvS3_+0xd5)[0x14da8cf39ebb]
[borgj118:255418] [10] /discover/nobackup/projects/gmao/SIteam/ESMF_Testing/nag_7.2.15_openmpi_g_develop/esmf/DEFAULTINSTALLDIR/lib/libg/Linux.nag.64.openmpi.default/libesmf.so(_ZN5ESMCI3VMK5enterEPNS_7VMKPlanEPvS3_+0xd5)[0x148609041ebb]
[borgj118:255419] [10] /discover/nobackup/projects/gmao/SIteam/ESMF_Testing/nag_7.2.15_openmpi_g_develop/esmf/DEFAULTINSTALLDIR/lib/libg/Linux.nag.64.openmpi.default/libesmf.so(_ZN5ESMCI3VMK5enterEPNS_7VMKPlanEPvS3_+0xd5)[0x151e531bcebb]
[borgj118:255416] [10] /discover/nobackup/projects/gmao/SIteam/ESMF_Testing/nag_7.2.15_openmpi_g_develop/esmf/DEFAULTINSTALLDIR/lib/libg/Linux.nag.64.openmpi.default/libesmf.so(_ZN5ESMCI3VMK5enterEPNS_7VMKPlanEPvS3_+0xd5)[0x146b92282ebb]
[borgj118:255417] [10] /discover/nobackup/projects/gmao/SIteam/ESMF_Testing/nag_7.2.15_openmpi_g_develop/esmf/DEFAULTINSTALLDIR/lib/libg/Linux.nag.64.openmpi.default/libesmf.so(_ZN5ESMCI2VM5enterEPNS_6VMPlanEPvS3_+0xb7)[0x14860902bdd5]
[borgj118:255419] [11] /discover/nobackup/projects/gmao/SIteam/ESMF_Testing/nag_7.2.15_openmpi_g_develop/esmf/DEFAULTINSTALLDIR/lib/libg/Linux.nag.64.openmpi.default/libesmf.so(_ZN5ESMCI2VM5enterEPNS_6VMPlanEPvS3_+0xb7)[0x14da8cf23dd5]
[borgj118:255418] [11] /discover/nobackup/projects/gmao/SIteam/ESMF_Testing/nag_7.2.15_openmpi_g_develop/esmf/DEFAULTINSTALLDIR/lib/libg/Linux.nag.64.openmpi.default/libesmf.so(_ZN5ESMCI2VM5enterEPNS_6VMPlanEPvS3_+0xb7)[0x151e531a6dd5]
[borgj118:255416] [11] /discover/nobackup/projects/gmao/SIteam/ESMF_Testing/nag_7.2.15_openmpi_g_develop/esmf/DEFAULTINSTALLDIR/lib/libg/Linux.nag.64.openmpi.default/libesmf.so(_ZN5ESMCI2VM5enterEPNS_6VMPlanEPvS3_+0xb7)[0x146b9226cdd5]
[borgj118:255417] [11] /discover/nobackup/projects/gmao/SIteam/ESMF_Testing/nag_7.2.15_openmpi_g_develop/esmf/DEFAULTINSTALLDIR/lib/libg/Linux.nag.64.openmpi.default/libesmf.so(c_esmc_ftablecallentrypointvm_+0x35f)[0x148608c3bf7f]
[borgj118:255419] [12] /discover/nobackup/projects/gmao/SIteam/ESMF_Testing/nag_7.2.15_openmpi_g_develop/esmf/DEFAULTINSTALLDIR/lib/libg/Linux.nag.64.openmpi.default/libesmf.so(c_esmc_ftablecallentrypointvm_+0x35f)[0x14da8cb33f7f]
[borgj118:255418] [12] /discover/nobackup/projects/gmao/SIteam/ESMF_Testing/nag_7.2.15_openmpi_g_develop/esmf/DEFAULTINSTALLDIR/lib/libg/Linux.nag.64.openmpi.default/libesmf.so(c_esmc_ftablecallentrypointvm_+0x35f)[0x151e52db6f7f]
[borgj118:255416] [12] /discover/nobackup/projects/gmao/SIteam/ESMF_Testing/nag_7.2.15_openmpi_g_develop/esmf/DEFAULTINSTALLDIR/lib/libg/Linux.nag.64.openmpi.default/libesmf.so(c_esmc_ftablecallentrypointvm_+0x35f)[0x146b91e7cf7f]
[borgj118:255417] [12] /discover/nobackup/projects/gmao/SIteam/ESMF_Testing/nag_7.2.15_openmpi_g_develop/esmf/DEFAULTINSTALLDIR/lib/libg/Linux.nag.64.openmpi.default/libesmf.so(esmf_compmod_MP_esmf_compexecute+0xa6b)[0x14860930c579]
[borgj118:255419] [13] /discover/nobackup/projects/gmao/SIteam/ESMF_Testing/nag_7.2.15_openmpi_g_develop/esmf/DEFAULTINSTALLDIR/lib/libg/Linux.nag.64.openmpi.default/libesmf.so(esmf_compmod_MP_esmf_compexecute+0xa6b)[0x14da8d204579]
[borgj118:255418] [13] /discover/nobackup/projects/gmao/SIteam/ESMF_Testing/nag_7.2.15_openmpi_g_develop/esmf/DEFAULTINSTALLDIR/lib/libg/Linux.nag.64.openmpi.default/libesmf.so(esmf_compmod_MP_esmf_compexecute+0xa6b)[0x151e53487579]
[borgj118:255416] [13] /discover/nobackup/projects/gmao/SIteam/ESMF_Testing/nag_7.2.15_openmpi_g_develop/esmf/DEFAULTINSTALLDIR/lib/libg/Linux.nag.64.openmpi.default/libesmf.so(esmf_compmod_MP_esmf_compexecute+0xa6b)[0x146b9254d579]
[borgj118:255417] [13] /discover/nobackup/projects/gmao/SIteam/ESMF_Testing/nag_7.2.15_openmpi_g_develop/esmf/DEFAULTINSTALLDIR/lib/libg/Linux.nag.64.openmpi.default/libesmf.so(esmf_gridcompmod_MP_esmf_gridcompinitialize+0x176)[0x1486096e02a6]
[borgj118:255419] [14] ./externalApp[0x497fd1]
[borgj118:255419] [15] ./externalApp[0x4961bc]
[borgj118:255419] [16] /discover/nobackup/projects/gmao/SIteam/ESMF_Testing/nag_7.2.15_openmpi_g_develop/esmf/DEFAULTINSTALLDIR/lib/libg/Linux.nag.64.openmpi.default/libesmf.so(esmf_gridcompmod_MP_esmf_gridcompinitialize+0x176)[0x14da8d5d82a6]
[borgj118:255418] [14] ./externalApp[0x497fd1]
./externalApp[0x495ba8]
[borgj118:255419] [17] ./externalApp(__NAGf90_cosmp_init+0x123)[0x434cf3]
[borgj118:255418] [15] ./externalApp[0x4961bc]
[borgj118:255418] [16] ./externalApp[0x495ba8]
[borgj118:255418] [17] ./externalApp(__NAGf90_cosmp_init+0x123)[0x434cf3]
[borgj118:255418] [18] ./externalApp[0x495a03]
[borgj118:255418] [19] [borgj118:255419] [18] ./externalApp[0x495a03]
[borgj118:255419] [19] /lib64/libc.so.6(__libc_start_main+0xef)[0x148606ef224d]
[borgj118:255419] [20] ./externalApp[0x40c15a]
/lib64/libc.so.6(__libc_start_main+0xef)[0x14da8acf224d]
[borgj118:255418] [20] ./externalApp[0x40c15a]
[borgj118:255418] *** End of error message ***
[borgj118:255419] *** End of error message ***
/discover/nobackup/projects/gmao/SIteam/ESMF_Testing/nag_7.2.15_openmpi_g_develop/esmf/DEFAULTINSTALLDIR/lib/libg/Linux.nag.64.openmpi.default/libesmf.so(esmf_gridcompmod_MP_esmf_gridcompinitialize+0x176)[0x151e5385b2a6]
[borgj118:255416] [14] ./externalApp[0x497fd1]
[borgj118:255416] [15] ./externalApp[0x495d8e]
[borgj118:255416] [16] ./externalApp[0x495b5d]
[borgj118:255416] [17] ./externalApp(__NAGf90_cosmp_init+0x123)[0x434cf3]
[borgj118:255416] [18] ./externalApp[0x495a03]
[borgj118:255416] [19] /discover/nobackup/projects/gmao/SIteam/ESMF_Testing/nag_7.2.15_openmpi_g_develop/esmf/DEFAULTINSTALLDIR/lib/libg/Linux.nag.64.openmpi.default/libesmf.so(esmf_gridcompmod_MP_esmf_gridcompinitialize+0x176)[0x146b929212a6]
[borgj118:255417] [14] /lib64/libc.so.6(__libc_start_main+0xef)[0x151e5103e24d]
[borgj118:255416] [20] ./externalApp[0x40c15a]
[borgj118:255416] *** End of error message ***
./externalApp[0x497fd1]
[borgj118:255417] [15] ./externalApp[0x495d8e]
[borgj118:255417] [16] ./externalApp[0x495b5d]
[borgj118:255417] [17] ./externalApp(__NAGf90_cosmp_init+0x123)[0x434cf3]
[borgj118:255417] [18] ./externalApp[0x495a03]
[borgj118:255417] [19] /lib64/libc.so.6(__libc_start_main+0xef)[0x146b900f224d]
[borgj118:255417] [20] ./externalApp[0x40c15a]
[borgj118:255417] *** End of error message ***
--------------------------------------------------------------------------
Primary job  terminated normally, but 1 process returned
a non-zero exit code. Per user-direction, the job has been aborted.
--------------------------------------------------------------------------
--------------------------------------------------------------------------
mpirun noticed that process rank 3 with PID 255419 on node borgj118 exited on signal 6 (Aborted).
--------------------------------------------------------------------------
