2024-10-14 22:30:59
Runtime Error: /discover/nobackup/projects/gmao/SIteam/ESMF_Testing/nag_7.2.15_openmpi_g_develop/esmf/src/addon/NUOPC/src/NUOPC_Driver.F90, line 2430: Expected integer literal constantRuntime Error: /discover/nobackup/projects/gmao/SIteam/ESMF_Testing/nag_7.2.15_openmpi_g_develop/esmf/src/addon/NUOPC/src/NUOPC_Driver.F90, line 2430: Expected integer literal constan in format specification
Program terminatt in format specification
Program terminated by I/O error on internal file
ed by I/O error on internal file
Runtime Error: /discover/nobackup/projects/gmao/SIteam/ESMF_Testing/nag_7.2.15_openmpi_g_develop/esmf/src/addon/NUOPC/src/NUOPC_Driver.F90, line 2430: Runtime Error: /discover/nobackup/projects/gmao/SIteam/ESMF_Testing/nag_7.2.15_openmpi_g_develop/esmf/src/addon/NUOPC/src/NUOPC_Driver.F90, line 2430: Expected integer literal constant in format sExpected integer literal constant in format sppecification[borgj183:21853] *** Process received signal ***
[borgj183:21853] Signal: Aborted (6)
[borgj183:21853] Signal code:  (-6)
ecification
Program terminated by I/O error on i
Program terminated by I/O error on internal filnternal fe
ile
[borgj183:21854] *** Process received signal ***
[borgj183:21854] Signal: Aborted (6)
[borgj183:21854] Signal code:  (-6)
[borgj183:21853] [ 0] /lib64/libpthread.so.0(+0x16910)[0x14aa1ed46910]
[borgj183:21854] [ 0] [borgj183:21853] [ 1] /lib64/libpthread.so.0(+0x16910)[0x1486b13f2910]
[borgj183:21854] [ 1] /lib64/libc.so.6(gsignal+0x10d)[0x1486b122fd2b]
[borgj183:21854] [ 2] /lib64/libc.so.6(gsignal+0x10d)[0x14aa1e453d2b]
[borgj183:21853] [ 2] /lib64/libc.so.6(abort+0x177)[0x14aa1e4553e5]
[borgj183:21853] [ 3] ./externalApp(__NAGf90_io_abort+0x78)[0x45a498]
[borgj183:21853] [ 4] ./externalApp(__NAGf90_ioerr+0x1cd)[0x45aafd]
[borgj183:21853] [ 5] /lib64/libc.so.6(abort+0x177)[0x1486b12313e5]
[borgj183:21854] [ 3] ./externalApp(__NAGf90_io_abort+0x78)[0x45a498]
[borgj183:21854] [ 4] ./externalApp(__NAGf90_ioerr+0x1cd)[0x45aafd]
[borgj183:21854] [ 5] [borgj183:21837] *** Process received signal ***
[borgj183:21837] Signal: Aborted (6)
[borgj183:21837] Signal code:  (-6)
[borgj183:21852] *** Process received signal ***
[borgj183:21852] Signal: Aborted (6)
[borgj183:21852] Signal code:  (-6)
/discover/nobackup/projects/gmao/SIteam/comp/SLES-15/nag/7.2.15/lib/NAG_Fortran/libf72rts.so.1(__NAGf90_maybe_next_edit+0xe19)[0x14aa1e6aa629]
[borgj183:21853] [ 6] /discover/nobackup/projects/gmao/SIteam/comp/SLES-15/nag/7.2.15/lib/NAG_Fortran/libf72rts.so.1(__NAGf90_maybe_next_edit+0xe19)[0x1486b14aa629]
[borgj183:21854] [ 6] [borgj183:21837] [ 0] [borgj183:21852] [ 0] /lib64/libpthread.so.0(+0x16910)[0x14e3bbf04910]
[borgj183:21837] [ 1] /lib64/libc.so.6(gsignal+0x10d)[0x14e3bb653d2b]
[borgj183:21837] [ 2] /lib64/libpthread.so.0(+0x16910)[0x149936550910]
[borgj183:21852] [ 1] /lib64/libc.so.6(gsignal+0x10d)[0x149935b07d2b]
[borgj183:21852] [ 2] /lib64/libc.so.6(abort+0x177)[0x14e3bb6553e5]
[borgj183:21837] [ 3] ./externalApp(__NAGf90_io_abort+0x78)[0x45a498]
[borgj183:21837] [ 4] ./externalApp(__NAGf90_ioerr+0x1cd)[0x45aafd]
[borgj183:21837] [ 5] /lib64/libc.so.6(abort+0x177)[0x149935b093e5]
[borgj183:21852] [ 3] ./externalApp(__NAGf90_io_abort+0x78)[0x45a498]
[borgj183:21852] [ 4] ./externalApp(__NAGf90_ioerr+0x1cd)[0x45aafd]
[borgj183:21852] [ 5] /discover/nobackup/projects/gmao/SIteam/comp/SLES-15/nag/7.2.15/lib/NAG_Fortran/libf72rts.so.1(__NAGf90_maybe_next_edit+0xe19)[0x14e3bb8aa629]
[borgj183:21837] [ 6] /discover/nobackup/projects/gmao/SIteam/comp/SLES-15/nag/7.2.15/lib/NAG_Fortran/libf72rts.so.1(__NAGf90_maybe_next_edit+0xe19)[0x149935eaa629]
[borgj183:21852] [ 6] /discover/nobackup/projects/gmao/SIteam/ESMF_Testing/nag_7.2.15_openmpi_g_develop/esmf/DEFAULTINSTALLDIR/lib/libg/Linux.nag.64.openmpi.default/libesmf.so(nuopc_driver_MP_initializeipdv02p5+0x4700)[0x14aa2127a703]
[borgj183:21853] [ 7] /discover/nobackup/projects/gmao/SIteam/ESMF_Testing/nag_7.2.15_openmpi_g_develop/esmf/DEFAULTINSTALLDIR/lib/libg/Linux.nag.64.openmpi.default/libesmf.so(nuopc_driver_MP_initializeipdv02p5+0x4700)[0x1486b400b703]
[borgj183:21854] [ 7] /discover/nobackup/projects/gmao/SIteam/ESMF_Testing/nag_7.2.15_openmpi_g_develop/esmf/DEFAULTINSTALLDIR/lib/libg/Linux.nag.64.openmpi.default/libesmf.so(nuopc_driver_MP_initializeipdv02p5+0x4700)[0x14e3be438703]
[borgj183:21837] [ 7] /discover/nobackup/projects/gmao/SIteam/ESMF_Testing/nag_7.2.15_openmpi_g_develop/esmf/DEFAULTINSTALLDIR/lib/libg/Linux.nag.64.openmpi.default/libesmf.so(nuopc_driver_MP_initializeipdv02p5+0x4700)[0x149938938703]
[borgj183:21852] [ 7] /discover/nobackup/projects/gmao/SIteam/ESMF_Testing/nag_7.2.15_openmpi_g_develop/esmf/DEFAULTINSTALLDIR/lib/libg/Linux.nag.64.openmpi.default/libesmf.so(_ZN5ESMCI6FTable12callVFuncPtrEPKcPNS_2VMEPi+0xc55)[0x14aa201f4873]
[borgj183:21853] [ 8] /discover/nobackup/projects/gmao/SIteam/ESMF_Testing/nag_7.2.15_openmpi_g_develop/esmf/DEFAULTINSTALLDIR/lib/libg/Linux.nag.64.openmpi.default/libesmf.so(_ZN5ESMCI6FTable12callVFuncPtrEPKcPNS_2VMEPi+0xc55)[0x1486b2f85873]
[borgj183:21854] [ 8] /discover/nobackup/projects/gmao/SIteam/ESMF_Testing/nag_7.2.15_openmpi_g_develop/esmf/DEFAULTINSTALLDIR/lib/libg/Linux.nag.64.openmpi.default/libesmf.so(_ZN5ESMCI6FTable12callVFuncPtrEPKcPNS_2VMEPi+0xc55)[0x14e3bd3b2873]
[borgj183:21837] [ 8] /discover/nobackup/projects/gmao/SIteam/ESMF_Testing/nag_7.2.15_openmpi_g_develop/esmf/DEFAULTINSTALLDIR/lib/libg/Linux.nag.64.openmpi.default/libesmf.so(_ZN5ESMCI6FTable12callVFuncPtrEPKcPNS_2VMEPi+0xc55)[0x1499378b2873]
[borgj183:21852] [ 8] /discover/nobackup/projects/gmao/SIteam/ESMF_Testing/nag_7.2.15_openmpi_g_develop/esmf/DEFAULTINSTALLDIR/lib/libg/Linux.nag.64.openmpi.default/libesmf.so(ESMCI_FTableCallEntryPointVMHop+0x32e)[0x1486b2f82946]
[borgj183:21854] [ 9] /discover/nobackup/projects/gmao/SIteam/ESMF_Testing/nag_7.2.15_openmpi_g_develop/esmf/DEFAULTINSTALLDIR/lib/libg/Linux.nag.64.openmpi.default/libesmf.so(ESMCI_FTableCallEntryPointVMHop+0x32e)[0x14aa201f1946]
[borgj183:21853] [ 9] /discover/nobackup/projects/gmao/SIteam/ESMF_Testing/nag_7.2.15_openmpi_g_develop/esmf/DEFAULTINSTALLDIR/lib/libg/Linux.nag.64.openmpi.default/libesmf.so(ESMCI_FTableCallEntryPointVMHop+0x32e)[0x14e3bd3af946]
[borgj183:21837] [ 9] /discover/nobackup/projects/gmao/SIteam/ESMF_Testing/nag_7.2.15_openmpi_g_develop/esmf/DEFAULTINSTALLDIR/lib/libg/Linux.nag.64.openmpi.default/libesmf.so(ESMCI_FTableCallEntryPointVMHop+0x32e)[0x1499378af946]
[borgj183:21852] [ 9] /discover/nobackup/projects/gmao/SIteam/ESMF_Testing/nag_7.2.15_openmpi_g_develop/esmf/DEFAULTINSTALLDIR/lib/libg/Linux.nag.64.openmpi.default/libesmf.so(_ZN5ESMCI3VMK5enterEPNS_7VMKPlanEPvS3_+0xd5)[0x14aa205f7d1b]
[borgj183:21853] [10] /discover/nobackup/projects/gmao/SIteam/ESMF_Testing/nag_7.2.15_openmpi_g_develop/esmf/DEFAULTINSTALLDIR/lib/libg/Linux.nag.64.openmpi.default/libesmf.so(_ZN5ESMCI3VMK5enterEPNS_7VMKPlanEPvS3_+0xd5)[0x1486b3388d1b]
[borgj183:21854] [10] /discover/nobackup/projects/gmao/SIteam/ESMF_Testing/nag_7.2.15_openmpi_g_develop/esmf/DEFAULTINSTALLDIR/lib/libg/Linux.nag.64.openmpi.default/libesmf.so(_ZN5ESMCI3VMK5enterEPNS_7VMKPlanEPvS3_+0xd5)[0x14e3bd7b5d1b]
[borgj183:21837] [10] /discover/nobackup/projects/gmao/SIteam/ESMF_Testing/nag_7.2.15_openmpi_g_develop/esmf/DEFAULTINSTALLDIR/lib/libg/Linux.nag.64.openmpi.default/libesmf.so(_ZN5ESMCI3VMK5enterEPNS_7VMKPlanEPvS3_+0xd5)[0x149937cb5d1b]
[borgj183:21852] [10] /discover/nobackup/projects/gmao/SIteam/ESMF_Testing/nag_7.2.15_openmpi_g_develop/esmf/DEFAULTINSTALLDIR/lib/libg/Linux.nag.64.openmpi.default/libesmf.so(_ZN5ESMCI2VM5enterEPNS_6VMPlanEPvS3_+0xb7)[0x14aa205e1c35]
[borgj183:21853] [11] /discover/nobackup/projects/gmao/SIteam/ESMF_Testing/nag_7.2.15_openmpi_g_develop/esmf/DEFAULTINSTALLDIR/lib/libg/Linux.nag.64.openmpi.default/libesmf.so(_ZN5ESMCI2VM5enterEPNS_6VMPlanEPvS3_+0xb7)[0x1486b3372c35]
[borgj183:21854] [11] /discover/nobackup/projects/gmao/SIteam/ESMF_Testing/nag_7.2.15_openmpi_g_develop/esmf/DEFAULTINSTALLDIR/lib/libg/Linux.nag.64.openmpi.default/libesmf.so(_ZN5ESMCI2VM5enterEPNS_6VMPlanEPvS3_+0xb7)[0x14e3bd79fc35]
[borgj183:21837] [11] /discover/nobackup/projects/gmao/SIteam/ESMF_Testing/nag_7.2.15_openmpi_g_develop/esmf/DEFAULTINSTALLDIR/lib/libg/Linux.nag.64.openmpi.default/libesmf.so(_ZN5ESMCI2VM5enterEPNS_6VMPlanEPvS3_+0xb7)[0x149937c9fc35]
[borgj183:21852] [11] /discover/nobackup/projects/gmao/SIteam/ESMF_Testing/nag_7.2.15_openmpi_g_develop/esmf/DEFAULTINSTALLDIR/lib/libg/Linux.nag.64.openmpi.default/libesmf.so(c_esmc_ftablecallentrypointvm_+0x35f)[0x1486b2f82ddf]
[borgj183:21854] [12] /discover/nobackup/projects/gmao/SIteam/ESMF_Testing/nag_7.2.15_openmpi_g_develop/esmf/DEFAULTINSTALLDIR/lib/libg/Linux.nag.64.openmpi.default/libesmf.so(c_esmc_ftablecallentrypointvm_+0x35f)[0x14aa201f1ddf]
[borgj183:21853] [12] /discover/nobackup/projects/gmao/SIteam/ESMF_Testing/nag_7.2.15_openmpi_g_develop/esmf/DEFAULTINSTALLDIR/lib/libg/Linux.nag.64.openmpi.default/libesmf.so(c_esmc_ftablecallentrypointvm_+0x35f)[0x1499378afddf]
[borgj183:21852] [12] /discover/nobackup/projects/gmao/SIteam/ESMF_Testing/nag_7.2.15_openmpi_g_develop/esmf/DEFAULTINSTALLDIR/lib/libg/Linux.nag.64.openmpi.default/libesmf.so(c_esmc_ftablecallentrypointvm_+0x35f)[0x14e3bd3afddf]
[borgj183:21837] [12] /discover/nobackup/projects/gmao/SIteam/ESMF_Testing/nag_7.2.15_openmpi_g_develop/esmf/DEFAULTINSTALLDIR/lib/libg/Linux.nag.64.openmpi.default/libesmf.so(esmf_compmod_MP_esmf_compexecute+0xa3d)[0x1486b3650f9c]
[borgj183:21854] [13] /discover/nobackup/projects/gmao/SIteam/ESMF_Testing/nag_7.2.15_openmpi_g_develop/esmf/DEFAULTINSTALLDIR/lib/libg/Linux.nag.64.openmpi.default/libesmf.so(esmf_compmod_MP_esmf_compexecute+0xa3d)[0x14aa208bff9c]
[borgj183:21853] [13] /discover/nobackup/projects/gmao/SIteam/ESMF_Testing/nag_7.2.15_openmpi_g_develop/esmf/DEFAULTINSTALLDIR/lib/libg/Linux.nag.64.openmpi.default/libesmf.so(esmf_compmod_MP_esmf_compexecute+0xa3d)[0x149937f7df9c]
[borgj183:21852] [13] /discover/nobackup/projects/gmao/SIteam/ESMF_Testing/nag_7.2.15_openmpi_g_develop/esmf/DEFAULTINSTALLDIR/lib/libg/Linux.nag.64.openmpi.default/libesmf.so(esmf_compmod_MP_esmf_compexecute+0xa3d)[0x14e3bda7df9c]
[borgj183:21837] [13] /discover/nobackup/projects/gmao/SIteam/ESMF_Testing/nag_7.2.15_openmpi_g_develop/esmf/DEFAULTINSTALLDIR/lib/libg/Linux.nag.64.openmpi.default/libesmf.so(esmf_gridcompmod_MP_esmf_gridcompinitialize+0x176)[0x1486b3a24e46]
[borgj183:21854] [14] ./externalApp[0x496942]
[borgj183:21854] /discover/nobackup/projects/gmao/SIteam/ESMF_Testing/nag_7.2.15_openmpi_g_develop/esmf/DEFAULTINSTALLDIR/lib/libg/Linux.nag.64.openmpi.default/libesmf.so(esmf_gridcompmod_MP_esmf_gridcompinitialize+0x176)[0x14aa20c93e46]
[borgj183:21853] [14] ./externalApp[0x496942]
[borgj183:21853] [15] [15] ./externalApp(__NAGf90_cosmp_init+0x123)[0x434703]
[borgj183:21854] [16] ./externalApp[0x495413]
[borgj183:21854] [17] ./externalApp(__NAGf90_cosmp_init+0x123)[0x434703]
[borgj183:21853] [16] ./externalApp[0x495413]
[borgj183:21853] [17] /lib64/libc.so.6(__libc_start_main+0xef)[0x1486b121a24d]
[borgj183:21854] [18] /lib64/libc.so.6(__libc_start_main+0xef)[0x14aa1e43e24d]
[borgj183:21853] [18] ./externalApp[0x40bb6a]
[borgj183:21854] *** End of error message ***
./externalApp[0x40bb6a]
[borgj183:21853] *** End of error message ***
/discover/nobackup/projects/gmao/SIteam/ESMF_Testing/nag_7.2.15_openmpi_g_develop/esmf/DEFAULTINSTALLDIR/lib/libg/Linux.nag.64.openmpi.default/libesmf.so(esmf_gridcompmod_MP_esmf_gridcompinitialize+0x176)[0x14e3bde51e46]
[borgj183:21837] [14] ./externalApp[0x496942]
[borgj183:21837] [15] /discover/nobackup/projects/gmao/SIteam/ESMF_Testing/nag_7.2.15_openmpi_g_develop/esmf/DEFAULTINSTALLDIR/lib/libg/Linux.nag.64.openmpi.default/libesmf.so(esmf_gridcompmod_MP_esmf_gridcompinitialize+0x176)[0x149938351e46]
[borgj183:21852] [14] ./externalApp[0x496942]
[borgj183:21852] ./externalApp(__NAGf90_cosmp_init+0x123)[0x434703]
[borgj183:21837] [15] [16] ./externalApp[0x495413]
[borgj183:21837] [17] /lib64/libc.so.6(__libc_start_main+0xef)[0x14e3bb63e24d]
[borgj183:21837] [18] ./externalApp(__NAGf90_cosmp_init+0x123)[0x434703]
[borgj183:21852] [16] ./externalApp[0x495413]
[borgj183:21852] [17] /lib64/libc.so.6(__libc_start_main+0xef)[0x149935af224d]
[borgj183:21852] [18] ./externalApp[0x40bb6a]
[borgj183:21837] *** End of error message ***
./externalApp[0x40bb6a]
[borgj183:21852] *** End of error message ***
--------------------------------------------------------------------------
Primary job  terminated normally, but 1 process returned
a non-zero exit code. Per user-direction, the job has been aborted.
--------------------------------------------------------------------------
--------------------------------------------------------------------------
mpirun noticed that process rank 3 with PID 21854 on node borgj183 exited on signal 6 (Aborted).
--------------------------------------------------------------------------
