2024-10-16 22:55:14
Runtime Error: /discover/nobackup/projects/gmao/SIteam/ESMF_Testing/nag_7.2.15_openmpi_g_develop/esmf/src/addon/NUOPC/src/NUOPC_Driver.F90, line 3269: Runtime Error: /discover/nobackup/projects/gmao/SIteam/ESMF_Testing/nag_7.2.15_openmpi_g_develop/esmf/src/addon/NUOPC/src/NUOPC_Driver.F90, line 3269: Unexpected end oRuntime Error: /discover/nobackup/projects/gmao/SIteam/ESMF_Testing/nag_7.2.15_openmpi_g_develop/esmf/src/addon/NUOPC/src/NUOPC_Driver.F90, line 3269: Unexpected end of format specificaRuntime Error: /discover/nobackup/projects/gmao/SIteam/ESMF_Testing/nag_7.2.15_openmpi_g_develop/esmf/src/addon/NUOPC/src/NUOPC_Driver.F90, line 3269: Unexpected end of format specificationtion
Program Unexpected end of format specification
Progrf format specification
Program t
Program terminated by I/erminated by I/O error on internal file
terminated by I/O error on internal file
am terminated by I/O error on internal file
O error on internal file
[borgj118:255718] *** Process received signal ***
[borgj118:255718] Signal: Aborted (6)
[borgj118:255718] Signal code:  (-6)
[borgj118:255719] *** Process received signal ***
[borgj118:255719] Signal: Aborted (6)
[borgj118:255719] Signal code:  (-6)
[borgj118:255720] *** Process received signal ***
[borgj118:255720] Signal: Aborted (6)
[borgj118:255720] Signal code:  (-6)
[borgj118:255717] *** Process received signal ***
[borgj118:255717] Signal: Aborted (6)
[borgj118:255717] Signal code:  (-6)
[borgj118:255718] [ 0] /lib64/libpthread.so.0(+0x16910)[0x152fb17f2910]
[borgj118:255718] [ 1] [borgj118:255719] [ 0] [borgj118:255720] [ 0] /lib64/libc.so.6(gsignal+0x10d)[0x152fb162fd2b]
[borgj118:255718] [ 2] /lib64/libpthread.so.0(+0x16910)[0x14b074cdf910]
[borgj118:255719] [ 1] /lib64/libc.so.6(abort+0x177)[0x152fb16313e5]
[borgj118:255718] [ 3] ./mainApp(__NAGf90_io_abort+0x78)[0x45a7f8]
[borgj118:255718] [ 4] ./mainApp(__NAGf90_ioerr+0x1cd)[0x45ae5d]
[borgj118:255718] [ 5] /lib64/libpthread.so.0(+0x16910)[0x149dd20ea910]
[borgj118:255720] [ 1] /lib64/libc.so.6(gsignal+0x10d)[0x149dd1707d2b]
[borgj118:255720] [ 2] [borgj118:255717] [ 0] /lib64/libpthread.so.0(+0x16910)[0x154a7a5f2910]
[borgj118:255717] [ 1] /lib64/libc.so.6(gsignal+0x10d)[0x154a7a42fd2b]
/lib64/libc.so.6(gsignal+0x10d)[0x14b074307d2b]
[borgj118:255719] [ 2] /lib64/libc.so.6(abort+0x177)[0x14b0743093e5]
[borgj118:255719] [ 3] [borgj118:255717] [ 2] ./mainApp(__NAGf90_io_abort+0x78)[0x45a7f8]
[borgj118:255719] [ 4] ./mainApp(__NAGf90_ioerr+0x1cd)[0x45ae5d]
[borgj118:255719] [ 5] /discover/nobackup/projects/gmao/SIteam/comp/SLES-15/nag/7.2.15/lib/NAG_Fortran/libf72rts.so.1(__NAGf90_maybe_next_edit+0xe19)[0x14b0746aa629]
[borgj118:255719] [ 6] /discover/nobackup/projects/gmao/SIteam/comp/SLES-15/nag/7.2.15/lib/NAG_Fortran/libf72rts.so.1(__NAGf90_maybe_next_edit+0xe19)[0x152fb18aa629]
[borgj118:255718] [ 6] /lib64/libc.so.6(abort+0x177)[0x149dd17093e5]
[borgj118:255720] [ 3] ./mainApp(__NAGf90_io_abort+0x78)[0x45a7f8]
[borgj118:255720] [ 4] ./mainApp(__NAGf90_ioerr+0x1cd)[0x45ae5d]
[borgj118:255720] [ 5] /discover/nobackup/projects/gmao/SIteam/comp/SLES-15/nag/7.2.15/lib/NAG_Fortran/libf72rts.so.1(__NAGf90_maybe_next_edit+0xe19)[0x149dd1aaa629]
/lib64/libc.so.6(abort+0x177)[0x154a7a4313e5]
[borgj118:255717] [ 3] ./mainApp(__NAGf90_io_abort+0x78)[0x45a7f8]
[borgj118:255717] [ 4] ./mainApp(__NAGf90_ioerr+0x1cd)[0x45ae5d]
[borgj118:255717] [ 5] [borgj118:255720] [ 6] /discover/nobackup/projects/gmao/SIteam/comp/SLES-15/nag/7.2.15/lib/NAG_Fortran/libf72rts.so.1(__NAGf90_maybe_next_edit+0xe19)[0x154a7a6aa629]
[borgj118:255717] [ 6] /discover/nobackup/projects/gmao/SIteam/ESMF_Testing/nag_7.2.15_openmpi_g_develop/esmf/DEFAULTINSTALLDIR/lib/libg/Linux.nag.64.openmpi.default/libesmf.so(nuopc_driver_MP_loopdatadependentinitialize+0x4ab9)[0x152fb43ea0c1]
[borgj118:255718] [ 7] /discover/nobackup/projects/gmao/SIteam/ESMF_Testing/nag_7.2.15_openmpi_g_develop/esmf/DEFAULTINSTALLDIR/lib/libg/Linux.nag.64.openmpi.default/libesmf.so(nuopc_driver_MP_loopdatadependentinitialize+0x4ab9)[0x14b0770b10c1]
[borgj118:255719] [ 7] /discover/nobackup/projects/gmao/SIteam/ESMF_Testing/nag_7.2.15_openmpi_g_develop/esmf/DEFAULTINSTALLDIR/lib/libg/Linux.nag.64.openmpi.default/libesmf.so(nuopc_driver_MP_loopdatadependentinitialize+0x4ab9)[0x149dd44bc0c1]
[borgj118:255720] [ 7] /discover/nobackup/projects/gmao/SIteam/ESMF_Testing/nag_7.2.15_openmpi_g_develop/esmf/DEFAULTINSTALLDIR/lib/libg/Linux.nag.64.openmpi.default/libesmf.so(nuopc_driver_MP_loopdatadependentinitialize+0x4ab9)[0x154a7d1e60c1]
[borgj118:255717] [ 7] /discover/nobackup/projects/gmao/SIteam/ESMF_Testing/nag_7.2.15_openmpi_g_develop/esmf/DEFAULTINSTALLDIR/lib/libg/Linux.nag.64.openmpi.default/libesmf.so(nuopc_driver_MP_initializeipdv02p5data+0x3675)[0x152fb43fd790]
[borgj118:255718] [ 8] /discover/nobackup/projects/gmao/SIteam/ESMF_Testing/nag_7.2.15_openmpi_g_develop/esmf/DEFAULTINSTALLDIR/lib/libg/Linux.nag.64.openmpi.default/libesmf.so(nuopc_driver_MP_initializeipdv02p5data+0x3675)[0x14b0770c4790]
[borgj118:255719] [ 8] /discover/nobackup/projects/gmao/SIteam/ESMF_Testing/nag_7.2.15_openmpi_g_develop/esmf/DEFAULTINSTALLDIR/lib/libg/Linux.nag.64.openmpi.default/libesmf.so(nuopc_driver_MP_initializeipdv02p5data+0x3675)[0x149dd44cf790]
[borgj118:255720] [ 8] /discover/nobackup/projects/gmao/SIteam/ESMF_Testing/nag_7.2.15_openmpi_g_develop/esmf/DEFAULTINSTALLDIR/lib/libg/Linux.nag.64.openmpi.default/libesmf.so(nuopc_driver_MP_initializeipdv02p5data+0x3675)[0x154a7d1f9790]
[borgj118:255717] [ 8] /discover/nobackup/projects/gmao/SIteam/ESMF_Testing/nag_7.2.15_openmpi_g_develop/esmf/DEFAULTINSTALLDIR/lib/libg/Linux.nag.64.openmpi.default/libesmf.so(nuopc_driver_MP_initializeipdv02p5+0x4f1a)[0x152fb440363d]
[borgj118:255718] [ 9] /discover/nobackup/projects/gmao/SIteam/ESMF_Testing/nag_7.2.15_openmpi_g_develop/esmf/DEFAULTINSTALLDIR/lib/libg/Linux.nag.64.openmpi.default/libesmf.so(nuopc_driver_MP_initializeipdv02p5+0x4f1a)[0x14b0770ca63d]
[borgj118:255719] [ 9] /discover/nobackup/projects/gmao/SIteam/ESMF_Testing/nag_7.2.15_openmpi_g_develop/esmf/DEFAULTINSTALLDIR/lib/libg/Linux.nag.64.openmpi.default/libesmf.so(nuopc_driver_MP_initializeipdv02p5+0x4f1a)[0x149dd44d563d]
[borgj118:255720] [ 9] /discover/nobackup/projects/gmao/SIteam/ESMF_Testing/nag_7.2.15_openmpi_g_develop/esmf/DEFAULTINSTALLDIR/lib/libg/Linux.nag.64.openmpi.default/libesmf.so(nuopc_driver_MP_initializeipdv02p5+0x4f1a)[0x154a7d1ff63d]
[borgj118:255717] [ 9] /discover/nobackup/projects/gmao/SIteam/ESMF_Testing/nag_7.2.15_openmpi_g_develop/esmf/DEFAULTINSTALLDIR/lib/libg/Linux.nag.64.openmpi.default/libesmf.so(nuopc_driver_MP_initializegeneric+0x1cbb)[0x152fb444351c]
[borgj118:255718] [10] /discover/nobackup/projects/gmao/SIteam/ESMF_Testing/nag_7.2.15_openmpi_g_develop/esmf/DEFAULTINSTALLDIR/lib/libg/Linux.nag.64.openmpi.default/libesmf.so(nuopc_driver_MP_initializegeneric+0x1cbb)[0x14b07710a51c]
[borgj118:255719] [10] /discover/nobackup/projects/gmao/SIteam/ESMF_Testing/nag_7.2.15_openmpi_g_develop/esmf/DEFAULTINSTALLDIR/lib/libg/Linux.nag.64.openmpi.default/libesmf.so(nuopc_driver_MP_initializegeneric+0x1cbb)[0x149dd451551c]
[borgj118:255720] [10] /discover/nobackup/projects/gmao/SIteam/ESMF_Testing/nag_7.2.15_openmpi_g_develop/esmf/DEFAULTINSTALLDIR/lib/libg/Linux.nag.64.openmpi.default/libesmf.so(nuopc_driver_MP_initializegeneric+0x1cbb)[0x154a7d23f51c]
[borgj118:255717] [10] /discover/nobackup/projects/gmao/SIteam/ESMF_Testing/nag_7.2.15_openmpi_g_develop/esmf/DEFAULTINSTALLDIR/lib/libg/Linux.nag.64.openmpi.default/libesmf.so(_ZN5ESMCI6FTable12callVFuncPtrEPKcPNS_2VMEPi+0xc55)[0x152fb337aa13]
[borgj118:255718] [11] /discover/nobackup/projects/gmao/SIteam/ESMF_Testing/nag_7.2.15_openmpi_g_develop/esmf/DEFAULTINSTALLDIR/lib/libg/Linux.nag.64.openmpi.default/libesmf.so(_ZN5ESMCI6FTable12callVFuncPtrEPKcPNS_2VMEPi+0xc55)[0x14b076041a13]
[borgj118:255719] [11] /discover/nobackup/projects/gmao/SIteam/ESMF_Testing/nag_7.2.15_openmpi_g_develop/esmf/DEFAULTINSTALLDIR/lib/libg/Linux.nag.64.openmpi.default/libesmf.so(_ZN5ESMCI6FTable12callVFuncPtrEPKcPNS_2VMEPi+0xc55)[0x149dd344ca13]
[borgj118:255720] [11] /discover/nobackup/projects/gmao/SIteam/ESMF_Testing/nag_7.2.15_openmpi_g_develop/esmf/DEFAULTINSTALLDIR/lib/libg/Linux.nag.64.openmpi.default/libesmf.so(_ZN5ESMCI6FTable12callVFuncPtrEPKcPNS_2VMEPi+0xc55)[0x154a7c176a13]
[borgj118:255717] [11] /discover/nobackup/projects/gmao/SIteam/ESMF_Testing/nag_7.2.15_openmpi_g_develop/esmf/DEFAULTINSTALLDIR/lib/libg/Linux.nag.64.openmpi.default/libesmf.so(ESMCI_FTableCallEntryPointVMHop+0x32e)[0x152fb3377ae6]
[borgj118:255718] [12] /discover/nobackup/projects/gmao/SIteam/ESMF_Testing/nag_7.2.15_openmpi_g_develop/esmf/DEFAULTINSTALLDIR/lib/libg/Linux.nag.64.openmpi.default/libesmf.so(ESMCI_FTableCallEntryPointVMHop+0x32e)[0x154a7c173ae6]
[borgj118:255717] [12] /discover/nobackup/projects/gmao/SIteam/ESMF_Testing/nag_7.2.15_openmpi_g_develop/esmf/DEFAULTINSTALLDIR/lib/libg/Linux.nag.64.openmpi.default/libesmf.so(ESMCI_FTableCallEntryPointVMHop+0x32e)[0x149dd3449ae6]
[borgj118:255720] [12] /discover/nobackup/projects/gmao/SIteam/ESMF_Testing/nag_7.2.15_openmpi_g_develop/esmf/DEFAULTINSTALLDIR/lib/libg/Linux.nag.64.openmpi.default/libesmf.so(ESMCI_FTableCallEntryPointVMHop+0x32e)[0x14b07603eae6]
[borgj118:255719] [12] /discover/nobackup/projects/gmao/SIteam/ESMF_Testing/nag_7.2.15_openmpi_g_develop/esmf/DEFAULTINSTALLDIR/lib/libg/Linux.nag.64.openmpi.default/libesmf.so(_ZN5ESMCI3VMK5enterEPNS_7VMKPlanEPvS3_+0xd5)[0x152fb377debb]
[borgj118:255718] [13] /discover/nobackup/projects/gmao/SIteam/ESMF_Testing/nag_7.2.15_openmpi_g_develop/esmf/DEFAULTINSTALLDIR/lib/libg/Linux.nag.64.openmpi.default/libesmf.so(_ZN5ESMCI3VMK5enterEPNS_7VMKPlanEPvS3_+0xd5)[0x14b076444ebb]
[borgj118:255719] [13] /discover/nobackup/projects/gmao/SIteam/ESMF_Testing/nag_7.2.15_openmpi_g_develop/esmf/DEFAULTINSTALLDIR/lib/libg/Linux.nag.64.openmpi.default/libesmf.so(_ZN5ESMCI3VMK5enterEPNS_7VMKPlanEPvS3_+0xd5)[0x149dd384febb]
[borgj118:255720] [13] /discover/nobackup/projects/gmao/SIteam/ESMF_Testing/nag_7.2.15_openmpi_g_develop/esmf/DEFAULTINSTALLDIR/lib/libg/Linux.nag.64.openmpi.default/libesmf.so(_ZN5ESMCI3VMK5enterEPNS_7VMKPlanEPvS3_+0xd5)[0x154a7c579ebb]
[borgj118:255717] [13] /discover/nobackup/projects/gmao/SIteam/ESMF_Testing/nag_7.2.15_openmpi_g_develop/esmf/DEFAULTINSTALLDIR/lib/libg/Linux.nag.64.openmpi.default/libesmf.so(_ZN5ESMCI2VM5enterEPNS_6VMPlanEPvS3_+0xb7)[0x152fb3767dd5]
[borgj118:255718] [14] /discover/nobackup/projects/gmao/SIteam/ESMF_Testing/nag_7.2.15_openmpi_g_develop/esmf/DEFAULTINSTALLDIR/lib/libg/Linux.nag.64.openmpi.default/libesmf.so(_ZN5ESMCI2VM5enterEPNS_6VMPlanEPvS3_+0xb7)[0x154a7c563dd5]
[borgj118:255717] [14] /discover/nobackup/projects/gmao/SIteam/ESMF_Testing/nag_7.2.15_openmpi_g_develop/esmf/DEFAULTINSTALLDIR/lib/libg/Linux.nag.64.openmpi.default/libesmf.so(_ZN5ESMCI2VM5enterEPNS_6VMPlanEPvS3_+0xb7)[0x149dd3839dd5]
[borgj118:255720] [14] /discover/nobackup/projects/gmao/SIteam/ESMF_Testing/nag_7.2.15_openmpi_g_develop/esmf/DEFAULTINSTALLDIR/lib/libg/Linux.nag.64.openmpi.default/libesmf.so(_ZN5ESMCI2VM5enterEPNS_6VMPlanEPvS3_+0xb7)[0x14b07642edd5]
[borgj118:255719] [14] /discover/nobackup/projects/gmao/SIteam/ESMF_Testing/nag_7.2.15_openmpi_g_develop/esmf/DEFAULTINSTALLDIR/lib/libg/Linux.nag.64.openmpi.default/libesmf.so(c_esmc_ftablecallentrypointvm_+0x35f)[0x152fb3377f7f]
[borgj118:255718] [15] /discover/nobackup/projects/gmao/SIteam/ESMF_Testing/nag_7.2.15_openmpi_g_develop/esmf/DEFAULTINSTALLDIR/lib/libg/Linux.nag.64.openmpi.default/libesmf.so(c_esmc_ftablecallentrypointvm_+0x35f)[0x154a7c173f7f]
[borgj118:255717] /discover/nobackup/projects/gmao/SIteam/ESMF_Testing/nag_7.2.15_openmpi_g_develop/esmf/DEFAULTINSTALLDIR/lib/libg/Linux.nag.64.openmpi.default/libesmf.so(c_esmc_ftablecallentrypointvm_+0x35f)[0x149dd3449f7f]
[borgj118:255720] [15] [15] /discover/nobackup/projects/gmao/SIteam/ESMF_Testing/nag_7.2.15_openmpi_g_develop/esmf/DEFAULTINSTALLDIR/lib/libg/Linux.nag.64.openmpi.default/libesmf.so(c_esmc_ftablecallentrypointvm_+0x35f)[0x14b07603ef7f]
[borgj118:255719] [15] /discover/nobackup/projects/gmao/SIteam/ESMF_Testing/nag_7.2.15_openmpi_g_develop/esmf/DEFAULTINSTALLDIR/lib/libg/Linux.nag.64.openmpi.default/libesmf.so(esmf_compmod_MP_esmf_compexecute+0xa6b)[0x152fb3a48579]
[borgj118:255718] [16] /discover/nobackup/projects/gmao/SIteam/ESMF_Testing/nag_7.2.15_openmpi_g_develop/esmf/DEFAULTINSTALLDIR/lib/libg/Linux.nag.64.openmpi.default/libesmf.so(esmf_compmod_MP_esmf_compexecute+0xa6b)[0x154a7c844579]
[borgj118:255717] [16] /discover/nobackup/projects/gmao/SIteam/ESMF_Testing/nag_7.2.15_openmpi_g_develop/esmf/DEFAULTINSTALLDIR/lib/libg/Linux.nag.64.openmpi.default/libesmf.so(esmf_compmod_MP_esmf_compexecute+0xa6b)[0x14b07670f579]
[borgj118:255719] [16] /discover/nobackup/projects/gmao/SIteam/ESMF_Testing/nag_7.2.15_openmpi_g_develop/esmf/DEFAULTINSTALLDIR/lib/libg/Linux.nag.64.openmpi.default/libesmf.so(esmf_compmod_MP_esmf_compexecute+0xa6b)[0x149dd3b1a579]
[borgj118:255720] [16] /discover/nobackup/projects/gmao/SIteam/ESMF_Testing/nag_7.2.15_openmpi_g_develop/esmf/DEFAULTINSTALLDIR/lib/libg/Linux.nag.64.openmpi.default/libesmf.so(esmf_gridcompmod_MP_esmf_gridcompinitialize+0x176)[0x152fb3e1c2a6]
[borgj118:255718] [17] ./mainApp[0x495c2b]
[borgj118:255718] [18] ./mainApp(__NAGf90_cosmp_init+0x123)[0x434a63]
[borgj118:255718] [19] ./mainApp[0x495773]
[borgj118:255718] [20] /discover/nobackup/projects/gmao/SIteam/ESMF_Testing/nag_7.2.15_openmpi_g_develop/esmf/DEFAULTINSTALLDIR/lib/libg/Linux.nag.64.openmpi.default/libesmf.so(esmf_gridcompmod_MP_esmf_gridcompinitialize+0x176)[0x149dd3eee2a6]
[borgj118:255720] [17] /discover/nobackup/projects/gmao/SIteam/ESMF_Testing/nag_7.2.15_openmpi_g_develop/esmf/DEFAULTINSTALLDIR/lib/libg/Linux.nag.64.openmpi.default/libesmf.so(esmf_gridcompmod_MP_esmf_gridcompinitialize+0x176)[0x154a7cc182a6]
[borgj118:255717] [17] ./mainApp[0x495c2b]
[borgj118:255717] [18] ./mainApp(__NAGf90_cosmp_init+0x123)[0x434a63]
[borgj118:255717] ./mainApp[0x495c2b]
[borgj118:255720] [18] /discover/nobackup/projects/gmao/SIteam/ESMF_Testing/nag_7.2.15_openmpi_g_develop/esmf/DEFAULTINSTALLDIR/lib/libg/Linux.nag.64.openmpi.default/libesmf.so(esmf_gridcompmod_MP_esmf_gridcompinitialize+0x176)[0x14b076ae32a6]
[borgj118:255719] [17] ./mainApp[0x495c2b]
[borgj118:255719] [18] /lib64/libc.so.6(__libc_start_main+0xef)[0x152fb161a24d]
[borgj118:255718] [21] ./mainApp[0x40beca]
[borgj118:255718] *** End of error message ***
[19] ./mainApp[0x495773]
[borgj118:255717] [20] /lib64/libc.so.6(__libc_start_main+0xef)[0x154a7a41a24d]
[borgj118:255717] [21] ./mainApp[0x40beca]
[borgj118:255717] *** End of error message ***
./mainApp(__NAGf90_cosmp_init+0x123)[0x434a63]
[borgj118:255720] [19] ./mainApp[0x495773]
[borgj118:255720] [20] /lib64/libc.so.6(__libc_start_main+0xef)[0x149dd16f224d]
[borgj118:255720] [21] ./mainApp[0x40beca]
[borgj118:255720] *** End of error message ***
./mainApp(__NAGf90_cosmp_init+0x123)[0x434a63]
[borgj118:255719] [19] ./mainApp[0x495773]
[borgj118:255719] [20] /lib64/libc.so.6(__libc_start_main+0xef)[0x14b0742f224d]
[borgj118:255719] [21] ./mainApp[0x40beca]
[borgj118:255719] *** End of error message ***
--------------------------------------------------------------------------
Primary job  terminated normally, but 1 process returned
a non-zero exit code. Per user-direction, the job has been aborted.
--------------------------------------------------------------------------
--------------------------------------------------------------------------
mpirun noticed that process rank 0 with PID 255717 on node borgj118 exited on signal 6 (Aborted).
--------------------------------------------------------------------------
2 total processes killed (some possibly by mpirun during cleanup)
