2024-10-10 03:15:53
20241010 033942.322 INFO             PET0 !!!!!!!!!!!!!!!!!!!!!!!!!!!!!!!!!!!!!!!!!!!!!!!!!!!!!!
20241010 033942.324 INFO             PET0 !!! THE ESMF_LOG IS SET TO OUTPUT ALL LOG MESSAGES !!!
20241010 033942.324 INFO             PET0 !!!     THIS MAY CAUSE SLOWDOWN IN PERFORMANCE     !!!
20241010 033942.324 INFO             PET0 !!! FOR PRODUCTION RUNS, USE:                      !!!
20241010 033942.324 INFO             PET0 !!!                   ESMF_LOGKIND_Multi_On_Error  !!!
20241010 033942.324 INFO             PET0 !!!!!!!!!!!!!!!!!!!!!!!!!!!!!!!!!!!!!!!!!!!!!!!!!!!!!!
20241010 033942.324 INFO             PET0 Running with ESMF Version   : v8.8.0b00-12-g0d4b825343
20241010 033942.324 INFO             PET0 ESMF library build date/time: "Oct 10 2024" "03:13:59"
20241010 033942.324 INFO             PET0 ESMF library build location : /project/esmf/sacks/esmf-testing/gfortran_11.2.0_mpiuni_O_develop/esmf
20241010 033942.324 INFO             PET0 ESMF_COMM                   : mpiuni
20241010 033942.324 INFO             PET0 ESMF_MOAB                   : enabled
20241010 033942.324 INFO             PET0 ESMF_LAPACK                 : enabled
20241010 033942.324 INFO             PET0 ESMF_NETCDF                 : enabled
20241010 033942.324 INFO             PET0 ESMF_PNETCDF                : disabled
20241010 033942.324 INFO             PET0 ESMF_PIO                    : enabled
20241010 033942.324 INFO             PET0 ESMF_YAMLCPP                : enabled
20241010 033942.326 INFO             PET0  NUMBER_OF_PROCESSORS           1
20241010 033942.326 INFO             PET0  PASS  Example ESMF_SCompEx, ESMF_SCompEx.F90, line 385
20241010 033942.326 INFO             PET0  Finalizing ESMF
