2024-10-16 03:14:37
20241016 033932.490 INFO             PET0 !!!!!!!!!!!!!!!!!!!!!!!!!!!!!!!!!!!!!!!!!!!!!!!!!!!!!!
20241016 033932.492 INFO             PET0 !!! THE ESMF_LOG IS SET TO OUTPUT ALL LOG MESSAGES !!!
20241016 033932.492 INFO             PET0 !!!     THIS MAY CAUSE SLOWDOWN IN PERFORMANCE     !!!
20241016 033932.492 INFO             PET0 !!! FOR PRODUCTION RUNS, USE:                      !!!
20241016 033932.492 INFO             PET0 !!!                   ESMF_LOGKIND_Multi_On_Error  !!!
20241016 033932.492 INFO             PET0 !!!!!!!!!!!!!!!!!!!!!!!!!!!!!!!!!!!!!!!!!!!!!!!!!!!!!!
20241016 033932.492 INFO             PET0 Running with ESMF Version   : v8.8.0b01-2-g867c30314c
20241016 033932.492 INFO             PET0 ESMF library build date/time: "Oct 16 2024" "03:12:43"
20241016 033932.492 INFO             PET0 ESMF library build location : /project/esmf/sacks/esmf-testing/gfortran_11.2.0_mpiuni_O_develop/esmf
20241016 033932.492 INFO             PET0 ESMF_COMM                   : mpiuni
20241016 033932.492 INFO             PET0 ESMF_MOAB                   : enabled
20241016 033932.492 INFO             PET0 ESMF_LAPACK                 : enabled
20241016 033932.492 INFO             PET0 ESMF_NETCDF                 : enabled
20241016 033932.492 INFO             PET0 ESMF_PNETCDF                : disabled
20241016 033932.492 INFO             PET0 ESMF_PIO                    : enabled
20241016 033932.492 INFO             PET0 ESMF_YAMLCPP                : enabled
20241016 033932.561 DEBUG            PET0 about to destroy Grid: 0x7f9cf304e200
20241016 033932.568 DEBUG            PET0 about to destroy Grid: 0x7f9cf3059e00
20241016 033932.591 INFO             PET0  NUMBER_OF_PROCESSORS           1
20241016 033932.591 INFO             PET0  PASS  Example ESMF_NUOPCAtmModelEx, ESMF_NUOPCAtmModelEx.F90, line 806
20241016 033932.591 INFO             PET0  Finalizing ESMF
