2024-10-17 03:15:55
20241017 033855.811 INFO             PET0 !!!!!!!!!!!!!!!!!!!!!!!!!!!!!!!!!!!!!!!!!!!!!!!!!!!!!!
20241017 033855.813 INFO             PET0 !!! THE ESMF_LOG IS SET TO OUTPUT ALL LOG MESSAGES !!!
20241017 033855.813 INFO             PET0 !!!     THIS MAY CAUSE SLOWDOWN IN PERFORMANCE     !!!
20241017 033855.813 INFO             PET0 !!! FOR PRODUCTION RUNS, USE:                      !!!
20241017 033855.813 INFO             PET0 !!!                   ESMF_LOGKIND_Multi_On_Error  !!!
20241017 033855.813 INFO             PET0 !!!!!!!!!!!!!!!!!!!!!!!!!!!!!!!!!!!!!!!!!!!!!!!!!!!!!!
20241017 033855.813 INFO             PET0 Running with ESMF Version   : v8.8.0b01-6-g3ed6fcfd2b
20241017 033855.813 INFO             PET0 ESMF library build date/time: "Oct 17 2024" "03:13:58"
20241017 033855.813 INFO             PET0 ESMF library build location : /project/esmf/sacks/esmf-testing/gfortran_11.2.0_mpiuni_O_develop/esmf
20241017 033855.813 INFO             PET0 ESMF_COMM                   : mpiuni
20241017 033855.813 INFO             PET0 ESMF_MOAB                   : enabled
20241017 033855.813 INFO             PET0 ESMF_LAPACK                 : enabled
20241017 033855.813 INFO             PET0 ESMF_NETCDF                 : enabled
20241017 033855.813 INFO             PET0 ESMF_PNETCDF                : disabled
20241017 033855.813 INFO             PET0 ESMF_PIO                    : enabled
20241017 033855.813 INFO             PET0 ESMF_YAMLCPP                : enabled
20241017 033855.813 INFO             PET0 ESMF Tracing Enabled
20241017 033855.813 INFO             PET0 ESMF Profiling Enabled
20241017 033855.814 INFO             PET0 ESMF Trace/Profile clock: REALTIME
20241017 033855.816 INFO             PET0  NUMBER_OF_PROCESSORS           1
20241017 033855.816 INFO             PET0  PASS  Example ESMF_TraceEx, ESMF_TraceEx.F90, line 178
20241017 033855.816 INFO             PET0  Finalizing ESMF
20241017 033855.816 INFO             PET0 **************** Region Timings *******************
20241017 033855.816 INFO             PET0 Region              Count  Total (s)   Self (s)    Mean (s)    Min (s)     Max (s)
20241017 033855.816 INFO             PET0   [ESMF]            1      0.0016      0.0015      0.0016      0.0016      0.0016
20241017 033855.816 INFO             PET0     [test] Run 1    5      0.0000      0.0000      0.0000      0.0000      0.0000
20241017 033855.816 INFO             PET0     [test] Init 1   1      0.0000      0.0000      0.0000      0.0000      0.0000
20241017 033855.816 INFO             PET0     [test] Final 1  1      0.0000      0.0000      0.0000      0.0000      0.0000
