2024-10-13 04:37:07
20241013 052840.941 INFO             PET0 !!!!!!!!!!!!!!!!!!!!!!!!!!!!!!!!!!!!!!!!!!!!!!!!!!!!!!
20241013 052840.942 INFO             PET0 !!! THE ESMF_LOG IS SET TO OUTPUT ALL LOG MESSAGES !!!
20241013 052840.942 INFO             PET0 !!!     THIS MAY CAUSE SLOWDOWN IN PERFORMANCE     !!!
20241013 052840.942 INFO             PET0 !!! FOR PRODUCTION RUNS, USE:                      !!!
20241013 052840.942 INFO             PET0 !!!                   ESMF_LOGKIND_Multi_On_Error  !!!
20241013 052840.942 INFO             PET0 !!!!!!!!!!!!!!!!!!!!!!!!!!!!!!!!!!!!!!!!!!!!!!!!!!!!!!
20241013 052840.942 INFO             PET0 Running with ESMF Version   : v8.8.0b01
20241013 052840.942 INFO             PET0 ESMF library build date/time: "Oct 13 2024" "04:34:10"
20241013 052840.942 INFO             PET0 ESMF library build location : /glade/derecho/scratch/sacks/esmf-testing/cce_15.0.1_mpiuni_O_develop/esmf
20241013 052840.942 INFO             PET0 ESMF_COMM                   : mpiuni
20241013 052840.942 INFO             PET0 ESMF_MOAB                   : enabled
20241013 052840.942 INFO             PET0 ESMF_LAPACK                 : enabled
20241013 052840.942 INFO             PET0 ESMF_NETCDF                 : enabled
20241013 052840.942 INFO             PET0 ESMF_PNETCDF                : disabled
20241013 052840.942 INFO             PET0 ESMF_PIO                    : enabled
20241013 052840.942 INFO             PET0 ESMF_YAMLCPP                : enabled
20241013 052840.945 INFO             PET0 ESMF_FieldRedistStoreNF(): Just entered routine.
20241013 052841.021 INFO             PET0 ESMF_FieldRedistStoreNF(): Leaving routine.
20241013 052841.044 INFO             PET0  NUMBER_OF_PROCESSORS 1
20241013 052841.044 INFO             PET0  PASS  Example ESMF_RHandleFromFileEx, ESMF_RHandleFromFileEx.F90, line 192
20241013 052841.044 INFO             PET0  Finalizing ESMF
