2024-10-11 05:03:34
20241011 061035.726 INFO             PET0 !!!!!!!!!!!!!!!!!!!!!!!!!!!!!!!!!!!!!!!!!!!!!!!!!!!!!!
20241011 061035.726 INFO             PET0 !!! THE ESMF_LOG IS SET TO OUTPUT ALL LOG MESSAGES !!!
20241011 061035.726 INFO             PET0 !!!     THIS MAY CAUSE SLOWDOWN IN PERFORMANCE     !!!
20241011 061035.726 INFO             PET0 !!! FOR PRODUCTION RUNS, USE:                      !!!
20241011 061035.726 INFO             PET0 !!!                   ESMF_LOGKIND_Multi_On_Error  !!!
20241011 061035.726 INFO             PET0 !!!!!!!!!!!!!!!!!!!!!!!!!!!!!!!!!!!!!!!!!!!!!!!!!!!!!!
20241011 061035.726 INFO             PET0 Running with ESMF Version   : v8.8.0b00-12-g0d4b825343
20241011 061035.726 INFO             PET0 ESMF library build date/time: "Oct 11 2024" "04:58:47"
20241011 061035.726 INFO             PET0 ESMF library build location : /glade/derecho/scratch/sacks/esmf-testing/nvhpc_23.7_mpi_O_develop/esmf
20241011 061035.726 INFO             PET0 ESMF_COMM                   : mpi
20241011 061035.727 INFO             PET0 ESMF_MOAB                   : enabled
20241011 061035.727 INFO             PET0 ESMF_LAPACK                 : enabled
20241011 061035.727 INFO             PET0 ESMF_NETCDF                 : enabled
20241011 061035.727 INFO             PET0 ESMF_PNETCDF                : disabled
20241011 061035.727 INFO             PET0 ESMF_PIO                    : enabled
20241011 061035.727 INFO             PET0 ESMF_YAMLCPP                : enabled
20241011 061035.727 INFO             PET0  NUMBER_OF_PROCESSORS            1
20241011 061035.727 INFO             PET0  PASS  Example ESMF_TimeEx, ESMF_TimeEx.F90, line 141
20241011 061035.727 INFO             PET0  Finalizing ESMF
