2024-10-18 05:07:52
20241018 061524.210 INFO             PET0 !!!!!!!!!!!!!!!!!!!!!!!!!!!!!!!!!!!!!!!!!!!!!!!!!!!!!!
20241018 061524.210 INFO             PET0 !!! THE ESMF_LOG IS SET TO OUTPUT ALL LOG MESSAGES !!!
20241018 061524.210 INFO             PET0 !!!     THIS MAY CAUSE SLOWDOWN IN PERFORMANCE     !!!
20241018 061524.210 INFO             PET0 !!! FOR PRODUCTION RUNS, USE:                      !!!
20241018 061524.210 INFO             PET0 !!!                   ESMF_LOGKIND_Multi_On_Error  !!!
20241018 061524.210 INFO             PET0 !!!!!!!!!!!!!!!!!!!!!!!!!!!!!!!!!!!!!!!!!!!!!!!!!!!!!!
20241018 061524.210 INFO             PET0 Running with ESMF Version   : v8.8.0b01-7-gc92d921964
20241018 061524.210 INFO             PET0 ESMF library build date/time: "Oct 18 2024" "05:03:32"
20241018 061524.210 INFO             PET0 ESMF library build location : /glade/derecho/scratch/sacks/esmf-testing/nvhpc_23.7_mpi_O_develop/esmf
20241018 061524.210 INFO             PET0 ESMF_COMM                   : mpi
20241018 061524.214 INFO             PET0 ESMF_MOAB                   : enabled
20241018 061524.214 INFO             PET0 ESMF_LAPACK                 : enabled
20241018 061524.214 INFO             PET0 ESMF_NETCDF                 : enabled
20241018 061524.214 INFO             PET0 ESMF_PNETCDF                : disabled
20241018 061524.214 INFO             PET0 ESMF_PIO                    : enabled
20241018 061524.214 INFO             PET0 ESMF_YAMLCPP                : enabled
20241018 061524.271 DEBUG            PET0 about to destroy Grid: 0x764ce0
20241018 061524.274 DEBUG            PET0 about to destroy Grid: 0x766140
20241018 061524.282 INFO             PET0  NUMBER_OF_PROCESSORS            4
20241018 061524.283 INFO             PET0  PASS  Example ESMF_NUOPCAtmModelEx, ESMF_NUOPCAtmModelEx.F90, line 806
20241018 061524.283 INFO             PET0  Finalizing ESMF
20241018 061524.203 INFO             PET1 !!!!!!!!!!!!!!!!!!!!!!!!!!!!!!!!!!!!!!!!!!!!!!!!!!!!!!
20241018 061524.203 INFO             PET1 !!! THE ESMF_LOG IS SET TO OUTPUT ALL LOG MESSAGES !!!
20241018 061524.203 INFO             PET1 !!!     THIS MAY CAUSE SLOWDOWN IN PERFORMANCE     !!!
20241018 061524.203 INFO             PET1 !!! FOR PRODUCTION RUNS, USE:                      !!!
20241018 061524.203 INFO             PET1 !!!                   ESMF_LOGKIND_Multi_On_Error  !!!
20241018 061524.203 INFO             PET1 !!!!!!!!!!!!!!!!!!!!!!!!!!!!!!!!!!!!!!!!!!!!!!!!!!!!!!
20241018 061524.203 INFO             PET1 Running with ESMF Version   : v8.8.0b01-7-gc92d921964
20241018 061524.203 INFO             PET1 ESMF library build date/time: "Oct 18 2024" "05:03:32"
20241018 061524.203 INFO             PET1 ESMF library build location : /glade/derecho/scratch/sacks/esmf-testing/nvhpc_23.7_mpi_O_develop/esmf
20241018 061524.203 INFO             PET1 ESMF_COMM                   : mpi
20241018 061524.208 INFO             PET1 ESMF_MOAB                   : enabled
20241018 061524.208 INFO             PET1 ESMF_LAPACK                 : enabled
20241018 061524.208 INFO             PET1 ESMF_NETCDF                 : enabled
20241018 061524.208 INFO             PET1 ESMF_PNETCDF                : disabled
20241018 061524.208 INFO             PET1 ESMF_PIO                    : enabled
20241018 061524.208 INFO             PET1 ESMF_YAMLCPP                : enabled
20241018 061524.271 DEBUG            PET1 about to destroy Grid: 0x760b80
20241018 061524.274 DEBUG            PET1 about to destroy Grid: 0x762850
20241018 061524.283 INFO             PET1  NUMBER_OF_PROCESSORS            4
20241018 061524.283 INFO             PET1  PASS  Example ESMF_NUOPCAtmModelEx, ESMF_NUOPCAtmModelEx.F90, line 806
20241018 061524.283 INFO             PET1  Finalizing ESMF
20241018 061524.204 INFO             PET2 !!!!!!!!!!!!!!!!!!!!!!!!!!!!!!!!!!!!!!!!!!!!!!!!!!!!!!
20241018 061524.204 INFO             PET2 !!! THE ESMF_LOG IS SET TO OUTPUT ALL LOG MESSAGES !!!
20241018 061524.204 INFO             PET2 !!!     THIS MAY CAUSE SLOWDOWN IN PERFORMANCE     !!!
20241018 061524.204 INFO             PET2 !!! FOR PRODUCTION RUNS, USE:                      !!!
20241018 061524.204 INFO             PET2 !!!                   ESMF_LOGKIND_Multi_On_Error  !!!
20241018 061524.204 INFO             PET2 !!!!!!!!!!!!!!!!!!!!!!!!!!!!!!!!!!!!!!!!!!!!!!!!!!!!!!
20241018 061524.204 INFO             PET2 Running with ESMF Version   : v8.8.0b01-7-gc92d921964
20241018 061524.204 INFO             PET2 ESMF library build date/time: "Oct 18 2024" "05:03:32"
20241018 061524.204 INFO             PET2 ESMF library build location : /glade/derecho/scratch/sacks/esmf-testing/nvhpc_23.7_mpi_O_develop/esmf
20241018 061524.204 INFO             PET2 ESMF_COMM                   : mpi
20241018 061524.210 INFO             PET2 ESMF_MOAB                   : enabled
20241018 061524.210 INFO             PET2 ESMF_LAPACK                 : enabled
20241018 061524.210 INFO             PET2 ESMF_NETCDF                 : enabled
20241018 061524.210 INFO             PET2 ESMF_PNETCDF                : disabled
20241018 061524.210 INFO             PET2 ESMF_PIO                    : enabled
20241018 061524.210 INFO             PET2 ESMF_YAMLCPP                : enabled
20241018 061524.271 DEBUG            PET2 about to destroy Grid: 0x760af0
20241018 061524.274 DEBUG            PET2 about to destroy Grid: 0x7627c0
20241018 061524.282 INFO             PET2  NUMBER_OF_PROCESSORS            4
20241018 061524.282 INFO             PET2  PASS  Example ESMF_NUOPCAtmModelEx, ESMF_NUOPCAtmModelEx.F90, line 806
20241018 061524.282 INFO             PET2  Finalizing ESMF
20241018 061524.204 INFO             PET3 !!!!!!!!!!!!!!!!!!!!!!!!!!!!!!!!!!!!!!!!!!!!!!!!!!!!!!
20241018 061524.204 INFO             PET3 !!! THE ESMF_LOG IS SET TO OUTPUT ALL LOG MESSAGES !!!
20241018 061524.204 INFO             PET3 !!!     THIS MAY CAUSE SLOWDOWN IN PERFORMANCE     !!!
20241018 061524.204 INFO             PET3 !!! FOR PRODUCTION RUNS, USE:                      !!!
20241018 061524.204 INFO             PET3 !!!                   ESMF_LOGKIND_Multi_On_Error  !!!
20241018 061524.204 INFO             PET3 !!!!!!!!!!!!!!!!!!!!!!!!!!!!!!!!!!!!!!!!!!!!!!!!!!!!!!
20241018 061524.204 INFO             PET3 Running with ESMF Version   : v8.8.0b01-7-gc92d921964
20241018 061524.204 INFO             PET3 ESMF library build date/time: "Oct 18 2024" "05:03:32"
20241018 061524.204 INFO             PET3 ESMF library build location : /glade/derecho/scratch/sacks/esmf-testing/nvhpc_23.7_mpi_O_develop/esmf
20241018 061524.204 INFO             PET3 ESMF_COMM                   : mpi
20241018 061524.241 INFO             PET3 ESMF_MOAB                   : enabled
20241018 061524.241 INFO             PET3 ESMF_LAPACK                 : enabled
20241018 061524.241 INFO             PET3 ESMF_NETCDF                 : enabled
20241018 061524.241 INFO             PET3 ESMF_PNETCDF                : disabled
20241018 061524.241 INFO             PET3 ESMF_PIO                    : enabled
20241018 061524.241 INFO             PET3 ESMF_YAMLCPP                : enabled
20241018 061524.271 DEBUG            PET3 about to destroy Grid: 0x760520
20241018 061524.274 DEBUG            PET3 about to destroy Grid: 0x7624c0
20241018 061524.282 INFO             PET3  NUMBER_OF_PROCESSORS            4
20241018 061524.282 INFO             PET3  PASS  Example ESMF_NUOPCAtmModelEx, ESMF_NUOPCAtmModelEx.F90, line 806
20241018 061524.282 INFO             PET3  Finalizing ESMF
