2024-10-16 04:27:56
20241016 052156.576 INFO             PET0 !!!!!!!!!!!!!!!!!!!!!!!!!!!!!!!!!!!!!!!!!!!!!!!!!!!!!!
20241016 052156.576 INFO             PET0 !!! THE ESMF_LOG IS SET TO OUTPUT ALL LOG MESSAGES !!!
20241016 052156.576 INFO             PET0 !!!     THIS MAY CAUSE SLOWDOWN IN PERFORMANCE     !!!
20241016 052156.576 INFO             PET0 !!! FOR PRODUCTION RUNS, USE:                      !!!
20241016 052156.576 INFO             PET0 !!!                   ESMF_LOGKIND_Multi_On_Error  !!!
20241016 052156.576 INFO             PET0 !!!!!!!!!!!!!!!!!!!!!!!!!!!!!!!!!!!!!!!!!!!!!!!!!!!!!!
20241016 052156.576 INFO             PET0 Running with ESMF Version   : v8.8.0b01-2-g867c30314c
20241016 052156.576 INFO             PET0 ESMF library build date/time: "Oct 16 2024" "04:23:50"
20241016 052156.576 INFO             PET0 ESMF library build location : /glade/derecho/scratch/sacks/esmf-testing/nvhpc_23.7_mpi_O_develop/esmf
20241016 052156.576 INFO             PET0 ESMF_COMM                   : mpi
20241016 052156.577 INFO             PET0 ESMF_MOAB                   : enabled
20241016 052156.577 INFO             PET0 ESMF_LAPACK                 : enabled
20241016 052156.577 INFO             PET0 ESMF_NETCDF                 : enabled
20241016 052156.577 INFO             PET0 ESMF_PNETCDF                : disabled
20241016 052156.577 INFO             PET0 ESMF_PIO                    : enabled
20241016 052156.577 INFO             PET0 ESMF_YAMLCPP                : enabled
20241016 052156.590 ERROR            PET0 ESMF_StateAPI.cppF90:1191 ESMF_StateAddList Object being used before creation  - Bad Object
20241016 052156.591 INFO             PET0  NUMBER_OF_PROCESSORS            4
20241016 052156.591 INFO             PET0  PASS  Example ESMF_StateReconcileEx, ESMF_StateReconcileEx.F90, line 294
20241016 052156.591 INFO             PET0  Finalizing ESMF
20241016 052156.589 INFO             PET1 !!!!!!!!!!!!!!!!!!!!!!!!!!!!!!!!!!!!!!!!!!!!!!!!!!!!!!
20241016 052156.589 INFO             PET1 !!! THE ESMF_LOG IS SET TO OUTPUT ALL LOG MESSAGES !!!
20241016 052156.589 INFO             PET1 !!!     THIS MAY CAUSE SLOWDOWN IN PERFORMANCE     !!!
20241016 052156.589 INFO             PET1 !!! FOR PRODUCTION RUNS, USE:                      !!!
20241016 052156.589 INFO             PET1 !!!                   ESMF_LOGKIND_Multi_On_Error  !!!
20241016 052156.589 INFO             PET1 !!!!!!!!!!!!!!!!!!!!!!!!!!!!!!!!!!!!!!!!!!!!!!!!!!!!!!
20241016 052156.589 INFO             PET1 Running with ESMF Version   : v8.8.0b01-2-g867c30314c
20241016 052156.589 INFO             PET1 ESMF library build date/time: "Oct 16 2024" "04:23:50"
20241016 052156.589 INFO             PET1 ESMF library build location : /glade/derecho/scratch/sacks/esmf-testing/nvhpc_23.7_mpi_O_develop/esmf
20241016 052156.589 INFO             PET1 ESMF_COMM                   : mpi
20241016 052156.589 INFO             PET1 ESMF_MOAB                   : enabled
20241016 052156.589 INFO             PET1 ESMF_LAPACK                 : enabled
20241016 052156.589 INFO             PET1 ESMF_NETCDF                 : enabled
20241016 052156.589 INFO             PET1 ESMF_PNETCDF                : disabled
20241016 052156.589 INFO             PET1 ESMF_PIO                    : enabled
20241016 052156.589 INFO             PET1 ESMF_YAMLCPP                : enabled
20241016 052156.590 ERROR            PET1 ESMF_StateAPI.cppF90:1191 ESMF_StateAddList Object being used before creation  - Bad Object
20241016 052156.591 INFO             PET1  NUMBER_OF_PROCESSORS            4
20241016 052156.591 INFO             PET1  PASS  Example ESMF_StateReconcileEx, ESMF_StateReconcileEx.F90, line 294
20241016 052156.591 INFO             PET1  Finalizing ESMF
20241016 052156.584 INFO             PET2 !!!!!!!!!!!!!!!!!!!!!!!!!!!!!!!!!!!!!!!!!!!!!!!!!!!!!!
20241016 052156.584 INFO             PET2 !!! THE ESMF_LOG IS SET TO OUTPUT ALL LOG MESSAGES !!!
20241016 052156.584 INFO             PET2 !!!     THIS MAY CAUSE SLOWDOWN IN PERFORMANCE     !!!
20241016 052156.584 INFO             PET2 !!! FOR PRODUCTION RUNS, USE:                      !!!
20241016 052156.584 INFO             PET2 !!!                   ESMF_LOGKIND_Multi_On_Error  !!!
20241016 052156.584 INFO             PET2 !!!!!!!!!!!!!!!!!!!!!!!!!!!!!!!!!!!!!!!!!!!!!!!!!!!!!!
20241016 052156.584 INFO             PET2 Running with ESMF Version   : v8.8.0b01-2-g867c30314c
20241016 052156.584 INFO             PET2 ESMF library build date/time: "Oct 16 2024" "04:23:50"
20241016 052156.584 INFO             PET2 ESMF library build location : /glade/derecho/scratch/sacks/esmf-testing/nvhpc_23.7_mpi_O_develop/esmf
20241016 052156.584 INFO             PET2 ESMF_COMM                   : mpi
20241016 052156.585 INFO             PET2 ESMF_MOAB                   : enabled
20241016 052156.585 INFO             PET2 ESMF_LAPACK                 : enabled
20241016 052156.585 INFO             PET2 ESMF_NETCDF                 : enabled
20241016 052156.585 INFO             PET2 ESMF_PNETCDF                : disabled
20241016 052156.585 INFO             PET2 ESMF_PIO                    : enabled
20241016 052156.585 INFO             PET2 ESMF_YAMLCPP                : enabled
20241016 052156.590 ERROR            PET2 ESMF_StateAPI.cppF90:1191 ESMF_StateAddList Object being used before creation  - Bad Object
20241016 052156.591 INFO             PET2  NUMBER_OF_PROCESSORS            4
20241016 052156.591 INFO             PET2  PASS  Example ESMF_StateReconcileEx, ESMF_StateReconcileEx.F90, line 294
20241016 052156.591 INFO             PET2  Finalizing ESMF
20241016 052156.579 INFO             PET3 !!!!!!!!!!!!!!!!!!!!!!!!!!!!!!!!!!!!!!!!!!!!!!!!!!!!!!
20241016 052156.579 INFO             PET3 !!! THE ESMF_LOG IS SET TO OUTPUT ALL LOG MESSAGES !!!
20241016 052156.579 INFO             PET3 !!!     THIS MAY CAUSE SLOWDOWN IN PERFORMANCE     !!!
20241016 052156.579 INFO             PET3 !!! FOR PRODUCTION RUNS, USE:                      !!!
20241016 052156.579 INFO             PET3 !!!                   ESMF_LOGKIND_Multi_On_Error  !!!
20241016 052156.579 INFO             PET3 !!!!!!!!!!!!!!!!!!!!!!!!!!!!!!!!!!!!!!!!!!!!!!!!!!!!!!
20241016 052156.579 INFO             PET3 Running with ESMF Version   : v8.8.0b01-2-g867c30314c
20241016 052156.579 INFO             PET3 ESMF library build date/time: "Oct 16 2024" "04:23:50"
20241016 052156.579 INFO             PET3 ESMF library build location : /glade/derecho/scratch/sacks/esmf-testing/nvhpc_23.7_mpi_O_develop/esmf
20241016 052156.579 INFO             PET3 ESMF_COMM                   : mpi
20241016 052156.580 INFO             PET3 ESMF_MOAB                   : enabled
20241016 052156.580 INFO             PET3 ESMF_LAPACK                 : enabled
20241016 052156.580 INFO             PET3 ESMF_NETCDF                 : enabled
20241016 052156.580 INFO             PET3 ESMF_PNETCDF                : disabled
20241016 052156.580 INFO             PET3 ESMF_PIO                    : enabled
20241016 052156.580 INFO             PET3 ESMF_YAMLCPP                : enabled
20241016 052156.590 ERROR            PET3 ESMF_StateAPI.cppF90:1191 ESMF_StateAddList Object being used before creation  - Bad Object
20241016 052156.591 INFO             PET3  NUMBER_OF_PROCESSORS            4
20241016 052156.591 INFO             PET3  PASS  Example ESMF_StateReconcileEx, ESMF_StateReconcileEx.F90, line 294
20241016 052156.591 INFO             PET3  Finalizing ESMF
