2024-10-13 03:35:48
--- ESMCI::ArrayBundle::print start ---
ArrayBundle: MyArrayBundle
arrayCount = 3
Container::print() multipmap:item=--- ESMCI::ArrayBundle::print start ---
ArrayBundle: MyArrayBundle
arrayCount = 3
Container::print() multipmap:item=0 key=AonFly value=0x1cacbe0
Container::print() multipmap:item=1 key=Array002 value=0x1ca9900
Container::print() multipmap:item=2 key=Array003 value=0x1caa410
Container::print()      list:item=0 key=AonFly value=0x1e52fa0
Container::print() multipmap:item=1 key=Array002 value=0x1e4ede0
Container::print() multipmap:item=2 key=Array003 value=0x1e4fca0
Container::print()      list:item=0 key=Array002 value=0x1e4ede0
Container::print()      list:item=1 key=Array003 value=0x1e4fca0
Container::print()      list:item=--- ESMCI::ArrayBundle::print start ---
ArrayBundle: MyArrayBundle
arrayCount = 3
Container::print() multipmap:item=0 key=AonFly value=--- ESMCI::ArrayBundle::print start ---
ArrayBundle: MyArrayBundle
arrayCount = 3
Container::print() multipmap:item=0 key=AonFly value=0x23dcdc0
Container::print() multipmap:item=1 key=Array002 value=0 key=Array002 value=0x1ca9900
Container::print()      list:item=1 key=Array003 value=0x1caa410
Container::print()      list:item=2 key=AonFly value=0x1cacbe0
--- ESMCI::ArrayBundle::print end ---
2 key=AonFly value=0x1e52fa0
--- ESMCI::ArrayBundle::print end ---
0x1213ea0
Container::print() multipmap:item=1 key=Array002 value=0x120fda0
Container::print() multipmap:item=2 key=Array003 value=0x1210be0
Container::print()      list:item=0 key=0x23d9a20
Container::print() multipmap:item=2 key=Array003 value=0x23da570
Container::print()      list:item=0 key=Array002 value=0x23d9a20
Container::print()      list:item=1 key=Array003 value=Array002 value=0x120fda0
Container::print()      list:item=1 key=Array003 value=0x1210be0
Container::print()      list:item=20x23da570
Container::print()      list:item=2 key=AonFly value=0x23dcdc0
--- ESMCI::ArrayBundle::print end ---
 key=AonFly value=0x1213ea0
--- ESMCI::ArrayBundle::print end ---
--- ESMCI::Array::print start ---
 Base name    = AonFly
 Status: Base = --- ESMCI::Array::print start ---
 Base name    = AonFly
Ready,  object = Ready
 Proxy        = no
 Root Info (Attributes):
 Status: Base = Ready,  object = Ready
 Proxy        = no
 Root Info (Attributes):
--- ESMCI::Array::print start ---
 Base name    = AonFly
--- ESMCI::Array::print start ---
 Base name    = AonFly
 Status: Base = Ready,  object = Ready
 Proxy        = no Status: Base = Ready,  object = Ready
 Proxy        = 
 Root Info (Attributes):
no
 Root Info (Attributes):
{}{}{}{}Array typekind/rank: Real*4 / 2 
~ lower class' values ~
DistGrid dimCount = 2
deCount = 6
localDeCount = 2
~ local data in LocalArray for DE 0 ~
LocalArrayPrint: Array at address 0x1e52940:
Array typekind/rank: Real*4 / 2 
~ lower class' values ~
DistGrid dimCount = 2
deCount = 6
localDeCount = 2
Array typekind/rank: Real*4 / 2 
~ lower class' values ~
DistGrid dimCount = 2
deCount = 6
localDeCount = 1
~ local data in LocalArray for DE 2 ~
Array typekind/rank: Real*4 / 2 
~ lower class' values ~
DistGrid dimCount = 2
deCount = 6
localDeCount = 1
~ local data in LocalArray for DE 3 ~
LocalArrayPrint: Array at address 0x1cac8b0:
            rank = 2, typekind = 5, base_addr = 0x1ca9530
            dim[0] = 2  dim[1] = 2  
  Real, *4, Dim 2, Data values:
            rank = 2, typekind = 5, base_addr = 0x1e4e6c0
            dim[0] = 3  dim[1] = 2  
  Real, *4, Dim 2, Data values:
~ local data in LocalArray for DE 1 ~
LocalArrayPrint: Array at address 0x1213840:
            rank = 2, typekind = 5, base_addr = 0x120f680
            dim[0] = 2  dim[1] = 2  
  Real, *4, Dim 2, Data values:
LocalArrayPrint: Array at address 0x23dca90:
            rank = 2, typekind = 5, base_addr = 0x23d9650
            dim[0] = 3  dim[1] = 2  
  Real, *4, Dim 2, Data values:
( 1, 1) =  8.41282e-38
( 2, 1) =  0
( 3, 1) =  4.2039e-45
( 1, 1) =  7.4449e-38
( 2, 1) =  0
( 1, 2) =  0
( 2, 2) =  0
--- ESMCI::Array::print end ---
--- ESMCI::Array::print start ---
 Base name    = Array002
 Status: Base = Ready,  object = Ready
 Proxy        = no
 Root Info (Attributes):
( 1, 2) =  1.4013e-45
( 2, 2) =  0
( 3, 2) =  0
~ local data in LocalArray for DE 4 ~
LocalArrayPrint: Array at address 0x1e52c70:
( 1, 1) =  2.95854e-38
( 2, 1) =  0
( 1, 2) =  2.8026e-45
( 2, 2) =  1.4013e-45
~ local data in LocalArray for DE 5 ~
LocalArrayPrint: Array at address 0x1213b70:
( 1, 1) =  1.39352e-37
( 2, 1) =  0
( 3, 1) =  0
( 1, 2) =  0
( 2, 2) =  0
( 3, 2) =  0
--- ESMCI::Array::print end ---
--- ESMCI::Array::print start ---{}Array typekind/rank: Real*8 / 2 
~ lower class' values ~
DistGrid dimCount = 2
deCount = 6
localDeCount = 1
~ local data in LocalArray for DE 3 ~
LocalArrayPrint: Array at address 0x1ca95d0:
            rank = 2, typekind = 6, base_addr = 0x1c7ed00
            dim[0] = 2  dim[1] = 2  
  Real, *8, Dim 2, Data values:
            rank = 2, typekind = 5, base_addr = 0x1e52880
            dim[0] = 3  dim[1] = 1  
  Real, *4, Dim 2, Data values:
( 1, 1) =  8.41792e-38
( 2, 1) =  0
( 3, 1) =  0
--- ESMCI::Array::print end ---
            rank = 2, typekind = 5, base_addr = 0x1213780
            dim[0] = 2  dim[1] = 1  
  Real, *4, Dim 2, Data values:
( 1, 1) =  2.96108e-38
( 2, 1) =  0
--- ESMCI::Array::print end ---

 Base name    = Array002
 Status: Base = Ready,  object = Ready
 Proxy        = no
 Root Info (Attributes):
( 1, 1) =  1.47628e-316
( 2, 1) =  4.24399e-314
( 1, 2) =  0
( 2, 2) =  0
--- ESMCI::Array::print end ---
--- ESMCI::Array::print start ---
 Base name    = Array003
 Status: Base = Ready,  object = Ready
 Proxy        = no
 Root Info (Attributes):
--- ESMCI::Array::print start ---
 Base name    = Array002
 Status: Base = Ready,  object = Ready
 Proxy        = no
 Root Info (Attributes):
--- ESMCI::Array::print start ---
 Base name    = Array002
 Status: Base = Ready,  object = Ready
 Proxy        = no
 Root Info (Attributes):
{}{}Array typekind/rank: Real*8 / 2 
~ lower class' values ~
DistGrid dimCount = 2
deCount = 6
localDeCount = 1
~ local data in LocalArray for DE 2 ~
LocalArrayPrint: Array at address 0x23d96f0:
            rank = 2, typekind = 6, base_addr = 0x23aed20
            {}Array typekind/rank: Real*8 / 2 
~ lower class' values ~
DistGrid dimCount = 2
deCount = 6
localDeCount = 1
~ local data in LocalArray for DE 3 ~
LocalArrayPrint: Array at address 0x1caa0e0:
            rank = 2, typekind = 6, base_addr = 0x1c7ef60
            dim[0] = 2  dim[1] = 2  
  Real, *8, Dim 2, Data values:
( 1, 1) =  1.47624e-316
{}Array typekind/rank: Real*8 / 2 
~ lower class' values ~
DistGrid dimCount = 2
deCount = 6
localDeCount = 2
~ local data in LocalArray for DE 0 ~
LocalArrayPrint: Array at address 0x1e4e760:
            rank = 2, typekind = 6, base_addr = 0x1e24d50
            dim[0] = 3  Array typekind/rank: Real*8 / 2 
~ lower class' values ~
DistGrid dimCount = 2
deCount = 6
localDeCount = 2
~ local data in LocalArray for DE 1 ~
LocalArrayPrint: Array at address 0x120f720:
            rank = 2, typekind = 6, base_addr = 0x11e5ce0
            dim[0] = 2  dim[0] = 3  dim[1] = 2  
  Real, *8, Dim 2, Data values:
( 1, 1) =  1.84883e-316
( 2, 1) =  4.24399e-314
( 3, 1) =  4.24399e-314
( 2, 1) =  4.24399e-314
( 1, 2) =  0
( 2, 2) =  0
--- ESMCI::Array::print end ---
dim[1] = 2  
  Real, *8, Dim 2, Data values:
( 1, 1) =  1.56166e-316
( 2, 1) =  4.24399e-314
( 3, 1) =  4.24399e-314
( 1, 2) =  4.24399e-314
dim[1] = 2  
  Real, *8, Dim 2, Data values:
( 1, 1) =  9.27052e-317
( 2, 1) =  4.24399e-314
( 1, 2) =  0
( 2, 2) =  0
( 1, 2) =  4.24399e-314
( 2, 2) =  2.122e-314
( 3, 2) =  2.122e-314
--- ESMCI::Array::print end ---
--- ESMCI::Array::print start ---
 Base name    = Array003
( 2, 2) =  2.122e-314
( 3, 2) =  2.122e-314
~ local data in LocalArray for DE 4 ~
LocalArrayPrint: Array at address 0x1e4ea90:
            rank = 2, typekind = 6, base_addr = 0x1e4edc0
            dim[0] = 3  ~ local data in LocalArray for DE 5 ~
LocalArrayPrint: Array at address 0x120fa50:
            rank = 2, typekind = 6, base_addr = 0x120fd80
            dim[0] = 2  dim[1] = 1  
  Real, *8, Dim 2, Data values:
 Status: Base = Ready,  object = Ready
 Proxy        = no
 Root Info (Attributes):
{}dim[1] = 1  
  Real, *8, Dim 2, Data values:
( 1, 1) =  0
( 2, 1) =  0
( 3, 1) =  0
--- ESMCI::Array::print end ---
--- ESMCI::Array::print start ---( 1, 1) =  0
( 2, 1) =  0
--- ESMCI::Array::print end ---
--- ESMCI::Array::print start ---
 Base name    = Array003
 Status: Base = Ready,  object = Ready
Array typekind/rank: Real*8 / 2 
~ lower class' values ~
DistGrid dimCount = 2
deCount = 6
localDeCount = 1
~ local data in LocalArray for DE 2 ~
LocalArrayPrint: Array at address 0x23da200:
            rank = 2, typekind = 6, base_addr = 0x23da530
            
 Base name    = Array003
 Status: Base = Ready,  object = Ready
 Proxy        = no
 Root Info (Attributes):
{} Proxy        = no
 Root Info (Attributes):
{}Array typekind/rank: Real*8 / 2 
~ lower class' values ~
DistGrid dimCount = 2
dim[0] = 3  dim[1] = 2  
  Real, *8, Dim 2, Data values:
( 1, 1) =  0
( 2, 1) =  0
( 3, 1) =  0
Array typekind/rank: Real*8 / 2 
~ lower class' values ~
DistGrid dimCount = 2
deCount = 6
localDeCount = 2
~ local data in LocalArray for DE 0 ~
LocalArrayPrint: Array at address 0x1e4f600:
            rank = 2, typekind = 6, base_addr = 0x1e4f930
            deCount = 6
localDeCount = 2
~ local data in LocalArray for DE 1 ~
LocalArrayPrint: Array at address 0x1210580:
            rank = 2, typekind = 6, base_addr = 0x11e4fe0
            dim[0] = 2  dim[1] = 2  
( 1, 2) =  0
( 2, 2) =  0
( 3, 2) =  0
--- ESMCI::Array::print end ---
  PASS  Example ESMF_ArrayBundleEx, ESMF_ArrayBundleEx.F90, line 267
dim[0] = 3  dim[1] = 2  
  Real, *8, Dim 2, Data values:
( 1, 1) =  0
( 2, 1) =  0
( 3, 1) =  0
( 1, 2) =  0
( 2, 2) =  0
( 3, 2) =  0
  Real, *8, Dim 2, Data values:
( 1, 1) =  9.27055e-317
( 2, 1) =  4.24399e-314
( 1, 2) =  0
( 2, 2) =  0
~ local data in LocalArray for DE 5 ~
LocalArrayPrint: Array at address 0x12108b0:
            rank = 2, typekind = 6, base_addr = 0x120f640
~ local data in LocalArray for DE 4 ~
LocalArrayPrint: Array at address 0x1e4f970:
            rank = 2, typekind = 6, base_addr = 0x1e4e680
            dim[0] = 3  dim[1] = 1              dim[0] = 2  dim[1] = 1  
  Real, *8, Dim 2, Data values:
( 1, 1) =  9.35633e-317

  Real, *8, Dim 2, Data values:
( 1, 1) =  1.57006e-316
( 2, 1) =  2.122e-314
( 2, 1) =  2.122e-314
--- ESMCI::Array::print end ---
( 3, 1) =  0
--- ESMCI::Array::print end ---
  PASS  Example ESMF_ArrayBundleEx, ESMF_ArrayBundleEx.F90, line 267
  PASS  Example ESMF_ArrayBundleEx, ESMF_ArrayBundleEx.F90, line 267
  PASS  Example ESMF_ArrayBundleEx, ESMF_ArrayBundleEx.F90, line 267
 PASS: ESMF_ArrayBundleEx.F90
 PASS: ESMF_ArrayBundleEx.F90
 PASS: ESMF_ArrayBundleEx.F90
 PASS: ESMF_ArrayBundleEx.F90
