2025-05-08 00:38:10
20250508 005511.105 INFO             PET0 !!!!!!!!!!!!!!!!!!!!!!!!!!!!!!!!!!!!!!!!!!!!!!!!!!!!!!
20250508 005511.105 INFO             PET0 !!! THE ESMF_LOG IS SET TO OUTPUT ALL LOG MESSAGES !!!
20250508 005511.105 INFO             PET0 !!!     THIS MAY CAUSE SLOWDOWN IN PERFORMANCE     !!!
20250508 005511.105 INFO             PET0 !!! FOR PRODUCTION RUNS, USE:                      !!!
20250508 005511.105 INFO             PET0 !!!                   ESMF_LOGKIND_Multi_On_Error  !!!
20250508 005511.105 INFO             PET0 !!!!!!!!!!!!!!!!!!!!!!!!!!!!!!!!!!!!!!!!!!!!!!!!!!!!!!
20250508 005511.105 INFO             PET0 Running with ESMF Version   : v8.9.0b08-5-g079ca68fdc
20250508 005511.105 INFO             PET0 ESMF library build date/time: "May  8 2025" "00:37:05"
20250508 005511.105 INFO             PET0 ESMF library build location : /home/gerhard/ESMF-Nightly-Testing/gfortran_11.2.0_mpich_O_develop/esmf
20250508 005511.105 INFO             PET0 ESMF_COMM                   : mpich
20250508 005511.105 INFO             PET0 ESMF_MOAB                   : enabled
20250508 005511.105 INFO             PET0 ESMF_LAPACK                 : enabled
20250508 005511.105 INFO             PET0 ESMF_NETCDF                 : enabled
20250508 005511.105 INFO             PET0 ESMF_PNETCDF                : disabled
20250508 005511.105 INFO             PET0 ESMF_PIO                    : enabled
20250508 005511.105 INFO             PET0 ESMF_YAMLCPP                : enabled
20250508 005511.105 INFO             PET0  NUMBER_OF_PROCESSORS           1
20250508 005511.105 INFO             PET0  PASS  Example ESMF_ClockEx, ESMF_ClockEx.F90, line 220
20250508 005511.105 INFO             PET0  Finalizing ESMF
