2024-10-13 04:47:29
20241013 050428.084 INFO             PET0 !!!!!!!!!!!!!!!!!!!!!!!!!!!!!!!!!!!!!!!!!!!!!!!!!!!!!!
20241013 050428.084 INFO             PET0 !!! THE ESMF_LOG IS SET TO OUTPUT ALL LOG MESSAGES !!!
20241013 050428.084 INFO             PET0 !!!     THIS MAY CAUSE SLOWDOWN IN PERFORMANCE     !!!
20241013 050428.084 INFO             PET0 !!! FOR PRODUCTION RUNS, USE:                      !!!
20241013 050428.084 INFO             PET0 !!!                   ESMF_LOGKIND_Multi_On_Error  !!!
20241013 050428.084 INFO             PET0 !!!!!!!!!!!!!!!!!!!!!!!!!!!!!!!!!!!!!!!!!!!!!!!!!!!!!!
20241013 050428.084 INFO             PET0 Running with ESMF Version   : v8.8.0b01
20241013 050428.084 INFO             PET0 ESMF library build date/time: "Oct 13 2024" "04:46:17"
20241013 050428.084 INFO             PET0 ESMF library build location : /home/gerhard/ESMF-Nightly-Testing/gfortran_11.2.0_mpich_O_develop/esmf
20241013 050428.084 INFO             PET0 ESMF_COMM                   : mpich
20241013 050428.084 INFO             PET0 ESMF_MOAB                   : enabled
20241013 050428.084 INFO             PET0 ESMF_LAPACK                 : enabled
20241013 050428.084 INFO             PET0 ESMF_NETCDF                 : enabled
20241013 050428.084 INFO             PET0 ESMF_PNETCDF                : disabled
20241013 050428.084 INFO             PET0 ESMF_PIO                    : enabled
20241013 050428.084 INFO             PET0 ESMF_YAMLCPP                : enabled
20241013 050428.085 INFO             PET0  NUMBER_OF_PROCESSORS           1
20241013 050428.085 INFO             PET0  PASS  Example ESMF_AlarmEx, ESMF_AlarmEx.F90, line 244
20241013 050428.085 INFO             PET0  Finalizing ESMF
