2024-10-10 05:03:29
--- ESMCI::ArrayBundle::print start ---
ArrayBundle: MyArrayBundle
arrayCount = 3
Container::print() multipmap:item=--- ESMCI::ArrayBundle::print start ---
ArrayBundle: MyArrayBundle
arrayCount = 3
Container::print() multipmap:item=0 key=AonFly value=0xb181e0
Container::print() multipmap:item=1 key=Array002--- ESMCI::ArrayBundle::print start ---
ArrayBundle: MyArrayBundle
arrayCount = 3
Container::print() multipmap:item=0 key=AonFly value=0x2595fc0
Container::print() multipmap:item=1 key=Array002 value=0x25da8f0
Container::print() multipmap:item=2--- ESMCI::ArrayBundle::print start ---
ArrayBundle: MyArrayBundle
arrayCount = 3
Container::print() multipmap:item=0 key=AonFly value=0xdeaef0
Container::print() multipmap:item=1 key=Array002 value=0xe2f8f0
Container::print() multipmap:item=2 key=Array003 value=0xe300e0
Container::print()      list:item=0 key=Array002 value=0xe2f8f0
Container::print()      list:item=1 key=0 key=AonFly value=0x18a66e0
Container::print() multipmap:item=1 key=Array002 value=0x18e9f40
Container::print() multipmap:item=2 key=Array003 value=0x18eacc0
Container::print()      list:item=0 key=Array002 value=0x18e9f40
Container::print()      list:item=1 key=Array003 value=0x18eacc0
Container::print()      list:item=2 key=AonFly value=0x18a66e0
--- ESMCI::ArrayBundle::print end ---
 value=0xb5bc40
Container::print() multipmap:item=2 key=Array003 value=0xb5c800
Container::print()      list:item=0 key=Array002 value=0xb5bc40
Container::print()      list:item=1 key=Array003 value=0xb5c800
Container::print()      list:item=2 key=AonFly value=0xb181e0
--- ESMCI::ArrayBundle::print end ---
 key=Array003 value=0x25db120
Container::print()      list:item=0 key=Array002 value=0x25da8f0
Container::print()      list:item=1 key=Array003 value=0x25db120
Container::print()      list:item=2 key=AonFly value=0x2595fc0
--- ESMCI::ArrayBundle::print end ---
Array003 value=0xe300e0
Container::print()      list:item=2 key=AonFly value=0xdeaef0
--- ESMCI::ArrayBundle::print end ---
--- ESMCI::Array::print start ---
 Base name    = AonFly
 Status: Base = --- ESMCI::Array::print start ---
 Base name    = AonFly
 Status: Base = Ready, Ready,  object = Ready
 Proxy        = no
 Root Info (Attributes):
--- ESMCI::Array::print start ---
 Base name    = AonFly
 Status: Base = Ready,  object = Ready
--- ESMCI::Array::print start ---
 Base name    = AonFly
 Status: Base = Ready,  object = Ready
 Proxy        = no
 Root Info (Attributes):
 object = Ready
 Proxy        = no
 Root Info (Attributes):
 Proxy        = no
 Root Info (Attributes):
{}{}Array typekind/rank: Real*4 / 2 
Array typekind/rank: Real*4 / 2 
~ lower class' values ~
DistGrid dimCount = 2
deCount = 6
localDeCount = 2
~ local data in LocalArray for DE 0 ~
LocalArrayPrint: Array at address 0x18a6080:
{}{}Array typekind/rank: Real*4 / 2 
~ lower class' values ~
~ lower class' values ~
DistGrid dimCount = 2
deCount = 6
localDeCount = 1
~ local data in LocalArray for DE 3 ~
LocalArrayPrint: Array at address 0xdeabc0:
            rank = 2, typekind = 5, base_addr = 0xdea210
            dim[0] = 2  dim[1] = 2  
  Real, *4, Dim 2, Data values:
            rank = 2, typekind = 5, base_addr = 0x18e9820
            dim[0] = 3  dim[1] = 2  
  Real, *4, Dim 2, Data values:
( 1, 1) =  5.24222e-38
( 2, 1) =  0
Array typekind/rank: Real*4 / 2 
~ lower class' values ~
DistGrid dimCount = 2
deCount = 6
localDeCount = 2
~ local data in LocalArray for DE 1 ~
LocalArrayPrint: Array at address 0xb17b80:
            rank = 2, typekind = 5, base_addr = 0xb16320
            dim[0] = 2  dim[1] = 2  DistGrid dimCount = 2
deCount = 6
localDeCount = 1
~ local data in LocalArray for DE 2 ~
LocalArrayPrint: Array at address 0x2595c90:
            rank = 2, typekind = 5, base_addr = 0x2595210
            dim[0] = 3  dim[1] = 2  
  Real, *4, Dim 2, Data values:
( 1, 1) =  2.08493e-38
( 2, 1) =  0
( 1, 2) =  -1.98347e+17
( 2, 2) =  4.56907e-41
--- ESMCI::Array::print end ---
--- ESMCI::Array::print start ---
 Base name    = Array002
 Status: Base = Ready( 3, 1) =  4.2039e-45
( 1, 2) =  1.4013e-45
( 2, 2) =  0
( 3, 2) =  0
~ local data in LocalArray for DE 4 ~
LocalArrayPrint: Array at address 0x18a63b0:
            rank = 2, typekind = 5, base_addr = 0x18a5fc0
            dim[0] = 3  dim[1] = 1  
  Real, *4, Dim 2, Data values:
( 1, 1) =  5.08304e-38
( 2, 1) =  0

  Real, *4, Dim 2, Data values:
( 1, 1) =  1.66969e-38
,  object = Ready
 Proxy        = no
 Root Info (Attributes):
{}Array typekind/rank: Real*8 / 2 
~ lower class' values ~
DistGrid dimCount = 2
deCount = 6
localDeCount = 1
~ local data in LocalArray for DE 3 ~
LocalArrayPrint: Array at address 0xe2f5c0:
            rank = 2, typekind = 6, ( 3, 1) =  -0.000590965
--- ESMCI::Array::print end ---
--- ESMCI::Array::print start ---
 Base name    = Array002
 Status: Base = Ready,  object = Ready
 Proxy        = no
 Root Info (Attributes):
{}( 2, 1) =  0
( 1, 2) =  2.8026e-45
( 2, 2) =  1.4013e-45
~ local data in LocalArray for DE 5 ~
LocalArrayPrint: Array at address 0xb17eb0:
            rank = 2, typekind = 5, base_addr = 0xb17ac0
( 1, 1) =  1.62893e-37
( 2, 1) =  0
( 3, 1) =  1.4502e-27
( 1, 2) =  4.5758e-41
( 2, 2) =  0
( 3, 2) =  0
--- ESMCI::Array::print end ---
--- ESMCI::Array::print start ---
 Base name    = Array002
 Status: Base = base_addr = 0xdf6fe0
            dim[0] = 2  dim[1] = 2  
  Real, *8, Dim 2, Data values:
( 1, 1) =  7.35587e-317
( 2, 1) =  4.24399e-314
( 1, 2) =  0
( 2, 2) =  0
--- ESMCI::Array::print end ---
--- ESMCI::Array::print start ---
 Base name    = Array003
 Status: Base = ReadyArray typekind/rank: Real*8 / 2 
~ lower class' values ~
DistGrid dimCount = 2
deCount = 6
localDeCount = 2
~ local data in LocalArray for DE 0 ~
LocalArrayPrint: Array at address 0x18e98c0:
            rank = 2, typekind = 6, base_addr = 0x18a3d00
            dim[0] = 3  dim[1] = 2  
  Real, *8, Dim 2, Data values:
( 1, 1) =  1.27652e-316
( 2, 1) =  4.24399e-314
            dim[0] = 2  dim[1] = 1  
  Real, *4, Dim 2, Data values:
( 1, 1) =  1.62989e-38
( 2, 1) =  0
--- ESMCI::Array::print end ---
--- ESMCI::Array::print start ---
 Base name    = Array002
Ready,  object = Ready
 Proxy        = no
 Root Info (Attributes):
{}Array typekind/rank: Real*8 / 2 
~ lower class' values ~
DistGrid dimCount = 2
deCount = 6
,  object = Ready
 Proxy        = no
 Root Info (Attributes):
{}Array typekind/rank: Real*8 / 2 
~ lower class' values ~
DistGrid dimCount = 2
deCount = 6
localDeCount = 1
~ local data in LocalArray for DE 3 ~
LocalArrayPrint: Array at address 0xe2fdb0:
            rank = 2, typekind = 6, base_addr = 0xe32e00
            dim[0] = 2  dim[1] = 2  
  Real, *8, Dim 2, Data values:
( 3, 1) =  4.24399e-314
( 1, 2) =  4.24399e-314
( 2, 2) =  2.122e-314
( 3, 2) =  2.122e-314
~ local data in LocalArray for DE 4 ~
LocalArrayPrint: Array at address 0x18e9bf0:
            rank = 2, typekind = 6, base_addr = 0x18e9f20
            dim[0] = 3  dim[1] = 1  
  Real, *8, Dim 2, Data values:
( 1, 1) =  6.90831e-310
( 2, 1) =  6.90831e-310
 Status: Base = Ready,  object = Ready
 Proxy        = no
 Root Info (Attributes):
{}Array typekind/rank: Real*8 / 2 
~ lower class' values ~
DistGrid dimCount = 2
localDeCount = 1
~ local data in LocalArray for DE 2 ~
LocalArrayPrint: Array at address 0x25da5c0:
            rank = 2, typekind = 6, base_addr = 0x25b50c0
            dim[0] = 3  dim[1] = 2  
  Real, *8, Dim 2, Data values:
( 1, 1) =  1.94694e-316
( 1, 1) =  7.23471e-317
( 2, 1) =  4.24399e-314
( 1, 2) =  0
( 2, 2) =  0
--- ESMCI::Array::print end ---
( 3, 1) =  0
--- ESMCI::Array::print end ---
--- ESMCI::Array::print start ---
 Base name    = Array003
 Status: Base = Ready,  object = Ready
 Proxy        = no
 Root Info (Attributes):
{}Array typekind/rank: Real*8 / 2 
~ lower class' values ~
DistGrid dimCount = 2
deCount = 6
localDeCount = 2
~ local data in LocalArray for DE 0 ~
LocalArrayPrint: Array at address 0x18ea620:
deCount = 6
localDeCount = 2
~ local data in LocalArray for DE 1 ~
LocalArrayPrint: Array at address 0xb5b5c0:
            rank = 2, typekind = 6, base_addr = 0xb15b50
            dim[0] = 2  dim[1] = 2  
  Real, *8, Dim 2, Data values:
( 1, 1) =  5.8908e-317
( 2, 1) =  4.24399e-314
( 3, 1) =  4.24399e-314
( 1, 2) =  4.24399e-314
( 2, 2) =  2.122e-314
( 3, 2) =  2.122e-314
--- ESMCI::Array::print end ---
--- ESMCI::Array::print start ---
            rank = 2, typekind = 6, base_addr = 0x18ea950
            dim[0] = 3  dim[1] = 2  
  Real, *8, Dim 2, Data values:
( 1, 1) =  6.90831e-310
( 2, 1) =  6.90831e-310
( 3, 1) =  0
( 1, 2) =  0
( 2, 2) =  0
( 2, 1) =  4.24399e-314
( 1, 2) =  0
( 2, 2) =  0
~ local data in LocalArray for DE 5 ~
LocalArrayPrint: Array at address 0xb5b8f0:
            rank = 2, typekind = 6, base_addr = 0xb5bc20
 Base name    = Array003
 Status: Base = Ready,  object = Ready
 Proxy        = no
 Root Info (Attributes):
{}Array typekind/rank: Real*8 / 2 
~ lower class' values ~( 3, 2) =  1.29085e-316
~ local data in LocalArray for DE 4 ~
LocalArrayPrint: Array at address 0x18ea990:
            rank = 2, typekind = 6, base_addr = 0x18a3cb0
            dim[0] = 3  dim[1] = 1  
  Real, *8, Dim 2, Data values:
( 1, 1) =  1.29061e-316
( 2, 1) =  2.122e-314
( 3, 1) =  0
--- ESMCI::Array::print end ---
            dim[0] = 2  dim[1] = 1  
  Real, *8, Dim 2, Data values:
( 1, 1) =  6.91439e-310
( 2, 1) =  6.91439e-310
--- ESMCI::Array::print end ---
--- ESMCI::Array::print start ---
DistGrid dimCount = 2
deCount = 6
localDeCount = 1
~ local data in LocalArray for DE 2 ~
LocalArrayPrint: Array at address 0x25dadb0:
            rank = 2, typekind = 6, base_addr = 0x25db0e0
            dim[0] = 3  dim[1] = 2  
  Real, *8, Dim 2, Data values:

 Base name    = Array003
 Status: Base = Ready,  object = Ready
 Proxy        = no
 Root Info (Attributes):
( 1, 1) =  6.92918e-310
( 2, 1) =  6.92918e-310
( 3, 1) =  0
( 1, 2) =  0
  PASS  Example ESMF_ArrayBundleEx, ESMF_ArrayBundleEx.F90, line 267
{}Array typekind/rank: Real*8 / 2 
~ lower class' values ~
DistGrid dimCount = 2
deCount = 6
localDeCount = 2
~ local data in LocalArray for DE 1 ~
LocalArrayPrint: Array at address 0xb5c1a0:
( 2, 2) =  0
( 3, 2) =  0
--- ESMCI::Array::print end ---
            rank = 2, typekind = 6, base_addr = 0xb06d00
            dim[0] = 2  dim[1] = 2  
  Real, *8, Dim 2, Data values:
  PASS  Example ESMF_ArrayBundleEx, ESMF_ArrayBundleEx.F90, line 267
( 1, 1) =  5.74367e-317
( 2, 1) =  6.91439e-310
( 1, 2) =  0
( 2, 2) =  0
~ local data in LocalArray for DE 5 ~
LocalArrayPrint: Array at address 0xb5c4d0:
            rank = 2, typekind = 6, base_addr = 0xb15b30
            dim[0] = 2  dim[1] = 1  
  Real, *8, Dim 2, Data values:
( 1, 1) =  5.74361e-317
( 2, 1) =  2.122e-314
--- ESMCI::Array::print end ---
  PASS  Example ESMF_ArrayBundleEx, ESMF_ArrayBundleEx.F90, line 267
  PASS  Example ESMF_ArrayBundleEx, ESMF_ArrayBundleEx.F90, line 267
 PASS: ESMF_ArrayBundleEx.F90
 PASS: ESMF_ArrayBundleEx.F90
 PASS: ESMF_ArrayBundleEx.F90
 PASS: ESMF_ArrayBundleEx.F90
