2025-05-07 23:07:49
20250508 011231.310 INFO             PET0 !!!!!!!!!!!!!!!!!!!!!!!!!!!!!!!!!!!!!!!!!!!!!!!!!!!!!!
20250508 011231.311 INFO             PET0 !!! THE ESMF_LOG IS SET TO OUTPUT ALL LOG MESSAGES !!!
20250508 011231.311 INFO             PET0 !!!     THIS MAY CAUSE SLOWDOWN IN PERFORMANCE     !!!
20250508 011231.311 INFO             PET0 !!! FOR PRODUCTION RUNS, USE:                      !!!
20250508 011231.311 INFO             PET0 !!!                   ESMF_LOGKIND_Multi_On_Error  !!!
20250508 011231.311 INFO             PET0 !!!!!!!!!!!!!!!!!!!!!!!!!!!!!!!!!!!!!!!!!!!!!!!!!!!!!!
20250508 011231.311 INFO             PET0 Running with ESMF Version   : v8.9.0b08-5-g079ca68fdc
20250508 011231.311 INFO             PET0 ESMF library build date/time: "May  7 2025" "23:03:38"
20250508 011231.311 INFO             PET0 ESMF library build location : /discover/nobackup/projects/gmao/SIteam/ESMF_Testing/intel_2021.6.0_intelmpi_g_develop/esmf
20250508 011231.311 INFO             PET0 ESMF_COMM                   : intelmpi
20250508 011231.311 INFO             PET0 ESMF_MOAB                   : enabled
20250508 011231.311 INFO             PET0 ESMF_LAPACK                 : enabled
20250508 011231.311 INFO             PET0 ESMF_NETCDF                 : disabled
20250508 011231.311 INFO             PET0 ESMF_PNETCDF                : disabled
20250508 011231.311 INFO             PET0 ESMF_PIO                    : disabled
20250508 011231.311 INFO             PET0 ESMF_YAMLCPP                : enabled
20250508 011231.314 INFO             PET0 Before Reconcile:--- StateLog() start -----------------
20250508 011231.315 INFO             PET0 Before Reconcile:<name: State001> <intent: ESMF_STATEINTENT_UNSPECIFIED> <itemCount:    3>
20250508 011231.315 INFO             PET0 Before Reconcile:+-<item: 0001> <itemType: Field> <itemName: Field1>
20250508 011231.315 INFO             PET0 Before Reconcile:+-<item: 0002> <itemType: Field> <itemName: Field2>
20250508 011231.315 INFO             PET0 Before Reconcile:+-<item: 0003> <itemType: Field> <itemName: Field3>
20250508 011231.315 INFO             PET0 Before Reconcile:--- StateLog() end -------------------
20250508 011231.319 INFO             PET0 After Reconcile:--- StateLog() start -----------------
20250508 011231.319 INFO             PET0 After Reconcile:<name: State001> <intent: ESMF_STATEINTENT_UNSPECIFIED> <itemCount:    3>
20250508 011231.319 INFO             PET0 After Reconcile:+-<item: 0001> <itemType: Field> <itemName: Field1>
20250508 011231.319 INFO             PET0 After Reconcile:+-<item: 0002> <itemType: Field> <itemName: Field2>
20250508 011231.319 INFO             PET0 After Reconcile:+-<item: 0003> <itemType: Field> <itemName: Field3>
20250508 011231.319 INFO             PET0 After Reconcile:--- StateLog() end -------------------
20250508 011231.320 INFO             PET0  NUMBER_OF_PROCESSORS           4
20250508 011231.320 INFO             PET0  PASS  Example ESMF_StateReconcileEx, ESMF_StateReconcileEx.F90, line 233
20250508 011231.320 INFO             PET0  Finalizing ESMF
20250508 011231.311 INFO             PET1 !!!!!!!!!!!!!!!!!!!!!!!!!!!!!!!!!!!!!!!!!!!!!!!!!!!!!!
20250508 011231.311 INFO             PET1 !!! THE ESMF_LOG IS SET TO OUTPUT ALL LOG MESSAGES !!!
20250508 011231.311 INFO             PET1 !!!     THIS MAY CAUSE SLOWDOWN IN PERFORMANCE     !!!
20250508 011231.311 INFO             PET1 !!! FOR PRODUCTION RUNS, USE:                      !!!
20250508 011231.311 INFO             PET1 !!!                   ESMF_LOGKIND_Multi_On_Error  !!!
20250508 011231.311 INFO             PET1 !!!!!!!!!!!!!!!!!!!!!!!!!!!!!!!!!!!!!!!!!!!!!!!!!!!!!!
20250508 011231.311 INFO             PET1 Running with ESMF Version   : v8.9.0b08-5-g079ca68fdc
20250508 011231.311 INFO             PET1 ESMF library build date/time: "May  7 2025" "23:03:38"
20250508 011231.311 INFO             PET1 ESMF library build location : /discover/nobackup/projects/gmao/SIteam/ESMF_Testing/intel_2021.6.0_intelmpi_g_develop/esmf
20250508 011231.311 INFO             PET1 ESMF_COMM                   : intelmpi
20250508 011231.312 INFO             PET1 ESMF_MOAB                   : enabled
20250508 011231.312 INFO             PET1 ESMF_LAPACK                 : enabled
20250508 011231.312 INFO             PET1 ESMF_NETCDF                 : disabled
20250508 011231.312 INFO             PET1 ESMF_PNETCDF                : disabled
20250508 011231.312 INFO             PET1 ESMF_PIO                    : disabled
20250508 011231.312 INFO             PET1 ESMF_YAMLCPP                : enabled
20250508 011231.314 INFO             PET1 Before Reconcile:--- StateLog() start -----------------
20250508 011231.315 INFO             PET1 Before Reconcile:<name: State001> <intent: ESMF_STATEINTENT_UNSPECIFIED> <itemCount:    3>
20250508 011231.315 INFO             PET1 Before Reconcile:+-<item: 0001> <itemType: Field> <itemName: Field1>
20250508 011231.315 INFO             PET1 Before Reconcile:+-<item: 0002> <itemType: Field> <itemName: Field2>
20250508 011231.315 INFO             PET1 Before Reconcile:+-<item: 0003> <itemType: Field> <itemName: Field3>
20250508 011231.315 INFO             PET1 Before Reconcile:--- StateLog() end -------------------
20250508 011231.319 INFO             PET1 After Reconcile:--- StateLog() start -----------------
20250508 011231.319 INFO             PET1 After Reconcile:<name: State001> <intent: ESMF_STATEINTENT_UNSPECIFIED> <itemCount:    3>
20250508 011231.319 INFO             PET1 After Reconcile:+-<item: 0001> <itemType: Field> <itemName: Field1>
20250508 011231.319 INFO             PET1 After Reconcile:+-<item: 0002> <itemType: Field> <itemName: Field2>
20250508 011231.319 INFO             PET1 After Reconcile:+-<item: 0003> <itemType: Field> <itemName: Field3>
20250508 011231.319 INFO             PET1 After Reconcile:--- StateLog() end -------------------
20250508 011231.320 INFO             PET1  NUMBER_OF_PROCESSORS           4
20250508 011231.320 INFO             PET1  PASS  Example ESMF_StateReconcileEx, ESMF_StateReconcileEx.F90, line 233
20250508 011231.320 INFO             PET1  Finalizing ESMF
20250508 011231.311 INFO             PET2 !!!!!!!!!!!!!!!!!!!!!!!!!!!!!!!!!!!!!!!!!!!!!!!!!!!!!!
20250508 011231.311 INFO             PET2 !!! THE ESMF_LOG IS SET TO OUTPUT ALL LOG MESSAGES !!!
20250508 011231.311 INFO             PET2 !!!     THIS MAY CAUSE SLOWDOWN IN PERFORMANCE     !!!
20250508 011231.311 INFO             PET2 !!! FOR PRODUCTION RUNS, USE:                      !!!
20250508 011231.311 INFO             PET2 !!!                   ESMF_LOGKIND_Multi_On_Error  !!!
20250508 011231.311 INFO             PET2 !!!!!!!!!!!!!!!!!!!!!!!!!!!!!!!!!!!!!!!!!!!!!!!!!!!!!!
20250508 011231.311 INFO             PET2 Running with ESMF Version   : v8.9.0b08-5-g079ca68fdc
20250508 011231.311 INFO             PET2 ESMF library build date/time: "May  7 2025" "23:03:38"
20250508 011231.311 INFO             PET2 ESMF library build location : /discover/nobackup/projects/gmao/SIteam/ESMF_Testing/intel_2021.6.0_intelmpi_g_develop/esmf
20250508 011231.311 INFO             PET2 ESMF_COMM                   : intelmpi
20250508 011231.311 INFO             PET2 ESMF_MOAB                   : enabled
20250508 011231.311 INFO             PET2 ESMF_LAPACK                 : enabled
20250508 011231.311 INFO             PET2 ESMF_NETCDF                 : disabled
20250508 011231.311 INFO             PET2 ESMF_PNETCDF                : disabled
20250508 011231.311 INFO             PET2 ESMF_PIO                    : disabled
20250508 011231.311 INFO             PET2 ESMF_YAMLCPP                : enabled
20250508 011231.313 INFO             PET2 Before Reconcile:--- StateLog() start -----------------
20250508 011231.314 INFO             PET2 Before Reconcile:<name: State001> <intent: ESMF_STATEINTENT_UNSPECIFIED> <itemCount:    0>
20250508 011231.314 INFO             PET2 Before Reconcile:--- StateLog() end -------------------
20250508 011231.320 INFO             PET2 After Reconcile:--- StateLog() start -----------------
20250508 011231.320 INFO             PET2 After Reconcile:<name: State001> <intent: ESMF_STATEINTENT_UNSPECIFIED> <itemCount:    3>
20250508 011231.320 INFO             PET2 After Reconcile:+-<item: 0001> <itemType: Field> <itemName: Field1>
20250508 011231.320 INFO             PET2 After Reconcile:+-<item: 0002> <itemType: Field> <itemName: Field2>
20250508 011231.320 INFO             PET2 After Reconcile:+-<item: 0003> <itemType: Field> <itemName: Field3>
20250508 011231.320 INFO             PET2 After Reconcile:--- StateLog() end -------------------
20250508 011231.321 INFO             PET2  NUMBER_OF_PROCESSORS           4
20250508 011231.321 INFO             PET2  PASS  Example ESMF_StateReconcileEx, ESMF_StateReconcileEx.F90, line 233
20250508 011231.321 INFO             PET2  Finalizing ESMF
20250508 011231.310 INFO             PET3 !!!!!!!!!!!!!!!!!!!!!!!!!!!!!!!!!!!!!!!!!!!!!!!!!!!!!!
20250508 011231.310 INFO             PET3 !!! THE ESMF_LOG IS SET TO OUTPUT ALL LOG MESSAGES !!!
20250508 011231.310 INFO             PET3 !!!     THIS MAY CAUSE SLOWDOWN IN PERFORMANCE     !!!
20250508 011231.310 INFO             PET3 !!! FOR PRODUCTION RUNS, USE:                      !!!
20250508 011231.310 INFO             PET3 !!!                   ESMF_LOGKIND_Multi_On_Error  !!!
20250508 011231.310 INFO             PET3 !!!!!!!!!!!!!!!!!!!!!!!!!!!!!!!!!!!!!!!!!!!!!!!!!!!!!!
20250508 011231.310 INFO             PET3 Running with ESMF Version   : v8.9.0b08-5-g079ca68fdc
20250508 011231.310 INFO             PET3 ESMF library build date/time: "May  7 2025" "23:03:38"
20250508 011231.310 INFO             PET3 ESMF library build location : /discover/nobackup/projects/gmao/SIteam/ESMF_Testing/intel_2021.6.0_intelmpi_g_develop/esmf
20250508 011231.310 INFO             PET3 ESMF_COMM                   : intelmpi
20250508 011231.311 INFO             PET3 ESMF_MOAB                   : enabled
20250508 011231.311 INFO             PET3 ESMF_LAPACK                 : enabled
20250508 011231.311 INFO             PET3 ESMF_NETCDF                 : disabled
20250508 011231.311 INFO             PET3 ESMF_PNETCDF                : disabled
20250508 011231.311 INFO             PET3 ESMF_PIO                    : disabled
20250508 011231.311 INFO             PET3 ESMF_YAMLCPP                : enabled
20250508 011231.313 INFO             PET3 Before Reconcile:--- StateLog() start -----------------
20250508 011231.314 INFO             PET3 Before Reconcile:<name: State001> <intent: ESMF_STATEINTENT_UNSPECIFIED> <itemCount:    0>
20250508 011231.314 INFO             PET3 Before Reconcile:--- StateLog() end -------------------
20250508 011231.320 INFO             PET3 After Reconcile:--- StateLog() start -----------------
20250508 011231.320 INFO             PET3 After Reconcile:<name: State001> <intent: ESMF_STATEINTENT_UNSPECIFIED> <itemCount:    3>
20250508 011231.320 INFO             PET3 After Reconcile:+-<item: 0001> <itemType: Field> <itemName: Field1>
20250508 011231.320 INFO             PET3 After Reconcile:+-<item: 0002> <itemType: Field> <itemName: Field2>
20250508 011231.320 INFO             PET3 After Reconcile:+-<item: 0003> <itemType: Field> <itemName: Field3>
20250508 011231.320 INFO             PET3 After Reconcile:--- StateLog() end -------------------
20250508 011231.321 INFO             PET3  NUMBER_OF_PROCESSORS           4
20250508 011231.321 INFO             PET3  PASS  Example ESMF_StateReconcileEx, ESMF_StateReconcileEx.F90, line 233
20250508 011231.321 INFO             PET3  Finalizing ESMF
