2024-10-10 23:05:39
20241011 000858.466 INFO             PET0 !!!!!!!!!!!!!!!!!!!!!!!!!!!!!!!!!!!!!!!!!!!!!!!!!!!!!!
20241011 000858.466 INFO             PET0 !!! THE ESMF_LOG IS SET TO OUTPUT ALL LOG MESSAGES !!!
20241011 000858.466 INFO             PET0 !!!     THIS MAY CAUSE SLOWDOWN IN PERFORMANCE     !!!
20241011 000858.466 INFO             PET0 !!! FOR PRODUCTION RUNS, USE:                      !!!
20241011 000858.466 INFO             PET0 !!!                   ESMF_LOGKIND_Multi_On_Error  !!!
20241011 000858.466 INFO             PET0 !!!!!!!!!!!!!!!!!!!!!!!!!!!!!!!!!!!!!!!!!!!!!!!!!!!!!!
20241011 000858.466 INFO             PET0 Running with ESMF Version   : v8.8.0b00-12-g0d4b825343
20241011 000858.466 INFO             PET0 ESMF library build date/time: "Oct 10 2024" "23:02:33"
20241011 000858.466 INFO             PET0 ESMF library build location : /discover/nobackup/projects/gmao/SIteam/ESMF_Testing/intel_2021.6.0_intelmpi_g_develop/esmf
20241011 000858.466 INFO             PET0 ESMF_COMM                   : intelmpi
20241011 000858.466 INFO             PET0 ESMF_MOAB                   : enabled
20241011 000858.466 INFO             PET0 ESMF_LAPACK                 : enabled
20241011 000858.466 INFO             PET0 ESMF_NETCDF                 : disabled
20241011 000858.466 INFO             PET0 ESMF_PNETCDF                : disabled
20241011 000858.466 INFO             PET0 ESMF_PIO                    : disabled
20241011 000858.466 INFO             PET0 ESMF_YAMLCPP                : enabled
20241011 000858.607 DEBUG            PET0 about to destroy Grid: 0x14b0cd0
20241011 000858.626 DEBUG            PET0 about to destroy Grid: 0x14b2110
20241011 000858.679 INFO             PET0  NUMBER_OF_PROCESSORS           4
20241011 000858.679 INFO             PET0  PASS  Example ESMF_NUOPCAtmModelEx, ESMF_NUOPCAtmModelEx.F90, line 806
20241011 000858.679 INFO             PET0  Finalizing ESMF
20241011 000858.463 INFO             PET1 !!!!!!!!!!!!!!!!!!!!!!!!!!!!!!!!!!!!!!!!!!!!!!!!!!!!!!
20241011 000858.463 INFO             PET1 !!! THE ESMF_LOG IS SET TO OUTPUT ALL LOG MESSAGES !!!
20241011 000858.463 INFO             PET1 !!!     THIS MAY CAUSE SLOWDOWN IN PERFORMANCE     !!!
20241011 000858.463 INFO             PET1 !!! FOR PRODUCTION RUNS, USE:                      !!!
20241011 000858.463 INFO             PET1 !!!                   ESMF_LOGKIND_Multi_On_Error  !!!
20241011 000858.463 INFO             PET1 !!!!!!!!!!!!!!!!!!!!!!!!!!!!!!!!!!!!!!!!!!!!!!!!!!!!!!
20241011 000858.463 INFO             PET1 Running with ESMF Version   : v8.8.0b00-12-g0d4b825343
20241011 000858.463 INFO             PET1 ESMF library build date/time: "Oct 10 2024" "23:02:33"
20241011 000858.463 INFO             PET1 ESMF library build location : /discover/nobackup/projects/gmao/SIteam/ESMF_Testing/intel_2021.6.0_intelmpi_g_develop/esmf
20241011 000858.463 INFO             PET1 ESMF_COMM                   : intelmpi
20241011 000858.463 INFO             PET1 ESMF_MOAB                   : enabled
20241011 000858.463 INFO             PET1 ESMF_LAPACK                 : enabled
20241011 000858.463 INFO             PET1 ESMF_NETCDF                 : disabled
20241011 000858.463 INFO             PET1 ESMF_PNETCDF                : disabled
20241011 000858.463 INFO             PET1 ESMF_PIO                    : disabled
20241011 000858.463 INFO             PET1 ESMF_YAMLCPP                : enabled
20241011 000858.607 DEBUG            PET1 about to destroy Grid: 0x23c3b60
20241011 000858.626 DEBUG            PET1 about to destroy Grid: 0x23c5070
20241011 000858.679 INFO             PET1  NUMBER_OF_PROCESSORS           4
20241011 000858.679 INFO             PET1  PASS  Example ESMF_NUOPCAtmModelEx, ESMF_NUOPCAtmModelEx.F90, line 806
20241011 000858.679 INFO             PET1  Finalizing ESMF
20241011 000858.462 INFO             PET2 !!!!!!!!!!!!!!!!!!!!!!!!!!!!!!!!!!!!!!!!!!!!!!!!!!!!!!
20241011 000858.463 INFO             PET2 !!! THE ESMF_LOG IS SET TO OUTPUT ALL LOG MESSAGES !!!
20241011 000858.463 INFO             PET2 !!!     THIS MAY CAUSE SLOWDOWN IN PERFORMANCE     !!!
20241011 000858.463 INFO             PET2 !!! FOR PRODUCTION RUNS, USE:                      !!!
20241011 000858.463 INFO             PET2 !!!                   ESMF_LOGKIND_Multi_On_Error  !!!
20241011 000858.463 INFO             PET2 !!!!!!!!!!!!!!!!!!!!!!!!!!!!!!!!!!!!!!!!!!!!!!!!!!!!!!
20241011 000858.463 INFO             PET2 Running with ESMF Version   : v8.8.0b00-12-g0d4b825343
20241011 000858.463 INFO             PET2 ESMF library build date/time: "Oct 10 2024" "23:02:33"
20241011 000858.463 INFO             PET2 ESMF library build location : /discover/nobackup/projects/gmao/SIteam/ESMF_Testing/intel_2021.6.0_intelmpi_g_develop/esmf
20241011 000858.463 INFO             PET2 ESMF_COMM                   : intelmpi
20241011 000858.463 INFO             PET2 ESMF_MOAB                   : enabled
20241011 000858.463 INFO             PET2 ESMF_LAPACK                 : enabled
20241011 000858.463 INFO             PET2 ESMF_NETCDF                 : disabled
20241011 000858.463 INFO             PET2 ESMF_PNETCDF                : disabled
20241011 000858.463 INFO             PET2 ESMF_PIO                    : disabled
20241011 000858.463 INFO             PET2 ESMF_YAMLCPP                : enabled
20241011 000858.607 DEBUG            PET2 about to destroy Grid: 0x115ee30
20241011 000858.626 DEBUG            PET2 about to destroy Grid: 0x1160340
20241011 000858.679 INFO             PET2  NUMBER_OF_PROCESSORS           4
20241011 000858.679 INFO             PET2  PASS  Example ESMF_NUOPCAtmModelEx, ESMF_NUOPCAtmModelEx.F90, line 806
20241011 000858.679 INFO             PET2  Finalizing ESMF
20241011 000858.463 INFO             PET3 !!!!!!!!!!!!!!!!!!!!!!!!!!!!!!!!!!!!!!!!!!!!!!!!!!!!!!
20241011 000858.463 INFO             PET3 !!! THE ESMF_LOG IS SET TO OUTPUT ALL LOG MESSAGES !!!
20241011 000858.463 INFO             PET3 !!!     THIS MAY CAUSE SLOWDOWN IN PERFORMANCE     !!!
20241011 000858.463 INFO             PET3 !!! FOR PRODUCTION RUNS, USE:                      !!!
20241011 000858.463 INFO             PET3 !!!                   ESMF_LOGKIND_Multi_On_Error  !!!
20241011 000858.463 INFO             PET3 !!!!!!!!!!!!!!!!!!!!!!!!!!!!!!!!!!!!!!!!!!!!!!!!!!!!!!
20241011 000858.463 INFO             PET3 Running with ESMF Version   : v8.8.0b00-12-g0d4b825343
20241011 000858.463 INFO             PET3 ESMF library build date/time: "Oct 10 2024" "23:02:33"
20241011 000858.463 INFO             PET3 ESMF library build location : /discover/nobackup/projects/gmao/SIteam/ESMF_Testing/intel_2021.6.0_intelmpi_g_develop/esmf
20241011 000858.463 INFO             PET3 ESMF_COMM                   : intelmpi
20241011 000858.463 INFO             PET3 ESMF_MOAB                   : enabled
20241011 000858.463 INFO             PET3 ESMF_LAPACK                 : enabled
20241011 000858.463 INFO             PET3 ESMF_NETCDF                 : disabled
20241011 000858.463 INFO             PET3 ESMF_PNETCDF                : disabled
20241011 000858.463 INFO             PET3 ESMF_PIO                    : disabled
20241011 000858.463 INFO             PET3 ESMF_YAMLCPP                : enabled
20241011 000858.607 DEBUG            PET3 about to destroy Grid: 0x15b2e90
20241011 000858.626 DEBUG            PET3 about to destroy Grid: 0x15b43a0
20241011 000858.679 INFO             PET3  NUMBER_OF_PROCESSORS           4
20241011 000858.679 INFO             PET3  PASS  Example ESMF_NUOPCAtmModelEx, ESMF_NUOPCAtmModelEx.F90, line 806
20241011 000858.679 INFO             PET3  Finalizing ESMF
