2024-10-13 22:28:23
20241013 231423.391 INFO             PET0 !!!!!!!!!!!!!!!!!!!!!!!!!!!!!!!!!!!!!!!!!!!!!!!!!!!!!!
20241013 231423.391 INFO             PET0 !!! THE ESMF_LOG IS SET TO OUTPUT ALL LOG MESSAGES !!!
20241013 231423.391 INFO             PET0 !!!     THIS MAY CAUSE SLOWDOWN IN PERFORMANCE     !!!
20241013 231423.391 INFO             PET0 !!! FOR PRODUCTION RUNS, USE:                      !!!
20241013 231423.391 INFO             PET0 !!!                   ESMF_LOGKIND_Multi_On_Error  !!!
20241013 231423.391 INFO             PET0 !!!!!!!!!!!!!!!!!!!!!!!!!!!!!!!!!!!!!!!!!!!!!!!!!!!!!!
20241013 231423.391 INFO             PET0 Running with ESMF Version   : v8.8.0b01
20241013 231423.391 INFO             PET0 ESMF library build date/time: "Oct 13 2024" "22:25:26"
20241013 231423.391 INFO             PET0 ESMF library build location : /discover/nobackup/projects/gmao/SIteam/ESMF_Testing/intel_2021.6.0_intelmpi_g_develop/esmf
20241013 231423.391 INFO             PET0 ESMF_COMM                   : intelmpi
20241013 231423.392 INFO             PET0 ESMF_MOAB                   : enabled
20241013 231423.392 INFO             PET0 ESMF_LAPACK                 : enabled
20241013 231423.392 INFO             PET0 ESMF_NETCDF                 : disabled
20241013 231423.392 INFO             PET0 ESMF_PNETCDF                : disabled
20241013 231423.392 INFO             PET0 ESMF_PIO                    : disabled
20241013 231423.392 INFO             PET0 ESMF_YAMLCPP                : enabled
20241013 231423.393 INFO             PET0  NUMBER_OF_PROCESSORS           1
20241013 231423.393 INFO             PET0  PASS  Example ESMF_ClockEx, ESMF_ClockEx.F90, line 220
20241013 231423.393 INFO             PET0  Finalizing ESMF
