2024-10-17 22:27:28
20241017 230957.968 INFO             PET0 !!!!!!!!!!!!!!!!!!!!!!!!!!!!!!!!!!!!!!!!!!!!!!!!!!!!!!
20241017 230957.968 INFO             PET0 !!! THE ESMF_LOG IS SET TO OUTPUT ALL LOG MESSAGES !!!
20241017 230957.968 INFO             PET0 !!!     THIS MAY CAUSE SLOWDOWN IN PERFORMANCE     !!!
20241017 230957.968 INFO             PET0 !!! FOR PRODUCTION RUNS, USE:                      !!!
20241017 230957.968 INFO             PET0 !!!                   ESMF_LOGKIND_Multi_On_Error  !!!
20241017 230957.968 INFO             PET0 !!!!!!!!!!!!!!!!!!!!!!!!!!!!!!!!!!!!!!!!!!!!!!!!!!!!!!
20241017 230957.968 INFO             PET0 Running with ESMF Version   : v8.8.0b01-7-gc92d921964
20241017 230957.968 INFO             PET0 ESMF library build date/time: "Oct 17 2024" "22:24:46"
20241017 230957.968 INFO             PET0 ESMF library build location : /discover/nobackup/projects/gmao/SIteam/ESMF_Testing/intel_2021.6.0_intelmpi_g_develop/esmf
20241017 230957.968 INFO             PET0 ESMF_COMM                   : intelmpi
20241017 230957.968 INFO             PET0 ESMF_MOAB                   : enabled
20241017 230957.968 INFO             PET0 ESMF_LAPACK                 : enabled
20241017 230957.969 INFO             PET0 ESMF_NETCDF                 : disabled
20241017 230957.969 INFO             PET0 ESMF_PNETCDF                : disabled
20241017 230957.969 INFO             PET0 ESMF_PIO                    : disabled
20241017 230957.969 INFO             PET0 ESMF_YAMLCPP                : enabled
20241017 230957.969 INFO             PET0 Log Write 2
20241017 230957.969 ERROR            PET0 Invalid object  - Convergence failure
20241017 230957.970 ERROR            PET0 ESMCI_Time.C:866 ESMCI::Time::syncToRealTime() Wrong argument specified  - ; calkindflag is NOCALENDAR. Only GREGORIAN and JULIAN are supported when syncing to real time.
20241017 230957.970 ERROR            PET0 ESMF_Time.F90:1485 ESMF_TimeSyncToRealTime() Wrong argument specified  - Internal subroutine call returned Error
20241017 230957.970 ERROR            PET0 Wrong argument specified  - getting wall clock time
20241017 230957.971 INFO             PET0  NUMBER_OF_PROCESSORS           4
20241017 230957.971 INFO             PET0  PASS  Example ESMF_LogErrEx, ESMF_LogErrEx.F90, line 186
20241017 230957.971 INFO             PET0  Finalizing ESMF
20241017 230957.968 INFO             PET1 !!!!!!!!!!!!!!!!!!!!!!!!!!!!!!!!!!!!!!!!!!!!!!!!!!!!!!
20241017 230957.968 INFO             PET1 !!! THE ESMF_LOG IS SET TO OUTPUT ALL LOG MESSAGES !!!
20241017 230957.968 INFO             PET1 !!!     THIS MAY CAUSE SLOWDOWN IN PERFORMANCE     !!!
20241017 230957.968 INFO             PET1 !!! FOR PRODUCTION RUNS, USE:                      !!!
20241017 230957.968 INFO             PET1 !!!                   ESMF_LOGKIND_Multi_On_Error  !!!
20241017 230957.968 INFO             PET1 !!!!!!!!!!!!!!!!!!!!!!!!!!!!!!!!!!!!!!!!!!!!!!!!!!!!!!
20241017 230957.968 INFO             PET1 Running with ESMF Version   : v8.8.0b01-7-gc92d921964
20241017 230957.968 INFO             PET1 ESMF library build date/time: "Oct 17 2024" "22:24:46"
20241017 230957.968 INFO             PET1 ESMF library build location : /discover/nobackup/projects/gmao/SIteam/ESMF_Testing/intel_2021.6.0_intelmpi_g_develop/esmf
20241017 230957.968 INFO             PET1 ESMF_COMM                   : intelmpi
20241017 230957.968 INFO             PET1 ESMF_MOAB                   : enabled
20241017 230957.968 INFO             PET1 ESMF_LAPACK                 : enabled
20241017 230957.968 INFO             PET1 ESMF_NETCDF                 : disabled
20241017 230957.968 INFO             PET1 ESMF_PNETCDF                : disabled
20241017 230957.968 INFO             PET1 ESMF_PIO                    : disabled
20241017 230957.968 INFO             PET1 ESMF_YAMLCPP                : enabled
20241017 230957.969 INFO             PET1 Log Write 2
20241017 230957.969 ERROR            PET1 Invalid object  - Convergence failure
20241017 230957.970 ERROR            PET1 ESMCI_Time.C:866 ESMCI::Time::syncToRealTime() Wrong argument specified  - ; calkindflag is NOCALENDAR. Only GREGORIAN and JULIAN are supported when syncing to real time.
20241017 230957.970 ERROR            PET1 ESMF_Time.F90:1485 ESMF_TimeSyncToRealTime() Wrong argument specified  - Internal subroutine call returned Error
20241017 230957.970 ERROR            PET1 Wrong argument specified  - getting wall clock time
20241017 230957.972 INFO             PET1  NUMBER_OF_PROCESSORS           4
20241017 230957.972 INFO             PET1  PASS  Example ESMF_LogErrEx, ESMF_LogErrEx.F90, line 186
20241017 230957.972 INFO             PET1  Finalizing ESMF
20241017 230957.968 INFO             PET2 !!!!!!!!!!!!!!!!!!!!!!!!!!!!!!!!!!!!!!!!!!!!!!!!!!!!!!
20241017 230957.968 INFO             PET2 !!! THE ESMF_LOG IS SET TO OUTPUT ALL LOG MESSAGES !!!
20241017 230957.968 INFO             PET2 !!!     THIS MAY CAUSE SLOWDOWN IN PERFORMANCE     !!!
20241017 230957.968 INFO             PET2 !!! FOR PRODUCTION RUNS, USE:                      !!!
20241017 230957.968 INFO             PET2 !!!                   ESMF_LOGKIND_Multi_On_Error  !!!
20241017 230957.968 INFO             PET2 !!!!!!!!!!!!!!!!!!!!!!!!!!!!!!!!!!!!!!!!!!!!!!!!!!!!!!
20241017 230957.968 INFO             PET2 Running with ESMF Version   : v8.8.0b01-7-gc92d921964
20241017 230957.968 INFO             PET2 ESMF library build date/time: "Oct 17 2024" "22:24:46"
20241017 230957.968 INFO             PET2 ESMF library build location : /discover/nobackup/projects/gmao/SIteam/ESMF_Testing/intel_2021.6.0_intelmpi_g_develop/esmf
20241017 230957.968 INFO             PET2 ESMF_COMM                   : intelmpi
20241017 230957.969 INFO             PET2 ESMF_MOAB                   : enabled
20241017 230957.969 INFO             PET2 ESMF_LAPACK                 : enabled
20241017 230957.969 INFO             PET2 ESMF_NETCDF                 : disabled
20241017 230957.969 INFO             PET2 ESMF_PNETCDF                : disabled
20241017 230957.969 INFO             PET2 ESMF_PIO                    : disabled
20241017 230957.969 INFO             PET2 ESMF_YAMLCPP                : enabled
20241017 230957.969 INFO             PET2 Log Write 2
20241017 230957.969 ERROR            PET2 Invalid object  - Convergence failure
20241017 230957.970 ERROR            PET2 ESMCI_Time.C:866 ESMCI::Time::syncToRealTime() Wrong argument specified  - ; calkindflag is NOCALENDAR. Only GREGORIAN and JULIAN are supported when syncing to real time.
20241017 230957.970 ERROR            PET2 ESMF_Time.F90:1485 ESMF_TimeSyncToRealTime() Wrong argument specified  - Internal subroutine call returned Error
20241017 230957.970 ERROR            PET2 Wrong argument specified  - getting wall clock time
20241017 230957.972 INFO             PET2  NUMBER_OF_PROCESSORS           4
20241017 230957.972 INFO             PET2  PASS  Example ESMF_LogErrEx, ESMF_LogErrEx.F90, line 186
20241017 230957.972 INFO             PET2  Finalizing ESMF
20241017 230957.969 INFO             PET3 !!!!!!!!!!!!!!!!!!!!!!!!!!!!!!!!!!!!!!!!!!!!!!!!!!!!!!
20241017 230957.969 INFO             PET3 !!! THE ESMF_LOG IS SET TO OUTPUT ALL LOG MESSAGES !!!
20241017 230957.969 INFO             PET3 !!!     THIS MAY CAUSE SLOWDOWN IN PERFORMANCE     !!!
20241017 230957.969 INFO             PET3 !!! FOR PRODUCTION RUNS, USE:                      !!!
20241017 230957.969 INFO             PET3 !!!                   ESMF_LOGKIND_Multi_On_Error  !!!
20241017 230957.969 INFO             PET3 !!!!!!!!!!!!!!!!!!!!!!!!!!!!!!!!!!!!!!!!!!!!!!!!!!!!!!
20241017 230957.969 INFO             PET3 Running with ESMF Version   : v8.8.0b01-7-gc92d921964
20241017 230957.969 INFO             PET3 ESMF library build date/time: "Oct 17 2024" "22:24:46"
20241017 230957.969 INFO             PET3 ESMF library build location : /discover/nobackup/projects/gmao/SIteam/ESMF_Testing/intel_2021.6.0_intelmpi_g_develop/esmf
20241017 230957.969 INFO             PET3 ESMF_COMM                   : intelmpi
20241017 230957.969 INFO             PET3 ESMF_MOAB                   : enabled
20241017 230957.969 INFO             PET3 ESMF_LAPACK                 : enabled
20241017 230957.969 INFO             PET3 ESMF_NETCDF                 : disabled
20241017 230957.969 INFO             PET3 ESMF_PNETCDF                : disabled
20241017 230957.969 INFO             PET3 ESMF_PIO                    : disabled
20241017 230957.969 INFO             PET3 ESMF_YAMLCPP                : enabled
20241017 230957.969 INFO             PET3 Log Write 2
20241017 230957.969 ERROR            PET3 Invalid object  - Convergence failure
20241017 230957.970 ERROR            PET3 ESMCI_Time.C:866 ESMCI::Time::syncToRealTime() Wrong argument specified  - ; calkindflag is NOCALENDAR. Only GREGORIAN and JULIAN are supported when syncing to real time.
20241017 230957.970 ERROR            PET3 ESMF_Time.F90:1485 ESMF_TimeSyncToRealTime() Wrong argument specified  - Internal subroutine call returned Error
20241017 230957.970 ERROR            PET3 Wrong argument specified  - getting wall clock time
20241017 230957.970 INFO             PET3  NUMBER_OF_PROCESSORS           4
20241017 230957.970 INFO             PET3  PASS  Example ESMF_LogErrEx, ESMF_LogErrEx.F90, line 186
20241017 230957.970 INFO             PET3  Finalizing ESMF
