2024-10-14 22:28:45
20241014 232434.899 INFO             PET0 !!!!!!!!!!!!!!!!!!!!!!!!!!!!!!!!!!!!!!!!!!!!!!!!!!!!!!
20241014 232434.899 INFO             PET0 !!! THE ESMF_LOG IS SET TO OUTPUT ALL LOG MESSAGES !!!
20241014 232434.899 INFO             PET0 !!!     THIS MAY CAUSE SLOWDOWN IN PERFORMANCE     !!!
20241014 232434.899 INFO             PET0 !!! FOR PRODUCTION RUNS, USE:                      !!!
20241014 232434.899 INFO             PET0 !!!                   ESMF_LOGKIND_Multi_On_Error  !!!
20241014 232434.899 INFO             PET0 !!!!!!!!!!!!!!!!!!!!!!!!!!!!!!!!!!!!!!!!!!!!!!!!!!!!!!
20241014 232434.899 INFO             PET0 Running with ESMF Version   : v8.8.0b01
20241014 232434.899 INFO             PET0 ESMF library build date/time: "Oct 14 2024" "22:26:00"
20241014 232434.899 INFO             PET0 ESMF library build location : /discover/nobackup/projects/gmao/SIteam/ESMF_Testing/intel_2021.6.0_intelmpi_g_develop/esmf
20241014 232434.899 INFO             PET0 ESMF_COMM                   : intelmpi
20241014 232434.900 INFO             PET0 ESMF_MOAB                   : enabled
20241014 232434.900 INFO             PET0 ESMF_LAPACK                 : enabled
20241014 232434.900 INFO             PET0 ESMF_NETCDF                 : disabled
20241014 232434.900 INFO             PET0 ESMF_PNETCDF                : disabled
20241014 232434.900 INFO             PET0 ESMF_PIO                    : disabled
20241014 232434.900 INFO             PET0 ESMF_YAMLCPP                : enabled
20241014 232434.926 INFO             PET0 ESMF_FieldRedistStoreNF(): Just entered routine.
20241014 232435.550 INFO             PET0 ESMF_FieldRedistStoreNF(): Leaving routine.
20241014 232435.555 INFO             PET0  NUMBER_OF_PROCESSORS           4
20241014 232435.555 INFO             PET0  PASS  Example ESMF_RHandleFromRHandleEx, ESMF_RHandleFromRHandleEx.F90, line 660
20241014 232435.555 INFO             PET0  Finalizing ESMF
20241014 232434.899 INFO             PET1 !!!!!!!!!!!!!!!!!!!!!!!!!!!!!!!!!!!!!!!!!!!!!!!!!!!!!!
20241014 232434.899 INFO             PET1 !!! THE ESMF_LOG IS SET TO OUTPUT ALL LOG MESSAGES !!!
20241014 232434.899 INFO             PET1 !!!     THIS MAY CAUSE SLOWDOWN IN PERFORMANCE     !!!
20241014 232434.899 INFO             PET1 !!! FOR PRODUCTION RUNS, USE:                      !!!
20241014 232434.899 INFO             PET1 !!!                   ESMF_LOGKIND_Multi_On_Error  !!!
20241014 232434.899 INFO             PET1 !!!!!!!!!!!!!!!!!!!!!!!!!!!!!!!!!!!!!!!!!!!!!!!!!!!!!!
20241014 232434.899 INFO             PET1 Running with ESMF Version   : v8.8.0b01
20241014 232434.899 INFO             PET1 ESMF library build date/time: "Oct 14 2024" "22:26:00"
20241014 232434.899 INFO             PET1 ESMF library build location : /discover/nobackup/projects/gmao/SIteam/ESMF_Testing/intel_2021.6.0_intelmpi_g_develop/esmf
20241014 232434.899 INFO             PET1 ESMF_COMM                   : intelmpi
20241014 232434.900 INFO             PET1 ESMF_MOAB                   : enabled
20241014 232434.900 INFO             PET1 ESMF_LAPACK                 : enabled
20241014 232434.900 INFO             PET1 ESMF_NETCDF                 : disabled
20241014 232434.900 INFO             PET1 ESMF_PNETCDF                : disabled
20241014 232434.900 INFO             PET1 ESMF_PIO                    : disabled
20241014 232434.900 INFO             PET1 ESMF_YAMLCPP                : enabled
20241014 232434.926 INFO             PET1 ESMF_FieldRedistStoreNF(): Just entered routine.
20241014 232435.550 INFO             PET1 ESMF_FieldRedistStoreNF(): Leaving routine.
20241014 232435.555 INFO             PET1  NUMBER_OF_PROCESSORS           4
20241014 232435.555 INFO             PET1  PASS  Example ESMF_RHandleFromRHandleEx, ESMF_RHandleFromRHandleEx.F90, line 660
20241014 232435.555 INFO             PET1  Finalizing ESMF
20241014 232434.899 INFO             PET2 !!!!!!!!!!!!!!!!!!!!!!!!!!!!!!!!!!!!!!!!!!!!!!!!!!!!!!
20241014 232434.900 INFO             PET2 !!! THE ESMF_LOG IS SET TO OUTPUT ALL LOG MESSAGES !!!
20241014 232434.900 INFO             PET2 !!!     THIS MAY CAUSE SLOWDOWN IN PERFORMANCE     !!!
20241014 232434.900 INFO             PET2 !!! FOR PRODUCTION RUNS, USE:                      !!!
20241014 232434.900 INFO             PET2 !!!                   ESMF_LOGKIND_Multi_On_Error  !!!
20241014 232434.900 INFO             PET2 !!!!!!!!!!!!!!!!!!!!!!!!!!!!!!!!!!!!!!!!!!!!!!!!!!!!!!
20241014 232434.900 INFO             PET2 Running with ESMF Version   : v8.8.0b01
20241014 232434.900 INFO             PET2 ESMF library build date/time: "Oct 14 2024" "22:26:00"
20241014 232434.900 INFO             PET2 ESMF library build location : /discover/nobackup/projects/gmao/SIteam/ESMF_Testing/intel_2021.6.0_intelmpi_g_develop/esmf
20241014 232434.900 INFO             PET2 ESMF_COMM                   : intelmpi
20241014 232434.900 INFO             PET2 ESMF_MOAB                   : enabled
20241014 232434.900 INFO             PET2 ESMF_LAPACK                 : enabled
20241014 232434.900 INFO             PET2 ESMF_NETCDF                 : disabled
20241014 232434.900 INFO             PET2 ESMF_PNETCDF                : disabled
20241014 232434.900 INFO             PET2 ESMF_PIO                    : disabled
20241014 232434.900 INFO             PET2 ESMF_YAMLCPP                : enabled
20241014 232434.926 INFO             PET2 ESMF_FieldRedistStoreNF(): Just entered routine.
20241014 232435.551 INFO             PET2 ESMF_FieldRedistStoreNF(): Leaving routine.
20241014 232435.557 INFO             PET2  NUMBER_OF_PROCESSORS           4
20241014 232435.557 INFO             PET2  PASS  Example ESMF_RHandleFromRHandleEx, ESMF_RHandleFromRHandleEx.F90, line 660
20241014 232435.557 INFO             PET2  Finalizing ESMF
20241014 232434.900 INFO             PET3 !!!!!!!!!!!!!!!!!!!!!!!!!!!!!!!!!!!!!!!!!!!!!!!!!!!!!!
20241014 232434.900 INFO             PET3 !!! THE ESMF_LOG IS SET TO OUTPUT ALL LOG MESSAGES !!!
20241014 232434.900 INFO             PET3 !!!     THIS MAY CAUSE SLOWDOWN IN PERFORMANCE     !!!
20241014 232434.900 INFO             PET3 !!! FOR PRODUCTION RUNS, USE:                      !!!
20241014 232434.900 INFO             PET3 !!!                   ESMF_LOGKIND_Multi_On_Error  !!!
20241014 232434.900 INFO             PET3 !!!!!!!!!!!!!!!!!!!!!!!!!!!!!!!!!!!!!!!!!!!!!!!!!!!!!!
20241014 232434.900 INFO             PET3 Running with ESMF Version   : v8.8.0b01
20241014 232434.900 INFO             PET3 ESMF library build date/time: "Oct 14 2024" "22:26:00"
20241014 232434.900 INFO             PET3 ESMF library build location : /discover/nobackup/projects/gmao/SIteam/ESMF_Testing/intel_2021.6.0_intelmpi_g_develop/esmf
20241014 232434.900 INFO             PET3 ESMF_COMM                   : intelmpi
20241014 232434.900 INFO             PET3 ESMF_MOAB                   : enabled
20241014 232434.900 INFO             PET3 ESMF_LAPACK                 : enabled
20241014 232434.900 INFO             PET3 ESMF_NETCDF                 : disabled
20241014 232434.900 INFO             PET3 ESMF_PNETCDF                : disabled
20241014 232434.900 INFO             PET3 ESMF_PIO                    : disabled
20241014 232434.900 INFO             PET3 ESMF_YAMLCPP                : enabled
20241014 232434.926 INFO             PET3 ESMF_FieldRedistStoreNF(): Just entered routine.
20241014 232435.550 INFO             PET3 ESMF_FieldRedistStoreNF(): Leaving routine.
20241014 232435.561 INFO             PET3  NUMBER_OF_PROCESSORS           4
20241014 232435.561 INFO             PET3  PASS  Example ESMF_RHandleFromRHandleEx, ESMF_RHandleFromRHandleEx.F90, line 660
20241014 232435.561 INFO             PET3  Finalizing ESMF
