2025-05-10 05:30:28
Abort(1) on node 0 (rank 0 in comm 496): application called MPI_Abort(comm=0x84000002, 1) - process 0
Abort(1) on node 1 (rank 1 in comm 496): application called MPI_Abort(comm=0x84000001, 1) - process 1
Abort(1) on node 2 (rank 2 in comm 496): application called MPI_Abort(comm=0x84000001, 1) - process 2
 Writing to stdout before ESM Initialize
 Writing to stdout before ESM Run
 Writing to stdout before ESM Finalize
 Writing to stdout before ESM Initialize
 Writing to stdout before ESM Run
 Writing to stdout before ESM Finalize
Abort(1) on node 3 (rank 3 in comm 496): application called MPI_Abort(comm=0x84000001, 1) - process 3
borgl169:rank3: Error opening remote shared memory object /psm3_shm.31128555.0x23d009d8d03:fe80000000000000:e8ebd3030099bf3a.0 in shm_open: No such file or directory (err=9)
borgl169:rank3: PSM could not set up shared memory segment (err=9)
libfabric:35376:1746874663::psm3:av:psmx3_epid_to_epaddr():240<warn> borgl169:rank3: psm3_ep_connect returned error PSM could not set up shared memory segment, remote epid=0x23d009d8d03:fe80000000000000:e8ebd3030099bf3a.

===================================================================================
=   BAD TERMINATION OF ONE OF YOUR APPLICATION PROCESSES
=   PID 35376 RUNNING AT borgl169
=   EXIT CODE: 6
=   CLEANING UP REMAINING PROCESSES
=   YOU CAN IGNORE THE BELOW CLEANUP MESSAGES
===================================================================================
YOUR APPLICATION TERMINATED WITH THE EXIT STRING: Aborted (signal 6)
This typically refers to a problem with your application.
Please see the FAQ page for debugging suggestions
