2025-05-08 22:48:35
20250509 001645.540 INFO             PET0 !!!!!!!!!!!!!!!!!!!!!!!!!!!!!!!!!!!!!!!!!!!!!!!!!!!!!!
20250509 001645.540 INFO             PET0 !!! THE ESMF_LOG IS SET TO OUTPUT ALL LOG MESSAGES !!!
20250509 001645.540 INFO             PET0 !!!     THIS MAY CAUSE SLOWDOWN IN PERFORMANCE     !!!
20250509 001645.540 INFO             PET0 !!! FOR PRODUCTION RUNS, USE:                      !!!
20250509 001645.540 INFO             PET0 !!!                   ESMF_LOGKIND_Multi_On_Error  !!!
20250509 001645.540 INFO             PET0 !!!!!!!!!!!!!!!!!!!!!!!!!!!!!!!!!!!!!!!!!!!!!!!!!!!!!!
20250509 001645.540 INFO             PET0 Running with ESMF Version   : v8.9.0b08-9-gea72ab2180
20250509 001645.540 INFO             PET0 ESMF library build date/time: "May  8 2025" "22:45:39"
20250509 001645.540 INFO             PET0 ESMF library build location : /discover/nobackup/projects/gmao/SIteam/ESMF_Testing/llvm_21.0.0git06721_mpich_g_develop/esmf
20250509 001645.540 INFO             PET0 ESMF_COMM                   : mpich
20250509 001645.540 INFO             PET0 ESMF_MOAB                   : enabled
20250509 001645.540 INFO             PET0 ESMF_LAPACK                 : enabled
20250509 001645.540 INFO             PET0 ESMF_NETCDF                 : disabled
20250509 001645.540 INFO             PET0 ESMF_PNETCDF                : disabled
20250509 001645.540 INFO             PET0 ESMF_PIO                    : disabled
20250509 001645.540 INFO             PET0 ESMF_YAMLCPP                : enabled
20250509 001645.541 INFO             PET0 mainApp STARTING
20250509 001645.541 INFO             PET0 =============> Begin Field Dictionary: default <================
20250509 001645.542 INFO             PET0 standardName:                          air_pressure_at_sea_level
20250509 001645.542 INFO             PET0 canonicalUnits:                                               Pa
20250509 001645.542 INFO             PET0 ----------------------------------------------------------------
20250509 001645.542 INFO             PET0 standardName:               magnitude_of_surface_downward_stress
20250509 001645.542 INFO             PET0 canonicalUnits:                                               Pa
20250509 001645.542 INFO             PET0 ----------------------------------------------------------------
20250509 001645.542 INFO             PET0 standardName:                                 precipitation_flux
20250509 001645.543 INFO             PET0 canonicalUnits:                                       kg m-2 s-1
20250509 001645.543 INFO             PET0 ----------------------------------------------------------------
20250509 001645.543 INFO             PET0 standardName:                 sea_surface_height_above_sea_level
20250509 001645.543 INFO             PET0 canonicalUnits:                                                m
20250509 001645.543 INFO             PET0 ----------------------------------------------------------------
20250509 001645.543 INFO             PET0 standardName:                               sea_surface_salinity
20250509 001645.543 INFO             PET0 canonicalUnits:                                             1e-3
20250509 001645.543 INFO             PET0 ----------------------------------------------------------------
20250509 001645.543 INFO             PET0 standardName:                            sea_surface_temperature
20250509 001645.543 INFO             PET0 canonicalUnits:                                                K
20250509 001645.543 INFO             PET0 ----------------------------------------------------------------
20250509 001645.543 INFO             PET0 standardName:                   surface_downward_eastward_stress
20250509 001645.543 INFO             PET0 canonicalUnits:                                               Pa
20250509 001645.543 INFO             PET0 ----------------------------------------------------------------
20250509 001645.543 INFO             PET0 standardName:                  surface_downward_heat_flux_in_air
20250509 001645.543 INFO             PET0 canonicalUnits:                                            W m-2
20250509 001645.543 INFO             PET0 ----------------------------------------------------------------
20250509 001645.543 INFO             PET0 standardName:                  surface_downward_northward_stress
20250509 001645.543 INFO             PET0 canonicalUnits:                                               Pa
20250509 001645.543 INFO             PET0 ----------------------------------------------------------------
20250509 001645.543 INFO             PET0 standardName:                        surface_downward_water_flux
20250509 001645.543 INFO             PET0 canonicalUnits:                                       kg m-2 s-1
20250509 001645.543 INFO             PET0 ----------------------------------------------------------------
20250509 001645.543 INFO             PET0 standardName:                surface_eastward_sea_water_velocity
20250509 001645.543 INFO             PET0 canonicalUnits:                                            m s-1
20250509 001645.543 INFO             PET0 ----------------------------------------------------------------
20250509 001645.543 INFO             PET0 standardName:                 surface_net_downward_longwave_flux
20250509 001645.543 INFO             PET0 canonicalUnits:                                            W m-2
20250509 001645.543 INFO             PET0 ----------------------------------------------------------------
20250509 001645.543 INFO             PET0 standardName:                surface_net_downward_shortwave_flux
20250509 001645.543 INFO             PET0 canonicalUnits:                                            W m-2
20250509 001645.543 INFO             PET0 ----------------------------------------------------------------
20250509 001645.543 INFO             PET0 standardName:               surface_northward_sea_water_velocity
20250509 001645.543 INFO             PET0 canonicalUnits:                                            m s-1
20250509 001645.543 INFO             PET0 ----------------------------------------------------------------
20250509 001645.543 INFO             PET0 =============> End Field Dictionary: default <==================
20250509 001645.543 INFO             PET0 ===========> Begin Field Dictionary: default-YAML <=============
20250509 001645.544 ERROR            PET0 src/addon/NUOPC/src/NUOPC_FieldDictionaryDef.F90:182 Unable to deallocate memory  - Passing error in return code
20250509 001645.544 ERROR            PET0 src/addon/NUOPC/src/NUOPC_FieldDictionaryDef.F90:517 Unable to deallocate memory  - Passing error in return code
20250509 001645.544 ERROR            PET0 src/addon/NUOPC/src/NUOPC_FieldDictionaryDef.F90:225 Unable to deallocate memory  - Passing error in return code
20250509 001645.544 ERROR            PET0 src/addon/NUOPC/src/NUOPC_FieldDictionaryApi.F90:136 Unable to deallocate memory  - Passing error in return code
20250509 001645.544 ERROR            PET0 ./util.F90:63 Unable to deallocate memory  - Passing error in return code
20250509 001645.544 ERROR            PET0 ./mainApp.F90:59 Unable to deallocate memory  - Passing error in return code
20250509 001645.544 INFO             PET0  Finalizing ESMF with endflag==ESMF_END_ABORT
20250509 001645.540 INFO             PET1 !!!!!!!!!!!!!!!!!!!!!!!!!!!!!!!!!!!!!!!!!!!!!!!!!!!!!!
20250509 001645.540 INFO             PET1 !!! THE ESMF_LOG IS SET TO OUTPUT ALL LOG MESSAGES !!!
20250509 001645.540 INFO             PET1 !!!     THIS MAY CAUSE SLOWDOWN IN PERFORMANCE     !!!
20250509 001645.540 INFO             PET1 !!! FOR PRODUCTION RUNS, USE:                      !!!
20250509 001645.540 INFO             PET1 !!!                   ESMF_LOGKIND_Multi_On_Error  !!!
20250509 001645.540 INFO             PET1 !!!!!!!!!!!!!!!!!!!!!!!!!!!!!!!!!!!!!!!!!!!!!!!!!!!!!!
20250509 001645.540 INFO             PET1 Running with ESMF Version   : v8.9.0b08-9-gea72ab2180
20250509 001645.540 INFO             PET1 ESMF library build date/time: "May  8 2025" "22:45:39"
20250509 001645.540 INFO             PET1 ESMF library build location : /discover/nobackup/projects/gmao/SIteam/ESMF_Testing/llvm_21.0.0git06721_mpich_g_develop/esmf
20250509 001645.540 INFO             PET1 ESMF_COMM                   : mpich
20250509 001645.540 INFO             PET1 ESMF_MOAB                   : enabled
20250509 001645.540 INFO             PET1 ESMF_LAPACK                 : enabled
20250509 001645.540 INFO             PET1 ESMF_NETCDF                 : disabled
20250509 001645.540 INFO             PET1 ESMF_PNETCDF                : disabled
20250509 001645.540 INFO             PET1 ESMF_PIO                    : disabled
20250509 001645.540 INFO             PET1 ESMF_YAMLCPP                : enabled
20250509 001645.541 INFO             PET1 mainApp STARTING
20250509 001645.541 INFO             PET1 =============> Begin Field Dictionary: default <================
20250509 001645.542 INFO             PET1 standardName:                          air_pressure_at_sea_level
20250509 001645.542 INFO             PET1 canonicalUnits:                                               Pa
20250509 001645.542 INFO             PET1 ----------------------------------------------------------------
20250509 001645.542 INFO             PET1 standardName:               magnitude_of_surface_downward_stress
20250509 001645.542 INFO             PET1 canonicalUnits:                                               Pa
20250509 001645.542 INFO             PET1 ----------------------------------------------------------------
20250509 001645.542 INFO             PET1 standardName:                                 precipitation_flux
20250509 001645.543 INFO             PET1 canonicalUnits:                                       kg m-2 s-1
20250509 001645.543 INFO             PET1 ----------------------------------------------------------------
20250509 001645.543 INFO             PET1 standardName:                 sea_surface_height_above_sea_level
20250509 001645.543 INFO             PET1 canonicalUnits:                                                m
20250509 001645.543 INFO             PET1 ----------------------------------------------------------------
20250509 001645.543 INFO             PET1 standardName:                               sea_surface_salinity
20250509 001645.543 INFO             PET1 canonicalUnits:                                             1e-3
20250509 001645.543 INFO             PET1 ----------------------------------------------------------------
20250509 001645.543 INFO             PET1 standardName:                            sea_surface_temperature
20250509 001645.543 INFO             PET1 canonicalUnits:                                                K
20250509 001645.543 INFO             PET1 ----------------------------------------------------------------
20250509 001645.543 INFO             PET1 standardName:                   surface_downward_eastward_stress
20250509 001645.543 INFO             PET1 canonicalUnits:                                               Pa
20250509 001645.543 INFO             PET1 ----------------------------------------------------------------
20250509 001645.543 INFO             PET1 standardName:                  surface_downward_heat_flux_in_air
20250509 001645.543 INFO             PET1 canonicalUnits:                                            W m-2
20250509 001645.543 INFO             PET1 ----------------------------------------------------------------
20250509 001645.543 INFO             PET1 standardName:                  surface_downward_northward_stress
20250509 001645.543 INFO             PET1 canonicalUnits:                                               Pa
20250509 001645.543 INFO             PET1 ----------------------------------------------------------------
20250509 001645.543 INFO             PET1 standardName:                        surface_downward_water_flux
20250509 001645.543 INFO             PET1 canonicalUnits:                                       kg m-2 s-1
20250509 001645.543 INFO             PET1 ----------------------------------------------------------------
20250509 001645.543 INFO             PET1 standardName:                surface_eastward_sea_water_velocity
20250509 001645.543 INFO             PET1 canonicalUnits:                                            m s-1
20250509 001645.543 INFO             PET1 ----------------------------------------------------------------
20250509 001645.543 INFO             PET1 standardName:                 surface_net_downward_longwave_flux
20250509 001645.543 INFO             PET1 canonicalUnits:                                            W m-2
20250509 001645.543 INFO             PET1 ----------------------------------------------------------------
20250509 001645.543 INFO             PET1 standardName:                surface_net_downward_shortwave_flux
20250509 001645.543 INFO             PET1 canonicalUnits:                                            W m-2
20250509 001645.543 INFO             PET1 ----------------------------------------------------------------
20250509 001645.543 INFO             PET1 standardName:               surface_northward_sea_water_velocity
20250509 001645.543 INFO             PET1 canonicalUnits:                                            m s-1
20250509 001645.543 INFO             PET1 ----------------------------------------------------------------
20250509 001645.543 INFO             PET1 =============> End Field Dictionary: default <==================
20250509 001645.543 INFO             PET1 ===========> Begin Field Dictionary: default-YAML <=============
20250509 001645.544 ERROR            PET1 src/addon/NUOPC/src/NUOPC_FieldDictionaryDef.F90:182 Unable to deallocate memory  - Passing error in return code
20250509 001645.544 ERROR            PET1 src/addon/NUOPC/src/NUOPC_FieldDictionaryDef.F90:517 Unable to deallocate memory  - Passing error in return code
20250509 001645.544 ERROR            PET1 src/addon/NUOPC/src/NUOPC_FieldDictionaryDef.F90:225 Unable to deallocate memory  - Passing error in return code
20250509 001645.544 ERROR            PET1 src/addon/NUOPC/src/NUOPC_FieldDictionaryApi.F90:136 Unable to deallocate memory  - Passing error in return code
20250509 001645.544 ERROR            PET1 ./util.F90:63 Unable to deallocate memory  - Passing error in return code
20250509 001645.544 ERROR            PET1 ./mainApp.F90:59 Unable to deallocate memory  - Passing error in return code
20250509 001645.544 INFO             PET1  Finalizing ESMF with endflag==ESMF_END_ABORT
20250509 001645.539 INFO             PET2 !!!!!!!!!!!!!!!!!!!!!!!!!!!!!!!!!!!!!!!!!!!!!!!!!!!!!!
20250509 001645.539 INFO             PET2 !!! THE ESMF_LOG IS SET TO OUTPUT ALL LOG MESSAGES !!!
20250509 001645.539 INFO             PET2 !!!     THIS MAY CAUSE SLOWDOWN IN PERFORMANCE     !!!
20250509 001645.540 INFO             PET2 !!! FOR PRODUCTION RUNS, USE:                      !!!
20250509 001645.540 INFO             PET2 !!!                   ESMF_LOGKIND_Multi_On_Error  !!!
20250509 001645.540 INFO             PET2 !!!!!!!!!!!!!!!!!!!!!!!!!!!!!!!!!!!!!!!!!!!!!!!!!!!!!!
20250509 001645.540 INFO             PET2 Running with ESMF Version   : v8.9.0b08-9-gea72ab2180
20250509 001645.540 INFO             PET2 ESMF library build date/time: "May  8 2025" "22:45:39"
20250509 001645.540 INFO             PET2 ESMF library build location : /discover/nobackup/projects/gmao/SIteam/ESMF_Testing/llvm_21.0.0git06721_mpich_g_develop/esmf
20250509 001645.540 INFO             PET2 ESMF_COMM                   : mpich
20250509 001645.540 INFO             PET2 ESMF_MOAB                   : enabled
20250509 001645.540 INFO             PET2 ESMF_LAPACK                 : enabled
20250509 001645.540 INFO             PET2 ESMF_NETCDF                 : disabled
20250509 001645.540 INFO             PET2 ESMF_PNETCDF                : disabled
20250509 001645.540 INFO             PET2 ESMF_PIO                    : disabled
20250509 001645.540 INFO             PET2 ESMF_YAMLCPP                : enabled
20250509 001645.541 INFO             PET2 mainApp STARTING
20250509 001645.541 INFO             PET2 =============> Begin Field Dictionary: default <================
20250509 001645.542 INFO             PET2 standardName:                          air_pressure_at_sea_level
20250509 001645.542 INFO             PET2 canonicalUnits:                                               Pa
20250509 001645.542 INFO             PET2 ----------------------------------------------------------------
20250509 001645.542 INFO             PET2 standardName:               magnitude_of_surface_downward_stress
20250509 001645.542 INFO             PET2 canonicalUnits:                                               Pa
20250509 001645.542 INFO             PET2 ----------------------------------------------------------------
20250509 001645.543 INFO             PET2 standardName:                                 precipitation_flux
20250509 001645.543 INFO             PET2 canonicalUnits:                                       kg m-2 s-1
20250509 001645.543 INFO             PET2 ----------------------------------------------------------------
20250509 001645.543 INFO             PET2 standardName:                 sea_surface_height_above_sea_level
20250509 001645.543 INFO             PET2 canonicalUnits:                                                m
20250509 001645.543 INFO             PET2 ----------------------------------------------------------------
20250509 001645.543 INFO             PET2 standardName:                               sea_surface_salinity
20250509 001645.543 INFO             PET2 canonicalUnits:                                             1e-3
20250509 001645.543 INFO             PET2 ----------------------------------------------------------------
20250509 001645.543 INFO             PET2 standardName:                            sea_surface_temperature
20250509 001645.543 INFO             PET2 canonicalUnits:                                                K
20250509 001645.543 INFO             PET2 ----------------------------------------------------------------
20250509 001645.543 INFO             PET2 standardName:                   surface_downward_eastward_stress
20250509 001645.543 INFO             PET2 canonicalUnits:                                               Pa
20250509 001645.543 INFO             PET2 ----------------------------------------------------------------
20250509 001645.543 INFO             PET2 standardName:                  surface_downward_heat_flux_in_air
20250509 001645.543 INFO             PET2 canonicalUnits:                                            W m-2
20250509 001645.543 INFO             PET2 ----------------------------------------------------------------
20250509 001645.543 INFO             PET2 standardName:                  surface_downward_northward_stress
20250509 001645.543 INFO             PET2 canonicalUnits:                                               Pa
20250509 001645.543 INFO             PET2 ----------------------------------------------------------------
20250509 001645.543 INFO             PET2 standardName:                        surface_downward_water_flux
20250509 001645.543 INFO             PET2 canonicalUnits:                                       kg m-2 s-1
20250509 001645.543 INFO             PET2 ----------------------------------------------------------------
20250509 001645.543 INFO             PET2 standardName:                surface_eastward_sea_water_velocity
20250509 001645.543 INFO             PET2 canonicalUnits:                                            m s-1
20250509 001645.543 INFO             PET2 ----------------------------------------------------------------
20250509 001645.543 INFO             PET2 standardName:                 surface_net_downward_longwave_flux
20250509 001645.543 INFO             PET2 canonicalUnits:                                            W m-2
20250509 001645.543 INFO             PET2 ----------------------------------------------------------------
20250509 001645.543 INFO             PET2 standardName:                surface_net_downward_shortwave_flux
20250509 001645.543 INFO             PET2 canonicalUnits:                                            W m-2
20250509 001645.543 INFO             PET2 ----------------------------------------------------------------
20250509 001645.543 INFO             PET2 standardName:               surface_northward_sea_water_velocity
20250509 001645.543 INFO             PET2 canonicalUnits:                                            m s-1
20250509 001645.543 INFO             PET2 ----------------------------------------------------------------
20250509 001645.543 INFO             PET2 =============> End Field Dictionary: default <==================
20250509 001645.543 INFO             PET2 ===========> Begin Field Dictionary: default-YAML <=============
20250509 001645.544 ERROR            PET2 src/addon/NUOPC/src/NUOPC_FieldDictionaryDef.F90:182 Unable to deallocate memory  - Passing error in return code
20250509 001645.544 ERROR            PET2 src/addon/NUOPC/src/NUOPC_FieldDictionaryDef.F90:517 Unable to deallocate memory  - Passing error in return code
20250509 001645.544 ERROR            PET2 src/addon/NUOPC/src/NUOPC_FieldDictionaryDef.F90:225 Unable to deallocate memory  - Passing error in return code
20250509 001645.544 ERROR            PET2 src/addon/NUOPC/src/NUOPC_FieldDictionaryApi.F90:136 Unable to deallocate memory  - Passing error in return code
20250509 001645.544 ERROR            PET2 ./util.F90:63 Unable to deallocate memory  - Passing error in return code
20250509 001645.544 ERROR            PET2 ./mainApp.F90:59 Unable to deallocate memory  - Passing error in return code
20250509 001645.544 INFO             PET2  Finalizing ESMF with endflag==ESMF_END_ABORT
20250509 001645.539 INFO             PET3 !!!!!!!!!!!!!!!!!!!!!!!!!!!!!!!!!!!!!!!!!!!!!!!!!!!!!!
20250509 001645.539 INFO             PET3 !!! THE ESMF_LOG IS SET TO OUTPUT ALL LOG MESSAGES !!!
20250509 001645.539 INFO             PET3 !!!     THIS MAY CAUSE SLOWDOWN IN PERFORMANCE     !!!
20250509 001645.539 INFO             PET3 !!! FOR PRODUCTION RUNS, USE:                      !!!
20250509 001645.539 INFO             PET3 !!!                   ESMF_LOGKIND_Multi_On_Error  !!!
20250509 001645.539 INFO             PET3 !!!!!!!!!!!!!!!!!!!!!!!!!!!!!!!!!!!!!!!!!!!!!!!!!!!!!!
20250509 001645.539 INFO             PET3 Running with ESMF Version   : v8.9.0b08-9-gea72ab2180
20250509 001645.539 INFO             PET3 ESMF library build date/time: "May  8 2025" "22:45:39"
20250509 001645.539 INFO             PET3 ESMF library build location : /discover/nobackup/projects/gmao/SIteam/ESMF_Testing/llvm_21.0.0git06721_mpich_g_develop/esmf
20250509 001645.539 INFO             PET3 ESMF_COMM                   : mpich
20250509 001645.540 INFO             PET3 ESMF_MOAB                   : enabled
20250509 001645.540 INFO             PET3 ESMF_LAPACK                 : enabled
20250509 001645.540 INFO             PET3 ESMF_NETCDF                 : disabled
20250509 001645.540 INFO             PET3 ESMF_PNETCDF                : disabled
20250509 001645.540 INFO             PET3 ESMF_PIO                    : disabled
20250509 001645.540 INFO             PET3 ESMF_YAMLCPP                : enabled
20250509 001645.541 INFO             PET3 mainApp STARTING
20250509 001645.541 INFO             PET3 =============> Begin Field Dictionary: default <================
20250509 001645.542 INFO             PET3 standardName:                          air_pressure_at_sea_level
20250509 001645.542 INFO             PET3 canonicalUnits:                                               Pa
20250509 001645.542 INFO             PET3 ----------------------------------------------------------------
20250509 001645.542 INFO             PET3 standardName:               magnitude_of_surface_downward_stress
20250509 001645.542 INFO             PET3 canonicalUnits:                                               Pa
20250509 001645.542 INFO             PET3 ----------------------------------------------------------------
20250509 001645.542 INFO             PET3 standardName:                                 precipitation_flux
20250509 001645.543 INFO             PET3 canonicalUnits:                                       kg m-2 s-1
20250509 001645.543 INFO             PET3 ----------------------------------------------------------------
20250509 001645.543 INFO             PET3 standardName:                 sea_surface_height_above_sea_level
20250509 001645.543 INFO             PET3 canonicalUnits:                                                m
20250509 001645.543 INFO             PET3 ----------------------------------------------------------------
20250509 001645.543 INFO             PET3 standardName:                               sea_surface_salinity
20250509 001645.543 INFO             PET3 canonicalUnits:                                             1e-3
20250509 001645.543 INFO             PET3 ----------------------------------------------------------------
20250509 001645.543 INFO             PET3 standardName:                            sea_surface_temperature
20250509 001645.543 INFO             PET3 canonicalUnits:                                                K
20250509 001645.543 INFO             PET3 ----------------------------------------------------------------
20250509 001645.543 INFO             PET3 standardName:                   surface_downward_eastward_stress
20250509 001645.543 INFO             PET3 canonicalUnits:                                               Pa
20250509 001645.543 INFO             PET3 ----------------------------------------------------------------
20250509 001645.543 INFO             PET3 standardName:                  surface_downward_heat_flux_in_air
20250509 001645.543 INFO             PET3 canonicalUnits:                                            W m-2
20250509 001645.543 INFO             PET3 ----------------------------------------------------------------
20250509 001645.543 INFO             PET3 standardName:                  surface_downward_northward_stress
20250509 001645.543 INFO             PET3 canonicalUnits:                                               Pa
20250509 001645.543 INFO             PET3 ----------------------------------------------------------------
20250509 001645.543 INFO             PET3 standardName:                        surface_downward_water_flux
20250509 001645.543 INFO             PET3 canonicalUnits:                                       kg m-2 s-1
20250509 001645.543 INFO             PET3 ----------------------------------------------------------------
20250509 001645.543 INFO             PET3 standardName:                surface_eastward_sea_water_velocity
20250509 001645.543 INFO             PET3 canonicalUnits:                                            m s-1
20250509 001645.543 INFO             PET3 ----------------------------------------------------------------
20250509 001645.543 INFO             PET3 standardName:                 surface_net_downward_longwave_flux
20250509 001645.543 INFO             PET3 canonicalUnits:                                            W m-2
20250509 001645.543 INFO             PET3 ----------------------------------------------------------------
20250509 001645.543 INFO             PET3 standardName:                surface_net_downward_shortwave_flux
20250509 001645.543 INFO             PET3 canonicalUnits:                                            W m-2
20250509 001645.543 INFO             PET3 ----------------------------------------------------------------
20250509 001645.543 INFO             PET3 standardName:               surface_northward_sea_water_velocity
20250509 001645.543 INFO             PET3 canonicalUnits:                                            m s-1
20250509 001645.543 INFO             PET3 ----------------------------------------------------------------
20250509 001645.543 INFO             PET3 =============> End Field Dictionary: default <==================
20250509 001645.543 INFO             PET3 ===========> Begin Field Dictionary: default-YAML <=============
20250509 001645.544 ERROR            PET3 src/addon/NUOPC/src/NUOPC_FieldDictionaryDef.F90:182 Unable to deallocate memory  - Passing error in return code
20250509 001645.544 ERROR            PET3 src/addon/NUOPC/src/NUOPC_FieldDictionaryDef.F90:517 Unable to deallocate memory  - Passing error in return code
20250509 001645.544 ERROR            PET3 src/addon/NUOPC/src/NUOPC_FieldDictionaryDef.F90:225 Unable to deallocate memory  - Passing error in return code
20250509 001645.544 ERROR            PET3 src/addon/NUOPC/src/NUOPC_FieldDictionaryApi.F90:136 Unable to deallocate memory  - Passing error in return code
20250509 001645.544 ERROR            PET3 ./util.F90:63 Unable to deallocate memory  - Passing error in return code
20250509 001645.544 ERROR            PET3 ./mainApp.F90:59 Unable to deallocate memory  - Passing error in return code
20250509 001645.544 INFO             PET3  Finalizing ESMF with endflag==ESMF_END_ABORT
