2025-05-08 22:48:35
Abort(1) on node 0 (rank 0 in comm 496): application called MPI_Abort(comm=0x84000002, 1) - process 0
Abort(1) on node 1 (rank 1 in comm 496): application called MPI_Abort(comm=0x84000001, 1) - process 1
Abort(1) on node 2 (rank 2 in comm 496): application called MPI_Abort(comm=0x84000001, 1) - process 2
Abort(1) on node 3 (rank 3 in comm 496): application called MPI_Abort(comm=0x84000001, 1) - process 3
borgq118:rank3: Error opening remote shared memory object /psm3_shm.31128555.0x5ad01dbe303:fe80000000000000:b83fd203005899ce.0 in shm_open: No such file or directory (err=9)
borgq118:rank2: Error opening remote shared memory object /psm3_shm.31128555.0x5ad01dbe303:fe80000000000000:b83fd203005899ce.0 in shm_open: No such file or directory (err=9)
borgq118:rank2: PSM could not set up shared memory segment (err=9)
borgq118:rank3: PSM could not set up shared memory segment (err=9)
libfabric:209222:1746764558::psm3:av:psmx3_epid_to_epaddr():240<warn> borgq118:rank3: psm3_ep_connect returned error PSM could not set up shared memory segment, remote epid=0x5ad01dbe303:fe80000000000000:b83fd203005899ce.
libfabric:209221:1746764558::psm3:av:psmx3_epid_to_epaddr():240<warn> borgq118:rank2: psm3_ep_connect returned error PSM could not set up shared memory segment, remote epid=0x5ad01dbe303:fe80000000000000:b83fd203005899ce.
 NUOPC_DriverPrint for PET: 0
   Model, Mediator, and Driver components, in the order
   that they were added to the Driver:
 1 :  advectDiff_Parent
 2 :  advectDiff_Gen1Nestling0
 3 :  advectDiff_Gen1Nestling1
 4 :  advectDiff_Gen2Nestling0
   Connector components, in the order
   that they were added to the Driver:
 1 :  advectDiff_Parent-TO-advectDiff_Gen1Nestling0
 2 :  advectDiff_Parent-TO-advectDiff_Gen1Nestling1
 3 :  advectDiff_Gen1Nestling0-TO-advectDiff_Gen2Nestling0
NUOPC_RunSequenceArrayPrint: element     1 out of      2
runSeq::
 runElementPrint:      1     2     1 F T
 runElementPrint:      1     3     1 F T
 runElementPrint:      1    -1     1 F T
 runElementPrint:     -2     0     0 F T
 runElementPrint:      3    -1     1 F T
 runElementPrint:     -1    -1     0 F F
::
NUOPC_RunSequenceArrayPrint: element     2 out of      2
runSeq::
 runElementPrint:      2     4     1 F T
 runElementPrint:      2    -1     1 F T
 runElementPrint:      4    -1     1 F T
 runElementPrint:     -2    -1     0 F F
::
 NUOPC_DriverPrint for PET: 1
   Model, Mediator, and Driver components, in the order
   that they were added to the Driver:
 1 :  advectDiff_Parent
 2 :  advectDiff_Gen1Nestling0
 3 :  advectDiff_Gen1Nestling1
 4 :  advectDiff_Gen2Nestling0
   Connector components, in the order
   that they were added to the Driver:
 1 :  advectDiff_Parent-TO-advectDiff_Gen1Nestling0
 2 :  advectDiff_Parent-TO-advectDiff_Gen1Nestling1
 3 :  advectDiff_Gen1Nestling0-TO-advectDiff_Gen2Nestling0
NUOPC_RunSequenceArrayPrint: element     1 out of      2
runSeq::
 runElementPrint:      1     2     1 F T
 runElementPrint:      1     3     1 F T
 runElementPrint:      1    -1     1 F T
 runElementPrint:     -2     0     0 F T
 runElementPrint:      3    -1     1 F T
 runElementPrint:     -1    -1     0 F F
::
NUOPC_RunSequenceArrayPrint: element     2 out of      2
runSeq::
 runElementPrint:      2     4     1 F T
 runElementPrint:      2    -1     1 F T
 runElementPrint:      4    -1     1 F T
 runElementPrint:     -2    -1     0 F F
::

===================================================================================
=   BAD TERMINATION OF ONE OF YOUR APPLICATION PROCESSES
=   PID 209222 RUNNING AT borgq118
=   EXIT CODE: 6
=   CLEANING UP REMAINING PROCESSES
=   YOU CAN IGNORE THE BELOW CLEANUP MESSAGES
===================================================================================
YOUR APPLICATION TERMINATED WITH THE EXIT STRING: Aborted (signal 6)
This typically refers to a problem with your application.
Please see the FAQ page for debugging suggestions
