2024-10-13 07:37:10
20241013 082811.998 INFO             PET0 !!!!!!!!!!!!!!!!!!!!!!!!!!!!!!!!!!!!!!!!!!!!!!!!!!!!!!
20241013 082811.998 INFO             PET0 !!! THE ESMF_LOG IS SET TO OUTPUT ALL LOG MESSAGES !!!
20241013 082811.998 INFO             PET0 !!!     THIS MAY CAUSE SLOWDOWN IN PERFORMANCE     !!!
20241013 082811.998 INFO             PET0 !!! FOR PRODUCTION RUNS, USE:                      !!!
20241013 082811.998 INFO             PET0 !!!                   ESMF_LOGKIND_Multi_On_Error  !!!
20241013 082811.998 INFO             PET0 !!!!!!!!!!!!!!!!!!!!!!!!!!!!!!!!!!!!!!!!!!!!!!!!!!!!!!
20241013 082811.998 INFO             PET0 Running with ESMF Version   : v8.8.0b01
20241013 082811.998 INFO             PET0 ESMF library build date/time: "Oct 13 2024" "07:33:50"
20241013 082811.998 INFO             PET0 ESMF library build location : /scratch2/NCEPDEV/stmp1/Gerhard.Theurich/ESMF-Nightly-Testing/intel_2023.2.0-oneAPI_intelmpi_g_develop/esmf
20241013 082811.998 INFO             PET0 ESMF_COMM                   : intelmpi
20241013 082811.999 INFO             PET0 ESMF_MOAB                   : enabled
20241013 082811.999 INFO             PET0 ESMF_LAPACK                 : enabled
20241013 082811.999 INFO             PET0 ESMF_NETCDF                 : enabled
20241013 082811.999 INFO             PET0 ESMF_PNETCDF                : disabled
20241013 082811.999 INFO             PET0 ESMF_PIO                    : enabled
20241013 082811.999 INFO             PET0 ESMF_YAMLCPP                : enabled
20241013 082812.005 INFO             PET0  NUMBER_OF_PROCESSORS           1
20241013 082812.006 INFO             PET0  PASS  Example ESMF_XGridSparseMatEx, ESMF_XGridSparseMatEx.F90, line 642
20241013 082812.006 INFO             PET0  Finalizing ESMF
