2024-10-18 07:41:53
20241018 083222.655 INFO             PET0 !!!!!!!!!!!!!!!!!!!!!!!!!!!!!!!!!!!!!!!!!!!!!!!!!!!!!!
20241018 083222.655 INFO             PET0 !!! THE ESMF_LOG IS SET TO OUTPUT ALL LOG MESSAGES !!!
20241018 083222.655 INFO             PET0 !!!     THIS MAY CAUSE SLOWDOWN IN PERFORMANCE     !!!
20241018 083222.655 INFO             PET0 !!! FOR PRODUCTION RUNS, USE:                      !!!
20241018 083222.655 INFO             PET0 !!!                   ESMF_LOGKIND_Multi_On_Error  !!!
20241018 083222.655 INFO             PET0 !!!!!!!!!!!!!!!!!!!!!!!!!!!!!!!!!!!!!!!!!!!!!!!!!!!!!!
20241018 083222.655 INFO             PET0 Running with ESMF Version   : v8.8.0b01-7-gc92d921964
20241018 083222.655 INFO             PET0 ESMF library build date/time: "Oct 18 2024" "07:38:21"
20241018 083222.655 INFO             PET0 ESMF library build location : /scratch2/NCEPDEV/stmp1/Gerhard.Theurich/ESMF-Nightly-Testing/intel_2023.2.0-oneAPI_intelmpi_g_develop/esmf
20241018 083222.655 INFO             PET0 ESMF_COMM                   : intelmpi
20241018 083222.656 INFO             PET0 ESMF_MOAB                   : enabled
20241018 083222.656 INFO             PET0 ESMF_LAPACK                 : enabled
20241018 083222.656 INFO             PET0 ESMF_NETCDF                 : enabled
20241018 083222.656 INFO             PET0 ESMF_PNETCDF                : disabled
20241018 083222.656 INFO             PET0 ESMF_PIO                    : enabled
20241018 083222.656 INFO             PET0 ESMF_YAMLCPP                : enabled
20241018 083222.723 DEBUG            PET0 about to destroy Grid: 0x2007a10
20241018 083222.731 DEBUG            PET0 about to destroy Grid: 0x2008840
20241018 083222.753 INFO             PET0  NUMBER_OF_PROCESSORS           4
20241018 083222.753 INFO             PET0  PASS  Example ESMF_NUOPCAtmModelEx, ESMF_NUOPCAtmModelEx.F90, line 806
20241018 083222.753 INFO             PET0  Finalizing ESMF
20241018 083222.655 INFO             PET1 !!!!!!!!!!!!!!!!!!!!!!!!!!!!!!!!!!!!!!!!!!!!!!!!!!!!!!
20241018 083222.655 INFO             PET1 !!! THE ESMF_LOG IS SET TO OUTPUT ALL LOG MESSAGES !!!
20241018 083222.655 INFO             PET1 !!!     THIS MAY CAUSE SLOWDOWN IN PERFORMANCE     !!!
20241018 083222.655 INFO             PET1 !!! FOR PRODUCTION RUNS, USE:                      !!!
20241018 083222.655 INFO             PET1 !!!                   ESMF_LOGKIND_Multi_On_Error  !!!
20241018 083222.655 INFO             PET1 !!!!!!!!!!!!!!!!!!!!!!!!!!!!!!!!!!!!!!!!!!!!!!!!!!!!!!
20241018 083222.655 INFO             PET1 Running with ESMF Version   : v8.8.0b01-7-gc92d921964
20241018 083222.655 INFO             PET1 ESMF library build date/time: "Oct 18 2024" "07:38:21"
20241018 083222.655 INFO             PET1 ESMF library build location : /scratch2/NCEPDEV/stmp1/Gerhard.Theurich/ESMF-Nightly-Testing/intel_2023.2.0-oneAPI_intelmpi_g_develop/esmf
20241018 083222.655 INFO             PET1 ESMF_COMM                   : intelmpi
20241018 083222.656 INFO             PET1 ESMF_MOAB                   : enabled
20241018 083222.656 INFO             PET1 ESMF_LAPACK                 : enabled
20241018 083222.656 INFO             PET1 ESMF_NETCDF                 : enabled
20241018 083222.656 INFO             PET1 ESMF_PNETCDF                : disabled
20241018 083222.656 INFO             PET1 ESMF_PIO                    : enabled
20241018 083222.656 INFO             PET1 ESMF_YAMLCPP                : enabled
20241018 083222.723 DEBUG            PET1 about to destroy Grid: 0x1bd6780
20241018 083222.731 DEBUG            PET1 about to destroy Grid: 0x1bd7020
20241018 083222.754 INFO             PET1  NUMBER_OF_PROCESSORS           4
20241018 083222.754 INFO             PET1  PASS  Example ESMF_NUOPCAtmModelEx, ESMF_NUOPCAtmModelEx.F90, line 806
20241018 083222.754 INFO             PET1  Finalizing ESMF
20241018 083222.655 INFO             PET2 !!!!!!!!!!!!!!!!!!!!!!!!!!!!!!!!!!!!!!!!!!!!!!!!!!!!!!
20241018 083222.655 INFO             PET2 !!! THE ESMF_LOG IS SET TO OUTPUT ALL LOG MESSAGES !!!
20241018 083222.655 INFO             PET2 !!!     THIS MAY CAUSE SLOWDOWN IN PERFORMANCE     !!!
20241018 083222.655 INFO             PET2 !!! FOR PRODUCTION RUNS, USE:                      !!!
20241018 083222.655 INFO             PET2 !!!                   ESMF_LOGKIND_Multi_On_Error  !!!
20241018 083222.655 INFO             PET2 !!!!!!!!!!!!!!!!!!!!!!!!!!!!!!!!!!!!!!!!!!!!!!!!!!!!!!
20241018 083222.655 INFO             PET2 Running with ESMF Version   : v8.8.0b01-7-gc92d921964
20241018 083222.655 INFO             PET2 ESMF library build date/time: "Oct 18 2024" "07:38:21"
20241018 083222.655 INFO             PET2 ESMF library build location : /scratch2/NCEPDEV/stmp1/Gerhard.Theurich/ESMF-Nightly-Testing/intel_2023.2.0-oneAPI_intelmpi_g_develop/esmf
20241018 083222.655 INFO             PET2 ESMF_COMM                   : intelmpi
20241018 083222.656 INFO             PET2 ESMF_MOAB                   : enabled
20241018 083222.656 INFO             PET2 ESMF_LAPACK                 : enabled
20241018 083222.656 INFO             PET2 ESMF_NETCDF                 : enabled
20241018 083222.656 INFO             PET2 ESMF_PNETCDF                : disabled
20241018 083222.656 INFO             PET2 ESMF_PIO                    : enabled
20241018 083222.656 INFO             PET2 ESMF_YAMLCPP                : enabled
20241018 083222.723 DEBUG            PET2 about to destroy Grid: 0x1995820
20241018 083222.731 DEBUG            PET2 about to destroy Grid: 0x19960c0
20241018 083222.753 INFO             PET2  NUMBER_OF_PROCESSORS           4
20241018 083222.753 INFO             PET2  PASS  Example ESMF_NUOPCAtmModelEx, ESMF_NUOPCAtmModelEx.F90, line 806
20241018 083222.753 INFO             PET2  Finalizing ESMF
20241018 083222.656 INFO             PET3 !!!!!!!!!!!!!!!!!!!!!!!!!!!!!!!!!!!!!!!!!!!!!!!!!!!!!!
20241018 083222.656 INFO             PET3 !!! THE ESMF_LOG IS SET TO OUTPUT ALL LOG MESSAGES !!!
20241018 083222.656 INFO             PET3 !!!     THIS MAY CAUSE SLOWDOWN IN PERFORMANCE     !!!
20241018 083222.656 INFO             PET3 !!! FOR PRODUCTION RUNS, USE:                      !!!
20241018 083222.656 INFO             PET3 !!!                   ESMF_LOGKIND_Multi_On_Error  !!!
20241018 083222.656 INFO             PET3 !!!!!!!!!!!!!!!!!!!!!!!!!!!!!!!!!!!!!!!!!!!!!!!!!!!!!!
20241018 083222.656 INFO             PET3 Running with ESMF Version   : v8.8.0b01-7-gc92d921964
20241018 083222.656 INFO             PET3 ESMF library build date/time: "Oct 18 2024" "07:38:21"
20241018 083222.656 INFO             PET3 ESMF library build location : /scratch2/NCEPDEV/stmp1/Gerhard.Theurich/ESMF-Nightly-Testing/intel_2023.2.0-oneAPI_intelmpi_g_develop/esmf
20241018 083222.656 INFO             PET3 ESMF_COMM                   : intelmpi
20241018 083222.657 INFO             PET3 ESMF_MOAB                   : enabled
20241018 083222.657 INFO             PET3 ESMF_LAPACK                 : enabled
20241018 083222.657 INFO             PET3 ESMF_NETCDF                 : enabled
20241018 083222.657 INFO             PET3 ESMF_PNETCDF                : disabled
20241018 083222.657 INFO             PET3 ESMF_PIO                    : enabled
20241018 083222.657 INFO             PET3 ESMF_YAMLCPP                : enabled
20241018 083222.723 DEBUG            PET3 about to destroy Grid: 0xc3b710
20241018 083222.731 DEBUG            PET3 about to destroy Grid: 0xc3bfb0
20241018 083222.753 INFO             PET3  NUMBER_OF_PROCESSORS           4
20241018 083222.753 INFO             PET3  PASS  Example ESMF_NUOPCAtmModelEx, ESMF_NUOPCAtmModelEx.F90, line 806
20241018 083222.753 INFO             PET3  Finalizing ESMF
