2024-10-09 07:36:56
20241009 082050.972 INFO             PET0 !!!!!!!!!!!!!!!!!!!!!!!!!!!!!!!!!!!!!!!!!!!!!!!!!!!!!!
20241009 082050.972 INFO             PET0 !!! THE ESMF_LOG IS SET TO OUTPUT ALL LOG MESSAGES !!!
20241009 082050.972 INFO             PET0 !!!     THIS MAY CAUSE SLOWDOWN IN PERFORMANCE     !!!
20241009 082050.972 INFO             PET0 !!! FOR PRODUCTION RUNS, USE:                      !!!
20241009 082050.972 INFO             PET0 !!!                   ESMF_LOGKIND_Multi_On_Error  !!!
20241009 082050.972 INFO             PET0 !!!!!!!!!!!!!!!!!!!!!!!!!!!!!!!!!!!!!!!!!!!!!!!!!!!!!!
20241009 082050.972 INFO             PET0 Running with ESMF Version   : v8.8.0b00-12-g0d4b825343
20241009 082050.972 INFO             PET0 ESMF library build date/time: "Oct  9 2024" "07:33:52"
20241009 082050.972 INFO             PET0 ESMF library build location : /scratch2/NCEPDEV/stmp1/Gerhard.Theurich/ESMF-Nightly-Testing/intel_2023.2.0-oneAPI_intelmpi_g_develop/esmf
20241009 082050.972 INFO             PET0 ESMF_COMM                   : intelmpi
20241009 082050.973 INFO             PET0 ESMF_MOAB                   : enabled
20241009 082050.973 INFO             PET0 ESMF_LAPACK                 : enabled
20241009 082050.973 INFO             PET0 ESMF_NETCDF                 : enabled
20241009 082050.973 INFO             PET0 ESMF_PNETCDF                : disabled
20241009 082050.973 INFO             PET0 ESMF_PIO                    : enabled
20241009 082050.973 INFO             PET0 ESMF_YAMLCPP                : enabled
20241009 082050.973 INFO             PET0  NUMBER_OF_PROCESSORS           4
20241009 082050.973 INFO             PET0  PASS  Example ESMF_VMUserMpiCommMultiEx, ESMF_VMUserMpiCommMultiEx.F90, line 126
20241009 082050.973 INFO             PET0  Finalizing ESMF with endflag==ESMF_END_KEEPMPI
20241009 082050.973 INFO             PET0 !!!!!!!!!!!!!!!!!!!!!!!!!!!!!!!!!!!!!!!!!!!!!!!!!!!!!!
20241009 082050.973 INFO             PET0 !!! THE ESMF_LOG IS SET TO OUTPUT ALL LOG MESSAGES !!!
20241009 082050.973 INFO             PET0 !!!     THIS MAY CAUSE SLOWDOWN IN PERFORMANCE     !!!
20241009 082050.973 INFO             PET0 !!! FOR PRODUCTION RUNS, USE:                      !!!
20241009 082050.973 INFO             PET0 !!!                   ESMF_LOGKIND_Multi_On_Error  !!!
20241009 082050.973 INFO             PET0 !!!!!!!!!!!!!!!!!!!!!!!!!!!!!!!!!!!!!!!!!!!!!!!!!!!!!!
20241009 082050.973 INFO             PET0 Running with ESMF Version   : v8.8.0b00-12-g0d4b825343
20241009 082050.973 INFO             PET0 ESMF library build date/time: "Oct  9 2024" "07:33:52"
20241009 082050.973 INFO             PET0 ESMF library build location : /scratch2/NCEPDEV/stmp1/Gerhard.Theurich/ESMF-Nightly-Testing/intel_2023.2.0-oneAPI_intelmpi_g_develop/esmf
20241009 082050.973 INFO             PET0 ESMF_COMM                   : intelmpi
20241009 082050.973 INFO             PET0 ESMF_MOAB                   : enabled
20241009 082050.973 INFO             PET0 ESMF_LAPACK                 : enabled
20241009 082050.973 INFO             PET0 ESMF_NETCDF                 : enabled
20241009 082050.973 INFO             PET0 ESMF_PNETCDF                : disabled
20241009 082050.973 INFO             PET0 ESMF_PIO                    : enabled
20241009 082050.973 INFO             PET0 ESMF_YAMLCPP                : enabled
20241009 082050.973 INFO             PET0  NUMBER_OF_PROCESSORS           4
20241009 082050.973 INFO             PET0  PASS  Example ESMF_VMUserMpiCommMultiEx, ESMF_VMUserMpiCommMultiEx.F90, line 154
20241009 082050.974 INFO             PET0  Finalizing ESMF with endflag==ESMF_END_KEEPMPI
20241009 082050.972 INFO             PET1 !!!!!!!!!!!!!!!!!!!!!!!!!!!!!!!!!!!!!!!!!!!!!!!!!!!!!!
20241009 082050.973 INFO             PET1 !!! THE ESMF_LOG IS SET TO OUTPUT ALL LOG MESSAGES !!!
20241009 082050.973 INFO             PET1 !!!     THIS MAY CAUSE SLOWDOWN IN PERFORMANCE     !!!
20241009 082050.973 INFO             PET1 !!! FOR PRODUCTION RUNS, USE:                      !!!
20241009 082050.973 INFO             PET1 !!!                   ESMF_LOGKIND_Multi_On_Error  !!!
20241009 082050.973 INFO             PET1 !!!!!!!!!!!!!!!!!!!!!!!!!!!!!!!!!!!!!!!!!!!!!!!!!!!!!!
20241009 082050.973 INFO             PET1 Running with ESMF Version   : v8.8.0b00-12-g0d4b825343
20241009 082050.973 INFO             PET1 ESMF library build date/time: "Oct  9 2024" "07:33:52"
20241009 082050.973 INFO             PET1 ESMF library build location : /scratch2/NCEPDEV/stmp1/Gerhard.Theurich/ESMF-Nightly-Testing/intel_2023.2.0-oneAPI_intelmpi_g_develop/esmf
20241009 082050.973 INFO             PET1 ESMF_COMM                   : intelmpi
20241009 082050.973 INFO             PET1 ESMF_MOAB                   : enabled
20241009 082050.973 INFO             PET1 ESMF_LAPACK                 : enabled
20241009 082050.973 INFO             PET1 ESMF_NETCDF                 : enabled
20241009 082050.973 INFO             PET1 ESMF_PNETCDF                : disabled
20241009 082050.973 INFO             PET1 ESMF_PIO                    : enabled
20241009 082050.973 INFO             PET1 ESMF_YAMLCPP                : enabled
20241009 082050.973 INFO             PET1  NUMBER_OF_PROCESSORS           4
20241009 082050.973 INFO             PET1  PASS  Example ESMF_VMUserMpiCommMultiEx, ESMF_VMUserMpiCommMultiEx.F90, line 126
20241009 082050.973 INFO             PET1  Finalizing ESMF with endflag==ESMF_END_KEEPMPI
20241009 082050.972 INFO             PET1 !!!!!!!!!!!!!!!!!!!!!!!!!!!!!!!!!!!!!!!!!!!!!!!!!!!!!!
20241009 082050.973 INFO             PET1 !!! THE ESMF_LOG IS SET TO OUTPUT ALL LOG MESSAGES !!!
20241009 082050.973 INFO             PET1 !!!     THIS MAY CAUSE SLOWDOWN IN PERFORMANCE     !!!
20241009 082050.973 INFO             PET1 !!! FOR PRODUCTION RUNS, USE:                      !!!
20241009 082050.973 INFO             PET1 !!!                   ESMF_LOGKIND_Multi_On_Error  !!!
20241009 082050.973 INFO             PET1 !!!!!!!!!!!!!!!!!!!!!!!!!!!!!!!!!!!!!!!!!!!!!!!!!!!!!!
20241009 082050.973 INFO             PET1 Running with ESMF Version   : v8.8.0b00-12-g0d4b825343
20241009 082050.973 INFO             PET1 ESMF library build date/time: "Oct  9 2024" "07:33:52"
20241009 082050.973 INFO             PET1 ESMF library build location : /scratch2/NCEPDEV/stmp1/Gerhard.Theurich/ESMF-Nightly-Testing/intel_2023.2.0-oneAPI_intelmpi_g_develop/esmf
20241009 082050.973 INFO             PET1 ESMF_COMM                   : intelmpi
20241009 082050.973 INFO             PET1 ESMF_MOAB                   : enabled
20241009 082050.973 INFO             PET1 ESMF_LAPACK                 : enabled
20241009 082050.973 INFO             PET1 ESMF_NETCDF                 : enabled
20241009 082050.973 INFO             PET1 ESMF_PNETCDF                : disabled
20241009 082050.973 INFO             PET1 ESMF_PIO                    : enabled
20241009 082050.973 INFO             PET1 ESMF_YAMLCPP                : enabled
20241009 082050.973 INFO             PET1  NUMBER_OF_PROCESSORS           4
20241009 082050.973 INFO             PET1  PASS  Example ESMF_VMUserMpiCommMultiEx, ESMF_VMUserMpiCommMultiEx.F90, line 154
20241009 082050.974 INFO             PET1  Finalizing ESMF with endflag==ESMF_END_KEEPMPI
