2024-10-11 02:14:19
20241011 025000.466 INFO             PET0 !!!!!!!!!!!!!!!!!!!!!!!!!!!!!!!!!!!!!!!!!!!!!!!!!!!!!!
20241011 025000.467 INFO             PET0 !!! THE ESMF_LOG IS SET TO OUTPUT ALL LOG MESSAGES !!!
20241011 025000.467 INFO             PET0 !!!     THIS MAY CAUSE SLOWDOWN IN PERFORMANCE     !!!
20241011 025000.467 INFO             PET0 !!! FOR PRODUCTION RUNS, USE:                      !!!
20241011 025000.467 INFO             PET0 !!!                   ESMF_LOGKIND_Multi_On_Error  !!!
20241011 025000.467 INFO             PET0 !!!!!!!!!!!!!!!!!!!!!!!!!!!!!!!!!!!!!!!!!!!!!!!!!!!!!!
20241011 025000.467 INFO             PET0 Running with ESMF Version   : v8.8.0b00-12-g0d4b825343
20241011 025000.467 INFO             PET0 ESMF library build date/time: "Oct 11 2024" "02:11:48"
20241011 025000.467 INFO             PET0 ESMF library build location : /project/esmf/sacks/esmf-testing/gfortran_11.2.0_openmpi_g_develop/esmf
20241011 025000.467 INFO             PET0 ESMF_COMM                   : openmpi
20241011 025000.467 INFO             PET0 ESMF_MOAB                   : enabled
20241011 025000.467 INFO             PET0 ESMF_LAPACK                 : enabled
20241011 025000.467 INFO             PET0 ESMF_NETCDF                 : enabled
20241011 025000.467 INFO             PET0 ESMF_PNETCDF                : disabled
20241011 025000.467 INFO             PET0 ESMF_PIO                    : enabled
20241011 025000.467 INFO             PET0 ESMF_YAMLCPP                : enabled
20241011 025000.615 DEBUG            PET0 about to destroy Grid: 0x7fb77004a200
20241011 025000.631 DEBUG            PET0 about to destroy Grid: 0x7fb77004f800
20241011 025000.677 INFO             PET0  NUMBER_OF_PROCESSORS           4
20241011 025000.677 INFO             PET0  PASS  Example ESMF_NUOPCAtmModelEx, ESMF_NUOPCAtmModelEx.F90, line 806
20241011 025000.677 INFO             PET0  Finalizing ESMF
20241011 025000.466 INFO             PET1 !!!!!!!!!!!!!!!!!!!!!!!!!!!!!!!!!!!!!!!!!!!!!!!!!!!!!!
20241011 025000.467 INFO             PET1 !!! THE ESMF_LOG IS SET TO OUTPUT ALL LOG MESSAGES !!!
20241011 025000.467 INFO             PET1 !!!     THIS MAY CAUSE SLOWDOWN IN PERFORMANCE     !!!
20241011 025000.467 INFO             PET1 !!! FOR PRODUCTION RUNS, USE:                      !!!
20241011 025000.467 INFO             PET1 !!!                   ESMF_LOGKIND_Multi_On_Error  !!!
20241011 025000.467 INFO             PET1 !!!!!!!!!!!!!!!!!!!!!!!!!!!!!!!!!!!!!!!!!!!!!!!!!!!!!!
20241011 025000.467 INFO             PET1 Running with ESMF Version   : v8.8.0b00-12-g0d4b825343
20241011 025000.467 INFO             PET1 ESMF library build date/time: "Oct 11 2024" "02:11:48"
20241011 025000.467 INFO             PET1 ESMF library build location : /project/esmf/sacks/esmf-testing/gfortran_11.2.0_openmpi_g_develop/esmf
20241011 025000.467 INFO             PET1 ESMF_COMM                   : openmpi
20241011 025000.467 INFO             PET1 ESMF_MOAB                   : enabled
20241011 025000.467 INFO             PET1 ESMF_LAPACK                 : enabled
20241011 025000.467 INFO             PET1 ESMF_NETCDF                 : enabled
20241011 025000.467 INFO             PET1 ESMF_PNETCDF                : disabled
20241011 025000.467 INFO             PET1 ESMF_PIO                    : enabled
20241011 025000.467 INFO             PET1 ESMF_YAMLCPP                : enabled
20241011 025000.615 DEBUG            PET1 about to destroy Grid: 0x7f7a2404b000
20241011 025000.631 DEBUG            PET1 about to destroy Grid: 0x7f7a2404bc00
20241011 025000.676 INFO             PET1  NUMBER_OF_PROCESSORS           4
20241011 025000.676 INFO             PET1  PASS  Example ESMF_NUOPCAtmModelEx, ESMF_NUOPCAtmModelEx.F90, line 806
20241011 025000.676 INFO             PET1  Finalizing ESMF
20241011 025000.466 INFO             PET2 !!!!!!!!!!!!!!!!!!!!!!!!!!!!!!!!!!!!!!!!!!!!!!!!!!!!!!
20241011 025000.468 INFO             PET2 !!! THE ESMF_LOG IS SET TO OUTPUT ALL LOG MESSAGES !!!
20241011 025000.468 INFO             PET2 !!!     THIS MAY CAUSE SLOWDOWN IN PERFORMANCE     !!!
20241011 025000.468 INFO             PET2 !!! FOR PRODUCTION RUNS, USE:                      !!!
20241011 025000.468 INFO             PET2 !!!                   ESMF_LOGKIND_Multi_On_Error  !!!
20241011 025000.468 INFO             PET2 !!!!!!!!!!!!!!!!!!!!!!!!!!!!!!!!!!!!!!!!!!!!!!!!!!!!!!
20241011 025000.468 INFO             PET2 Running with ESMF Version   : v8.8.0b00-12-g0d4b825343
20241011 025000.468 INFO             PET2 ESMF library build date/time: "Oct 11 2024" "02:11:48"
20241011 025000.468 INFO             PET2 ESMF library build location : /project/esmf/sacks/esmf-testing/gfortran_11.2.0_openmpi_g_develop/esmf
20241011 025000.468 INFO             PET2 ESMF_COMM                   : openmpi
20241011 025000.468 INFO             PET2 ESMF_MOAB                   : enabled
20241011 025000.468 INFO             PET2 ESMF_LAPACK                 : enabled
20241011 025000.468 INFO             PET2 ESMF_NETCDF                 : enabled
20241011 025000.468 INFO             PET2 ESMF_PNETCDF                : disabled
20241011 025000.468 INFO             PET2 ESMF_PIO                    : enabled
20241011 025000.468 INFO             PET2 ESMF_YAMLCPP                : enabled
20241011 025000.615 DEBUG            PET2 about to destroy Grid: 0x7f7a0e053800
20241011 025000.631 DEBUG            PET2 about to destroy Grid: 0x7f7a0e04d600
20241011 025000.677 INFO             PET2  NUMBER_OF_PROCESSORS           4
20241011 025000.677 INFO             PET2  PASS  Example ESMF_NUOPCAtmModelEx, ESMF_NUOPCAtmModelEx.F90, line 806
20241011 025000.677 INFO             PET2  Finalizing ESMF
20241011 025000.466 INFO             PET3 !!!!!!!!!!!!!!!!!!!!!!!!!!!!!!!!!!!!!!!!!!!!!!!!!!!!!!
20241011 025000.467 INFO             PET3 !!! THE ESMF_LOG IS SET TO OUTPUT ALL LOG MESSAGES !!!
20241011 025000.467 INFO             PET3 !!!     THIS MAY CAUSE SLOWDOWN IN PERFORMANCE     !!!
20241011 025000.467 INFO             PET3 !!! FOR PRODUCTION RUNS, USE:                      !!!
20241011 025000.467 INFO             PET3 !!!                   ESMF_LOGKIND_Multi_On_Error  !!!
20241011 025000.467 INFO             PET3 !!!!!!!!!!!!!!!!!!!!!!!!!!!!!!!!!!!!!!!!!!!!!!!!!!!!!!
20241011 025000.467 INFO             PET3 Running with ESMF Version   : v8.8.0b00-12-g0d4b825343
20241011 025000.467 INFO             PET3 ESMF library build date/time: "Oct 11 2024" "02:11:48"
20241011 025000.467 INFO             PET3 ESMF library build location : /project/esmf/sacks/esmf-testing/gfortran_11.2.0_openmpi_g_develop/esmf
20241011 025000.467 INFO             PET3 ESMF_COMM                   : openmpi
20241011 025000.467 INFO             PET3 ESMF_MOAB                   : enabled
20241011 025000.467 INFO             PET3 ESMF_LAPACK                 : enabled
20241011 025000.467 INFO             PET3 ESMF_NETCDF                 : enabled
20241011 025000.467 INFO             PET3 ESMF_PNETCDF                : disabled
20241011 025000.467 INFO             PET3 ESMF_PIO                    : enabled
20241011 025000.467 INFO             PET3 ESMF_YAMLCPP                : enabled
20241011 025000.615 DEBUG            PET3 about to destroy Grid: 0x7fbc3f01a400
20241011 025000.631 DEBUG            PET3 about to destroy Grid: 0x7fbc3f01b000
20241011 025000.676 INFO             PET3  NUMBER_OF_PROCESSORS           4
20241011 025000.677 INFO             PET3  PASS  Example ESMF_NUOPCAtmModelEx, ESMF_NUOPCAtmModelEx.F90, line 806
20241011 025000.677 INFO             PET3  Finalizing ESMF
