2024-10-17 02:14:48
--- ESMCI::ArrayBundle::print start ---
ArrayBundle: MyArrayBundle
arrayCount = 3
--- ESMCI::ArrayBundle::print start ---
ArrayBundle: MyArrayBundle
arrayCount = 3
Container::print() multipmap:item=0 key=AonFly value=0x7fe1d000a800
Container::print() multipmap:item=0 key=AonFly value=0x7f8ae9825800
Container::print() multipmap:item=1 key=Array002 value=0x7f8ae9824000
Container::print() multipmap:item=1 key=Array002 value=0x7fe1d0009000
Container::print() multipmap:item=2 key=Array003 value=0x7f8ae9824600
Container::print()      list:item=0 key=Array002 value=0x7f8ae9824000
Container::print()      list:item=1 key=Array003 value=0x7f8ae9824600
Container::print()      list:item=2 key=AonFly value=0x7f8ae9825800
--- ESMCI::ArrayBundle::print end ---
Container::print() multipmap:item=2 key=Array003 value=0x7fe1d0009600
Container::print()      list:item=0 key=Array002 value=0x7fe1d0009000
Container::print()      list:item=1 key=Array003 value=0x7fe1d0009600
Container::print()      list:item=2 key=AonFly value=0x7fe1d000a800
--- ESMCI::ArrayBundle::print end ---
--- ESMCI::ArrayBundle::print start ---
ArrayBundle: MyArrayBundle
arrayCount = 3
Container::print() multipmap:item=0 key=AonFly value=0x7fe180013c00
Container::print() multipmap:item=1 key=Array002 value=0x7fe18000de00
Container::print() multipmap:item=2 key=Array003 value=0x7fe18000e400
--- ESMCI::Array::print start ---
 Base name    = AonFly
 Status: Base = Ready,  object = Ready
 Proxy        = no
--- ESMCI::Array::print start ---
 Base name    = AonFly
 Status: Base = Ready,  object = Ready
--- ESMCI::ArrayBundle::print start ---
ArrayBundle: MyArrayBundle
 Proxy        = no
 Root Info (Attributes):
Container::print()      list:item=0 key=Array002 value=0x7fe18000de00
Container::print()      list:item=1 key=Array003 value=0x7fe18000e400
Container::print()      list:item=2 key=AonFly value=0x7fe180013c00
--- ESMCI::ArrayBundle::print end ---
--- ESMCI::Array::print start ---
arrayCount = 3
Container::print() multipmap:item=0 key=AonFly value=0x7f9ecd808200
Container::print() multipmap:item=1 key=Array002 value=0x7f9efc815400
Container::print() multipmap:item=2 key=Array003 value=0x7f9efc815a00
 Root Info (Attributes):
{}Array typekind/rank: Real*4 / 2 
{}Array typekind/rank: Real*4 / 2 
~ lower class' values ~
 Base name    = AonFly
Container::print()      list:item=0 key=Array002 value=0x7f9efc815400
Container::print()      list:item=1 key=Array003 value=0x7f9efc815a00
~ lower class' values ~
DistGrid dimCount = 2
 Status: Base = Ready,  object = Ready
 Proxy        = no
 Root Info (Attributes):
{}Array typekind/rank: Real*4 / 2 
~ lower class' values ~
DistGrid dimCount = 2
Container::print()      list:item=2 key=AonFly value=0x7f9ecd808200
--- ESMCI::ArrayBundle::print end ---
--- ESMCI::Array::print start ---
 Base name    = AonFly
deCount = 6
localDeCount = 1
~ local data in LocalArray for DE 2 ~
LocalArrayPrint: Array at address 0x7f8ae97071d0:
            rank = 2, typekind = 5, base_addr = 0x600002f24ee0
            dim[0] = 3  dim[1] = 2  
  Real, *4, Dim 2, Data values:
( 1, 1) =  0
DistGrid dimCount = 2
deCount = 6
localDeCount = 1
~ local data in LocalArray for DE 3 ~
LocalArrayPrint: Array at address 0x7fe1c7209ad0:
            rank = 2, typekind = 5, base_addr = 0x6000026c30a0
            dim[0] = 2  dim[1] = 2  
  Real, *4, Dim 2, Data values:
( 1, 1) =  0
 Status: Base = Ready,  object = Ready
( 2, 1) =  0
deCount = 6
localDeCount = 2
~ local data in LocalArray for DE 0 ~
LocalArrayPrint: Array at address 0x7fe18880b360:
            rank = 2, typekind = 5, base_addr = 0x60000365e160
            dim[0] = 3  dim[1] = 2  
  Real, *4, Dim 2, Data values:
 Proxy        = no
 Root Info (Attributes):
{}Array typekind/rank: Real*4 / 2 
~ lower class' values ~
DistGrid dimCount = 2
( 2, 1) =  0
( 3, 1) =  0
( 1, 2) =  0
( 2, 2) =  0
( 3, 2) =  0
--- ESMCI::Array::print end ---
--- ESMCI::Array::print start ---
 Base name    = Array002
( 1, 2) =  1.08881e-42
( 2, 2) =  0
--- ESMCI::Array::print end ---
--- ESMCI::Array::print start ---
 Base name    = Array002
 Status: Base = Ready,  object = Ready
 Proxy        = no
( 1, 1) =  0
deCount = 6
localDeCount = 2
~ local data in LocalArray for DE 1 ~
( 2, 1) =  0
( 3, 1) =  0
( 1, 2) =  0
( 2, 2) =  0
( 3, 2) =  0
~ local data in LocalArray for DE 4 ~
LocalArrayPrint: Array at address 0x7fe18880b690:
LocalArrayPrint: Array at address 0x7f9eecc04f80:
            rank = 2, typekind = 5, base_addr = 0x60000249c6d0
            dim[0] = 2  dim[1] = 2  
  Real, *4, Dim 2, Data values:
( 1, 1) =  0
( 2, 1) =  0
( 1, 2) =  1.55544e-43
( 2, 2) =  0
~ local data in LocalArray for DE 5 ~
 Status: Base = Ready,  object = Ready
 Proxy        = no
 Root Info (Attributes):
{}Array typekind/rank: Real*8 / 2 
~ lower class' values ~
DistGrid dimCount = 2
deCount = 6
 Root Info (Attributes):
{}Array typekind/rank: Real*8 / 2 
~ lower class' values ~
DistGrid dimCount = 2
deCount = 6
localDeCount = 1
~ local data in LocalArray for DE 3 ~
            rank = 2, typekind = 5, base_addr = 0x6000034529b0
            dim[0] = 3  dim[1] = 1  
  Real, *4, Dim 2, Data values:
( 1, 1) =  0
( 2, 1) =  0
( 3, 1) =  9.37469e-43
--- ESMCI::Array::print end ---
LocalArrayPrint: Array at address 0x7f9eecc052b0:
            rank = 2, typekind = 5, base_addr = 0x60000249c6e0
            dim[0] = 2  dim[1] = 1  
  Real, *4, Dim 2, Data values:
( 1, 1) =  0
( 2, 1) =  0
--- ESMCI::Array::print end ---
--- ESMCI::Array::print start ---
localDeCount = 1
~ local data in LocalArray for DE 2 ~
LocalArrayPrint: Array at address 0x7f8ae9706140:
            rank = 2, typekind = 6, base_addr = 0x600002134990
            dim[0] = 3  dim[1] = 2  
  Real, *8, Dim 2, Data values:
LocalArrayPrint: Array at address 0x7fe1c7208d70:
            rank = 2, typekind = 6, base_addr = 0x6000024de600
            dim[0] = 2  dim[1] = 2  
  Real, *8, Dim 2, Data values:
( 1, 1) =  0
( 2, 1) =  2.122e-314
--- ESMCI::Array::print start ---
( 1, 1) =  0
 Base name    = Array002
 Status: Base = Ready,  object = Ready
 Proxy        = no
 Root Info (Attributes):
{}Array typekind/rank: Real*8 / 2 
~ lower class' values ~
 Base name    = Array002
 Status: Base = Ready,  object = Ready
 Proxy        = no
 Root Info (Attributes):
{}Array typekind/rank: Real*8 / 2 
~ lower class' values ~
DistGrid dimCount = 2
( 2, 1) =  2.51973e-322
( 3, 1) =  0
( 1, 2) =  0
( 2, 2) =  0
( 3, 2) =  0
--- ESMCI::Array::print end ---
--- ESMCI::Array::print start ---
 Base name    = Array003
( 1, 2) =  2.122e-314
( 2, 2) =  0
--- ESMCI::Array::print end ---
--- ESMCI::Array::print start ---
 Base name    = Array003
 Status: Base = Ready,  object = Ready
 Proxy        = no
DistGrid dimCount = 2
deCount = 6
localDeCount = 2
~ local data in LocalArray for DE 0 ~
LocalArrayPrint: Array at address 0x7fe188809610:
            rank = 2, typekind = 6, base_addr = 0x60000385cea0
            dim[0] = 3  dim[1] = 2  
  Real, *8, Dim 2, Data values:
deCount = 6
localDeCount = 2
~ local data in LocalArray for DE 1 ~
LocalArrayPrint: Array at address 0x7f9efc70eab0:
            rank = 2, typekind = 6, base_addr = 0x6000026852e0
            dim[0] = 2  dim[1] = 2  
  Real, *8, Dim 2, Data values:
( 1, 1) =  0
( 2, 1) =  2.122e-314
 Status: Base = Ready,  object = Ready
 Proxy        = no
 Root Info (Attributes):
{}Array typekind/rank: Real*8 / 2 
~ lower class' values ~
DistGrid dimCount = 2
deCount = 6
localDeCount = 1
 Root Info (Attributes):
{}Array typekind/rank: Real*8 / 2 
~ lower class' values ~
DistGrid dimCount = 2
deCount = 6
localDeCount = 1
~ local data in LocalArray for DE 3 ~
LocalArrayPrint: Array at address 0x7fe1c72090a0:
( 1, 1) =  0
( 2, 1) =  3.85371e-322
( 1, 2) =  2.122e-314
( 2, 2) =  0
~ local data in LocalArray for DE 2 ~
LocalArrayPrint: Array at address 0x7f8ae9706470:
            rank = 2, typekind = 6, base_addr = 0x6000024de660
            dim[0] = 2  dim[1] = 2  
( 3, 1) =  0
( 1, 2) =  0
( 2, 2) =  0
( 3, 2) =  0
~ local data in LocalArray for DE 4 ~
LocalArrayPrint: Array at address 0x7fe188809940:
            rank = 2, typekind = 6, base_addr = 0x60000365e0e0
            dim[0] = 3  dim[1] = 1  
  Real, *8, Dim 2, Data values:
( 1, 1) =  0
~ local data in LocalArray for DE 5 ~
LocalArrayPrint: Array at address 0x7f9efc70ede0:
            rank = 2, typekind = 6, base_addr = 0x6000024b3420
            dim[0] = 2  dim[1] = 1  
  Real, *8, Dim 2, Data values:
( 1, 1) =  0
( 2, 1) =  0
--- ESMCI::Array::print end ---
--- ESMCI::Array::print start ---
            rank = 2, typekind = 6, base_addr = 0x600002134a50
            dim[0] = 3  dim[1] = 2  
  Real, *8, Dim 2, Data values:
( 1, 1) =  0
( 2, 1) =  4.24399e-314
( 3, 1) =  8.48798e-314
( 1, 2) =  8.48798e-314
( 2, 2) =  1.061e-313
  Real, *8, Dim 2, Data values:
( 1, 1) =  0
( 2, 1) =  0
( 1, 2) =  0
( 2, 2) =  0
--- ESMCI::Array::print end ---
( 2, 1) =  2.122e-314
( 3, 1) =  2.122e-314
--- ESMCI::Array::print end ---
--- ESMCI::Array::print start ---
 Base name    = Array003
 Status: Base = Ready,  object = Ready
 Proxy        = no
 Base name    = Array003
 Status: Base = Ready,  object = Ready
 Proxy        = no
 Root Info (Attributes):
{}Array typekind/rank: Real*8 / 2 
( 3, 2) =  1.061e-313
--- ESMCI::Array::print end ---
  PASS  Example ESMF_ArrayBundleEx, ESMF_ArrayBundleEx.F90, line 267
 Root Info (Attributes):
{}Array typekind/rank: Real*8 / 2 
~ lower class' values ~
~ lower class' values ~
DistGrid dimCount = 2
deCount = 6
localDeCount = 2
~ local data in LocalArray for DE 1 ~
LocalArrayPrint: Array at address 0x7f9efc70f110:
  PASS  Example ESMF_ArrayBundleEx, ESMF_ArrayBundleEx.F90, line 267
DistGrid dimCount = 2
            rank = 2, typekind = 6, base_addr = 0x6000026851c0
            dim[0] = 2  dim[1] = 2  
deCount = 6
localDeCount = 2
~ local data in LocalArray for DE 0 ~
LocalArrayPrint: Array at address 0x7fe188809c70:
            rank = 2, typekind = 6, base_addr = 0x60000385cf00
            dim[0] = 3  dim[1] = 2  
  Real, *8, Dim 2, Data values:
( 1, 1) =  0
( 2, 1) =  6.36599e-314
( 1, 2) =  1.061e-313
  Real, *8, Dim 2, Data values:
( 1, 1) =  0
( 2, 2) =  0
~ local data in LocalArray for DE 5 ~
LocalArrayPrint: Array at address 0x7f9efc70f440:
            rank = 2, typekind = 6, base_addr = 0x6000024b3560
            dim[0] = 2  dim[1] = 1  
  Real, *8, Dim 2, Data values:
( 2, 1) =  2.122e-314
( 3, 1) =  2.122e-314
( 1, 2) =  2.122e-314
( 2, 2) =  2.122e-314
( 3, 2) =  2.122e-314
( 1, 1) =  0
( 2, 1) =  4.2292e-321
--- ESMCI::Array::print end ---
~ local data in LocalArray for DE 4 ~
LocalArrayPrint: Array at address 0x7fe188809fa0:
            rank = 2, typekind = 6, base_addr = 0x60000365dfc0
            dim[0] = 3  dim[1] = 1  
  Real, *8, Dim 2, Data values:
( 1, 1) =  0
  PASS  Example ESMF_ArrayBundleEx, ESMF_ArrayBundleEx.F90, line 267
( 2, 1) =  6.36599e-314
( 3, 1) =  1.061e-313
--- ESMCI::Array::print end ---
  PASS  Example ESMF_ArrayBundleEx, ESMF_ArrayBundleEx.F90, line 267
 PASS: ESMF_ArrayBundleEx.F90
 PASS: ESMF_ArrayBundleEx.F90
 PASS: ESMF_ArrayBundleEx.F90
 PASS: ESMF_ArrayBundleEx.F90
