2024-10-12 02:13:19
20241012 024521.965 INFO             PET0 !!!!!!!!!!!!!!!!!!!!!!!!!!!!!!!!!!!!!!!!!!!!!!!!!!!!!!
20241012 024521.966 INFO             PET0 !!! THE ESMF_LOG IS SET TO OUTPUT ALL LOG MESSAGES !!!
20241012 024521.966 INFO             PET0 !!!     THIS MAY CAUSE SLOWDOWN IN PERFORMANCE     !!!
20241012 024521.966 INFO             PET0 !!! FOR PRODUCTION RUNS, USE:                      !!!
20241012 024521.966 INFO             PET0 !!!                   ESMF_LOGKIND_Multi_On_Error  !!!
20241012 024521.966 INFO             PET0 !!!!!!!!!!!!!!!!!!!!!!!!!!!!!!!!!!!!!!!!!!!!!!!!!!!!!!
20241012 024521.966 INFO             PET0 Running with ESMF Version   : v8.8.0b01
20241012 024521.966 INFO             PET0 ESMF library build date/time: "Oct 12 2024" "02:10:48"
20241012 024521.966 INFO             PET0 ESMF library build location : /project/esmf/sacks/esmf-testing/gfortran_11.2.0_openmpi_g_develop/esmf
20241012 024521.966 INFO             PET0 ESMF_COMM                   : openmpi
20241012 024521.966 INFO             PET0 ESMF_MOAB                   : enabled
20241012 024521.966 INFO             PET0 ESMF_LAPACK                 : enabled
20241012 024521.966 INFO             PET0 ESMF_NETCDF                 : enabled
20241012 024521.966 INFO             PET0 ESMF_PNETCDF                : disabled
20241012 024521.966 INFO             PET0 ESMF_PIO                    : enabled
20241012 024521.966 INFO             PET0 ESMF_YAMLCPP                : enabled
20241012 024521.974 ERROR            PET0 ESMCI_Info.C:1289 Info::set(<json>) Cannot set value  - Error/Return Code 540 (ESMC_RC_CANNOT_SET) - Key '/myIntegerKey' already in map and force=false.
20241012 024521.975 ERROR            PET0 ESMCI_Info.C:1292 Info::set(<json>) Cannot set value  - Internal subroutine call returned Error
20241012 024521.975 ERROR            PET0 ESMCI_Info.C:1334 Info::set(<json>) Cannot set value  - Internal subroutine call returned Error
20241012 024521.975 ERROR            PET0 ESMCI_Info.C:1337 Info::set(<json>) Cannot set value  - Internal subroutine call returned Error
20241012 024521.976 ERROR            PET0 ESMCI_Info.C:1385 Info::set(<scalar>) Cannot set value  - Internal subroutine call returned Error
20241012 024521.978 ERROR            PET0 ESMC_InfoCDefGeneric.C:387 ESMC_InfoSetI4() Cannot set value  - Internal subroutine call returned Error
20241012 024521.978 ERROR            PET0 ESMF_Info.F90:2871 ESMF_InfoSetI4() Cannot set value  - Internal subroutine call returned Error
20241012 024521.980 INFO             PET0  NUMBER_OF_PROCESSORS           4
20241012 024521.980 INFO             PET0  PASS  Example ESMF_InfoTutorialEx, ESMF_InfoTutorialEx.F90, line 335
20241012 024521.980 INFO             PET0  Finalizing ESMF
20241012 024521.965 INFO             PET1 !!!!!!!!!!!!!!!!!!!!!!!!!!!!!!!!!!!!!!!!!!!!!!!!!!!!!!
20241012 024521.966 INFO             PET1 !!! THE ESMF_LOG IS SET TO OUTPUT ALL LOG MESSAGES !!!
20241012 024521.966 INFO             PET1 !!!     THIS MAY CAUSE SLOWDOWN IN PERFORMANCE     !!!
20241012 024521.966 INFO             PET1 !!! FOR PRODUCTION RUNS, USE:                      !!!
20241012 024521.966 INFO             PET1 !!!                   ESMF_LOGKIND_Multi_On_Error  !!!
20241012 024521.966 INFO             PET1 !!!!!!!!!!!!!!!!!!!!!!!!!!!!!!!!!!!!!!!!!!!!!!!!!!!!!!
20241012 024521.966 INFO             PET1 Running with ESMF Version   : v8.8.0b01
20241012 024521.966 INFO             PET1 ESMF library build date/time: "Oct 12 2024" "02:10:48"
20241012 024521.966 INFO             PET1 ESMF library build location : /project/esmf/sacks/esmf-testing/gfortran_11.2.0_openmpi_g_develop/esmf
20241012 024521.966 INFO             PET1 ESMF_COMM                   : openmpi
20241012 024521.966 INFO             PET1 ESMF_MOAB                   : enabled
20241012 024521.966 INFO             PET1 ESMF_LAPACK                 : enabled
20241012 024521.966 INFO             PET1 ESMF_NETCDF                 : enabled
20241012 024521.966 INFO             PET1 ESMF_PNETCDF                : disabled
20241012 024521.966 INFO             PET1 ESMF_PIO                    : enabled
20241012 024521.966 INFO             PET1 ESMF_YAMLCPP                : enabled
20241012 024521.974 ERROR            PET1 ESMCI_Info.C:1289 Info::set(<json>) Cannot set value  - Error/Return Code 540 (ESMC_RC_CANNOT_SET) - Key '/myIntegerKey' already in map and force=false.
20241012 024521.975 ERROR            PET1 ESMCI_Info.C:1292 Info::set(<json>) Cannot set value  - Internal subroutine call returned Error
20241012 024521.975 ERROR            PET1 ESMCI_Info.C:1334 Info::set(<json>) Cannot set value  - Internal subroutine call returned Error
20241012 024521.975 ERROR            PET1 ESMCI_Info.C:1337 Info::set(<json>) Cannot set value  - Internal subroutine call returned Error
20241012 024521.977 ERROR            PET1 ESMCI_Info.C:1385 Info::set(<scalar>) Cannot set value  - Internal subroutine call returned Error
20241012 024521.978 ERROR            PET1 ESMC_InfoCDefGeneric.C:387 ESMC_InfoSetI4() Cannot set value  - Internal subroutine call returned Error
20241012 024521.978 ERROR            PET1 ESMF_Info.F90:2871 ESMF_InfoSetI4() Cannot set value  - Internal subroutine call returned Error
20241012 024521.980 INFO             PET1  NUMBER_OF_PROCESSORS           4
20241012 024521.980 INFO             PET1  PASS  Example ESMF_InfoTutorialEx, ESMF_InfoTutorialEx.F90, line 335
20241012 024521.980 INFO             PET1  Finalizing ESMF
20241012 024521.965 INFO             PET2 !!!!!!!!!!!!!!!!!!!!!!!!!!!!!!!!!!!!!!!!!!!!!!!!!!!!!!
20241012 024521.966 INFO             PET2 !!! THE ESMF_LOG IS SET TO OUTPUT ALL LOG MESSAGES !!!
20241012 024521.966 INFO             PET2 !!!     THIS MAY CAUSE SLOWDOWN IN PERFORMANCE     !!!
20241012 024521.966 INFO             PET2 !!! FOR PRODUCTION RUNS, USE:                      !!!
20241012 024521.966 INFO             PET2 !!!                   ESMF_LOGKIND_Multi_On_Error  !!!
20241012 024521.966 INFO             PET2 !!!!!!!!!!!!!!!!!!!!!!!!!!!!!!!!!!!!!!!!!!!!!!!!!!!!!!
20241012 024521.966 INFO             PET2 Running with ESMF Version   : v8.8.0b01
20241012 024521.966 INFO             PET2 ESMF library build date/time: "Oct 12 2024" "02:10:48"
20241012 024521.966 INFO             PET2 ESMF library build location : /project/esmf/sacks/esmf-testing/gfortran_11.2.0_openmpi_g_develop/esmf
20241012 024521.966 INFO             PET2 ESMF_COMM                   : openmpi
20241012 024521.966 INFO             PET2 ESMF_MOAB                   : enabled
20241012 024521.966 INFO             PET2 ESMF_LAPACK                 : enabled
20241012 024521.966 INFO             PET2 ESMF_NETCDF                 : enabled
20241012 024521.966 INFO             PET2 ESMF_PNETCDF                : disabled
20241012 024521.966 INFO             PET2 ESMF_PIO                    : enabled
20241012 024521.966 INFO             PET2 ESMF_YAMLCPP                : enabled
20241012 024521.974 ERROR            PET2 ESMCI_Info.C:1289 Info::set(<json>) Cannot set value  - Error/Return Code 540 (ESMC_RC_CANNOT_SET) - Key '/myIntegerKey' already in map and force=false.
20241012 024521.975 ERROR            PET2 ESMCI_Info.C:1292 Info::set(<json>) Cannot set value  - Internal subroutine call returned Error
20241012 024521.975 ERROR            PET2 ESMCI_Info.C:1334 Info::set(<json>) Cannot set value  - Internal subroutine call returned Error
20241012 024521.975 ERROR            PET2 ESMCI_Info.C:1337 Info::set(<json>) Cannot set value  - Internal subroutine call returned Error
20241012 024521.976 ERROR            PET2 ESMCI_Info.C:1385 Info::set(<scalar>) Cannot set value  - Internal subroutine call returned Error
20241012 024521.978 ERROR            PET2 ESMC_InfoCDefGeneric.C:387 ESMC_InfoSetI4() Cannot set value  - Internal subroutine call returned Error
20241012 024521.978 ERROR            PET2 ESMF_Info.F90:2871 ESMF_InfoSetI4() Cannot set value  - Internal subroutine call returned Error
20241012 024521.980 INFO             PET2  NUMBER_OF_PROCESSORS           4
20241012 024521.980 INFO             PET2  PASS  Example ESMF_InfoTutorialEx, ESMF_InfoTutorialEx.F90, line 335
20241012 024521.980 INFO             PET2  Finalizing ESMF
20241012 024521.965 INFO             PET3 !!!!!!!!!!!!!!!!!!!!!!!!!!!!!!!!!!!!!!!!!!!!!!!!!!!!!!
20241012 024521.966 INFO             PET3 !!! THE ESMF_LOG IS SET TO OUTPUT ALL LOG MESSAGES !!!
20241012 024521.966 INFO             PET3 !!!     THIS MAY CAUSE SLOWDOWN IN PERFORMANCE     !!!
20241012 024521.966 INFO             PET3 !!! FOR PRODUCTION RUNS, USE:                      !!!
20241012 024521.966 INFO             PET3 !!!                   ESMF_LOGKIND_Multi_On_Error  !!!
20241012 024521.966 INFO             PET3 !!!!!!!!!!!!!!!!!!!!!!!!!!!!!!!!!!!!!!!!!!!!!!!!!!!!!!
20241012 024521.966 INFO             PET3 Running with ESMF Version   : v8.8.0b01
20241012 024521.966 INFO             PET3 ESMF library build date/time: "Oct 12 2024" "02:10:48"
20241012 024521.966 INFO             PET3 ESMF library build location : /project/esmf/sacks/esmf-testing/gfortran_11.2.0_openmpi_g_develop/esmf
20241012 024521.966 INFO             PET3 ESMF_COMM                   : openmpi
20241012 024521.966 INFO             PET3 ESMF_MOAB                   : enabled
20241012 024521.966 INFO             PET3 ESMF_LAPACK                 : enabled
20241012 024521.966 INFO             PET3 ESMF_NETCDF                 : enabled
20241012 024521.966 INFO             PET3 ESMF_PNETCDF                : disabled
20241012 024521.966 INFO             PET3 ESMF_PIO                    : enabled
20241012 024521.966 INFO             PET3 ESMF_YAMLCPP                : enabled
20241012 024521.974 ERROR            PET3 ESMCI_Info.C:1289 Info::set(<json>) Cannot set value  - Error/Return Code 540 (ESMC_RC_CANNOT_SET) - Key '/myIntegerKey' already in map and force=false.
20241012 024521.975 ERROR            PET3 ESMCI_Info.C:1292 Info::set(<json>) Cannot set value  - Internal subroutine call returned Error
20241012 024521.975 ERROR            PET3 ESMCI_Info.C:1334 Info::set(<json>) Cannot set value  - Internal subroutine call returned Error
20241012 024521.975 ERROR            PET3 ESMCI_Info.C:1337 Info::set(<json>) Cannot set value  - Internal subroutine call returned Error
20241012 024521.976 ERROR            PET3 ESMCI_Info.C:1385 Info::set(<scalar>) Cannot set value  - Internal subroutine call returned Error
20241012 024521.978 ERROR            PET3 ESMC_InfoCDefGeneric.C:387 ESMC_InfoSetI4() Cannot set value  - Internal subroutine call returned Error
20241012 024521.978 ERROR            PET3 ESMF_Info.F90:2871 ESMF_InfoSetI4() Cannot set value  - Internal subroutine call returned Error
20241012 024521.980 INFO             PET3  NUMBER_OF_PROCESSORS           4
20241012 024521.980 INFO             PET3  PASS  Example ESMF_InfoTutorialEx, ESMF_InfoTutorialEx.F90, line 335
20241012 024521.980 INFO             PET3  Finalizing ESMF
