2024-10-14 22:26:48
20241014 232813.458 INFO             PET0 !!!!!!!!!!!!!!!!!!!!!!!!!!!!!!!!!!!!!!!!!!!!!!!!!!!!!!
20241014 232813.458 INFO             PET0 !!! THE ESMF_LOG IS SET TO OUTPUT ALL LOG MESSAGES !!!
20241014 232813.458 INFO             PET0 !!!     THIS MAY CAUSE SLOWDOWN IN PERFORMANCE     !!!
20241014 232813.458 INFO             PET0 !!! FOR PRODUCTION RUNS, USE:                      !!!
20241014 232813.458 INFO             PET0 !!!                   ESMF_LOGKIND_Multi_On_Error  !!!
20241014 232813.458 INFO             PET0 !!!!!!!!!!!!!!!!!!!!!!!!!!!!!!!!!!!!!!!!!!!!!!!!!!!!!!
20241014 232813.458 INFO             PET0 Running with ESMF Version   : v8.8.0b01
20241014 232813.458 INFO             PET0 ESMF library build date/time: "Oct 14 2024" "22:24:27"
20241014 232813.458 INFO             PET0 ESMF library build location : /discover/nobackup/projects/gmao/SIteam/ESMF_Testing/intel_2021.13.0_intelmpi_g_develop/esmf
20241014 232813.458 INFO             PET0 ESMF_COMM                   : intelmpi
20241014 232813.459 INFO             PET0 ESMF_MOAB                   : enabled
20241014 232813.459 INFO             PET0 ESMF_LAPACK                 : enabled
20241014 232813.459 INFO             PET0 ESMF_NETCDF                 : enabled
20241014 232813.459 INFO             PET0 ESMF_PNETCDF                : disabled
20241014 232813.459 INFO             PET0 ESMF_PIO                    : enabled
20241014 232813.459 INFO             PET0 ESMF_YAMLCPP                : enabled
20241014 232813.459 INFO             PET0  NUMBER_OF_PROCESSORS           4
20241014 232813.459 INFO             PET0  PASS  Example ESMF_VMUserMpiCommMultiEx, ESMF_VMUserMpiCommMultiEx.F90, line 126
20241014 232813.459 INFO             PET0  Finalizing ESMF with endflag==ESMF_END_KEEPMPI
20241014 232813.458 INFO             PET0 !!!!!!!!!!!!!!!!!!!!!!!!!!!!!!!!!!!!!!!!!!!!!!!!!!!!!!
20241014 232813.458 INFO             PET0 !!! THE ESMF_LOG IS SET TO OUTPUT ALL LOG MESSAGES !!!
20241014 232813.458 INFO             PET0 !!!     THIS MAY CAUSE SLOWDOWN IN PERFORMANCE     !!!
20241014 232813.458 INFO             PET0 !!! FOR PRODUCTION RUNS, USE:                      !!!
20241014 232813.458 INFO             PET0 !!!                   ESMF_LOGKIND_Multi_On_Error  !!!
20241014 232813.458 INFO             PET0 !!!!!!!!!!!!!!!!!!!!!!!!!!!!!!!!!!!!!!!!!!!!!!!!!!!!!!
20241014 232813.458 INFO             PET0 Running with ESMF Version   : v8.8.0b01
20241014 232813.458 INFO             PET0 ESMF library build date/time: "Oct 14 2024" "22:24:27"
20241014 232813.458 INFO             PET0 ESMF library build location : /discover/nobackup/projects/gmao/SIteam/ESMF_Testing/intel_2021.13.0_intelmpi_g_develop/esmf
20241014 232813.458 INFO             PET0 ESMF_COMM                   : intelmpi
20241014 232813.458 INFO             PET0 ESMF_MOAB                   : enabled
20241014 232813.458 INFO             PET0 ESMF_LAPACK                 : enabled
20241014 232813.458 INFO             PET0 ESMF_NETCDF                 : enabled
20241014 232813.458 INFO             PET0 ESMF_PNETCDF                : disabled
20241014 232813.458 INFO             PET0 ESMF_PIO                    : enabled
20241014 232813.458 INFO             PET0 ESMF_YAMLCPP                : enabled
20241014 232813.459 INFO             PET0  NUMBER_OF_PROCESSORS           4
20241014 232813.459 INFO             PET0  PASS  Example ESMF_VMUserMpiCommMultiEx, ESMF_VMUserMpiCommMultiEx.F90, line 154
20241014 232813.459 INFO             PET0  Finalizing ESMF with endflag==ESMF_END_KEEPMPI
20241014 232813.458 INFO             PET1 !!!!!!!!!!!!!!!!!!!!!!!!!!!!!!!!!!!!!!!!!!!!!!!!!!!!!!
20241014 232813.458 INFO             PET1 !!! THE ESMF_LOG IS SET TO OUTPUT ALL LOG MESSAGES !!!
20241014 232813.458 INFO             PET1 !!!     THIS MAY CAUSE SLOWDOWN IN PERFORMANCE     !!!
20241014 232813.458 INFO             PET1 !!! FOR PRODUCTION RUNS, USE:                      !!!
20241014 232813.458 INFO             PET1 !!!                   ESMF_LOGKIND_Multi_On_Error  !!!
20241014 232813.458 INFO             PET1 !!!!!!!!!!!!!!!!!!!!!!!!!!!!!!!!!!!!!!!!!!!!!!!!!!!!!!
20241014 232813.458 INFO             PET1 Running with ESMF Version   : v8.8.0b01
20241014 232813.458 INFO             PET1 ESMF library build date/time: "Oct 14 2024" "22:24:27"
20241014 232813.458 INFO             PET1 ESMF library build location : /discover/nobackup/projects/gmao/SIteam/ESMF_Testing/intel_2021.13.0_intelmpi_g_develop/esmf
20241014 232813.458 INFO             PET1 ESMF_COMM                   : intelmpi
20241014 232813.459 INFO             PET1 ESMF_MOAB                   : enabled
20241014 232813.459 INFO             PET1 ESMF_LAPACK                 : enabled
20241014 232813.459 INFO             PET1 ESMF_NETCDF                 : enabled
20241014 232813.459 INFO             PET1 ESMF_PNETCDF                : disabled
20241014 232813.459 INFO             PET1 ESMF_PIO                    : enabled
20241014 232813.459 INFO             PET1 ESMF_YAMLCPP                : enabled
20241014 232813.459 INFO             PET1  NUMBER_OF_PROCESSORS           4
20241014 232813.459 INFO             PET1  PASS  Example ESMF_VMUserMpiCommMultiEx, ESMF_VMUserMpiCommMultiEx.F90, line 126
20241014 232813.459 INFO             PET1  Finalizing ESMF with endflag==ESMF_END_KEEPMPI
20241014 232813.458 INFO             PET1 !!!!!!!!!!!!!!!!!!!!!!!!!!!!!!!!!!!!!!!!!!!!!!!!!!!!!!
20241014 232813.458 INFO             PET1 !!! THE ESMF_LOG IS SET TO OUTPUT ALL LOG MESSAGES !!!
20241014 232813.458 INFO             PET1 !!!     THIS MAY CAUSE SLOWDOWN IN PERFORMANCE     !!!
20241014 232813.458 INFO             PET1 !!! FOR PRODUCTION RUNS, USE:                      !!!
20241014 232813.458 INFO             PET1 !!!                   ESMF_LOGKIND_Multi_On_Error  !!!
20241014 232813.458 INFO             PET1 !!!!!!!!!!!!!!!!!!!!!!!!!!!!!!!!!!!!!!!!!!!!!!!!!!!!!!
20241014 232813.458 INFO             PET1 Running with ESMF Version   : v8.8.0b01
20241014 232813.458 INFO             PET1 ESMF library build date/time: "Oct 14 2024" "22:24:27"
20241014 232813.458 INFO             PET1 ESMF library build location : /discover/nobackup/projects/gmao/SIteam/ESMF_Testing/intel_2021.13.0_intelmpi_g_develop/esmf
20241014 232813.458 INFO             PET1 ESMF_COMM                   : intelmpi
20241014 232813.458 INFO             PET1 ESMF_MOAB                   : enabled
20241014 232813.458 INFO             PET1 ESMF_LAPACK                 : enabled
20241014 232813.458 INFO             PET1 ESMF_NETCDF                 : enabled
20241014 232813.458 INFO             PET1 ESMF_PNETCDF                : disabled
20241014 232813.458 INFO             PET1 ESMF_PIO                    : enabled
20241014 232813.458 INFO             PET1 ESMF_YAMLCPP                : enabled
20241014 232813.459 INFO             PET1  NUMBER_OF_PROCESSORS           4
20241014 232813.459 INFO             PET1  PASS  Example ESMF_VMUserMpiCommMultiEx, ESMF_VMUserMpiCommMultiEx.F90, line 154
20241014 232813.459 INFO             PET1  Finalizing ESMF with endflag==ESMF_END_KEEPMPI
