2024-10-17 22:40:20
20241017 232844.844 INFO             PET0 !!!!!!!!!!!!!!!!!!!!!!!!!!!!!!!!!!!!!!!!!!!!!!!!!!!!!!
20241017 232844.844 INFO             PET0 !!! THE ESMF_LOG IS SET TO OUTPUT ALL LOG MESSAGES !!!
20241017 232844.844 INFO             PET0 !!!     THIS MAY CAUSE SLOWDOWN IN PERFORMANCE     !!!
20241017 232844.844 INFO             PET0 !!! FOR PRODUCTION RUNS, USE:                      !!!
20241017 232844.844 INFO             PET0 !!!                   ESMF_LOGKIND_Multi_On_Error  !!!
20241017 232844.844 INFO             PET0 !!!!!!!!!!!!!!!!!!!!!!!!!!!!!!!!!!!!!!!!!!!!!!!!!!!!!!
20241017 232844.844 INFO             PET0 Running with ESMF Version   : v8.8.0b01-7-gc92d921964
20241017 232844.844 INFO             PET0 ESMF library build date/time: "Oct 17 2024" "22:38:01"
20241017 232844.844 INFO             PET0 ESMF library build location : /discover/nobackup/projects/gmao/SIteam/ESMF_Testing/intel_2021.13.0_intelmpi_g_develop/esmf
20241017 232844.844 INFO             PET0 ESMF_COMM                   : intelmpi
20241017 232844.844 INFO             PET0 ESMF_MOAB                   : enabled
20241017 232844.844 INFO             PET0 ESMF_LAPACK                 : enabled
20241017 232844.844 INFO             PET0 ESMF_NETCDF                 : enabled
20241017 232844.844 INFO             PET0 ESMF_PNETCDF                : disabled
20241017 232844.844 INFO             PET0 ESMF_PIO                    : enabled
20241017 232844.844 INFO             PET0 ESMF_YAMLCPP                : enabled
20241017 232844.845 INFO             PET0  NUMBER_OF_PROCESSORS           2
20241017 232844.845 INFO             PET0  PASS  Example ESMF_VMUserMpiCommEx, ESMF_VMUserMpiCommEx.F90, line 113
20241017 232844.845 INFO             PET0  Finalizing ESMF with endflag==ESMF_END_KEEPMPI
20241017 232844.844 INFO             PET1 !!!!!!!!!!!!!!!!!!!!!!!!!!!!!!!!!!!!!!!!!!!!!!!!!!!!!!
20241017 232844.844 INFO             PET1 !!! THE ESMF_LOG IS SET TO OUTPUT ALL LOG MESSAGES !!!
20241017 232844.844 INFO             PET1 !!!     THIS MAY CAUSE SLOWDOWN IN PERFORMANCE     !!!
20241017 232844.844 INFO             PET1 !!! FOR PRODUCTION RUNS, USE:                      !!!
20241017 232844.844 INFO             PET1 !!!                   ESMF_LOGKIND_Multi_On_Error  !!!
20241017 232844.844 INFO             PET1 !!!!!!!!!!!!!!!!!!!!!!!!!!!!!!!!!!!!!!!!!!!!!!!!!!!!!!
20241017 232844.844 INFO             PET1 Running with ESMF Version   : v8.8.0b01-7-gc92d921964
20241017 232844.844 INFO             PET1 ESMF library build date/time: "Oct 17 2024" "22:38:01"
20241017 232844.844 INFO             PET1 ESMF library build location : /discover/nobackup/projects/gmao/SIteam/ESMF_Testing/intel_2021.13.0_intelmpi_g_develop/esmf
20241017 232844.844 INFO             PET1 ESMF_COMM                   : intelmpi
20241017 232844.845 INFO             PET1 ESMF_MOAB                   : enabled
20241017 232844.845 INFO             PET1 ESMF_LAPACK                 : enabled
20241017 232844.845 INFO             PET1 ESMF_NETCDF                 : enabled
20241017 232844.845 INFO             PET1 ESMF_PNETCDF                : disabled
20241017 232844.845 INFO             PET1 ESMF_PIO                    : enabled
20241017 232844.845 INFO             PET1 ESMF_YAMLCPP                : enabled
20241017 232844.845 INFO             PET1  NUMBER_OF_PROCESSORS           2
20241017 232844.845 INFO             PET1  PASS  Example ESMF_VMUserMpiCommEx, ESMF_VMUserMpiCommEx.F90, line 113
20241017 232844.845 INFO             PET1  Finalizing ESMF with endflag==ESMF_END_KEEPMPI
