2024-10-12 22:25:49
20241012 233400.669 INFO             PET0 !!!!!!!!!!!!!!!!!!!!!!!!!!!!!!!!!!!!!!!!!!!!!!!!!!!!!!
20241012 233400.670 INFO             PET0 !!! THE ESMF_LOG IS SET TO OUTPUT ALL LOG MESSAGES !!!
20241012 233400.670 INFO             PET0 !!!     THIS MAY CAUSE SLOWDOWN IN PERFORMANCE     !!!
20241012 233400.670 INFO             PET0 !!! FOR PRODUCTION RUNS, USE:                      !!!
20241012 233400.670 INFO             PET0 !!!                   ESMF_LOGKIND_Multi_On_Error  !!!
20241012 233400.670 INFO             PET0 !!!!!!!!!!!!!!!!!!!!!!!!!!!!!!!!!!!!!!!!!!!!!!!!!!!!!!
20241012 233400.670 INFO             PET0 Running with ESMF Version   : v8.8.0b01
20241012 233400.670 INFO             PET0 ESMF library build date/time: "Oct 12 2024" "22:23:29"
20241012 233400.670 INFO             PET0 ESMF library build location : /discover/nobackup/projects/gmao/SIteam/ESMF_Testing/intel_2021.13.0_intelmpi_g_develop/esmf
20241012 233400.670 INFO             PET0 ESMF_COMM                   : intelmpi
20241012 233400.670 INFO             PET0 ESMF_MOAB                   : enabled
20241012 233400.670 INFO             PET0 ESMF_LAPACK                 : enabled
20241012 233400.670 INFO             PET0 ESMF_NETCDF                 : enabled
20241012 233400.670 INFO             PET0 ESMF_PNETCDF                : disabled
20241012 233400.670 INFO             PET0 ESMF_PIO                    : enabled
20241012 233400.670 INFO             PET0 ESMF_YAMLCPP                : enabled
20241012 233400.671 INFO             PET0  NUMBER_OF_PROCESSORS           1
20241012 233400.671 INFO             PET0  PASS  Example ESMF_TimeIntervalEx, ESMF_TimeIntervalEx.F90, line 176
20241012 233400.671 INFO             PET0  Finalizing ESMF
