2024-10-13 07:25:58
20241013 075924.413 INFO             PET0 !!!!!!!!!!!!!!!!!!!!!!!!!!!!!!!!!!!!!!!!!!!!!!!!!!!!!!
20241013 075924.414 INFO             PET0 !!! THE ESMF_LOG IS SET TO OUTPUT ALL LOG MESSAGES !!!
20241013 075924.414 INFO             PET0 !!!     THIS MAY CAUSE SLOWDOWN IN PERFORMANCE     !!!
20241013 075924.414 INFO             PET0 !!! FOR PRODUCTION RUNS, USE:                      !!!
20241013 075924.414 INFO             PET0 !!!                   ESMF_LOGKIND_Multi_On_Error  !!!
20241013 075924.414 INFO             PET0 !!!!!!!!!!!!!!!!!!!!!!!!!!!!!!!!!!!!!!!!!!!!!!!!!!!!!!
20241013 075924.414 INFO             PET0 Running with ESMF Version   : v8.8.0b01
20241013 075924.414 INFO             PET0 ESMF library build date/time: "Oct 13 2024" "07:23:15"
20241013 075924.414 INFO             PET0 ESMF library build location : /scratch2/NCEPDEV/stmp1/Gerhard.Theurich/ESMF-Nightly-Testing/gfortran_13.2.0_mpiuni_g_develop/esmf
20241013 075924.414 INFO             PET0 ESMF_COMM                   : mpiuni
20241013 075924.415 INFO             PET0 ESMF_MOAB                   : enabled
20241013 075924.415 INFO             PET0 ESMF_LAPACK                 : enabled
20241013 075924.415 INFO             PET0 ESMF_NETCDF                 : disabled
20241013 075924.415 INFO             PET0 ESMF_PNETCDF                : disabled
20241013 075924.415 INFO             PET0 ESMF_PIO                    : disabled
20241013 075924.415 INFO             PET0 ESMF_YAMLCPP                : enabled
20241013 075924.468 DEBUG            PET0 about to destroy Grid: 0x2153b00
20241013 075924.480 DEBUG            PET0 about to destroy Grid: 0x2155930
20241013 075924.508 INFO             PET0  NUMBER_OF_PROCESSORS           1
20241013 075924.508 INFO             PET0  PASS  Example ESMF_NUOPCAtmModelEx, ESMF_NUOPCAtmModelEx.F90, line 806
20241013 075924.508 INFO             PET0  Finalizing ESMF
