2024-10-08 22:37:18
20241008 232932.131 INFO             PET0 !!!!!!!!!!!!!!!!!!!!!!!!!!!!!!!!!!!!!!!!!!!!!!!!!!!!!!
20241008 232932.131 INFO             PET0 !!! THE ESMF_LOG IS SET TO OUTPUT ALL LOG MESSAGES !!!
20241008 232932.131 INFO             PET0 !!!     THIS MAY CAUSE SLOWDOWN IN PERFORMANCE     !!!
20241008 232932.131 INFO             PET0 !!! FOR PRODUCTION RUNS, USE:                      !!!
20241008 232932.131 INFO             PET0 !!!                   ESMF_LOGKIND_Multi_On_Error  !!!
20241008 232932.131 INFO             PET0 !!!!!!!!!!!!!!!!!!!!!!!!!!!!!!!!!!!!!!!!!!!!!!!!!!!!!!
20241008 232932.131 INFO             PET0 Running with ESMF Version   : v8.8.0b00-12-g0d4b825343
20241008 232932.131 INFO             PET0 ESMF library build date/time: "Oct  8 2024" "22:34:44"
20241008 232932.131 INFO             PET0 ESMF library build location : /discover/nobackup/projects/gmao/SIteam/ESMF_Testing/intel_2021.13.0_intelmpi_O_develop/esmf
20241008 232932.131 INFO             PET0 ESMF_COMM                   : intelmpi
20241008 232932.132 INFO             PET0 ESMF_MOAB                   : enabled
20241008 232932.132 INFO             PET0 ESMF_LAPACK                 : enabled
20241008 232932.132 INFO             PET0 ESMF_NETCDF                 : enabled
20241008 232932.132 INFO             PET0 ESMF_PNETCDF                : disabled
20241008 232932.132 INFO             PET0 ESMF_PIO                    : enabled
20241008 232932.132 INFO             PET0 ESMF_YAMLCPP                : enabled
20241008 232932.132 INFO             PET0  NUMBER_OF_PROCESSORS           1
20241008 232932.132 INFO             PET0  PASS  Example ESMF_ClockEx, ESMF_ClockEx.F90, line 220
20241008 232932.132 INFO             PET0  Finalizing ESMF
