2024-10-10 01:24:47
20241010 022402.764 INFO             PET0 !!!!!!!!!!!!!!!!!!!!!!!!!!!!!!!!!!!!!!!!!!!!!!!!!!!!!!
20241010 022402.764 INFO             PET0 !!! THE ESMF_LOG IS SET TO OUTPUT ALL LOG MESSAGES !!!
20241010 022402.764 INFO             PET0 !!!     THIS MAY CAUSE SLOWDOWN IN PERFORMANCE     !!!
20241010 022402.764 INFO             PET0 !!! FOR PRODUCTION RUNS, USE:                      !!!
20241010 022402.764 INFO             PET0 !!!                   ESMF_LOGKIND_Multi_On_Error  !!!
20241010 022402.764 INFO             PET0 !!!!!!!!!!!!!!!!!!!!!!!!!!!!!!!!!!!!!!!!!!!!!!!!!!!!!!
20241010 022402.764 INFO             PET0 Running with ESMF Version   : v8.8.0b00-12-g0d4b825343
20241010 022402.764 INFO             PET0 ESMF library build date/time: "Oct 10 2024" "01:23:40"
20241010 022402.764 INFO             PET0 ESMF library build location : /tmp/gfortran_11.2.0_mpiuni_g_develop/esmf
20241010 022402.764 INFO             PET0 ESMF_COMM                   : mpiuni
20241010 022402.764 INFO             PET0 ESMF_MOAB                   : enabled
20241010 022402.764 INFO             PET0 ESMF_LAPACK                 : enabled
20241010 022402.764 INFO             PET0 ESMF_NETCDF                 : enabled
20241010 022402.764 INFO             PET0 ESMF_PNETCDF                : disabled
20241010 022402.764 INFO             PET0 ESMF_PIO                    : enabled
20241010 022402.764 INFO             PET0 ESMF_YAMLCPP                : enabled
20241010 022402.766 INFO             PET0  NUMBER_OF_PROCESSORS           1
20241010 022402.766 INFO             PET0  PASS  Example ESMF_AppMainEx, ESMF_AppMainEx.F90, line 486
20241010 022402.766 INFO             PET0  Finalizing ESMF
