2024-10-09 04:01:01
20241009 043300.843 INFO             PET0 !!!!!!!!!!!!!!!!!!!!!!!!!!!!!!!!!!!!!!!!!!!!!!!!!!!!!!
20241009 043300.845 INFO             PET0 !!! THE ESMF_LOG IS SET TO OUTPUT ALL LOG MESSAGES !!!
20241009 043300.845 INFO             PET0 !!!     THIS MAY CAUSE SLOWDOWN IN PERFORMANCE     !!!
20241009 043300.845 INFO             PET0 !!! FOR PRODUCTION RUNS, USE:                      !!!
20241009 043300.845 INFO             PET0 !!!                   ESMF_LOGKIND_Multi_On_Error  !!!
20241009 043300.845 INFO             PET0 !!!!!!!!!!!!!!!!!!!!!!!!!!!!!!!!!!!!!!!!!!!!!!!!!!!!!!
20241009 043300.845 INFO             PET0 Running with ESMF Version   : v8.8.0b00-12-g0d4b825343
20241009 043300.845 INFO             PET0 ESMF library build date/time: "Oct  9 2024" "03:58:39"
20241009 043300.845 INFO             PET0 ESMF library build location : /project/esmf/sacks/esmf-testing/gfortran_11.2.0_mpiuni_g_develop/esmf
20241009 043300.845 INFO             PET0 ESMF_COMM                   : mpiuni
20241009 043300.845 INFO             PET0 ESMF_MOAB                   : enabled
20241009 043300.845 INFO             PET0 ESMF_LAPACK                 : enabled
20241009 043300.845 INFO             PET0 ESMF_NETCDF                 : enabled
20241009 043300.845 INFO             PET0 ESMF_PNETCDF                : disabled
20241009 043300.845 INFO             PET0 ESMF_PIO                    : enabled
20241009 043300.846 INFO             PET0 ESMF_YAMLCPP                : enabled
20241009 043300.981 DEBUG            PET0 about to destroy Grid: 0x7f8c17826600
20241009 043301.005 DEBUG            PET0 about to destroy Grid: 0x7f8c17834400
20241009 043301.067 INFO             PET0  NUMBER_OF_PROCESSORS           1
20241009 043301.067 INFO             PET0  PASS  Example ESMF_NUOPCAtmModelEx, ESMF_NUOPCAtmModelEx.F90, line 806
20241009 043301.067 INFO             PET0  Finalizing ESMF
