2024-10-16 03:21:04
20241016 035916.219 INFO             PET0 !!!!!!!!!!!!!!!!!!!!!!!!!!!!!!!!!!!!!!!!!!!!!!!!!!!!!!
20241016 035916.219 INFO             PET0 !!! THE ESMF_LOG IS SET TO OUTPUT ALL LOG MESSAGES !!!
20241016 035916.219 INFO             PET0 !!!     THIS MAY CAUSE SLOWDOWN IN PERFORMANCE     !!!
20241016 035916.219 INFO             PET0 !!! FOR PRODUCTION RUNS, USE:                      !!!
20241016 035916.219 INFO             PET0 !!!                   ESMF_LOGKIND_Multi_On_Error  !!!
20241016 035916.219 INFO             PET0 !!!!!!!!!!!!!!!!!!!!!!!!!!!!!!!!!!!!!!!!!!!!!!!!!!!!!!
20241016 035916.219 INFO             PET0 Running with ESMF Version   : v8.8.0b01-2-g867c30314c
20241016 035916.219 INFO             PET0 ESMF library build date/time: "Oct 16 2024" "03:18:27"
20241016 035916.219 INFO             PET0 ESMF library build location : /glade/derecho/scratch/sacks/esmf-testing/intel_2023.2.1-oneAPI_mpi_g_develop/esmf
20241016 035916.219 INFO             PET0 ESMF_COMM                   : mpi
20241016 035916.224 INFO             PET0 ESMF_MOAB                   : enabled
20241016 035916.224 INFO             PET0 ESMF_LAPACK                 : enabled
20241016 035916.224 INFO             PET0 ESMF_NETCDF                 : enabled
20241016 035916.224 INFO             PET0 ESMF_PNETCDF                : disabled
20241016 035916.224 INFO             PET0 ESMF_PIO                    : enabled
20241016 035916.224 INFO             PET0 ESMF_YAMLCPP                : enabled
20241016 035916.234 INFO             PET0 Log Write 2
20241016 035916.234 ERROR            PET0 Invalid object  - Convergence failure
20241016 035916.234 ERROR            PET0 ESMCI_Time.C:866 ESMCI::Time::syncToRealTime() Wrong argument specified  - ; calkindflag is NOCALENDAR. Only GREGORIAN and JULIAN are supported when syncing to real time.
20241016 035916.234 ERROR            PET0 ESMF_Time.F90:1485 ESMF_TimeSyncToRealTime() Wrong argument specified  - Internal subroutine call returned Error
20241016 035916.234 ERROR            PET0 Wrong argument specified  - getting wall clock time
20241016 035916.247 INFO             PET0  NUMBER_OF_PROCESSORS           4
20241016 035916.247 INFO             PET0  PASS  Example ESMF_LogErrEx, ESMF_LogErrEx.F90, line 186
20241016 035916.247 INFO             PET0  Finalizing ESMF
20241016 035916.219 INFO             PET1 !!!!!!!!!!!!!!!!!!!!!!!!!!!!!!!!!!!!!!!!!!!!!!!!!!!!!!
20241016 035916.219 INFO             PET1 !!! THE ESMF_LOG IS SET TO OUTPUT ALL LOG MESSAGES !!!
20241016 035916.219 INFO             PET1 !!!     THIS MAY CAUSE SLOWDOWN IN PERFORMANCE     !!!
20241016 035916.219 INFO             PET1 !!! FOR PRODUCTION RUNS, USE:                      !!!
20241016 035916.219 INFO             PET1 !!!                   ESMF_LOGKIND_Multi_On_Error  !!!
20241016 035916.219 INFO             PET1 !!!!!!!!!!!!!!!!!!!!!!!!!!!!!!!!!!!!!!!!!!!!!!!!!!!!!!
20241016 035916.219 INFO             PET1 Running with ESMF Version   : v8.8.0b01-2-g867c30314c
20241016 035916.219 INFO             PET1 ESMF library build date/time: "Oct 16 2024" "03:18:27"
20241016 035916.219 INFO             PET1 ESMF library build location : /glade/derecho/scratch/sacks/esmf-testing/intel_2023.2.1-oneAPI_mpi_g_develop/esmf
20241016 035916.219 INFO             PET1 ESMF_COMM                   : mpi
20241016 035916.224 INFO             PET1 ESMF_MOAB                   : enabled
20241016 035916.224 INFO             PET1 ESMF_LAPACK                 : enabled
20241016 035916.224 INFO             PET1 ESMF_NETCDF                 : enabled
20241016 035916.224 INFO             PET1 ESMF_PNETCDF                : disabled
20241016 035916.224 INFO             PET1 ESMF_PIO                    : enabled
20241016 035916.224 INFO             PET1 ESMF_YAMLCPP                : enabled
20241016 035916.234 INFO             PET1 Log Write 2
20241016 035916.234 ERROR            PET1 Invalid object  - Convergence failure
20241016 035916.234 ERROR            PET1 ESMCI_Time.C:866 ESMCI::Time::syncToRealTime() Wrong argument specified  - ; calkindflag is NOCALENDAR. Only GREGORIAN and JULIAN are supported when syncing to real time.
20241016 035916.234 ERROR            PET1 ESMF_Time.F90:1485 ESMF_TimeSyncToRealTime() Wrong argument specified  - Internal subroutine call returned Error
20241016 035916.234 ERROR            PET1 Wrong argument specified  - getting wall clock time
20241016 035916.253 INFO             PET1  NUMBER_OF_PROCESSORS           4
20241016 035916.253 INFO             PET1  PASS  Example ESMF_LogErrEx, ESMF_LogErrEx.F90, line 186
20241016 035916.253 INFO             PET1  Finalizing ESMF
20241016 035916.228 INFO             PET2 !!!!!!!!!!!!!!!!!!!!!!!!!!!!!!!!!!!!!!!!!!!!!!!!!!!!!!
20241016 035916.228 INFO             PET2 !!! THE ESMF_LOG IS SET TO OUTPUT ALL LOG MESSAGES !!!
20241016 035916.228 INFO             PET2 !!!     THIS MAY CAUSE SLOWDOWN IN PERFORMANCE     !!!
20241016 035916.228 INFO             PET2 !!! FOR PRODUCTION RUNS, USE:                      !!!
20241016 035916.228 INFO             PET2 !!!                   ESMF_LOGKIND_Multi_On_Error  !!!
20241016 035916.228 INFO             PET2 !!!!!!!!!!!!!!!!!!!!!!!!!!!!!!!!!!!!!!!!!!!!!!!!!!!!!!
20241016 035916.228 INFO             PET2 Running with ESMF Version   : v8.8.0b01-2-g867c30314c
20241016 035916.228 INFO             PET2 ESMF library build date/time: "Oct 16 2024" "03:18:27"
20241016 035916.228 INFO             PET2 ESMF library build location : /glade/derecho/scratch/sacks/esmf-testing/intel_2023.2.1-oneAPI_mpi_g_develop/esmf
20241016 035916.228 INFO             PET2 ESMF_COMM                   : mpi
20241016 035916.229 INFO             PET2 ESMF_MOAB                   : enabled
20241016 035916.229 INFO             PET2 ESMF_LAPACK                 : enabled
20241016 035916.229 INFO             PET2 ESMF_NETCDF                 : enabled
20241016 035916.229 INFO             PET2 ESMF_PNETCDF                : disabled
20241016 035916.229 INFO             PET2 ESMF_PIO                    : enabled
20241016 035916.229 INFO             PET2 ESMF_YAMLCPP                : enabled
20241016 035916.234 INFO             PET2 Log Write 2
20241016 035916.234 ERROR            PET2 Invalid object  - Convergence failure
20241016 035916.234 ERROR            PET2 ESMCI_Time.C:866 ESMCI::Time::syncToRealTime() Wrong argument specified  - ; calkindflag is NOCALENDAR. Only GREGORIAN and JULIAN are supported when syncing to real time.
20241016 035916.234 ERROR            PET2 ESMF_Time.F90:1485 ESMF_TimeSyncToRealTime() Wrong argument specified  - Internal subroutine call returned Error
20241016 035916.234 ERROR            PET2 Wrong argument specified  - getting wall clock time
20241016 035916.248 INFO             PET2  NUMBER_OF_PROCESSORS           4
20241016 035916.248 INFO             PET2  PASS  Example ESMF_LogErrEx, ESMF_LogErrEx.F90, line 186
20241016 035916.248 INFO             PET2  Finalizing ESMF
20241016 035916.232 INFO             PET3 !!!!!!!!!!!!!!!!!!!!!!!!!!!!!!!!!!!!!!!!!!!!!!!!!!!!!!
20241016 035916.232 INFO             PET3 !!! THE ESMF_LOG IS SET TO OUTPUT ALL LOG MESSAGES !!!
20241016 035916.232 INFO             PET3 !!!     THIS MAY CAUSE SLOWDOWN IN PERFORMANCE     !!!
20241016 035916.232 INFO             PET3 !!! FOR PRODUCTION RUNS, USE:                      !!!
20241016 035916.232 INFO             PET3 !!!                   ESMF_LOGKIND_Multi_On_Error  !!!
20241016 035916.232 INFO             PET3 !!!!!!!!!!!!!!!!!!!!!!!!!!!!!!!!!!!!!!!!!!!!!!!!!!!!!!
20241016 035916.232 INFO             PET3 Running with ESMF Version   : v8.8.0b01-2-g867c30314c
20241016 035916.232 INFO             PET3 ESMF library build date/time: "Oct 16 2024" "03:18:27"
20241016 035916.232 INFO             PET3 ESMF library build location : /glade/derecho/scratch/sacks/esmf-testing/intel_2023.2.1-oneAPI_mpi_g_develop/esmf
20241016 035916.232 INFO             PET3 ESMF_COMM                   : mpi
20241016 035916.234 INFO             PET3 ESMF_MOAB                   : enabled
20241016 035916.234 INFO             PET3 ESMF_LAPACK                 : enabled
20241016 035916.234 INFO             PET3 ESMF_NETCDF                 : enabled
20241016 035916.234 INFO             PET3 ESMF_PNETCDF                : disabled
20241016 035916.234 INFO             PET3 ESMF_PIO                    : enabled
20241016 035916.234 INFO             PET3 ESMF_YAMLCPP                : enabled
20241016 035916.234 INFO             PET3 Log Write 2
20241016 035916.234 ERROR            PET3 Invalid object  - Convergence failure
20241016 035916.234 ERROR            PET3 ESMCI_Time.C:866 ESMCI::Time::syncToRealTime() Wrong argument specified  - ; calkindflag is NOCALENDAR. Only GREGORIAN and JULIAN are supported when syncing to real time.
20241016 035916.234 ERROR            PET3 ESMF_Time.F90:1485 ESMF_TimeSyncToRealTime() Wrong argument specified  - Internal subroutine call returned Error
20241016 035916.234 ERROR            PET3 Wrong argument specified  - getting wall clock time
20241016 035916.252 INFO             PET3  NUMBER_OF_PROCESSORS           4
20241016 035916.253 INFO             PET3  PASS  Example ESMF_LogErrEx, ESMF_LogErrEx.F90, line 186
20241016 035916.253 INFO             PET3  Finalizing ESMF
