2024-10-13 03:32:11
20241013 040732.267 INFO             PET0 !!!!!!!!!!!!!!!!!!!!!!!!!!!!!!!!!!!!!!!!!!!!!!!!!!!!!!
20241013 040732.267 INFO             PET0 !!! THE ESMF_LOG IS SET TO OUTPUT ALL LOG MESSAGES !!!
20241013 040732.267 INFO             PET0 !!!     THIS MAY CAUSE SLOWDOWN IN PERFORMANCE     !!!
20241013 040732.267 INFO             PET0 !!! FOR PRODUCTION RUNS, USE:                      !!!
20241013 040732.267 INFO             PET0 !!!                   ESMF_LOGKIND_Multi_On_Error  !!!
20241013 040732.267 INFO             PET0 !!!!!!!!!!!!!!!!!!!!!!!!!!!!!!!!!!!!!!!!!!!!!!!!!!!!!!
20241013 040732.267 INFO             PET0 Running with ESMF Version   : v8.8.0b01
20241013 040732.267 INFO             PET0 ESMF library build date/time: "Oct 13 2024" "03:29:16"
20241013 040732.267 INFO             PET0 ESMF library build location : /glade/derecho/scratch/sacks/esmf-testing/intel_2023.2.1-oneAPI_mpi_g_develop/esmf
20241013 040732.267 INFO             PET0 ESMF_COMM                   : mpi
20241013 040732.283 INFO             PET0 ESMF_MOAB                   : enabled
20241013 040732.283 INFO             PET0 ESMF_LAPACK                 : enabled
20241013 040732.283 INFO             PET0 ESMF_NETCDF                 : enabled
20241013 040732.283 INFO             PET0 ESMF_PNETCDF                : disabled
20241013 040732.283 INFO             PET0 ESMF_PIO                    : enabled
20241013 040732.283 INFO             PET0 ESMF_YAMLCPP                : enabled
20241013 040732.283 INFO             PET0  NUMBER_OF_PROCESSORS           4
20241013 040732.283 INFO             PET0  PASS  Example ESMF_VMUserMpiCommMultiEx, ESMF_VMUserMpiCommMultiEx.F90, line 126
20241013 040732.283 INFO             PET0  Finalizing ESMF with endflag==ESMF_END_KEEPMPI
20241013 040732.263 INFO             PET0 !!!!!!!!!!!!!!!!!!!!!!!!!!!!!!!!!!!!!!!!!!!!!!!!!!!!!!
20241013 040732.263 INFO             PET0 !!! THE ESMF_LOG IS SET TO OUTPUT ALL LOG MESSAGES !!!
20241013 040732.263 INFO             PET0 !!!     THIS MAY CAUSE SLOWDOWN IN PERFORMANCE     !!!
20241013 040732.263 INFO             PET0 !!! FOR PRODUCTION RUNS, USE:                      !!!
20241013 040732.263 INFO             PET0 !!!                   ESMF_LOGKIND_Multi_On_Error  !!!
20241013 040732.263 INFO             PET0 !!!!!!!!!!!!!!!!!!!!!!!!!!!!!!!!!!!!!!!!!!!!!!!!!!!!!!
20241013 040732.263 INFO             PET0 Running with ESMF Version   : v8.8.0b01
20241013 040732.263 INFO             PET0 ESMF library build date/time: "Oct 13 2024" "03:29:16"
20241013 040732.263 INFO             PET0 ESMF library build location : /glade/derecho/scratch/sacks/esmf-testing/intel_2023.2.1-oneAPI_mpi_g_develop/esmf
20241013 040732.263 INFO             PET0 ESMF_COMM                   : mpi
20241013 040732.275 INFO             PET0 ESMF_MOAB                   : enabled
20241013 040732.275 INFO             PET0 ESMF_LAPACK                 : enabled
20241013 040732.275 INFO             PET0 ESMF_NETCDF                 : enabled
20241013 040732.275 INFO             PET0 ESMF_PNETCDF                : disabled
20241013 040732.275 INFO             PET0 ESMF_PIO                    : enabled
20241013 040732.275 INFO             PET0 ESMF_YAMLCPP                : enabled
20241013 040732.279 INFO             PET0  NUMBER_OF_PROCESSORS           4
20241013 040732.279 INFO             PET0  PASS  Example ESMF_VMUserMpiCommMultiEx, ESMF_VMUserMpiCommMultiEx.F90, line 154
20241013 040732.279 INFO             PET0  Finalizing ESMF with endflag==ESMF_END_KEEPMPI
20241013 040732.274 INFO             PET1 !!!!!!!!!!!!!!!!!!!!!!!!!!!!!!!!!!!!!!!!!!!!!!!!!!!!!!
20241013 040732.274 INFO             PET1 !!! THE ESMF_LOG IS SET TO OUTPUT ALL LOG MESSAGES !!!
20241013 040732.274 INFO             PET1 !!!     THIS MAY CAUSE SLOWDOWN IN PERFORMANCE     !!!
20241013 040732.274 INFO             PET1 !!! FOR PRODUCTION RUNS, USE:                      !!!
20241013 040732.274 INFO             PET1 !!!                   ESMF_LOGKIND_Multi_On_Error  !!!
20241013 040732.274 INFO             PET1 !!!!!!!!!!!!!!!!!!!!!!!!!!!!!!!!!!!!!!!!!!!!!!!!!!!!!!
20241013 040732.274 INFO             PET1 Running with ESMF Version   : v8.8.0b01
20241013 040732.274 INFO             PET1 ESMF library build date/time: "Oct 13 2024" "03:29:16"
20241013 040732.274 INFO             PET1 ESMF library build location : /glade/derecho/scratch/sacks/esmf-testing/intel_2023.2.1-oneAPI_mpi_g_develop/esmf
20241013 040732.274 INFO             PET1 ESMF_COMM                   : mpi
20241013 040732.279 INFO             PET1 ESMF_MOAB                   : enabled
20241013 040732.279 INFO             PET1 ESMF_LAPACK                 : enabled
20241013 040732.279 INFO             PET1 ESMF_NETCDF                 : enabled
20241013 040732.279 INFO             PET1 ESMF_PNETCDF                : disabled
20241013 040732.279 INFO             PET1 ESMF_PIO                    : enabled
20241013 040732.279 INFO             PET1 ESMF_YAMLCPP                : enabled
20241013 040732.283 INFO             PET1  NUMBER_OF_PROCESSORS           4
20241013 040732.283 INFO             PET1  PASS  Example ESMF_VMUserMpiCommMultiEx, ESMF_VMUserMpiCommMultiEx.F90, line 126
20241013 040732.283 INFO             PET1  Finalizing ESMF with endflag==ESMF_END_KEEPMPI
20241013 040732.262 INFO             PET1 !!!!!!!!!!!!!!!!!!!!!!!!!!!!!!!!!!!!!!!!!!!!!!!!!!!!!!
20241013 040732.262 INFO             PET1 !!! THE ESMF_LOG IS SET TO OUTPUT ALL LOG MESSAGES !!!
20241013 040732.262 INFO             PET1 !!!     THIS MAY CAUSE SLOWDOWN IN PERFORMANCE     !!!
20241013 040732.262 INFO             PET1 !!! FOR PRODUCTION RUNS, USE:                      !!!
20241013 040732.262 INFO             PET1 !!!                   ESMF_LOGKIND_Multi_On_Error  !!!
20241013 040732.262 INFO             PET1 !!!!!!!!!!!!!!!!!!!!!!!!!!!!!!!!!!!!!!!!!!!!!!!!!!!!!!
20241013 040732.262 INFO             PET1 Running with ESMF Version   : v8.8.0b01
20241013 040732.262 INFO             PET1 ESMF library build date/time: "Oct 13 2024" "03:29:16"
20241013 040732.262 INFO             PET1 ESMF library build location : /glade/derecho/scratch/sacks/esmf-testing/intel_2023.2.1-oneAPI_mpi_g_develop/esmf
20241013 040732.262 INFO             PET1 ESMF_COMM                   : mpi
20241013 040732.278 INFO             PET1 ESMF_MOAB                   : enabled
20241013 040732.278 INFO             PET1 ESMF_LAPACK                 : enabled
20241013 040732.278 INFO             PET1 ESMF_NETCDF                 : enabled
20241013 040732.278 INFO             PET1 ESMF_PNETCDF                : disabled
20241013 040732.278 INFO             PET1 ESMF_PIO                    : enabled
20241013 040732.278 INFO             PET1 ESMF_YAMLCPP                : enabled
20241013 040732.279 INFO             PET1  NUMBER_OF_PROCESSORS           4
20241013 040732.279 INFO             PET1  PASS  Example ESMF_VMUserMpiCommMultiEx, ESMF_VMUserMpiCommMultiEx.F90, line 154
20241013 040732.279 INFO             PET1  Finalizing ESMF with endflag==ESMF_END_KEEPMPI
