2024-10-12 03:41:18
20241012 042752.287 INFO             PET0 !!!!!!!!!!!!!!!!!!!!!!!!!!!!!!!!!!!!!!!!!!!!!!!!!!!!!!
20241012 042752.288 INFO             PET0 !!! THE ESMF_LOG IS SET TO OUTPUT ALL LOG MESSAGES !!!
20241012 042752.288 INFO             PET0 !!!     THIS MAY CAUSE SLOWDOWN IN PERFORMANCE     !!!
20241012 042752.288 INFO             PET0 !!! FOR PRODUCTION RUNS, USE:                      !!!
20241012 042752.288 INFO             PET0 !!!                   ESMF_LOGKIND_Multi_On_Error  !!!
20241012 042752.288 INFO             PET0 !!!!!!!!!!!!!!!!!!!!!!!!!!!!!!!!!!!!!!!!!!!!!!!!!!!!!!
20241012 042752.288 INFO             PET0 Running with ESMF Version   : v8.8.0b01
20241012 042752.288 INFO             PET0 ESMF library build date/time: "Oct 12 2024" "03:38:11"
20241012 042752.288 INFO             PET0 ESMF library build location : /glade/derecho/scratch/sacks/esmf-testing/intel_2023.2.1-oneAPI_mpi_g_develop/esmf
20241012 042752.288 INFO             PET0 ESMF_COMM                   : mpi
20241012 042752.289 INFO             PET0 ESMF_MOAB                   : enabled
20241012 042752.289 INFO             PET0 ESMF_LAPACK                 : enabled
20241012 042752.289 INFO             PET0 ESMF_NETCDF                 : enabled
20241012 042752.289 INFO             PET0 ESMF_PNETCDF                : disabled
20241012 042752.289 INFO             PET0 ESMF_PIO                    : enabled
20241012 042752.289 INFO             PET0 ESMF_YAMLCPP                : enabled
20241012 042752.295 INFO             PET0  NUMBER_OF_PROCESSORS           4
20241012 042752.295 INFO             PET0  PASS  Example ESMF_FieldBundleSMMEx, ESMF_FieldBundleSMMEx.F90, line 242
20241012 042752.295 INFO             PET0  Finalizing ESMF
20241012 042752.286 INFO             PET1 !!!!!!!!!!!!!!!!!!!!!!!!!!!!!!!!!!!!!!!!!!!!!!!!!!!!!!
20241012 042752.286 INFO             PET1 !!! THE ESMF_LOG IS SET TO OUTPUT ALL LOG MESSAGES !!!
20241012 042752.286 INFO             PET1 !!!     THIS MAY CAUSE SLOWDOWN IN PERFORMANCE     !!!
20241012 042752.286 INFO             PET1 !!! FOR PRODUCTION RUNS, USE:                      !!!
20241012 042752.286 INFO             PET1 !!!                   ESMF_LOGKIND_Multi_On_Error  !!!
20241012 042752.286 INFO             PET1 !!!!!!!!!!!!!!!!!!!!!!!!!!!!!!!!!!!!!!!!!!!!!!!!!!!!!!
20241012 042752.286 INFO             PET1 Running with ESMF Version   : v8.8.0b01
20241012 042752.286 INFO             PET1 ESMF library build date/time: "Oct 12 2024" "03:38:11"
20241012 042752.286 INFO             PET1 ESMF library build location : /glade/derecho/scratch/sacks/esmf-testing/intel_2023.2.1-oneAPI_mpi_g_develop/esmf
20241012 042752.286 INFO             PET1 ESMF_COMM                   : mpi
20241012 042752.288 INFO             PET1 ESMF_MOAB                   : enabled
20241012 042752.288 INFO             PET1 ESMF_LAPACK                 : enabled
20241012 042752.288 INFO             PET1 ESMF_NETCDF                 : enabled
20241012 042752.288 INFO             PET1 ESMF_PNETCDF                : disabled
20241012 042752.288 INFO             PET1 ESMF_PIO                    : enabled
20241012 042752.288 INFO             PET1 ESMF_YAMLCPP                : enabled
20241012 042752.295 INFO             PET1  NUMBER_OF_PROCESSORS           4
20241012 042752.295 INFO             PET1  PASS  Example ESMF_FieldBundleSMMEx, ESMF_FieldBundleSMMEx.F90, line 242
20241012 042752.295 INFO             PET1  Finalizing ESMF
20241012 042752.287 INFO             PET2 !!!!!!!!!!!!!!!!!!!!!!!!!!!!!!!!!!!!!!!!!!!!!!!!!!!!!!
20241012 042752.287 INFO             PET2 !!! THE ESMF_LOG IS SET TO OUTPUT ALL LOG MESSAGES !!!
20241012 042752.287 INFO             PET2 !!!     THIS MAY CAUSE SLOWDOWN IN PERFORMANCE     !!!
20241012 042752.287 INFO             PET2 !!! FOR PRODUCTION RUNS, USE:                      !!!
20241012 042752.287 INFO             PET2 !!!                   ESMF_LOGKIND_Multi_On_Error  !!!
20241012 042752.287 INFO             PET2 !!!!!!!!!!!!!!!!!!!!!!!!!!!!!!!!!!!!!!!!!!!!!!!!!!!!!!
20241012 042752.287 INFO             PET2 Running with ESMF Version   : v8.8.0b01
20241012 042752.287 INFO             PET2 ESMF library build date/time: "Oct 12 2024" "03:38:11"
20241012 042752.287 INFO             PET2 ESMF library build location : /glade/derecho/scratch/sacks/esmf-testing/intel_2023.2.1-oneAPI_mpi_g_develop/esmf
20241012 042752.287 INFO             PET2 ESMF_COMM                   : mpi
20241012 042752.289 INFO             PET2 ESMF_MOAB                   : enabled
20241012 042752.289 INFO             PET2 ESMF_LAPACK                 : enabled
20241012 042752.289 INFO             PET2 ESMF_NETCDF                 : enabled
20241012 042752.289 INFO             PET2 ESMF_PNETCDF                : disabled
20241012 042752.289 INFO             PET2 ESMF_PIO                    : enabled
20241012 042752.289 INFO             PET2 ESMF_YAMLCPP                : enabled
20241012 042752.295 INFO             PET2  NUMBER_OF_PROCESSORS           4
20241012 042752.295 INFO             PET2  PASS  Example ESMF_FieldBundleSMMEx, ESMF_FieldBundleSMMEx.F90, line 242
20241012 042752.295 INFO             PET2  Finalizing ESMF
20241012 042752.285 INFO             PET3 !!!!!!!!!!!!!!!!!!!!!!!!!!!!!!!!!!!!!!!!!!!!!!!!!!!!!!
20241012 042752.285 INFO             PET3 !!! THE ESMF_LOG IS SET TO OUTPUT ALL LOG MESSAGES !!!
20241012 042752.285 INFO             PET3 !!!     THIS MAY CAUSE SLOWDOWN IN PERFORMANCE     !!!
20241012 042752.285 INFO             PET3 !!! FOR PRODUCTION RUNS, USE:                      !!!
20241012 042752.285 INFO             PET3 !!!                   ESMF_LOGKIND_Multi_On_Error  !!!
20241012 042752.285 INFO             PET3 !!!!!!!!!!!!!!!!!!!!!!!!!!!!!!!!!!!!!!!!!!!!!!!!!!!!!!
20241012 042752.285 INFO             PET3 Running with ESMF Version   : v8.8.0b01
20241012 042752.285 INFO             PET3 ESMF library build date/time: "Oct 12 2024" "03:38:11"
20241012 042752.285 INFO             PET3 ESMF library build location : /glade/derecho/scratch/sacks/esmf-testing/intel_2023.2.1-oneAPI_mpi_g_develop/esmf
20241012 042752.285 INFO             PET3 ESMF_COMM                   : mpi
20241012 042752.288 INFO             PET3 ESMF_MOAB                   : enabled
20241012 042752.288 INFO             PET3 ESMF_LAPACK                 : enabled
20241012 042752.288 INFO             PET3 ESMF_NETCDF                 : enabled
20241012 042752.288 INFO             PET3 ESMF_PNETCDF                : disabled
20241012 042752.288 INFO             PET3 ESMF_PIO                    : enabled
20241012 042752.288 INFO             PET3 ESMF_YAMLCPP                : enabled
20241012 042752.295 INFO             PET3  NUMBER_OF_PROCESSORS           4
20241012 042752.295 INFO             PET3  PASS  Example ESMF_FieldBundleSMMEx, ESMF_FieldBundleSMMEx.F90, line 242
20241012 042752.295 INFO             PET3  Finalizing ESMF
