2024-10-17 03:50:26
20241017 043035.728 INFO             PET0 !!!!!!!!!!!!!!!!!!!!!!!!!!!!!!!!!!!!!!!!!!!!!!!!!!!!!!
20241017 043035.728 INFO             PET0 !!! THE ESMF_LOG IS SET TO OUTPUT ALL LOG MESSAGES !!!
20241017 043035.728 INFO             PET0 !!!     THIS MAY CAUSE SLOWDOWN IN PERFORMANCE     !!!
20241017 043035.728 INFO             PET0 !!! FOR PRODUCTION RUNS, USE:                      !!!
20241017 043035.728 INFO             PET0 !!!                   ESMF_LOGKIND_Multi_On_Error  !!!
20241017 043035.728 INFO             PET0 !!!!!!!!!!!!!!!!!!!!!!!!!!!!!!!!!!!!!!!!!!!!!!!!!!!!!!
20241017 043035.728 INFO             PET0 Running with ESMF Version   : v8.8.0b01-6-g3ed6fcfd2b
20241017 043035.728 INFO             PET0 ESMF library build date/time: "Oct 17 2024" "03:47:49"
20241017 043035.728 INFO             PET0 ESMF library build location : /glade/derecho/scratch/sacks/esmf-testing/intel_2023.2.1-oneAPI_mpi_g_develop/esmf
20241017 043035.728 INFO             PET0 ESMF_COMM                   : mpi
20241017 043035.729 INFO             PET0 ESMF_MOAB                   : enabled
20241017 043035.729 INFO             PET0 ESMF_LAPACK                 : enabled
20241017 043035.729 INFO             PET0 ESMF_NETCDF                 : enabled
20241017 043035.729 INFO             PET0 ESMF_PNETCDF                : disabled
20241017 043035.729 INFO             PET0 ESMF_PIO                    : enabled
20241017 043035.729 INFO             PET0 ESMF_YAMLCPP                : enabled
20241017 043035.730 INFO             PET0  NUMBER_OF_PROCESSORS           1
20241017 043035.730 INFO             PET0  PASS  Example ESMF_AlarmEx, ESMF_AlarmEx.F90, line 244
20241017 043035.730 INFO             PET0  Finalizing ESMF
