2024-10-13 02:35:45
20241013 032356.677 INFO             PET0 !!!!!!!!!!!!!!!!!!!!!!!!!!!!!!!!!!!!!!!!!!!!!!!!!!!!!!
20241013 032356.677 INFO             PET0 !!! THE ESMF_LOG IS SET TO OUTPUT ALL LOG MESSAGES !!!
20241013 032356.677 INFO             PET0 !!!     THIS MAY CAUSE SLOWDOWN IN PERFORMANCE     !!!
20241013 032356.677 INFO             PET0 !!! FOR PRODUCTION RUNS, USE:                      !!!
20241013 032356.677 INFO             PET0 !!!                   ESMF_LOGKIND_Multi_On_Error  !!!
20241013 032356.677 INFO             PET0 !!!!!!!!!!!!!!!!!!!!!!!!!!!!!!!!!!!!!!!!!!!!!!!!!!!!!!
20241013 032356.677 INFO             PET0 Running with ESMF Version   : v8.8.0b01
20241013 032356.677 INFO             PET0 ESMF library build date/time: "Oct 13 2024" "02:33:21"
20241013 032356.677 INFO             PET0 ESMF library build location : /work/noaa/da/mpotts/sandbox/gfortran_12.2.0_mpiuni_g_develop/esmf
20241013 032356.677 INFO             PET0 ESMF_COMM                   : mpiuni
20241013 032356.678 INFO             PET0 ESMF_MOAB                   : enabled
20241013 032356.678 INFO             PET0 ESMF_LAPACK                 : enabled
20241013 032356.678 INFO             PET0 ESMF_NETCDF                 : disabled
20241013 032356.678 INFO             PET0 ESMF_PNETCDF                : disabled
20241013 032356.678 INFO             PET0 ESMF_PIO                    : disabled
20241013 032356.678 INFO             PET0 ESMF_YAMLCPP                : enabled
20241013 032356.680 ERROR            PET0 ESMCI_Info.C:1289 Info::set(<json>) Cannot set value  - Error/Return Code 540 (ESMC_RC_CANNOT_SET) - Key '/myIntegerKey' already in map and force=false.
20241013 032356.680 ERROR            PET0 ESMCI_Info.C:1292 Info::set(<json>) Cannot set value  - Internal subroutine call returned Error
20241013 032356.680 ERROR            PET0 ESMCI_Info.C:1334 Info::set(<json>) Cannot set value  - Internal subroutine call returned Error
20241013 032356.680 ERROR            PET0 ESMCI_Info.C:1337 Info::set(<json>) Cannot set value  - Internal subroutine call returned Error
20241013 032356.680 ERROR            PET0 ESMCI_Info.C:1385 Info::set(<scalar>) Cannot set value  - Internal subroutine call returned Error
20241013 032356.680 ERROR            PET0 ESMC_InfoCDefGeneric.C:387 ESMC_InfoSetI4() Cannot set value  - Internal subroutine call returned Error
20241013 032356.680 ERROR            PET0 ESMF_Info.F90:2871 ESMF_InfoSetI4() Cannot set value  - Internal subroutine call returned Error
20241013 032356.681 INFO             PET0  NUMBER_OF_PROCESSORS           1
20241013 032356.682 INFO             PET0  PASS  Example ESMF_InfoTutorialEx, ESMF_InfoTutorialEx.F90, line 335
20241013 032356.682 INFO             PET0  Finalizing ESMF
