2024-10-17 02:35:41
20241017 032451.050 INFO             PET0 !!!!!!!!!!!!!!!!!!!!!!!!!!!!!!!!!!!!!!!!!!!!!!!!!!!!!!
20241017 032451.050 INFO             PET0 !!! THE ESMF_LOG IS SET TO OUTPUT ALL LOG MESSAGES !!!
20241017 032451.050 INFO             PET0 !!!     THIS MAY CAUSE SLOWDOWN IN PERFORMANCE     !!!
20241017 032451.050 INFO             PET0 !!! FOR PRODUCTION RUNS, USE:                      !!!
20241017 032451.050 INFO             PET0 !!!                   ESMF_LOGKIND_Multi_On_Error  !!!
20241017 032451.050 INFO             PET0 !!!!!!!!!!!!!!!!!!!!!!!!!!!!!!!!!!!!!!!!!!!!!!!!!!!!!!
20241017 032451.050 INFO             PET0 Running with ESMF Version   : v8.8.0b01-6-g3ed6fcfd2b
20241017 032451.050 INFO             PET0 ESMF library build date/time: "Oct 17 2024" "02:33:14"
20241017 032451.050 INFO             PET0 ESMF library build location : /work/noaa/da/mpotts/sandbox/gfortran_12.2.0_mpiuni_g_develop/esmf
20241017 032451.051 INFO             PET0 ESMF_COMM                   : mpiuni
20241017 032451.051 INFO             PET0 ESMF_MOAB                   : enabled
20241017 032451.051 INFO             PET0 ESMF_LAPACK                 : enabled
20241017 032451.051 INFO             PET0 ESMF_NETCDF                 : disabled
20241017 032451.051 INFO             PET0 ESMF_PNETCDF                : disabled
20241017 032451.051 INFO             PET0 ESMF_PIO                    : disabled
20241017 032451.051 INFO             PET0 ESMF_YAMLCPP                : enabled
20241017 032451.182 INFO             PET0  NUMBER_OF_PROCESSORS           1
20241017 032451.182 INFO             PET0  PASS  Example ESMF_LocStreamEx, ESMF_LocStreamEx.F90, line 784
20241017 032451.182 INFO             PET0  Finalizing ESMF
