2024-10-14 02:35:43
20241014 032309.165 INFO             PET0 !!!!!!!!!!!!!!!!!!!!!!!!!!!!!!!!!!!!!!!!!!!!!!!!!!!!!!
20241014 032309.165 INFO             PET0 !!! THE ESMF_LOG IS SET TO OUTPUT ALL LOG MESSAGES !!!
20241014 032309.165 INFO             PET0 !!!     THIS MAY CAUSE SLOWDOWN IN PERFORMANCE     !!!
20241014 032309.165 INFO             PET0 !!! FOR PRODUCTION RUNS, USE:                      !!!
20241014 032309.165 INFO             PET0 !!!                   ESMF_LOGKIND_Multi_On_Error  !!!
20241014 032309.165 INFO             PET0 !!!!!!!!!!!!!!!!!!!!!!!!!!!!!!!!!!!!!!!!!!!!!!!!!!!!!!
20241014 032309.165 INFO             PET0 Running with ESMF Version   : v8.8.0b01
20241014 032309.165 INFO             PET0 ESMF library build date/time: "Oct 14 2024" "02:33:16"
20241014 032309.165 INFO             PET0 ESMF library build location : /work/noaa/da/mpotts/sandbox/gfortran_12.2.0_mpiuni_g_develop/esmf
20241014 032309.165 INFO             PET0 ESMF_COMM                   : mpiuni
20241014 032309.166 INFO             PET0 ESMF_MOAB                   : enabled
20241014 032309.166 INFO             PET0 ESMF_LAPACK                 : enabled
20241014 032309.166 INFO             PET0 ESMF_NETCDF                 : disabled
20241014 032309.166 INFO             PET0 ESMF_PNETCDF                : disabled
20241014 032309.166 INFO             PET0 ESMF_PIO                    : disabled
20241014 032309.166 INFO             PET0 ESMF_YAMLCPP                : enabled
20241014 032309.166 INFO             PET0 ESMF Tracing Enabled
20241014 032309.166 INFO             PET0 ESMF Profiling Enabled
20241014 032309.166 INFO             PET0 ESMF Trace/Profile clock: REALTIME
20241014 032309.169 INFO             PET0  NUMBER_OF_PROCESSORS           1
20241014 032309.169 INFO             PET0  PASS  Example ESMF_TraceEx, ESMF_TraceEx.F90, line 178
20241014 032309.169 INFO             PET0  Finalizing ESMF
20241014 032309.169 INFO             PET0 **************** Region Timings *******************
20241014 032309.169 INFO             PET0 Region              Count  Total (s)   Self (s)    Mean (s)    Min (s)     Max (s)
20241014 032309.169 INFO             PET0   [ESMF]            1      0.0016      0.0016      0.0016      0.0016      0.0016
20241014 032309.169 INFO             PET0     [test] Run 1    5      0.0000      0.0000      0.0000      0.0000      0.0000
20241014 032309.169 INFO             PET0     [test] Init 1   1      0.0000      0.0000      0.0000      0.0000      0.0000
20241014 032309.169 INFO             PET0     [test] Final 1  1      0.0000      0.0000      0.0000      0.0000      0.0000
