2024-10-16 01:56:34
20241016 023817.756 INFO             PET0 !!!!!!!!!!!!!!!!!!!!!!!!!!!!!!!!!!!!!!!!!!!!!!!!!!!!!!
20241016 023817.756 INFO             PET0 !!! THE ESMF_LOG IS SET TO OUTPUT ALL LOG MESSAGES !!!
20241016 023817.756 INFO             PET0 !!!     THIS MAY CAUSE SLOWDOWN IN PERFORMANCE     !!!
20241016 023817.756 INFO             PET0 !!! FOR PRODUCTION RUNS, USE:                      !!!
20241016 023817.756 INFO             PET0 !!!                   ESMF_LOGKIND_Multi_On_Error  !!!
20241016 023817.756 INFO             PET0 !!!!!!!!!!!!!!!!!!!!!!!!!!!!!!!!!!!!!!!!!!!!!!!!!!!!!!
20241016 023817.756 INFO             PET0 Running with ESMF Version   : v8.8.0b01-2-g867c30314c
20241016 023817.756 INFO             PET0 ESMF library build date/time: "Oct 16 2024" "01:54:09"
20241016 023817.756 INFO             PET0 ESMF library build location : /glade/derecho/scratch/sacks/esmf-testing/intel_2023.2.1_mpi_O_develop/esmf
20241016 023817.756 INFO             PET0 ESMF_COMM                   : mpi
20241016 023817.756 INFO             PET0 ESMF_MOAB                   : enabled
20241016 023817.756 INFO             PET0 ESMF_LAPACK                 : enabled
20241016 023817.756 INFO             PET0 ESMF_NETCDF                 : enabled
20241016 023817.756 INFO             PET0 ESMF_PNETCDF                : disabled
20241016 023817.756 INFO             PET0 ESMF_PIO                    : enabled
20241016 023817.756 INFO             PET0 ESMF_YAMLCPP                : enabled
20241016 023817.757 INFO             PET0  NUMBER_OF_PROCESSORS           1
20241016 023817.757 INFO             PET0  PASS  Example ESMF_TimeEx, ESMF_TimeEx.F90, line 141
20241016 023817.757 INFO             PET0  Finalizing ESMF
