2024-10-15 01:54:24
20241015 023640.096 INFO             PET0 !!!!!!!!!!!!!!!!!!!!!!!!!!!!!!!!!!!!!!!!!!!!!!!!!!!!!!
20241015 023640.096 INFO             PET0 !!! THE ESMF_LOG IS SET TO OUTPUT ALL LOG MESSAGES !!!
20241015 023640.096 INFO             PET0 !!!     THIS MAY CAUSE SLOWDOWN IN PERFORMANCE     !!!
20241015 023640.096 INFO             PET0 !!! FOR PRODUCTION RUNS, USE:                      !!!
20241015 023640.096 INFO             PET0 !!!                   ESMF_LOGKIND_Multi_On_Error  !!!
20241015 023640.096 INFO             PET0 !!!!!!!!!!!!!!!!!!!!!!!!!!!!!!!!!!!!!!!!!!!!!!!!!!!!!!
20241015 023640.096 INFO             PET0 Running with ESMF Version   : v8.8.0b01
20241015 023640.096 INFO             PET0 ESMF library build date/time: "Oct 15 2024" "01:51:51"
20241015 023640.096 INFO             PET0 ESMF library build location : /glade/derecho/scratch/sacks/esmf-testing/intel_2023.2.1_mpi_O_develop/esmf
20241015 023640.096 INFO             PET0 ESMF_COMM                   : mpi
20241015 023640.096 INFO             PET0 ESMF_MOAB                   : enabled
20241015 023640.096 INFO             PET0 ESMF_LAPACK                 : enabled
20241015 023640.096 INFO             PET0 ESMF_NETCDF                 : enabled
20241015 023640.096 INFO             PET0 ESMF_PNETCDF                : disabled
20241015 023640.096 INFO             PET0 ESMF_PIO                    : enabled
20241015 023640.096 INFO             PET0 ESMF_YAMLCPP                : enabled
20241015 023640.124 DEBUG            PET0 about to destroy Grid: 0x8ccff0
20241015 023640.127 DEBUG            PET0 about to destroy Grid: 0x8d0240
20241015 023640.135 INFO             PET0  NUMBER_OF_PROCESSORS           4
20241015 023640.135 INFO             PET0  PASS  Example ESMF_NUOPCAtmModelEx, ESMF_NUOPCAtmModelEx.F90, line 806
20241015 023640.135 INFO             PET0  Finalizing ESMF
20241015 023640.096 INFO             PET1 !!!!!!!!!!!!!!!!!!!!!!!!!!!!!!!!!!!!!!!!!!!!!!!!!!!!!!
20241015 023640.096 INFO             PET1 !!! THE ESMF_LOG IS SET TO OUTPUT ALL LOG MESSAGES !!!
20241015 023640.096 INFO             PET1 !!!     THIS MAY CAUSE SLOWDOWN IN PERFORMANCE     !!!
20241015 023640.096 INFO             PET1 !!! FOR PRODUCTION RUNS, USE:                      !!!
20241015 023640.096 INFO             PET1 !!!                   ESMF_LOGKIND_Multi_On_Error  !!!
20241015 023640.096 INFO             PET1 !!!!!!!!!!!!!!!!!!!!!!!!!!!!!!!!!!!!!!!!!!!!!!!!!!!!!!
20241015 023640.096 INFO             PET1 Running with ESMF Version   : v8.8.0b01
20241015 023640.096 INFO             PET1 ESMF library build date/time: "Oct 15 2024" "01:51:51"
20241015 023640.096 INFO             PET1 ESMF library build location : /glade/derecho/scratch/sacks/esmf-testing/intel_2023.2.1_mpi_O_develop/esmf
20241015 023640.096 INFO             PET1 ESMF_COMM                   : mpi
20241015 023640.096 INFO             PET1 ESMF_MOAB                   : enabled
20241015 023640.096 INFO             PET1 ESMF_LAPACK                 : enabled
20241015 023640.096 INFO             PET1 ESMF_NETCDF                 : enabled
20241015 023640.096 INFO             PET1 ESMF_PNETCDF                : disabled
20241015 023640.096 INFO             PET1 ESMF_PIO                    : enabled
20241015 023640.096 INFO             PET1 ESMF_YAMLCPP                : enabled
20241015 023640.124 DEBUG            PET1 about to destroy Grid: 0x8cc1a0
20241015 023640.127 DEBUG            PET1 about to destroy Grid: 0x8cd150
20241015 023640.135 INFO             PET1  NUMBER_OF_PROCESSORS           4
20241015 023640.135 INFO             PET1  PASS  Example ESMF_NUOPCAtmModelEx, ESMF_NUOPCAtmModelEx.F90, line 806
20241015 023640.135 INFO             PET1  Finalizing ESMF
20241015 023640.095 INFO             PET2 !!!!!!!!!!!!!!!!!!!!!!!!!!!!!!!!!!!!!!!!!!!!!!!!!!!!!!
20241015 023640.095 INFO             PET2 !!! THE ESMF_LOG IS SET TO OUTPUT ALL LOG MESSAGES !!!
20241015 023640.095 INFO             PET2 !!!     THIS MAY CAUSE SLOWDOWN IN PERFORMANCE     !!!
20241015 023640.095 INFO             PET2 !!! FOR PRODUCTION RUNS, USE:                      !!!
20241015 023640.095 INFO             PET2 !!!                   ESMF_LOGKIND_Multi_On_Error  !!!
20241015 023640.095 INFO             PET2 !!!!!!!!!!!!!!!!!!!!!!!!!!!!!!!!!!!!!!!!!!!!!!!!!!!!!!
20241015 023640.095 INFO             PET2 Running with ESMF Version   : v8.8.0b01
20241015 023640.095 INFO             PET2 ESMF library build date/time: "Oct 15 2024" "01:51:51"
20241015 023640.095 INFO             PET2 ESMF library build location : /glade/derecho/scratch/sacks/esmf-testing/intel_2023.2.1_mpi_O_develop/esmf
20241015 023640.095 INFO             PET2 ESMF_COMM                   : mpi
20241015 023640.096 INFO             PET2 ESMF_MOAB                   : enabled
20241015 023640.096 INFO             PET2 ESMF_LAPACK                 : enabled
20241015 023640.096 INFO             PET2 ESMF_NETCDF                 : enabled
20241015 023640.096 INFO             PET2 ESMF_PNETCDF                : disabled
20241015 023640.096 INFO             PET2 ESMF_PIO                    : enabled
20241015 023640.096 INFO             PET2 ESMF_YAMLCPP                : enabled
20241015 023640.124 DEBUG            PET2 about to destroy Grid: 0x8cc0d0
20241015 023640.127 DEBUG            PET2 about to destroy Grid: 0x8cd080
20241015 023640.135 INFO             PET2  NUMBER_OF_PROCESSORS           4
20241015 023640.135 INFO             PET2  PASS  Example ESMF_NUOPCAtmModelEx, ESMF_NUOPCAtmModelEx.F90, line 806
20241015 023640.135 INFO             PET2  Finalizing ESMF
20241015 023640.095 INFO             PET3 !!!!!!!!!!!!!!!!!!!!!!!!!!!!!!!!!!!!!!!!!!!!!!!!!!!!!!
20241015 023640.095 INFO             PET3 !!! THE ESMF_LOG IS SET TO OUTPUT ALL LOG MESSAGES !!!
20241015 023640.095 INFO             PET3 !!!     THIS MAY CAUSE SLOWDOWN IN PERFORMANCE     !!!
20241015 023640.095 INFO             PET3 !!! FOR PRODUCTION RUNS, USE:                      !!!
20241015 023640.095 INFO             PET3 !!!                   ESMF_LOGKIND_Multi_On_Error  !!!
20241015 023640.095 INFO             PET3 !!!!!!!!!!!!!!!!!!!!!!!!!!!!!!!!!!!!!!!!!!!!!!!!!!!!!!
20241015 023640.095 INFO             PET3 Running with ESMF Version   : v8.8.0b01
20241015 023640.095 INFO             PET3 ESMF library build date/time: "Oct 15 2024" "01:51:51"
20241015 023640.095 INFO             PET3 ESMF library build location : /glade/derecho/scratch/sacks/esmf-testing/intel_2023.2.1_mpi_O_develop/esmf
20241015 023640.095 INFO             PET3 ESMF_COMM                   : mpi
20241015 023640.096 INFO             PET3 ESMF_MOAB                   : enabled
20241015 023640.096 INFO             PET3 ESMF_LAPACK                 : enabled
20241015 023640.096 INFO             PET3 ESMF_NETCDF                 : enabled
20241015 023640.096 INFO             PET3 ESMF_PNETCDF                : disabled
20241015 023640.096 INFO             PET3 ESMF_PIO                    : enabled
20241015 023640.096 INFO             PET3 ESMF_YAMLCPP                : enabled
20241015 023640.124 DEBUG            PET3 about to destroy Grid: 0x8cc1b0
20241015 023640.127 DEBUG            PET3 about to destroy Grid: 0x8cd160
20241015 023640.135 INFO             PET3  NUMBER_OF_PROCESSORS           4
20241015 023640.135 INFO             PET3  PASS  Example ESMF_NUOPCAtmModelEx, ESMF_NUOPCAtmModelEx.F90, line 806
20241015 023640.135 INFO             PET3  Finalizing ESMF
