2024-10-16 07:35:08
20241016 080904.719 INFO             PET0 !!!!!!!!!!!!!!!!!!!!!!!!!!!!!!!!!!!!!!!!!!!!!!!!!!!!!!
20241016 080904.719 INFO             PET0 !!! THE ESMF_LOG IS SET TO OUTPUT ALL LOG MESSAGES !!!
20241016 080904.719 INFO             PET0 !!!     THIS MAY CAUSE SLOWDOWN IN PERFORMANCE     !!!
20241016 080904.719 INFO             PET0 !!! FOR PRODUCTION RUNS, USE:                      !!!
20241016 080904.719 INFO             PET0 !!!                   ESMF_LOGKIND_Multi_On_Error  !!!
20241016 080904.719 INFO             PET0 !!!!!!!!!!!!!!!!!!!!!!!!!!!!!!!!!!!!!!!!!!!!!!!!!!!!!!
20241016 080904.719 INFO             PET0 Running with ESMF Version   : v8.8.0b01-2-g867c30314c
20241016 080904.719 INFO             PET0 ESMF library build date/time: "Oct 16 2024" "07:32:29"
20241016 080904.719 INFO             PET0 ESMF library build location : /scratch2/NCEPDEV/stmp1/Gerhard.Theurich/ESMF-Nightly-Testing/intel_2023.2.0-oneAPI_mpiuni_O_develop/esmf
20241016 080904.719 INFO             PET0 ESMF_COMM                   : mpiuni
20241016 080904.720 INFO             PET0 ESMF_MOAB                   : enabled
20241016 080904.720 INFO             PET0 ESMF_LAPACK                 : enabled
20241016 080904.720 INFO             PET0 ESMF_NETCDF                 : enabled
20241016 080904.720 INFO             PET0 ESMF_PNETCDF                : disabled
20241016 080904.720 INFO             PET0 ESMF_PIO                    : enabled
20241016 080904.720 INFO             PET0 ESMF_YAMLCPP                : enabled
20241016 080904.724 INFO             PET0  NUMBER_OF_PROCESSORS           1
20241016 080904.724 INFO             PET0  PASS  Example ESMF_AppMainEx, ESMF_AppMainEx.F90, line 486
20241016 080904.724 INFO             PET0  Finalizing ESMF
