2025-05-10 07:47:17
20250510 082131.196 INFO             PET0 !!!!!!!!!!!!!!!!!!!!!!!!!!!!!!!!!!!!!!!!!!!!!!!!!!!!!!
20250510 082131.196 INFO             PET0 !!! THE ESMF_LOG IS SET TO OUTPUT ALL LOG MESSAGES !!!
20250510 082131.196 INFO             PET0 !!!     THIS MAY CAUSE SLOWDOWN IN PERFORMANCE     !!!
20250510 082131.196 INFO             PET0 !!! FOR PRODUCTION RUNS, USE:                      !!!
20250510 082131.196 INFO             PET0 !!!                   ESMF_LOGKIND_Multi_On_Error  !!!
20250510 082131.196 INFO             PET0 !!!!!!!!!!!!!!!!!!!!!!!!!!!!!!!!!!!!!!!!!!!!!!!!!!!!!!
20250510 082131.196 INFO             PET0 Running with ESMF Version   : v8.9.0b08-9-gea72ab2180
20250510 082131.196 INFO             PET0 ESMF library build date/time: "May 10 2025" "07:44:53"
20250510 082131.196 INFO             PET0 ESMF library build location : /scratch2/NCEPDEV/stmp1/Gerhard.Theurich/ESMF-Nightly-Testing/intel_2023.2.0-oneAPI_mpiuni_O_develop/esmf
20250510 082131.196 INFO             PET0 ESMF_COMM                   : mpiuni
20250510 082131.197 INFO             PET0 ESMF_MOAB                   : enabled
20250510 082131.197 INFO             PET0 ESMF_LAPACK                 : enabled
20250510 082131.197 INFO             PET0 ESMF_NETCDF                 : enabled
20250510 082131.197 INFO             PET0 ESMF_PNETCDF                : disabled
20250510 082131.197 INFO             PET0 ESMF_PIO                    : enabled
20250510 082131.197 INFO             PET0 ESMF_YAMLCPP                : enabled
20250510 082131.198 INFO             PET0  NUMBER_OF_PROCESSORS           1
20250510 082131.198 INFO             PET0  PASS  Example ESMF_SCompEx, ESMF_SCompEx.F90, line 385
20250510 082131.198 INFO             PET0  Finalizing ESMF
