2024-10-10 07:38:09
20241010 081943.946 INFO             PET0 !!!!!!!!!!!!!!!!!!!!!!!!!!!!!!!!!!!!!!!!!!!!!!!!!!!!!!
20241010 081943.947 INFO             PET0 !!! THE ESMF_LOG IS SET TO OUTPUT ALL LOG MESSAGES !!!
20241010 081943.947 INFO             PET0 !!!     THIS MAY CAUSE SLOWDOWN IN PERFORMANCE     !!!
20241010 081943.947 INFO             PET0 !!! FOR PRODUCTION RUNS, USE:                      !!!
20241010 081943.947 INFO             PET0 !!!                   ESMF_LOGKIND_Multi_On_Error  !!!
20241010 081943.947 INFO             PET0 !!!!!!!!!!!!!!!!!!!!!!!!!!!!!!!!!!!!!!!!!!!!!!!!!!!!!!
20241010 081943.947 INFO             PET0 Running with ESMF Version   : v8.8.0b00-12-g0d4b825343
20241010 081943.947 INFO             PET0 ESMF library build date/time: "Oct 10 2024" "07:34:03"
20241010 081943.947 INFO             PET0 ESMF library build location : /scratch2/NCEPDEV/stmp1/Gerhard.Theurich/ESMF-Nightly-Testing/intel_2023.2.0-oneAPI_mpiuni_O_develop/esmf
20241010 081943.947 INFO             PET0 ESMF_COMM                   : mpiuni
20241010 081943.948 INFO             PET0 ESMF_MOAB                   : enabled
20241010 081943.948 INFO             PET0 ESMF_LAPACK                 : enabled
20241010 081943.948 INFO             PET0 ESMF_NETCDF                 : enabled
20241010 081943.948 INFO             PET0 ESMF_PNETCDF                : disabled
20241010 081943.948 INFO             PET0 ESMF_PIO                    : enabled
20241010 081943.948 INFO             PET0 ESMF_YAMLCPP                : enabled
20241010 081943.949 INFO             PET0  NUMBER_OF_PROCESSORS           1
20241010 081943.949 INFO             PET0  PASS  Example CalendarEx, ESMF_CalendarEx.F90, line 217
20241010 081943.949 INFO             PET0  Finalizing ESMF
