2024-10-09 07:34:56
20241009 080356.355 INFO             PET0 !!!!!!!!!!!!!!!!!!!!!!!!!!!!!!!!!!!!!!!!!!!!!!!!!!!!!!
20241009 080356.355 INFO             PET0 !!! THE ESMF_LOG IS SET TO OUTPUT ALL LOG MESSAGES !!!
20241009 080356.355 INFO             PET0 !!!     THIS MAY CAUSE SLOWDOWN IN PERFORMANCE     !!!
20241009 080356.355 INFO             PET0 !!! FOR PRODUCTION RUNS, USE:                      !!!
20241009 080356.355 INFO             PET0 !!!                   ESMF_LOGKIND_Multi_On_Error  !!!
20241009 080356.355 INFO             PET0 !!!!!!!!!!!!!!!!!!!!!!!!!!!!!!!!!!!!!!!!!!!!!!!!!!!!!!
20241009 080356.355 INFO             PET0 Running with ESMF Version   : v8.8.0b00-12-g0d4b825343
20241009 080356.355 INFO             PET0 ESMF library build date/time: "Oct  9 2024" "07:32:23"
20241009 080356.355 INFO             PET0 ESMF library build location : /scratch2/NCEPDEV/stmp1/Gerhard.Theurich/ESMF-Nightly-Testing/intel_2023.2.0-oneAPI_mpiuni_O_develop/esmf
20241009 080356.355 INFO             PET0 ESMF_COMM                   : mpiuni
20241009 080356.356 INFO             PET0 ESMF_MOAB                   : enabled
20241009 080356.356 INFO             PET0 ESMF_LAPACK                 : enabled
20241009 080356.356 INFO             PET0 ESMF_NETCDF                 : enabled
20241009 080356.356 INFO             PET0 ESMF_PNETCDF                : disabled
20241009 080356.356 INFO             PET0 ESMF_PIO                    : enabled
20241009 080356.356 INFO             PET0 ESMF_YAMLCPP                : enabled
20241009 080356.357 INFO             PET0 Log Write 2
20241009 080356.357 ERROR            PET0 Invalid object  - Convergence failure
20241009 080356.357 ERROR            PET0 ESMCI_Time.C:866 ESMCI::Time::syncToRealTime() Wrong argument specified  - ; calkindflag is NOCALENDAR. Only GREGORIAN and JULIAN are supported when syncing to real time.
20241009 080356.357 ERROR            PET0 ESMF_Time.F90:1485 ESMF_TimeSyncToRealTime() Wrong argument specified  - Internal subroutine call returned Error
20241009 080356.357 ERROR            PET0 Wrong argument specified  - getting wall clock time
20241009 080356.358 INFO             PET0  NUMBER_OF_PROCESSORS           1
20241009 080356.359 INFO             PET0  PASS  Example ESMF_LogErrEx, ESMF_LogErrEx.F90, line 186
20241009 080356.359 INFO             PET0  Finalizing ESMF
