2025-05-08 07:43:11
20250508 082035.886 INFO             PET0 !!!!!!!!!!!!!!!!!!!!!!!!!!!!!!!!!!!!!!!!!!!!!!!!!!!!!!
20250508 082035.886 INFO             PET0 !!! THE ESMF_LOG IS SET TO OUTPUT ALL LOG MESSAGES !!!
20250508 082035.886 INFO             PET0 !!!     THIS MAY CAUSE SLOWDOWN IN PERFORMANCE     !!!
20250508 082035.886 INFO             PET0 !!! FOR PRODUCTION RUNS, USE:                      !!!
20250508 082035.886 INFO             PET0 !!!                   ESMF_LOGKIND_Multi_On_Error  !!!
20250508 082035.886 INFO             PET0 !!!!!!!!!!!!!!!!!!!!!!!!!!!!!!!!!!!!!!!!!!!!!!!!!!!!!!
20250508 082035.886 INFO             PET0 Running with ESMF Version   : v8.9.0b08-5-g079ca68fdc
20250508 082035.886 INFO             PET0 ESMF library build date/time: "May  8 2025" "07:40:43"
20250508 082035.886 INFO             PET0 ESMF library build location : /scratch2/NCEPDEV/stmp1/Gerhard.Theurich/ESMF-Nightly-Testing/intel_2023.2.0-oneAPI_mpiuni_O_develop/esmf
20250508 082035.886 INFO             PET0 ESMF_COMM                   : mpiuni
20250508 082035.887 INFO             PET0 ESMF_MOAB                   : enabled
20250508 082035.887 INFO             PET0 ESMF_LAPACK                 : enabled
20250508 082035.887 INFO             PET0 ESMF_NETCDF                 : enabled
20250508 082035.887 INFO             PET0 ESMF_PNETCDF                : disabled
20250508 082035.887 INFO             PET0 ESMF_PIO                    : enabled
20250508 082035.887 INFO             PET0 ESMF_YAMLCPP                : enabled
20250508 082035.887 INFO             PET0 ESMF Tracing Enabled
20250508 082035.887 INFO             PET0 ESMF Profiling Enabled
20250508 082035.887 INFO             PET0 ESMF Trace/Profile clock: REALTIME
20250508 082035.890 INFO             PET0  NUMBER_OF_PROCESSORS           1
20250508 082035.890 INFO             PET0  PASS  Example ESMF_TraceEx, ESMF_TraceEx.F90, line 178
20250508 082035.890 INFO             PET0  Finalizing ESMF
20250508 082035.890 INFO             PET0 **************** Region Timings *******************
20250508 082035.890 INFO             PET0 Region              Count  Total (s)   Self (s)    Mean (s)    Min (s)     Max (s)
20250508 082035.890 INFO             PET0   [ESMF]            1      0.0012      0.0012      0.0012      0.0012      0.0012
20250508 082035.890 INFO             PET0     [test] Run 1    5      0.0000      0.0000      0.0000      0.0000      0.0000
20250508 082035.890 INFO             PET0     [test] Init 1   1      0.0000      0.0000      0.0000      0.0000      0.0000
20250508 082035.890 INFO             PET0     [test] Final 1  1      0.0000      0.0000      0.0000      0.0000      0.0000
