2024-10-14 07:31:55
20241014 080447.204 INFO             PET0 !!!!!!!!!!!!!!!!!!!!!!!!!!!!!!!!!!!!!!!!!!!!!!!!!!!!!!
20241014 080447.204 INFO             PET0 !!! THE ESMF_LOG IS SET TO OUTPUT ALL LOG MESSAGES !!!
20241014 080447.204 INFO             PET0 !!!     THIS MAY CAUSE SLOWDOWN IN PERFORMANCE     !!!
20241014 080447.204 INFO             PET0 !!! FOR PRODUCTION RUNS, USE:                      !!!
20241014 080447.204 INFO             PET0 !!!                   ESMF_LOGKIND_Multi_On_Error  !!!
20241014 080447.204 INFO             PET0 !!!!!!!!!!!!!!!!!!!!!!!!!!!!!!!!!!!!!!!!!!!!!!!!!!!!!!
20241014 080447.204 INFO             PET0 Running with ESMF Version   : v8.8.0b01
20241014 080447.204 INFO             PET0 ESMF library build date/time: "Oct 14 2024" "07:29:20"
20241014 080447.204 INFO             PET0 ESMF library build location : /scratch2/NCEPDEV/stmp1/Gerhard.Theurich/ESMF-Nightly-Testing/intel_2023.2.0-oneAPI_mpiuni_O_develop/esmf
20241014 080447.204 INFO             PET0 ESMF_COMM                   : mpiuni
20241014 080447.205 INFO             PET0 ESMF_MOAB                   : enabled
20241014 080447.205 INFO             PET0 ESMF_LAPACK                 : enabled
20241014 080447.205 INFO             PET0 ESMF_NETCDF                 : enabled
20241014 080447.205 INFO             PET0 ESMF_PNETCDF                : disabled
20241014 080447.205 INFO             PET0 ESMF_PIO                    : enabled
20241014 080447.205 INFO             PET0 ESMF_YAMLCPP                : enabled
20241014 080447.225 DEBUG            PET0 about to destroy Grid: 0x234bf10
20241014 080447.228 DEBUG            PET0 about to destroy Grid: 0x234cfa0
20241014 080447.235 INFO             PET0  NUMBER_OF_PROCESSORS           1
20241014 080447.235 INFO             PET0  PASS  Example ESMF_NUOPCAtmModelEx, ESMF_NUOPCAtmModelEx.F90, line 806
20241014 080447.235 INFO             PET0  Finalizing ESMF
