2025-05-08 07:43:11
20250508 082217.567 INFO             PET0 !!!!!!!!!!!!!!!!!!!!!!!!!!!!!!!!!!!!!!!!!!!!!!!!!!!!!!
20250508 082217.567 INFO             PET0 !!! THE ESMF_LOG IS SET TO OUTPUT ALL LOG MESSAGES !!!
20250508 082217.567 INFO             PET0 !!!     THIS MAY CAUSE SLOWDOWN IN PERFORMANCE     !!!
20250508 082217.567 INFO             PET0 !!! FOR PRODUCTION RUNS, USE:                      !!!
20250508 082217.567 INFO             PET0 !!!                   ESMF_LOGKIND_Multi_On_Error  !!!
20250508 082217.567 INFO             PET0 !!!!!!!!!!!!!!!!!!!!!!!!!!!!!!!!!!!!!!!!!!!!!!!!!!!!!!
20250508 082217.567 INFO             PET0 Running with ESMF Version   : v8.9.0b08-5-g079ca68fdc
20250508 082217.567 INFO             PET0 ESMF library build date/time: "May  8 2025" "07:40:43"
20250508 082217.567 INFO             PET0 ESMF library build location : /scratch2/NCEPDEV/stmp1/Gerhard.Theurich/ESMF-Nightly-Testing/intel_2023.2.0-oneAPI_mpiuni_O_develop/esmf
20250508 082217.567 INFO             PET0 ESMF_COMM                   : mpiuni
20250508 082217.568 INFO             PET0 ESMF_MOAB                   : enabled
20250508 082217.568 INFO             PET0 ESMF_LAPACK                 : enabled
20250508 082217.568 INFO             PET0 ESMF_NETCDF                 : enabled
20250508 082217.568 INFO             PET0 ESMF_PNETCDF                : disabled
20250508 082217.568 INFO             PET0 ESMF_PIO                    : enabled
20250508 082217.568 INFO             PET0 ESMF_YAMLCPP                : enabled
20250508 082217.572 INFO             PET0  NUMBER_OF_PROCESSORS           1
20250508 082217.572 INFO             PET0  PASS  Example ESMF_CplEx, ESMF_CplEx.F90, line 457
20250508 082217.572 INFO             PET0  Finalizing ESMF
