2024-10-15 02:47:33
20241015 033857.213 INFO             PET0 !!!!!!!!!!!!!!!!!!!!!!!!!!!!!!!!!!!!!!!!!!!!!!!!!!!!!!
20241015 033857.213 INFO             PET0 !!! THE ESMF_LOG IS SET TO OUTPUT ALL LOG MESSAGES !!!
20241015 033857.213 INFO             PET0 !!!     THIS MAY CAUSE SLOWDOWN IN PERFORMANCE     !!!
20241015 033857.213 INFO             PET0 !!! FOR PRODUCTION RUNS, USE:                      !!!
20241015 033857.213 INFO             PET0 !!!                   ESMF_LOGKIND_Multi_On_Error  !!!
20241015 033857.213 INFO             PET0 !!!!!!!!!!!!!!!!!!!!!!!!!!!!!!!!!!!!!!!!!!!!!!!!!!!!!!
20241015 033857.213 INFO             PET0 Running with ESMF Version   : v8.8.0b01
20241015 033857.213 INFO             PET0 ESMF library build date/time: "Oct 15 2024" "02:44:01"
20241015 033857.213 INFO             PET0 ESMF library build location : /work/noaa/da/mpotts/sandbox/intel_2020.2.1_intelmpi_O_develop/esmf
20241015 033857.213 INFO             PET0 ESMF_COMM                   : intelmpi
20241015 033857.214 INFO             PET0 ESMF_MOAB                   : enabled
20241015 033857.214 INFO             PET0 ESMF_LAPACK                 : enabled
20241015 033857.214 INFO             PET0 ESMF_NETCDF                 : enabled
20241015 033857.214 INFO             PET0 ESMF_PNETCDF                : disabled
20241015 033857.214 INFO             PET0 ESMF_PIO                    : enabled
20241015 033857.214 INFO             PET0 ESMF_YAMLCPP                : enabled
20241015 033857.216 INFO             PET0  NUMBER_OF_PROCESSORS           1
20241015 033857.216 INFO             PET0  PASS  Example ESMF_AlarmEx, ESMF_AlarmEx.F90, line 244
20241015 033857.216 INFO             PET0  Finalizing ESMF
