2024-10-09 02:48:51
20241009 034117.150 INFO             PET0 !!!!!!!!!!!!!!!!!!!!!!!!!!!!!!!!!!!!!!!!!!!!!!!!!!!!!!
20241009 034117.150 INFO             PET0 !!! THE ESMF_LOG IS SET TO OUTPUT ALL LOG MESSAGES !!!
20241009 034117.150 INFO             PET0 !!!     THIS MAY CAUSE SLOWDOWN IN PERFORMANCE     !!!
20241009 034117.150 INFO             PET0 !!! FOR PRODUCTION RUNS, USE:                      !!!
20241009 034117.150 INFO             PET0 !!!                   ESMF_LOGKIND_Multi_On_Error  !!!
20241009 034117.150 INFO             PET0 !!!!!!!!!!!!!!!!!!!!!!!!!!!!!!!!!!!!!!!!!!!!!!!!!!!!!!
20241009 034117.150 INFO             PET0 Running with ESMF Version   : v8.8.0b00-12-g0d4b825343
20241009 034117.150 INFO             PET0 ESMF library build date/time: "Oct  9 2024" "02:45:15"
20241009 034117.150 INFO             PET0 ESMF library build location : /work/noaa/da/mpotts/sandbox/intel_2020.2.1_intelmpi_O_develop/esmf
20241009 034117.150 INFO             PET0 ESMF_COMM                   : intelmpi
20241009 034117.150 INFO             PET0 ESMF_MOAB                   : enabled
20241009 034117.150 INFO             PET0 ESMF_LAPACK                 : enabled
20241009 034117.150 INFO             PET0 ESMF_NETCDF                 : enabled
20241009 034117.151 INFO             PET0 ESMF_PNETCDF                : disabled
20241009 034117.151 INFO             PET0 ESMF_PIO                    : enabled
20241009 034117.151 INFO             PET0 ESMF_YAMLCPP                : enabled
20241009 034117.151 INFO             PET0 ESMF Tracing Enabled
20241009 034117.151 INFO             PET0 ESMF Profiling Enabled
20241009 034117.151 INFO             PET0 ESMF Trace/Profile clock: REALTIME
20241009 034117.155 INFO             PET0  NUMBER_OF_PROCESSORS           4
20241009 034117.155 INFO             PET0  PASS  Example ESMF_TraceEx, ESMF_TraceEx.F90, line 178
20241009 034117.155 INFO             PET0  Finalizing ESMF
20241009 034117.155 INFO             PET0 **************** Region Timings *******************
20241009 034117.155 INFO             PET0 Region              Count  Total (s)   Self (s)    Mean (s)    Min (s)     Max (s)
20241009 034117.155 INFO             PET0   [ESMF]            1      0.0018      0.0018      0.0018      0.0018      0.0018
20241009 034117.155 INFO             PET0     [test] Run 1    5      0.0000      0.0000      0.0000      0.0000      0.0000
20241009 034117.155 INFO             PET0     [test] Init 1   1      0.0000      0.0000      0.0000      0.0000      0.0000
20241009 034117.155 INFO             PET0     [test] Final 1  1      0.0000      0.0000      0.0000      0.0000      0.0000
20241009 034117.150 INFO             PET1 !!!!!!!!!!!!!!!!!!!!!!!!!!!!!!!!!!!!!!!!!!!!!!!!!!!!!!
20241009 034117.150 INFO             PET1 !!! THE ESMF_LOG IS SET TO OUTPUT ALL LOG MESSAGES !!!
20241009 034117.150 INFO             PET1 !!!     THIS MAY CAUSE SLOWDOWN IN PERFORMANCE     !!!
20241009 034117.150 INFO             PET1 !!! FOR PRODUCTION RUNS, USE:                      !!!
20241009 034117.150 INFO             PET1 !!!                   ESMF_LOGKIND_Multi_On_Error  !!!
20241009 034117.150 INFO             PET1 !!!!!!!!!!!!!!!!!!!!!!!!!!!!!!!!!!!!!!!!!!!!!!!!!!!!!!
20241009 034117.150 INFO             PET1 Running with ESMF Version   : v8.8.0b00-12-g0d4b825343
20241009 034117.150 INFO             PET1 ESMF library build date/time: "Oct  9 2024" "02:45:15"
20241009 034117.150 INFO             PET1 ESMF library build location : /work/noaa/da/mpotts/sandbox/intel_2020.2.1_intelmpi_O_develop/esmf
20241009 034117.150 INFO             PET1 ESMF_COMM                   : intelmpi
20241009 034117.151 INFO             PET1 ESMF_MOAB                   : enabled
20241009 034117.151 INFO             PET1 ESMF_LAPACK                 : enabled
20241009 034117.151 INFO             PET1 ESMF_NETCDF                 : enabled
20241009 034117.151 INFO             PET1 ESMF_PNETCDF                : disabled
20241009 034117.151 INFO             PET1 ESMF_PIO                    : enabled
20241009 034117.151 INFO             PET1 ESMF_YAMLCPP                : enabled
20241009 034117.151 INFO             PET1 ESMF Tracing Enabled
20241009 034117.151 INFO             PET1 ESMF Profiling Enabled
20241009 034117.151 INFO             PET1 ESMF Trace/Profile clock: REALTIME
20241009 034117.155 INFO             PET1  NUMBER_OF_PROCESSORS           4
20241009 034117.155 INFO             PET1  PASS  Example ESMF_TraceEx, ESMF_TraceEx.F90, line 178
20241009 034117.155 INFO             PET1  Finalizing ESMF
20241009 034117.155 INFO             PET1 **************** Region Timings *******************
20241009 034117.155 INFO             PET1 Region              Count  Total (s)   Self (s)    Mean (s)    Min (s)     Max (s)
20241009 034117.155 INFO             PET1   [ESMF]            1      0.0027      0.0026      0.0027      0.0027      0.0027
20241009 034117.155 INFO             PET1     [test] Init 1   1      0.0001      0.0001      0.0001      0.0001      0.0001
20241009 034117.155 INFO             PET1     [test] Run 1    5      0.0000      0.0000      0.0000      0.0000      0.0000
20241009 034117.155 INFO             PET1     [test] Final 1  1      0.0000      0.0000      0.0000      0.0000      0.0000
20241009 034117.150 INFO             PET2 !!!!!!!!!!!!!!!!!!!!!!!!!!!!!!!!!!!!!!!!!!!!!!!!!!!!!!
20241009 034117.150 INFO             PET2 !!! THE ESMF_LOG IS SET TO OUTPUT ALL LOG MESSAGES !!!
20241009 034117.150 INFO             PET2 !!!     THIS MAY CAUSE SLOWDOWN IN PERFORMANCE     !!!
20241009 034117.150 INFO             PET2 !!! FOR PRODUCTION RUNS, USE:                      !!!
20241009 034117.150 INFO             PET2 !!!                   ESMF_LOGKIND_Multi_On_Error  !!!
20241009 034117.150 INFO             PET2 !!!!!!!!!!!!!!!!!!!!!!!!!!!!!!!!!!!!!!!!!!!!!!!!!!!!!!
20241009 034117.150 INFO             PET2 Running with ESMF Version   : v8.8.0b00-12-g0d4b825343
20241009 034117.150 INFO             PET2 ESMF library build date/time: "Oct  9 2024" "02:45:15"
20241009 034117.150 INFO             PET2 ESMF library build location : /work/noaa/da/mpotts/sandbox/intel_2020.2.1_intelmpi_O_develop/esmf
20241009 034117.150 INFO             PET2 ESMF_COMM                   : intelmpi
20241009 034117.150 INFO             PET2 ESMF_MOAB                   : enabled
20241009 034117.151 INFO             PET2 ESMF_LAPACK                 : enabled
20241009 034117.151 INFO             PET2 ESMF_NETCDF                 : enabled
20241009 034117.151 INFO             PET2 ESMF_PNETCDF                : disabled
20241009 034117.151 INFO             PET2 ESMF_PIO                    : enabled
20241009 034117.151 INFO             PET2 ESMF_YAMLCPP                : enabled
20241009 034117.151 INFO             PET2 ESMF Tracing Enabled
20241009 034117.151 INFO             PET2 ESMF Profiling Enabled
20241009 034117.151 INFO             PET2 ESMF Trace/Profile clock: REALTIME
20241009 034117.155 INFO             PET2  NUMBER_OF_PROCESSORS           4
20241009 034117.155 INFO             PET2  PASS  Example ESMF_TraceEx, ESMF_TraceEx.F90, line 178
20241009 034117.155 INFO             PET2  Finalizing ESMF
20241009 034117.155 INFO             PET2 **************** Region Timings *******************
20241009 034117.155 INFO             PET2 Region              Count  Total (s)   Self (s)    Mean (s)    Min (s)     Max (s)
20241009 034117.155 INFO             PET2   [ESMF]            1      0.0023      0.0022      0.0023      0.0023      0.0023
20241009 034117.155 INFO             PET2     [test] Init 1   1      0.0001      0.0001      0.0001      0.0001      0.0001
20241009 034117.155 INFO             PET2     [test] Run 1    5      0.0000      0.0000      0.0000      0.0000      0.0000
20241009 034117.155 INFO             PET2     [test] Final 1  1      0.0000      0.0000      0.0000      0.0000      0.0000
20241009 034117.150 INFO             PET3 !!!!!!!!!!!!!!!!!!!!!!!!!!!!!!!!!!!!!!!!!!!!!!!!!!!!!!
20241009 034117.151 INFO             PET3 !!! THE ESMF_LOG IS SET TO OUTPUT ALL LOG MESSAGES !!!
20241009 034117.151 INFO             PET3 !!!     THIS MAY CAUSE SLOWDOWN IN PERFORMANCE     !!!
20241009 034117.151 INFO             PET3 !!! FOR PRODUCTION RUNS, USE:                      !!!
20241009 034117.151 INFO             PET3 !!!                   ESMF_LOGKIND_Multi_On_Error  !!!
20241009 034117.151 INFO             PET3 !!!!!!!!!!!!!!!!!!!!!!!!!!!!!!!!!!!!!!!!!!!!!!!!!!!!!!
20241009 034117.151 INFO             PET3 Running with ESMF Version   : v8.8.0b00-12-g0d4b825343
20241009 034117.151 INFO             PET3 ESMF library build date/time: "Oct  9 2024" "02:45:15"
20241009 034117.151 INFO             PET3 ESMF library build location : /work/noaa/da/mpotts/sandbox/intel_2020.2.1_intelmpi_O_develop/esmf
20241009 034117.151 INFO             PET3 ESMF_COMM                   : intelmpi
20241009 034117.151 INFO             PET3 ESMF_MOAB                   : enabled
20241009 034117.151 INFO             PET3 ESMF_LAPACK                 : enabled
20241009 034117.151 INFO             PET3 ESMF_NETCDF                 : enabled
20241009 034117.151 INFO             PET3 ESMF_PNETCDF                : disabled
20241009 034117.151 INFO             PET3 ESMF_PIO                    : enabled
20241009 034117.151 INFO             PET3 ESMF_YAMLCPP                : enabled
20241009 034117.151 INFO             PET3 ESMF Tracing Enabled
20241009 034117.151 INFO             PET3 ESMF Profiling Enabled
20241009 034117.151 INFO             PET3 ESMF Trace/Profile clock: REALTIME
20241009 034117.155 INFO             PET3  NUMBER_OF_PROCESSORS           4
20241009 034117.155 INFO             PET3  PASS  Example ESMF_TraceEx, ESMF_TraceEx.F90, line 178
20241009 034117.155 INFO             PET3  Finalizing ESMF
20241009 034117.155 INFO             PET3 **************** Region Timings *******************
20241009 034117.155 INFO             PET3 Region              Count  Total (s)   Self (s)    Mean (s)    Min (s)     Max (s)
20241009 034117.155 INFO             PET3   [ESMF]            1      0.0025      0.0024      0.0025      0.0025      0.0025
20241009 034117.155 INFO             PET3     [test] Init 1   1      0.0001      0.0001      0.0001      0.0001      0.0001
20241009 034117.155 INFO             PET3     [test] Run 1    5      0.0000      0.0000      0.0000      0.0000      0.0000
20241009 034117.155 INFO             PET3     [test] Final 1  1      0.0000      0.0000      0.0000      0.0000      0.0000
