2024-10-18 02:48:41
20241018 035753.570 INFO             PET0 !!!!!!!!!!!!!!!!!!!!!!!!!!!!!!!!!!!!!!!!!!!!!!!!!!!!!!
20241018 035753.570 INFO             PET0 !!! THE ESMF_LOG IS SET TO OUTPUT ALL LOG MESSAGES !!!
20241018 035753.570 INFO             PET0 !!!     THIS MAY CAUSE SLOWDOWN IN PERFORMANCE     !!!
20241018 035753.570 INFO             PET0 !!! FOR PRODUCTION RUNS, USE:                      !!!
20241018 035753.570 INFO             PET0 !!!                   ESMF_LOGKIND_Multi_On_Error  !!!
20241018 035753.570 INFO             PET0 !!!!!!!!!!!!!!!!!!!!!!!!!!!!!!!!!!!!!!!!!!!!!!!!!!!!!!
20241018 035753.570 INFO             PET0 Running with ESMF Version   : v8.8.0b01-7-gc92d921964
20241018 035753.570 INFO             PET0 ESMF library build date/time: "Oct 18 2024" "02:45:08"
20241018 035753.570 INFO             PET0 ESMF library build location : /work/noaa/da/mpotts/sandbox/intel_2020.2.1_intelmpi_O_develop/esmf
20241018 035753.570 INFO             PET0 ESMF_COMM                   : intelmpi
20241018 035753.570 INFO             PET0 ESMF_MOAB                   : enabled
20241018 035753.570 INFO             PET0 ESMF_LAPACK                 : enabled
20241018 035753.570 INFO             PET0 ESMF_NETCDF                 : enabled
20241018 035753.570 INFO             PET0 ESMF_PNETCDF                : disabled
20241018 035753.570 INFO             PET0 ESMF_PIO                    : enabled
20241018 035753.570 INFO             PET0 ESMF_YAMLCPP                : enabled
20241018 035753.573 INFO             PET0  NUMBER_OF_PROCESSORS           4
20241018 035753.573 INFO             PET0  PASS  Example ESMF_DistGridEx, ESMF_DistGridEx.F90, line 1902
20241018 035753.573 INFO             PET0  Finalizing ESMF
20241018 035753.570 INFO             PET1 !!!!!!!!!!!!!!!!!!!!!!!!!!!!!!!!!!!!!!!!!!!!!!!!!!!!!!
20241018 035753.570 INFO             PET1 !!! THE ESMF_LOG IS SET TO OUTPUT ALL LOG MESSAGES !!!
20241018 035753.570 INFO             PET1 !!!     THIS MAY CAUSE SLOWDOWN IN PERFORMANCE     !!!
20241018 035753.570 INFO             PET1 !!! FOR PRODUCTION RUNS, USE:                      !!!
20241018 035753.570 INFO             PET1 !!!                   ESMF_LOGKIND_Multi_On_Error  !!!
20241018 035753.570 INFO             PET1 !!!!!!!!!!!!!!!!!!!!!!!!!!!!!!!!!!!!!!!!!!!!!!!!!!!!!!
20241018 035753.570 INFO             PET1 Running with ESMF Version   : v8.8.0b01-7-gc92d921964
20241018 035753.570 INFO             PET1 ESMF library build date/time: "Oct 18 2024" "02:45:08"
20241018 035753.570 INFO             PET1 ESMF library build location : /work/noaa/da/mpotts/sandbox/intel_2020.2.1_intelmpi_O_develop/esmf
20241018 035753.570 INFO             PET1 ESMF_COMM                   : intelmpi
20241018 035753.571 INFO             PET1 ESMF_MOAB                   : enabled
20241018 035753.571 INFO             PET1 ESMF_LAPACK                 : enabled
20241018 035753.571 INFO             PET1 ESMF_NETCDF                 : enabled
20241018 035753.571 INFO             PET1 ESMF_PNETCDF                : disabled
20241018 035753.571 INFO             PET1 ESMF_PIO                    : enabled
20241018 035753.571 INFO             PET1 ESMF_YAMLCPP                : enabled
20241018 035753.573 INFO             PET1  NUMBER_OF_PROCESSORS           4
20241018 035753.573 INFO             PET1  PASS  Example ESMF_DistGridEx, ESMF_DistGridEx.F90, line 1902
20241018 035753.573 INFO             PET1  Finalizing ESMF
20241018 035753.570 INFO             PET2 !!!!!!!!!!!!!!!!!!!!!!!!!!!!!!!!!!!!!!!!!!!!!!!!!!!!!!
20241018 035753.571 INFO             PET2 !!! THE ESMF_LOG IS SET TO OUTPUT ALL LOG MESSAGES !!!
20241018 035753.571 INFO             PET2 !!!     THIS MAY CAUSE SLOWDOWN IN PERFORMANCE     !!!
20241018 035753.571 INFO             PET2 !!! FOR PRODUCTION RUNS, USE:                      !!!
20241018 035753.571 INFO             PET2 !!!                   ESMF_LOGKIND_Multi_On_Error  !!!
20241018 035753.571 INFO             PET2 !!!!!!!!!!!!!!!!!!!!!!!!!!!!!!!!!!!!!!!!!!!!!!!!!!!!!!
20241018 035753.571 INFO             PET2 Running with ESMF Version   : v8.8.0b01-7-gc92d921964
20241018 035753.571 INFO             PET2 ESMF library build date/time: "Oct 18 2024" "02:45:08"
20241018 035753.571 INFO             PET2 ESMF library build location : /work/noaa/da/mpotts/sandbox/intel_2020.2.1_intelmpi_O_develop/esmf
20241018 035753.571 INFO             PET2 ESMF_COMM                   : intelmpi
20241018 035753.571 INFO             PET2 ESMF_MOAB                   : enabled
20241018 035753.571 INFO             PET2 ESMF_LAPACK                 : enabled
20241018 035753.571 INFO             PET2 ESMF_NETCDF                 : enabled
20241018 035753.571 INFO             PET2 ESMF_PNETCDF                : disabled
20241018 035753.571 INFO             PET2 ESMF_PIO                    : enabled
20241018 035753.571 INFO             PET2 ESMF_YAMLCPP                : enabled
20241018 035753.573 INFO             PET2  NUMBER_OF_PROCESSORS           4
20241018 035753.573 INFO             PET2  PASS  Example ESMF_DistGridEx, ESMF_DistGridEx.F90, line 1902
20241018 035753.573 INFO             PET2  Finalizing ESMF
20241018 035753.570 INFO             PET3 !!!!!!!!!!!!!!!!!!!!!!!!!!!!!!!!!!!!!!!!!!!!!!!!!!!!!!
20241018 035753.570 INFO             PET3 !!! THE ESMF_LOG IS SET TO OUTPUT ALL LOG MESSAGES !!!
20241018 035753.570 INFO             PET3 !!!     THIS MAY CAUSE SLOWDOWN IN PERFORMANCE     !!!
20241018 035753.570 INFO             PET3 !!! FOR PRODUCTION RUNS, USE:                      !!!
20241018 035753.570 INFO             PET3 !!!                   ESMF_LOGKIND_Multi_On_Error  !!!
20241018 035753.570 INFO             PET3 !!!!!!!!!!!!!!!!!!!!!!!!!!!!!!!!!!!!!!!!!!!!!!!!!!!!!!
20241018 035753.570 INFO             PET3 Running with ESMF Version   : v8.8.0b01-7-gc92d921964
20241018 035753.570 INFO             PET3 ESMF library build date/time: "Oct 18 2024" "02:45:08"
20241018 035753.570 INFO             PET3 ESMF library build location : /work/noaa/da/mpotts/sandbox/intel_2020.2.1_intelmpi_O_develop/esmf
20241018 035753.570 INFO             PET3 ESMF_COMM                   : intelmpi
20241018 035753.571 INFO             PET3 ESMF_MOAB                   : enabled
20241018 035753.571 INFO             PET3 ESMF_LAPACK                 : enabled
20241018 035753.571 INFO             PET3 ESMF_NETCDF                 : enabled
20241018 035753.571 INFO             PET3 ESMF_PNETCDF                : disabled
20241018 035753.571 INFO             PET3 ESMF_PIO                    : enabled
20241018 035753.571 INFO             PET3 ESMF_YAMLCPP                : enabled
20241018 035753.573 INFO             PET3  NUMBER_OF_PROCESSORS           4
20241018 035753.573 INFO             PET3  PASS  Example ESMF_DistGridEx, ESMF_DistGridEx.F90, line 1902
20241018 035753.573 INFO             PET3  Finalizing ESMF
