2024-10-17 02:48:02
20241017 033952.784 INFO             PET0 !!!!!!!!!!!!!!!!!!!!!!!!!!!!!!!!!!!!!!!!!!!!!!!!!!!!!!
20241017 033952.784 INFO             PET0 !!! THE ESMF_LOG IS SET TO OUTPUT ALL LOG MESSAGES !!!
20241017 033952.784 INFO             PET0 !!!     THIS MAY CAUSE SLOWDOWN IN PERFORMANCE     !!!
20241017 033952.784 INFO             PET0 !!! FOR PRODUCTION RUNS, USE:                      !!!
20241017 033952.784 INFO             PET0 !!!                   ESMF_LOGKIND_Multi_On_Error  !!!
20241017 033952.784 INFO             PET0 !!!!!!!!!!!!!!!!!!!!!!!!!!!!!!!!!!!!!!!!!!!!!!!!!!!!!!
20241017 033952.784 INFO             PET0 Running with ESMF Version   : v8.8.0b01-6-g3ed6fcfd2b
20241017 033952.784 INFO             PET0 ESMF library build date/time: "Oct 17 2024" "02:44:27"
20241017 033952.784 INFO             PET0 ESMF library build location : /work/noaa/da/mpotts/sandbox/intel_2020.2.1_intelmpi_O_develop/esmf
20241017 033952.784 INFO             PET0 ESMF_COMM                   : intelmpi
20241017 033952.785 INFO             PET0 ESMF_MOAB                   : enabled
20241017 033952.785 INFO             PET0 ESMF_LAPACK                 : enabled
20241017 033952.785 INFO             PET0 ESMF_NETCDF                 : enabled
20241017 033952.785 INFO             PET0 ESMF_PNETCDF                : disabled
20241017 033952.785 INFO             PET0 ESMF_PIO                    : enabled
20241017 033952.785 INFO             PET0 ESMF_YAMLCPP                : enabled
20241017 033952.785 INFO             PET0  NUMBER_OF_PROCESSORS           1
20241017 033952.785 INFO             PET0  PASS  Example ESMF_TimeIntervalEx, ESMF_TimeIntervalEx.F90, line 176
20241017 033952.785 INFO             PET0  Finalizing ESMF
