2024-10-16 02:47:44
20241016 033858.856 INFO             PET0 !!!!!!!!!!!!!!!!!!!!!!!!!!!!!!!!!!!!!!!!!!!!!!!!!!!!!!
20241016 033858.856 INFO             PET0 !!! THE ESMF_LOG IS SET TO OUTPUT ALL LOG MESSAGES !!!
20241016 033858.856 INFO             PET0 !!!     THIS MAY CAUSE SLOWDOWN IN PERFORMANCE     !!!
20241016 033858.856 INFO             PET0 !!! FOR PRODUCTION RUNS, USE:                      !!!
20241016 033858.856 INFO             PET0 !!!                   ESMF_LOGKIND_Multi_On_Error  !!!
20241016 033858.856 INFO             PET0 !!!!!!!!!!!!!!!!!!!!!!!!!!!!!!!!!!!!!!!!!!!!!!!!!!!!!!
20241016 033858.856 INFO             PET0 Running with ESMF Version   : v8.8.0b01-2-g867c30314c
20241016 033858.856 INFO             PET0 ESMF library build date/time: "Oct 16 2024" "02:44:12"
20241016 033858.856 INFO             PET0 ESMF library build location : /work/noaa/da/mpotts/sandbox/intel_2020.2.1_intelmpi_O_develop/esmf
20241016 033858.856 INFO             PET0 ESMF_COMM                   : intelmpi
20241016 033858.857 INFO             PET0 ESMF_MOAB                   : enabled
20241016 033858.857 INFO             PET0 ESMF_LAPACK                 : enabled
20241016 033858.857 INFO             PET0 ESMF_NETCDF                 : enabled
20241016 033858.857 INFO             PET0 ESMF_PNETCDF                : disabled
20241016 033858.857 INFO             PET0 ESMF_PIO                    : enabled
20241016 033858.857 INFO             PET0 ESMF_YAMLCPP                : enabled
20241016 033858.858 INFO             PET0  NUMBER_OF_PROCESSORS           4
20241016 033858.858 INFO             PET0  PASS  Example ESMF_VMUserMpiCommMultiEx, ESMF_VMUserMpiCommMultiEx.F90, line 126
20241016 033858.858 INFO             PET0  Finalizing ESMF with endflag==ESMF_END_KEEPMPI
20241016 033858.856 INFO             PET0 !!!!!!!!!!!!!!!!!!!!!!!!!!!!!!!!!!!!!!!!!!!!!!!!!!!!!!
20241016 033858.856 INFO             PET0 !!! THE ESMF_LOG IS SET TO OUTPUT ALL LOG MESSAGES !!!
20241016 033858.856 INFO             PET0 !!!     THIS MAY CAUSE SLOWDOWN IN PERFORMANCE     !!!
20241016 033858.856 INFO             PET0 !!! FOR PRODUCTION RUNS, USE:                      !!!
20241016 033858.856 INFO             PET0 !!!                   ESMF_LOGKIND_Multi_On_Error  !!!
20241016 033858.856 INFO             PET0 !!!!!!!!!!!!!!!!!!!!!!!!!!!!!!!!!!!!!!!!!!!!!!!!!!!!!!
20241016 033858.856 INFO             PET0 Running with ESMF Version   : v8.8.0b01-2-g867c30314c
20241016 033858.856 INFO             PET0 ESMF library build date/time: "Oct 16 2024" "02:44:12"
20241016 033858.856 INFO             PET0 ESMF library build location : /work/noaa/da/mpotts/sandbox/intel_2020.2.1_intelmpi_O_develop/esmf
20241016 033858.856 INFO             PET0 ESMF_COMM                   : intelmpi
20241016 033858.857 INFO             PET0 ESMF_MOAB                   : enabled
20241016 033858.857 INFO             PET0 ESMF_LAPACK                 : enabled
20241016 033858.857 INFO             PET0 ESMF_NETCDF                 : enabled
20241016 033858.857 INFO             PET0 ESMF_PNETCDF                : disabled
20241016 033858.857 INFO             PET0 ESMF_PIO                    : enabled
20241016 033858.857 INFO             PET0 ESMF_YAMLCPP                : enabled
20241016 033858.858 INFO             PET0  NUMBER_OF_PROCESSORS           4
20241016 033858.858 INFO             PET0  PASS  Example ESMF_VMUserMpiCommMultiEx, ESMF_VMUserMpiCommMultiEx.F90, line 154
20241016 033858.858 INFO             PET0  Finalizing ESMF with endflag==ESMF_END_KEEPMPI
20241016 033858.857 INFO             PET1 !!!!!!!!!!!!!!!!!!!!!!!!!!!!!!!!!!!!!!!!!!!!!!!!!!!!!!
20241016 033858.857 INFO             PET1 !!! THE ESMF_LOG IS SET TO OUTPUT ALL LOG MESSAGES !!!
20241016 033858.857 INFO             PET1 !!!     THIS MAY CAUSE SLOWDOWN IN PERFORMANCE     !!!
20241016 033858.857 INFO             PET1 !!! FOR PRODUCTION RUNS, USE:                      !!!
20241016 033858.857 INFO             PET1 !!!                   ESMF_LOGKIND_Multi_On_Error  !!!
20241016 033858.857 INFO             PET1 !!!!!!!!!!!!!!!!!!!!!!!!!!!!!!!!!!!!!!!!!!!!!!!!!!!!!!
20241016 033858.857 INFO             PET1 Running with ESMF Version   : v8.8.0b01-2-g867c30314c
20241016 033858.857 INFO             PET1 ESMF library build date/time: "Oct 16 2024" "02:44:12"
20241016 033858.857 INFO             PET1 ESMF library build location : /work/noaa/da/mpotts/sandbox/intel_2020.2.1_intelmpi_O_develop/esmf
20241016 033858.857 INFO             PET1 ESMF_COMM                   : intelmpi
20241016 033858.857 INFO             PET1 ESMF_MOAB                   : enabled
20241016 033858.857 INFO             PET1 ESMF_LAPACK                 : enabled
20241016 033858.857 INFO             PET1 ESMF_NETCDF                 : enabled
20241016 033858.857 INFO             PET1 ESMF_PNETCDF                : disabled
20241016 033858.857 INFO             PET1 ESMF_PIO                    : enabled
20241016 033858.857 INFO             PET1 ESMF_YAMLCPP                : enabled
20241016 033858.858 INFO             PET1  NUMBER_OF_PROCESSORS           4
20241016 033858.858 INFO             PET1  PASS  Example ESMF_VMUserMpiCommMultiEx, ESMF_VMUserMpiCommMultiEx.F90, line 126
20241016 033858.858 INFO             PET1  Finalizing ESMF with endflag==ESMF_END_KEEPMPI
20241016 033858.856 INFO             PET1 !!!!!!!!!!!!!!!!!!!!!!!!!!!!!!!!!!!!!!!!!!!!!!!!!!!!!!
20241016 033858.856 INFO             PET1 !!! THE ESMF_LOG IS SET TO OUTPUT ALL LOG MESSAGES !!!
20241016 033858.856 INFO             PET1 !!!     THIS MAY CAUSE SLOWDOWN IN PERFORMANCE     !!!
20241016 033858.856 INFO             PET1 !!! FOR PRODUCTION RUNS, USE:                      !!!
20241016 033858.856 INFO             PET1 !!!                   ESMF_LOGKIND_Multi_On_Error  !!!
20241016 033858.856 INFO             PET1 !!!!!!!!!!!!!!!!!!!!!!!!!!!!!!!!!!!!!!!!!!!!!!!!!!!!!!
20241016 033858.856 INFO             PET1 Running with ESMF Version   : v8.8.0b01-2-g867c30314c
20241016 033858.856 INFO             PET1 ESMF library build date/time: "Oct 16 2024" "02:44:12"
20241016 033858.856 INFO             PET1 ESMF library build location : /work/noaa/da/mpotts/sandbox/intel_2020.2.1_intelmpi_O_develop/esmf
20241016 033858.856 INFO             PET1 ESMF_COMM                   : intelmpi
20241016 033858.857 INFO             PET1 ESMF_MOAB                   : enabled
20241016 033858.857 INFO             PET1 ESMF_LAPACK                 : enabled
20241016 033858.857 INFO             PET1 ESMF_NETCDF                 : enabled
20241016 033858.857 INFO             PET1 ESMF_PNETCDF                : disabled
20241016 033858.857 INFO             PET1 ESMF_PIO                    : enabled
20241016 033858.857 INFO             PET1 ESMF_YAMLCPP                : enabled
20241016 033858.858 INFO             PET1  NUMBER_OF_PROCESSORS           4
20241016 033858.858 INFO             PET1  PASS  Example ESMF_VMUserMpiCommMultiEx, ESMF_VMUserMpiCommMultiEx.F90, line 154
20241016 033858.858 INFO             PET1  Finalizing ESMF with endflag==ESMF_END_KEEPMPI
