2025-05-08 03:00:07
20250508 040326.260 INFO             PET0 !!!!!!!!!!!!!!!!!!!!!!!!!!!!!!!!!!!!!!!!!!!!!!!!!!!!!!
20250508 040326.260 INFO             PET0 !!! THE ESMF_LOG IS SET TO OUTPUT ALL LOG MESSAGES !!!
20250508 040326.260 INFO             PET0 !!!     THIS MAY CAUSE SLOWDOWN IN PERFORMANCE     !!!
20250508 040326.260 INFO             PET0 !!! FOR PRODUCTION RUNS, USE:                      !!!
20250508 040326.260 INFO             PET0 !!!                   ESMF_LOGKIND_Multi_On_Error  !!!
20250508 040326.260 INFO             PET0 !!!!!!!!!!!!!!!!!!!!!!!!!!!!!!!!!!!!!!!!!!!!!!!!!!!!!!
20250508 040326.260 INFO             PET0 Running with ESMF Version   : v8.9.0b08-5-g079ca68fdc
20250508 040326.260 INFO             PET0 ESMF library build date/time: "May  8 2025" "02:54:26"
20250508 040326.260 INFO             PET0 ESMF library build location : /work/noaa/da/mpotts/sandbox/intel_2020.2.1_intelmpi_O_develop/esmf
20250508 040326.260 INFO             PET0 ESMF_COMM                   : intelmpi
20250508 040326.261 INFO             PET0 ESMF_MOAB                   : enabled
20250508 040326.261 INFO             PET0 ESMF_LAPACK                 : enabled
20250508 040326.261 INFO             PET0 ESMF_NETCDF                 : enabled
20250508 040326.261 INFO             PET0 ESMF_PNETCDF                : disabled
20250508 040326.261 INFO             PET0 ESMF_PIO                    : enabled
20250508 040326.261 INFO             PET0 ESMF_YAMLCPP                : enabled
20250508 040326.266 INFO             PET0  NUMBER_OF_PROCESSORS           1
20250508 040326.266 INFO             PET0  PASS  Example ESMF_XGridSparseMatEx, ESMF_XGridSparseMatEx.F90, line 642
20250508 040326.266 INFO             PET0  Finalizing ESMF
