2024-10-11 02:47:51
20241011 034609.235 INFO             PET0 !!!!!!!!!!!!!!!!!!!!!!!!!!!!!!!!!!!!!!!!!!!!!!!!!!!!!!
20241011 034609.235 INFO             PET0 !!! THE ESMF_LOG IS SET TO OUTPUT ALL LOG MESSAGES !!!
20241011 034609.235 INFO             PET0 !!!     THIS MAY CAUSE SLOWDOWN IN PERFORMANCE     !!!
20241011 034609.235 INFO             PET0 !!! FOR PRODUCTION RUNS, USE:                      !!!
20241011 034609.235 INFO             PET0 !!!                   ESMF_LOGKIND_Multi_On_Error  !!!
20241011 034609.235 INFO             PET0 !!!!!!!!!!!!!!!!!!!!!!!!!!!!!!!!!!!!!!!!!!!!!!!!!!!!!!
20241011 034609.235 INFO             PET0 Running with ESMF Version   : v8.8.0b00-12-g0d4b825343
20241011 034609.235 INFO             PET0 ESMF library build date/time: "Oct 11 2024" "02:44:18"
20241011 034609.235 INFO             PET0 ESMF library build location : /work/noaa/da/mpotts/sandbox/intel_2020.2.1_intelmpi_O_develop/esmf
20241011 034609.235 INFO             PET0 ESMF_COMM                   : intelmpi
20241011 034609.235 INFO             PET0 ESMF_MOAB                   : enabled
20241011 034609.235 INFO             PET0 ESMF_LAPACK                 : enabled
20241011 034609.235 INFO             PET0 ESMF_NETCDF                 : enabled
20241011 034609.235 INFO             PET0 ESMF_PNETCDF                : disabled
20241011 034609.235 INFO             PET0 ESMF_PIO                    : enabled
20241011 034609.235 INFO             PET0 ESMF_YAMLCPP                : enabled
20241011 034609.309 DEBUG            PET0 about to destroy Grid: 0x1cf75b0
20241011 034609.316 DEBUG            PET0 about to destroy Grid: 0x1cf8cd0
20241011 034609.337 INFO             PET0  NUMBER_OF_PROCESSORS           4
20241011 034609.337 INFO             PET0  PASS  Example ESMF_NUOPCAtmModelEx, ESMF_NUOPCAtmModelEx.F90, line 806
20241011 034609.337 INFO             PET0  Finalizing ESMF
20241011 034609.236 INFO             PET1 !!!!!!!!!!!!!!!!!!!!!!!!!!!!!!!!!!!!!!!!!!!!!!!!!!!!!!
20241011 034609.236 INFO             PET1 !!! THE ESMF_LOG IS SET TO OUTPUT ALL LOG MESSAGES !!!
20241011 034609.236 INFO             PET1 !!!     THIS MAY CAUSE SLOWDOWN IN PERFORMANCE     !!!
20241011 034609.236 INFO             PET1 !!! FOR PRODUCTION RUNS, USE:                      !!!
20241011 034609.236 INFO             PET1 !!!                   ESMF_LOGKIND_Multi_On_Error  !!!
20241011 034609.236 INFO             PET1 !!!!!!!!!!!!!!!!!!!!!!!!!!!!!!!!!!!!!!!!!!!!!!!!!!!!!!
20241011 034609.236 INFO             PET1 Running with ESMF Version   : v8.8.0b00-12-g0d4b825343
20241011 034609.236 INFO             PET1 ESMF library build date/time: "Oct 11 2024" "02:44:18"
20241011 034609.236 INFO             PET1 ESMF library build location : /work/noaa/da/mpotts/sandbox/intel_2020.2.1_intelmpi_O_develop/esmf
20241011 034609.236 INFO             PET1 ESMF_COMM                   : intelmpi
20241011 034609.236 INFO             PET1 ESMF_MOAB                   : enabled
20241011 034609.236 INFO             PET1 ESMF_LAPACK                 : enabled
20241011 034609.236 INFO             PET1 ESMF_NETCDF                 : enabled
20241011 034609.236 INFO             PET1 ESMF_PNETCDF                : disabled
20241011 034609.236 INFO             PET1 ESMF_PIO                    : enabled
20241011 034609.236 INFO             PET1 ESMF_YAMLCPP                : enabled
20241011 034609.309 DEBUG            PET1 about to destroy Grid: 0x2869030
20241011 034609.316 DEBUG            PET1 about to destroy Grid: 0x286a2c0
20241011 034609.338 INFO             PET1  NUMBER_OF_PROCESSORS           4
20241011 034609.338 INFO             PET1  PASS  Example ESMF_NUOPCAtmModelEx, ESMF_NUOPCAtmModelEx.F90, line 806
20241011 034609.338 INFO             PET1  Finalizing ESMF
20241011 034609.235 INFO             PET2 !!!!!!!!!!!!!!!!!!!!!!!!!!!!!!!!!!!!!!!!!!!!!!!!!!!!!!
20241011 034609.235 INFO             PET2 !!! THE ESMF_LOG IS SET TO OUTPUT ALL LOG MESSAGES !!!
20241011 034609.235 INFO             PET2 !!!     THIS MAY CAUSE SLOWDOWN IN PERFORMANCE     !!!
20241011 034609.235 INFO             PET2 !!! FOR PRODUCTION RUNS, USE:                      !!!
20241011 034609.235 INFO             PET2 !!!                   ESMF_LOGKIND_Multi_On_Error  !!!
20241011 034609.235 INFO             PET2 !!!!!!!!!!!!!!!!!!!!!!!!!!!!!!!!!!!!!!!!!!!!!!!!!!!!!!
20241011 034609.235 INFO             PET2 Running with ESMF Version   : v8.8.0b00-12-g0d4b825343
20241011 034609.235 INFO             PET2 ESMF library build date/time: "Oct 11 2024" "02:44:18"
20241011 034609.235 INFO             PET2 ESMF library build location : /work/noaa/da/mpotts/sandbox/intel_2020.2.1_intelmpi_O_develop/esmf
20241011 034609.235 INFO             PET2 ESMF_COMM                   : intelmpi
20241011 034609.236 INFO             PET2 ESMF_MOAB                   : enabled
20241011 034609.236 INFO             PET2 ESMF_LAPACK                 : enabled
20241011 034609.236 INFO             PET2 ESMF_NETCDF                 : enabled
20241011 034609.236 INFO             PET2 ESMF_PNETCDF                : disabled
20241011 034609.236 INFO             PET2 ESMF_PIO                    : enabled
20241011 034609.236 INFO             PET2 ESMF_YAMLCPP                : enabled
20241011 034609.309 DEBUG            PET2 about to destroy Grid: 0x2b0f230
20241011 034609.316 DEBUG            PET2 about to destroy Grid: 0x2b104c0
20241011 034609.337 INFO             PET2  NUMBER_OF_PROCESSORS           4
20241011 034609.337 INFO             PET2  PASS  Example ESMF_NUOPCAtmModelEx, ESMF_NUOPCAtmModelEx.F90, line 806
20241011 034609.337 INFO             PET2  Finalizing ESMF
20241011 034609.235 INFO             PET3 !!!!!!!!!!!!!!!!!!!!!!!!!!!!!!!!!!!!!!!!!!!!!!!!!!!!!!
20241011 034609.235 INFO             PET3 !!! THE ESMF_LOG IS SET TO OUTPUT ALL LOG MESSAGES !!!
20241011 034609.235 INFO             PET3 !!!     THIS MAY CAUSE SLOWDOWN IN PERFORMANCE     !!!
20241011 034609.235 INFO             PET3 !!! FOR PRODUCTION RUNS, USE:                      !!!
20241011 034609.235 INFO             PET3 !!!                   ESMF_LOGKIND_Multi_On_Error  !!!
20241011 034609.235 INFO             PET3 !!!!!!!!!!!!!!!!!!!!!!!!!!!!!!!!!!!!!!!!!!!!!!!!!!!!!!
20241011 034609.235 INFO             PET3 Running with ESMF Version   : v8.8.0b00-12-g0d4b825343
20241011 034609.235 INFO             PET3 ESMF library build date/time: "Oct 11 2024" "02:44:18"
20241011 034609.235 INFO             PET3 ESMF library build location : /work/noaa/da/mpotts/sandbox/intel_2020.2.1_intelmpi_O_develop/esmf
20241011 034609.235 INFO             PET3 ESMF_COMM                   : intelmpi
20241011 034609.236 INFO             PET3 ESMF_MOAB                   : enabled
20241011 034609.236 INFO             PET3 ESMF_LAPACK                 : enabled
20241011 034609.236 INFO             PET3 ESMF_NETCDF                 : enabled
20241011 034609.236 INFO             PET3 ESMF_PNETCDF                : disabled
20241011 034609.236 INFO             PET3 ESMF_PIO                    : enabled
20241011 034609.236 INFO             PET3 ESMF_YAMLCPP                : enabled
20241011 034609.309 DEBUG            PET3 about to destroy Grid: 0xdc1170
20241011 034609.316 DEBUG            PET3 about to destroy Grid: 0xdc2400
20241011 034609.337 INFO             PET3  NUMBER_OF_PROCESSORS           4
20241011 034609.337 INFO             PET3  PASS  Example ESMF_NUOPCAtmModelEx, ESMF_NUOPCAtmModelEx.F90, line 806
20241011 034609.337 INFO             PET3  Finalizing ESMF
