2024-10-09 03:43:30
20241009 042922.666 INFO             PET0 !!!!!!!!!!!!!!!!!!!!!!!!!!!!!!!!!!!!!!!!!!!!!!!!!!!!!!
20241009 042922.666 INFO             PET0 !!! THE ESMF_LOG IS SET TO OUTPUT ALL LOG MESSAGES !!!
20241009 042922.666 INFO             PET0 !!!     THIS MAY CAUSE SLOWDOWN IN PERFORMANCE     !!!
20241009 042922.666 INFO             PET0 !!! FOR PRODUCTION RUNS, USE:                      !!!
20241009 042922.666 INFO             PET0 !!!                   ESMF_LOGKIND_Multi_On_Error  !!!
20241009 042922.666 INFO             PET0 !!!!!!!!!!!!!!!!!!!!!!!!!!!!!!!!!!!!!!!!!!!!!!!!!!!!!!
20241009 042922.666 INFO             PET0 Running with ESMF Version   : v8.8.0b00-12-g0d4b825343
20241009 042922.666 INFO             PET0 ESMF library build date/time: "Oct  9 2024" "03:39:45"
20241009 042922.666 INFO             PET0 ESMF library build location : /glade/derecho/scratch/sacks/esmf-testing/cce_15.0.1_mpi_O_develop/esmf
20241009 042922.666 INFO             PET0 ESMF_COMM                   : mpi
20241009 042922.667 INFO             PET0 ESMF_MOAB                   : enabled
20241009 042922.667 INFO             PET0 ESMF_LAPACK                 : enabled
20241009 042922.667 INFO             PET0 ESMF_NETCDF                 : enabled
20241009 042922.667 INFO             PET0 ESMF_PNETCDF                : disabled
20241009 042922.667 INFO             PET0 ESMF_PIO                    : enabled
20241009 042922.667 INFO             PET0 ESMF_YAMLCPP                : enabled
20241009 042922.668 INFO             PET0 ESMF_FieldRedistStoreNF(): Just entered routine.
20241009 042922.669 INFO             PET0 ESMF_FieldRedistStoreNF(): Leaving routine.
20241009 042922.671 INFO             PET0 ESMF_FieldRedistStoreNF(): Just entered routine.
20241009 042922.671 INFO             PET0 ESMF_FieldRedistStoreNF(): Leaving routine.
20241009 042922.671 INFO             PET0 ESMF_FieldRedistStoreNF(): Just entered routine.
20241009 042922.672 INFO             PET0 ESMF_FieldRedistStoreNF(): Leaving routine.
20241009 042922.672 INFO             PET0  NUMBER_OF_PROCESSORS 4
20241009 042922.672 INFO             PET0  PASS  Example ESMF_FieldRedistEx, ESMF_FieldRedistEx.F90, line 521
20241009 042922.672 INFO             PET0  Finalizing ESMF
20241009 042922.667 INFO             PET1 !!!!!!!!!!!!!!!!!!!!!!!!!!!!!!!!!!!!!!!!!!!!!!!!!!!!!!
20241009 042922.667 INFO             PET1 !!! THE ESMF_LOG IS SET TO OUTPUT ALL LOG MESSAGES !!!
20241009 042922.667 INFO             PET1 !!!     THIS MAY CAUSE SLOWDOWN IN PERFORMANCE     !!!
20241009 042922.667 INFO             PET1 !!! FOR PRODUCTION RUNS, USE:                      !!!
20241009 042922.667 INFO             PET1 !!!                   ESMF_LOGKIND_Multi_On_Error  !!!
20241009 042922.667 INFO             PET1 !!!!!!!!!!!!!!!!!!!!!!!!!!!!!!!!!!!!!!!!!!!!!!!!!!!!!!
20241009 042922.667 INFO             PET1 Running with ESMF Version   : v8.8.0b00-12-g0d4b825343
20241009 042922.667 INFO             PET1 ESMF library build date/time: "Oct  9 2024" "03:39:45"
20241009 042922.667 INFO             PET1 ESMF library build location : /glade/derecho/scratch/sacks/esmf-testing/cce_15.0.1_mpi_O_develop/esmf
20241009 042922.667 INFO             PET1 ESMF_COMM                   : mpi
20241009 042922.667 INFO             PET1 ESMF_MOAB                   : enabled
20241009 042922.667 INFO             PET1 ESMF_LAPACK                 : enabled
20241009 042922.667 INFO             PET1 ESMF_NETCDF                 : enabled
20241009 042922.667 INFO             PET1 ESMF_PNETCDF                : disabled
20241009 042922.667 INFO             PET1 ESMF_PIO                    : enabled
20241009 042922.667 INFO             PET1 ESMF_YAMLCPP                : enabled
20241009 042922.668 INFO             PET1 ESMF_FieldRedistStoreNF(): Just entered routine.
20241009 042922.669 INFO             PET1 ESMF_FieldRedistStoreNF(): Leaving routine.
20241009 042922.671 INFO             PET1 ESMF_FieldRedistStoreNF(): Just entered routine.
20241009 042922.671 INFO             PET1 ESMF_FieldRedistStoreNF(): Leaving routine.
20241009 042922.671 INFO             PET1 ESMF_FieldRedistStoreNF(): Just entered routine.
20241009 042922.672 INFO             PET1 ESMF_FieldRedistStoreNF(): Leaving routine.
20241009 042922.672 INFO             PET1  NUMBER_OF_PROCESSORS 4
20241009 042922.672 INFO             PET1  PASS  Example ESMF_FieldRedistEx, ESMF_FieldRedistEx.F90, line 521
20241009 042922.672 INFO             PET1  Finalizing ESMF
20241009 042922.666 INFO             PET2 !!!!!!!!!!!!!!!!!!!!!!!!!!!!!!!!!!!!!!!!!!!!!!!!!!!!!!
20241009 042922.666 INFO             PET2 !!! THE ESMF_LOG IS SET TO OUTPUT ALL LOG MESSAGES !!!
20241009 042922.666 INFO             PET2 !!!     THIS MAY CAUSE SLOWDOWN IN PERFORMANCE     !!!
20241009 042922.666 INFO             PET2 !!! FOR PRODUCTION RUNS, USE:                      !!!
20241009 042922.666 INFO             PET2 !!!                   ESMF_LOGKIND_Multi_On_Error  !!!
20241009 042922.666 INFO             PET2 !!!!!!!!!!!!!!!!!!!!!!!!!!!!!!!!!!!!!!!!!!!!!!!!!!!!!!
20241009 042922.666 INFO             PET2 Running with ESMF Version   : v8.8.0b00-12-g0d4b825343
20241009 042922.666 INFO             PET2 ESMF library build date/time: "Oct  9 2024" "03:39:45"
20241009 042922.666 INFO             PET2 ESMF library build location : /glade/derecho/scratch/sacks/esmf-testing/cce_15.0.1_mpi_O_develop/esmf
20241009 042922.666 INFO             PET2 ESMF_COMM                   : mpi
20241009 042922.667 INFO             PET2 ESMF_MOAB                   : enabled
20241009 042922.667 INFO             PET2 ESMF_LAPACK                 : enabled
20241009 042922.667 INFO             PET2 ESMF_NETCDF                 : enabled
20241009 042922.667 INFO             PET2 ESMF_PNETCDF                : disabled
20241009 042922.667 INFO             PET2 ESMF_PIO                    : enabled
20241009 042922.667 INFO             PET2 ESMF_YAMLCPP                : enabled
20241009 042922.668 INFO             PET2 ESMF_FieldRedistStoreNF(): Just entered routine.
20241009 042922.669 INFO             PET2 ESMF_FieldRedistStoreNF(): Leaving routine.
20241009 042922.671 INFO             PET2 ESMF_FieldRedistStoreNF(): Just entered routine.
20241009 042922.671 INFO             PET2 ESMF_FieldRedistStoreNF(): Leaving routine.
20241009 042922.671 INFO             PET2 ESMF_FieldRedistStoreNF(): Just entered routine.
20241009 042922.672 INFO             PET2 ESMF_FieldRedistStoreNF(): Leaving routine.
20241009 042922.672 INFO             PET2  NUMBER_OF_PROCESSORS 4
20241009 042922.672 INFO             PET2  PASS  Example ESMF_FieldRedistEx, ESMF_FieldRedistEx.F90, line 521
20241009 042922.672 INFO             PET2  Finalizing ESMF
20241009 042922.666 INFO             PET3 !!!!!!!!!!!!!!!!!!!!!!!!!!!!!!!!!!!!!!!!!!!!!!!!!!!!!!
20241009 042922.666 INFO             PET3 !!! THE ESMF_LOG IS SET TO OUTPUT ALL LOG MESSAGES !!!
20241009 042922.666 INFO             PET3 !!!     THIS MAY CAUSE SLOWDOWN IN PERFORMANCE     !!!
20241009 042922.666 INFO             PET3 !!! FOR PRODUCTION RUNS, USE:                      !!!
20241009 042922.666 INFO             PET3 !!!                   ESMF_LOGKIND_Multi_On_Error  !!!
20241009 042922.666 INFO             PET3 !!!!!!!!!!!!!!!!!!!!!!!!!!!!!!!!!!!!!!!!!!!!!!!!!!!!!!
20241009 042922.666 INFO             PET3 Running with ESMF Version   : v8.8.0b00-12-g0d4b825343
20241009 042922.666 INFO             PET3 ESMF library build date/time: "Oct  9 2024" "03:39:45"
20241009 042922.666 INFO             PET3 ESMF library build location : /glade/derecho/scratch/sacks/esmf-testing/cce_15.0.1_mpi_O_develop/esmf
20241009 042922.666 INFO             PET3 ESMF_COMM                   : mpi
20241009 042922.667 INFO             PET3 ESMF_MOAB                   : enabled
20241009 042922.667 INFO             PET3 ESMF_LAPACK                 : enabled
20241009 042922.667 INFO             PET3 ESMF_NETCDF                 : enabled
20241009 042922.667 INFO             PET3 ESMF_PNETCDF                : disabled
20241009 042922.667 INFO             PET3 ESMF_PIO                    : enabled
20241009 042922.667 INFO             PET3 ESMF_YAMLCPP                : enabled
20241009 042922.668 INFO             PET3 ESMF_FieldRedistStoreNF(): Just entered routine.
20241009 042922.669 INFO             PET3 ESMF_FieldRedistStoreNF(): Leaving routine.
20241009 042922.671 INFO             PET3 ESMF_FieldRedistStoreNF(): Just entered routine.
20241009 042922.671 INFO             PET3 ESMF_FieldRedistStoreNF(): Leaving routine.
20241009 042922.671 INFO             PET3 ESMF_FieldRedistStoreNF(): Just entered routine.
20241009 042922.672 INFO             PET3 ESMF_FieldRedistStoreNF(): Leaving routine.
20241009 042922.672 INFO             PET3  NUMBER_OF_PROCESSORS 4
20241009 042922.672 INFO             PET3  PASS  Example ESMF_FieldRedistEx, ESMF_FieldRedistEx.F90, line 521
20241009 042922.672 INFO             PET3  Finalizing ESMF
