2024-10-11 05:25:17
20241011 065852.014 INFO             PET0 !!!!!!!!!!!!!!!!!!!!!!!!!!!!!!!!!!!!!!!!!!!!!!!!!!!!!!
20241011 065852.014 INFO             PET0 !!! THE ESMF_LOG IS SET TO OUTPUT ALL LOG MESSAGES !!!
20241011 065852.014 INFO             PET0 !!!     THIS MAY CAUSE SLOWDOWN IN PERFORMANCE     !!!
20241011 065852.014 INFO             PET0 !!! FOR PRODUCTION RUNS, USE:                      !!!
20241011 065852.014 INFO             PET0 !!!                   ESMF_LOGKIND_Multi_On_Error  !!!
20241011 065852.014 INFO             PET0 !!!!!!!!!!!!!!!!!!!!!!!!!!!!!!!!!!!!!!!!!!!!!!!!!!!!!!
20241011 065852.014 INFO             PET0 Running with ESMF Version   : v8.8.0b00-12-g0d4b825343
20241011 065852.014 INFO             PET0 ESMF library build date/time: "Oct 11 2024" "05:21:44"
20241011 065852.014 INFO             PET0 ESMF library build location : /glade/derecho/scratch/sacks/esmf-testing/cce_15.0.1_mpi_O_develop/esmf
20241011 065852.014 INFO             PET0 ESMF_COMM                   : mpi
20241011 065852.014 INFO             PET0 ESMF_MOAB                   : enabled
20241011 065852.014 INFO             PET0 ESMF_LAPACK                 : enabled
20241011 065852.014 INFO             PET0 ESMF_NETCDF                 : enabled
20241011 065852.014 INFO             PET0 ESMF_PNETCDF                : disabled
20241011 065852.014 INFO             PET0 ESMF_PIO                    : enabled
20241011 065852.014 INFO             PET0 ESMF_YAMLCPP                : enabled
20241011 065852.055 DEBUG            PET0 about to destroy Grid: 0x809e310
20241011 065852.058 DEBUG            PET0 about to destroy Grid: 0x80a2940
20241011 065852.069 INFO             PET0  NUMBER_OF_PROCESSORS 4
20241011 065852.069 INFO             PET0  PASS  Example ESMF_NUOPCAtmModelEx, ESMF_NUOPCAtmModelEx.F90, line 806
20241011 065852.069 INFO             PET0  Finalizing ESMF
20241011 065852.014 INFO             PET1 !!!!!!!!!!!!!!!!!!!!!!!!!!!!!!!!!!!!!!!!!!!!!!!!!!!!!!
20241011 065852.014 INFO             PET1 !!! THE ESMF_LOG IS SET TO OUTPUT ALL LOG MESSAGES !!!
20241011 065852.014 INFO             PET1 !!!     THIS MAY CAUSE SLOWDOWN IN PERFORMANCE     !!!
20241011 065852.014 INFO             PET1 !!! FOR PRODUCTION RUNS, USE:                      !!!
20241011 065852.014 INFO             PET1 !!!                   ESMF_LOGKIND_Multi_On_Error  !!!
20241011 065852.014 INFO             PET1 !!!!!!!!!!!!!!!!!!!!!!!!!!!!!!!!!!!!!!!!!!!!!!!!!!!!!!
20241011 065852.014 INFO             PET1 Running with ESMF Version   : v8.8.0b00-12-g0d4b825343
20241011 065852.014 INFO             PET1 ESMF library build date/time: "Oct 11 2024" "05:21:44"
20241011 065852.014 INFO             PET1 ESMF library build location : /glade/derecho/scratch/sacks/esmf-testing/cce_15.0.1_mpi_O_develop/esmf
20241011 065852.014 INFO             PET1 ESMF_COMM                   : mpi
20241011 065852.015 INFO             PET1 ESMF_MOAB                   : enabled
20241011 065852.015 INFO             PET1 ESMF_LAPACK                 : enabled
20241011 065852.015 INFO             PET1 ESMF_NETCDF                 : enabled
20241011 065852.015 INFO             PET1 ESMF_PNETCDF                : disabled
20241011 065852.015 INFO             PET1 ESMF_PIO                    : enabled
20241011 065852.015 INFO             PET1 ESMF_YAMLCPP                : enabled
20241011 065852.055 DEBUG            PET1 about to destroy Grid: 0x80973d0
20241011 065852.058 DEBUG            PET1 about to destroy Grid: 0x809ce00
20241011 065852.069 INFO             PET1  NUMBER_OF_PROCESSORS 4
20241011 065852.069 INFO             PET1  PASS  Example ESMF_NUOPCAtmModelEx, ESMF_NUOPCAtmModelEx.F90, line 806
20241011 065852.069 INFO             PET1  Finalizing ESMF
20241011 065852.014 INFO             PET2 !!!!!!!!!!!!!!!!!!!!!!!!!!!!!!!!!!!!!!!!!!!!!!!!!!!!!!
20241011 065852.014 INFO             PET2 !!! THE ESMF_LOG IS SET TO OUTPUT ALL LOG MESSAGES !!!
20241011 065852.014 INFO             PET2 !!!     THIS MAY CAUSE SLOWDOWN IN PERFORMANCE     !!!
20241011 065852.014 INFO             PET2 !!! FOR PRODUCTION RUNS, USE:                      !!!
20241011 065852.014 INFO             PET2 !!!                   ESMF_LOGKIND_Multi_On_Error  !!!
20241011 065852.014 INFO             PET2 !!!!!!!!!!!!!!!!!!!!!!!!!!!!!!!!!!!!!!!!!!!!!!!!!!!!!!
20241011 065852.014 INFO             PET2 Running with ESMF Version   : v8.8.0b00-12-g0d4b825343
20241011 065852.014 INFO             PET2 ESMF library build date/time: "Oct 11 2024" "05:21:44"
20241011 065852.014 INFO             PET2 ESMF library build location : /glade/derecho/scratch/sacks/esmf-testing/cce_15.0.1_mpi_O_develop/esmf
20241011 065852.014 INFO             PET2 ESMF_COMM                   : mpi
20241011 065852.014 INFO             PET2 ESMF_MOAB                   : enabled
20241011 065852.014 INFO             PET2 ESMF_LAPACK                 : enabled
20241011 065852.014 INFO             PET2 ESMF_NETCDF                 : enabled
20241011 065852.014 INFO             PET2 ESMF_PNETCDF                : disabled
20241011 065852.014 INFO             PET2 ESMF_PIO                    : enabled
20241011 065852.014 INFO             PET2 ESMF_YAMLCPP                : enabled
20241011 065852.055 DEBUG            PET2 about to destroy Grid: 0x809b9c0
20241011 065852.058 DEBUG            PET2 about to destroy Grid: 0x809c7b0
20241011 065852.069 INFO             PET2  NUMBER_OF_PROCESSORS 4
20241011 065852.069 INFO             PET2  PASS  Example ESMF_NUOPCAtmModelEx, ESMF_NUOPCAtmModelEx.F90, line 806
20241011 065852.069 INFO             PET2  Finalizing ESMF
20241011 065852.014 INFO             PET3 !!!!!!!!!!!!!!!!!!!!!!!!!!!!!!!!!!!!!!!!!!!!!!!!!!!!!!
20241011 065852.014 INFO             PET3 !!! THE ESMF_LOG IS SET TO OUTPUT ALL LOG MESSAGES !!!
20241011 065852.014 INFO             PET3 !!!     THIS MAY CAUSE SLOWDOWN IN PERFORMANCE     !!!
20241011 065852.014 INFO             PET3 !!! FOR PRODUCTION RUNS, USE:                      !!!
20241011 065852.014 INFO             PET3 !!!                   ESMF_LOGKIND_Multi_On_Error  !!!
20241011 065852.014 INFO             PET3 !!!!!!!!!!!!!!!!!!!!!!!!!!!!!!!!!!!!!!!!!!!!!!!!!!!!!!
20241011 065852.014 INFO             PET3 Running with ESMF Version   : v8.8.0b00-12-g0d4b825343
20241011 065852.014 INFO             PET3 ESMF library build date/time: "Oct 11 2024" "05:21:44"
20241011 065852.014 INFO             PET3 ESMF library build location : /glade/derecho/scratch/sacks/esmf-testing/cce_15.0.1_mpi_O_develop/esmf
20241011 065852.014 INFO             PET3 ESMF_COMM                   : mpi
20241011 065852.015 INFO             PET3 ESMF_MOAB                   : enabled
20241011 065852.015 INFO             PET3 ESMF_LAPACK                 : enabled
20241011 065852.015 INFO             PET3 ESMF_NETCDF                 : enabled
20241011 065852.015 INFO             PET3 ESMF_PNETCDF                : disabled
20241011 065852.015 INFO             PET3 ESMF_PIO                    : enabled
20241011 065852.015 INFO             PET3 ESMF_YAMLCPP                : enabled
20241011 065852.055 DEBUG            PET3 about to destroy Grid: 0x80966d0
20241011 065852.058 DEBUG            PET3 about to destroy Grid: 0x809b850
20241011 065852.069 INFO             PET3  NUMBER_OF_PROCESSORS 4
20241011 065852.069 INFO             PET3  PASS  Example ESMF_NUOPCAtmModelEx, ESMF_NUOPCAtmModelEx.F90, line 806
20241011 065852.069 INFO             PET3  Finalizing ESMF
