2024-10-18 02:18:19
20241018 032752.109 INFO             PET0 !!!!!!!!!!!!!!!!!!!!!!!!!!!!!!!!!!!!!!!!!!!!!!!!!!!!!!
20241018 032752.109 INFO             PET0 !!! THE ESMF_LOG IS SET TO OUTPUT ALL LOG MESSAGES !!!
20241018 032752.109 INFO             PET0 !!!     THIS MAY CAUSE SLOWDOWN IN PERFORMANCE     !!!
20241018 032752.109 INFO             PET0 !!! FOR PRODUCTION RUNS, USE:                      !!!
20241018 032752.109 INFO             PET0 !!!                   ESMF_LOGKIND_Multi_On_Error  !!!
20241018 032752.109 INFO             PET0 !!!!!!!!!!!!!!!!!!!!!!!!!!!!!!!!!!!!!!!!!!!!!!!!!!!!!!
20241018 032752.109 INFO             PET0 Running with ESMF Version   : v8.8.0b01-7-gc92d921964
20241018 032752.109 INFO             PET0 ESMF library build date/time: "Oct 18 2024" "02:15:02"
20241018 032752.109 INFO             PET0 ESMF library build location : /glade/derecho/scratch/sacks/esmf-testing/intel_2023.2.1_mpi_O_develop/esmf
20241018 032752.109 INFO             PET0 ESMF_COMM                   : mpi
20241018 032752.111 INFO             PET0 ESMF_MOAB                   : enabled
20241018 032752.111 INFO             PET0 ESMF_LAPACK                 : enabled
20241018 032752.111 INFO             PET0 ESMF_NETCDF                 : enabled
20241018 032752.111 INFO             PET0 ESMF_PNETCDF                : disabled
20241018 032752.111 INFO             PET0 ESMF_PIO                    : enabled
20241018 032752.111 INFO             PET0 ESMF_YAMLCPP                : enabled
20241018 032752.112 INFO             PET0 =============================================
20241018 032752.112 INFO             PET0 ESMX (Earth System Model eXecutable) STARTING
20241018 032752.112 INFO             PET0 =============================================
20241018 032752.115 INFO             PET0 ESMX_Driver: InitializeGeneric intro.
20241018 032752.115 INFO             PET0   ESMX_Driver: InitializeP0 intro.
20241018 032752.115 INFO             PET0   ESMX_Driver: InitializeP0 extro.
20241018 032752.115 INFO             PET0   ESMX_Driver: InitializeIPDv02p1 intro.
20241018 032752.115 INFO             PET0     >>>ESMX_Driver: entered Initialize (phase=<none>) without valid internal Clock.
20241018 032752.115 INFO             PET0     ESMX_Driver: IInitAdvertise intro.
20241018 032752.115 INFO             PET0     ESMX_Driver: IInitAdvertise extro.
20241018 032752.115 INFO             PET0     ESMX_Driver: IInitAdvertiseFinish intro.
20241018 032752.115 INFO             PET0     ESMX_Driver: IInitAdvertiseFinish extro.
20241018 032752.115 INFO             PET0     ESMX_Driver: IInitModifyCplLists intro.
20241018 032752.115 INFO             PET0     ESMX_Driver: IInitModifyCplLists extro.
20241018 032752.116 INFO             PET0     <<<ESMX_Driver: leaving Initialize (phase=<none>) with current time: 2012 10 24  8  0  0   0
20241018 032752.116 INFO             PET0   ESMX_Driver: InitializeIPDv02p1 extro.
20241018 032752.116 INFO             PET0   ESMX_Driver: InitializeIPDv02p3 intro.
20241018 032752.116 INFO             PET0     >>>ESMX_Driver: entered Initialize (phase=<none>) with current time: 2012 10 24  8  0  0   0
20241018 032752.116 INFO             PET0     ESMX_Driver: IInitCheck intro.
20241018 032752.116 INFO             PET0     ESMX_Driver: IInitCheck extro.
20241018 032752.116 INFO             PET0     ESMX_Driver: IInitRealize intro.
20241018 032752.116 INFO             PET0     ESMX_Driver: IInitRealize extro.
20241018 032752.116 INFO             PET0     <<<ESMX_Driver: leaving Initialize (phase=<none>) with current time: 2012 10 24  8  0  0   0
20241018 032752.116 INFO             PET0   ESMX_Driver: InitializeIPDv02p3 extro.
20241018 032752.116 INFO             PET0   ESMX_Driver: InitializeIPDv02p5 intro.
20241018 032752.116 INFO             PET0     >>>ESMX_Driver: entered Initialize (phase=<none>) with current time: 2012 10 24  8  0  0   0
20241018 032752.116 INFO             PET0     ESMX_Driver: InitializeIPDv02p5Data intro.
20241018 032752.116 INFO             PET0       ESMX_Driver: InternalInitializeComplete intro.
20241018 032752.116 INFO             PET0       ESMX_Driver: InternalInitializeComplete extro.
20241018 032752.116 INFO             PET0       ESMX_Driver: loopDataDependentInitialize intro.
20241018 032752.116 INFO             PET0       ESMX_Driver: loopDataDependentInitialize extro.
20241018 032752.116 INFO             PET0     ESMX_Driver: InitializeIPDv02p5Data extro.
20241018 032752.116 INFO             PET0     <<<ESMX_Driver: leaving Initialize (phase=<none>) with current time: 2012 10 24  8  0  0   0
20241018 032752.116 INFO             PET0   ESMX_Driver: InitializeIPDv02p5 extro.
20241018 032752.116 INFO             PET0 ESMX_Driver: InitializeGeneric extro.
20241018 032752.116 INFO             PET0 ESMX_Driver: Run intro.
20241018 032752.117 INFO             PET0   >>>ESMX_Driver: entered Run (phase=RunPhase1) with current time: 2012 10 24  8  0  0   0
20241018 032752.117 INFO             PET0   <<<ESMX_Driver: leaving Run (phase=RunPhase1) with current time: 2012 10 24  8  0  0   0
20241018 032752.117 INFO             PET0 ESMX_Driver: Run extro.
20241018 032752.117 INFO             PET0 ESMX_Driver: Finalize intro.
20241018 032752.117 INFO             PET0 ESMX_Driver: Finalize extro.
20241018 032752.117 INFO             PET0 =============================================
20241018 032752.117 INFO             PET0 ESMX (Earth System Model eXecutable) FINISHED
20241018 032752.117 INFO             PET0 =============================================
20241018 032752.117 INFO             PET0  Finalizing ESMF
20241018 032752.107 INFO             PET1 !!!!!!!!!!!!!!!!!!!!!!!!!!!!!!!!!!!!!!!!!!!!!!!!!!!!!!
20241018 032752.107 INFO             PET1 !!! THE ESMF_LOG IS SET TO OUTPUT ALL LOG MESSAGES !!!
20241018 032752.107 INFO             PET1 !!!     THIS MAY CAUSE SLOWDOWN IN PERFORMANCE     !!!
20241018 032752.107 INFO             PET1 !!! FOR PRODUCTION RUNS, USE:                      !!!
20241018 032752.107 INFO             PET1 !!!                   ESMF_LOGKIND_Multi_On_Error  !!!
20241018 032752.107 INFO             PET1 !!!!!!!!!!!!!!!!!!!!!!!!!!!!!!!!!!!!!!!!!!!!!!!!!!!!!!
20241018 032752.107 INFO             PET1 Running with ESMF Version   : v8.8.0b01-7-gc92d921964
20241018 032752.107 INFO             PET1 ESMF library build date/time: "Oct 18 2024" "02:15:02"
20241018 032752.107 INFO             PET1 ESMF library build location : /glade/derecho/scratch/sacks/esmf-testing/intel_2023.2.1_mpi_O_develop/esmf
20241018 032752.107 INFO             PET1 ESMF_COMM                   : mpi
20241018 032752.110 INFO             PET1 ESMF_MOAB                   : enabled
20241018 032752.110 INFO             PET1 ESMF_LAPACK                 : enabled
20241018 032752.110 INFO             PET1 ESMF_NETCDF                 : enabled
20241018 032752.110 INFO             PET1 ESMF_PNETCDF                : disabled
20241018 032752.110 INFO             PET1 ESMF_PIO                    : enabled
20241018 032752.110 INFO             PET1 ESMF_YAMLCPP                : enabled
20241018 032752.112 INFO             PET1 =============================================
20241018 032752.112 INFO             PET1 ESMX (Earth System Model eXecutable) STARTING
20241018 032752.112 INFO             PET1 =============================================
20241018 032752.115 INFO             PET1 ESMX_Driver: InitializeGeneric intro.
20241018 032752.115 INFO             PET1   ESMX_Driver: InitializeP0 intro.
20241018 032752.115 INFO             PET1   ESMX_Driver: InitializeP0 extro.
20241018 032752.115 INFO             PET1   ESMX_Driver: InitializeIPDv02p1 intro.
20241018 032752.115 INFO             PET1     >>>ESMX_Driver: entered Initialize (phase=<none>) without valid internal Clock.
20241018 032752.115 INFO             PET1     ESMX_Driver: IInitAdvertise intro.
20241018 032752.115 INFO             PET1     ESMX_Driver: IInitAdvertise extro.
20241018 032752.115 INFO             PET1     ESMX_Driver: IInitAdvertiseFinish intro.
20241018 032752.115 INFO             PET1     ESMX_Driver: IInitAdvertiseFinish extro.
20241018 032752.115 INFO             PET1     ESMX_Driver: IInitModifyCplLists intro.
20241018 032752.115 INFO             PET1     ESMX_Driver: IInitModifyCplLists extro.
20241018 032752.116 INFO             PET1     <<<ESMX_Driver: leaving Initialize (phase=<none>) with current time: 2012 10 24  8  0  0   0
20241018 032752.116 INFO             PET1   ESMX_Driver: InitializeIPDv02p1 extro.
20241018 032752.116 INFO             PET1   ESMX_Driver: InitializeIPDv02p3 intro.
20241018 032752.116 INFO             PET1     >>>ESMX_Driver: entered Initialize (phase=<none>) with current time: 2012 10 24  8  0  0   0
20241018 032752.116 INFO             PET1     ESMX_Driver: IInitCheck intro.
20241018 032752.116 INFO             PET1     ESMX_Driver: IInitCheck extro.
20241018 032752.116 INFO             PET1     ESMX_Driver: IInitRealize intro.
20241018 032752.116 INFO             PET1     ESMX_Driver: IInitRealize extro.
20241018 032752.116 INFO             PET1     <<<ESMX_Driver: leaving Initialize (phase=<none>) with current time: 2012 10 24  8  0  0   0
20241018 032752.116 INFO             PET1   ESMX_Driver: InitializeIPDv02p3 extro.
20241018 032752.116 INFO             PET1   ESMX_Driver: InitializeIPDv02p5 intro.
20241018 032752.116 INFO             PET1     >>>ESMX_Driver: entered Initialize (phase=<none>) with current time: 2012 10 24  8  0  0   0
20241018 032752.116 INFO             PET1     ESMX_Driver: InitializeIPDv02p5Data intro.
20241018 032752.116 INFO             PET1       ESMX_Driver: InternalInitializeComplete intro.
20241018 032752.116 INFO             PET1       ESMX_Driver: InternalInitializeComplete extro.
20241018 032752.116 INFO             PET1       ESMX_Driver: loopDataDependentInitialize intro.
20241018 032752.116 INFO             PET1       ESMX_Driver: loopDataDependentInitialize extro.
20241018 032752.116 INFO             PET1     ESMX_Driver: InitializeIPDv02p5Data extro.
20241018 032752.116 INFO             PET1     <<<ESMX_Driver: leaving Initialize (phase=<none>) with current time: 2012 10 24  8  0  0   0
20241018 032752.116 INFO             PET1   ESMX_Driver: InitializeIPDv02p5 extro.
20241018 032752.116 INFO             PET1 ESMX_Driver: InitializeGeneric extro.
20241018 032752.116 INFO             PET1 ESMX_Driver: Run intro.
20241018 032752.117 INFO             PET1   >>>ESMX_Driver: entered Run (phase=RunPhase1) with current time: 2012 10 24  8  0  0   0
20241018 032752.117 INFO             PET1   <<<ESMX_Driver: leaving Run (phase=RunPhase1) with current time: 2012 10 24  8  0  0   0
20241018 032752.117 INFO             PET1 ESMX_Driver: Run extro.
20241018 032752.117 INFO             PET1 ESMX_Driver: Finalize intro.
20241018 032752.117 INFO             PET1 ESMX_Driver: Finalize extro.
20241018 032752.117 INFO             PET1 =============================================
20241018 032752.117 INFO             PET1 ESMX (Earth System Model eXecutable) FINISHED
20241018 032752.117 INFO             PET1 =============================================
20241018 032752.117 INFO             PET1  Finalizing ESMF
20241018 032752.110 INFO             PET2 !!!!!!!!!!!!!!!!!!!!!!!!!!!!!!!!!!!!!!!!!!!!!!!!!!!!!!
20241018 032752.110 INFO             PET2 !!! THE ESMF_LOG IS SET TO OUTPUT ALL LOG MESSAGES !!!
20241018 032752.110 INFO             PET2 !!!     THIS MAY CAUSE SLOWDOWN IN PERFORMANCE     !!!
20241018 032752.110 INFO             PET2 !!! FOR PRODUCTION RUNS, USE:                      !!!
20241018 032752.110 INFO             PET2 !!!                   ESMF_LOGKIND_Multi_On_Error  !!!
20241018 032752.110 INFO             PET2 !!!!!!!!!!!!!!!!!!!!!!!!!!!!!!!!!!!!!!!!!!!!!!!!!!!!!!
20241018 032752.110 INFO             PET2 Running with ESMF Version   : v8.8.0b01-7-gc92d921964
20241018 032752.110 INFO             PET2 ESMF library build date/time: "Oct 18 2024" "02:15:02"
20241018 032752.110 INFO             PET2 ESMF library build location : /glade/derecho/scratch/sacks/esmf-testing/intel_2023.2.1_mpi_O_develop/esmf
20241018 032752.110 INFO             PET2 ESMF_COMM                   : mpi
20241018 032752.112 INFO             PET2 ESMF_MOAB                   : enabled
20241018 032752.112 INFO             PET2 ESMF_LAPACK                 : enabled
20241018 032752.112 INFO             PET2 ESMF_NETCDF                 : enabled
20241018 032752.112 INFO             PET2 ESMF_PNETCDF                : disabled
20241018 032752.112 INFO             PET2 ESMF_PIO                    : enabled
20241018 032752.112 INFO             PET2 ESMF_YAMLCPP                : enabled
20241018 032752.112 INFO             PET2 =============================================
20241018 032752.112 INFO             PET2 ESMX (Earth System Model eXecutable) STARTING
20241018 032752.112 INFO             PET2 =============================================
20241018 032752.115 INFO             PET2 ESMX_Driver: InitializeGeneric intro.
20241018 032752.115 INFO             PET2   ESMX_Driver: InitializeP0 intro.
20241018 032752.115 INFO             PET2   ESMX_Driver: InitializeP0 extro.
20241018 032752.115 INFO             PET2   ESMX_Driver: InitializeIPDv02p1 intro.
20241018 032752.115 INFO             PET2     >>>ESMX_Driver: entered Initialize (phase=<none>) without valid internal Clock.
20241018 032752.115 INFO             PET2     ESMX_Driver: IInitAdvertise intro.
20241018 032752.115 INFO             PET2     ESMX_Driver: IInitAdvertise extro.
20241018 032752.115 INFO             PET2     ESMX_Driver: IInitAdvertiseFinish intro.
20241018 032752.115 INFO             PET2     ESMX_Driver: IInitAdvertiseFinish extro.
20241018 032752.115 INFO             PET2     ESMX_Driver: IInitModifyCplLists intro.
20241018 032752.115 INFO             PET2     ESMX_Driver: IInitModifyCplLists extro.
20241018 032752.116 INFO             PET2     <<<ESMX_Driver: leaving Initialize (phase=<none>) with current time: 2012 10 24  8  0  0   0
20241018 032752.116 INFO             PET2   ESMX_Driver: InitializeIPDv02p1 extro.
20241018 032752.116 INFO             PET2   ESMX_Driver: InitializeIPDv02p3 intro.
20241018 032752.116 INFO             PET2     >>>ESMX_Driver: entered Initialize (phase=<none>) with current time: 2012 10 24  8  0  0   0
20241018 032752.116 INFO             PET2     ESMX_Driver: IInitCheck intro.
20241018 032752.116 INFO             PET2     ESMX_Driver: IInitCheck extro.
20241018 032752.116 INFO             PET2     ESMX_Driver: IInitRealize intro.
20241018 032752.116 INFO             PET2     ESMX_Driver: IInitRealize extro.
20241018 032752.116 INFO             PET2     <<<ESMX_Driver: leaving Initialize (phase=<none>) with current time: 2012 10 24  8  0  0   0
20241018 032752.116 INFO             PET2   ESMX_Driver: InitializeIPDv02p3 extro.
20241018 032752.116 INFO             PET2   ESMX_Driver: InitializeIPDv02p5 intro.
20241018 032752.116 INFO             PET2     >>>ESMX_Driver: entered Initialize (phase=<none>) with current time: 2012 10 24  8  0  0   0
20241018 032752.116 INFO             PET2     ESMX_Driver: InitializeIPDv02p5Data intro.
20241018 032752.116 INFO             PET2       ESMX_Driver: InternalInitializeComplete intro.
20241018 032752.116 INFO             PET2       ESMX_Driver: InternalInitializeComplete extro.
20241018 032752.116 INFO             PET2       ESMX_Driver: loopDataDependentInitialize intro.
20241018 032752.116 INFO             PET2       ESMX_Driver: loopDataDependentInitialize extro.
20241018 032752.116 INFO             PET2     ESMX_Driver: InitializeIPDv02p5Data extro.
20241018 032752.116 INFO             PET2     <<<ESMX_Driver: leaving Initialize (phase=<none>) with current time: 2012 10 24  8  0  0   0
20241018 032752.116 INFO             PET2   ESMX_Driver: InitializeIPDv02p5 extro.
20241018 032752.116 INFO             PET2 ESMX_Driver: InitializeGeneric extro.
20241018 032752.116 INFO             PET2 ESMX_Driver: Run intro.
20241018 032752.117 INFO             PET2   >>>ESMX_Driver: entered Run (phase=RunPhase1) with current time: 2012 10 24  8  0  0   0
20241018 032752.117 INFO             PET2   <<<ESMX_Driver: leaving Run (phase=RunPhase1) with current time: 2012 10 24  8  0  0   0
20241018 032752.117 INFO             PET2 ESMX_Driver: Run extro.
20241018 032752.117 INFO             PET2 ESMX_Driver: Finalize intro.
20241018 032752.117 INFO             PET2 ESMX_Driver: Finalize extro.
20241018 032752.117 INFO             PET2 =============================================
20241018 032752.117 INFO             PET2 ESMX (Earth System Model eXecutable) FINISHED
20241018 032752.117 INFO             PET2 =============================================
20241018 032752.117 INFO             PET2  Finalizing ESMF
20241018 032752.106 INFO             PET3 !!!!!!!!!!!!!!!!!!!!!!!!!!!!!!!!!!!!!!!!!!!!!!!!!!!!!!
20241018 032752.106 INFO             PET3 !!! THE ESMF_LOG IS SET TO OUTPUT ALL LOG MESSAGES !!!
20241018 032752.106 INFO             PET3 !!!     THIS MAY CAUSE SLOWDOWN IN PERFORMANCE     !!!
20241018 032752.106 INFO             PET3 !!! FOR PRODUCTION RUNS, USE:                      !!!
20241018 032752.106 INFO             PET3 !!!                   ESMF_LOGKIND_Multi_On_Error  !!!
20241018 032752.106 INFO             PET3 !!!!!!!!!!!!!!!!!!!!!!!!!!!!!!!!!!!!!!!!!!!!!!!!!!!!!!
20241018 032752.106 INFO             PET3 Running with ESMF Version   : v8.8.0b01-7-gc92d921964
20241018 032752.106 INFO             PET3 ESMF library build date/time: "Oct 18 2024" "02:15:02"
20241018 032752.106 INFO             PET3 ESMF library build location : /glade/derecho/scratch/sacks/esmf-testing/intel_2023.2.1_mpi_O_develop/esmf
20241018 032752.106 INFO             PET3 ESMF_COMM                   : mpi
20241018 032752.110 INFO             PET3 ESMF_MOAB                   : enabled
20241018 032752.110 INFO             PET3 ESMF_LAPACK                 : enabled
20241018 032752.110 INFO             PET3 ESMF_NETCDF                 : enabled
20241018 032752.110 INFO             PET3 ESMF_PNETCDF                : disabled
20241018 032752.110 INFO             PET3 ESMF_PIO                    : enabled
20241018 032752.110 INFO             PET3 ESMF_YAMLCPP                : enabled
20241018 032752.112 INFO             PET3 =============================================
20241018 032752.112 INFO             PET3 ESMX (Earth System Model eXecutable) STARTING
20241018 032752.112 INFO             PET3 =============================================
20241018 032752.115 INFO             PET3 ESMX_Driver: InitializeGeneric intro.
20241018 032752.115 INFO             PET3   ESMX_Driver: InitializeP0 intro.
20241018 032752.115 INFO             PET3   ESMX_Driver: InitializeP0 extro.
20241018 032752.115 INFO             PET3   ESMX_Driver: InitializeIPDv02p1 intro.
20241018 032752.115 INFO             PET3     >>>ESMX_Driver: entered Initialize (phase=<none>) without valid internal Clock.
20241018 032752.115 INFO             PET3     ESMX_Driver: IInitAdvertise intro.
20241018 032752.115 INFO             PET3     ESMX_Driver: IInitAdvertise extro.
20241018 032752.115 INFO             PET3     ESMX_Driver: IInitAdvertiseFinish intro.
20241018 032752.115 INFO             PET3     ESMX_Driver: IInitAdvertiseFinish extro.
20241018 032752.115 INFO             PET3     ESMX_Driver: IInitModifyCplLists intro.
20241018 032752.115 INFO             PET3     ESMX_Driver: IInitModifyCplLists extro.
20241018 032752.116 INFO             PET3     <<<ESMX_Driver: leaving Initialize (phase=<none>) with current time: 2012 10 24  8  0  0   0
20241018 032752.116 INFO             PET3   ESMX_Driver: InitializeIPDv02p1 extro.
20241018 032752.116 INFO             PET3   ESMX_Driver: InitializeIPDv02p3 intro.
20241018 032752.116 INFO             PET3     >>>ESMX_Driver: entered Initialize (phase=<none>) with current time: 2012 10 24  8  0  0   0
20241018 032752.116 INFO             PET3     ESMX_Driver: IInitCheck intro.
20241018 032752.116 INFO             PET3     ESMX_Driver: IInitCheck extro.
20241018 032752.116 INFO             PET3     ESMX_Driver: IInitRealize intro.
20241018 032752.116 INFO             PET3     ESMX_Driver: IInitRealize extro.
20241018 032752.116 INFO             PET3     <<<ESMX_Driver: leaving Initialize (phase=<none>) with current time: 2012 10 24  8  0  0   0
20241018 032752.116 INFO             PET3   ESMX_Driver: InitializeIPDv02p3 extro.
20241018 032752.116 INFO             PET3   ESMX_Driver: InitializeIPDv02p5 intro.
20241018 032752.116 INFO             PET3     >>>ESMX_Driver: entered Initialize (phase=<none>) with current time: 2012 10 24  8  0  0   0
20241018 032752.116 INFO             PET3     ESMX_Driver: InitializeIPDv02p5Data intro.
20241018 032752.116 INFO             PET3       ESMX_Driver: InternalInitializeComplete intro.
20241018 032752.116 INFO             PET3       ESMX_Driver: InternalInitializeComplete extro.
20241018 032752.116 INFO             PET3       ESMX_Driver: loopDataDependentInitialize intro.
20241018 032752.116 INFO             PET3       ESMX_Driver: loopDataDependentInitialize extro.
20241018 032752.116 INFO             PET3     ESMX_Driver: InitializeIPDv02p5Data extro.
20241018 032752.116 INFO             PET3     <<<ESMX_Driver: leaving Initialize (phase=<none>) with current time: 2012 10 24  8  0  0   0
20241018 032752.116 INFO             PET3   ESMX_Driver: InitializeIPDv02p5 extro.
20241018 032752.116 INFO             PET3 ESMX_Driver: InitializeGeneric extro.
20241018 032752.117 INFO             PET3 ESMX_Driver: Run intro.
20241018 032752.117 INFO             PET3   >>>ESMX_Driver: entered Run (phase=RunPhase1) with current time: 2012 10 24  8  0  0   0
20241018 032752.117 INFO             PET3   <<<ESMX_Driver: leaving Run (phase=RunPhase1) with current time: 2012 10 24  8  0  0   0
20241018 032752.117 INFO             PET3 ESMX_Driver: Run extro.
20241018 032752.117 INFO             PET3 ESMX_Driver: Finalize intro.
20241018 032752.117 INFO             PET3 ESMX_Driver: Finalize extro.
20241018 032752.117 INFO             PET3 =============================================
20241018 032752.117 INFO             PET3 ESMX (Earth System Model eXecutable) FINISHED
20241018 032752.117 INFO             PET3 =============================================
20241018 032752.117 INFO             PET3  Finalizing ESMF
