2025-05-07 23:07:49
20250508 012123.281 INFO             PET0 !!!!!!!!!!!!!!!!!!!!!!!!!!!!!!!!!!!!!!!!!!!!!!!!!!!!!!
20250508 012123.281 INFO             PET0 !!! THE ESMF_LOG IS SET TO OUTPUT ALL LOG MESSAGES !!!
20250508 012123.281 INFO             PET0 !!!     THIS MAY CAUSE SLOWDOWN IN PERFORMANCE     !!!
20250508 012123.281 INFO             PET0 !!! FOR PRODUCTION RUNS, USE:                      !!!
20250508 012123.281 INFO             PET0 !!!                   ESMF_LOGKIND_Multi_On_Error  !!!
20250508 012123.281 INFO             PET0 !!!!!!!!!!!!!!!!!!!!!!!!!!!!!!!!!!!!!!!!!!!!!!!!!!!!!!
20250508 012123.281 INFO             PET0 Running with ESMF Version   : v8.9.0b08-5-g079ca68fdc
20250508 012123.281 INFO             PET0 ESMF library build date/time: "May  7 2025" "23:03:38"
20250508 012123.281 INFO             PET0 ESMF library build location : /discover/nobackup/projects/gmao/SIteam/ESMF_Testing/intel_2021.6.0_intelmpi_g_develop/esmf
20250508 012123.281 INFO             PET0 ESMF_COMM                   : intelmpi
20250508 012123.282 INFO             PET0 ESMF_MOAB                   : enabled
20250508 012123.282 INFO             PET0 ESMF_LAPACK                 : enabled
20250508 012123.282 INFO             PET0 ESMF_NETCDF                 : disabled
20250508 012123.282 INFO             PET0 ESMF_PNETCDF                : disabled
20250508 012123.282 INFO             PET0 ESMF_PIO                    : disabled
20250508 012123.282 INFO             PET0 ESMF_YAMLCPP                : enabled
20250508 012123.288 INFO             PET0 =============================================
20250508 012123.288 INFO             PET0 ESMX (Earth System Model eXecutable) STARTING
20250508 012123.288 INFO             PET0 =============================================
20250508 012123.301 INFO             PET0 ESMX_Driver: InitializeGeneric intro.
20250508 012123.301 INFO             PET0   >>>ESMX_Driver: entered Initialize (phase=<none>) without valid internal Clock.
20250508 012123.301 INFO             PET0   ESMX_Driver: InitializeP0 intro.
20250508 012123.301 INFO             PET0     >>>ESMX_Driver: entered Initialize (phase=<none>) without valid internal Clock.
20250508 012123.301 INFO             PET0     <<<ESMX_Driver: leaving Initialize (phase=<none>) without valid internal Clock.
20250508 012123.301 INFO             PET0   ESMX_Driver: InitializeP0 extro.
20250508 012123.301 INFO             PET0   ESMX_Driver: InitializeIPDv02p1 intro.
20250508 012123.302 INFO             PET0     >>>ESMX_Driver: entered Initialize (phase=<none>) without valid internal Clock.
20250508 012123.310 INFO             PET0     ESMX_Driver - Creating model component MDL without petList.
20250508 012123.313 DEBUG            PET0     Generic SetVM() is executing for: MDL
20250508 012123.313 DEBUG            PET0     Generic SetVM() found no NUOPC Hint for: MDL
20250508 012123.313 DEBUG            PET0     Generic SetVM() therefore is NOT calling ESMF_GridCompSetVMMaxPEs() for: MDL
20250508 012123.335 INFO             PET0     ESMX_Driver: IInitAdvertise intro.
20250508 012123.335 INFO             PET0       >>>ESMX_Driver: entered Initialize (phase=<none>) with current time: 2012 10 24 18  0  0   0
20250508 012123.335 INFO             PET0       <<<ESMX_Driver: leaving Initialize (phase=<none>) with current time: 2012 10 24 18  0  0   0
20250508 012123.335 INFO             PET0     ESMX_Driver: IInitAdvertise extro.
20250508 012123.336 INFO             PET0     Message from inside C component Advertise() method
20250508 012123.337 INFO             PET0     ESMX_Driver: IInitAdvertiseFinish intro.
20250508 012123.337 INFO             PET0       >>>ESMX_Driver: entered Initialize (phase=<none>) with current time: 2012 10 24 18  0  0   0
20250508 012123.337 INFO             PET0       <<<ESMX_Driver: leaving Initialize (phase=<none>) with current time: 2012 10 24 18  0  0   0
20250508 012123.337 INFO             PET0     ESMX_Driver: IInitAdvertiseFinish extro.
20250508 012123.338 INFO             PET0     ESMX_Driver: IInitModifyCplLists intro.
20250508 012123.338 INFO             PET0       >>>ESMX_Driver: entered Initialize (phase=<none>) with current time: 2012 10 24 18  0  0   0
20250508 012123.339 INFO             PET0       <<<ESMX_Driver: leaving Initialize (phase=<none>) with current time: 2012 10 24 18  0  0   0
20250508 012123.339 INFO             PET0     ESMX_Driver: IInitModifyCplLists extro.
20250508 012123.339 INFO             PET0     <<<ESMX_Driver: leaving Initialize (phase=<none>) with current time: 2012 10 24 18  0  0   0
20250508 012123.339 INFO             PET0   ESMX_Driver: InitializeIPDv02p1 extro.
20250508 012123.339 INFO             PET0   ESMX_Driver: InitializeIPDv02p3 intro.
20250508 012123.339 INFO             PET0     >>>ESMX_Driver: entered Initialize (phase=<none>) with current time: 2012 10 24 18  0  0   0
20250508 012123.340 INFO             PET0     ESMX_Driver: IInitCheck intro.
20250508 012123.340 INFO             PET0       >>>ESMX_Driver: entered Initialize (phase=<none>) with current time: 2012 10 24 18  0  0   0
20250508 012123.340 INFO             PET0       <<<ESMX_Driver: leaving Initialize (phase=<none>) with current time: 2012 10 24 18  0  0   0
20250508 012123.340 INFO             PET0     ESMX_Driver: IInitCheck extro.
20250508 012123.340 INFO             PET0     ESMX_Driver: IInitRealize intro.
20250508 012123.341 INFO             PET0       >>>ESMX_Driver: entered Initialize (phase=<none>) with current time: 2012 10 24 18  0  0   0
20250508 012123.341 INFO             PET0       <<<ESMX_Driver: leaving Initialize (phase=<none>) with current time: 2012 10 24 18  0  0   0
20250508 012123.341 INFO             PET0     ESMX_Driver: IInitRealize extro.
20250508 012123.342 INFO             PET0     <<<ESMX_Driver: leaving Initialize (phase=<none>) with current time: 2012 10 24 18  0  0   0
20250508 012123.342 INFO             PET0   ESMX_Driver: InitializeIPDv02p3 extro.
20250508 012123.342 INFO             PET0   ESMX_Driver: InitializeIPDv02p5 intro.
20250508 012123.342 INFO             PET0     >>>ESMX_Driver: entered Initialize (phase=<none>) with current time: 2012 10 24 18  0  0   0
20250508 012123.342 INFO             PET0     ESMX_Driver: InitializeIPDv02p5Data intro.
20250508 012123.342 INFO             PET0       >>>ESMX_Driver: entered Initialize (phase=<none>) with current time: 2012 10 24 18  0  0   0
20250508 012123.343 INFO             PET0       ESMX_Driver: InternalInitializeComplete intro.
20250508 012123.343 INFO             PET0         >>>ESMX_Driver: entered Initialize (phase=<none>) with current time: 2012 10 24 18  0  0   0
20250508 012123.343 INFO             PET0         <<<ESMX_Driver: leaving Initialize (phase=<none>) with current time: 2012 10 24 18  0  0   0
20250508 012123.343 INFO             PET0       ESMX_Driver: InternalInitializeComplete extro.
20250508 012123.346 INFO             PET0       ESMX_Driver: loopDataDependentInitialize intro.
20250508 012123.346 INFO             PET0         >>>ESMX_Driver: entered Initialize (phase=<none>) with current time: 2012 10 24 18  0  0   0
20250508 012123.347 INFO             PET0         <<<ESMX_Driver: leaving Initialize (phase=<none>) with current time: 2012 10 24 18  0  0   0
20250508 012123.347 INFO             PET0       ESMX_Driver: loopDataDependentInitialize extro.
20250508 012123.347 INFO             PET0       <<<ESMX_Driver: leaving Initialize (phase=<none>) with current time: 2012 10 24 18  0  0   0
20250508 012123.347 INFO             PET0     ESMX_Driver: InitializeIPDv02p5Data extro.
20250508 012123.347 INFO             PET0     <<<ESMX_Driver: leaving Initialize (phase=<none>) with current time: 2012 10 24 18  0  0   0
20250508 012123.347 INFO             PET0   ESMX_Driver: InitializeIPDv02p5 extro.
20250508 012123.347 INFO             PET0   <<<ESMX_Driver: leaving Initialize (phase=<none>) with current time: 2012 10 24 18  0  0   0
20250508 012123.347 INFO             PET0 ESMX_Driver: InitializeGeneric extro.
20250508 012123.348 INFO             PET0 ESMX_Driver: Run intro.
20250508 012123.348 INFO             PET0   >>>ESMX_Driver: entered Run (phase=RunPhase1) with current time: 2012 10 24 18  0  0   0
20250508 012123.348 INFO             PET0   Message from inside C component Advance() method
20250508 012123.349 INFO             PET0   <<<ESMX_Driver: leaving Run (phase=RunPhase1) with current time: 2012 10 24 19  0  0   0
20250508 012123.349 INFO             PET0 ESMX_Driver: Run extro.
20250508 012123.349 INFO             PET0 ESMX_Driver: Finalize intro.
20250508 012123.349 INFO             PET0   >>>ESMX_Driver: entered Finalize (phase=FinalizePhase1) with current time: 2012 10 24 19  0  0   0
20250508 012123.349 INFO             PET0   Calling Finalize phase 1 for modelComp: MDL
20250508 012123.349 INFO             PET0   Delete modelComp: MDL
20250508 012123.350 INFO             PET0   <<<ESMX_Driver: leaving Finalize (phase=FinalizePhase1) with current time: 2012 10 24 19  0  0   0
20250508 012123.350 INFO             PET0 ESMX_Driver: Finalize extro.
20250508 012123.350 INFO             PET0 =============================================
20250508 012123.350 INFO             PET0 ESMX (Earth System Model eXecutable) FINISHED
20250508 012123.350 INFO             PET0 =============================================
20250508 012123.350 INFO             PET0  Finalizing ESMF
20250508 012123.282 INFO             PET1 !!!!!!!!!!!!!!!!!!!!!!!!!!!!!!!!!!!!!!!!!!!!!!!!!!!!!!
20250508 012123.282 INFO             PET1 !!! THE ESMF_LOG IS SET TO OUTPUT ALL LOG MESSAGES !!!
20250508 012123.282 INFO             PET1 !!!     THIS MAY CAUSE SLOWDOWN IN PERFORMANCE     !!!
20250508 012123.282 INFO             PET1 !!! FOR PRODUCTION RUNS, USE:                      !!!
20250508 012123.282 INFO             PET1 !!!                   ESMF_LOGKIND_Multi_On_Error  !!!
20250508 012123.282 INFO             PET1 !!!!!!!!!!!!!!!!!!!!!!!!!!!!!!!!!!!!!!!!!!!!!!!!!!!!!!
20250508 012123.282 INFO             PET1 Running with ESMF Version   : v8.9.0b08-5-g079ca68fdc
20250508 012123.282 INFO             PET1 ESMF library build date/time: "May  7 2025" "23:03:38"
20250508 012123.282 INFO             PET1 ESMF library build location : /discover/nobackup/projects/gmao/SIteam/ESMF_Testing/intel_2021.6.0_intelmpi_g_develop/esmf
20250508 012123.282 INFO             PET1 ESMF_COMM                   : intelmpi
20250508 012123.282 INFO             PET1 ESMF_MOAB                   : enabled
20250508 012123.282 INFO             PET1 ESMF_LAPACK                 : enabled
20250508 012123.282 INFO             PET1 ESMF_NETCDF                 : disabled
20250508 012123.282 INFO             PET1 ESMF_PNETCDF                : disabled
20250508 012123.282 INFO             PET1 ESMF_PIO                    : disabled
20250508 012123.282 INFO             PET1 ESMF_YAMLCPP                : enabled
20250508 012123.288 INFO             PET1 =============================================
20250508 012123.288 INFO             PET1 ESMX (Earth System Model eXecutable) STARTING
20250508 012123.288 INFO             PET1 =============================================
20250508 012123.301 INFO             PET1 ESMX_Driver: InitializeGeneric intro.
20250508 012123.301 INFO             PET1   >>>ESMX_Driver: entered Initialize (phase=<none>) without valid internal Clock.
20250508 012123.301 INFO             PET1   ESMX_Driver: InitializeP0 intro.
20250508 012123.301 INFO             PET1     >>>ESMX_Driver: entered Initialize (phase=<none>) without valid internal Clock.
20250508 012123.301 INFO             PET1     <<<ESMX_Driver: leaving Initialize (phase=<none>) without valid internal Clock.
20250508 012123.301 INFO             PET1   ESMX_Driver: InitializeP0 extro.
20250508 012123.301 INFO             PET1   ESMX_Driver: InitializeIPDv02p1 intro.
20250508 012123.302 INFO             PET1     >>>ESMX_Driver: entered Initialize (phase=<none>) without valid internal Clock.
20250508 012123.310 INFO             PET1     ESMX_Driver - Creating model component MDL without petList.
20250508 012123.313 DEBUG            PET1     Generic SetVM() is executing for: MDL
20250508 012123.313 DEBUG            PET1     Generic SetVM() found no NUOPC Hint for: MDL
20250508 012123.313 DEBUG            PET1     Generic SetVM() therefore is NOT calling ESMF_GridCompSetVMMaxPEs() for: MDL
20250508 012123.335 INFO             PET1     ESMX_Driver: IInitAdvertise intro.
20250508 012123.335 INFO             PET1       >>>ESMX_Driver: entered Initialize (phase=<none>) with current time: 2012 10 24 18  0  0   0
20250508 012123.336 INFO             PET1       <<<ESMX_Driver: leaving Initialize (phase=<none>) with current time: 2012 10 24 18  0  0   0
20250508 012123.336 INFO             PET1     ESMX_Driver: IInitAdvertise extro.
20250508 012123.336 INFO             PET1     Message from inside C component Advertise() method
20250508 012123.337 INFO             PET1     ESMX_Driver: IInitAdvertiseFinish intro.
20250508 012123.337 INFO             PET1       >>>ESMX_Driver: entered Initialize (phase=<none>) with current time: 2012 10 24 18  0  0   0
20250508 012123.338 INFO             PET1       <<<ESMX_Driver: leaving Initialize (phase=<none>) with current time: 2012 10 24 18  0  0   0
20250508 012123.338 INFO             PET1     ESMX_Driver: IInitAdvertiseFinish extro.
20250508 012123.338 INFO             PET1     ESMX_Driver: IInitModifyCplLists intro.
20250508 012123.339 INFO             PET1       >>>ESMX_Driver: entered Initialize (phase=<none>) with current time: 2012 10 24 18  0  0   0
20250508 012123.339 INFO             PET1       <<<ESMX_Driver: leaving Initialize (phase=<none>) with current time: 2012 10 24 18  0  0   0
20250508 012123.339 INFO             PET1     ESMX_Driver: IInitModifyCplLists extro.
20250508 012123.339 INFO             PET1     <<<ESMX_Driver: leaving Initialize (phase=<none>) with current time: 2012 10 24 18  0  0   0
20250508 012123.339 INFO             PET1   ESMX_Driver: InitializeIPDv02p1 extro.
20250508 012123.339 INFO             PET1   ESMX_Driver: InitializeIPDv02p3 intro.
20250508 012123.339 INFO             PET1     >>>ESMX_Driver: entered Initialize (phase=<none>) with current time: 2012 10 24 18  0  0   0
20250508 012123.340 INFO             PET1     ESMX_Driver: IInitCheck intro.
20250508 012123.340 INFO             PET1       >>>ESMX_Driver: entered Initialize (phase=<none>) with current time: 2012 10 24 18  0  0   0
20250508 012123.340 INFO             PET1       <<<ESMX_Driver: leaving Initialize (phase=<none>) with current time: 2012 10 24 18  0  0   0
20250508 012123.340 INFO             PET1     ESMX_Driver: IInitCheck extro.
20250508 012123.341 INFO             PET1     ESMX_Driver: IInitRealize intro.
20250508 012123.341 INFO             PET1       >>>ESMX_Driver: entered Initialize (phase=<none>) with current time: 2012 10 24 18  0  0   0
20250508 012123.341 INFO             PET1       <<<ESMX_Driver: leaving Initialize (phase=<none>) with current time: 2012 10 24 18  0  0   0
20250508 012123.341 INFO             PET1     ESMX_Driver: IInitRealize extro.
20250508 012123.342 INFO             PET1     <<<ESMX_Driver: leaving Initialize (phase=<none>) with current time: 2012 10 24 18  0  0   0
20250508 012123.342 INFO             PET1   ESMX_Driver: InitializeIPDv02p3 extro.
20250508 012123.342 INFO             PET1   ESMX_Driver: InitializeIPDv02p5 intro.
20250508 012123.342 INFO             PET1     >>>ESMX_Driver: entered Initialize (phase=<none>) with current time: 2012 10 24 18  0  0   0
20250508 012123.342 INFO             PET1     ESMX_Driver: InitializeIPDv02p5Data intro.
20250508 012123.343 INFO             PET1       >>>ESMX_Driver: entered Initialize (phase=<none>) with current time: 2012 10 24 18  0  0   0
20250508 012123.343 INFO             PET1       ESMX_Driver: InternalInitializeComplete intro.
20250508 012123.343 INFO             PET1         >>>ESMX_Driver: entered Initialize (phase=<none>) with current time: 2012 10 24 18  0  0   0
20250508 012123.343 INFO             PET1         <<<ESMX_Driver: leaving Initialize (phase=<none>) with current time: 2012 10 24 18  0  0   0
20250508 012123.343 INFO             PET1       ESMX_Driver: InternalInitializeComplete extro.
20250508 012123.346 INFO             PET1       ESMX_Driver: loopDataDependentInitialize intro.
20250508 012123.346 INFO             PET1         >>>ESMX_Driver: entered Initialize (phase=<none>) with current time: 2012 10 24 18  0  0   0
20250508 012123.347 INFO             PET1         <<<ESMX_Driver: leaving Initialize (phase=<none>) with current time: 2012 10 24 18  0  0   0
20250508 012123.347 INFO             PET1       ESMX_Driver: loopDataDependentInitialize extro.
20250508 012123.347 INFO             PET1       <<<ESMX_Driver: leaving Initialize (phase=<none>) with current time: 2012 10 24 18  0  0   0
20250508 012123.347 INFO             PET1     ESMX_Driver: InitializeIPDv02p5Data extro.
20250508 012123.347 INFO             PET1     <<<ESMX_Driver: leaving Initialize (phase=<none>) with current time: 2012 10 24 18  0  0   0
20250508 012123.347 INFO             PET1   ESMX_Driver: InitializeIPDv02p5 extro.
20250508 012123.347 INFO             PET1   <<<ESMX_Driver: leaving Initialize (phase=<none>) with current time: 2012 10 24 18  0  0   0
20250508 012123.347 INFO             PET1 ESMX_Driver: InitializeGeneric extro.
20250508 012123.348 INFO             PET1 ESMX_Driver: Run intro.
20250508 012123.348 INFO             PET1   >>>ESMX_Driver: entered Run (phase=RunPhase1) with current time: 2012 10 24 18  0  0   0
20250508 012123.348 INFO             PET1   Message from inside C component Advance() method
20250508 012123.349 INFO             PET1   <<<ESMX_Driver: leaving Run (phase=RunPhase1) with current time: 2012 10 24 19  0  0   0
20250508 012123.349 INFO             PET1 ESMX_Driver: Run extro.
20250508 012123.349 INFO             PET1 ESMX_Driver: Finalize intro.
20250508 012123.349 INFO             PET1   >>>ESMX_Driver: entered Finalize (phase=FinalizePhase1) with current time: 2012 10 24 19  0  0   0
20250508 012123.349 INFO             PET1   Calling Finalize phase 1 for modelComp: MDL
20250508 012123.349 INFO             PET1   Delete modelComp: MDL
20250508 012123.350 INFO             PET1   <<<ESMX_Driver: leaving Finalize (phase=FinalizePhase1) with current time: 2012 10 24 19  0  0   0
20250508 012123.350 INFO             PET1 ESMX_Driver: Finalize extro.
20250508 012123.350 INFO             PET1 =============================================
20250508 012123.350 INFO             PET1 ESMX (Earth System Model eXecutable) FINISHED
20250508 012123.350 INFO             PET1 =============================================
20250508 012123.350 INFO             PET1  Finalizing ESMF
20250508 012123.282 INFO             PET2 !!!!!!!!!!!!!!!!!!!!!!!!!!!!!!!!!!!!!!!!!!!!!!!!!!!!!!
20250508 012123.282 INFO             PET2 !!! THE ESMF_LOG IS SET TO OUTPUT ALL LOG MESSAGES !!!
20250508 012123.282 INFO             PET2 !!!     THIS MAY CAUSE SLOWDOWN IN PERFORMANCE     !!!
20250508 012123.282 INFO             PET2 !!! FOR PRODUCTION RUNS, USE:                      !!!
20250508 012123.282 INFO             PET2 !!!                   ESMF_LOGKIND_Multi_On_Error  !!!
20250508 012123.282 INFO             PET2 !!!!!!!!!!!!!!!!!!!!!!!!!!!!!!!!!!!!!!!!!!!!!!!!!!!!!!
20250508 012123.282 INFO             PET2 Running with ESMF Version   : v8.9.0b08-5-g079ca68fdc
20250508 012123.282 INFO             PET2 ESMF library build date/time: "May  7 2025" "23:03:38"
20250508 012123.282 INFO             PET2 ESMF library build location : /discover/nobackup/projects/gmao/SIteam/ESMF_Testing/intel_2021.6.0_intelmpi_g_develop/esmf
20250508 012123.282 INFO             PET2 ESMF_COMM                   : intelmpi
20250508 012123.282 INFO             PET2 ESMF_MOAB                   : enabled
20250508 012123.282 INFO             PET2 ESMF_LAPACK                 : enabled
20250508 012123.282 INFO             PET2 ESMF_NETCDF                 : disabled
20250508 012123.282 INFO             PET2 ESMF_PNETCDF                : disabled
20250508 012123.282 INFO             PET2 ESMF_PIO                    : disabled
20250508 012123.282 INFO             PET2 ESMF_YAMLCPP                : enabled
20250508 012123.288 INFO             PET2 =============================================
20250508 012123.288 INFO             PET2 ESMX (Earth System Model eXecutable) STARTING
20250508 012123.288 INFO             PET2 =============================================
20250508 012123.301 INFO             PET2 ESMX_Driver: InitializeGeneric intro.
20250508 012123.301 INFO             PET2   >>>ESMX_Driver: entered Initialize (phase=<none>) without valid internal Clock.
20250508 012123.301 INFO             PET2   ESMX_Driver: InitializeP0 intro.
20250508 012123.301 INFO             PET2     >>>ESMX_Driver: entered Initialize (phase=<none>) without valid internal Clock.
20250508 012123.301 INFO             PET2     <<<ESMX_Driver: leaving Initialize (phase=<none>) without valid internal Clock.
20250508 012123.301 INFO             PET2   ESMX_Driver: InitializeP0 extro.
20250508 012123.302 INFO             PET2   ESMX_Driver: InitializeIPDv02p1 intro.
20250508 012123.302 INFO             PET2     >>>ESMX_Driver: entered Initialize (phase=<none>) without valid internal Clock.
20250508 012123.310 INFO             PET2     ESMX_Driver - Creating model component MDL without petList.
20250508 012123.313 DEBUG            PET2     Generic SetVM() is executing for: MDL
20250508 012123.313 DEBUG            PET2     Generic SetVM() found no NUOPC Hint for: MDL
20250508 012123.313 DEBUG            PET2     Generic SetVM() therefore is NOT calling ESMF_GridCompSetVMMaxPEs() for: MDL
20250508 012123.335 INFO             PET2     ESMX_Driver: IInitAdvertise intro.
20250508 012123.335 INFO             PET2       >>>ESMX_Driver: entered Initialize (phase=<none>) with current time: 2012 10 24 18  0  0   0
20250508 012123.336 INFO             PET2       <<<ESMX_Driver: leaving Initialize (phase=<none>) with current time: 2012 10 24 18  0  0   0
20250508 012123.336 INFO             PET2     ESMX_Driver: IInitAdvertise extro.
20250508 012123.336 INFO             PET2     Message from inside C component Advertise() method
20250508 012123.337 INFO             PET2     ESMX_Driver: IInitAdvertiseFinish intro.
20250508 012123.338 INFO             PET2       >>>ESMX_Driver: entered Initialize (phase=<none>) with current time: 2012 10 24 18  0  0   0
20250508 012123.338 INFO             PET2       <<<ESMX_Driver: leaving Initialize (phase=<none>) with current time: 2012 10 24 18  0  0   0
20250508 012123.338 INFO             PET2     ESMX_Driver: IInitAdvertiseFinish extro.
20250508 012123.339 INFO             PET2     ESMX_Driver: IInitModifyCplLists intro.
20250508 012123.340 INFO             PET2       >>>ESMX_Driver: entered Initialize (phase=<none>) with current time: 2012 10 24 18  0  0   0
20250508 012123.340 INFO             PET2       <<<ESMX_Driver: leaving Initialize (phase=<none>) with current time: 2012 10 24 18  0  0   0
20250508 012123.340 INFO             PET2     ESMX_Driver: IInitModifyCplLists extro.
20250508 012123.340 INFO             PET2     <<<ESMX_Driver: leaving Initialize (phase=<none>) with current time: 2012 10 24 18  0  0   0
20250508 012123.340 INFO             PET2   ESMX_Driver: InitializeIPDv02p1 extro.
20250508 012123.340 INFO             PET2   ESMX_Driver: InitializeIPDv02p3 intro.
20250508 012123.340 INFO             PET2     >>>ESMX_Driver: entered Initialize (phase=<none>) with current time: 2012 10 24 18  0  0   0
20250508 012123.341 INFO             PET2     ESMX_Driver: IInitCheck intro.
20250508 012123.341 INFO             PET2       >>>ESMX_Driver: entered Initialize (phase=<none>) with current time: 2012 10 24 18  0  0   0
20250508 012123.341 INFO             PET2       <<<ESMX_Driver: leaving Initialize (phase=<none>) with current time: 2012 10 24 18  0  0   0
20250508 012123.341 INFO             PET2     ESMX_Driver: IInitCheck extro.
20250508 012123.342 INFO             PET2     ESMX_Driver: IInitRealize intro.
20250508 012123.342 INFO             PET2       >>>ESMX_Driver: entered Initialize (phase=<none>) with current time: 2012 10 24 18  0  0   0
20250508 012123.342 INFO             PET2       <<<ESMX_Driver: leaving Initialize (phase=<none>) with current time: 2012 10 24 18  0  0   0
20250508 012123.342 INFO             PET2     ESMX_Driver: IInitRealize extro.
20250508 012123.343 INFO             PET2     <<<ESMX_Driver: leaving Initialize (phase=<none>) with current time: 2012 10 24 18  0  0   0
20250508 012123.343 INFO             PET2   ESMX_Driver: InitializeIPDv02p3 extro.
20250508 012123.343 INFO             PET2   ESMX_Driver: InitializeIPDv02p5 intro.
20250508 012123.343 INFO             PET2     >>>ESMX_Driver: entered Initialize (phase=<none>) with current time: 2012 10 24 18  0  0   0
20250508 012123.343 INFO             PET2     ESMX_Driver: InitializeIPDv02p5Data intro.
20250508 012123.344 INFO             PET2       >>>ESMX_Driver: entered Initialize (phase=<none>) with current time: 2012 10 24 18  0  0   0
20250508 012123.344 INFO             PET2       ESMX_Driver: InternalInitializeComplete intro.
20250508 012123.344 INFO             PET2         >>>ESMX_Driver: entered Initialize (phase=<none>) with current time: 2012 10 24 18  0  0   0
20250508 012123.344 INFO             PET2         <<<ESMX_Driver: leaving Initialize (phase=<none>) with current time: 2012 10 24 18  0  0   0
20250508 012123.344 INFO             PET2       ESMX_Driver: InternalInitializeComplete extro.
20250508 012123.346 INFO             PET2       ESMX_Driver: loopDataDependentInitialize intro.
20250508 012123.346 INFO             PET2         >>>ESMX_Driver: entered Initialize (phase=<none>) with current time: 2012 10 24 18  0  0   0
20250508 012123.347 INFO             PET2         <<<ESMX_Driver: leaving Initialize (phase=<none>) with current time: 2012 10 24 18  0  0   0
20250508 012123.347 INFO             PET2       ESMX_Driver: loopDataDependentInitialize extro.
20250508 012123.347 INFO             PET2       <<<ESMX_Driver: leaving Initialize (phase=<none>) with current time: 2012 10 24 18  0  0   0
20250508 012123.347 INFO             PET2     ESMX_Driver: InitializeIPDv02p5Data extro.
20250508 012123.347 INFO             PET2     <<<ESMX_Driver: leaving Initialize (phase=<none>) with current time: 2012 10 24 18  0  0   0
20250508 012123.347 INFO             PET2   ESMX_Driver: InitializeIPDv02p5 extro.
20250508 012123.347 INFO             PET2   <<<ESMX_Driver: leaving Initialize (phase=<none>) with current time: 2012 10 24 18  0  0   0
20250508 012123.347 INFO             PET2 ESMX_Driver: InitializeGeneric extro.
20250508 012123.348 INFO             PET2 ESMX_Driver: Run intro.
20250508 012123.348 INFO             PET2   >>>ESMX_Driver: entered Run (phase=RunPhase1) with current time: 2012 10 24 18  0  0   0
20250508 012123.348 INFO             PET2   Message from inside C component Advance() method
20250508 012123.349 INFO             PET2   <<<ESMX_Driver: leaving Run (phase=RunPhase1) with current time: 2012 10 24 19  0  0   0
20250508 012123.349 INFO             PET2 ESMX_Driver: Run extro.
20250508 012123.349 INFO             PET2 ESMX_Driver: Finalize intro.
20250508 012123.349 INFO             PET2   >>>ESMX_Driver: entered Finalize (phase=FinalizePhase1) with current time: 2012 10 24 19  0  0   0
20250508 012123.349 INFO             PET2   Calling Finalize phase 1 for modelComp: MDL
20250508 012123.349 INFO             PET2   Delete modelComp: MDL
20250508 012123.350 INFO             PET2   <<<ESMX_Driver: leaving Finalize (phase=FinalizePhase1) with current time: 2012 10 24 19  0  0   0
20250508 012123.350 INFO             PET2 ESMX_Driver: Finalize extro.
20250508 012123.350 INFO             PET2 =============================================
20250508 012123.350 INFO             PET2 ESMX (Earth System Model eXecutable) FINISHED
20250508 012123.350 INFO             PET2 =============================================
20250508 012123.350 INFO             PET2  Finalizing ESMF
20250508 012123.281 INFO             PET3 !!!!!!!!!!!!!!!!!!!!!!!!!!!!!!!!!!!!!!!!!!!!!!!!!!!!!!
20250508 012123.281 INFO             PET3 !!! THE ESMF_LOG IS SET TO OUTPUT ALL LOG MESSAGES !!!
20250508 012123.281 INFO             PET3 !!!     THIS MAY CAUSE SLOWDOWN IN PERFORMANCE     !!!
20250508 012123.281 INFO             PET3 !!! FOR PRODUCTION RUNS, USE:                      !!!
20250508 012123.281 INFO             PET3 !!!                   ESMF_LOGKIND_Multi_On_Error  !!!
20250508 012123.281 INFO             PET3 !!!!!!!!!!!!!!!!!!!!!!!!!!!!!!!!!!!!!!!!!!!!!!!!!!!!!!
20250508 012123.281 INFO             PET3 Running with ESMF Version   : v8.9.0b08-5-g079ca68fdc
20250508 012123.281 INFO             PET3 ESMF library build date/time: "May  7 2025" "23:03:38"
20250508 012123.281 INFO             PET3 ESMF library build location : /discover/nobackup/projects/gmao/SIteam/ESMF_Testing/intel_2021.6.0_intelmpi_g_develop/esmf
20250508 012123.281 INFO             PET3 ESMF_COMM                   : intelmpi
20250508 012123.282 INFO             PET3 ESMF_MOAB                   : enabled
20250508 012123.282 INFO             PET3 ESMF_LAPACK                 : enabled
20250508 012123.282 INFO             PET3 ESMF_NETCDF                 : disabled
20250508 012123.282 INFO             PET3 ESMF_PNETCDF                : disabled
20250508 012123.282 INFO             PET3 ESMF_PIO                    : disabled
20250508 012123.282 INFO             PET3 ESMF_YAMLCPP                : enabled
20250508 012123.288 INFO             PET3 =============================================
20250508 012123.288 INFO             PET3 ESMX (Earth System Model eXecutable) STARTING
20250508 012123.288 INFO             PET3 =============================================
20250508 012123.301 INFO             PET3 ESMX_Driver: InitializeGeneric intro.
20250508 012123.301 INFO             PET3   >>>ESMX_Driver: entered Initialize (phase=<none>) without valid internal Clock.
20250508 012123.301 INFO             PET3   ESMX_Driver: InitializeP0 intro.
20250508 012123.301 INFO             PET3     >>>ESMX_Driver: entered Initialize (phase=<none>) without valid internal Clock.
20250508 012123.301 INFO             PET3     <<<ESMX_Driver: leaving Initialize (phase=<none>) without valid internal Clock.
20250508 012123.301 INFO             PET3   ESMX_Driver: InitializeP0 extro.
20250508 012123.302 INFO             PET3   ESMX_Driver: InitializeIPDv02p1 intro.
20250508 012123.302 INFO             PET3     >>>ESMX_Driver: entered Initialize (phase=<none>) without valid internal Clock.
20250508 012123.310 INFO             PET3     ESMX_Driver - Creating model component MDL without petList.
20250508 012123.313 DEBUG            PET3     Generic SetVM() is executing for: MDL
20250508 012123.313 DEBUG            PET3     Generic SetVM() found no NUOPC Hint for: MDL
20250508 012123.313 DEBUG            PET3     Generic SetVM() therefore is NOT calling ESMF_GridCompSetVMMaxPEs() for: MDL
20250508 012123.335 INFO             PET3     ESMX_Driver: IInitAdvertise intro.
20250508 012123.335 INFO             PET3       >>>ESMX_Driver: entered Initialize (phase=<none>) with current time: 2012 10 24 18  0  0   0
20250508 012123.336 INFO             PET3       <<<ESMX_Driver: leaving Initialize (phase=<none>) with current time: 2012 10 24 18  0  0   0
20250508 012123.336 INFO             PET3     ESMX_Driver: IInitAdvertise extro.
20250508 012123.336 INFO             PET3     Message from inside C component Advertise() method
20250508 012123.337 INFO             PET3     ESMX_Driver: IInitAdvertiseFinish intro.
20250508 012123.338 INFO             PET3       >>>ESMX_Driver: entered Initialize (phase=<none>) with current time: 2012 10 24 18  0  0   0
20250508 012123.338 INFO             PET3       <<<ESMX_Driver: leaving Initialize (phase=<none>) with current time: 2012 10 24 18  0  0   0
20250508 012123.338 INFO             PET3     ESMX_Driver: IInitAdvertiseFinish extro.
20250508 012123.339 INFO             PET3     ESMX_Driver: IInitModifyCplLists intro.
20250508 012123.340 INFO             PET3       >>>ESMX_Driver: entered Initialize (phase=<none>) with current time: 2012 10 24 18  0  0   0
20250508 012123.340 INFO             PET3       <<<ESMX_Driver: leaving Initialize (phase=<none>) with current time: 2012 10 24 18  0  0   0
20250508 012123.340 INFO             PET3     ESMX_Driver: IInitModifyCplLists extro.
20250508 012123.340 INFO             PET3     <<<ESMX_Driver: leaving Initialize (phase=<none>) with current time: 2012 10 24 18  0  0   0
20250508 012123.340 INFO             PET3   ESMX_Driver: InitializeIPDv02p1 extro.
20250508 012123.340 INFO             PET3   ESMX_Driver: InitializeIPDv02p3 intro.
20250508 012123.340 INFO             PET3     >>>ESMX_Driver: entered Initialize (phase=<none>) with current time: 2012 10 24 18  0  0   0
20250508 012123.341 INFO             PET3     ESMX_Driver: IInitCheck intro.
20250508 012123.341 INFO             PET3       >>>ESMX_Driver: entered Initialize (phase=<none>) with current time: 2012 10 24 18  0  0   0
20250508 012123.341 INFO             PET3       <<<ESMX_Driver: leaving Initialize (phase=<none>) with current time: 2012 10 24 18  0  0   0
20250508 012123.341 INFO             PET3     ESMX_Driver: IInitCheck extro.
20250508 012123.342 INFO             PET3     ESMX_Driver: IInitRealize intro.
20250508 012123.342 INFO             PET3       >>>ESMX_Driver: entered Initialize (phase=<none>) with current time: 2012 10 24 18  0  0   0
20250508 012123.342 INFO             PET3       <<<ESMX_Driver: leaving Initialize (phase=<none>) with current time: 2012 10 24 18  0  0   0
20250508 012123.342 INFO             PET3     ESMX_Driver: IInitRealize extro.
20250508 012123.343 INFO             PET3     <<<ESMX_Driver: leaving Initialize (phase=<none>) with current time: 2012 10 24 18  0  0   0
20250508 012123.343 INFO             PET3   ESMX_Driver: InitializeIPDv02p3 extro.
20250508 012123.343 INFO             PET3   ESMX_Driver: InitializeIPDv02p5 intro.
20250508 012123.343 INFO             PET3     >>>ESMX_Driver: entered Initialize (phase=<none>) with current time: 2012 10 24 18  0  0   0
20250508 012123.343 INFO             PET3     ESMX_Driver: InitializeIPDv02p5Data intro.
20250508 012123.344 INFO             PET3       >>>ESMX_Driver: entered Initialize (phase=<none>) with current time: 2012 10 24 18  0  0   0
20250508 012123.344 INFO             PET3       ESMX_Driver: InternalInitializeComplete intro.
20250508 012123.344 INFO             PET3         >>>ESMX_Driver: entered Initialize (phase=<none>) with current time: 2012 10 24 18  0  0   0
20250508 012123.344 INFO             PET3         <<<ESMX_Driver: leaving Initialize (phase=<none>) with current time: 2012 10 24 18  0  0   0
20250508 012123.344 INFO             PET3       ESMX_Driver: InternalInitializeComplete extro.
20250508 012123.346 INFO             PET3       ESMX_Driver: loopDataDependentInitialize intro.
20250508 012123.346 INFO             PET3         >>>ESMX_Driver: entered Initialize (phase=<none>) with current time: 2012 10 24 18  0  0   0
20250508 012123.347 INFO             PET3         <<<ESMX_Driver: leaving Initialize (phase=<none>) with current time: 2012 10 24 18  0  0   0
20250508 012123.347 INFO             PET3       ESMX_Driver: loopDataDependentInitialize extro.
20250508 012123.347 INFO             PET3       <<<ESMX_Driver: leaving Initialize (phase=<none>) with current time: 2012 10 24 18  0  0   0
20250508 012123.347 INFO             PET3     ESMX_Driver: InitializeIPDv02p5Data extro.
20250508 012123.347 INFO             PET3     <<<ESMX_Driver: leaving Initialize (phase=<none>) with current time: 2012 10 24 18  0  0   0
20250508 012123.347 INFO             PET3   ESMX_Driver: InitializeIPDv02p5 extro.
20250508 012123.347 INFO             PET3   <<<ESMX_Driver: leaving Initialize (phase=<none>) with current time: 2012 10 24 18  0  0   0
20250508 012123.347 INFO             PET3 ESMX_Driver: InitializeGeneric extro.
20250508 012123.348 INFO             PET3 ESMX_Driver: Run intro.
20250508 012123.348 INFO             PET3   >>>ESMX_Driver: entered Run (phase=RunPhase1) with current time: 2012 10 24 18  0  0   0
20250508 012123.348 INFO             PET3   Message from inside C component Advance() method
20250508 012123.349 INFO             PET3   <<<ESMX_Driver: leaving Run (phase=RunPhase1) with current time: 2012 10 24 19  0  0   0
20250508 012123.349 INFO             PET3 ESMX_Driver: Run extro.
20250508 012123.349 INFO             PET3 ESMX_Driver: Finalize intro.
20250508 012123.349 INFO             PET3   >>>ESMX_Driver: entered Finalize (phase=FinalizePhase1) with current time: 2012 10 24 19  0  0   0
20250508 012123.349 INFO             PET3   Calling Finalize phase 1 for modelComp: MDL
20250508 012123.349 INFO             PET3   Delete modelComp: MDL
20250508 012123.350 INFO             PET3   <<<ESMX_Driver: leaving Finalize (phase=FinalizePhase1) with current time: 2012 10 24 19  0  0   0
20250508 012123.350 INFO             PET3 ESMX_Driver: Finalize extro.
20250508 012123.350 INFO             PET3 =============================================
20250508 012123.350 INFO             PET3 ESMX (Earth System Model eXecutable) FINISHED
20250508 012123.350 INFO             PET3 =============================================
20250508 012123.350 INFO             PET3  Finalizing ESMF
