2024-10-13 03:52:56
20241013 041552.072 INFO             PET0 !!!!!!!!!!!!!!!!!!!!!!!!!!!!!!!!!!!!!!!!!!!!!!!!!!!!!!
20241013 041552.072 INFO             PET0 !!! THE ESMF_LOG IS SET TO OUTPUT ALL LOG MESSAGES !!!
20241013 041552.072 INFO             PET0 !!!     THIS MAY CAUSE SLOWDOWN IN PERFORMANCE     !!!
20241013 041552.072 INFO             PET0 !!! FOR PRODUCTION RUNS, USE:                      !!!
20241013 041552.072 INFO             PET0 !!!                   ESMF_LOGKIND_Multi_On_Error  !!!
20241013 041552.072 INFO             PET0 !!!!!!!!!!!!!!!!!!!!!!!!!!!!!!!!!!!!!!!!!!!!!!!!!!!!!!
20241013 041552.072 INFO             PET0 Running with ESMF Version   : v8.8.0b01
20241013 041552.072 INFO             PET0 ESMF library build date/time: "Oct 13 2024" "03:51:49"
20241013 041552.072 INFO             PET0 ESMF library build location : /tmp/gfortran_12.2.0_mpi_O_develop/esmf
20241013 041552.072 INFO             PET0 ESMF_COMM                   : mpi
20241013 041552.072 INFO             PET0 ESMF_MOAB                   : enabled
20241013 041552.072 INFO             PET0 ESMF_LAPACK                 : enabled
20241013 041552.072 INFO             PET0 ESMF_NETCDF                 : enabled
20241013 041552.072 INFO             PET0 ESMF_PNETCDF                : disabled
20241013 041552.072 INFO             PET0 ESMF_PIO                    : enabled
20241013 041552.072 INFO             PET0 ESMF_YAMLCPP                : enabled
20241013 041552.101 DEBUG            PET0 about to destroy Grid: 0x54f270
20241013 041552.103 DEBUG            PET0 about to destroy Grid: 0x550ff0
20241013 041552.112 INFO             PET0  NUMBER_OF_PROCESSORS           4
20241013 041552.112 INFO             PET0  PASS  Example ESMF_NUOPCAtmModelEx, ESMF_NUOPCAtmModelEx.F90, line 806
20241013 041552.112 INFO             PET0  Finalizing ESMF
20241013 041552.072 INFO             PET1 !!!!!!!!!!!!!!!!!!!!!!!!!!!!!!!!!!!!!!!!!!!!!!!!!!!!!!
20241013 041552.072 INFO             PET1 !!! THE ESMF_LOG IS SET TO OUTPUT ALL LOG MESSAGES !!!
20241013 041552.072 INFO             PET1 !!!     THIS MAY CAUSE SLOWDOWN IN PERFORMANCE     !!!
20241013 041552.072 INFO             PET1 !!! FOR PRODUCTION RUNS, USE:                      !!!
20241013 041552.072 INFO             PET1 !!!                   ESMF_LOGKIND_Multi_On_Error  !!!
20241013 041552.072 INFO             PET1 !!!!!!!!!!!!!!!!!!!!!!!!!!!!!!!!!!!!!!!!!!!!!!!!!!!!!!
20241013 041552.072 INFO             PET1 Running with ESMF Version   : v8.8.0b01
20241013 041552.072 INFO             PET1 ESMF library build date/time: "Oct 13 2024" "03:51:49"
20241013 041552.072 INFO             PET1 ESMF library build location : /tmp/gfortran_12.2.0_mpi_O_develop/esmf
20241013 041552.072 INFO             PET1 ESMF_COMM                   : mpi
20241013 041552.072 INFO             PET1 ESMF_MOAB                   : enabled
20241013 041552.072 INFO             PET1 ESMF_LAPACK                 : enabled
20241013 041552.072 INFO             PET1 ESMF_NETCDF                 : enabled
20241013 041552.072 INFO             PET1 ESMF_PNETCDF                : disabled
20241013 041552.072 INFO             PET1 ESMF_PIO                    : enabled
20241013 041552.072 INFO             PET1 ESMF_YAMLCPP                : enabled
20241013 041552.101 DEBUG            PET1 about to destroy Grid: 0x54c3c0
20241013 041552.103 DEBUG            PET1 about to destroy Grid: 0x54dc60
20241013 041552.112 INFO             PET1  NUMBER_OF_PROCESSORS           4
20241013 041552.112 INFO             PET1  PASS  Example ESMF_NUOPCAtmModelEx, ESMF_NUOPCAtmModelEx.F90, line 806
20241013 041552.112 INFO             PET1  Finalizing ESMF
20241013 041552.072 INFO             PET2 !!!!!!!!!!!!!!!!!!!!!!!!!!!!!!!!!!!!!!!!!!!!!!!!!!!!!!
20241013 041552.072 INFO             PET2 !!! THE ESMF_LOG IS SET TO OUTPUT ALL LOG MESSAGES !!!
20241013 041552.072 INFO             PET2 !!!     THIS MAY CAUSE SLOWDOWN IN PERFORMANCE     !!!
20241013 041552.072 INFO             PET2 !!! FOR PRODUCTION RUNS, USE:                      !!!
20241013 041552.072 INFO             PET2 !!!                   ESMF_LOGKIND_Multi_On_Error  !!!
20241013 041552.072 INFO             PET2 !!!!!!!!!!!!!!!!!!!!!!!!!!!!!!!!!!!!!!!!!!!!!!!!!!!!!!
20241013 041552.072 INFO             PET2 Running with ESMF Version   : v8.8.0b01
20241013 041552.072 INFO             PET2 ESMF library build date/time: "Oct 13 2024" "03:51:49"
20241013 041552.072 INFO             PET2 ESMF library build location : /tmp/gfortran_12.2.0_mpi_O_develop/esmf
20241013 041552.072 INFO             PET2 ESMF_COMM                   : mpi
20241013 041552.072 INFO             PET2 ESMF_MOAB                   : enabled
20241013 041552.072 INFO             PET2 ESMF_LAPACK                 : enabled
20241013 041552.072 INFO             PET2 ESMF_NETCDF                 : enabled
20241013 041552.072 INFO             PET2 ESMF_PNETCDF                : disabled
20241013 041552.072 INFO             PET2 ESMF_PIO                    : enabled
20241013 041552.072 INFO             PET2 ESMF_YAMLCPP                : enabled
20241013 041552.101 DEBUG            PET2 about to destroy Grid: 0x54bcd0
20241013 041552.103 DEBUG            PET2 about to destroy Grid: 0x54d570
20241013 041552.112 INFO             PET2  NUMBER_OF_PROCESSORS           4
20241013 041552.112 INFO             PET2  PASS  Example ESMF_NUOPCAtmModelEx, ESMF_NUOPCAtmModelEx.F90, line 806
20241013 041552.112 INFO             PET2  Finalizing ESMF
20241013 041552.072 INFO             PET3 !!!!!!!!!!!!!!!!!!!!!!!!!!!!!!!!!!!!!!!!!!!!!!!!!!!!!!
20241013 041552.072 INFO             PET3 !!! THE ESMF_LOG IS SET TO OUTPUT ALL LOG MESSAGES !!!
20241013 041552.072 INFO             PET3 !!!     THIS MAY CAUSE SLOWDOWN IN PERFORMANCE     !!!
20241013 041552.072 INFO             PET3 !!! FOR PRODUCTION RUNS, USE:                      !!!
20241013 041552.072 INFO             PET3 !!!                   ESMF_LOGKIND_Multi_On_Error  !!!
20241013 041552.072 INFO             PET3 !!!!!!!!!!!!!!!!!!!!!!!!!!!!!!!!!!!!!!!!!!!!!!!!!!!!!!
20241013 041552.072 INFO             PET3 Running with ESMF Version   : v8.8.0b01
20241013 041552.072 INFO             PET3 ESMF library build date/time: "Oct 13 2024" "03:51:49"
20241013 041552.072 INFO             PET3 ESMF library build location : /tmp/gfortran_12.2.0_mpi_O_develop/esmf
20241013 041552.072 INFO             PET3 ESMF_COMM                   : mpi
20241013 041552.072 INFO             PET3 ESMF_MOAB                   : enabled
20241013 041552.072 INFO             PET3 ESMF_LAPACK                 : enabled
20241013 041552.072 INFO             PET3 ESMF_NETCDF                 : enabled
20241013 041552.072 INFO             PET3 ESMF_PNETCDF                : disabled
20241013 041552.072 INFO             PET3 ESMF_PIO                    : enabled
20241013 041552.072 INFO             PET3 ESMF_YAMLCPP                : enabled
20241013 041552.101 DEBUG            PET3 about to destroy Grid: 0x54b370
20241013 041552.103 DEBUG            PET3 about to destroy Grid: 0x54cff0
20241013 041552.112 INFO             PET3  NUMBER_OF_PROCESSORS           4
20241013 041552.112 INFO             PET3  PASS  Example ESMF_NUOPCAtmModelEx, ESMF_NUOPCAtmModelEx.F90, line 806
20241013 041552.112 INFO             PET3  Finalizing ESMF
