2024-10-12 23:34:59
20241013 001218.707 INFO             PET0 !!!!!!!!!!!!!!!!!!!!!!!!!!!!!!!!!!!!!!!!!!!!!!!!!!!!!!
20241013 001218.707 INFO             PET0 !!! THE ESMF_LOG IS SET TO OUTPUT ALL LOG MESSAGES !!!
20241013 001218.707 INFO             PET0 !!!     THIS MAY CAUSE SLOWDOWN IN PERFORMANCE     !!!
20241013 001218.707 INFO             PET0 !!! FOR PRODUCTION RUNS, USE:                      !!!
20241013 001218.707 INFO             PET0 !!!                   ESMF_LOGKIND_Multi_On_Error  !!!
20241013 001218.707 INFO             PET0 !!!!!!!!!!!!!!!!!!!!!!!!!!!!!!!!!!!!!!!!!!!!!!!!!!!!!!
20241013 001218.707 INFO             PET0 Running with ESMF Version   : v8.8.0b01
20241013 001218.707 INFO             PET0 ESMF library build date/time: "Oct 12 2024" "23:32:00"
20241013 001218.707 INFO             PET0 ESMF library build location : /discover/nobackup/projects/gmao/SIteam/ESMF_Testing/nag_7.2.15_openmpi_O_develop/esmf
20241013 001218.707 INFO             PET0 ESMF_COMM                   : openmpi
20241013 001218.707 INFO             PET0 ESMF_MOAB                   : enabled
20241013 001218.707 INFO             PET0 ESMF_LAPACK                 : enabled
20241013 001218.707 INFO             PET0 ESMF_NETCDF                 : disabled
20241013 001218.707 INFO             PET0 ESMF_PNETCDF                : disabled
20241013 001218.707 INFO             PET0 ESMF_PIO                    : disabled
20241013 001218.707 INFO             PET0 ESMF_YAMLCPP                : enabled
20241013 001218.708 INFO             PET0  NUMBER_OF_PROCESSORS 1
20241013 001218.708 INFO             PET0  PASS  Example ESMF_AlarmEx, ESMF_AlarmEx.F90, line 244
20241013 001218.708 INFO             PET0  Finalizing ESMF
