2024-10-08 22:34:25
20241008 234426.105 INFO             PET0 !!!!!!!!!!!!!!!!!!!!!!!!!!!!!!!!!!!!!!!!!!!!!!!!!!!!!!
20241008 234426.105 INFO             PET0 !!! THE ESMF_LOG IS SET TO OUTPUT ALL LOG MESSAGES !!!
20241008 234426.105 INFO             PET0 !!!     THIS MAY CAUSE SLOWDOWN IN PERFORMANCE     !!!
20241008 234426.105 INFO             PET0 !!! FOR PRODUCTION RUNS, USE:                      !!!
20241008 234426.105 INFO             PET0 !!!                   ESMF_LOGKIND_Multi_On_Error  !!!
20241008 234426.105 INFO             PET0 !!!!!!!!!!!!!!!!!!!!!!!!!!!!!!!!!!!!!!!!!!!!!!!!!!!!!!
20241008 234426.105 INFO             PET0 Running with ESMF Version   : v8.8.0b00-12-g0d4b825343
20241008 234426.105 INFO             PET0 ESMF library build date/time: "Oct  8 2024" "22:30:56"
20241008 234426.105 INFO             PET0 ESMF library build location : /discover/nobackup/projects/gmao/SIteam/ESMF_Testing/nag_7.2.15_openmpi_O_develop/esmf
20241008 234426.105 INFO             PET0 ESMF_COMM                   : openmpi
20241008 234426.106 INFO             PET0 ESMF_MOAB                   : enabled
20241008 234426.106 INFO             PET0 ESMF_LAPACK                 : enabled
20241008 234426.106 INFO             PET0 ESMF_NETCDF                 : disabled
20241008 234426.106 INFO             PET0 ESMF_PNETCDF                : disabled
20241008 234426.106 INFO             PET0 ESMF_PIO                    : disabled
20241008 234426.106 INFO             PET0 ESMF_YAMLCPP                : enabled
20241008 234426.203 DEBUG            PET0 about to destroy Grid: 0x140df00
20241008 234426.215 DEBUG            PET0 about to destroy Grid: 0x140f0d0
20241008 234426.250 INFO             PET0  NUMBER_OF_PROCESSORS 4
20241008 234426.250 INFO             PET0  PASS  Example ESMF_NUOPCAtmModelEx, ESMF_NUOPCAtmModelEx.F90, line 806
20241008 234426.250 INFO             PET0  Finalizing ESMF
20241008 234426.105 INFO             PET1 !!!!!!!!!!!!!!!!!!!!!!!!!!!!!!!!!!!!!!!!!!!!!!!!!!!!!!
20241008 234426.105 INFO             PET1 !!! THE ESMF_LOG IS SET TO OUTPUT ALL LOG MESSAGES !!!
20241008 234426.105 INFO             PET1 !!!     THIS MAY CAUSE SLOWDOWN IN PERFORMANCE     !!!
20241008 234426.105 INFO             PET1 !!! FOR PRODUCTION RUNS, USE:                      !!!
20241008 234426.105 INFO             PET1 !!!                   ESMF_LOGKIND_Multi_On_Error  !!!
20241008 234426.105 INFO             PET1 !!!!!!!!!!!!!!!!!!!!!!!!!!!!!!!!!!!!!!!!!!!!!!!!!!!!!!
20241008 234426.105 INFO             PET1 Running with ESMF Version   : v8.8.0b00-12-g0d4b825343
20241008 234426.105 INFO             PET1 ESMF library build date/time: "Oct  8 2024" "22:30:56"
20241008 234426.105 INFO             PET1 ESMF library build location : /discover/nobackup/projects/gmao/SIteam/ESMF_Testing/nag_7.2.15_openmpi_O_develop/esmf
20241008 234426.106 INFO             PET1 ESMF_COMM                   : openmpi
20241008 234426.106 INFO             PET1 ESMF_MOAB                   : enabled
20241008 234426.106 INFO             PET1 ESMF_LAPACK                 : enabled
20241008 234426.106 INFO             PET1 ESMF_NETCDF                 : disabled
20241008 234426.106 INFO             PET1 ESMF_PNETCDF                : disabled
20241008 234426.106 INFO             PET1 ESMF_PIO                    : disabled
20241008 234426.106 INFO             PET1 ESMF_YAMLCPP                : enabled
20241008 234426.203 DEBUG            PET1 about to destroy Grid: 0x21bf690
20241008 234426.215 DEBUG            PET1 about to destroy Grid: 0x21c2de0
20241008 234426.250 INFO             PET1  NUMBER_OF_PROCESSORS 4
20241008 234426.250 INFO             PET1  PASS  Example ESMF_NUOPCAtmModelEx, ESMF_NUOPCAtmModelEx.F90, line 806
20241008 234426.250 INFO             PET1  Finalizing ESMF
20241008 234426.106 INFO             PET2 !!!!!!!!!!!!!!!!!!!!!!!!!!!!!!!!!!!!!!!!!!!!!!!!!!!!!!
20241008 234426.106 INFO             PET2 !!! THE ESMF_LOG IS SET TO OUTPUT ALL LOG MESSAGES !!!
20241008 234426.106 INFO             PET2 !!!     THIS MAY CAUSE SLOWDOWN IN PERFORMANCE     !!!
20241008 234426.106 INFO             PET2 !!! FOR PRODUCTION RUNS, USE:                      !!!
20241008 234426.106 INFO             PET2 !!!                   ESMF_LOGKIND_Multi_On_Error  !!!
20241008 234426.106 INFO             PET2 !!!!!!!!!!!!!!!!!!!!!!!!!!!!!!!!!!!!!!!!!!!!!!!!!!!!!!
20241008 234426.106 INFO             PET2 Running with ESMF Version   : v8.8.0b00-12-g0d4b825343
20241008 234426.106 INFO             PET2 ESMF library build date/time: "Oct  8 2024" "22:30:56"
20241008 234426.106 INFO             PET2 ESMF library build location : /discover/nobackup/projects/gmao/SIteam/ESMF_Testing/nag_7.2.15_openmpi_O_develop/esmf
20241008 234426.106 INFO             PET2 ESMF_COMM                   : openmpi
20241008 234426.106 INFO             PET2 ESMF_MOAB                   : enabled
20241008 234426.106 INFO             PET2 ESMF_LAPACK                 : enabled
20241008 234426.106 INFO             PET2 ESMF_NETCDF                 : disabled
20241008 234426.106 INFO             PET2 ESMF_PNETCDF                : disabled
20241008 234426.106 INFO             PET2 ESMF_PIO                    : disabled
20241008 234426.106 INFO             PET2 ESMF_YAMLCPP                : enabled
20241008 234426.203 DEBUG            PET2 about to destroy Grid: 0x107ba40
20241008 234426.215 DEBUG            PET2 about to destroy Grid: 0x107ef80
20241008 234426.250 INFO             PET2  NUMBER_OF_PROCESSORS 4
20241008 234426.250 INFO             PET2  PASS  Example ESMF_NUOPCAtmModelEx, ESMF_NUOPCAtmModelEx.F90, line 806
20241008 234426.250 INFO             PET2  Finalizing ESMF
20241008 234426.105 INFO             PET3 !!!!!!!!!!!!!!!!!!!!!!!!!!!!!!!!!!!!!!!!!!!!!!!!!!!!!!
20241008 234426.105 INFO             PET3 !!! THE ESMF_LOG IS SET TO OUTPUT ALL LOG MESSAGES !!!
20241008 234426.105 INFO             PET3 !!!     THIS MAY CAUSE SLOWDOWN IN PERFORMANCE     !!!
20241008 234426.105 INFO             PET3 !!! FOR PRODUCTION RUNS, USE:                      !!!
20241008 234426.105 INFO             PET3 !!!                   ESMF_LOGKIND_Multi_On_Error  !!!
20241008 234426.105 INFO             PET3 !!!!!!!!!!!!!!!!!!!!!!!!!!!!!!!!!!!!!!!!!!!!!!!!!!!!!!
20241008 234426.105 INFO             PET3 Running with ESMF Version   : v8.8.0b00-12-g0d4b825343
20241008 234426.105 INFO             PET3 ESMF library build date/time: "Oct  8 2024" "22:30:56"
20241008 234426.105 INFO             PET3 ESMF library build location : /discover/nobackup/projects/gmao/SIteam/ESMF_Testing/nag_7.2.15_openmpi_O_develop/esmf
20241008 234426.105 INFO             PET3 ESMF_COMM                   : openmpi
20241008 234426.105 INFO             PET3 ESMF_MOAB                   : enabled
20241008 234426.105 INFO             PET3 ESMF_LAPACK                 : enabled
20241008 234426.105 INFO             PET3 ESMF_NETCDF                 : disabled
20241008 234426.105 INFO             PET3 ESMF_PNETCDF                : disabled
20241008 234426.105 INFO             PET3 ESMF_PIO                    : disabled
20241008 234426.105 INFO             PET3 ESMF_YAMLCPP                : enabled
20241008 234426.203 DEBUG            PET3 about to destroy Grid: 0x26b3200
20241008 234426.215 DEBUG            PET3 about to destroy Grid: 0x26b6450
20241008 234426.250 INFO             PET3  NUMBER_OF_PROCESSORS 4
20241008 234426.250 INFO             PET3  PASS  Example ESMF_NUOPCAtmModelEx, ESMF_NUOPCAtmModelEx.F90, line 806
20241008 234426.250 INFO             PET3  Finalizing ESMF
