2025-05-08 02:49:59
20250508 034008.835 INFO             PET0 !!!!!!!!!!!!!!!!!!!!!!!!!!!!!!!!!!!!!!!!!!!!!!!!!!!!!!
20250508 034008.835 INFO             PET0 !!! THE ESMF_LOG IS SET TO OUTPUT ALL LOG MESSAGES !!!
20250508 034008.835 INFO             PET0 !!!     THIS MAY CAUSE SLOWDOWN IN PERFORMANCE     !!!
20250508 034008.835 INFO             PET0 !!! FOR PRODUCTION RUNS, USE:                      !!!
20250508 034008.835 INFO             PET0 !!!                   ESMF_LOGKIND_Multi_On_Error  !!!
20250508 034008.835 INFO             PET0 !!!!!!!!!!!!!!!!!!!!!!!!!!!!!!!!!!!!!!!!!!!!!!!!!!!!!!
20250508 034008.835 INFO             PET0 Running with ESMF Version   : v8.9.0b08-5-g079ca68fdc
20250508 034008.835 INFO             PET0 ESMF library build date/time: "May  8 2025" "02:44:01"
20250508 034008.835 INFO             PET0 ESMF library build location : /work/noaa/da/mpotts/sandbox/gfortran_12.2.0_openmpi_O_develop/esmf
20250508 034008.835 INFO             PET0 ESMF_COMM                   : openmpi
20250508 034008.836 INFO             PET0 ESMF_MOAB                   : enabled
20250508 034008.836 INFO             PET0 ESMF_LAPACK                 : enabled
20250508 034008.836 INFO             PET0 ESMF_NETCDF                 : disabled
20250508 034008.836 INFO             PET0 ESMF_PNETCDF                : disabled
20250508 034008.836 INFO             PET0 ESMF_PIO                    : disabled
20250508 034008.836 INFO             PET0 ESMF_YAMLCPP                : enabled
20250508 034008.836 INFO             PET0  NUMBER_OF_PROCESSORS           1
20250508 034008.836 INFO             PET0  PASS  Example ESMF_ClockEx, ESMF_ClockEx.F90, line 220
20250508 034008.836 INFO             PET0  Finalizing ESMF
