2024-10-18 02:36:49
20241018 032535.721 INFO             PET0 !!!!!!!!!!!!!!!!!!!!!!!!!!!!!!!!!!!!!!!!!!!!!!!!!!!!!!
20241018 032535.721 INFO             PET0 !!! THE ESMF_LOG IS SET TO OUTPUT ALL LOG MESSAGES !!!
20241018 032535.721 INFO             PET0 !!!     THIS MAY CAUSE SLOWDOWN IN PERFORMANCE     !!!
20241018 032535.721 INFO             PET0 !!! FOR PRODUCTION RUNS, USE:                      !!!
20241018 032535.721 INFO             PET0 !!!                   ESMF_LOGKIND_Multi_On_Error  !!!
20241018 032535.721 INFO             PET0 !!!!!!!!!!!!!!!!!!!!!!!!!!!!!!!!!!!!!!!!!!!!!!!!!!!!!!
20241018 032535.721 INFO             PET0 Running with ESMF Version   : v8.8.0b01-7-gc92d921964
20241018 032535.721 INFO             PET0 ESMF library build date/time: "Oct 18 2024" "02:34:31"
20241018 032535.721 INFO             PET0 ESMF library build location : /work/noaa/da/mpotts/sandbox/gfortran_12.2.0_openmpi_O_develop/esmf
20241018 032535.721 INFO             PET0 ESMF_COMM                   : openmpi
20241018 032535.723 INFO             PET0 ESMF_MOAB                   : enabled
20241018 032535.723 INFO             PET0 ESMF_LAPACK                 : enabled
20241018 032535.723 INFO             PET0 ESMF_NETCDF                 : disabled
20241018 032535.723 INFO             PET0 ESMF_PNETCDF                : disabled
20241018 032535.723 INFO             PET0 ESMF_PIO                    : disabled
20241018 032535.723 INFO             PET0 ESMF_YAMLCPP                : enabled
20241018 032536.039 INFO             PET0 ESMF_FieldRedistStoreNF(): Just entered routine.
20241018 032536.194 INFO             PET0 ESMF_FieldRedistStoreNF(): Leaving routine.
20241018 032536.200 INFO             PET0  NUMBER_OF_PROCESSORS           4
20241018 032536.200 INFO             PET0  PASS  Example ESMF_RHandleFromRHandleEx, ESMF_RHandleFromRHandleEx.F90, line 660
20241018 032536.200 INFO             PET0  Finalizing ESMF
20241018 032535.776 INFO             PET1 !!!!!!!!!!!!!!!!!!!!!!!!!!!!!!!!!!!!!!!!!!!!!!!!!!!!!!
20241018 032535.777 INFO             PET1 !!! THE ESMF_LOG IS SET TO OUTPUT ALL LOG MESSAGES !!!
20241018 032535.777 INFO             PET1 !!!     THIS MAY CAUSE SLOWDOWN IN PERFORMANCE     !!!
20241018 032535.777 INFO             PET1 !!! FOR PRODUCTION RUNS, USE:                      !!!
20241018 032535.777 INFO             PET1 !!!                   ESMF_LOGKIND_Multi_On_Error  !!!
20241018 032535.777 INFO             PET1 !!!!!!!!!!!!!!!!!!!!!!!!!!!!!!!!!!!!!!!!!!!!!!!!!!!!!!
20241018 032535.777 INFO             PET1 Running with ESMF Version   : v8.8.0b01-7-gc92d921964
20241018 032535.777 INFO             PET1 ESMF library build date/time: "Oct 18 2024" "02:34:31"
20241018 032535.777 INFO             PET1 ESMF library build location : /work/noaa/da/mpotts/sandbox/gfortran_12.2.0_openmpi_O_develop/esmf
20241018 032535.777 INFO             PET1 ESMF_COMM                   : openmpi
20241018 032535.972 INFO             PET1 ESMF_MOAB                   : enabled
20241018 032535.972 INFO             PET1 ESMF_LAPACK                 : enabled
20241018 032535.972 INFO             PET1 ESMF_NETCDF                 : disabled
20241018 032535.972 INFO             PET1 ESMF_PNETCDF                : disabled
20241018 032535.972 INFO             PET1 ESMF_PIO                    : disabled
20241018 032535.972 INFO             PET1 ESMF_YAMLCPP                : enabled
20241018 032536.039 INFO             PET1 ESMF_FieldRedistStoreNF(): Just entered routine.
20241018 032536.194 INFO             PET1 ESMF_FieldRedistStoreNF(): Leaving routine.
20241018 032536.200 INFO             PET1  NUMBER_OF_PROCESSORS           4
20241018 032536.200 INFO             PET1  PASS  Example ESMF_RHandleFromRHandleEx, ESMF_RHandleFromRHandleEx.F90, line 660
20241018 032536.200 INFO             PET1  Finalizing ESMF
20241018 032535.721 INFO             PET2 !!!!!!!!!!!!!!!!!!!!!!!!!!!!!!!!!!!!!!!!!!!!!!!!!!!!!!
20241018 032535.721 INFO             PET2 !!! THE ESMF_LOG IS SET TO OUTPUT ALL LOG MESSAGES !!!
20241018 032535.721 INFO             PET2 !!!     THIS MAY CAUSE SLOWDOWN IN PERFORMANCE     !!!
20241018 032535.722 INFO             PET2 !!! FOR PRODUCTION RUNS, USE:                      !!!
20241018 032535.722 INFO             PET2 !!!                   ESMF_LOGKIND_Multi_On_Error  !!!
20241018 032535.722 INFO             PET2 !!!!!!!!!!!!!!!!!!!!!!!!!!!!!!!!!!!!!!!!!!!!!!!!!!!!!!
20241018 032535.722 INFO             PET2 Running with ESMF Version   : v8.8.0b01-7-gc92d921964
20241018 032535.722 INFO             PET2 ESMF library build date/time: "Oct 18 2024" "02:34:31"
20241018 032535.722 INFO             PET2 ESMF library build location : /work/noaa/da/mpotts/sandbox/gfortran_12.2.0_openmpi_O_develop/esmf
20241018 032535.722 INFO             PET2 ESMF_COMM                   : openmpi
20241018 032535.723 INFO             PET2 ESMF_MOAB                   : enabled
20241018 032535.723 INFO             PET2 ESMF_LAPACK                 : enabled
20241018 032535.723 INFO             PET2 ESMF_NETCDF                 : disabled
20241018 032535.723 INFO             PET2 ESMF_PNETCDF                : disabled
20241018 032535.723 INFO             PET2 ESMF_PIO                    : disabled
20241018 032535.723 INFO             PET2 ESMF_YAMLCPP                : enabled
20241018 032536.039 INFO             PET2 ESMF_FieldRedistStoreNF(): Just entered routine.
20241018 032536.194 INFO             PET2 ESMF_FieldRedistStoreNF(): Leaving routine.
20241018 032536.197 INFO             PET2  NUMBER_OF_PROCESSORS           4
20241018 032536.197 INFO             PET2  PASS  Example ESMF_RHandleFromRHandleEx, ESMF_RHandleFromRHandleEx.F90, line 660
20241018 032536.197 INFO             PET2  Finalizing ESMF
20241018 032535.827 INFO             PET3 !!!!!!!!!!!!!!!!!!!!!!!!!!!!!!!!!!!!!!!!!!!!!!!!!!!!!!
20241018 032535.827 INFO             PET3 !!! THE ESMF_LOG IS SET TO OUTPUT ALL LOG MESSAGES !!!
20241018 032535.827 INFO             PET3 !!!     THIS MAY CAUSE SLOWDOWN IN PERFORMANCE     !!!
20241018 032535.827 INFO             PET3 !!! FOR PRODUCTION RUNS, USE:                      !!!
20241018 032535.827 INFO             PET3 !!!                   ESMF_LOGKIND_Multi_On_Error  !!!
20241018 032535.827 INFO             PET3 !!!!!!!!!!!!!!!!!!!!!!!!!!!!!!!!!!!!!!!!!!!!!!!!!!!!!!
20241018 032535.828 INFO             PET3 Running with ESMF Version   : v8.8.0b01-7-gc92d921964
20241018 032535.828 INFO             PET3 ESMF library build date/time: "Oct 18 2024" "02:34:31"
20241018 032535.828 INFO             PET3 ESMF library build location : /work/noaa/da/mpotts/sandbox/gfortran_12.2.0_openmpi_O_develop/esmf
20241018 032535.828 INFO             PET3 ESMF_COMM                   : openmpi
20241018 032536.032 INFO             PET3 ESMF_MOAB                   : enabled
20241018 032536.032 INFO             PET3 ESMF_LAPACK                 : enabled
20241018 032536.032 INFO             PET3 ESMF_NETCDF                 : disabled
20241018 032536.032 INFO             PET3 ESMF_PNETCDF                : disabled
20241018 032536.032 INFO             PET3 ESMF_PIO                    : disabled
20241018 032536.032 INFO             PET3 ESMF_YAMLCPP                : enabled
20241018 032536.039 INFO             PET3 ESMF_FieldRedistStoreNF(): Just entered routine.
20241018 032536.194 INFO             PET3 ESMF_FieldRedistStoreNF(): Leaving routine.
20241018 032536.200 INFO             PET3  NUMBER_OF_PROCESSORS           4
20241018 032536.200 INFO             PET3  PASS  Example ESMF_RHandleFromRHandleEx, ESMF_RHandleFromRHandleEx.F90, line 660
20241018 032536.200 INFO             PET3  Finalizing ESMF
