2024-10-16 02:36:27
20241016 031713.563 INFO             PET0 !!!!!!!!!!!!!!!!!!!!!!!!!!!!!!!!!!!!!!!!!!!!!!!!!!!!!!
20241016 031713.563 INFO             PET0 !!! THE ESMF_LOG IS SET TO OUTPUT ALL LOG MESSAGES !!!
20241016 031713.563 INFO             PET0 !!!     THIS MAY CAUSE SLOWDOWN IN PERFORMANCE     !!!
20241016 031713.563 INFO             PET0 !!! FOR PRODUCTION RUNS, USE:                      !!!
20241016 031713.563 INFO             PET0 !!!                   ESMF_LOGKIND_Multi_On_Error  !!!
20241016 031713.563 INFO             PET0 !!!!!!!!!!!!!!!!!!!!!!!!!!!!!!!!!!!!!!!!!!!!!!!!!!!!!!
20241016 031713.563 INFO             PET0 Running with ESMF Version   : v8.8.0b01-2-g867c30314c
20241016 031713.563 INFO             PET0 ESMF library build date/time: "Oct 16 2024" "02:34:11"
20241016 031713.563 INFO             PET0 ESMF library build location : /work/noaa/da/mpotts/sandbox/gfortran_12.2.0_openmpi_O_develop/esmf
20241016 031713.563 INFO             PET0 ESMF_COMM                   : openmpi
20241016 031713.563 INFO             PET0 ESMF_MOAB                   : enabled
20241016 031713.563 INFO             PET0 ESMF_LAPACK                 : enabled
20241016 031713.563 INFO             PET0 ESMF_NETCDF                 : disabled
20241016 031713.563 INFO             PET0 ESMF_PNETCDF                : disabled
20241016 031713.563 INFO             PET0 ESMF_PIO                    : disabled
20241016 031713.563 INFO             PET0 ESMF_YAMLCPP                : enabled
20241016 031713.626 DEBUG            PET0 about to destroy Grid: 0x2455c80
20241016 031713.632 DEBUG            PET0 about to destroy Grid: 0x2457fb0
20241016 031713.652 INFO             PET0  NUMBER_OF_PROCESSORS           4
20241016 031713.652 INFO             PET0  PASS  Example ESMF_NUOPCAtmModelEx, ESMF_NUOPCAtmModelEx.F90, line 806
20241016 031713.652 INFO             PET0  Finalizing ESMF
20241016 031713.564 INFO             PET1 !!!!!!!!!!!!!!!!!!!!!!!!!!!!!!!!!!!!!!!!!!!!!!!!!!!!!!
20241016 031713.564 INFO             PET1 !!! THE ESMF_LOG IS SET TO OUTPUT ALL LOG MESSAGES !!!
20241016 031713.564 INFO             PET1 !!!     THIS MAY CAUSE SLOWDOWN IN PERFORMANCE     !!!
20241016 031713.564 INFO             PET1 !!! FOR PRODUCTION RUNS, USE:                      !!!
20241016 031713.564 INFO             PET1 !!!                   ESMF_LOGKIND_Multi_On_Error  !!!
20241016 031713.564 INFO             PET1 !!!!!!!!!!!!!!!!!!!!!!!!!!!!!!!!!!!!!!!!!!!!!!!!!!!!!!
20241016 031713.564 INFO             PET1 Running with ESMF Version   : v8.8.0b01-2-g867c30314c
20241016 031713.564 INFO             PET1 ESMF library build date/time: "Oct 16 2024" "02:34:11"
20241016 031713.564 INFO             PET1 ESMF library build location : /work/noaa/da/mpotts/sandbox/gfortran_12.2.0_openmpi_O_develop/esmf
20241016 031713.564 INFO             PET1 ESMF_COMM                   : openmpi
20241016 031713.564 INFO             PET1 ESMF_MOAB                   : enabled
20241016 031713.564 INFO             PET1 ESMF_LAPACK                 : enabled
20241016 031713.564 INFO             PET1 ESMF_NETCDF                 : disabled
20241016 031713.564 INFO             PET1 ESMF_PNETCDF                : disabled
20241016 031713.564 INFO             PET1 ESMF_PIO                    : disabled
20241016 031713.564 INFO             PET1 ESMF_YAMLCPP                : enabled
20241016 031713.626 DEBUG            PET1 about to destroy Grid: 0x2095c20
20241016 031713.632 DEBUG            PET1 about to destroy Grid: 0x20978e0
20241016 031713.653 INFO             PET1  NUMBER_OF_PROCESSORS           4
20241016 031713.653 INFO             PET1  PASS  Example ESMF_NUOPCAtmModelEx, ESMF_NUOPCAtmModelEx.F90, line 806
20241016 031713.653 INFO             PET1  Finalizing ESMF
20241016 031713.563 INFO             PET2 !!!!!!!!!!!!!!!!!!!!!!!!!!!!!!!!!!!!!!!!!!!!!!!!!!!!!!
20241016 031713.563 INFO             PET2 !!! THE ESMF_LOG IS SET TO OUTPUT ALL LOG MESSAGES !!!
20241016 031713.563 INFO             PET2 !!!     THIS MAY CAUSE SLOWDOWN IN PERFORMANCE     !!!
20241016 031713.563 INFO             PET2 !!! FOR PRODUCTION RUNS, USE:                      !!!
20241016 031713.563 INFO             PET2 !!!                   ESMF_LOGKIND_Multi_On_Error  !!!
20241016 031713.563 INFO             PET2 !!!!!!!!!!!!!!!!!!!!!!!!!!!!!!!!!!!!!!!!!!!!!!!!!!!!!!
20241016 031713.563 INFO             PET2 Running with ESMF Version   : v8.8.0b01-2-g867c30314c
20241016 031713.563 INFO             PET2 ESMF library build date/time: "Oct 16 2024" "02:34:11"
20241016 031713.563 INFO             PET2 ESMF library build location : /work/noaa/da/mpotts/sandbox/gfortran_12.2.0_openmpi_O_develop/esmf
20241016 031713.563 INFO             PET2 ESMF_COMM                   : openmpi
20241016 031713.564 INFO             PET2 ESMF_MOAB                   : enabled
20241016 031713.564 INFO             PET2 ESMF_LAPACK                 : enabled
20241016 031713.564 INFO             PET2 ESMF_NETCDF                 : disabled
20241016 031713.564 INFO             PET2 ESMF_PNETCDF                : disabled
20241016 031713.564 INFO             PET2 ESMF_PIO                    : disabled
20241016 031713.564 INFO             PET2 ESMF_YAMLCPP                : enabled
20241016 031713.626 DEBUG            PET2 about to destroy Grid: 0x148d4c0
20241016 031713.632 DEBUG            PET2 about to destroy Grid: 0x148efe0
20241016 031713.652 INFO             PET2  NUMBER_OF_PROCESSORS           4
20241016 031713.652 INFO             PET2  PASS  Example ESMF_NUOPCAtmModelEx, ESMF_NUOPCAtmModelEx.F90, line 806
20241016 031713.652 INFO             PET2  Finalizing ESMF
20241016 031713.563 INFO             PET3 !!!!!!!!!!!!!!!!!!!!!!!!!!!!!!!!!!!!!!!!!!!!!!!!!!!!!!
20241016 031713.563 INFO             PET3 !!! THE ESMF_LOG IS SET TO OUTPUT ALL LOG MESSAGES !!!
20241016 031713.563 INFO             PET3 !!!     THIS MAY CAUSE SLOWDOWN IN PERFORMANCE     !!!
20241016 031713.563 INFO             PET3 !!! FOR PRODUCTION RUNS, USE:                      !!!
20241016 031713.563 INFO             PET3 !!!                   ESMF_LOGKIND_Multi_On_Error  !!!
20241016 031713.563 INFO             PET3 !!!!!!!!!!!!!!!!!!!!!!!!!!!!!!!!!!!!!!!!!!!!!!!!!!!!!!
20241016 031713.563 INFO             PET3 Running with ESMF Version   : v8.8.0b01-2-g867c30314c
20241016 031713.563 INFO             PET3 ESMF library build date/time: "Oct 16 2024" "02:34:11"
20241016 031713.563 INFO             PET3 ESMF library build location : /work/noaa/da/mpotts/sandbox/gfortran_12.2.0_openmpi_O_develop/esmf
20241016 031713.563 INFO             PET3 ESMF_COMM                   : openmpi
20241016 031713.564 INFO             PET3 ESMF_MOAB                   : enabled
20241016 031713.564 INFO             PET3 ESMF_LAPACK                 : enabled
20241016 031713.564 INFO             PET3 ESMF_NETCDF                 : disabled
20241016 031713.564 INFO             PET3 ESMF_PNETCDF                : disabled
20241016 031713.564 INFO             PET3 ESMF_PIO                    : disabled
20241016 031713.564 INFO             PET3 ESMF_YAMLCPP                : enabled
20241016 031713.626 DEBUG            PET3 about to destroy Grid: 0xdf5950
20241016 031713.632 DEBUG            PET3 about to destroy Grid: 0xdf7730
20241016 031713.652 INFO             PET3  NUMBER_OF_PROCESSORS           4
20241016 031713.652 INFO             PET3  PASS  Example ESMF_NUOPCAtmModelEx, ESMF_NUOPCAtmModelEx.F90, line 806
20241016 031713.652 INFO             PET3  Finalizing ESMF
