2024-10-15 07:38:07
20241015 082300.616 INFO             PET0 !!!!!!!!!!!!!!!!!!!!!!!!!!!!!!!!!!!!!!!!!!!!!!!!!!!!!!
20241015 082300.617 INFO             PET0 !!! THE ESMF_LOG IS SET TO OUTPUT ALL LOG MESSAGES !!!
20241015 082300.617 INFO             PET0 !!!     THIS MAY CAUSE SLOWDOWN IN PERFORMANCE     !!!
20241015 082300.617 INFO             PET0 !!! FOR PRODUCTION RUNS, USE:                      !!!
20241015 082300.617 INFO             PET0 !!!                   ESMF_LOGKIND_Multi_On_Error  !!!
20241015 082300.617 INFO             PET0 !!!!!!!!!!!!!!!!!!!!!!!!!!!!!!!!!!!!!!!!!!!!!!!!!!!!!!
20241015 082300.617 INFO             PET0 Running with ESMF Version   : v8.8.0b01
20241015 082300.617 INFO             PET0 ESMF library build date/time: "Oct 15 2024" "07:34:52"
20241015 082300.617 INFO             PET0 ESMF library build location : /scratch2/NCEPDEV/stmp1/Gerhard.Theurich/ESMF-Nightly-Testing/intel_2023.2.0_intelmpi_O_develop/esmf
20241015 082300.617 INFO             PET0 ESMF_COMM                   : intelmpi
20241015 082300.617 INFO             PET0 ESMF_MOAB                   : enabled
20241015 082300.618 INFO             PET0 ESMF_LAPACK                 : enabled
20241015 082300.618 INFO             PET0 ESMF_NETCDF                 : enabled
20241015 082300.618 INFO             PET0 ESMF_PNETCDF                : disabled
20241015 082300.618 INFO             PET0 ESMF_PIO                    : enabled
20241015 082300.618 INFO             PET0 ESMF_YAMLCPP                : enabled
20241015 082300.618 INFO             PET0  NUMBER_OF_PROCESSORS           1
20241015 082300.618 INFO             PET0  PASS  Example CalendarEx, ESMF_CalendarEx.F90, line 217
20241015 082300.618 INFO             PET0  Finalizing ESMF
