2024-10-13 07:34:47
--- ESMCI::ArrayBundle::print start ---
ArrayBundle: MyArrayBundle
arrayCount = 3
--- ESMCI::ArrayBundle::print start ---
ArrayBundle: MyArrayBundle
arrayCount = 3
Container::print() multipmap:item=0 key=AonFly value=0xcb3a30
Container::print() multipmap:item=1 key=Array002 value=0xcb0810
Container::print() multipmap:item=2 key=Array003 value=0xcb1320
Container::print()      list:item=0 key=Array002 value=0xcb0810
Container::print()      list:item=1 key=Array003 value=0xcb1320
--- ESMCI::ArrayBundle::print start ---
ArrayBundle: MyArrayBundle
arrayCount = 3
Container::print() multipmap:item=0 key=AonFly value=0x1c85be0
Container::print() multipmap:item=1 key=Array002 value=0x1c829c0
Container::print() multipmap:item=2 key=Array003 value=0x1c834d0
Container::print()      list:item=0 key=Array002 value=0x1c829c0
Container::print()      list:item=1 key=Array003 value=0x1c834d0
Container::print()      list:item=2 key=AonFly value=0x1c85be0
--- ESMCI::ArrayBundle::print end ---
Container::print() multipmap:item=0 key=AonFly value=0x2766a10
Container::print() multipmap:item=1 key=Array002 value=0x2762a30
Container::print() multipmap:item=2 key=Array003 value=0x2763870
Container::print()      list:item=0 key=Array002 value=0x2762a30
Container::print()      list:item=1 key=Array003 value=0x2763870
Container::print()      list:item=2 key=AonFly value=0x2766a10
--- ESMCI::ArrayBundle::print end ---
--- ESMCI::ArrayBundle::print start ---
ArrayBundle: MyArrayBundle
arrayCount = 3
Container::print() multipmap:item=0 key=AonFly value=0x1bfebe0
Container::print() multipmap:item=1 key=Array002 value=0x1bfac00
Container::print() multipmap:item=2 key=Array003 value=0x1bfba40
Container::print()      list:item=0 key=Array002 value=0x1bfac00
Container::print()      list:item=1 key=Array003 value=0x1bfba40
Container::print()      list:item=2 key=AonFly value=0x1bfebe0
--- ESMCI::ArrayBundle::print end ---
Container::print()      list:item=2 key=AonFly value=0xcb3a30
--- ESMCI::ArrayBundle::print end ---
--- ESMCI::Array::print start ---
 Base name    = AonFly
 Status: Base = Ready,  object = Ready
 Proxy        = no
 Root Info (Attributes):
--- ESMCI::Array::print start ---
 Base name    = AonFly
 Status: Base = Ready,  object = Ready
 Proxy        = no
 Root Info (Attributes):
--- ESMCI::Array::print start ---
 Base name    = AonFly
 Status: Base = Ready,  object = Ready
 Proxy        = no
--- ESMCI::Array::print start ---
 Base name    = AonFly
 Status: Base = Ready,  object = Ready
 Proxy        = no
 Root Info (Attributes):
 Root Info (Attributes):
{}Array typekind/rank: Real*4 / 2 
~ lower class' values ~
DistGrid dimCount = 2
deCount = 6
{}Array typekind/rank: Real*4 / 2 
~ lower class' values ~
DistGrid dimCount = 2
deCount = 6
localDeCount = 1
~ local data in LocalArray for DE 3 ~
{}Array typekind/rank: Real*4 / 2 
~ lower class' values ~
DistGrid dimCount = 2
deCount = 6
localDeCount = 1
~ local data in LocalArray for DE 2 ~
LocalArrayPrint: Array at address 0xcb3700:
            rank = 2, typekind = 5, base_addr = 0x14d452737fc0
            dim[0] = 3  dim[1] = 2  
  Real, *4, Dim 2, Data values:
LocalArrayPrint: Array at address 0x1c858b0:
            rank = 2, typekind = 5, base_addr = 0x14b1aaae3f60
            dim[0] = 2  dim[1] = 2  
  Real, *4, Dim 2, Data values:
( 1, 1) =  0
( 2, 1) =  0
{}Array typekind/rank: Real*4 / 2 
~ lower class' values ~
DistGrid dimCount = 2
deCount = 6
localDeCount = 2
~ local data in LocalArray for DE 0 ~
LocalArrayPrint: Array at address 0x27663b0:
            rank = 2, typekind = 5, base_addr = 0x148100e2ff40
            dim[0] = 3  dim[1] = 2  
  Real, *4, Dim 2, Data values:
localDeCount = 2
~ local data in LocalArray for DE 1 ~
LocalArrayPrint: Array at address 0x1bfe580:
            rank = 2, typekind = 5, base_addr = 0x14ef49837ee0
            dim[0] = 2  dim[1] = 2  
  Real, *4, Dim 2, Data values:
( 1, 1) =  0
( 2, 1) =  0
( 1, 2) =  0
( 2, 2) =  0
~ local data in LocalArray for DE 5 ~
LocalArrayPrint: Array at address 0x1bfe8b0:
            rank = 2, typekind = 5, base_addr = 0x14ef49837ec0
            dim[0] = 2  dim[1] = 1  
  Real, *4, Dim 2, Data values:
( 1, 1) =  0
( 2, 1) =  0
( 3, 1) =  0
( 1, 2) =  0
( 2, 2) =  0
( 3, 2) =  0
--- ESMCI::Array::print end ---
--- ESMCI::Array::print start ---
 Base name    = Array002
 Status: Base = Ready,  object = Ready
 Proxy        = no
 Root Info (Attributes):
( 1, 2) =  0
( 2, 2) =  0
--- ESMCI::Array::print end ---
--- ESMCI::Array::print start ---
 Base name    = Array002
 Status: Base = Ready,  object = Ready
 Proxy        = no
 Root Info (Attributes):
{}Array typekind/rank: Real*8 / 2 
~ lower class' values ~
DistGrid dimCount = 2
deCount = 6
localDeCount = 1
~ local data in LocalArray for DE 3 ~
LocalArrayPrint: Array at address 0x1c82690:
            rank = 2, typekind = 6, base_addr = 0x14b1aaae3fe0
( 1, 1) =  0
( 2, 1) =  0
( 3, 1) =  0
( 1, 2) =  0
( 2, 2) =  0
( 3, 2) =  0
~ local data in LocalArray for DE 4 ~
LocalArrayPrint: Array at address 0x27666e0:
            rank = 2, typekind = 5, base_addr = 0x148100e2ff20
            dim[0] = 3  dim[1] = 1  
  Real, *4, Dim 2, Data values:
( 1, 1) =  0
( 2, 1) =  0
( 3, 1) =  0
--- ESMCI::Array::print end ---
--- ESMCI::Array::print start ---
 Base name    = Array002
 Status: Base = Ready,  object = Ready
( 1, 1) =  0
( 2, 1) =  0
--- ESMCI::Array::print end ---
--- ESMCI::Array::print start ---
 Base name    = Array002
 Status: Base = Ready,  object = Ready
 Proxy        = no
 Root Info (Attributes):
{}Array typekind/rank: Real*8 / 2 
~ lower class' values ~
DistGrid dimCount = 2
deCount = 6
localDeCount = 2
~ local data in LocalArray for DE 1 ~
LocalArrayPrint: Array at address 0x1bfa5a0:
            rank = 2, typekind = 6, base_addr = 0x14ef49837fe0
{}Array typekind/rank: Real*8 / 2 
~ lower class' values ~
DistGrid dimCount = 2
deCount = 6
localDeCount = 1
~ local data in LocalArray for DE 2 ~
LocalArrayPrint: Array at address 0xcb04e0:
            rank = 2, typekind = 6, base_addr = 0x14d45274fd00
            dim[0] = 3  dim[1] = 2  
  Real, *8, Dim 2, Data values:
( 1, 1) =  1.13152e-310
( 2, 1) =  6.01347e-154
( 3, 1) =  6.01347e-154
( 1, 2) =  6.10916e+223
( 2, 2) =  6.01386e-154
( 3, 2) =  6.01347e-154
--- ESMCI::Array::print end ---
--- ESMCI::Array::print start ---
            dim[0] = 2  dim[1] = 2  
  Real, *8, Dim 2, Data values:
( 1, 1) =  9.88131e-324
( 2, 1) =  0
( 1, 2) =  0
( 2, 2) =  0
--- ESMCI::Array::print end ---
--- ESMCI::Array::print start ---
 Base name    = Array003
 Status: Base = Ready,  object = Ready
 Proxy        = no
 Root Info (Attributes):
{}Array typekind/rank: Real*8 / 2 
~ lower class' values ~
DistGrid dimCount = 2
deCount = 6
localDeCount = 1
~ local data in LocalArray for DE 3 ~
LocalArrayPrint: Array at address 0x1c831a0:
            rank = 2, typekind = 6, base_addr = 0x14b1aaae3fc0
 Proxy        = no
 Root Info (Attributes):
{}Array typekind/rank: Real*8 / 2 
~ lower class' values ~
DistGrid dimCount = 2
deCount = 6
localDeCount = 2
~ local data in LocalArray for DE 0 ~
LocalArrayPrint: Array at address 0x27623d0:
            rank = 2, typekind = 6, base_addr = 0x148100e47d00
            dim[0] = 3  dim[1] = 2  
  Real, *8, Dim 2, Data values:
( 1, 1) =  1.11384e-310
( 2, 1) =  6.01347e-154
( 3, 1) =  6.01347e-154
( 1, 2) =  6.10916e+223
( 2, 2) =  6.01386e-154
( 3, 2) =  6.01347e-154
~ local data in LocalArray for DE 4 ~
LocalArrayPrint: Array at address 0x2762700:
            rank = 2, typekind = 6, base_addr = 0x148100e2ffe0
            dim[0] = 3  dim[1] = 1  
            dim[0] = 2  dim[1] = 2  
  Real, *8, Dim 2, Data values:
( 1, 1) =  9.88131e-324
( 2, 1) =  0
( 1, 2) =  0
( 2, 2) =  0
~ local data in LocalArray for DE 5 ~
LocalArrayPrint: Array at address 0x1bfa8d0:
            rank = 2, typekind = 6, base_addr = 0x14ef49837fc0
            dim[0] = 2  dim[1] = 1  
  Real, *8, Dim 2, Data values:
( 1, 1) =  0
( 2, 1) =  0
--- ESMCI::Array::print end ---
--- ESMCI::Array::print start ---
 Base name    = Array003
 Status: Base = Ready,  object = Ready
 Base name    = Array003
 Status: Base = Ready,  object = Ready
 Proxy        = no
 Root Info (Attributes):
{}Array typekind/rank: Real*8 / 2 
~ lower class' values ~
DistGrid dimCount = 2
deCount = 6
localDeCount = 1
~ local data in LocalArray for DE 2 ~
LocalArrayPrint: Array at address 0xcb0ff0:
            rank = 2, typekind = 6, base_addr = 0x14d45274fcc0
            dim[0] = 3  dim[1] = 2  
  Real, *8, Dim 2, Data values:
( 1, 1) =  1.13152e-310
( 2, 1) =  6.01347e-154
( 3, 1) =  6.01347e-154
( 1, 2) =  6.10916e+223
( 2, 2) =  9.77069e+199
( 3, 2) =  6.99178e+228
--- ESMCI::Array::print end ---
            dim[0] = 2  dim[1] = 2  
  Real, *8, Dim 2, Data values:
( 1, 1) =  0
( 2, 1) =  0
( 1, 2) =  0
( 2, 2) =  0
--- ESMCI::Array::print end ---
  Real, *8, Dim 2, Data values:
( 1, 1) =  9.88131e-324
( 2, 1) =  0
( 3, 1) =  0
--- ESMCI::Array::print end ---
--- ESMCI::Array::print start ---
 Base name    = Array003
 Status: Base = Ready,  object = Ready
 Proxy        = no
 Root Info (Attributes):
{}Array typekind/rank: Real*8 / 2 
~ lower class' values ~
DistGrid dimCount = 2
deCount = 6
localDeCount = 2
~ local data in LocalArray for DE 0 ~
LocalArrayPrint: Array at address 0x2763210:
            rank = 2, typekind = 6, base_addr = 0x148100e47cc0
            dim[0] = 3  dim[1] = 2  
  Real, *8, Dim 2, Data values:
( 1, 1) =  1.11384e-310
 Proxy        = no
 Root Info (Attributes):
{}Array typekind/rank: Real*8 / 2 
~ lower class' values ~
DistGrid dimCount = 2
deCount = 6
localDeCount = 2
~ local data in LocalArray for DE 1 ~
LocalArrayPrint: Array at address 0x1bfb3e0:
            rank = 2, typekind = 6, base_addr = 0x14ef49837fa0
            dim[0] = 2  dim[1] = 2  
  Real, *8, Dim 2, Data values:
( 1, 1) =  0
( 2, 1) =  0
( 1, 2) =  0
( 2, 2) =  0
~ local data in LocalArray for DE 5 ~
LocalArrayPrint: Array at address 0x1bfb710:
            rank = 2, typekind = 6, base_addr = 0x14ef49837f80
            dim[0] = 2  dim[1] = 1  
  Real, *8, Dim 2, Data values:
( 1, 1) =  0
( 2, 1) =  6.01347e-154
( 3, 1) =  6.01347e-154
( 1, 2) =  6.10916e+223
( 2, 2) =  9.77069e+199
( 3, 2) =  6.99178e+228
~ local data in LocalArray for DE 4 ~
LocalArrayPrint: Array at address 0x2763540:
            rank = 2, typekind = 6, base_addr = 0x148100e2ffc0
            dim[0] = 3  dim[1] = 1  
  Real, *8, Dim 2, Data values:
( 1, 1) =  0
( 2, 1) =  0
( 3, 1) =  0
--- ESMCI::Array::print end ---
( 2, 1) =  0
--- ESMCI::Array::print end ---
  PASS  Example ESMF_ArrayBundleEx, ESMF_ArrayBundleEx.F90, line 267
  PASS  Example ESMF_ArrayBundleEx, ESMF_ArrayBundleEx.F90, line 267
  PASS  Example ESMF_ArrayBundleEx, ESMF_ArrayBundleEx.F90, line 267
  PASS  Example ESMF_ArrayBundleEx, ESMF_ArrayBundleEx.F90, line 267
 PASS: ESMF_ArrayBundleEx.F90
 PASS: ESMF_ArrayBundleEx.F90
 PASS: ESMF_ArrayBundleEx.F90
 PASS: ESMF_ArrayBundleEx.F90
