2024-10-10 20:57:03
--- ESMCI::Array::print start ---
 Base name    = Array002
 Status: Base = Ready,  object = Ready
--- ESMCI::Array::print start ---
 Base name    = Array002
 Status: Base = Ready,  object = Ready
 Proxy        = no
 Root Info (Attributes):
--- ESMCI::Array::print start ---
 Base name    = Array002
 Status: Base = Ready,  object = Ready
 Proxy        = no
 Root Info (Attributes):
--- ESMCI::Array::print start ---
 Base name    = Array002
 Status: Base = Ready,  object = Ready
 Proxy        = no
 Root Info (Attributes):
 Proxy        = no
 Root Info (Attributes):
{}{}{}Array typekind/rank: Real*8 / 2 
Array typekind/rank: Real*8 / 2 
{}Array typekind/rank: Real*8 / 2 
Array typekind/rank: Real*8 / 2 
~ lower class' values ~
DistGrid dimCount = 2
~ lower class' values ~
DistGrid dimCount = 2
~ lower class' values ~
DistGrid dimCount = 2
deCount = 4
~ lower class' values ~
localDeCount = 1
DistGrid dimCount = 2
deCount = 4
deCount = 4
localDeCount = 1
deCount = 4
localDeCount = 1
~ local data in LocalArray for DE 2 ~
~ local data in LocalArray for DE 1 ~
LocalArrayPrint: Array at address 0x14b00a4d0:
localDeCount = 1
~ local data in LocalArray for DE 0 ~
~ local data in LocalArray for DE 3 ~
            rank = 2, typekind = 6, base_addr = 0x14a80a600
LocalArrayPrint: Array at address 0x14300dea0:
LocalArrayPrint: Array at address 0x15d006550:
            rank = 2, typekind = 6, base_addr = 0x15d80c400
            dim[0] = 14  dim[1] = 14  
  Real, *8, Dim 2, Data values:
LocalArrayPrint: Array at address 0x14da07e80:
            rank = 2, typekind = 6, base_addr = 0x14e81f600
            rank = 2, typekind = 6, base_addr = 0x143811600
            dim[0] = 14  dim[1] = 14  
            dim[0] = 14  dim[1] = 14  
  Real, *8, Dim 2, Data values:
  Real, *8, Dim 2, Data values:
            dim[0] = 14  dim[1] = 14  
(-1,-1) =  36.71
(-1,-1) =  36.71
(-1,-1) =  36.71
  Real, *8, Dim 2, Data values:
( 0,-1) =  36.71
( 0,-1) =  36.71
( 0,-1) =  36.71
(-1,-1) =  36.71
( 1,-1) =  36.71
( 1,-1) =  36.71
( 0,-1) =  36.71
( 2,-1) =  36.71
( 2,-1) =  36.71
( 1,-1) =  36.71
( 3,-1) =  36.71
( 1,-1) =  36.71
( 2,-1) =  36.71
( 3,-1) =  36.71
( 2,-1) =  36.71
( 4,-1) =  36.71
( 5,-1) =  36.71
( 3,-1) =  36.71
( 4,-1) =  36.71
( 4,-1) =  36.71
( 5,-1) =  36.71
( 3,-1) =  36.71
( 4,-1) =  36.71
( 6,-1) =  36.71
( 5,-1) =  36.71
( 6,-1) =  36.71
( 6,-1) =  36.71
( 7,-1) =  36.71
( 5,-1) =  36.71
( 6,-1) =  36.71
( 7,-1) =  36.71
( 7,-1) =  36.71
( 8,-1) =  36.71
  skipping to end ...
( 7,-1) =  36.71
( 8,-1) =  36.71
( 8,-1) =  36.71
( 8,-1) =  36.71
  skipping to end ...
( 3,12) =  36.71
( 4,12) =  36.71
  skipping to end ...
  skipping to end ...
( 3,12) =  36.71
( 3,12) =  36.71
( 3,12) =  36.71
( 5,12) =  36.71
( 4,12) =  36.71
( 4,12) =  36.71
( 6,12) =  36.71
( 4,12) =  36.71
( 5,12) =  36.71
( 5,12) =  36.71
( 7,12) =  36.71
( 5,12) =  36.71
( 6,12) =  36.71
( 6,12) =  36.71
( 8,12) =  36.71
( 9,12) =  36.71
( 7,12) =  36.71
( 8,12) =  36.71
( 6,12) =  36.71
( 7,12) =  36.71
( 7,12) =  36.71
( 8,12) =  36.71
(10,12) =  36.71
( 9,12) =  36.71
( 8,12) =  36.71
( 9,12) =  36.71
(11,12) =  36.71
(10,12) =  36.71
( 9,12) =  36.71
(12,12) =  36.71
--- ESMCI::Array::print end ---
(11,12) =  36.71
(12,12) =  36.71
(10,12) =  36.71
(11,12) =  36.71
(10,12) =  36.71
(11,12) =  36.71
--- ESMCI::Array::print end ---
(12,12) =  36.71
(12,12) =  36.71
--- ESMCI::Array::print end ---
 localSum=   3671.0000000000027     
--- ESMCI::Array::print end ---
 localSum=   3671.0000000000027     
 localSum=   3671.0000000000027     
 localSum=   3671.0000000000027     
  PASS  Example ESMF_ArrayFarrayHaloEx, ESMF_ArrayFarrayHaloEx.F90, line 177
  PASS  Example ESMF_ArrayFarrayHaloEx, ESMF_ArrayFarrayHaloEx.F90, line 177
  PASS  Example ESMF_ArrayFarrayHaloEx, ESMF_ArrayFarrayHaloEx.F90, line 177
  PASS  Example ESMF_ArrayFarrayHaloEx, ESMF_ArrayFarrayHaloEx.F90, line 177
 PASS: ESMF_ArrayFarrayHaloEx.F90
 PASS: ESMF_ArrayFarrayHaloEx.F90
 PASS: ESMF_ArrayFarrayHaloEx.F90
 PASS: ESMF_ArrayFarrayHaloEx.F90
