2024-10-17 19:20:07
--- ESMCI::ArrayBundle::print start ---
ArrayBundle: MyArrayBundle
--- ESMCI::ArrayBundle::print start ---
ArrayBundle: MyArrayBundle
arrayCount = 3
--- ESMCI::ArrayBundle::print start ---
ArrayBundle: MyArrayBundle
arrayCount = 3
--- ESMCI::ArrayBundle::print start ---
ArrayBundle: MyArrayBundle
arrayCount = 3
arrayCount = 3
Container::print() multipmap:item=0 key=AonFly value=0x15c01fe00
Container::print() multipmap:item=0 key=AonFly value=0x108008600
Container::print() multipmap:item=0 key=AonFly value=0x14c00b200
Container::print() multipmap:item=0 key=AonFly value=0x10f008200
Container::print() multipmap:item=1 key=Array002 value=0x11800ae00
Container::print() multipmap:item=1 key=Array002 value=0x15a811600
Container::print() multipmap:item=1 key=Array002 value=0x14f00ac00
Container::print() multipmap:item=1 key=Array002 value=0x14f01ba00
Container::print() multipmap:item=2 key=Array003 value=0x15a811c00
Container::print()      list:item=0 key=Array002 value=0x15a811600
Container::print() multipmap:item=2 key=Array003 value=0x118030200
Container::print()      list:item=0 key=Array002 value=0x11800ae00
Container::print() multipmap:item=2 key=Array003 value=0x14f00b200
Container::print()      list:item=0 key=Array002 value=0x14f00ac00
Container::print() multipmap:item=2 key=Array003 value=0x14f01c000
Container::print()      list:item=0 key=Array002 value=0x14f01ba00
Container::print()      list:item=1 key=Array003 value=0x15a811c00
Container::print()      list:item=1 key=Array003 value=0x118030200
Container::print()      list:item=1 key=Array003 value=0x14f01c000
Container::print()      list:item=2 key=AonFly value=0x15c01fe00
--- ESMCI::ArrayBundle::print end ---
Container::print()      list:item=2 key=AonFly value=0x108008600
--- ESMCI::ArrayBundle::print end ---
--- ESMCI::Array::print start ---
Container::print()      list:item=2 key=AonFly value=0x10f008200
--- ESMCI::ArrayBundle::print end ---
--- ESMCI::Array::print start ---
Container::print()      list:item=1 key=Array003 value=0x14f00b200
Container::print()      list:item=2 key=AonFly value=0x14c00b200
--- ESMCI::ArrayBundle::print end ---
--- ESMCI::Array::print start ---
 Base name    = AonFly
 Base name    = AonFly
 Status: Base = Ready,  object = Ready
 Base name    = AonFly
 Status: Base = Ready,  object = Ready
--- ESMCI::Array::print start ---
 Base name    = AonFly
 Status: Base = Ready,  object = Ready
 Proxy        = no
 Proxy        = no
 Status: Base = Ready,  object = Ready
 Proxy        = no
 Root Info (Attributes):
 Root Info (Attributes):
 Root Info (Attributes):
 Proxy        = no
 Root Info (Attributes):
{}{}Array typekind/rank: Real*4 / 2 
Array typekind/rank: Real*4 / 2 
{}{}Array typekind/rank: Real*4 / 2 
~ lower class' values ~
~ lower class' values ~
Array typekind/rank: Real*4 / 2 
~ lower class' values ~
DistGrid dimCount = 2
DistGrid dimCount = 2
DistGrid dimCount = 2
~ lower class' values ~
deCount = 6
deCount = 6
localDeCount = 1
localDeCount = 2
deCount = 6
localDeCount = 1
DistGrid dimCount = 2
~ local data in LocalArray for DE 2 ~
~ local data in LocalArray for DE 0 ~
~ local data in LocalArray for DE 3 ~
LocalArrayPrint: Array at address 0x10ef053c0:
            rank = 2, typekind = 5, base_addr = 0x600000088de0
LocalArrayPrint: Array at address 0x14b70a900:
            rank = 2, typekind = 5, base_addr = 0x6000012f3680
deCount = 6
localDeCount = 2
LocalArrayPrint: Array at address 0x15b209dd0:
            rank = 2, typekind = 5, base_addr = 0x6000008c9f90
            dim[0] = 3  dim[1] = 2  
            dim[0] = 3  dim[1] = 2  
~ local data in LocalArray for DE 1 ~
  Real, *4, Dim 2, Data values:
  Real, *4, Dim 2, Data values:
            dim[0] = 2  dim[1] = 2  
  Real, *4, Dim 2, Data values:
( 1, 1) =  0
( 2, 1) =  0
( 1, 1) =  0
( 2, 1) =  0
( 1, 1) =  0
LocalArrayPrint: Array at address 0x104a09a80:
            rank = 2, typekind = 5, base_addr = 0x6000031f9150
( 2, 1) =  0
            dim[0] = 2  dim[1] = 2  
( 3, 1) =  0
( 3, 1) =  0
( 1, 2) =  0
( 2, 2) =  0
  Real, *4, Dim 2, Data values:
( 1, 2) =  0
( 2, 2) =  0
( 1, 2) =  0
( 2, 2) =  0
--- ESMCI::Array::print end ---
( 1, 1) =  0
( 2, 1) =  0
( 3, 2) =  0
( 3, 2) =  0
--- ESMCI::Array::print end ---
--- ESMCI::Array::print start ---
~ local data in LocalArray for DE 4 ~
LocalArrayPrint: Array at address 0x14b70ac30:
            rank = 2, typekind = 5, base_addr = 0x6000010f4b80
--- ESMCI::Array::print start ---
 Base name    = Array002
( 1, 2) =  0
( 2, 2) =  0
 Base name    = Array002
 Status: Base = Ready,  object = Ready
 Status: Base = Ready,  object = Ready
 Proxy        = no
~ local data in LocalArray for DE 5 ~
            dim[0] = 3  dim[1] = 1  
 Proxy        = no
 Root Info (Attributes):
LocalArrayPrint: Array at address 0x104a09eb0:
            rank = 2, typekind = 5, base_addr = 0x6000031f9160
            dim[0] = 2  dim[1] = 1  
  Real, *4, Dim 2, Data values:
( 1, 1) =  0
( 2, 1) =  0
 Root Info (Attributes):
{}{}Array typekind/rank: Real*8 / 2 
  Real, *4, Dim 2, Data values:
( 3, 1) =  0
Array typekind/rank: Real*8 / 2 
~ lower class' values ~
--- ESMCI::Array::print end ---
--- ESMCI::Array::print start ---
~ lower class' values ~
DistGrid dimCount = 2
( 1, 1) =  0
( 2, 1) =  0
DistGrid dimCount = 2
deCount = 6
 Base name    = Array002
deCount = 6
--- ESMCI::Array::print end ---
localDeCount = 1
 Status: Base = Ready,  object = Ready
localDeCount = 1
~ local data in LocalArray for DE 2 ~
--- ESMCI::Array::print start ---
 Proxy        = no
 Base name    = Array002
~ local data in LocalArray for DE 3 ~
LocalArrayPrint: Array at address 0x15a60d4e0:
 Root Info (Attributes):
{} Status: Base = Ready,  object = Ready
 Proxy        = no
            rank = 2, typekind = 6, base_addr = 0x600000adae60
LocalArrayPrint: Array at address 0x14ee0c4a0:
            rank = 2, typekind = 6, base_addr = 0x600000eb80c0
            dim[0] = 2  dim[1] = 2  
Array typekind/rank: Real*8 / 2 
            dim[0] = 3  dim[1] = 2  
 Root Info (Attributes):
  Real, *8, Dim 2, Data values:
~ lower class' values ~
{}  Real, *8, Dim 2, Data values:
( 1, 1) =  0
DistGrid dimCount = 2
( 1, 1) =  0
Array typekind/rank: Real*8 / 2 
( 2, 1) =  0
deCount = 6
localDeCount = 2
( 2, 1) =  0
~ lower class' values ~
( 1, 2) =  0
DistGrid dimCount = 2
~ local data in LocalArray for DE 0 ~
( 3, 1) =  0
( 2, 2) =  0
deCount = 6
LocalArrayPrint: Array at address 0x14c906470:
( 1, 2) =  0
--- ESMCI::Array::print end ---
localDeCount = 2
( 2, 2) =  0
--- ESMCI::Array::print start ---
~ local data in LocalArray for DE 1 ~
( 3, 2) =  0
            rank = 2, typekind = 6, base_addr = 0x600001cf40c0
 Base name    = Array003
 Status: Base = Ready,  object = Ready
            dim[0] = 3  dim[1] = 2  
--- ESMCI::Array::print end ---
--- ESMCI::Array::print start ---
LocalArrayPrint: Array at address 0x10fe125f0:
            rank = 2, typekind = 6, base_addr = 0x6000033f1880
 Proxy        = no
  Real, *8, Dim 2, Data values:
( 1, 1) =  0
            dim[0] = 2  dim[1] = 2  
  Real, *8, Dim 2, Data values:
 Base name    = Array003
 Status: Base = Ready,  object = Ready
 Root Info (Attributes):
( 2, 1) =  0
{}( 1, 1) =  0
 Proxy        = no
( 3, 1) =  0
( 1, 2) =  0
Array typekind/rank: Real*8 / 2 
( 2, 1) =  0
 Root Info (Attributes):
~ lower class' values ~
( 2, 2) =  0
DistGrid dimCount = 2
deCount = 6
{}( 1, 2) =  0
( 2, 2) =  0
( 3, 2) =  0
~ local data in LocalArray for DE 4 ~
Array typekind/rank: Real*8 / 2 
localDeCount = 1
~ local data in LocalArray for DE 5 ~
LocalArrayPrint: Array at address 0x14c9067a0:
~ lower class' values ~
~ local data in LocalArray for DE 3 ~
LocalArrayPrint: Array at address 0x10fe12920:
            rank = 2, typekind = 6, base_addr = 0x6000012f44a0
DistGrid dimCount = 2
LocalArrayPrint: Array at address 0x15a60d810:
            dim[0] = 3  dim[1] = 1  
  Real, *8, Dim 2, Data values:
            rank = 2, typekind = 6, base_addr = 0x6000031fdd70
            dim[0] = 2  dim[1] = 1  
deCount = 6
localDeCount = 1
            rank = 2, typekind = 6, base_addr = 0x600000adaf00
            dim[0] = 2  dim[1] = 2  
( 1, 1) =  0
~ local data in LocalArray for DE 2 ~
  Real, *8, Dim 2, Data values:
  Real, *8, Dim 2, Data values:
( 2, 1) =  0
( 1, 1) =  0
LocalArrayPrint: Array at address 0x14ee0c7d0:
( 1, 1) =  0
( 3, 1) =  0
( 2, 1) =  0
            rank = 2, typekind = 6, base_addr = 0x600000eb8060
--- ESMCI::Array::print end ---
--- ESMCI::Array::print start ---
            dim[0] = 3  dim[1] = 2  
  Real, *8, Dim 2, Data values:
--- ESMCI::Array::print end ---
--- ESMCI::Array::print start ---
( 2, 1) =  0
( 1, 2) =  0
 Base name    = Array003
( 1, 1) =  0
 Base name    = Array003
( 2, 2) =  0
( 2, 1) =  0
 Status: Base = Ready,  object = Ready
 Status: Base = Ready,  object = Ready
--- ESMCI::Array::print end ---
( 3, 1) =  0
 Proxy        = no
 Proxy        = no
 Root Info (Attributes):
 Root Info (Attributes):
( 1, 2) =  0
{}Array typekind/rank: Real*8 / 2 
{}Array typekind/rank: Real*8 / 2 
( 2, 2) =  0
( 3, 2) =  0
  PASS  Example ESMF_ArrayBundleEx, ESMF_ArrayBundleEx.F90, line 267
~ lower class' values ~
~ lower class' values ~
DistGrid dimCount = 2
DistGrid dimCount = 2
--- ESMCI::Array::print end ---
deCount = 6
localDeCount = 2
~ local data in LocalArray for DE 0 ~
deCount = 6
localDeCount = 2
~ local data in LocalArray for DE 1 ~
  PASS  Example ESMF_ArrayBundleEx, ESMF_ArrayBundleEx.F90, line 267
LocalArrayPrint: Array at address 0x10fe12c50:
            rank = 2, typekind = 6, base_addr = 0x6000033f18e0
            dim[0] = 2  dim[1] = 2  
LocalArrayPrint: Array at address 0x14c906ad0:
            rank = 2, typekind = 6, base_addr = 0x600001cf41e0
            dim[0] = 3  dim[1] = 2  
  Real, *8, Dim 2, Data values:
  Real, *8, Dim 2, Data values:
( 1, 1) =  0
( 1, 1) =  0
( 2, 1) =  0
( 2, 1) =  0
( 1, 2) =  0
( 3, 1) =  0
( 2, 2) =  0
~ local data in LocalArray for DE 5 ~
LocalArrayPrint: Array at address 0x10fe12f80:
( 1, 2) =  0
( 2, 2) =  0
( 3, 2) =  0
~ local data in LocalArray for DE 4 ~
LocalArrayPrint: Array at address 0x14c906e00:
            rank = 2, typekind = 6, base_addr = 0x6000031fdeb0
            dim[0] = 2  dim[1] = 1  
            rank = 2, typekind = 6, base_addr = 0x6000012f4500
            dim[0] = 3  dim[1] = 1  
  Real, *8, Dim 2, Data values:
( 1, 1) =  0
( 2, 1) =  0
  Real, *8, Dim 2, Data values:
( 1, 1) =  0
--- ESMCI::Array::print end ---
( 2, 1) =  0
( 3, 1) =  0
--- ESMCI::Array::print end ---
  PASS  Example ESMF_ArrayBundleEx, ESMF_ArrayBundleEx.F90, line 267
  PASS  Example ESMF_ArrayBundleEx, ESMF_ArrayBundleEx.F90, line 267
 PASS: ESMF_ArrayBundleEx.F90
 PASS: ESMF_ArrayBundleEx.F90
 PASS: ESMF_ArrayBundleEx.F90
 PASS: ESMF_ArrayBundleEx.F90
