2025-05-09 19:20:16
20250509 201914.373 INFO             PET0 !!!!!!!!!!!!!!!!!!!!!!!!!!!!!!!!!!!!!!!!!!!!!!!!!!!!!!
20250509 201914.375 INFO             PET0 !!! THE ESMF_LOG IS SET TO OUTPUT ALL LOG MESSAGES !!!
20250509 201914.375 INFO             PET0 !!!     THIS MAY CAUSE SLOWDOWN IN PERFORMANCE     !!!
20250509 201914.375 INFO             PET0 !!! FOR PRODUCTION RUNS, USE:                      !!!
20250509 201914.375 INFO             PET0 !!!                   ESMF_LOGKIND_Multi_On_Error  !!!
20250509 201914.375 INFO             PET0 !!!!!!!!!!!!!!!!!!!!!!!!!!!!!!!!!!!!!!!!!!!!!!!!!!!!!!
20250509 201914.375 INFO             PET0 Running with ESMF Version   : v8.9.0b08-9-gea72ab2180
20250509 201914.375 INFO             PET0 ESMF library build date/time: "May  9 2025" "19:17:42"
20250509 201914.375 INFO             PET0 ESMF library build location : /Users/sacks/projects/scratch/esmf-testing/gfortranclang_12.2.0_14.0.0_openmpi_g_develop/esmf
20250509 201914.375 INFO             PET0 ESMF_COMM                   : openmpi
20250509 201914.375 INFO             PET0 ESMF_MOAB                   : enabled
20250509 201914.375 INFO             PET0 ESMF_LAPACK                 : enabled
20250509 201914.375 INFO             PET0 ESMF_NETCDF                 : enabled
20250509 201914.375 INFO             PET0 ESMF_PNETCDF                : disabled
20250509 201914.375 INFO             PET0 ESMF_PIO                    : enabled
20250509 201914.375 INFO             PET0 ESMF_YAMLCPP                : enabled
20250509 201914.382 INFO             PET0  NUMBER_OF_PROCESSORS           4
20250509 201914.382 INFO             PET0  PASS  Example ESMF_FieldBundleRedistEx, ESMF_FieldBundleRedistEx.F90, line 280
20250509 201914.382 INFO             PET0  Finalizing ESMF
20250509 201914.373 INFO             PET1 !!!!!!!!!!!!!!!!!!!!!!!!!!!!!!!!!!!!!!!!!!!!!!!!!!!!!!
20250509 201914.374 INFO             PET1 !!! THE ESMF_LOG IS SET TO OUTPUT ALL LOG MESSAGES !!!
20250509 201914.374 INFO             PET1 !!!     THIS MAY CAUSE SLOWDOWN IN PERFORMANCE     !!!
20250509 201914.374 INFO             PET1 !!! FOR PRODUCTION RUNS, USE:                      !!!
20250509 201914.374 INFO             PET1 !!!                   ESMF_LOGKIND_Multi_On_Error  !!!
20250509 201914.374 INFO             PET1 !!!!!!!!!!!!!!!!!!!!!!!!!!!!!!!!!!!!!!!!!!!!!!!!!!!!!!
20250509 201914.374 INFO             PET1 Running with ESMF Version   : v8.9.0b08-9-gea72ab2180
20250509 201914.374 INFO             PET1 ESMF library build date/time: "May  9 2025" "19:17:42"
20250509 201914.374 INFO             PET1 ESMF library build location : /Users/sacks/projects/scratch/esmf-testing/gfortranclang_12.2.0_14.0.0_openmpi_g_develop/esmf
20250509 201914.374 INFO             PET1 ESMF_COMM                   : openmpi
20250509 201914.374 INFO             PET1 ESMF_MOAB                   : enabled
20250509 201914.374 INFO             PET1 ESMF_LAPACK                 : enabled
20250509 201914.374 INFO             PET1 ESMF_NETCDF                 : enabled
20250509 201914.374 INFO             PET1 ESMF_PNETCDF                : disabled
20250509 201914.374 INFO             PET1 ESMF_PIO                    : enabled
20250509 201914.374 INFO             PET1 ESMF_YAMLCPP                : enabled
20250509 201914.382 INFO             PET1  NUMBER_OF_PROCESSORS           4
20250509 201914.382 INFO             PET1  PASS  Example ESMF_FieldBundleRedistEx, ESMF_FieldBundleRedistEx.F90, line 280
20250509 201914.382 INFO             PET1  Finalizing ESMF
20250509 201914.373 INFO             PET2 !!!!!!!!!!!!!!!!!!!!!!!!!!!!!!!!!!!!!!!!!!!!!!!!!!!!!!
20250509 201914.374 INFO             PET2 !!! THE ESMF_LOG IS SET TO OUTPUT ALL LOG MESSAGES !!!
20250509 201914.374 INFO             PET2 !!!     THIS MAY CAUSE SLOWDOWN IN PERFORMANCE     !!!
20250509 201914.374 INFO             PET2 !!! FOR PRODUCTION RUNS, USE:                      !!!
20250509 201914.374 INFO             PET2 !!!                   ESMF_LOGKIND_Multi_On_Error  !!!
20250509 201914.374 INFO             PET2 !!!!!!!!!!!!!!!!!!!!!!!!!!!!!!!!!!!!!!!!!!!!!!!!!!!!!!
20250509 201914.374 INFO             PET2 Running with ESMF Version   : v8.9.0b08-9-gea72ab2180
20250509 201914.374 INFO             PET2 ESMF library build date/time: "May  9 2025" "19:17:42"
20250509 201914.374 INFO             PET2 ESMF library build location : /Users/sacks/projects/scratch/esmf-testing/gfortranclang_12.2.0_14.0.0_openmpi_g_develop/esmf
20250509 201914.374 INFO             PET2 ESMF_COMM                   : openmpi
20250509 201914.374 INFO             PET2 ESMF_MOAB                   : enabled
20250509 201914.374 INFO             PET2 ESMF_LAPACK                 : enabled
20250509 201914.374 INFO             PET2 ESMF_NETCDF                 : enabled
20250509 201914.374 INFO             PET2 ESMF_PNETCDF                : disabled
20250509 201914.374 INFO             PET2 ESMF_PIO                    : enabled
20250509 201914.374 INFO             PET2 ESMF_YAMLCPP                : enabled
20250509 201914.382 INFO             PET2  NUMBER_OF_PROCESSORS           4
20250509 201914.382 INFO             PET2  PASS  Example ESMF_FieldBundleRedistEx, ESMF_FieldBundleRedistEx.F90, line 280
20250509 201914.382 INFO             PET2  Finalizing ESMF
20250509 201914.373 INFO             PET3 !!!!!!!!!!!!!!!!!!!!!!!!!!!!!!!!!!!!!!!!!!!!!!!!!!!!!!
20250509 201914.374 INFO             PET3 !!! THE ESMF_LOG IS SET TO OUTPUT ALL LOG MESSAGES !!!
20250509 201914.374 INFO             PET3 !!!     THIS MAY CAUSE SLOWDOWN IN PERFORMANCE     !!!
20250509 201914.374 INFO             PET3 !!! FOR PRODUCTION RUNS, USE:                      !!!
20250509 201914.374 INFO             PET3 !!!                   ESMF_LOGKIND_Multi_On_Error  !!!
20250509 201914.374 INFO             PET3 !!!!!!!!!!!!!!!!!!!!!!!!!!!!!!!!!!!!!!!!!!!!!!!!!!!!!!
20250509 201914.374 INFO             PET3 Running with ESMF Version   : v8.9.0b08-9-gea72ab2180
20250509 201914.374 INFO             PET3 ESMF library build date/time: "May  9 2025" "19:17:42"
20250509 201914.374 INFO             PET3 ESMF library build location : /Users/sacks/projects/scratch/esmf-testing/gfortranclang_12.2.0_14.0.0_openmpi_g_develop/esmf
20250509 201914.374 INFO             PET3 ESMF_COMM                   : openmpi
20250509 201914.374 INFO             PET3 ESMF_MOAB                   : enabled
20250509 201914.374 INFO             PET3 ESMF_LAPACK                 : enabled
20250509 201914.374 INFO             PET3 ESMF_NETCDF                 : enabled
20250509 201914.374 INFO             PET3 ESMF_PNETCDF                : disabled
20250509 201914.374 INFO             PET3 ESMF_PIO                    : enabled
20250509 201914.374 INFO             PET3 ESMF_YAMLCPP                : enabled
20250509 201914.382 INFO             PET3  NUMBER_OF_PROCESSORS           4
20250509 201914.382 INFO             PET3  PASS  Example ESMF_FieldBundleRedistEx, ESMF_FieldBundleRedistEx.F90, line 280
20250509 201914.382 INFO             PET3  Finalizing ESMF
