2024-10-10 20:57:03
20241011 065024.594 INFO             PET0 !!!!!!!!!!!!!!!!!!!!!!!!!!!!!!!!!!!!!!!!!!!!!!!!!!!!!!
20241011 065024.596 INFO             PET0 !!! THE ESMF_LOG IS SET TO OUTPUT ALL LOG MESSAGES !!!
20241011 065024.596 INFO             PET0 !!!     THIS MAY CAUSE SLOWDOWN IN PERFORMANCE     !!!
20241011 065024.596 INFO             PET0 !!! FOR PRODUCTION RUNS, USE:                      !!!
20241011 065024.596 INFO             PET0 !!!                   ESMF_LOGKIND_Multi_On_Error  !!!
20241011 065024.596 INFO             PET0 !!!!!!!!!!!!!!!!!!!!!!!!!!!!!!!!!!!!!!!!!!!!!!!!!!!!!!
20241011 065024.596 INFO             PET0 Running with ESMF Version   : v8.8.0b00-12-g0d4b825343
20241011 065024.596 INFO             PET0 ESMF library build date/time: "Oct 10 2024" "20:54:25"
20241011 065024.596 INFO             PET0 ESMF library build location : /Users/sacks/projects/scratch/esmf-testing/gfortranclang_12.2.0_14.0.0_openmpi_g_develop/esmf
20241011 065024.596 INFO             PET0 ESMF_COMM                   : openmpi
20241011 065024.596 INFO             PET0 ESMF_MOAB                   : enabled
20241011 065024.596 INFO             PET0 ESMF_LAPACK                 : enabled
20241011 065024.596 INFO             PET0 ESMF_NETCDF                 : enabled
20241011 065024.596 INFO             PET0 ESMF_PNETCDF                : disabled
20241011 065024.596 INFO             PET0 ESMF_PIO                    : enabled
20241011 065024.596 INFO             PET0 ESMF_YAMLCPP                : enabled
20241011 065024.596 INFO             PET0  NUMBER_OF_PROCESSORS           4
20241011 065024.596 INFO             PET0  PASS  Example ESMF_VMUserMpiCommMultiEx, ESMF_VMUserMpiCommMultiEx.F90, line 126
20241011 065024.596 INFO             PET0  Finalizing ESMF with endflag==ESMF_END_KEEPMPI
20241011 065024.594 INFO             PET0 !!!!!!!!!!!!!!!!!!!!!!!!!!!!!!!!!!!!!!!!!!!!!!!!!!!!!!
20241011 065024.596 INFO             PET0 !!! THE ESMF_LOG IS SET TO OUTPUT ALL LOG MESSAGES !!!
20241011 065024.596 INFO             PET0 !!!     THIS MAY CAUSE SLOWDOWN IN PERFORMANCE     !!!
20241011 065024.596 INFO             PET0 !!! FOR PRODUCTION RUNS, USE:                      !!!
20241011 065024.596 INFO             PET0 !!!                   ESMF_LOGKIND_Multi_On_Error  !!!
20241011 065024.596 INFO             PET0 !!!!!!!!!!!!!!!!!!!!!!!!!!!!!!!!!!!!!!!!!!!!!!!!!!!!!!
20241011 065024.596 INFO             PET0 Running with ESMF Version   : v8.8.0b00-12-g0d4b825343
20241011 065024.596 INFO             PET0 ESMF library build date/time: "Oct 10 2024" "20:54:25"
20241011 065024.596 INFO             PET0 ESMF library build location : /Users/sacks/projects/scratch/esmf-testing/gfortranclang_12.2.0_14.0.0_openmpi_g_develop/esmf
20241011 065024.596 INFO             PET0 ESMF_COMM                   : openmpi
20241011 065024.596 INFO             PET0 ESMF_MOAB                   : enabled
20241011 065024.596 INFO             PET0 ESMF_LAPACK                 : enabled
20241011 065024.596 INFO             PET0 ESMF_NETCDF                 : enabled
20241011 065024.596 INFO             PET0 ESMF_PNETCDF                : disabled
20241011 065024.596 INFO             PET0 ESMF_PIO                    : enabled
20241011 065024.596 INFO             PET0 ESMF_YAMLCPP                : enabled
20241011 065024.596 INFO             PET0  NUMBER_OF_PROCESSORS           4
20241011 065024.596 INFO             PET0  PASS  Example ESMF_VMUserMpiCommMultiEx, ESMF_VMUserMpiCommMultiEx.F90, line 154
20241011 065024.596 INFO             PET0  Finalizing ESMF with endflag==ESMF_END_KEEPMPI
20241011 065024.594 INFO             PET1 !!!!!!!!!!!!!!!!!!!!!!!!!!!!!!!!!!!!!!!!!!!!!!!!!!!!!!
20241011 065024.596 INFO             PET1 !!! THE ESMF_LOG IS SET TO OUTPUT ALL LOG MESSAGES !!!
20241011 065024.596 INFO             PET1 !!!     THIS MAY CAUSE SLOWDOWN IN PERFORMANCE     !!!
20241011 065024.596 INFO             PET1 !!! FOR PRODUCTION RUNS, USE:                      !!!
20241011 065024.596 INFO             PET1 !!!                   ESMF_LOGKIND_Multi_On_Error  !!!
20241011 065024.596 INFO             PET1 !!!!!!!!!!!!!!!!!!!!!!!!!!!!!!!!!!!!!!!!!!!!!!!!!!!!!!
20241011 065024.596 INFO             PET1 Running with ESMF Version   : v8.8.0b00-12-g0d4b825343
20241011 065024.596 INFO             PET1 ESMF library build date/time: "Oct 10 2024" "20:54:25"
20241011 065024.596 INFO             PET1 ESMF library build location : /Users/sacks/projects/scratch/esmf-testing/gfortranclang_12.2.0_14.0.0_openmpi_g_develop/esmf
20241011 065024.596 INFO             PET1 ESMF_COMM                   : openmpi
20241011 065024.596 INFO             PET1 ESMF_MOAB                   : enabled
20241011 065024.596 INFO             PET1 ESMF_LAPACK                 : enabled
20241011 065024.596 INFO             PET1 ESMF_NETCDF                 : enabled
20241011 065024.596 INFO             PET1 ESMF_PNETCDF                : disabled
20241011 065024.596 INFO             PET1 ESMF_PIO                    : enabled
20241011 065024.596 INFO             PET1 ESMF_YAMLCPP                : enabled
20241011 065024.596 INFO             PET1  NUMBER_OF_PROCESSORS           4
20241011 065024.596 INFO             PET1  PASS  Example ESMF_VMUserMpiCommMultiEx, ESMF_VMUserMpiCommMultiEx.F90, line 126
20241011 065024.596 INFO             PET1  Finalizing ESMF with endflag==ESMF_END_KEEPMPI
20241011 065024.594 INFO             PET1 !!!!!!!!!!!!!!!!!!!!!!!!!!!!!!!!!!!!!!!!!!!!!!!!!!!!!!
20241011 065024.596 INFO             PET1 !!! THE ESMF_LOG IS SET TO OUTPUT ALL LOG MESSAGES !!!
20241011 065024.596 INFO             PET1 !!!     THIS MAY CAUSE SLOWDOWN IN PERFORMANCE     !!!
20241011 065024.596 INFO             PET1 !!! FOR PRODUCTION RUNS, USE:                      !!!
20241011 065024.596 INFO             PET1 !!!                   ESMF_LOGKIND_Multi_On_Error  !!!
20241011 065024.596 INFO             PET1 !!!!!!!!!!!!!!!!!!!!!!!!!!!!!!!!!!!!!!!!!!!!!!!!!!!!!!
20241011 065024.596 INFO             PET1 Running with ESMF Version   : v8.8.0b00-12-g0d4b825343
20241011 065024.596 INFO             PET1 ESMF library build date/time: "Oct 10 2024" "20:54:25"
20241011 065024.596 INFO             PET1 ESMF library build location : /Users/sacks/projects/scratch/esmf-testing/gfortranclang_12.2.0_14.0.0_openmpi_g_develop/esmf
20241011 065024.596 INFO             PET1 ESMF_COMM                   : openmpi
20241011 065024.596 INFO             PET1 ESMF_MOAB                   : enabled
20241011 065024.596 INFO             PET1 ESMF_LAPACK                 : enabled
20241011 065024.596 INFO             PET1 ESMF_NETCDF                 : enabled
20241011 065024.596 INFO             PET1 ESMF_PNETCDF                : disabled
20241011 065024.596 INFO             PET1 ESMF_PIO                    : enabled
20241011 065024.596 INFO             PET1 ESMF_YAMLCPP                : enabled
20241011 065024.596 INFO             PET1  NUMBER_OF_PROCESSORS           4
20241011 065024.596 INFO             PET1  PASS  Example ESMF_VMUserMpiCommMultiEx, ESMF_VMUserMpiCommMultiEx.F90, line 154
20241011 065024.596 INFO             PET1  Finalizing ESMF with endflag==ESMF_END_KEEPMPI
