2024-10-12 20:12:41
--- ESMCI::Array::print start ---
--- ESMCI::Array::print start ---
 Base name    = Array002
--- ESMCI::Array::print start ---
 Base name    = Array002
 Status: Base = Ready,  object = Ready
--- ESMCI::Array::print start ---
 Base name    = Array002
 Status: Base = Ready,  object = Ready
 Base name    = Array002
 Status: Base = Ready,  object = Ready
 Proxy        = no
 Status: Base = Ready,  object = Ready
 Proxy        = no
 Proxy        = no
 Proxy        = no
 Root Info (Attributes):
 Root Info (Attributes):
 Root Info (Attributes):
 Root Info (Attributes):
{}{}Array typekind/rank: Real*8 / 2 
{}Array typekind/rank: Real*8 / 2 
{}Array typekind/rank: Real*8 / 2 
Array typekind/rank: Real*8 / 2 
~ lower class' values ~
~ lower class' values ~
~ lower class' values ~
DistGrid dimCount = 2
~ lower class' values ~
DistGrid dimCount = 2
DistGrid dimCount = 2
deCount = 4
deCount = 4
DistGrid dimCount = 2
deCount = 4
localDeCount = 1
~ local data in LocalArray for DE 2 ~
LocalArrayPrint: Array at address 0x11eb048d0:
            rank = 2, typekind = 6, base_addr = 0x600002034e60
            dim[0] = 2  dim[1] = 2  
  Real, *8, Dim 2, Data values:
( 1, 1) =  102
( 2, 1) =  102
( 1, 2) =  102
( 2, 2) =  102
--- ESMCI::Array::print end ---
localDeCount = 1
~ local data in LocalArray for DE 0 ~
LocalArrayPrint: Array at address 0x15380b430:
            rank = 2, typekind = 6, base_addr = 0x600002ba1100
            dim[0] = 2  dim[1] = 2  
  Real, *8, Dim 2, Data values:
( 1, 1) =  100
( 2, 1) =  100
( 1, 2) =  100
( 2, 2) =  100
--- ESMCI::Array::print end ---
--- ESMCI::Array::print start ---
 Base name    = Array003
localDeCount = 1
~ local data in LocalArray for DE 1 ~
LocalArrayPrint: Array at address 0x1316188c0:
            rank = 2, typekind = 6, base_addr = 0x600001df6dc0
            dim[0] = 2  dim[1] = 2  
  Real, *8, Dim 2, Data values:
( 1, 1) =  101
( 2, 1) =  101
( 1, 2) =  101
( 2, 2) =  101
--- ESMCI::Array::print end ---
--- ESMCI::Array::print start ---
 Base name    = Array003
deCount = 4
localDeCount = 1
~ local data in LocalArray for DE 3 ~
LocalArrayPrint: Array at address 0x14470eb30:
            rank = 2, typekind = 6, base_addr = 0x600001d854a0
            dim[0] = 2  dim[1] = 2  
  Real, *8, Dim 2, Data values:
( 1, 1) =  103
( 2, 1) =  103
( 1, 2) =  103
( 2, 2) =  103
--- ESMCI::Array::print end ---
--- ESMCI::Array::print start ---
--- ESMCI::Array::print start ---
 Base name    = Array003
 Base name    = Array003
 Status: Base = Ready,  object = Ready
 Status: Base = Ready,  object = Ready
 Proxy        = no
 Status: Base = Ready,  object = Ready
 Status: Base = Ready,  object = Ready
 Root Info (Attributes):
 Proxy        = no
 Proxy        = no
 Proxy        = no
{} Root Info (Attributes):
 Root Info (Attributes):
 Root Info (Attributes):
Array typekind/rank: Real*8 / 2 
{}{}~ lower class' values ~
DistGrid dimCount = 2
{}Array typekind/rank: Real*8 / 2 
Array typekind/rank: Real*8 / 2 
Array typekind/rank: Real*8 / 2 
~ lower class' values ~
deCount = 4
~ lower class' values ~
~ lower class' values ~
DistGrid dimCount = 2
localDeCount = 1
DistGrid dimCount = 2
DistGrid dimCount = 2
deCount = 4
~ local data in LocalArray for DE 1 ~
deCount = 4
deCount = 4
LocalArrayPrint: Array at address 0x131618bf0:
localDeCount = 1
localDeCount = 1
localDeCount = 1
~ local data in LocalArray for DE 3 ~
            rank = 2, typekind = 6, base_addr = 0x600001df6f00
~ local data in LocalArray for DE 2 ~
~ local data in LocalArray for DE 0 ~
LocalArrayPrint: Array at address 0x14470db20:
            dim[0] = 2  dim[1] = 2  
LocalArrayPrint: Array at address 0x11eb04c00:
LocalArrayPrint: Array at address 0x15380b760:
            rank = 2, typekind = 6, base_addr = 0x600001d855e0
  Real, *8, Dim 2, Data values:
            rank = 2, typekind = 6, base_addr = 0x600002034fa0
( 1, 1) =  201
( 2, 1) =  201
            rank = 2, typekind = 6, base_addr = 0x600002ba1240
            dim[0] = 2  dim[1] = 2  
( 1, 2) =  201
            dim[0] = 2  dim[1] = 2  
            dim[0] = 2  dim[1] = 2  
  Real, *8, Dim 2, Data values:
  Real, *8, Dim 2, Data values:
( 1, 1) =  200
( 1, 1) =  203
( 2, 1) =  203
( 2, 2) =  201
--- ESMCI::Array::print end ---
  Real, *8, Dim 2, Data values:
( 2, 1) =  200
( 1, 1) =  202
--- ESMCI::Array::print start ---
( 1, 2) =  203
( 1, 2) =  200
 Base name    = Array004
 Status: Base = Ready,  object = Ready
( 2, 2) =  203
--- ESMCI::Array::print end ---
( 2, 2) =  200
--- ESMCI::Array::print end ---
 Proxy        = no
--- ESMCI::Array::print start ---
 Base name    = Array004
( 2, 1) =  202
( 1, 2) =  202
( 2, 2) =  202
--- ESMCI::Array::print end ---
--- ESMCI::Array::print start ---
 Root Info (Attributes):
{} Status: Base = Ready,  object = Ready
--- ESMCI::Array::print start ---
 Base name    = Array004
 Base name    = Array004
Array typekind/rank: Real*8 / 2 
~ lower class' values ~
 Proxy        = no
 Root Info (Attributes):
 Status: Base = Ready,  object = Ready
 Proxy        = no
 Status: Base = Ready,  object = Ready
 Proxy        = no
 Root Info (Attributes):
{}Array typekind/rank: Real*8 / 2 
~ lower class' values ~
DistGrid dimCount = 2
deCount = 4
localDeCount = 1
 Root Info (Attributes):
{}Array typekind/rank: Real*8 / 2 
{}DistGrid dimCount = 2
~ local data in LocalArray for DE 1 ~
Array typekind/rank: Real*8 / 2 
deCount = 4
LocalArrayPrint: Array at address 0x131618f20:
~ lower class' values ~
DistGrid dimCount = 2
localDeCount = 1
            rank = 2, typekind = 6, base_addr = 0x6000033f5300
~ lower class' values ~
DistGrid dimCount = 2
deCount = 4
localDeCount = 1
~ local data in LocalArray for DE 3 ~
            dim[0] = 4  dim[1] = 4  
LocalArrayPrint: Array at address 0x14470ee80:
deCount = 4
            rank = 2, typekind = 6, base_addr = 0x600003385500
localDeCount = 1
~ local data in LocalArray for DE 0 ~
  Real, *8, Dim 2, Data values:
LocalArrayPrint: Array at address 0x15380ba90:
( 0, 0) =  301
~ local data in LocalArray for DE 2 ~
            dim[0] = 4  dim[1] = 4  
            rank = 2, typekind = 6, base_addr = 0x6000005a5500
LocalArrayPrint: Array at address 0x11eb04f30:
  Real, *8, Dim 2, Data values:
( 1, 0) =  301
            dim[0] = 4  dim[1] = 4  
            rank = 2, typekind = 6, base_addr = 0x600000e18680
( 2, 0) =  301
( 0, 0) =  300
            dim[0] = 4  dim[1] = 4  
  Real, *8, Dim 2, Data values:
( 1, 0) =  301
( 2, 0) =  301
( 3, 0) =  301
( 0, 1) =  300
  Real, *8, Dim 2, Data values:
( 0, 0) =  300
( 3, 0) =  303
( 1, 1) =  301
( 0, 0) =  302
( 1, 0) =  300
( 0, 1) =  302
( 2, 1) =  301
( 1, 0) =  300
( 2, 0) =  300
( 2, 0) =  300
( 1, 1) =  303
( 2, 1) =  303
( 3, 1) =  301
( 0, 2) =  300
( 3, 0) =  300
( 3, 0) =  301
( 0, 1) =  300
( 0, 1) =  302
( 1, 1) =  302
( 3, 1) =  303
( 0, 2) =  302
( 1, 1) =  300
( 2, 1) =  300
( 1, 2) =  301
( 2, 2) =  301
( 2, 1) =  302
( 1, 2) =  303
( 3, 2) =  301
( 0, 3) =  302
( 3, 1) =  303
( 2, 2) =  303
( 3, 1) =  301
( 0, 2) =  300
( 0, 2) =  302
( 3, 2) =  303
( 1, 2) =  300
( 1, 3) =  303
( 2, 3) =  303
( 1, 2) =  302
( 0, 3) =  303
( 2, 2) =  302
( 1, 3) =  303
( 2, 2) =  300
( 3, 2) =  301
( 3, 3) =  301
( 3, 2) =  303
( 2, 3) =  303
( 0, 3) =  300
--- ESMCI::Array::print end ---
( 0, 3) =  302
( 3, 3) =  303
--- ESMCI::Array::print start ---
( 1, 3) =  302
( 1, 3) =  302
--- ESMCI::Array::print end ---
( 2, 3) =  302
( 2, 3) =  302
--- ESMCI::Array::print start ---
( 3, 3) =  303
 Base name    = Array005
 Base name    = Array005
 Status: Base = Ready,  object = Ready
( 3, 3) =  302
--- ESMCI::Array::print end ---
--- ESMCI::Array::print end ---
--- ESMCI::Array::print start ---
 Status: Base = Ready,  object = Ready
 Proxy        = no
 Proxy        = no
--- ESMCI::Array::print start ---
 Root Info (Attributes):
 Base name    = Array005
 Root Info (Attributes):
 Base name    = Array005
 Status: Base = Ready,  object = Ready
{} Status: Base = Ready,  object = Ready
{}Array typekind/rank: Real*8 / 2 
 Proxy        = no
Array typekind/rank: Real*8 / 2 
 Proxy        = no
~ lower class' values ~
 Root Info (Attributes):
~ lower class' values ~
 Root Info (Attributes):
DistGrid dimCount = 2
{}Array typekind/rank: Real*8 / 2 
DistGrid dimCount = 2
{}deCount = 4
deCount = 4
localDeCount = 1
~ lower class' values ~
Array typekind/rank: Real*8 / 2 
localDeCount = 1
DistGrid dimCount = 2
~ local data in LocalArray for DE 1 ~
~ lower class' values ~
~ local data in LocalArray for DE 3 ~
LocalArrayPrint: Array at address 0x131619250:
deCount = 4
LocalArrayPrint: Array at address 0x14470f1b0:
DistGrid dimCount = 2
            rank = 2, typekind = 6, base_addr = 0x6000033f5380
localDeCount = 1
            rank = 2, typekind = 6, base_addr = 0x600003385700
deCount = 4
~ local data in LocalArray for DE 0 ~
            dim[0] = 4  dim[1] = 4  
            dim[0] = 4  dim[1] = 4  
localDeCount = 1
LocalArrayPrint: Array at address 0x15380bdc0:
  Real, *8, Dim 2, Data values:
  Real, *8, Dim 2, Data values:
~ local data in LocalArray for DE 2 ~
( 0, 0) =  401
            rank = 2, typekind = 6, base_addr = 0x6000005a5600
LocalArrayPrint: Array at address 0x11eb05260:
( 0, 0) =  400
            rank = 2, typekind = 6, base_addr = 0x600000e18b00
( 1, 0) =  401
( 1, 0) =  401
            dim[0] = 4  dim[1] = 4  
  Real, *8, Dim 2, Data values:
            dim[0] = 4  dim[1] = 4  
( 2, 0) =  401
( 2, 0) =  401
  Real, *8, Dim 2, Data values:
( 3, 0) =  401
( 3, 0) =  403
( 0, 0) =  400
( 0, 0) =  402
( 0, 1) =  402
( 0, 1) =  400
( 1, 0) =  400
( 1, 1) =  403
( 1, 0) =  400
( 1, 1) =  401
( 2, 0) =  400
( 2, 1) =  403
( 2, 0) =  400
( 2, 1) =  401
( 3, 0) =  401
( 3, 1) =  403
( 3, 1) =  401
( 3, 0) =  400
( 0, 2) =  402
( 1, 2) =  403
( 0, 1) =  402
( 1, 1) =  402
( 0, 2) =  400
( 1, 2) =  401
( 0, 1) =  400
( 1, 1) =  400
( 2, 2) =  403
( 3, 2) =  403
( 2, 2) =  401
( 3, 2) =  401
( 2, 1) =  400
( 3, 1) =  401
( 0, 2) =  400
( 2, 1) =  402
( 3, 1) =  403
( 0, 2) =  402
( 0, 3) =  403
( 0, 3) =  402
( 1, 3) =  403
( 1, 2) =  402
( 1, 3) =  403
( 2, 3) =  403
( 1, 2) =  400
( 2, 2) =  400
( 2, 3) =  403
( 3, 3) =  403
( 2, 2) =  402
( 3, 3) =  401
( 3, 2) =  401
( 3, 2) =  403
--- ESMCI::Array::print end ---
--- ESMCI::Array::print end ---
( 0, 3) =  400
--- ESMCI::Array::print start ---
( 0, 3) =  402
( 1, 3) =  402
 Base name    = Array006
--- ESMCI::Array::print start ---
( 1, 3) =  402
( 2, 3) =  402
 Status: Base = Ready,  object = Ready
 Base name    = Array006
( 2, 3) =  402
( 3, 3) =  403
 Proxy        = no
( 3, 3) =  402
 Status: Base = Ready,  object = Ready
--- ESMCI::Array::print end ---
--- ESMCI::Array::print start ---
--- ESMCI::Array::print end ---
--- ESMCI::Array::print start ---
 Proxy        = no
 Root Info (Attributes):
 Root Info (Attributes):
{} Base name    = Array006
 Status: Base = Ready,  object = Ready
 Base name    = Array006
{} Proxy        = no
Array typekind/rank: Real*8 / 2 
Array typekind/rank: Real*8 / 2 
~ lower class' values ~
 Status: Base = Ready,  object = Ready
~ lower class' values ~
 Root Info (Attributes):
 Proxy        = no
DistGrid dimCount = 2
 Root Info (Attributes):
deCount = 4
DistGrid dimCount = 2
deCount = 4
{}Array typekind/rank: Real*8 / 2 
localDeCount = 1
localDeCount = 1
~ lower class' values ~
{}~ local data in LocalArray for DE 3 ~
~ local data in LocalArray for DE 1 ~
DistGrid dimCount = 2
Array typekind/rank: Real*8 / 2 
LocalArrayPrint: Array at address 0x14470f4e0:
            rank = 2, typekind = 6, base_addr = 0x600003988840
LocalArrayPrint: Array at address 0x131619580:
            rank = 2, typekind = 6, base_addr = 0x6000039f0e40
deCount = 4
localDeCount = 1
~ lower class' values ~
            dim[0] = 4  dim[1] = 3  
DistGrid dimCount = 2
deCount = 4
            dim[0] = 4  dim[1] = 3  
~ local data in LocalArray for DE 0 ~
  Real, *8, Dim 2, Data values:
  Real, *8, Dim 2, Data values:
LocalArrayPrint: Array at address 0x15380c0f0:
localDeCount = 1
( 0, 0) =  500
( 0, 0) =  501
( 1, 0) =  501
            rank = 2, typekind = 6, base_addr = 0x600000fa4180
~ local data in LocalArray for DE 2 ~
( 1, 0) =  501
            dim[0] = 4  dim[1] = 3  
( 2, 0) =  501
LocalArrayPrint: Array at address 0x11eb05590:
( 2, 0) =  501
  Real, *8, Dim 2, Data values:
( 3, 0) =  503
            rank = 2, typekind = 6, base_addr = 0x60000041c420
( 0, 0) =  500
( 3, 0) =  501
            dim[0] = 4  dim[1] = 3  
( 0, 1) =  502
( 1, 0) =  500
( 0, 1) =  500
( 1, 1) =  503
  Real, *8, Dim 2, Data values:
( 1, 1) =  501
( 2, 0) =  500
( 0, 0) =  502
( 2, 1) =  503
( 3, 0) =  500
( 2, 1) =  501
( 1, 0) =  500
( 3, 1) =  503
( 3, 1) =  501
( 0, 2) =  500
( 0, 1) =  500
( 1, 1) =  500
( 0, 2) =  502
( 1, 2) =  503
( 2, 0) =  500
( 3, 0) =  501
( 2, 1) =  500
( 1, 2) =  501
( 2, 2) =  501
( 0, 1) =  502
( 1, 1) =  502
( 2, 1) =  502
( 3, 1) =  501
( 2, 2) =  503
( 3, 2) =  503
--- ESMCI::Array::print end ---
( 3, 2) =  501
( 3, 1) =  503
( 0, 2) =  500
( 1, 2) =  500
--- ESMCI::Array::print end ---
( 0, 2) =  502
( 1, 2) =  502
( 2, 2) =  500
  PASS  Example ESMF_ArrayBundleHaloEx, ESMF_ArrayBundleHaloEx.F90, line 172
( 2, 2) =  502
( 3, 2) =  501
( 3, 2) =  503
  PASS  Example ESMF_ArrayBundleHaloEx, ESMF_ArrayBundleHaloEx.F90, line 172
--- ESMCI::Array::print end ---
--- ESMCI::Array::print end ---
  PASS  Example ESMF_ArrayBundleHaloEx, ESMF_ArrayBundleHaloEx.F90, line 172
  PASS  Example ESMF_ArrayBundleHaloEx, ESMF_ArrayBundleHaloEx.F90, line 172
 PASS: ESMF_ArrayBundleHaloEx.F90
 PASS: ESMF_ArrayBundleHaloEx.F90
 PASS: ESMF_ArrayBundleHaloEx.F90
 PASS: ESMF_ArrayBundleHaloEx.F90
