2024-10-11 21:23:06
--- ESMCI::VM::print() start ---
--- ESMCI::VM::print() start ---
--- ESMCI::VM::print() start ---
--- ESMCI::VM::print() start ---
--- ESMCI::VMId::print() start ---
  vmKeyWidth = 1
--- ESMCI::VMId::print() start ---
  vmKeyWidth = 1
  vmKey=0xF0000000
  localID = 0
--- ESMCI::VMId::print() end ---
--- ESMCI::VMId::print() start ---
  vmKeyWidth = 1
  vmKey=0xF0000000
--- VMK::print() start ---
  localID = 0
  vmKey=0xF0000000
  localID = 0
--- ESMCI::VMId::print() start ---
  vmKeyWidth = 1
vm located at: 0x1440056e0
--- ESMCI::VMId::print() end ---
--- ESMCI::VMId::print() end ---
npets = 4, mypet=0
--- VMK::print() start ---
  vmKey=0xF0000000
  localID = 0
  pth_mutex =		 0x6000028b98c0
vm located at: 0x134f04390
--- VMK::print() start ---
vm located at: 0x133e066e0
--- ESMCI::VMId::print() end ---
  pth_finish_count =	 0x0
npets = 4, mypet=1
MPI_Comm_size: 4
  pth_mutex =		 0x600001601440
--- VMK::print() start ---
npets = 4, mypet=3
MPI_Comm_rank in local MPI communicator: 0
  pth_finish_count =	 0x0
vm located at: 0x132e066e0
  pth_mutex =		 0x6000005bca00
  pth_finish_count =	 0x0
MPI_Comm_size: 4
npets = 4, mypet=2
  pth_mutex =		 0x600001669880
MPI_Comm_size: 4
MPI_Comm_rank in local MPI communicator: 1
MPI_Comm_rank in MPI_COMM_WORLD: 0
MPI thread level support: 3
MPI_Comm_rank in local MPI communicator: 3
  pth_finish_count =	 0x0
MPI_Comm_rank in MPI_COMM_WORLD: 1
mpi_mutex_flag: 0
mpionly: 1
MPI_Comm_rank in MPI_COMM_WORLD: 3
MPI_Comm_size: 4
MPI thread level support: 3
threadsflag: 0
  lpid[0]=0, tid[0]=0, vas[0]=0, ncpet[0]=1, nadevs[0]=0, cid[0][0]=0
mpi_mutex_flag: 0
mpionly: 1
threadsflag: 0
MPI_Comm_rank in local MPI communicator: 2
MPI_Comm_rank in MPI_COMM_WORLD: 2
MPI thread level support: 3
MPI thread level support: 3
mpi_mutex_flag: 0
mpionly: 1
  lpid[1]=1, tid[1]=0, vas[1]=1, ncpet[1]=1, nadevs[1]=0, cid[1][0]=1
  lpid[0]=0, tid[0]=0, vas[0]=0, ncpet[0]=1, nadevs[0]=0, cid[0][0]=0
mpi_mutex_flag: 0
threadsflag: 0
  lpid[1]=1, tid[1]=0, vas[1]=1, ncpet[1]=1, nadevs[1]=0, cid[1][0]=1
  lpid[2]=2, tid[2]=0, vas[2]=2, ncpet[2]=1, nadevs[2]=0, cid[2][0]=2
mpionly: 1
  lpid[2]=2, tid[2]=0, vas[2]=2, ncpet[2]=1, nadevs[2]=0, cid[2][0]=2
  lpid[3]=3, tid[3]=0, vas[3]=3, ncpet[3]=1, nadevs[3]=0, cid[3][0]=3
threadsflag: 0
  lpid[0]=0, tid[0]=0, vas[0]=0, ncpet[0]=1, nadevs[0]=0, cid[0][0]=0
ncores = 4
  lpid[3]=3, tid[3]=0, vas[3]=3, ncpet[3]=1, nadevs[3]=0, cid[3][0]=3
  cpuid[0]=0, ssiid[0]=0
ncores = 4
  lpid[1]=1, tid[1]=0, vas[1]=1, ncpet[1]=1, nadevs[1]=0, cid[1][0]=1
  lpid[0]=0, tid[0]=0, vas[0]=0, ncpet[0]=1, nadevs[0]=0, cid[0][0]=0
  lpid[1]=1, tid[1]=0, vas[1]=1, ncpet[1]=1, nadevs[1]=0, cid[1][0]=1
  cpuid[0]=0, ssiid[0]=0
  cpuid[1]=1, ssiid[1]=0
  cpuid[1]=1, ssiid[1]=0
  cpuid[2]=2, ssiid[2]=0
  lpid[2]=2, tid[2]=0, vas[2]=2, ncpet[2]=1, nadevs[2]=0, cid[2][0]=2
  lpid[3]=3, tid[3]=0, vas[3]=3, ncpet[3]=1, nadevs[3]=0, cid[3][0]=3
  lpid[2]=2, tid[2]=0, vas[2]=2, ncpet[2]=1, nadevs[2]=0, cid[2][0]=2
  cpuid[2]=2, ssiid[2]=0
  cpuid[3]=3, ssiid[3]=0
  cpuid[3]=3, ssiid[3]=0
ncores = 4
  lpid[3]=3, tid[3]=0, vas[3]=3, ncpet[3]=1, nadevs[3]=0, cid[3][0]=3
ncores = 4
  cpuid[0]=0, ssiid[0]=0
--- VMK::print() end ---
--- ESMCI::VM::print() end ---
--- VMK::print() end ---
--- ESMCI::VM::print() end ---
  cpuid[0]=0, ssiid[0]=0
  cpuid[1]=1, ssiid[1]=0
  cpuid[2]=2, ssiid[2]=0
  cpuid[1]=1, ssiid[1]=0
 This PET is localPet:            1
 This PET is localPet:            0
  cpuid[3]=3, ssiid[3]=0
 of a total of            4  PETs in this VM.
  cpuid[2]=2, ssiid[2]=0
 of a total of            4  PETs in this VM.
--- VMK::print() end ---
 There are            4  PEs referenced by this VM
  cpuid[3]=3, ssiid[3]=0
 There are            4  PEs referenced by this VM
--- ESMCI::VM::print() end ---
 This PET is executing in virtual address space (VAS)            1
--- VMK::print() end ---
 This PET is executing in virtual address space (VAS)            0
 This PET is localPet:            3
 located on single system image (SSI)            0
--- ESMCI::VM::print() end ---
 located on single system image (SSI)            0
 of a total of            4  PETs in this VM.
 and is associated with            1  PEs.
 This PET is localPet:            2
 and is associated with            1  PEs.
 There are            4  PEs referenced by this VM
 This PET is executing in virtual address space (VAS)            3
 of a total of            4  PETs in this VM.
 There are            4  PEs referenced by this VM
  PASS  Example ESMF_VMDefaultBasicsEx, ESMF_VMDefaultBasicsEx.F90, line 107
  PASS  Example ESMF_VMDefaultBasicsEx, ESMF_VMDefaultBasicsEx.F90, line 107
 located on single system image (SSI)            0
 This PET is executing in virtual address space (VAS)            2
 and is associated with            1  PEs.
 located on single system image (SSI)            0
 and is associated with            1  PEs.
  PASS  Example ESMF_VMDefaultBasicsEx, ESMF_VMDefaultBasicsEx.F90, line 107
  PASS  Example ESMF_VMDefaultBasicsEx, ESMF_VMDefaultBasicsEx.F90, line 107
 PASS: ESMF_VMDefaultBasicsEx.F90
 PASS: ESMF_VMDefaultBasicsEx.F90
 PASS: ESMF_VMDefaultBasicsEx.F90
 PASS: ESMF_VMDefaultBasicsEx.F90
