2024-10-14 19:22:37
20241014 201253.452 INFO             PET0 !!!!!!!!!!!!!!!!!!!!!!!!!!!!!!!!!!!!!!!!!!!!!!!!!!!!!!
20241014 201253.454 INFO             PET0 !!! THE ESMF_LOG IS SET TO OUTPUT ALL LOG MESSAGES !!!
20241014 201253.454 INFO             PET0 !!!     THIS MAY CAUSE SLOWDOWN IN PERFORMANCE     !!!
20241014 201253.454 INFO             PET0 !!! FOR PRODUCTION RUNS, USE:                      !!!
20241014 201253.454 INFO             PET0 !!!                   ESMF_LOGKIND_Multi_On_Error  !!!
20241014 201253.454 INFO             PET0 !!!!!!!!!!!!!!!!!!!!!!!!!!!!!!!!!!!!!!!!!!!!!!!!!!!!!!
20241014 201253.454 INFO             PET0 Running with ESMF Version   : v8.8.0b01
20241014 201253.454 INFO             PET0 ESMF library build date/time: "Oct 14 2024" "19:19:48"
20241014 201253.454 INFO             PET0 ESMF library build location : /Users/sacks/projects/scratch/esmf-testing/gfortranclang_12.2.0_14.0.0_openmpi_g_develop/esmf
20241014 201253.454 INFO             PET0 ESMF_COMM                   : openmpi
20241014 201253.454 INFO             PET0 ESMF_MOAB                   : enabled
20241014 201253.454 INFO             PET0 ESMF_LAPACK                 : enabled
20241014 201253.454 INFO             PET0 ESMF_NETCDF                 : enabled
20241014 201253.454 INFO             PET0 ESMF_PNETCDF                : disabled
20241014 201253.454 INFO             PET0 ESMF_PIO                    : enabled
20241014 201253.454 INFO             PET0 ESMF_YAMLCPP                : enabled
20241014 201253.926 DEBUG            PET0 about to destroy Grid: 0x10f010000
20241014 201254.223 DEBUG            PET0 about to destroy Grid: 0x11e85b600
20241014 201254.247 INFO             PET0  NUMBER_OF_PROCESSORS           4
20241014 201254.247 INFO             PET0  PASS  Example ESMF_NUOPCAtmModelEx, ESMF_NUOPCAtmModelEx.F90, line 806
20241014 201254.247 INFO             PET0  Finalizing ESMF
20241014 201253.453 INFO             PET1 !!!!!!!!!!!!!!!!!!!!!!!!!!!!!!!!!!!!!!!!!!!!!!!!!!!!!!
20241014 201253.454 INFO             PET1 !!! THE ESMF_LOG IS SET TO OUTPUT ALL LOG MESSAGES !!!
20241014 201253.454 INFO             PET1 !!!     THIS MAY CAUSE SLOWDOWN IN PERFORMANCE     !!!
20241014 201253.454 INFO             PET1 !!! FOR PRODUCTION RUNS, USE:                      !!!
20241014 201253.454 INFO             PET1 !!!                   ESMF_LOGKIND_Multi_On_Error  !!!
20241014 201253.454 INFO             PET1 !!!!!!!!!!!!!!!!!!!!!!!!!!!!!!!!!!!!!!!!!!!!!!!!!!!!!!
20241014 201253.454 INFO             PET1 Running with ESMF Version   : v8.8.0b01
20241014 201253.454 INFO             PET1 ESMF library build date/time: "Oct 14 2024" "19:19:48"
20241014 201253.454 INFO             PET1 ESMF library build location : /Users/sacks/projects/scratch/esmf-testing/gfortranclang_12.2.0_14.0.0_openmpi_g_develop/esmf
20241014 201253.454 INFO             PET1 ESMF_COMM                   : openmpi
20241014 201253.454 INFO             PET1 ESMF_MOAB                   : enabled
20241014 201253.454 INFO             PET1 ESMF_LAPACK                 : enabled
20241014 201253.454 INFO             PET1 ESMF_NETCDF                 : enabled
20241014 201253.454 INFO             PET1 ESMF_PNETCDF                : disabled
20241014 201253.454 INFO             PET1 ESMF_PIO                    : enabled
20241014 201253.454 INFO             PET1 ESMF_YAMLCPP                : enabled
20241014 201253.926 DEBUG            PET1 about to destroy Grid: 0x10e80a000
20241014 201254.223 DEBUG            PET1 about to destroy Grid: 0x12201b200
20241014 201254.247 INFO             PET1  NUMBER_OF_PROCESSORS           4
20241014 201254.247 INFO             PET1  PASS  Example ESMF_NUOPCAtmModelEx, ESMF_NUOPCAtmModelEx.F90, line 806
20241014 201254.247 INFO             PET1  Finalizing ESMF
20241014 201253.452 INFO             PET2 !!!!!!!!!!!!!!!!!!!!!!!!!!!!!!!!!!!!!!!!!!!!!!!!!!!!!!
20241014 201253.454 INFO             PET2 !!! THE ESMF_LOG IS SET TO OUTPUT ALL LOG MESSAGES !!!
20241014 201253.454 INFO             PET2 !!!     THIS MAY CAUSE SLOWDOWN IN PERFORMANCE     !!!
20241014 201253.454 INFO             PET2 !!! FOR PRODUCTION RUNS, USE:                      !!!
20241014 201253.454 INFO             PET2 !!!                   ESMF_LOGKIND_Multi_On_Error  !!!
20241014 201253.454 INFO             PET2 !!!!!!!!!!!!!!!!!!!!!!!!!!!!!!!!!!!!!!!!!!!!!!!!!!!!!!
20241014 201253.454 INFO             PET2 Running with ESMF Version   : v8.8.0b01
20241014 201253.454 INFO             PET2 ESMF library build date/time: "Oct 14 2024" "19:19:48"
20241014 201253.454 INFO             PET2 ESMF library build location : /Users/sacks/projects/scratch/esmf-testing/gfortranclang_12.2.0_14.0.0_openmpi_g_develop/esmf
20241014 201253.454 INFO             PET2 ESMF_COMM                   : openmpi
20241014 201253.454 INFO             PET2 ESMF_MOAB                   : enabled
20241014 201253.454 INFO             PET2 ESMF_LAPACK                 : enabled
20241014 201253.454 INFO             PET2 ESMF_NETCDF                 : enabled
20241014 201253.454 INFO             PET2 ESMF_PNETCDF                : disabled
20241014 201253.454 INFO             PET2 ESMF_PIO                    : enabled
20241014 201253.454 INFO             PET2 ESMF_YAMLCPP                : enabled
20241014 201253.926 DEBUG            PET2 about to destroy Grid: 0x14781c000
20241014 201254.223 DEBUG            PET2 about to destroy Grid: 0x131009a00
20241014 201254.247 INFO             PET2  NUMBER_OF_PROCESSORS           4
20241014 201254.247 INFO             PET2  PASS  Example ESMF_NUOPCAtmModelEx, ESMF_NUOPCAtmModelEx.F90, line 806
20241014 201254.247 INFO             PET2  Finalizing ESMF
20241014 201253.452 INFO             PET3 !!!!!!!!!!!!!!!!!!!!!!!!!!!!!!!!!!!!!!!!!!!!!!!!!!!!!!
20241014 201253.454 INFO             PET3 !!! THE ESMF_LOG IS SET TO OUTPUT ALL LOG MESSAGES !!!
20241014 201253.454 INFO             PET3 !!!     THIS MAY CAUSE SLOWDOWN IN PERFORMANCE     !!!
20241014 201253.454 INFO             PET3 !!! FOR PRODUCTION RUNS, USE:                      !!!
20241014 201253.454 INFO             PET3 !!!                   ESMF_LOGKIND_Multi_On_Error  !!!
20241014 201253.454 INFO             PET3 !!!!!!!!!!!!!!!!!!!!!!!!!!!!!!!!!!!!!!!!!!!!!!!!!!!!!!
20241014 201253.454 INFO             PET3 Running with ESMF Version   : v8.8.0b01
20241014 201253.454 INFO             PET3 ESMF library build date/time: "Oct 14 2024" "19:19:48"
20241014 201253.454 INFO             PET3 ESMF library build location : /Users/sacks/projects/scratch/esmf-testing/gfortranclang_12.2.0_14.0.0_openmpi_g_develop/esmf
20241014 201253.454 INFO             PET3 ESMF_COMM                   : openmpi
20241014 201253.454 INFO             PET3 ESMF_MOAB                   : enabled
20241014 201253.454 INFO             PET3 ESMF_LAPACK                 : enabled
20241014 201253.454 INFO             PET3 ESMF_NETCDF                 : enabled
20241014 201253.454 INFO             PET3 ESMF_PNETCDF                : disabled
20241014 201253.454 INFO             PET3 ESMF_PIO                    : enabled
20241014 201253.454 INFO             PET3 ESMF_YAMLCPP                : enabled
20241014 201253.926 DEBUG            PET3 about to destroy Grid: 0x122010400
20241014 201254.223 DEBUG            PET3 about to destroy Grid: 0x111812c00
20241014 201254.247 INFO             PET3  NUMBER_OF_PROCESSORS           4
20241014 201254.247 INFO             PET3  PASS  Example ESMF_NUOPCAtmModelEx, ESMF_NUOPCAtmModelEx.F90, line 806
20241014 201254.247 INFO             PET3  Finalizing ESMF
