Processing /Users/sacks/projects/scratch/esmf-testing/gfortranclang_12.2.0_14.0.0_openmpi_g_develop/esmf/src/addon/esmpy
  Installing build dependencies: started
  Installing build dependencies: finished with status 'done'
  Getting requirements to build wheel: started
  Getting requirements to build wheel: finished with status 'done'
  Preparing metadata (pyproject.toml): started
  Preparing metadata (pyproject.toml): finished with status 'done'
Requirement already satisfied: numpy<3,>=1.19 in /Users/sacks/projects/scratch/esmf-testing/conda_environments/esmf-test-scripts-environment-python3.11-numpy1.26/lib/python3.11/site-packages (from esmpy==8.9.0b8) (1.26.4)
Collecting setuptools-git-versioning (from esmpy==8.9.0b8)
  Using cached setuptools_git_versioning-2.1.0-py3-none-any.whl.metadata (6.1 kB)
Requirement already satisfied: packaging in /Users/sacks/projects/scratch/esmf-testing/conda_environments/esmf-test-scripts-environment-python3.11-numpy1.26/lib/python3.11/site-packages (from setuptools-git-versioning->esmpy==8.9.0b8) (24.2)
Requirement already satisfied: setuptools in /Users/sacks/projects/scratch/esmf-testing/gfortranclang_12.2.0_14.0.0_openmpi_g_develop/esmpy_venv/lib/python3.11/site-packages (from setuptools-git-versioning->esmpy==8.9.0b8) (65.5.0)
Using cached setuptools_git_versioning-2.1.0-py3-none-any.whl (10 kB)
Building wheels for collected packages: esmpy
  Building wheel for esmpy (pyproject.toml): started
  Building wheel for esmpy (pyproject.toml): finished with status 'done'
  Created wheel for esmpy: filename=esmpy-8.9.0b8-py3-none-any.whl size=125640 sha256=fdc0a836caa7f4b90803b4cfb55cbecd851d63c59c1416bc413bd55262d11b60
  Stored in directory: /private/var/folders/mp/rlk6q70n1jl_syyghjrhsv7w0000gp/T/pip-ephem-wheel-cache-d4gyhuij/wheels/5b/d1/aa/d173935916fc49214bf6b98b81b50b92e8cbb664d60fee034d
Successfully built esmpy
Installing collected packages: setuptools-git-versioning, esmpy
Successfully installed esmpy-8.9.0b8 setuptools-git-versioning-2.1.0

[notice] A new release of pip is available: 24.0 -> 25.1.1
[notice] To update, run: pip install --upgrade pip
