2024-10-11 03:44:32
20241011 043157.533 INFO             PET0 !!!!!!!!!!!!!!!!!!!!!!!!!!!!!!!!!!!!!!!!!!!!!!!!!!!!!!
20241011 043157.533 INFO             PET0 !!! THE ESMF_LOG IS SET TO OUTPUT ALL LOG MESSAGES !!!
20241011 043157.533 INFO             PET0 !!!     THIS MAY CAUSE SLOWDOWN IN PERFORMANCE     !!!
20241011 043157.533 INFO             PET0 !!! FOR PRODUCTION RUNS, USE:                      !!!
20241011 043157.533 INFO             PET0 !!!                   ESMF_LOGKIND_Multi_On_Error  !!!
20241011 043157.533 INFO             PET0 !!!!!!!!!!!!!!!!!!!!!!!!!!!!!!!!!!!!!!!!!!!!!!!!!!!!!!
20241011 043157.533 INFO             PET0 Running with ESMF Version   : v8.8.0b00-12-g0d4b825343
20241011 043157.533 INFO             PET0 ESMF library build date/time: "Oct 11 2024" "03:41:34"
20241011 043157.533 INFO             PET0 ESMF library build location : /glade/derecho/scratch/sacks/esmf-testing/intel_2023.2.1-oneAPI_mpi_O_develop/esmf
20241011 043157.533 INFO             PET0 ESMF_COMM                   : mpi
20241011 043157.741 INFO             PET0 ESMF_MOAB                   : enabled
20241011 043157.741 INFO             PET0 ESMF_LAPACK                 : enabled
20241011 043157.741 INFO             PET0 ESMF_NETCDF                 : enabled
20241011 043157.741 INFO             PET0 ESMF_PNETCDF                : disabled
20241011 043157.741 INFO             PET0 ESMF_PIO                    : enabled
20241011 043157.741 INFO             PET0 ESMF_YAMLCPP                : enabled
20241011 043157.746 INFO             PET0  NUMBER_OF_PROCESSORS           4
20241011 043157.746 INFO             PET0  PASS  Example ESMF_ArraySpecEx, ESMF_ArraySpecEx.F90, line 96
20241011 043157.746 INFO             PET0  Finalizing ESMF
20241011 043157.532 INFO             PET1 !!!!!!!!!!!!!!!!!!!!!!!!!!!!!!!!!!!!!!!!!!!!!!!!!!!!!!
20241011 043157.532 INFO             PET1 !!! THE ESMF_LOG IS SET TO OUTPUT ALL LOG MESSAGES !!!
20241011 043157.532 INFO             PET1 !!!     THIS MAY CAUSE SLOWDOWN IN PERFORMANCE     !!!
20241011 043157.532 INFO             PET1 !!! FOR PRODUCTION RUNS, USE:                      !!!
20241011 043157.532 INFO             PET1 !!!                   ESMF_LOGKIND_Multi_On_Error  !!!
20241011 043157.532 INFO             PET1 !!!!!!!!!!!!!!!!!!!!!!!!!!!!!!!!!!!!!!!!!!!!!!!!!!!!!!
20241011 043157.532 INFO             PET1 Running with ESMF Version   : v8.8.0b00-12-g0d4b825343
20241011 043157.532 INFO             PET1 ESMF library build date/time: "Oct 11 2024" "03:41:34"
20241011 043157.532 INFO             PET1 ESMF library build location : /glade/derecho/scratch/sacks/esmf-testing/intel_2023.2.1-oneAPI_mpi_O_develop/esmf
20241011 043157.532 INFO             PET1 ESMF_COMM                   : mpi
20241011 043157.741 INFO             PET1 ESMF_MOAB                   : enabled
20241011 043157.741 INFO             PET1 ESMF_LAPACK                 : enabled
20241011 043157.741 INFO             PET1 ESMF_NETCDF                 : enabled
20241011 043157.741 INFO             PET1 ESMF_PNETCDF                : disabled
20241011 043157.741 INFO             PET1 ESMF_PIO                    : enabled
20241011 043157.741 INFO             PET1 ESMF_YAMLCPP                : enabled
20241011 043157.746 INFO             PET1  NUMBER_OF_PROCESSORS           4
20241011 043157.746 INFO             PET1  PASS  Example ESMF_ArraySpecEx, ESMF_ArraySpecEx.F90, line 96
20241011 043157.746 INFO             PET1  Finalizing ESMF
20241011 043157.537 INFO             PET2 !!!!!!!!!!!!!!!!!!!!!!!!!!!!!!!!!!!!!!!!!!!!!!!!!!!!!!
20241011 043157.537 INFO             PET2 !!! THE ESMF_LOG IS SET TO OUTPUT ALL LOG MESSAGES !!!
20241011 043157.537 INFO             PET2 !!!     THIS MAY CAUSE SLOWDOWN IN PERFORMANCE     !!!
20241011 043157.537 INFO             PET2 !!! FOR PRODUCTION RUNS, USE:                      !!!
20241011 043157.537 INFO             PET2 !!!                   ESMF_LOGKIND_Multi_On_Error  !!!
20241011 043157.537 INFO             PET2 !!!!!!!!!!!!!!!!!!!!!!!!!!!!!!!!!!!!!!!!!!!!!!!!!!!!!!
20241011 043157.537 INFO             PET2 Running with ESMF Version   : v8.8.0b00-12-g0d4b825343
20241011 043157.537 INFO             PET2 ESMF library build date/time: "Oct 11 2024" "03:41:34"
20241011 043157.537 INFO             PET2 ESMF library build location : /glade/derecho/scratch/sacks/esmf-testing/intel_2023.2.1-oneAPI_mpi_O_develop/esmf
20241011 043157.537 INFO             PET2 ESMF_COMM                   : mpi
20241011 043157.538 INFO             PET2 ESMF_MOAB                   : enabled
20241011 043157.538 INFO             PET2 ESMF_LAPACK                 : enabled
20241011 043157.538 INFO             PET2 ESMF_NETCDF                 : enabled
20241011 043157.538 INFO             PET2 ESMF_PNETCDF                : disabled
20241011 043157.538 INFO             PET2 ESMF_PIO                    : enabled
20241011 043157.538 INFO             PET2 ESMF_YAMLCPP                : enabled
20241011 043157.746 INFO             PET2  NUMBER_OF_PROCESSORS           4
20241011 043157.746 INFO             PET2  PASS  Example ESMF_ArraySpecEx, ESMF_ArraySpecEx.F90, line 96
20241011 043157.746 INFO             PET2  Finalizing ESMF
20241011 043157.742 INFO             PET3 !!!!!!!!!!!!!!!!!!!!!!!!!!!!!!!!!!!!!!!!!!!!!!!!!!!!!!
20241011 043157.742 INFO             PET3 !!! THE ESMF_LOG IS SET TO OUTPUT ALL LOG MESSAGES !!!
20241011 043157.742 INFO             PET3 !!!     THIS MAY CAUSE SLOWDOWN IN PERFORMANCE     !!!
20241011 043157.742 INFO             PET3 !!! FOR PRODUCTION RUNS, USE:                      !!!
20241011 043157.742 INFO             PET3 !!!                   ESMF_LOGKIND_Multi_On_Error  !!!
20241011 043157.742 INFO             PET3 !!!!!!!!!!!!!!!!!!!!!!!!!!!!!!!!!!!!!!!!!!!!!!!!!!!!!!
20241011 043157.742 INFO             PET3 Running with ESMF Version   : v8.8.0b00-12-g0d4b825343
20241011 043157.742 INFO             PET3 ESMF library build date/time: "Oct 11 2024" "03:41:34"
20241011 043157.742 INFO             PET3 ESMF library build location : /glade/derecho/scratch/sacks/esmf-testing/intel_2023.2.1-oneAPI_mpi_O_develop/esmf
20241011 043157.742 INFO             PET3 ESMF_COMM                   : mpi
20241011 043157.745 INFO             PET3 ESMF_MOAB                   : enabled
20241011 043157.745 INFO             PET3 ESMF_LAPACK                 : enabled
20241011 043157.745 INFO             PET3 ESMF_NETCDF                 : enabled
20241011 043157.745 INFO             PET3 ESMF_PNETCDF                : disabled
20241011 043157.745 INFO             PET3 ESMF_PIO                    : enabled
20241011 043157.745 INFO             PET3 ESMF_YAMLCPP                : enabled
20241011 043157.746 INFO             PET3  NUMBER_OF_PROCESSORS           4
20241011 043157.746 INFO             PET3  PASS  Example ESMF_ArraySpecEx, ESMF_ArraySpecEx.F90, line 96
20241011 043157.746 INFO             PET3  Finalizing ESMF
