2024-10-18 03:57:04
20241018 043814.042 INFO             PET0 !!!!!!!!!!!!!!!!!!!!!!!!!!!!!!!!!!!!!!!!!!!!!!!!!!!!!!
20241018 043814.042 INFO             PET0 !!! THE ESMF_LOG IS SET TO OUTPUT ALL LOG MESSAGES !!!
20241018 043814.042 INFO             PET0 !!!     THIS MAY CAUSE SLOWDOWN IN PERFORMANCE     !!!
20241018 043814.042 INFO             PET0 !!! FOR PRODUCTION RUNS, USE:                      !!!
20241018 043814.042 INFO             PET0 !!!                   ESMF_LOGKIND_Multi_On_Error  !!!
20241018 043814.042 INFO             PET0 !!!!!!!!!!!!!!!!!!!!!!!!!!!!!!!!!!!!!!!!!!!!!!!!!!!!!!
20241018 043814.042 INFO             PET0 Running with ESMF Version   : v8.8.0b01-7-gc92d921964
20241018 043814.042 INFO             PET0 ESMF library build date/time: "Oct 18 2024" "03:54:03"
20241018 043814.042 INFO             PET0 ESMF library build location : /glade/derecho/scratch/sacks/esmf-testing/intel_2023.2.1-oneAPI_mpi_O_develop/esmf
20241018 043814.042 INFO             PET0 ESMF_COMM                   : mpi
20241018 043814.043 INFO             PET0 ESMF_MOAB                   : enabled
20241018 043814.043 INFO             PET0 ESMF_LAPACK                 : enabled
20241018 043814.043 INFO             PET0 ESMF_NETCDF                 : enabled
20241018 043814.043 INFO             PET0 ESMF_PNETCDF                : disabled
20241018 043814.043 INFO             PET0 ESMF_PIO                    : enabled
20241018 043814.043 INFO             PET0 ESMF_YAMLCPP                : enabled
20241018 043814.054 INFO             PET0 Log Write 2
20241018 043814.054 ERROR            PET0 Invalid object  - Convergence failure
20241018 043814.054 ERROR            PET0 ESMCI_Time.C:866 ESMCI::Time::syncToRealTime() Wrong argument specified  - ; calkindflag is NOCALENDAR. Only GREGORIAN and JULIAN are supported when syncing to real time.
20241018 043814.054 ERROR            PET0 ESMF_Time.F90:1485 ESMF_TimeSyncToRealTime() Wrong argument specified  - Internal subroutine call returned Error
20241018 043814.054 ERROR            PET0 Wrong argument specified  - getting wall clock time
20241018 043814.068 INFO             PET0  NUMBER_OF_PROCESSORS           4
20241018 043814.068 INFO             PET0  PASS  Example ESMF_LogErrEx, ESMF_LogErrEx.F90, line 186
20241018 043814.068 INFO             PET0  Finalizing ESMF
20241018 043814.039 INFO             PET1 !!!!!!!!!!!!!!!!!!!!!!!!!!!!!!!!!!!!!!!!!!!!!!!!!!!!!!
20241018 043814.039 INFO             PET1 !!! THE ESMF_LOG IS SET TO OUTPUT ALL LOG MESSAGES !!!
20241018 043814.039 INFO             PET1 !!!     THIS MAY CAUSE SLOWDOWN IN PERFORMANCE     !!!
20241018 043814.039 INFO             PET1 !!! FOR PRODUCTION RUNS, USE:                      !!!
20241018 043814.039 INFO             PET1 !!!                   ESMF_LOGKIND_Multi_On_Error  !!!
20241018 043814.039 INFO             PET1 !!!!!!!!!!!!!!!!!!!!!!!!!!!!!!!!!!!!!!!!!!!!!!!!!!!!!!
20241018 043814.039 INFO             PET1 Running with ESMF Version   : v8.8.0b01-7-gc92d921964
20241018 043814.039 INFO             PET1 ESMF library build date/time: "Oct 18 2024" "03:54:03"
20241018 043814.039 INFO             PET1 ESMF library build location : /glade/derecho/scratch/sacks/esmf-testing/intel_2023.2.1-oneAPI_mpi_O_develop/esmf
20241018 043814.039 INFO             PET1 ESMF_COMM                   : mpi
20241018 043814.048 INFO             PET1 ESMF_MOAB                   : enabled
20241018 043814.048 INFO             PET1 ESMF_LAPACK                 : enabled
20241018 043814.048 INFO             PET1 ESMF_NETCDF                 : enabled
20241018 043814.048 INFO             PET1 ESMF_PNETCDF                : disabled
20241018 043814.048 INFO             PET1 ESMF_PIO                    : enabled
20241018 043814.048 INFO             PET1 ESMF_YAMLCPP                : enabled
20241018 043814.054 INFO             PET1 Log Write 2
20241018 043814.054 ERROR            PET1 Invalid object  - Convergence failure
20241018 043814.054 ERROR            PET1 ESMCI_Time.C:866 ESMCI::Time::syncToRealTime() Wrong argument specified  - ; calkindflag is NOCALENDAR. Only GREGORIAN and JULIAN are supported when syncing to real time.
20241018 043814.054 ERROR            PET1 ESMF_Time.F90:1485 ESMF_TimeSyncToRealTime() Wrong argument specified  - Internal subroutine call returned Error
20241018 043814.054 ERROR            PET1 Wrong argument specified  - getting wall clock time
20241018 043814.066 INFO             PET1  NUMBER_OF_PROCESSORS           4
20241018 043814.066 INFO             PET1  PASS  Example ESMF_LogErrEx, ESMF_LogErrEx.F90, line 186
20241018 043814.066 INFO             PET1  Finalizing ESMF
20241018 043814.048 INFO             PET2 !!!!!!!!!!!!!!!!!!!!!!!!!!!!!!!!!!!!!!!!!!!!!!!!!!!!!!
20241018 043814.048 INFO             PET2 !!! THE ESMF_LOG IS SET TO OUTPUT ALL LOG MESSAGES !!!
20241018 043814.048 INFO             PET2 !!!     THIS MAY CAUSE SLOWDOWN IN PERFORMANCE     !!!
20241018 043814.048 INFO             PET2 !!! FOR PRODUCTION RUNS, USE:                      !!!
20241018 043814.048 INFO             PET2 !!!                   ESMF_LOGKIND_Multi_On_Error  !!!
20241018 043814.048 INFO             PET2 !!!!!!!!!!!!!!!!!!!!!!!!!!!!!!!!!!!!!!!!!!!!!!!!!!!!!!
20241018 043814.048 INFO             PET2 Running with ESMF Version   : v8.8.0b01-7-gc92d921964
20241018 043814.048 INFO             PET2 ESMF library build date/time: "Oct 18 2024" "03:54:03"
20241018 043814.048 INFO             PET2 ESMF library build location : /glade/derecho/scratch/sacks/esmf-testing/intel_2023.2.1-oneAPI_mpi_O_develop/esmf
20241018 043814.048 INFO             PET2 ESMF_COMM                   : mpi
20241018 043814.053 INFO             PET2 ESMF_MOAB                   : enabled
20241018 043814.053 INFO             PET2 ESMF_LAPACK                 : enabled
20241018 043814.053 INFO             PET2 ESMF_NETCDF                 : enabled
20241018 043814.053 INFO             PET2 ESMF_PNETCDF                : disabled
20241018 043814.053 INFO             PET2 ESMF_PIO                    : enabled
20241018 043814.053 INFO             PET2 ESMF_YAMLCPP                : enabled
20241018 043814.054 INFO             PET2 Log Write 2
20241018 043814.054 ERROR            PET2 Invalid object  - Convergence failure
20241018 043814.054 ERROR            PET2 ESMCI_Time.C:866 ESMCI::Time::syncToRealTime() Wrong argument specified  - ; calkindflag is NOCALENDAR. Only GREGORIAN and JULIAN are supported when syncing to real time.
20241018 043814.054 ERROR            PET2 ESMF_Time.F90:1485 ESMF_TimeSyncToRealTime() Wrong argument specified  - Internal subroutine call returned Error
20241018 043814.054 ERROR            PET2 Wrong argument specified  - getting wall clock time
20241018 043814.062 INFO             PET2  NUMBER_OF_PROCESSORS           4
20241018 043814.062 INFO             PET2  PASS  Example ESMF_LogErrEx, ESMF_LogErrEx.F90, line 186
20241018 043814.062 INFO             PET2  Finalizing ESMF
20241018 043814.046 INFO             PET3 !!!!!!!!!!!!!!!!!!!!!!!!!!!!!!!!!!!!!!!!!!!!!!!!!!!!!!
20241018 043814.046 INFO             PET3 !!! THE ESMF_LOG IS SET TO OUTPUT ALL LOG MESSAGES !!!
20241018 043814.046 INFO             PET3 !!!     THIS MAY CAUSE SLOWDOWN IN PERFORMANCE     !!!
20241018 043814.046 INFO             PET3 !!! FOR PRODUCTION RUNS, USE:                      !!!
20241018 043814.046 INFO             PET3 !!!                   ESMF_LOGKIND_Multi_On_Error  !!!
20241018 043814.046 INFO             PET3 !!!!!!!!!!!!!!!!!!!!!!!!!!!!!!!!!!!!!!!!!!!!!!!!!!!!!!
20241018 043814.046 INFO             PET3 Running with ESMF Version   : v8.8.0b01-7-gc92d921964
20241018 043814.046 INFO             PET3 ESMF library build date/time: "Oct 18 2024" "03:54:03"
20241018 043814.046 INFO             PET3 ESMF library build location : /glade/derecho/scratch/sacks/esmf-testing/intel_2023.2.1-oneAPI_mpi_O_develop/esmf
20241018 043814.046 INFO             PET3 ESMF_COMM                   : mpi
20241018 043814.048 INFO             PET3 ESMF_MOAB                   : enabled
20241018 043814.048 INFO             PET3 ESMF_LAPACK                 : enabled
20241018 043814.048 INFO             PET3 ESMF_NETCDF                 : enabled
20241018 043814.048 INFO             PET3 ESMF_PNETCDF                : disabled
20241018 043814.048 INFO             PET3 ESMF_PIO                    : enabled
20241018 043814.048 INFO             PET3 ESMF_YAMLCPP                : enabled
20241018 043814.054 INFO             PET3 Log Write 2
20241018 043814.054 ERROR            PET3 Invalid object  - Convergence failure
20241018 043814.054 ERROR            PET3 ESMCI_Time.C:866 ESMCI::Time::syncToRealTime() Wrong argument specified  - ; calkindflag is NOCALENDAR. Only GREGORIAN and JULIAN are supported when syncing to real time.
20241018 043814.054 ERROR            PET3 ESMF_Time.F90:1485 ESMF_TimeSyncToRealTime() Wrong argument specified  - Internal subroutine call returned Error
20241018 043814.054 ERROR            PET3 Wrong argument specified  - getting wall clock time
20241018 043814.284 INFO             PET3  NUMBER_OF_PROCESSORS           4
20241018 043814.284 INFO             PET3  PASS  Example ESMF_LogErrEx, ESMF_LogErrEx.F90, line 186
20241018 043814.284 INFO             PET3  Finalizing ESMF
