2024-10-12 03:33:54
20241012 041756.393 INFO             PET0 !!!!!!!!!!!!!!!!!!!!!!!!!!!!!!!!!!!!!!!!!!!!!!!!!!!!!!
20241012 041756.393 INFO             PET0 !!! THE ESMF_LOG IS SET TO OUTPUT ALL LOG MESSAGES !!!
20241012 041756.393 INFO             PET0 !!!     THIS MAY CAUSE SLOWDOWN IN PERFORMANCE     !!!
20241012 041756.393 INFO             PET0 !!! FOR PRODUCTION RUNS, USE:                      !!!
20241012 041756.393 INFO             PET0 !!!                   ESMF_LOGKIND_Multi_On_Error  !!!
20241012 041756.393 INFO             PET0 !!!!!!!!!!!!!!!!!!!!!!!!!!!!!!!!!!!!!!!!!!!!!!!!!!!!!!
20241012 041756.393 INFO             PET0 Running with ESMF Version   : v8.8.0b01
20241012 041756.393 INFO             PET0 ESMF library build date/time: "Oct 12 2024" "03:31:05"
20241012 041756.393 INFO             PET0 ESMF library build location : /glade/derecho/scratch/sacks/esmf-testing/intel_2023.2.1-oneAPI_mpi_O_develop/esmf
20241012 041756.393 INFO             PET0 ESMF_COMM                   : mpi
20241012 041756.416 INFO             PET0 ESMF_MOAB                   : enabled
20241012 041756.416 INFO             PET0 ESMF_LAPACK                 : enabled
20241012 041756.416 INFO             PET0 ESMF_NETCDF                 : enabled
20241012 041756.416 INFO             PET0 ESMF_PNETCDF                : disabled
20241012 041756.416 INFO             PET0 ESMF_PIO                    : enabled
20241012 041756.416 INFO             PET0 ESMF_YAMLCPP                : enabled
20241012 041756.806 INFO             PET0  NUMBER_OF_PROCESSORS           4
20241012 041756.806 INFO             PET0  PASS  Example ESMF_FieldEx, ESMF_FieldEx.F90, line 999
20241012 041756.806 INFO             PET0  Finalizing ESMF
20241012 041756.206 INFO             PET1 !!!!!!!!!!!!!!!!!!!!!!!!!!!!!!!!!!!!!!!!!!!!!!!!!!!!!!
20241012 041756.206 INFO             PET1 !!! THE ESMF_LOG IS SET TO OUTPUT ALL LOG MESSAGES !!!
20241012 041756.206 INFO             PET1 !!!     THIS MAY CAUSE SLOWDOWN IN PERFORMANCE     !!!
20241012 041756.206 INFO             PET1 !!! FOR PRODUCTION RUNS, USE:                      !!!
20241012 041756.206 INFO             PET1 !!!                   ESMF_LOGKIND_Multi_On_Error  !!!
20241012 041756.206 INFO             PET1 !!!!!!!!!!!!!!!!!!!!!!!!!!!!!!!!!!!!!!!!!!!!!!!!!!!!!!
20241012 041756.206 INFO             PET1 Running with ESMF Version   : v8.8.0b01
20241012 041756.206 INFO             PET1 ESMF library build date/time: "Oct 12 2024" "03:31:05"
20241012 041756.206 INFO             PET1 ESMF library build location : /glade/derecho/scratch/sacks/esmf-testing/intel_2023.2.1-oneAPI_mpi_O_develop/esmf
20241012 041756.206 INFO             PET1 ESMF_COMM                   : mpi
20241012 041756.417 INFO             PET1 ESMF_MOAB                   : enabled
20241012 041756.417 INFO             PET1 ESMF_LAPACK                 : enabled
20241012 041756.417 INFO             PET1 ESMF_NETCDF                 : enabled
20241012 041756.417 INFO             PET1 ESMF_PNETCDF                : disabled
20241012 041756.417 INFO             PET1 ESMF_PIO                    : enabled
20241012 041756.417 INFO             PET1 ESMF_YAMLCPP                : enabled
20241012 041756.806 INFO             PET1  NUMBER_OF_PROCESSORS           4
20241012 041756.806 INFO             PET1  PASS  Example ESMF_FieldEx, ESMF_FieldEx.F90, line 999
20241012 041756.806 INFO             PET1  Finalizing ESMF
20241012 041756.415 INFO             PET2 !!!!!!!!!!!!!!!!!!!!!!!!!!!!!!!!!!!!!!!!!!!!!!!!!!!!!!
20241012 041756.415 INFO             PET2 !!! THE ESMF_LOG IS SET TO OUTPUT ALL LOG MESSAGES !!!
20241012 041756.415 INFO             PET2 !!!     THIS MAY CAUSE SLOWDOWN IN PERFORMANCE     !!!
20241012 041756.415 INFO             PET2 !!! FOR PRODUCTION RUNS, USE:                      !!!
20241012 041756.415 INFO             PET2 !!!                   ESMF_LOGKIND_Multi_On_Error  !!!
20241012 041756.415 INFO             PET2 !!!!!!!!!!!!!!!!!!!!!!!!!!!!!!!!!!!!!!!!!!!!!!!!!!!!!!
20241012 041756.415 INFO             PET2 Running with ESMF Version   : v8.8.0b01
20241012 041756.415 INFO             PET2 ESMF library build date/time: "Oct 12 2024" "03:31:05"
20241012 041756.415 INFO             PET2 ESMF library build location : /glade/derecho/scratch/sacks/esmf-testing/intel_2023.2.1-oneAPI_mpi_O_develop/esmf
20241012 041756.415 INFO             PET2 ESMF_COMM                   : mpi
20241012 041756.419 INFO             PET2 ESMF_MOAB                   : enabled
20241012 041756.419 INFO             PET2 ESMF_LAPACK                 : enabled
20241012 041756.419 INFO             PET2 ESMF_NETCDF                 : enabled
20241012 041756.419 INFO             PET2 ESMF_PNETCDF                : disabled
20241012 041756.419 INFO             PET2 ESMF_PIO                    : enabled
20241012 041756.419 INFO             PET2 ESMF_YAMLCPP                : enabled
20241012 041756.806 INFO             PET2  NUMBER_OF_PROCESSORS           4
20241012 041756.806 INFO             PET2  PASS  Example ESMF_FieldEx, ESMF_FieldEx.F90, line 999
20241012 041756.806 INFO             PET2  Finalizing ESMF
20241012 041756.419 INFO             PET3 !!!!!!!!!!!!!!!!!!!!!!!!!!!!!!!!!!!!!!!!!!!!!!!!!!!!!!
20241012 041756.419 INFO             PET3 !!! THE ESMF_LOG IS SET TO OUTPUT ALL LOG MESSAGES !!!
20241012 041756.419 INFO             PET3 !!!     THIS MAY CAUSE SLOWDOWN IN PERFORMANCE     !!!
20241012 041756.419 INFO             PET3 !!! FOR PRODUCTION RUNS, USE:                      !!!
20241012 041756.419 INFO             PET3 !!!                   ESMF_LOGKIND_Multi_On_Error  !!!
20241012 041756.419 INFO             PET3 !!!!!!!!!!!!!!!!!!!!!!!!!!!!!!!!!!!!!!!!!!!!!!!!!!!!!!
20241012 041756.419 INFO             PET3 Running with ESMF Version   : v8.8.0b01
20241012 041756.419 INFO             PET3 ESMF library build date/time: "Oct 12 2024" "03:31:05"
20241012 041756.419 INFO             PET3 ESMF library build location : /glade/derecho/scratch/sacks/esmf-testing/intel_2023.2.1-oneAPI_mpi_O_develop/esmf
20241012 041756.419 INFO             PET3 ESMF_COMM                   : mpi
20241012 041756.421 INFO             PET3 ESMF_MOAB                   : enabled
20241012 041756.421 INFO             PET3 ESMF_LAPACK                 : enabled
20241012 041756.421 INFO             PET3 ESMF_NETCDF                 : enabled
20241012 041756.421 INFO             PET3 ESMF_PNETCDF                : disabled
20241012 041756.421 INFO             PET3 ESMF_PIO                    : enabled
20241012 041756.421 INFO             PET3 ESMF_YAMLCPP                : enabled
20241012 041756.806 INFO             PET3  NUMBER_OF_PROCESSORS           4
20241012 041756.806 INFO             PET3  PASS  Example ESMF_FieldEx, ESMF_FieldEx.F90, line 999
20241012 041756.806 INFO             PET3  Finalizing ESMF
