make: nc-config: Command not found
make: nc-config: Command not found
make: nc-config: Command not found
make: nc-config: Command not found
 
--------------------------------------------------------------
ESMF_VERSION_STRING:      8.8.0 beta snapshot
ESMF_VERSION_STRING_GIT: v8.8.0b01-7-gc92d921964
--------------------------------------------------------------
On branch develop
Your branch is up to date with 'origin/develop'.

nothing to commit, working tree clean
--------------------------------------------------------------
 
--------------------------------------------------------------
Make version:
GNU Make 4.2.1
Built for x86_64-suse-linux-gnu
Copyright (C) 1988-2016 Free Software Foundation, Inc.
License GPLv3+: GNU GPL version 3 or later <http://gnu.org/licenses/gpl.html>
This is free software: you are free to change and redistribute it.
There is NO WARRANTY, to the extent permitted by law.

--------------------------------------------------------------
CMake version:
cmake version 3.23.1

CMake suite maintained and supported by Kitware (kitware.com/cmake).

--------------------------------------------------------------
Fortran Compiler version:
GNU Fortran (SUSE Linux) 12.3.0
Copyright (C) 2022 Free Software Foundation, Inc.
This is free software; see the source for copying conditions.  There is NO
warranty; not even for MERCHANTABILITY or FITNESS FOR A PARTICULAR PURPOSE.


--------------------------------------------------------------
C++ Compiler version:
g++-12 (SUSE Linux) 12.3.0
Copyright (C) 2022 Free Software Foundation, Inc.
This is free software; see the source for copying conditions.  There is NO
warranty; not even for MERCHANTABILITY or FITNESS FOR A PARTICULAR PURPOSE.


--------------------------------------------------------------
C Compiler version:
gcc-12 (SUSE Linux) 12.3.0
Copyright (C) 2022 Free Software Foundation, Inc.
This is free software; see the source for copying conditions.  There is NO
warranty; not even for MERCHANTABILITY or FITNESS FOR A PARTICULAR PURPOSE.


--------------------------------------------------------------
Preprocessor version:
gcc (SUSE Linux) 7.5.0
Copyright (C) 2017 Free Software Foundation, Inc.
This is free software; see the source for copying conditions.  There is NO
warranty; not even for MERCHANTABILITY or FITNESS FOR A PARTICULAR PURPOSE.

--------------------------------------------------------------
/bin/sh: nc-config: command not found
NetCDF library version: 
/bin/sh: nf-config: command not found
NetCDF Fortran version: 
 
--------------------------------------------------------------
 * User set ESMF environment variables *
ESMF_BOPT=g
ESMF_COMM=mpiuni
ESMF_COMPILER=gfortran
ESMF_DIR=/tmp/gfortran_12.2.0_mpiuni_g_develop/esmf
ESMF_MPIRUN=/gpfs/f5/nggps_emc/world-shared/Gerhard.Theurich/ESMF-Nightly-Testing-C5/gfortran_12.2.0_mpiuni_g_develop/esmf/src/Infrastructure/stubs/mpiuni/mpirun
ESMF_NETCDF_LIBS=-lnetcdff -lnetcdf
ESMF_NETCDF=nc-config
ESMF_TESTEXHAUSTIVE=ON
ESMF_TESTWITHTHREADS=ON
 
--------------------------------------------------------------
 * ESMF environment variables *
ESMF_DIR: /tmp/gfortran_12.2.0_mpiuni_g_develop/esmf
ESMF_OS:                   Unicos
ESMF_MACHINE:              x86_64
ESMF_ABI:                  64
ESMF_COMPILER:             gfortran
ESMF_BOPT:                 g
ESMF_COMM:                 mpiuni
ESMF_SITE:                 default
ESMF_PTHREADS:             ON
ESMF_OPENMP:               ON
ESMF_OPENACC:              OFF
ESMF_CXXSTD:               11
ESMF_ARRAY_LITE:           FALSE
ESMF_NO_INTEGER_1_BYTE:    TRUE
ESMF_NO_INTEGER_2_BYTE:    TRUE
ESMF_FORTRANSYMBOLS:       default
ESMF_MAPPER_BUILD:         OFF
ESMF_AUTO_LIB_BUILD:       ON
ESMF_DEFER_LIB_BUILD:      ON
ESMF_SHARED_LIB_BUILD:     ON
ESMF_TRACE_LIB_BUILD:      ON
ESMF_TRACE_BUILD_SHARED:   ON
ESMF_TRACE_PRELOAD_LINKED: OFF
ESMF_TESTEXHAUSTIVE:       ON
ESMF_TESTPERFORMANCE:      ON
ESMF_TESTCOMPTUNNEL:       ON
ESMF_TESTWITHTHREADS:      ON
ESMF_TESTMPMD:             OFF
ESMF_TESTSHAREDOBJ:        OFF
ESMF_TESTFORCEOPENMP:      OFF
ESMF_TESTFORCEOPENACC:     OFF
ESMF_TESTHARNESS_ARRAY:    default
ESMF_TESTHARNESS_FIELD:    default
ESMF_MPIRUN:               /gpfs/f5/nggps_emc/world-shared/Gerhard.Theurich/ESMF-Nightly-Testing-C5/gfortran_12.2.0_mpiuni_g_develop/esmf/src/Infrastructure/stubs/mpiuni/mpirun
 
--------------------------------------------------------------
 * ESMF environment variables pointing to 3rd party software *
ESMF_MOAB:               internal
ESMF_LAPACK:             internal
ESMF_ACC_SOFTWARE_STACK: none
ESMF_NETCDF:             nc-config
ESMF_NETCDF_LIBS:        -lnetcdff -lnetcdf
ESMF_PIO:                internal
ESMF_PIO_LIBS:           -lpioc
ESMF_YAMLCPP:            internal
 
--------------------------------------------------------------
 * ESMF environment variables for final installation *
ESMF_INSTALL_PREFIX:    ./DEFAULTINSTALLDIR
ESMF_INSTALL_HEADERDIR: include
ESMF_INSTALL_MODDIR:    mod/modg/Unicos.gfortran.64.mpiuni.default
ESMF_INSTALL_LIBDIR:    lib/libg/Unicos.gfortran.64.mpiuni.default
ESMF_INSTALL_BINDIR:    bin/bing/Unicos.gfortran.64.mpiuni.default
ESMF_INSTALL_DOCDIR:    doc
ESMF_INSTALL_CMAKEDIR:  cmake
 
--------------------------------------------------------------
 * ESMF Benchmark directory and parameters *
ESMF_BENCHMARK_PREFIX:         ./DEFAULTBENCHMARKDIR
ESMF_BENCHMARK_TOLERANCE:      20%
ESMF_BENCHMARK_THRESHOLD_MSEC: 500
 
--------------------------------------------------------------
 * Other relevant environment variables *
PATH:     /sw/gaea-c5/spack-envs/base/opt/linux-sles15-x86_64/gcc-7.5.0/cmake-3.23.1-d2agejkeecr2btxpcjoaaab3tyoe42ax/bin:/sw/gaea-c5/spack-envs/base/opt/linux-sles15-x86_64/gcc-7.5.0/git-2.35.2-xs3ut2fsemxb56p4estjtyyflh6hls2a/bin:/opt/cray/pe/mpich/8.1.28/ofi/gnu/12.3/bin:/opt/cray/pe/mpich/8.1.28/bin:/opt/cray/pe/craype/2.7.30/bin:/opt/cray/pe/perftools/23.12.0/bin:/opt/cray/pe/papi/7.0.1.2/bin:/opt/cray/libfabric/1.20.1/bin:/opt/clmgr/sbin:/opt/clmgr/bin:/opt/sgi/sbin:/opt/sgi/bin:/usr/local/bin:/usr/bin:/bin:/opt/bin:/opt/c3/bin:/usr/lib/mit/bin:/usr/lib/mit/sbin:/opt/puppetlabs/bin:/sbin:/usr/lpp/mmfs/bin:/opt/cray/pe/bin
LD_LIBRARY_PATH: /opt/cray/pe/papi/7.0.1.2/lib64:/opt/cray/libfabric/1.20.1/lib64:/ncrc/home2/Gerhard.Theurich/opt/bin
LDFLAGS:  
CXXFLAGS: 
FCFLAGS:  
CFLAGS:   
 
--------------------------------------------------------------
 * Compilers, Linkers, Flags, and Libraries *
Location of the preprocessor:      /usr/bin/gcc
Location of the Fortran compiler:  /opt/cray/pe/craype/2.7.30/bin/ftn
Location of the Fortran linker:    /opt/cray/pe/craype/2.7.30/bin/ftn
Location of the C++ compiler:      /opt/cray/pe/craype/2.7.30/bin/CC
Location of the C++ linker:        /opt/cray/pe/craype/2.7.30/bin/CC
Location of the C compiler:        /opt/cray/pe/craype/2.7.30/bin/cc
Location of the C linker:          /opt/cray/pe/craype/2.7.30/bin/cc

Fortran compiler flags:
ESMF_F90COMPILER: ftn
ESMF_F90COMPILEOPTS: -g -Wall -Wextra -Wconversion -Wno-unused -Wno-unused-dummy-argument -fbacktrace -fimplicit-none -fcheck=all,no-pointer -fPIC  -pthread -ffree-line-length-none  -fopenmp
ESMF_F90COMPILEPATHS: -I/tmp/gfortran_12.2.0_mpiuni_g_develop/esmf/mod/modg/Unicos.gfortran.64.mpiuni.default -I/tmp/gfortran_12.2.0_mpiuni_g_develop/esmf/src/include 
ESMF_F90COMPILECPPFLAGS: -DESMF_NO_INTEGER_1_BYTE -DESMF_NO_INTEGER_2_BYTE -DESMF_VERSION_STRING_GIT='v8.8.0b01-7-gc92d921964' -DESMF_MPIUNI -I/tmp/gfortran_12.2.0_mpiuni_g_develop/esmf/src/Infrastructure/stubs/mpiuni -DESMF_LOWERCASE_SINGLEUNDERSCORE -DESMF_MOAB=1 -DESMF_LAPACK=1 -DESMF_LAPACK_INTERNAL=1 -DESMF_NO_ACC_SOFTWARE_STACK=1 -DESMF_NETCDF=1 -DESMF_YAMLCPP=1 -DESMF_YAML=1 -DESMF_PIO=1 -DESMF_NO_OPENACC -DESMF_TESTEXHAUSTIVE -DESMF_BOPT_g -DESMF_TESTPERFORMANCE -DESMF_TESTCOMPTUNNEL -DESMF_TESTWITHTHREADS -DS64=1 -DESMF_OS_Unicos=1 -DESMF_COMM=mpiuni -DESMF_DIR=/tmp/gfortran_12.2.0_mpiuni_g_develop/esmf
ESMF_F90COMPILEFREECPP: 
ESMF_F90COMPILEFREENOCPP: -ffree-form
ESMF_F90COMPILEFIXCPP: -cpp -ffixed-form
ESMF_F90COMPILEFIXNOCPP: 

Fortran linker flags:
ESMF_F90LINKOPTS:    -pthread  -fopenmp
ESMF_F90LINKPATHS: -L/tmp/gfortran_12.2.0_mpiuni_g_develop/esmf/lib/libg/Unicos.gfortran.64.mpiuni.default  -L/usr/lib64/gcc/x86_64-suse-linux/12/
ESMF_F90LINKRPATHS: -Wl,-rpath,/tmp/gfortran_12.2.0_mpiuni_g_develop/esmf/lib/libg/Unicos.gfortran.64.mpiuni.default  -Wl,-rpath,/usr/lib64/gcc/x86_64-suse-linux/12/
ESMF_F90LINKLIBS:  -lrt -lstdc++ -ldl -lnetcdff -lnetcdf -lpioc
ESMF_F90ESMFLINKLIBS: -lesmf  -lrt -lstdc++ -ldl -lnetcdff -lnetcdf -lpioc

C++ compiler flags:
ESMF_CXXCOMPILER: CC
ESMF_CXXCOMPILEOPTS: -std=c++11 -g -Wall -Wextra -Wno-unused -fPIC -pthread  -fopenmp
ESMF_CXXCOMPILEPATHS:  -I/tmp/gfortran_12.2.0_mpiuni_g_develop/esmf/src/include   -I/tmp/gfortran_12.2.0_mpiuni_g_develop/esmf/src/prologue/yaml-cpp/include
ESMF_CXXCOMPILECPPFLAGS: -DESMF_NO_INTEGER_1_BYTE -DESMF_NO_INTEGER_2_BYTE -DESMF_VERSION_STRING_GIT='v8.8.0b01-7-gc92d921964' -DESMF_MPIUNI -I/tmp/gfortran_12.2.0_mpiuni_g_develop/esmf/src/Infrastructure/stubs/mpiuni -DESMF_LOWERCASE_SINGLEUNDERSCORE -DESMF_MOAB=1 -DESMF_LAPACK=1 -DESMF_LAPACK_INTERNAL=1 -DESMF_NO_ACC_SOFTWARE_STACK=1 -DESMF_NETCDF=1 -DESMF_YAMLCPP=1 -DESMF_YAML=1 -DESMF_PIO=1 -DESMF_NO_OPENACC -DESMF_TESTEXHAUSTIVE -DESMF_BOPT_g -DESMF_TESTPERFORMANCE -DESMF_TESTCOMPTUNNEL -DESMF_TESTWITHTHREADS -DS64=1 -DESMF_OS_Unicos=1 -DESMF_COMM=mpiuni -DESMF_DIR=/tmp/gfortran_12.2.0_mpiuni_g_develop/esmf -D__SDIR__='' -DESMF_CXXSTD=11 -DESMF_NO_POSIXIPC

C++ linker flags:
ESMF_CXXLINKOPTS:   -pthread  -fopenmp
ESMF_CXXLINKPATHS: -L/tmp/gfortran_12.2.0_mpiuni_g_develop/esmf/lib/libg/Unicos.gfortran.64.mpiuni.default  -L/usr/lib64/gcc/x86_64-suse-linux/12/
ESMF_CXXLINKRPATHS: -Wl,-rpath,/tmp/gfortran_12.2.0_mpiuni_g_develop/esmf/lib/libg/Unicos.gfortran.64.mpiuni.default  -Wl,-rpath,/usr/lib64/gcc/x86_64-suse-linux/12/
ESMF_CXXLINKLIBS:  -lrt -lgfortran -ldl -lnetcdff -lnetcdf -lpioc
ESMF_CXXESMFLINKLIBS: -lesmf  -lrt -lgfortran -ldl -lnetcdff -lnetcdf -lpioc

C compiler flags:
ESMF_CCOMPILER: cc
ESMF_CCOMPILEOPTS: -std=c99 -g -fPIC  -fopenmp
ESMF_CCOMPILEPATHS:  -I/tmp/gfortran_12.2.0_mpiuni_g_develop/esmf/src/include  
ESMF_CCOMPILECPPFLAGS: -DESMF_NO_INTEGER_1_BYTE -DESMF_NO_INTEGER_2_BYTE -DESMF_VERSION_STRING_GIT='v8.8.0b01-7-gc92d921964' -DESMF_MPIUNI -I/tmp/gfortran_12.2.0_mpiuni_g_develop/esmf/src/Infrastructure/stubs/mpiuni -DESMF_LOWERCASE_SINGLEUNDERSCORE -DESMF_MOAB=1 -DESMF_LAPACK=1 -DESMF_LAPACK_INTERNAL=1 -DESMF_NO_ACC_SOFTWARE_STACK=1 -DESMF_NETCDF=1 -DESMF_YAMLCPP=1 -DESMF_YAML=1 -DESMF_PIO=1 -DESMF_NO_OPENACC -DESMF_TESTEXHAUSTIVE -DESMF_BOPT_g -DESMF_TESTPERFORMANCE -DESMF_TESTCOMPTUNNEL -DESMF_TESTWITHTHREADS -DS64=1 -DESMF_OS_Unicos=1 -DESMF_COMM=mpiuni -DESMF_DIR=/tmp/gfortran_12.2.0_mpiuni_g_develop/esmf -D__SDIR__='' -DESMF_CSTD=99

C linker flags:
ESMF_CLINKOPTS:    -fopenmp
ESMF_CLINKPATHS: -L/tmp/gfortran_12.2.0_mpiuni_g_develop/esmf/lib/libg/Unicos.gfortran.64.mpiuni.default  -L/usr/lib64/gcc/x86_64-suse-linux/12/ -L/tmp/gfortran_12.2.0_mpiuni_g_develop/esmf/lib/libg/Unicos.gfortran.64.mpiuni.default  -L/usr/lib64/gcc/x86_64-suse-linux/12/
ESMF_CLINKRPATHS: -Wl,-rpath,/tmp/gfortran_12.2.0_mpiuni_g_develop/esmf/lib/libg/Unicos.gfortran.64.mpiuni.default -Wl,-rpath,/usr/lib64/gcc/x86_64-suse-linux/12/ -Wl,-rpath,/tmp/gfortran_12.2.0_mpiuni_g_develop/esmf/lib/libg/Unicos.gfortran.64.mpiuni.default -Wl,-rpath,/usr/lib64/gcc/x86_64-suse-linux/12/
ESMF_CLINKLIBS:  -lrt -lgfortran -ldl -lnetcdff -lnetcdf -lpioc  -lrt -lstdc++ -ldl -lnetcdff -lnetcdf -lpioc
ESMF_CESMFLINKLIBS: -lesmf  -lrt -lgfortran -ldl -lnetcdff -lnetcdf -lpioc  -lrt -lstdc++ -ldl -lnetcdff -lnetcdf -lpioc

Shared library build:
ESMF_SL_LIBS_TO_MAKE: libesmf
ESMF_SL_SUFFIX:       so
ESMF_SL_LIBLINKER:    CC
ESMF_SL_LIBOPTS:       -shared  -fopenmp
ESMF_SL_LIBLIBS:      

ESMF Tracing linker options:
ESMF_TRACE_LDPRELOAD=/tmp/gfortran_12.2.0_mpiuni_g_develop/esmf/lib/libg/Unicos.gfortran.64.mpiuni.default/libesmftrace_preload.so
ESMF_TRACE_STATICLINKOPTS=-static -Wl,--wrap=c_esmftrace_notify_wrappers -Wl,--wrap=c_esmftrace_isinitialized -Wl,--wrap=write -Wl,--wrap=writev -Wl,--wrap=pwrite -Wl,--wrap=read -Wl,--wrap=open -Wl,--wrap=MPI_Allgather -Wl,--wrap=MPI_Allgatherv -Wl,--wrap=MPI_Allreduce -Wl,--wrap=MPI_Alltoall -Wl,--wrap=MPI_Alltoallv -Wl,--wrap=MPI_Alltoallw -Wl,--wrap=MPI_Barrier -Wl,--wrap=MPI_Bcast -Wl,--wrap=MPI_Bsend -Wl,--wrap=MPI_Gather -Wl,--wrap=MPI_Gatherv -Wl,--wrap=MPI_Iprobe -Wl,--wrap=MPI_Irecv -Wl,--wrap=MPI_Irsend -Wl,--wrap=MPI_Isend -Wl,--wrap=MPI_Issend -Wl,--wrap=MPI_Probe -Wl,--wrap=MPI_Recv -Wl,--wrap=MPI_Reduce -Wl,--wrap=MPI_Rsend -Wl,--wrap=MPI_Scan -Wl,--wrap=MPI_Scatter -Wl,--wrap=MPI_Scatterv -Wl,--wrap=MPI_Send -Wl,--wrap=MPI_Sendrecv -Wl,--wrap=MPI_Test -Wl,--wrap=MPI_Testall -Wl,--wrap=MPI_Testany -Wl,--wrap=MPI_Testsome -Wl,--wrap=MPI_Wait -Wl,--wrap=MPI_Waitall -Wl,--wrap=MPI_Waitany -Wl,--wrap=MPI_Waitsome -Wl,--wrap=mpi_allgather_ -Wl,--wrap=mpi_allgather__ -Wl,--wrap=mpi_allgatherv_ -Wl,--wrap=mpi_allgatherv__ -Wl,--wrap=mpi_allreduce_ -Wl,--wrap=mpi_allreduce__ -Wl,--wrap=mpi_alltoall_ -Wl,--wrap=mpi_alltoall__ -Wl,--wrap=mpi_alltoallv_ -Wl,--wrap=mpi_alltoallv__ -Wl,--wrap=mpi_alltoallw_ -Wl,--wrap=mpi_alltoallw__ -Wl,--wrap=mpi_barrier_ -Wl,--wrap=mpi_barrier__ -Wl,--wrap=mpi_bcast_ -Wl,--wrap=mpi_bcast__ -Wl,--wrap=mpi_bsend_ -Wl,--wrap=mpi_bsend__ -Wl,--wrap=mpi_exscan_ -Wl,--wrap=mpi_exscan__ -Wl,--wrap=mpi_gather_ -Wl,--wrap=mpi_gather__ -Wl,--wrap=mpi_gatherv_ -Wl,--wrap=mpi_gatherv__ -Wl,--wrap=mpi_iprobe_ -Wl,--wrap=mpi_iprobe__ -Wl,--wrap=mpi_irecv_ -Wl,--wrap=mpi_irecv__ -Wl,--wrap=mpi_irsend_ -Wl,--wrap=mpi_irsend__ -Wl,--wrap=mpi_isend_ -Wl,--wrap=mpi_isend__ -Wl,--wrap=mpi_issend_ -Wl,--wrap=mpi_issend__ -Wl,--wrap=mpi_probe_ -Wl,--wrap=mpi_probe__ -Wl,--wrap=mpi_recv_ -Wl,--wrap=mpi_recv__ -Wl,--wrap=mpi_reduce_ -Wl,--wrap=mpi_reduce__ -Wl,--wrap=mpi_reduce_scatter_ -Wl,--wrap=mpi_reduce_scatter__ -Wl,--wrap=mpi_rsend_ -Wl,--wrap=mpi_rsend__ -Wl,--wrap=mpi_scatter_ -Wl,--wrap=mpi_scatter__ -Wl,--wrap=mpi_scatterv_ -Wl,--wrap=mpi_scatterv__ -Wl,--wrap=mpi_scan_ -Wl,--wrap=mpi_scan__ -Wl,--wrap=mpi_send_ -Wl,--wrap=mpi_send__ -Wl,--wrap=mpi_sendrecv_ -Wl,--wrap=mpi_sendrecv__ -Wl,--wrap=mpi_test_ -Wl,--wrap=mpi_test__ -Wl,--wrap=mpi_testall_ -Wl,--wrap=mpi_testall__ -Wl,--wrap=mpi_testany_ -Wl,--wrap=mpi_testany__ -Wl,--wrap=mpi_testsome_ -Wl,--wrap=mpi_testsome__ -Wl,--wrap=mpi_wait_ -Wl,--wrap=mpi_wait__ -Wl,--wrap=mpi_waitall_ -Wl,--wrap=mpi_waitall__ -Wl,--wrap=mpi_waitany_ -Wl,--wrap=mpi_waitany__
ESMF_TRACE_STATICLINKLIBS=-lesmftrace_static
ESMF_TRACE_DYNAMICLINKLIBS=-lesmftrace_preload
ESMF_F90ESMFPRELOADLINKLIBS=-lesmf -lesmftrace_preload  -lrt -lstdc++ -ldl -lnetcdff -lnetcdf -lpioc


--------------------------------------------------------------
Compiling on Fri 18 Oct 2024 03:28:06 AM EDT on c5n0857
Machine characteristics: Linux c5n0857 5.14.21-150500.55.65_13.0.73-cray_shasta_c #1 SMP Fri Jun 14 21:25:32 UTC 2024 (d052318) x86_64 x86_64 x86_64 GNU/Linux
==============================================================
 
make[1]: Entering directory '/tmp/gfortran_12.2.0_mpiuni_g_develop/esmf'
Making directory /tmp/gfortran_12.2.0_mpiuni_g_develop/esmf/lib/libg/Unicos.gfortran.64.mpiuni.default for library
Making directory /tmp/gfortran_12.2.0_mpiuni_g_develop/esmf/mod/modg/Unicos.gfortran.64.mpiuni.default for *.mod files
Making directory /tmp/gfortran_12.2.0_mpiuni_g_develop/esmf/src/include for include files
Making directory /tmp/gfortran_12.2.0_mpiuni_g_develop/esmf/obj/objg/Unicos.gfortran.64.mpiuni.default for *.o files
cd /tmp/gfortran_12.2.0_mpiuni_g_develop/esmf ;\
make ACTION=tree_include tree
make[2]: Entering directory '/tmp/gfortran_12.2.0_mpiuni_g_develop/esmf'
tree_include in: /tmp/gfortran_12.2.0_mpiuni_g_develop/esmf/src
make[3]: Entering directory '/tmp/gfortran_12.2.0_mpiuni_g_develop/esmf/src'
tree_include in: /tmp/gfortran_12.2.0_mpiuni_g_develop/esmf/src/prologue
make[4]: Entering directory '/tmp/gfortran_12.2.0_mpiuni_g_develop/esmf/src/prologue'
tree_include in: /tmp/gfortran_12.2.0_mpiuni_g_develop/esmf/src/prologue/tests
make[5]: Entering directory '/tmp/gfortran_12.2.0_mpiuni_g_develop/esmf/src/prologue/tests'
make[5]: Leaving directory '/tmp/gfortran_12.2.0_mpiuni_g_develop/esmf/src/prologue/tests'
tree_include in: /tmp/gfortran_12.2.0_mpiuni_g_develop/esmf/src/prologue/yaml-cpp
make[5]: Entering directory '/tmp/gfortran_12.2.0_mpiuni_g_develop/esmf/src/prologue/yaml-cpp'
tree_include in: /tmp/gfortran_12.2.0_mpiuni_g_develop/esmf/src/prologue/yaml-cpp/src
make[6]: Entering directory '/tmp/gfortran_12.2.0_mpiuni_g_develop/esmf/src/prologue/yaml-cpp/src'
make[6]: Leaving directory '/tmp/gfortran_12.2.0_mpiuni_g_develop/esmf/src/prologue/yaml-cpp/src'
make[5]: Leaving directory '/tmp/gfortran_12.2.0_mpiuni_g_develop/esmf/src/prologue/yaml-cpp'
make[4]: Leaving directory '/tmp/gfortran_12.2.0_mpiuni_g_develop/esmf/src/prologue'
tree_include in: /tmp/gfortran_12.2.0_mpiuni_g_develop/esmf/src/test_harness
make[4]: Entering directory '/tmp/gfortran_12.2.0_mpiuni_g_develop/esmf/src/test_harness'
tree_include in: /tmp/gfortran_12.2.0_mpiuni_g_develop/esmf/src/test_harness/src
make[5]: Entering directory '/tmp/gfortran_12.2.0_mpiuni_g_develop/esmf/src/test_harness/src'
make[5]: Leaving directory '/tmp/gfortran_12.2.0_mpiuni_g_develop/esmf/src/test_harness/src'
make[4]: Leaving directory '/tmp/gfortran_12.2.0_mpiuni_g_develop/esmf/src/test_harness'
tree_include in: /tmp/gfortran_12.2.0_mpiuni_g_develop/esmf/src/Infrastructure
make[4]: Entering directory '/tmp/gfortran_12.2.0_mpiuni_g_develop/esmf/src/Infrastructure'
tree_include in: /tmp/gfortran_12.2.0_mpiuni_g_develop/esmf/src/Infrastructure/stubs
make[5]: Entering directory '/tmp/gfortran_12.2.0_mpiuni_g_develop/esmf/src/Infrastructure/stubs'
tree_include in: /tmp/gfortran_12.2.0_mpiuni_g_develop/esmf/src/Infrastructure/stubs/mpiuni
make[6]: Entering directory '/tmp/gfortran_12.2.0_mpiuni_g_develop/esmf/src/Infrastructure/stubs/mpiuni'
make[6]: Leaving directory '/tmp/gfortran_12.2.0_mpiuni_g_develop/esmf/src/Infrastructure/stubs/mpiuni'
make[5]: Leaving directory '/tmp/gfortran_12.2.0_mpiuni_g_develop/esmf/src/Infrastructure/stubs'
tree_include in: /tmp/gfortran_12.2.0_mpiuni_g_develop/esmf/src/Infrastructure/Util
make[5]: Entering directory '/tmp/gfortran_12.2.0_mpiuni_g_develop/esmf/src/Infrastructure/Util'
tree_include in: /tmp/gfortran_12.2.0_mpiuni_g_develop/esmf/src/Infrastructure/Util/src
make[6]: Entering directory '/tmp/gfortran_12.2.0_mpiuni_g_develop/esmf/src/Infrastructure/Util/src'
make[6]: Leaving directory '/tmp/gfortran_12.2.0_mpiuni_g_develop/esmf/src/Infrastructure/Util/src'
tree_include in: /tmp/gfortran_12.2.0_mpiuni_g_develop/esmf/src/Infrastructure/Util/interface
make[6]: Entering directory '/tmp/gfortran_12.2.0_mpiuni_g_develop/esmf/src/Infrastructure/Util/interface'
make[6]: Leaving directory '/tmp/gfortran_12.2.0_mpiuni_g_develop/esmf/src/Infrastructure/Util/interface'
tree_include in: /tmp/gfortran_12.2.0_mpiuni_g_develop/esmf/src/Infrastructure/Util/tests
make[6]: Entering directory '/tmp/gfortran_12.2.0_mpiuni_g_develop/esmf/src/Infrastructure/Util/tests'
make[6]: Leaving directory '/tmp/gfortran_12.2.0_mpiuni_g_develop/esmf/src/Infrastructure/Util/tests'
tree_include in: /tmp/gfortran_12.2.0_mpiuni_g_develop/esmf/src/Infrastructure/Util/examples
make[6]: Entering directory '/tmp/gfortran_12.2.0_mpiuni_g_develop/esmf/src/Infrastructure/Util/examples'
make[6]: Leaving directory '/tmp/gfortran_12.2.0_mpiuni_g_develop/esmf/src/Infrastructure/Util/examples'
tree_include in: /tmp/gfortran_12.2.0_mpiuni_g_develop/esmf/src/Infrastructure/Util/doc
make[6]: Entering directory '/tmp/gfortran_12.2.0_mpiuni_g_develop/esmf/src/Infrastructure/Util/doc'
make[6]: Leaving directory '/tmp/gfortran_12.2.0_mpiuni_g_develop/esmf/src/Infrastructure/Util/doc'
make[5]: Leaving directory '/tmp/gfortran_12.2.0_mpiuni_g_develop/esmf/src/Infrastructure/Util'
tree_include in: /tmp/gfortran_12.2.0_mpiuni_g_develop/esmf/src/Infrastructure/LogErr
make[5]: Entering directory '/tmp/gfortran_12.2.0_mpiuni_g_develop/esmf/src/Infrastructure/LogErr'
tree_include in: /tmp/gfortran_12.2.0_mpiuni_g_develop/esmf/src/Infrastructure/LogErr/src
make[6]: Entering directory '/tmp/gfortran_12.2.0_mpiuni_g_develop/esmf/src/Infrastructure/LogErr/src'
make[6]: Leaving directory '/tmp/gfortran_12.2.0_mpiuni_g_develop/esmf/src/Infrastructure/LogErr/src'
tree_include in: /tmp/gfortran_12.2.0_mpiuni_g_develop/esmf/src/Infrastructure/LogErr/interface
make[6]: Entering directory '/tmp/gfortran_12.2.0_mpiuni_g_develop/esmf/src/Infrastructure/LogErr/interface'
make[6]: Leaving directory '/tmp/gfortran_12.2.0_mpiuni_g_develop/esmf/src/Infrastructure/LogErr/interface'
tree_include in: /tmp/gfortran_12.2.0_mpiuni_g_develop/esmf/src/Infrastructure/LogErr/examples
make[6]: Entering directory '/tmp/gfortran_12.2.0_mpiuni_g_develop/esmf/src/Infrastructure/LogErr/examples'
make[6]: Leaving directory '/tmp/gfortran_12.2.0_mpiuni_g_develop/esmf/src/Infrastructure/LogErr/examples'
tree_include in: /tmp/gfortran_12.2.0_mpiuni_g_develop/esmf/src/Infrastructure/LogErr/doc
make[6]: Entering directory '/tmp/gfortran_12.2.0_mpiuni_g_develop/esmf/src/Infrastructure/LogErr/doc'
make[6]: Leaving directory '/tmp/gfortran_12.2.0_mpiuni_g_develop/esmf/src/Infrastructure/LogErr/doc'
tree_include in: /tmp/gfortran_12.2.0_mpiuni_g_develop/esmf/src/Infrastructure/LogErr/tests
make[6]: Entering directory '/tmp/gfortran_12.2.0_mpiuni_g_develop/esmf/src/Infrastructure/LogErr/tests'
make[6]: Leaving directory '/tmp/gfortran_12.2.0_mpiuni_g_develop/esmf/src/Infrastructure/LogErr/tests'
make[5]: Leaving directory '/tmp/gfortran_12.2.0_mpiuni_g_develop/esmf/src/Infrastructure/LogErr'
tree_include in: /tmp/gfortran_12.2.0_mpiuni_g_develop/esmf/src/Infrastructure/VM
make[5]: Entering directory '/tmp/gfortran_12.2.0_mpiuni_g_develop/esmf/src/Infrastructure/VM'
tree_include in: /tmp/gfortran_12.2.0_mpiuni_g_develop/esmf/src/Infrastructure/VM/src
make[6]: Entering directory '/tmp/gfortran_12.2.0_mpiuni_g_develop/esmf/src/Infrastructure/VM/src'
tree_include in: /tmp/gfortran_12.2.0_mpiuni_g_develop/esmf/src/Infrastructure/VM/src/acc
make[7]: Entering directory '/tmp/gfortran_12.2.0_mpiuni_g_develop/esmf/src/Infrastructure/VM/src/acc'
make[7]: Leaving directory '/tmp/gfortran_12.2.0_mpiuni_g_develop/esmf/src/Infrastructure/VM/src/acc'
make[6]: Leaving directory '/tmp/gfortran_12.2.0_mpiuni_g_develop/esmf/src/Infrastructure/VM/src'
tree_include in: /tmp/gfortran_12.2.0_mpiuni_g_develop/esmf/src/Infrastructure/VM/interface
make[6]: Entering directory '/tmp/gfortran_12.2.0_mpiuni_g_develop/esmf/src/Infrastructure/VM/interface'
make[6]: Leaving directory '/tmp/gfortran_12.2.0_mpiuni_g_develop/esmf/src/Infrastructure/VM/interface'
tree_include in: /tmp/gfortran_12.2.0_mpiuni_g_develop/esmf/src/Infrastructure/VM/doc
make[6]: Entering directory '/tmp/gfortran_12.2.0_mpiuni_g_develop/esmf/src/Infrastructure/VM/doc'
make[6]: Leaving directory '/tmp/gfortran_12.2.0_mpiuni_g_develop/esmf/src/Infrastructure/VM/doc'
tree_include in: /tmp/gfortran_12.2.0_mpiuni_g_develop/esmf/src/Infrastructure/VM/examples
make[6]: Entering directory '/tmp/gfortran_12.2.0_mpiuni_g_develop/esmf/src/Infrastructure/VM/examples'
make[6]: Leaving directory '/tmp/gfortran_12.2.0_mpiuni_g_develop/esmf/src/Infrastructure/VM/examples'
tree_include in: /tmp/gfortran_12.2.0_mpiuni_g_develop/esmf/src/Infrastructure/VM/tests
make[6]: Entering directory '/tmp/gfortran_12.2.0_mpiuni_g_develop/esmf/src/Infrastructure/VM/tests'
make[6]: Leaving directory '/tmp/gfortran_12.2.0_mpiuni_g_develop/esmf/src/Infrastructure/VM/tests'
make[5]: Leaving directory '/tmp/gfortran_12.2.0_mpiuni_g_develop/esmf/src/Infrastructure/VM'
tree_include in: /tmp/gfortran_12.2.0_mpiuni_g_develop/esmf/src/Infrastructure/Trace
make[5]: Entering directory '/tmp/gfortran_12.2.0_mpiuni_g_develop/esmf/src/Infrastructure/Trace'
tree_include in: /tmp/gfortran_12.2.0_mpiuni_g_develop/esmf/src/Infrastructure/Trace/src
make[6]: Entering directory '/tmp/gfortran_12.2.0_mpiuni_g_develop/esmf/src/Infrastructure/Trace/src'
make[6]: Leaving directory '/tmp/gfortran_12.2.0_mpiuni_g_develop/esmf/src/Infrastructure/Trace/src'
tree_include in: /tmp/gfortran_12.2.0_mpiuni_g_develop/esmf/src/Infrastructure/Trace/interface
make[6]: Entering directory '/tmp/gfortran_12.2.0_mpiuni_g_develop/esmf/src/Infrastructure/Trace/interface'
make[6]: Leaving directory '/tmp/gfortran_12.2.0_mpiuni_g_develop/esmf/src/Infrastructure/Trace/interface'
tree_include in: /tmp/gfortran_12.2.0_mpiuni_g_develop/esmf/src/Infrastructure/Trace/tests
make[6]: Entering directory '/tmp/gfortran_12.2.0_mpiuni_g_develop/esmf/src/Infrastructure/Trace/tests'
make[6]: Leaving directory '/tmp/gfortran_12.2.0_mpiuni_g_develop/esmf/src/Infrastructure/Trace/tests'
tree_include in: /tmp/gfortran_12.2.0_mpiuni_g_develop/esmf/src/Infrastructure/Trace/doc
make[6]: Entering directory '/tmp/gfortran_12.2.0_mpiuni_g_develop/esmf/src/Infrastructure/Trace/doc'
make[6]: Leaving directory '/tmp/gfortran_12.2.0_mpiuni_g_develop/esmf/src/Infrastructure/Trace/doc'
tree_include in: /tmp/gfortran_12.2.0_mpiuni_g_develop/esmf/src/Infrastructure/Trace/examples
make[6]: Entering directory '/tmp/gfortran_12.2.0_mpiuni_g_develop/esmf/src/Infrastructure/Trace/examples'
make[6]: Leaving directory '/tmp/gfortran_12.2.0_mpiuni_g_develop/esmf/src/Infrastructure/Trace/examples'
make[5]: Leaving directory '/tmp/gfortran_12.2.0_mpiuni_g_develop/esmf/src/Infrastructure/Trace'
tree_include in: /tmp/gfortran_12.2.0_mpiuni_g_develop/esmf/src/Infrastructure/HConfig
make[5]: Entering directory '/tmp/gfortran_12.2.0_mpiuni_g_develop/esmf/src/Infrastructure/HConfig'
tree_include in: /tmp/gfortran_12.2.0_mpiuni_g_develop/esmf/src/Infrastructure/HConfig/src
make[6]: Entering directory '/tmp/gfortran_12.2.0_mpiuni_g_develop/esmf/src/Infrastructure/HConfig/src'
make[6]: Leaving directory '/tmp/gfortran_12.2.0_mpiuni_g_develop/esmf/src/Infrastructure/HConfig/src'
tree_include in: /tmp/gfortran_12.2.0_mpiuni_g_develop/esmf/src/Infrastructure/HConfig/interface
make[6]: Entering directory '/tmp/gfortran_12.2.0_mpiuni_g_develop/esmf/src/Infrastructure/HConfig/interface'
make[6]: Leaving directory '/tmp/gfortran_12.2.0_mpiuni_g_develop/esmf/src/Infrastructure/HConfig/interface'
tree_include in: /tmp/gfortran_12.2.0_mpiuni_g_develop/esmf/src/Infrastructure/HConfig/tests
make[6]: Entering directory '/tmp/gfortran_12.2.0_mpiuni_g_develop/esmf/src/Infrastructure/HConfig/tests'
make[6]: Leaving directory '/tmp/gfortran_12.2.0_mpiuni_g_develop/esmf/src/Infrastructure/HConfig/tests'
tree_include in: /tmp/gfortran_12.2.0_mpiuni_g_develop/esmf/src/Infrastructure/HConfig/examples
make[6]: Entering directory '/tmp/gfortran_12.2.0_mpiuni_g_develop/esmf/src/Infrastructure/HConfig/examples'
make[6]: Leaving directory '/tmp/gfortran_12.2.0_mpiuni_g_develop/esmf/src/Infrastructure/HConfig/examples'
tree_include in: /tmp/gfortran_12.2.0_mpiuni_g_develop/esmf/src/Infrastructure/HConfig/doc
make[6]: Entering directory '/tmp/gfortran_12.2.0_mpiuni_g_develop/esmf/src/Infrastructure/HConfig/doc'
make[6]: Leaving directory '/tmp/gfortran_12.2.0_mpiuni_g_develop/esmf/src/Infrastructure/HConfig/doc'
make[5]: Leaving directory '/tmp/gfortran_12.2.0_mpiuni_g_develop/esmf/src/Infrastructure/HConfig'
tree_include in: /tmp/gfortran_12.2.0_mpiuni_g_develop/esmf/src/Infrastructure/Base
make[5]: Entering directory '/tmp/gfortran_12.2.0_mpiuni_g_develop/esmf/src/Infrastructure/Base'
tree_include in: /tmp/gfortran_12.2.0_mpiuni_g_develop/esmf/src/Infrastructure/Base/src
make[6]: Entering directory '/tmp/gfortran_12.2.0_mpiuni_g_develop/esmf/src/Infrastructure/Base/src'
make[6]: Leaving directory '/tmp/gfortran_12.2.0_mpiuni_g_develop/esmf/src/Infrastructure/Base/src'
tree_include in: /tmp/gfortran_12.2.0_mpiuni_g_develop/esmf/src/Infrastructure/Base/interface
make[6]: Entering directory '/tmp/gfortran_12.2.0_mpiuni_g_develop/esmf/src/Infrastructure/Base/interface'
make[6]: Leaving directory '/tmp/gfortran_12.2.0_mpiuni_g_develop/esmf/src/Infrastructure/Base/interface'
tree_include in: /tmp/gfortran_12.2.0_mpiuni_g_develop/esmf/src/Infrastructure/Base/tests
make[6]: Entering directory '/tmp/gfortran_12.2.0_mpiuni_g_develop/esmf/src/Infrastructure/Base/tests'
make[6]: Leaving directory '/tmp/gfortran_12.2.0_mpiuni_g_develop/esmf/src/Infrastructure/Base/tests'
tree_include in: /tmp/gfortran_12.2.0_mpiuni_g_develop/esmf/src/Infrastructure/Base/examples
make[6]: Entering directory '/tmp/gfortran_12.2.0_mpiuni_g_develop/esmf/src/Infrastructure/Base/examples'
make[6]: Leaving directory '/tmp/gfortran_12.2.0_mpiuni_g_develop/esmf/src/Infrastructure/Base/examples'
tree_include in: /tmp/gfortran_12.2.0_mpiuni_g_develop/esmf/src/Infrastructure/Base/doc
make[6]: Entering directory '/tmp/gfortran_12.2.0_mpiuni_g_develop/esmf/src/Infrastructure/Base/doc'
make[6]: Leaving directory '/tmp/gfortran_12.2.0_mpiuni_g_develop/esmf/src/Infrastructure/Base/doc'
make[5]: Leaving directory '/tmp/gfortran_12.2.0_mpiuni_g_develop/esmf/src/Infrastructure/Base'
tree_include in: /tmp/gfortran_12.2.0_mpiuni_g_develop/esmf/src/Infrastructure/TimeMgr
make[5]: Entering directory '/tmp/gfortran_12.2.0_mpiuni_g_develop/esmf/src/Infrastructure/TimeMgr'
tree_include in: /tmp/gfortran_12.2.0_mpiuni_g_develop/esmf/src/Infrastructure/TimeMgr/src
make[6]: Entering directory '/tmp/gfortran_12.2.0_mpiuni_g_develop/esmf/src/Infrastructure/TimeMgr/src'
make[6]: Leaving directory '/tmp/gfortran_12.2.0_mpiuni_g_develop/esmf/src/Infrastructure/TimeMgr/src'
tree_include in: /tmp/gfortran_12.2.0_mpiuni_g_develop/esmf/src/Infrastructure/TimeMgr/interface
make[6]: Entering directory '/tmp/gfortran_12.2.0_mpiuni_g_develop/esmf/src/Infrastructure/TimeMgr/interface'
make[6]: Leaving directory '/tmp/gfortran_12.2.0_mpiuni_g_develop/esmf/src/Infrastructure/TimeMgr/interface'
tree_include in: /tmp/gfortran_12.2.0_mpiuni_g_develop/esmf/src/Infrastructure/TimeMgr/examples
make[6]: Entering directory '/tmp/gfortran_12.2.0_mpiuni_g_develop/esmf/src/Infrastructure/TimeMgr/examples'
make[6]: Leaving directory '/tmp/gfortran_12.2.0_mpiuni_g_develop/esmf/src/Infrastructure/TimeMgr/examples'
tree_include in: /tmp/gfortran_12.2.0_mpiuni_g_develop/esmf/src/Infrastructure/TimeMgr/tests
make[6]: Entering directory '/tmp/gfortran_12.2.0_mpiuni_g_develop/esmf/src/Infrastructure/TimeMgr/tests'
make[6]: Leaving directory '/tmp/gfortran_12.2.0_mpiuni_g_develop/esmf/src/Infrastructure/TimeMgr/tests'
tree_include in: /tmp/gfortran_12.2.0_mpiuni_g_develop/esmf/src/Infrastructure/TimeMgr/doc
make[6]: Entering directory '/tmp/gfortran_12.2.0_mpiuni_g_develop/esmf/src/Infrastructure/TimeMgr/doc'
make[6]: Leaving directory '/tmp/gfortran_12.2.0_mpiuni_g_develop/esmf/src/Infrastructure/TimeMgr/doc'
make[5]: Leaving directory '/tmp/gfortran_12.2.0_mpiuni_g_develop/esmf/src/Infrastructure/TimeMgr'
tree_include in: /tmp/gfortran_12.2.0_mpiuni_g_develop/esmf/src/Infrastructure/DELayout
make[5]: Entering directory '/tmp/gfortran_12.2.0_mpiuni_g_develop/esmf/src/Infrastructure/DELayout'
tree_include in: /tmp/gfortran_12.2.0_mpiuni_g_develop/esmf/src/Infrastructure/DELayout/src
make[6]: Entering directory '/tmp/gfortran_12.2.0_mpiuni_g_develop/esmf/src/Infrastructure/DELayout/src'
make[6]: Leaving directory '/tmp/gfortran_12.2.0_mpiuni_g_develop/esmf/src/Infrastructure/DELayout/src'
tree_include in: /tmp/gfortran_12.2.0_mpiuni_g_develop/esmf/src/Infrastructure/DELayout/interface
make[6]: Entering directory '/tmp/gfortran_12.2.0_mpiuni_g_develop/esmf/src/Infrastructure/DELayout/interface'
make[6]: Leaving directory '/tmp/gfortran_12.2.0_mpiuni_g_develop/esmf/src/Infrastructure/DELayout/interface'
tree_include in: /tmp/gfortran_12.2.0_mpiuni_g_develop/esmf/src/Infrastructure/DELayout/tests
make[6]: Entering directory '/tmp/gfortran_12.2.0_mpiuni_g_develop/esmf/src/Infrastructure/DELayout/tests'
make[6]: Leaving directory '/tmp/gfortran_12.2.0_mpiuni_g_develop/esmf/src/Infrastructure/DELayout/tests'
tree_include in: /tmp/gfortran_12.2.0_mpiuni_g_develop/esmf/src/Infrastructure/DELayout/examples
make[6]: Entering directory '/tmp/gfortran_12.2.0_mpiuni_g_develop/esmf/src/Infrastructure/DELayout/examples'
make[6]: Leaving directory '/tmp/gfortran_12.2.0_mpiuni_g_develop/esmf/src/Infrastructure/DELayout/examples'
tree_include in: /tmp/gfortran_12.2.0_mpiuni_g_develop/esmf/src/Infrastructure/DELayout/doc
make[6]: Entering directory '/tmp/gfortran_12.2.0_mpiuni_g_develop/esmf/src/Infrastructure/DELayout/doc'
make[6]: Leaving directory '/tmp/gfortran_12.2.0_mpiuni_g_develop/esmf/src/Infrastructure/DELayout/doc'
make[5]: Leaving directory '/tmp/gfortran_12.2.0_mpiuni_g_develop/esmf/src/Infrastructure/DELayout'
tree_include in: /tmp/gfortran_12.2.0_mpiuni_g_develop/esmf/src/Infrastructure/Config
make[5]: Entering directory '/tmp/gfortran_12.2.0_mpiuni_g_develop/esmf/src/Infrastructure/Config'
tree_include in: /tmp/gfortran_12.2.0_mpiuni_g_develop/esmf/src/Infrastructure/Config/src
make[6]: Entering directory '/tmp/gfortran_12.2.0_mpiuni_g_develop/esmf/src/Infrastructure/Config/src'
make[6]: Leaving directory '/tmp/gfortran_12.2.0_mpiuni_g_develop/esmf/src/Infrastructure/Config/src'
tree_include in: /tmp/gfortran_12.2.0_mpiuni_g_develop/esmf/src/Infrastructure/Config/interface
make[6]: Entering directory '/tmp/gfortran_12.2.0_mpiuni_g_develop/esmf/src/Infrastructure/Config/interface'
make[6]: Leaving directory '/tmp/gfortran_12.2.0_mpiuni_g_develop/esmf/src/Infrastructure/Config/interface'
tree_include in: /tmp/gfortran_12.2.0_mpiuni_g_develop/esmf/src/Infrastructure/Config/examples
make[6]: Entering directory '/tmp/gfortran_12.2.0_mpiuni_g_develop/esmf/src/Infrastructure/Config/examples'
make[6]: Leaving directory '/tmp/gfortran_12.2.0_mpiuni_g_develop/esmf/src/Infrastructure/Config/examples'
tree_include in: /tmp/gfortran_12.2.0_mpiuni_g_develop/esmf/src/Infrastructure/Config/doc
make[6]: Entering directory '/tmp/gfortran_12.2.0_mpiuni_g_develop/esmf/src/Infrastructure/Config/doc'
make[6]: Leaving directory '/tmp/gfortran_12.2.0_mpiuni_g_develop/esmf/src/Infrastructure/Config/doc'
tree_include in: /tmp/gfortran_12.2.0_mpiuni_g_develop/esmf/src/Infrastructure/Config/tests
make[6]: Entering directory '/tmp/gfortran_12.2.0_mpiuni_g_develop/esmf/src/Infrastructure/Config/tests'
make[6]: Leaving directory '/tmp/gfortran_12.2.0_mpiuni_g_develop/esmf/src/Infrastructure/Config/tests'
make[5]: Leaving directory '/tmp/gfortran_12.2.0_mpiuni_g_develop/esmf/src/Infrastructure/Config'
tree_include in: /tmp/gfortran_12.2.0_mpiuni_g_develop/esmf/src/Infrastructure/ArraySpec
make[5]: Entering directory '/tmp/gfortran_12.2.0_mpiuni_g_develop/esmf/src/Infrastructure/ArraySpec'
tree_include in: /tmp/gfortran_12.2.0_mpiuni_g_develop/esmf/src/Infrastructure/ArraySpec/src
make[6]: Entering directory '/tmp/gfortran_12.2.0_mpiuni_g_develop/esmf/src/Infrastructure/ArraySpec/src'
make[6]: Leaving directory '/tmp/gfortran_12.2.0_mpiuni_g_develop/esmf/src/Infrastructure/ArraySpec/src'
tree_include in: /tmp/gfortran_12.2.0_mpiuni_g_develop/esmf/src/Infrastructure/ArraySpec/interface
make[6]: Entering directory '/tmp/gfortran_12.2.0_mpiuni_g_develop/esmf/src/Infrastructure/ArraySpec/interface'
make[6]: Leaving directory '/tmp/gfortran_12.2.0_mpiuni_g_develop/esmf/src/Infrastructure/ArraySpec/interface'
tree_include in: /tmp/gfortran_12.2.0_mpiuni_g_develop/esmf/src/Infrastructure/ArraySpec/examples
make[6]: Entering directory '/tmp/gfortran_12.2.0_mpiuni_g_develop/esmf/src/Infrastructure/ArraySpec/examples'
make[6]: Leaving directory '/tmp/gfortran_12.2.0_mpiuni_g_develop/esmf/src/Infrastructure/ArraySpec/examples'
tree_include in: /tmp/gfortran_12.2.0_mpiuni_g_develop/esmf/src/Infrastructure/ArraySpec/tests
make[6]: Entering directory '/tmp/gfortran_12.2.0_mpiuni_g_develop/esmf/src/Infrastructure/ArraySpec/tests'
make[6]: Leaving directory '/tmp/gfortran_12.2.0_mpiuni_g_develop/esmf/src/Infrastructure/ArraySpec/tests'
tree_include in: /tmp/gfortran_12.2.0_mpiuni_g_develop/esmf/src/Infrastructure/ArraySpec/doc
make[6]: Entering directory '/tmp/gfortran_12.2.0_mpiuni_g_develop/esmf/src/Infrastructure/ArraySpec/doc'
make[6]: Leaving directory '/tmp/gfortran_12.2.0_mpiuni_g_develop/esmf/src/Infrastructure/ArraySpec/doc'
make[5]: Leaving directory '/tmp/gfortran_12.2.0_mpiuni_g_develop/esmf/src/Infrastructure/ArraySpec'
tree_include in: /tmp/gfortran_12.2.0_mpiuni_g_develop/esmf/src/Infrastructure/LocalArray
make[5]: Entering directory '/tmp/gfortran_12.2.0_mpiuni_g_develop/esmf/src/Infrastructure/LocalArray'
tree_include in: /tmp/gfortran_12.2.0_mpiuni_g_develop/esmf/src/Infrastructure/LocalArray/src
make[6]: Entering directory '/tmp/gfortran_12.2.0_mpiuni_g_develop/esmf/src/Infrastructure/LocalArray/src'
make[6]: Leaving directory '/tmp/gfortran_12.2.0_mpiuni_g_develop/esmf/src/Infrastructure/LocalArray/src'
tree_include in: /tmp/gfortran_12.2.0_mpiuni_g_develop/esmf/src/Infrastructure/LocalArray/interface
make[6]: Entering directory '/tmp/gfortran_12.2.0_mpiuni_g_develop/esmf/src/Infrastructure/LocalArray/interface'
make[6]: Leaving directory '/tmp/gfortran_12.2.0_mpiuni_g_develop/esmf/src/Infrastructure/LocalArray/interface'
tree_include in: /tmp/gfortran_12.2.0_mpiuni_g_develop/esmf/src/Infrastructure/LocalArray/tests
make[6]: Entering directory '/tmp/gfortran_12.2.0_mpiuni_g_develop/esmf/src/Infrastructure/LocalArray/tests'
make[6]: Leaving directory '/tmp/gfortran_12.2.0_mpiuni_g_develop/esmf/src/Infrastructure/LocalArray/tests'
tree_include in: /tmp/gfortran_12.2.0_mpiuni_g_develop/esmf/src/Infrastructure/LocalArray/doc
make[6]: Entering directory '/tmp/gfortran_12.2.0_mpiuni_g_develop/esmf/src/Infrastructure/LocalArray/doc'
make[6]: Leaving directory '/tmp/gfortran_12.2.0_mpiuni_g_develop/esmf/src/Infrastructure/LocalArray/doc'
make[5]: Leaving directory '/tmp/gfortran_12.2.0_mpiuni_g_develop/esmf/src/Infrastructure/LocalArray'
tree_include in: /tmp/gfortran_12.2.0_mpiuni_g_develop/esmf/src/Infrastructure/Route
make[5]: Entering directory '/tmp/gfortran_12.2.0_mpiuni_g_develop/esmf/src/Infrastructure/Route'
tree_include in: /tmp/gfortran_12.2.0_mpiuni_g_develop/esmf/src/Infrastructure/Route/src
make[6]: Entering directory '/tmp/gfortran_12.2.0_mpiuni_g_develop/esmf/src/Infrastructure/Route/src'
make[6]: Leaving directory '/tmp/gfortran_12.2.0_mpiuni_g_develop/esmf/src/Infrastructure/Route/src'
tree_include in: /tmp/gfortran_12.2.0_mpiuni_g_develop/esmf/src/Infrastructure/Route/interface
make[6]: Entering directory '/tmp/gfortran_12.2.0_mpiuni_g_develop/esmf/src/Infrastructure/Route/interface'
make[6]: Leaving directory '/tmp/gfortran_12.2.0_mpiuni_g_develop/esmf/src/Infrastructure/Route/interface'
tree_include in: /tmp/gfortran_12.2.0_mpiuni_g_develop/esmf/src/Infrastructure/Route/tests
make[6]: Entering directory '/tmp/gfortran_12.2.0_mpiuni_g_develop/esmf/src/Infrastructure/Route/tests'
make[6]: Leaving directory '/tmp/gfortran_12.2.0_mpiuni_g_develop/esmf/src/Infrastructure/Route/tests'
tree_include in: /tmp/gfortran_12.2.0_mpiuni_g_develop/esmf/src/Infrastructure/Route/examples
make[6]: Entering directory '/tmp/gfortran_12.2.0_mpiuni_g_develop/esmf/src/Infrastructure/Route/examples'
make[6]: Leaving directory '/tmp/gfortran_12.2.0_mpiuni_g_develop/esmf/src/Infrastructure/Route/examples'
tree_include in: /tmp/gfortran_12.2.0_mpiuni_g_develop/esmf/src/Infrastructure/Route/doc
make[6]: Entering directory '/tmp/gfortran_12.2.0_mpiuni_g_develop/esmf/src/Infrastructure/Route/doc'
make[6]: Leaving directory '/tmp/gfortran_12.2.0_mpiuni_g_develop/esmf/src/Infrastructure/Route/doc'
make[5]: Leaving directory '/tmp/gfortran_12.2.0_mpiuni_g_develop/esmf/src/Infrastructure/Route'
tree_include in: /tmp/gfortran_12.2.0_mpiuni_g_develop/esmf/src/Infrastructure/DistGrid
make[5]: Entering directory '/tmp/gfortran_12.2.0_mpiuni_g_develop/esmf/src/Infrastructure/DistGrid'
tree_include in: /tmp/gfortran_12.2.0_mpiuni_g_develop/esmf/src/Infrastructure/DistGrid/src
make[6]: Entering directory '/tmp/gfortran_12.2.0_mpiuni_g_develop/esmf/src/Infrastructure/DistGrid/src'
make[6]: Leaving directory '/tmp/gfortran_12.2.0_mpiuni_g_develop/esmf/src/Infrastructure/DistGrid/src'
tree_include in: /tmp/gfortran_12.2.0_mpiuni_g_develop/esmf/src/Infrastructure/DistGrid/interface
make[6]: Entering directory '/tmp/gfortran_12.2.0_mpiuni_g_develop/esmf/src/Infrastructure/DistGrid/interface'
make[6]: Leaving directory '/tmp/gfortran_12.2.0_mpiuni_g_develop/esmf/src/Infrastructure/DistGrid/interface'
tree_include in: /tmp/gfortran_12.2.0_mpiuni_g_develop/esmf/src/Infrastructure/DistGrid/tests
make[6]: Entering directory '/tmp/gfortran_12.2.0_mpiuni_g_develop/esmf/src/Infrastructure/DistGrid/tests'
make[6]: Leaving directory '/tmp/gfortran_12.2.0_mpiuni_g_develop/esmf/src/Infrastructure/DistGrid/tests'
tree_include in: /tmp/gfortran_12.2.0_mpiuni_g_develop/esmf/src/Infrastructure/DistGrid/examples
make[6]: Entering directory '/tmp/gfortran_12.2.0_mpiuni_g_develop/esmf/src/Infrastructure/DistGrid/examples'
make[6]: Leaving directory '/tmp/gfortran_12.2.0_mpiuni_g_develop/esmf/src/Infrastructure/DistGrid/examples'
tree_include in: /tmp/gfortran_12.2.0_mpiuni_g_develop/esmf/src/Infrastructure/DistGrid/doc
make[6]: Entering directory '/tmp/gfortran_12.2.0_mpiuni_g_develop/esmf/src/Infrastructure/DistGrid/doc'
make[6]: Leaving directory '/tmp/gfortran_12.2.0_mpiuni_g_develop/esmf/src/Infrastructure/DistGrid/doc'
make[5]: Leaving directory '/tmp/gfortran_12.2.0_mpiuni_g_develop/esmf/src/Infrastructure/DistGrid'
tree_include in: /tmp/gfortran_12.2.0_mpiuni_g_develop/esmf/src/Infrastructure/Array
make[5]: Entering directory '/tmp/gfortran_12.2.0_mpiuni_g_develop/esmf/src/Infrastructure/Array'
tree_include in: /tmp/gfortran_12.2.0_mpiuni_g_develop/esmf/src/Infrastructure/Array/src
make[6]: Entering directory '/tmp/gfortran_12.2.0_mpiuni_g_develop/esmf/src/Infrastructure/Array/src'
make[6]: Leaving directory '/tmp/gfortran_12.2.0_mpiuni_g_develop/esmf/src/Infrastructure/Array/src'
tree_include in: /tmp/gfortran_12.2.0_mpiuni_g_develop/esmf/src/Infrastructure/Array/interface
make[6]: Entering directory '/tmp/gfortran_12.2.0_mpiuni_g_develop/esmf/src/Infrastructure/Array/interface'
make[6]: Leaving directory '/tmp/gfortran_12.2.0_mpiuni_g_develop/esmf/src/Infrastructure/Array/interface'
tree_include in: /tmp/gfortran_12.2.0_mpiuni_g_develop/esmf/src/Infrastructure/Array/tests
make[6]: Entering directory '/tmp/gfortran_12.2.0_mpiuni_g_develop/esmf/src/Infrastructure/Array/tests'
make[6]: Leaving directory '/tmp/gfortran_12.2.0_mpiuni_g_develop/esmf/src/Infrastructure/Array/tests'
tree_include in: /tmp/gfortran_12.2.0_mpiuni_g_develop/esmf/src/Infrastructure/Array/examples
make[6]: Entering directory '/tmp/gfortran_12.2.0_mpiuni_g_develop/esmf/src/Infrastructure/Array/examples'
make[6]: Leaving directory '/tmp/gfortran_12.2.0_mpiuni_g_develop/esmf/src/Infrastructure/Array/examples'
tree_include in: /tmp/gfortran_12.2.0_mpiuni_g_develop/esmf/src/Infrastructure/Array/doc
make[6]: Entering directory '/tmp/gfortran_12.2.0_mpiuni_g_develop/esmf/src/Infrastructure/Array/doc'
make[6]: Leaving directory '/tmp/gfortran_12.2.0_mpiuni_g_develop/esmf/src/Infrastructure/Array/doc'
make[5]: Leaving directory '/tmp/gfortran_12.2.0_mpiuni_g_develop/esmf/src/Infrastructure/Array'
tree_include in: /tmp/gfortran_12.2.0_mpiuni_g_develop/esmf/src/Infrastructure/ArrayBundle
make[5]: Entering directory '/tmp/gfortran_12.2.0_mpiuni_g_develop/esmf/src/Infrastructure/ArrayBundle'
tree_include in: /tmp/gfortran_12.2.0_mpiuni_g_develop/esmf/src/Infrastructure/ArrayBundle/src
make[6]: Entering directory '/tmp/gfortran_12.2.0_mpiuni_g_develop/esmf/src/Infrastructure/ArrayBundle/src'
make[6]: Leaving directory '/tmp/gfortran_12.2.0_mpiuni_g_develop/esmf/src/Infrastructure/ArrayBundle/src'
tree_include in: /tmp/gfortran_12.2.0_mpiuni_g_develop/esmf/src/Infrastructure/ArrayBundle/interface
make[6]: Entering directory '/tmp/gfortran_12.2.0_mpiuni_g_develop/esmf/src/Infrastructure/ArrayBundle/interface'
make[6]: Leaving directory '/tmp/gfortran_12.2.0_mpiuni_g_develop/esmf/src/Infrastructure/ArrayBundle/interface'
tree_include in: /tmp/gfortran_12.2.0_mpiuni_g_develop/esmf/src/Infrastructure/ArrayBundle/tests
make[6]: Entering directory '/tmp/gfortran_12.2.0_mpiuni_g_develop/esmf/src/Infrastructure/ArrayBundle/tests'
make[6]: Leaving directory '/tmp/gfortran_12.2.0_mpiuni_g_develop/esmf/src/Infrastructure/ArrayBundle/tests'
tree_include in: /tmp/gfortran_12.2.0_mpiuni_g_develop/esmf/src/Infrastructure/ArrayBundle/examples
make[6]: Entering directory '/tmp/gfortran_12.2.0_mpiuni_g_develop/esmf/src/Infrastructure/ArrayBundle/examples'
make[6]: Leaving directory '/tmp/gfortran_12.2.0_mpiuni_g_develop/esmf/src/Infrastructure/ArrayBundle/examples'
tree_include in: /tmp/gfortran_12.2.0_mpiuni_g_develop/esmf/src/Infrastructure/ArrayBundle/doc
make[6]: Entering directory '/tmp/gfortran_12.2.0_mpiuni_g_develop/esmf/src/Infrastructure/ArrayBundle/doc'
make[6]: Leaving directory '/tmp/gfortran_12.2.0_mpiuni_g_develop/esmf/src/Infrastructure/ArrayBundle/doc'
make[5]: Leaving directory '/tmp/gfortran_12.2.0_mpiuni_g_develop/esmf/src/Infrastructure/ArrayBundle'
tree_include in: /tmp/gfortran_12.2.0_mpiuni_g_develop/esmf/src/Infrastructure/IO
make[5]: Entering directory '/tmp/gfortran_12.2.0_mpiuni_g_develop/esmf/src/Infrastructure/IO'
tree_include in: /tmp/gfortran_12.2.0_mpiuni_g_develop/esmf/src/Infrastructure/IO/PIO
make[6]: Entering directory '/tmp/gfortran_12.2.0_mpiuni_g_develop/esmf/src/Infrastructure/IO/PIO'
makefile:35: *** PIO requires NetCDF!!!.  Stop.
make[6]: Leaving directory '/tmp/gfortran_12.2.0_mpiuni_g_develop/esmf/src/Infrastructure/IO/PIO'
make[5]: *** [/tmp/gfortran_12.2.0_mpiuni_g_develop/esmf/build/common.mk:3973: tree] Error 1
make[5]: Leaving directory '/tmp/gfortran_12.2.0_mpiuni_g_develop/esmf/src/Infrastructure/IO'
make[4]: *** [/tmp/gfortran_12.2.0_mpiuni_g_develop/esmf/build/common.mk:3973: tree] Error 1
make[4]: Leaving directory '/tmp/gfortran_12.2.0_mpiuni_g_develop/esmf/src/Infrastructure'
make[3]: *** [/tmp/gfortran_12.2.0_mpiuni_g_develop/esmf/build/common.mk:3973: tree] Error 1
make[3]: Leaving directory '/tmp/gfortran_12.2.0_mpiuni_g_develop/esmf/src'
make[2]: *** [/tmp/gfortran_12.2.0_mpiuni_g_develop/esmf/build/common.mk:3973: tree] Error 1
make[2]: Leaving directory '/tmp/gfortran_12.2.0_mpiuni_g_develop/esmf'
make[1]: *** [/tmp/gfortran_12.2.0_mpiuni_g_develop/esmf/build/common.mk:2453: include] Error 2
make[1]: Leaving directory '/tmp/gfortran_12.2.0_mpiuni_g_develop/esmf'
make: *** [/tmp/gfortran_12.2.0_mpiuni_g_develop/esmf/build/common.mk:2398: lib] Error 2
