2024-10-12 02:13:19
20241012 025505.117 INFO             PET0 !!!!!!!!!!!!!!!!!!!!!!!!!!!!!!!!!!!!!!!!!!!!!!!!!!!!!!
20241012 025505.119 INFO             PET0 !!! THE ESMF_LOG IS SET TO OUTPUT ALL LOG MESSAGES !!!
20241012 025505.119 INFO             PET0 !!!     THIS MAY CAUSE SLOWDOWN IN PERFORMANCE     !!!
20241012 025505.119 INFO             PET0 !!! FOR PRODUCTION RUNS, USE:                      !!!
20241012 025505.119 INFO             PET0 !!!                   ESMF_LOGKIND_Multi_On_Error  !!!
20241012 025505.119 INFO             PET0 !!!!!!!!!!!!!!!!!!!!!!!!!!!!!!!!!!!!!!!!!!!!!!!!!!!!!!
20241012 025505.119 INFO             PET0 Running with ESMF Version   : v8.8.0b01
20241012 025505.119 INFO             PET0 ESMF library build date/time: "Oct 12 2024" "02:10:48"
20241012 025505.119 INFO             PET0 ESMF library build location : /project/esmf/sacks/esmf-testing/gfortran_11.2.0_openmpi_g_develop/esmf
20241012 025505.119 INFO             PET0 ESMF_COMM                   : openmpi
20241012 025505.119 INFO             PET0 ESMF_MOAB                   : enabled
20241012 025505.119 INFO             PET0 ESMF_LAPACK                 : enabled
20241012 025505.119 INFO             PET0 ESMF_NETCDF                 : enabled
20241012 025505.119 INFO             PET0 ESMF_PNETCDF                : disabled
20241012 025505.119 INFO             PET0 ESMF_PIO                    : enabled
20241012 025505.119 INFO             PET0 ESMF_YAMLCPP                : enabled
20241012 025505.124 INFO             PET0 =============================================
20241012 025505.124 INFO             PET0 ESMX (Earth System Model eXecutable) STARTING
20241012 025505.124 INFO             PET0 =============================================
20241012 025505.147 INFO             PET0 ESMX_Driver: InitializeGeneric intro.
20241012 025505.147 INFO             PET0   ESMX_Driver: InitializeP0 intro.
20241012 025505.147 INFO             PET0   ESMX_Driver: InitializeP0 extro.
20241012 025505.148 INFO             PET0   ESMX_Driver: InitializeIPDv02p1 intro.
20241012 025505.148 INFO             PET0     >>>ESMX_Driver: entered Initialize (phase=<none>) without valid internal Clock.
20241012 025505.154 INFO             PET0     ESMX_Driver - Creating model component ABC without petList.
20241012 025505.154 DEBUG            PET0     Generic SetVM() is executing for: ABC
20241012 025505.155 DEBUG            PET0     Generic SetVM() found no NUOPC Hint for: ABC
20241012 025505.155 DEBUG            PET0     Generic SetVM() therefore is NOT calling ESMF_GridCompSetVMMaxPEs() for: ABC
20241012 025505.162 INFO             PET0     ABC: InitializeP0 intro.
20241012 025505.162 INFO             PET0       >>>ABC: entered Initialize (phase=<none>) without valid internal Clock.
20241012 025505.164 INFO             PET0       <<<ABC: leaving Initialize (phase=<none>) without valid internal Clock.
20241012 025505.164 INFO             PET0     ABC: InitializeP0 extro.
20241012 025505.168 INFO             PET0     ESMX_Driver: IInitAdvertise intro.
20241012 025505.169 INFO             PET0     ESMX_Driver: IInitAdvertise extro.
20241012 025505.169 INFO             PET0     ABC: InitializeIPDvXp01 intro.
20241012 025505.169 INFO             PET0       >>>ABC: entered Initialize (phase=IPDvXp01) without valid internal Clock.
20241012 025505.170 INFO             PET0       <<<ABC: leaving Initialize (phase=IPDvXp01) without valid internal Clock.
20241012 025505.170 INFO             PET0     ABC: InitializeIPDvXp01 extro.
20241012 025505.172 INFO             PET0     ESMX_Driver: IInitAdvertiseFinish intro.
20241012 025505.172 INFO             PET0     ESMX_Driver: IInitAdvertiseFinish extro.
20241012 025505.172 INFO             PET0     ESMX_Driver: IInitModifyCplLists intro.
20241012 025505.172 INFO             PET0     ESMX_Driver: IInitModifyCplLists extro.
20241012 025505.172 INFO             PET0     <<<ESMX_Driver: leaving Initialize (phase=<none>) with current time: 2012 10 24  8  0  0   0
20241012 025505.172 INFO             PET0   ESMX_Driver: InitializeIPDv02p1 extro.
20241012 025505.173 INFO             PET0   ESMX_Driver: InitializeIPDv02p3 intro.
20241012 025505.173 INFO             PET0     >>>ESMX_Driver: entered Initialize (phase=<none>) with current time: 2012 10 24  8  0  0   0
20241012 025505.173 INFO             PET0     ESMX_Driver: IInitCheck intro.
20241012 025505.173 INFO             PET0     ESMX_Driver: IInitCheck extro.
20241012 025505.174 INFO             PET0     ABC: InitializeIPDvXp04 intro.
20241012 025505.174 INFO             PET0       >>>ABC: entered Initialize (phase=IPDvXp04) without valid internal Clock.
20241012 025505.176 INFO             PET0       <<<ABC: leaving Initialize (phase=IPDvXp04) without valid internal Clock.
20241012 025505.176 INFO             PET0     ABC: InitializeIPDvXp04 extro.
20241012 025505.177 INFO             PET0     ESMX_Driver: IInitRealize intro.
20241012 025505.177 INFO             PET0     ESMX_Driver: IInitRealize extro.
20241012 025505.178 INFO             PET0     ABC: InitializeIPDvXp07 intro.
20241012 025505.178 INFO             PET0       >>>ABC: entered Initialize (phase=IPDvXp07) without valid internal Clock.
20241012 025505.178 INFO             PET0       <<<ABC: leaving Initialize (phase=IPDvXp07) with current time: 2012 10 24  8  0  0   0
20241012 025505.178 INFO             PET0     ABC: InitializeIPDvXp07 extro.
20241012 025505.178 INFO             PET0     <<<ESMX_Driver: leaving Initialize (phase=<none>) with current time: 2012 10 24  8  0  0   0
20241012 025505.178 INFO             PET0   ESMX_Driver: InitializeIPDv02p3 extro.
20241012 025505.178 INFO             PET0   ESMX_Driver: InitializeIPDv02p5 intro.
20241012 025505.178 INFO             PET0     >>>ESMX_Driver: entered Initialize (phase=<none>) with current time: 2012 10 24  8  0  0   0
20241012 025505.179 INFO             PET0     ESMX_Driver: InitializeIPDv02p5Data intro.
20241012 025505.179 INFO             PET0       ESMX_Driver: InternalInitializeComplete intro.
20241012 025505.179 INFO             PET0       ESMX_Driver: InternalInitializeComplete extro.
20241012 025505.179 INFO             PET0       ABC: InitializeIPDvXp08 intro.
20241012 025505.180 INFO             PET0         >>>ABC: entered Initialize (phase=IPDv05p8) with current time: 2012 10 24  8  0  0   0
20241012 025505.180 INFO             PET0         <<<ABC: leaving Initialize (phase=IPDv05p8) with current time: 2012 10 24  8  0  0   0
20241012 025505.180 INFO             PET0       ABC: InitializeIPDvXp08 extro.
20241012 025505.182 INFO             PET0       ESMX_Driver: loopDataDependentInitialize intro.
20241012 025505.182 INFO             PET0       ESMX_Driver: loopDataDependentInitialize extro.
20241012 025505.182 INFO             PET0     ESMX_Driver: InitializeIPDv02p5Data extro.
20241012 025505.182 INFO             PET0     <<<ESMX_Driver: leaving Initialize (phase=<none>) with current time: 2012 10 24  8  0  0   0
20241012 025505.182 INFO             PET0   ESMX_Driver: InitializeIPDv02p5 extro.
20241012 025505.182 INFO             PET0 ESMX_Driver: InitializeGeneric extro.
20241012 025505.182 INFO             PET0 ESMX_Driver: Run intro.
20241012 025505.182 INFO             PET0   >>>ESMX_Driver: entered Run (phase=RunPhase1) with current time: 2012 10 24  8  0  0   0
20241012 025505.183 INFO             PET0   ABC: Run intro.
20241012 025505.183 INFO             PET0     >>>ABC: entered Run (phase=RunPhase1) with current time: 2012 10 24  8  0  0   0
20241012 025505.184 INFO             PET0     <<<ABC: leaving Run (phase=RunPhase1) with current time: 2012 10 24 20  0  0   0
20241012 025505.184 INFO             PET0   ABC: Run extro.
20241012 025505.184 INFO             PET0   <<<ESMX_Driver: leaving Run (phase=RunPhase1) with current time: 2012 10 24 20  0  0   0
20241012 025505.184 INFO             PET0 ESMX_Driver: Run extro.
20241012 025505.184 INFO             PET0 ESMX_Driver: Finalize intro.
20241012 025505.184 INFO             PET0   Calling Finalize phase 1 for modelComp: ABC
20241012 025505.184 INFO             PET0   ABC: Finalize intro.
20241012 025505.184 INFO             PET0     >>>ABC: entered Finalize (phase=FinalizePhase1) with current time: 2012 10 24 20  0  0   0
20241012 025505.184 INFO             PET0     <<<ABC: leaving Finalize (phase=FinalizePhase1) with current time: 2012 10 24 20  0  0   0
20241012 025505.184 INFO             PET0   ABC: Finalize extro.
20241012 025505.184 INFO             PET0   Delete modelComp: ABC
20241012 025505.185 INFO             PET0 ESMX_Driver: Finalize extro.
20241012 025505.185 INFO             PET0 =============================================
20241012 025505.185 INFO             PET0 ESMX (Earth System Model eXecutable) FINISHED
20241012 025505.185 INFO             PET0 =============================================
20241012 025505.185 INFO             PET0  Finalizing ESMF
20241012 025505.117 INFO             PET1 !!!!!!!!!!!!!!!!!!!!!!!!!!!!!!!!!!!!!!!!!!!!!!!!!!!!!!
20241012 025505.118 INFO             PET1 !!! THE ESMF_LOG IS SET TO OUTPUT ALL LOG MESSAGES !!!
20241012 025505.118 INFO             PET1 !!!     THIS MAY CAUSE SLOWDOWN IN PERFORMANCE     !!!
20241012 025505.118 INFO             PET1 !!! FOR PRODUCTION RUNS, USE:                      !!!
20241012 025505.118 INFO             PET1 !!!                   ESMF_LOGKIND_Multi_On_Error  !!!
20241012 025505.118 INFO             PET1 !!!!!!!!!!!!!!!!!!!!!!!!!!!!!!!!!!!!!!!!!!!!!!!!!!!!!!
20241012 025505.118 INFO             PET1 Running with ESMF Version   : v8.8.0b01
20241012 025505.118 INFO             PET1 ESMF library build date/time: "Oct 12 2024" "02:10:48"
20241012 025505.118 INFO             PET1 ESMF library build location : /project/esmf/sacks/esmf-testing/gfortran_11.2.0_openmpi_g_develop/esmf
20241012 025505.118 INFO             PET1 ESMF_COMM                   : openmpi
20241012 025505.119 INFO             PET1 ESMF_MOAB                   : enabled
20241012 025505.119 INFO             PET1 ESMF_LAPACK                 : enabled
20241012 025505.119 INFO             PET1 ESMF_NETCDF                 : enabled
20241012 025505.119 INFO             PET1 ESMF_PNETCDF                : disabled
20241012 025505.119 INFO             PET1 ESMF_PIO                    : enabled
20241012 025505.119 INFO             PET1 ESMF_YAMLCPP                : enabled
20241012 025505.124 INFO             PET1 =============================================
20241012 025505.124 INFO             PET1 ESMX (Earth System Model eXecutable) STARTING
20241012 025505.124 INFO             PET1 =============================================
20241012 025505.146 INFO             PET1 ESMX_Driver: InitializeGeneric intro.
20241012 025505.147 INFO             PET1   ESMX_Driver: InitializeP0 intro.
20241012 025505.147 INFO             PET1   ESMX_Driver: InitializeP0 extro.
20241012 025505.147 INFO             PET1   ESMX_Driver: InitializeIPDv02p1 intro.
20241012 025505.147 INFO             PET1     >>>ESMX_Driver: entered Initialize (phase=<none>) without valid internal Clock.
20241012 025505.154 INFO             PET1     ESMX_Driver - Creating model component ABC without petList.
20241012 025505.154 DEBUG            PET1     Generic SetVM() is executing for: ABC
20241012 025505.155 DEBUG            PET1     Generic SetVM() found no NUOPC Hint for: ABC
20241012 025505.155 DEBUG            PET1     Generic SetVM() therefore is NOT calling ESMF_GridCompSetVMMaxPEs() for: ABC
20241012 025505.162 INFO             PET1     ABC: InitializeP0 intro.
20241012 025505.162 INFO             PET1       >>>ABC: entered Initialize (phase=<none>) without valid internal Clock.
20241012 025505.164 INFO             PET1       <<<ABC: leaving Initialize (phase=<none>) without valid internal Clock.
20241012 025505.164 INFO             PET1     ABC: InitializeP0 extro.
20241012 025505.169 INFO             PET1     ESMX_Driver: IInitAdvertise intro.
20241012 025505.169 INFO             PET1     ESMX_Driver: IInitAdvertise extro.
20241012 025505.169 INFO             PET1     ABC: InitializeIPDvXp01 intro.
20241012 025505.169 INFO             PET1       >>>ABC: entered Initialize (phase=IPDvXp01) without valid internal Clock.
20241012 025505.170 INFO             PET1       <<<ABC: leaving Initialize (phase=IPDvXp01) without valid internal Clock.
20241012 025505.170 INFO             PET1     ABC: InitializeIPDvXp01 extro.
20241012 025505.172 INFO             PET1     ESMX_Driver: IInitAdvertiseFinish intro.
20241012 025505.172 INFO             PET1     ESMX_Driver: IInitAdvertiseFinish extro.
20241012 025505.172 INFO             PET1     ESMX_Driver: IInitModifyCplLists intro.
20241012 025505.172 INFO             PET1     ESMX_Driver: IInitModifyCplLists extro.
20241012 025505.173 INFO             PET1     <<<ESMX_Driver: leaving Initialize (phase=<none>) with current time: 2012 10 24  8  0  0   0
20241012 025505.173 INFO             PET1   ESMX_Driver: InitializeIPDv02p1 extro.
20241012 025505.173 INFO             PET1   ESMX_Driver: InitializeIPDv02p3 intro.
20241012 025505.173 INFO             PET1     >>>ESMX_Driver: entered Initialize (phase=<none>) with current time: 2012 10 24  8  0  0   0
20241012 025505.173 INFO             PET1     ESMX_Driver: IInitCheck intro.
20241012 025505.173 INFO             PET1     ESMX_Driver: IInitCheck extro.
20241012 025505.174 INFO             PET1     ABC: InitializeIPDvXp04 intro.
20241012 025505.174 INFO             PET1       >>>ABC: entered Initialize (phase=IPDvXp04) without valid internal Clock.
20241012 025505.176 INFO             PET1       <<<ABC: leaving Initialize (phase=IPDvXp04) without valid internal Clock.
20241012 025505.176 INFO             PET1     ABC: InitializeIPDvXp04 extro.
20241012 025505.177 INFO             PET1     ESMX_Driver: IInitRealize intro.
20241012 025505.177 INFO             PET1     ESMX_Driver: IInitRealize extro.
20241012 025505.178 INFO             PET1     ABC: InitializeIPDvXp07 intro.
20241012 025505.178 INFO             PET1       >>>ABC: entered Initialize (phase=IPDvXp07) without valid internal Clock.
20241012 025505.178 INFO             PET1       <<<ABC: leaving Initialize (phase=IPDvXp07) with current time: 2012 10 24  8  0  0   0
20241012 025505.178 INFO             PET1     ABC: InitializeIPDvXp07 extro.
20241012 025505.178 INFO             PET1     <<<ESMX_Driver: leaving Initialize (phase=<none>) with current time: 2012 10 24  8  0  0   0
20241012 025505.178 INFO             PET1   ESMX_Driver: InitializeIPDv02p3 extro.
20241012 025505.178 INFO             PET1   ESMX_Driver: InitializeIPDv02p5 intro.
20241012 025505.179 INFO             PET1     >>>ESMX_Driver: entered Initialize (phase=<none>) with current time: 2012 10 24  8  0  0   0
20241012 025505.179 INFO             PET1     ESMX_Driver: InitializeIPDv02p5Data intro.
20241012 025505.179 INFO             PET1       ESMX_Driver: InternalInitializeComplete intro.
20241012 025505.179 INFO             PET1       ESMX_Driver: InternalInitializeComplete extro.
20241012 025505.180 INFO             PET1       ABC: InitializeIPDvXp08 intro.
20241012 025505.180 INFO             PET1         >>>ABC: entered Initialize (phase=IPDv05p8) with current time: 2012 10 24  8  0  0   0
20241012 025505.180 INFO             PET1         <<<ABC: leaving Initialize (phase=IPDv05p8) with current time: 2012 10 24  8  0  0   0
20241012 025505.180 INFO             PET1       ABC: InitializeIPDvXp08 extro.
20241012 025505.182 INFO             PET1       ESMX_Driver: loopDataDependentInitialize intro.
20241012 025505.182 INFO             PET1       ESMX_Driver: loopDataDependentInitialize extro.
20241012 025505.182 INFO             PET1     ESMX_Driver: InitializeIPDv02p5Data extro.
20241012 025505.182 INFO             PET1     <<<ESMX_Driver: leaving Initialize (phase=<none>) with current time: 2012 10 24  8  0  0   0
20241012 025505.182 INFO             PET1   ESMX_Driver: InitializeIPDv02p5 extro.
20241012 025505.182 INFO             PET1 ESMX_Driver: InitializeGeneric extro.
20241012 025505.182 INFO             PET1 ESMX_Driver: Run intro.
20241012 025505.182 INFO             PET1   >>>ESMX_Driver: entered Run (phase=RunPhase1) with current time: 2012 10 24  8  0  0   0
20241012 025505.183 INFO             PET1   ABC: Run intro.
20241012 025505.183 INFO             PET1     >>>ABC: entered Run (phase=RunPhase1) with current time: 2012 10 24  8  0  0   0
20241012 025505.183 INFO             PET1     <<<ABC: leaving Run (phase=RunPhase1) with current time: 2012 10 24 20  0  0   0
20241012 025505.184 INFO             PET1   ABC: Run extro.
20241012 025505.184 INFO             PET1   <<<ESMX_Driver: leaving Run (phase=RunPhase1) with current time: 2012 10 24 20  0  0   0
20241012 025505.184 INFO             PET1 ESMX_Driver: Run extro.
20241012 025505.184 INFO             PET1 ESMX_Driver: Finalize intro.
20241012 025505.184 INFO             PET1   Calling Finalize phase 1 for modelComp: ABC
20241012 025505.184 INFO             PET1   ABC: Finalize intro.
20241012 025505.184 INFO             PET1     >>>ABC: entered Finalize (phase=FinalizePhase1) with current time: 2012 10 24 20  0  0   0
20241012 025505.184 INFO             PET1     <<<ABC: leaving Finalize (phase=FinalizePhase1) with current time: 2012 10 24 20  0  0   0
20241012 025505.184 INFO             PET1   ABC: Finalize extro.
20241012 025505.184 INFO             PET1   Delete modelComp: ABC
20241012 025505.184 INFO             PET1 ESMX_Driver: Finalize extro.
20241012 025505.184 INFO             PET1 =============================================
20241012 025505.184 INFO             PET1 ESMX (Earth System Model eXecutable) FINISHED
20241012 025505.185 INFO             PET1 =============================================
20241012 025505.185 INFO             PET1  Finalizing ESMF
20241012 025505.117 INFO             PET2 !!!!!!!!!!!!!!!!!!!!!!!!!!!!!!!!!!!!!!!!!!!!!!!!!!!!!!
20241012 025505.120 INFO             PET2 !!! THE ESMF_LOG IS SET TO OUTPUT ALL LOG MESSAGES !!!
20241012 025505.120 INFO             PET2 !!!     THIS MAY CAUSE SLOWDOWN IN PERFORMANCE     !!!
20241012 025505.120 INFO             PET2 !!! FOR PRODUCTION RUNS, USE:                      !!!
20241012 025505.120 INFO             PET2 !!!                   ESMF_LOGKIND_Multi_On_Error  !!!
20241012 025505.120 INFO             PET2 !!!!!!!!!!!!!!!!!!!!!!!!!!!!!!!!!!!!!!!!!!!!!!!!!!!!!!
20241012 025505.120 INFO             PET2 Running with ESMF Version   : v8.8.0b01
20241012 025505.120 INFO             PET2 ESMF library build date/time: "Oct 12 2024" "02:10:48"
20241012 025505.120 INFO             PET2 ESMF library build location : /project/esmf/sacks/esmf-testing/gfortran_11.2.0_openmpi_g_develop/esmf
20241012 025505.120 INFO             PET2 ESMF_COMM                   : openmpi
20241012 025505.120 INFO             PET2 ESMF_MOAB                   : enabled
20241012 025505.120 INFO             PET2 ESMF_LAPACK                 : enabled
20241012 025505.120 INFO             PET2 ESMF_NETCDF                 : enabled
20241012 025505.120 INFO             PET2 ESMF_PNETCDF                : disabled
20241012 025505.120 INFO             PET2 ESMF_PIO                    : enabled
20241012 025505.120 INFO             PET2 ESMF_YAMLCPP                : enabled
20241012 025505.124 INFO             PET2 =============================================
20241012 025505.124 INFO             PET2 ESMX (Earth System Model eXecutable) STARTING
20241012 025505.124 INFO             PET2 =============================================
20241012 025505.147 INFO             PET2 ESMX_Driver: InitializeGeneric intro.
20241012 025505.147 INFO             PET2   ESMX_Driver: InitializeP0 intro.
20241012 025505.147 INFO             PET2   ESMX_Driver: InitializeP0 extro.
20241012 025505.147 INFO             PET2   ESMX_Driver: InitializeIPDv02p1 intro.
20241012 025505.148 INFO             PET2     >>>ESMX_Driver: entered Initialize (phase=<none>) without valid internal Clock.
20241012 025505.154 INFO             PET2     ESMX_Driver - Creating model component ABC without petList.
20241012 025505.154 DEBUG            PET2     Generic SetVM() is executing for: ABC
20241012 025505.155 DEBUG            PET2     Generic SetVM() found no NUOPC Hint for: ABC
20241012 025505.155 DEBUG            PET2     Generic SetVM() therefore is NOT calling ESMF_GridCompSetVMMaxPEs() for: ABC
20241012 025505.162 INFO             PET2     ABC: InitializeP0 intro.
20241012 025505.162 INFO             PET2       >>>ABC: entered Initialize (phase=<none>) without valid internal Clock.
20241012 025505.163 INFO             PET2       <<<ABC: leaving Initialize (phase=<none>) without valid internal Clock.
20241012 025505.164 INFO             PET2     ABC: InitializeP0 extro.
20241012 025505.169 INFO             PET2     ESMX_Driver: IInitAdvertise intro.
20241012 025505.169 INFO             PET2     ESMX_Driver: IInitAdvertise extro.
20241012 025505.169 INFO             PET2     ABC: InitializeIPDvXp01 intro.
20241012 025505.169 INFO             PET2       >>>ABC: entered Initialize (phase=IPDvXp01) without valid internal Clock.
20241012 025505.170 INFO             PET2       <<<ABC: leaving Initialize (phase=IPDvXp01) without valid internal Clock.
20241012 025505.170 INFO             PET2     ABC: InitializeIPDvXp01 extro.
20241012 025505.172 INFO             PET2     ESMX_Driver: IInitAdvertiseFinish intro.
20241012 025505.172 INFO             PET2     ESMX_Driver: IInitAdvertiseFinish extro.
20241012 025505.172 INFO             PET2     ESMX_Driver: IInitModifyCplLists intro.
20241012 025505.172 INFO             PET2     ESMX_Driver: IInitModifyCplLists extro.
20241012 025505.173 INFO             PET2     <<<ESMX_Driver: leaving Initialize (phase=<none>) with current time: 2012 10 24  8  0  0   0
20241012 025505.173 INFO             PET2   ESMX_Driver: InitializeIPDv02p1 extro.
20241012 025505.173 INFO             PET2   ESMX_Driver: InitializeIPDv02p3 intro.
20241012 025505.173 INFO             PET2     >>>ESMX_Driver: entered Initialize (phase=<none>) with current time: 2012 10 24  8  0  0   0
20241012 025505.173 INFO             PET2     ESMX_Driver: IInitCheck intro.
20241012 025505.173 INFO             PET2     ESMX_Driver: IInitCheck extro.
20241012 025505.174 INFO             PET2     ABC: InitializeIPDvXp04 intro.
20241012 025505.174 INFO             PET2       >>>ABC: entered Initialize (phase=IPDvXp04) without valid internal Clock.
20241012 025505.175 INFO             PET2       <<<ABC: leaving Initialize (phase=IPDvXp04) without valid internal Clock.
20241012 025505.175 INFO             PET2     ABC: InitializeIPDvXp04 extro.
20241012 025505.177 INFO             PET2     ESMX_Driver: IInitRealize intro.
20241012 025505.177 INFO             PET2     ESMX_Driver: IInitRealize extro.
20241012 025505.178 INFO             PET2     ABC: InitializeIPDvXp07 intro.
20241012 025505.178 INFO             PET2       >>>ABC: entered Initialize (phase=IPDvXp07) without valid internal Clock.
20241012 025505.178 INFO             PET2       <<<ABC: leaving Initialize (phase=IPDvXp07) with current time: 2012 10 24  8  0  0   0
20241012 025505.178 INFO             PET2     ABC: InitializeIPDvXp07 extro.
20241012 025505.178 INFO             PET2     <<<ESMX_Driver: leaving Initialize (phase=<none>) with current time: 2012 10 24  8  0  0   0
20241012 025505.178 INFO             PET2   ESMX_Driver: InitializeIPDv02p3 extro.
20241012 025505.178 INFO             PET2   ESMX_Driver: InitializeIPDv02p5 intro.
20241012 025505.179 INFO             PET2     >>>ESMX_Driver: entered Initialize (phase=<none>) with current time: 2012 10 24  8  0  0   0
20241012 025505.179 INFO             PET2     ESMX_Driver: InitializeIPDv02p5Data intro.
20241012 025505.179 INFO             PET2       ESMX_Driver: InternalInitializeComplete intro.
20241012 025505.179 INFO             PET2       ESMX_Driver: InternalInitializeComplete extro.
20241012 025505.180 INFO             PET2       ABC: InitializeIPDvXp08 intro.
20241012 025505.180 INFO             PET2         >>>ABC: entered Initialize (phase=IPDv05p8) with current time: 2012 10 24  8  0  0   0
20241012 025505.180 INFO             PET2         <<<ABC: leaving Initialize (phase=IPDv05p8) with current time: 2012 10 24  8  0  0   0
20241012 025505.180 INFO             PET2       ABC: InitializeIPDvXp08 extro.
20241012 025505.182 INFO             PET2       ESMX_Driver: loopDataDependentInitialize intro.
20241012 025505.182 INFO             PET2       ESMX_Driver: loopDataDependentInitialize extro.
20241012 025505.182 INFO             PET2     ESMX_Driver: InitializeIPDv02p5Data extro.
20241012 025505.182 INFO             PET2     <<<ESMX_Driver: leaving Initialize (phase=<none>) with current time: 2012 10 24  8  0  0   0
20241012 025505.182 INFO             PET2   ESMX_Driver: InitializeIPDv02p5 extro.
20241012 025505.182 INFO             PET2 ESMX_Driver: InitializeGeneric extro.
20241012 025505.182 INFO             PET2 ESMX_Driver: Run intro.
20241012 025505.182 INFO             PET2   >>>ESMX_Driver: entered Run (phase=RunPhase1) with current time: 2012 10 24  8  0  0   0
20241012 025505.183 INFO             PET2   ABC: Run intro.
20241012 025505.183 INFO             PET2     >>>ABC: entered Run (phase=RunPhase1) with current time: 2012 10 24  8  0  0   0
20241012 025505.183 INFO             PET2     <<<ABC: leaving Run (phase=RunPhase1) with current time: 2012 10 24 20  0  0   0
20241012 025505.184 INFO             PET2   ABC: Run extro.
20241012 025505.184 INFO             PET2   <<<ESMX_Driver: leaving Run (phase=RunPhase1) with current time: 2012 10 24 20  0  0   0
20241012 025505.184 INFO             PET2 ESMX_Driver: Run extro.
20241012 025505.184 INFO             PET2 ESMX_Driver: Finalize intro.
20241012 025505.184 INFO             PET2   Calling Finalize phase 1 for modelComp: ABC
20241012 025505.184 INFO             PET2   ABC: Finalize intro.
20241012 025505.184 INFO             PET2     >>>ABC: entered Finalize (phase=FinalizePhase1) with current time: 2012 10 24 20  0  0   0
20241012 025505.184 INFO             PET2     <<<ABC: leaving Finalize (phase=FinalizePhase1) with current time: 2012 10 24 20  0  0   0
20241012 025505.184 INFO             PET2   ABC: Finalize extro.
20241012 025505.184 INFO             PET2   Delete modelComp: ABC
20241012 025505.184 INFO             PET2 ESMX_Driver: Finalize extro.
20241012 025505.184 INFO             PET2 =============================================
20241012 025505.184 INFO             PET2 ESMX (Earth System Model eXecutable) FINISHED
20241012 025505.184 INFO             PET2 =============================================
20241012 025505.185 INFO             PET2  Finalizing ESMF
20241012 025505.117 INFO             PET3 !!!!!!!!!!!!!!!!!!!!!!!!!!!!!!!!!!!!!!!!!!!!!!!!!!!!!!
20241012 025505.120 INFO             PET3 !!! THE ESMF_LOG IS SET TO OUTPUT ALL LOG MESSAGES !!!
20241012 025505.120 INFO             PET3 !!!     THIS MAY CAUSE SLOWDOWN IN PERFORMANCE     !!!
20241012 025505.120 INFO             PET3 !!! FOR PRODUCTION RUNS, USE:                      !!!
20241012 025505.120 INFO             PET3 !!!                   ESMF_LOGKIND_Multi_On_Error  !!!
20241012 025505.120 INFO             PET3 !!!!!!!!!!!!!!!!!!!!!!!!!!!!!!!!!!!!!!!!!!!!!!!!!!!!!!
20241012 025505.120 INFO             PET3 Running with ESMF Version   : v8.8.0b01
20241012 025505.120 INFO             PET3 ESMF library build date/time: "Oct 12 2024" "02:10:48"
20241012 025505.120 INFO             PET3 ESMF library build location : /project/esmf/sacks/esmf-testing/gfortran_11.2.0_openmpi_g_develop/esmf
20241012 025505.120 INFO             PET3 ESMF_COMM                   : openmpi
20241012 025505.120 INFO             PET3 ESMF_MOAB                   : enabled
20241012 025505.120 INFO             PET3 ESMF_LAPACK                 : enabled
20241012 025505.120 INFO             PET3 ESMF_NETCDF                 : enabled
20241012 025505.120 INFO             PET3 ESMF_PNETCDF                : disabled
20241012 025505.120 INFO             PET3 ESMF_PIO                    : enabled
20241012 025505.120 INFO             PET3 ESMF_YAMLCPP                : enabled
20241012 025505.124 INFO             PET3 =============================================
20241012 025505.124 INFO             PET3 ESMX (Earth System Model eXecutable) STARTING
20241012 025505.124 INFO             PET3 =============================================
20241012 025505.146 INFO             PET3 ESMX_Driver: InitializeGeneric intro.
20241012 025505.147 INFO             PET3   ESMX_Driver: InitializeP0 intro.
20241012 025505.147 INFO             PET3   ESMX_Driver: InitializeP0 extro.
20241012 025505.147 INFO             PET3   ESMX_Driver: InitializeIPDv02p1 intro.
20241012 025505.147 INFO             PET3     >>>ESMX_Driver: entered Initialize (phase=<none>) without valid internal Clock.
20241012 025505.154 INFO             PET3     ESMX_Driver - Creating model component ABC without petList.
20241012 025505.154 DEBUG            PET3     Generic SetVM() is executing for: ABC
20241012 025505.155 DEBUG            PET3     Generic SetVM() found no NUOPC Hint for: ABC
20241012 025505.155 DEBUG            PET3     Generic SetVM() therefore is NOT calling ESMF_GridCompSetVMMaxPEs() for: ABC
20241012 025505.162 INFO             PET3     ABC: InitializeP0 intro.
20241012 025505.162 INFO             PET3       >>>ABC: entered Initialize (phase=<none>) without valid internal Clock.
20241012 025505.164 INFO             PET3       <<<ABC: leaving Initialize (phase=<none>) without valid internal Clock.
20241012 025505.164 INFO             PET3     ABC: InitializeP0 extro.
20241012 025505.169 INFO             PET3     ESMX_Driver: IInitAdvertise intro.
20241012 025505.169 INFO             PET3     ESMX_Driver: IInitAdvertise extro.
20241012 025505.169 INFO             PET3     ABC: InitializeIPDvXp01 intro.
20241012 025505.169 INFO             PET3       >>>ABC: entered Initialize (phase=IPDvXp01) without valid internal Clock.
20241012 025505.170 INFO             PET3       <<<ABC: leaving Initialize (phase=IPDvXp01) without valid internal Clock.
20241012 025505.170 INFO             PET3     ABC: InitializeIPDvXp01 extro.
20241012 025505.172 INFO             PET3     ESMX_Driver: IInitAdvertiseFinish intro.
20241012 025505.172 INFO             PET3     ESMX_Driver: IInitAdvertiseFinish extro.
20241012 025505.172 INFO             PET3     ESMX_Driver: IInitModifyCplLists intro.
20241012 025505.172 INFO             PET3     ESMX_Driver: IInitModifyCplLists extro.
20241012 025505.173 INFO             PET3     <<<ESMX_Driver: leaving Initialize (phase=<none>) with current time: 2012 10 24  8  0  0   0
20241012 025505.173 INFO             PET3   ESMX_Driver: InitializeIPDv02p1 extro.
20241012 025505.173 INFO             PET3   ESMX_Driver: InitializeIPDv02p3 intro.
20241012 025505.173 INFO             PET3     >>>ESMX_Driver: entered Initialize (phase=<none>) with current time: 2012 10 24  8  0  0   0
20241012 025505.173 INFO             PET3     ESMX_Driver: IInitCheck intro.
20241012 025505.173 INFO             PET3     ESMX_Driver: IInitCheck extro.
20241012 025505.174 INFO             PET3     ABC: InitializeIPDvXp04 intro.
20241012 025505.174 INFO             PET3       >>>ABC: entered Initialize (phase=IPDvXp04) without valid internal Clock.
20241012 025505.176 INFO             PET3       <<<ABC: leaving Initialize (phase=IPDvXp04) without valid internal Clock.
20241012 025505.176 INFO             PET3     ABC: InitializeIPDvXp04 extro.
20241012 025505.177 INFO             PET3     ESMX_Driver: IInitRealize intro.
20241012 025505.177 INFO             PET3     ESMX_Driver: IInitRealize extro.
20241012 025505.178 INFO             PET3     ABC: InitializeIPDvXp07 intro.
20241012 025505.178 INFO             PET3       >>>ABC: entered Initialize (phase=IPDvXp07) without valid internal Clock.
20241012 025505.178 INFO             PET3       <<<ABC: leaving Initialize (phase=IPDvXp07) with current time: 2012 10 24  8  0  0   0
20241012 025505.178 INFO             PET3     ABC: InitializeIPDvXp07 extro.
20241012 025505.178 INFO             PET3     <<<ESMX_Driver: leaving Initialize (phase=<none>) with current time: 2012 10 24  8  0  0   0
20241012 025505.178 INFO             PET3   ESMX_Driver: InitializeIPDv02p3 extro.
20241012 025505.178 INFO             PET3   ESMX_Driver: InitializeIPDv02p5 intro.
20241012 025505.179 INFO             PET3     >>>ESMX_Driver: entered Initialize (phase=<none>) with current time: 2012 10 24  8  0  0   0
20241012 025505.179 INFO             PET3     ESMX_Driver: InitializeIPDv02p5Data intro.
20241012 025505.179 INFO             PET3       ESMX_Driver: InternalInitializeComplete intro.
20241012 025505.179 INFO             PET3       ESMX_Driver: InternalInitializeComplete extro.
20241012 025505.180 INFO             PET3       ABC: InitializeIPDvXp08 intro.
20241012 025505.180 INFO             PET3         >>>ABC: entered Initialize (phase=IPDv05p8) with current time: 2012 10 24  8  0  0   0
20241012 025505.180 INFO             PET3         <<<ABC: leaving Initialize (phase=IPDv05p8) with current time: 2012 10 24  8  0  0   0
20241012 025505.180 INFO             PET3       ABC: InitializeIPDvXp08 extro.
20241012 025505.182 INFO             PET3       ESMX_Driver: loopDataDependentInitialize intro.
20241012 025505.182 INFO             PET3       ESMX_Driver: loopDataDependentInitialize extro.
20241012 025505.182 INFO             PET3     ESMX_Driver: InitializeIPDv02p5Data extro.
20241012 025505.182 INFO             PET3     <<<ESMX_Driver: leaving Initialize (phase=<none>) with current time: 2012 10 24  8  0  0   0
20241012 025505.182 INFO             PET3   ESMX_Driver: InitializeIPDv02p5 extro.
20241012 025505.182 INFO             PET3 ESMX_Driver: InitializeGeneric extro.
20241012 025505.182 INFO             PET3 ESMX_Driver: Run intro.
20241012 025505.182 INFO             PET3   >>>ESMX_Driver: entered Run (phase=RunPhase1) with current time: 2012 10 24  8  0  0   0
20241012 025505.183 INFO             PET3   ABC: Run intro.
20241012 025505.183 INFO             PET3     >>>ABC: entered Run (phase=RunPhase1) with current time: 2012 10 24  8  0  0   0
20241012 025505.184 INFO             PET3     <<<ABC: leaving Run (phase=RunPhase1) with current time: 2012 10 24 20  0  0   0
20241012 025505.184 INFO             PET3   ABC: Run extro.
20241012 025505.184 INFO             PET3   <<<ESMX_Driver: leaving Run (phase=RunPhase1) with current time: 2012 10 24 20  0  0   0
20241012 025505.184 INFO             PET3 ESMX_Driver: Run extro.
20241012 025505.184 INFO             PET3 ESMX_Driver: Finalize intro.
20241012 025505.184 INFO             PET3   Calling Finalize phase 1 for modelComp: ABC
20241012 025505.184 INFO             PET3   ABC: Finalize intro.
20241012 025505.184 INFO             PET3     >>>ABC: entered Finalize (phase=FinalizePhase1) with current time: 2012 10 24 20  0  0   0
20241012 025505.184 INFO             PET3     <<<ABC: leaving Finalize (phase=FinalizePhase1) with current time: 2012 10 24 20  0  0   0
20241012 025505.184 INFO             PET3   ABC: Finalize extro.
20241012 025505.184 INFO             PET3   Delete modelComp: ABC
20241012 025505.184 INFO             PET3 ESMX_Driver: Finalize extro.
20241012 025505.184 INFO             PET3 =============================================
20241012 025505.185 INFO             PET3 ESMX (Earth System Model eXecutable) FINISHED
20241012 025505.185 INFO             PET3 =============================================
20241012 025505.185 INFO             PET3  Finalizing ESMF
