2024-10-15 03:18:11
20241015 034708.152 INFO             PET0 !!!!!!!!!!!!!!!!!!!!!!!!!!!!!!!!!!!!!!!!!!!!!!!!!!!!!!
20241015 034708.152 INFO             PET0 !!! THE ESMF_LOG IS SET TO OUTPUT ALL LOG MESSAGES !!!
20241015 034708.152 INFO             PET0 !!!     THIS MAY CAUSE SLOWDOWN IN PERFORMANCE     !!!
20241015 034708.152 INFO             PET0 !!! FOR PRODUCTION RUNS, USE:                      !!!
20241015 034708.152 INFO             PET0 !!!                   ESMF_LOGKIND_Multi_On_Error  !!!
20241015 034708.152 INFO             PET0 !!!!!!!!!!!!!!!!!!!!!!!!!!!!!!!!!!!!!!!!!!!!!!!!!!!!!!
20241015 034708.152 INFO             PET0 Running with ESMF Version   : v8.8.0b01
20241015 034708.152 INFO             PET0 ESMF library build date/time: "Oct 15 2024" "03:16:05"
20241015 034708.152 INFO             PET0 ESMF library build location : /glade/derecho/scratch/sacks/esmf-testing/intel_2023.2.1-classic_mpi_g_develop/esmf
20241015 034708.152 INFO             PET0 ESMF_COMM                   : mpi
20241015 034708.153 INFO             PET0 ESMF_MOAB                   : enabled
20241015 034708.153 INFO             PET0 ESMF_LAPACK                 : enabled
20241015 034708.153 INFO             PET0 ESMF_NETCDF                 : enabled
20241015 034708.153 INFO             PET0 ESMF_PNETCDF                : disabled
20241015 034708.153 INFO             PET0 ESMF_PIO                    : enabled
20241015 034708.153 INFO             PET0 ESMF_YAMLCPP                : enabled
20241015 034708.153 INFO             PET0 ESMF Tracing Enabled
20241015 034708.153 INFO             PET0 ESMF Profiling Enabled
20241015 034708.153 INFO             PET0 ESMF Trace/Profile clock: REALTIME
20241015 034708.159 INFO             PET0  NUMBER_OF_PROCESSORS           4
20241015 034708.159 INFO             PET0  PASS  Example ESMF_TraceEx, ESMF_TraceEx.F90, line 178
20241015 034708.159 INFO             PET0  Finalizing ESMF
20241015 034708.159 INFO             PET0 **************** Region Timings *******************
20241015 034708.159 INFO             PET0 Region              Count  Total (s)   Self (s)    Mean (s)    Min (s)     Max (s)
20241015 034708.159 INFO             PET0   [ESMF]            1      0.0010      0.0009      0.0010      0.0010      0.0010
20241015 034708.159 INFO             PET0     [test] Run 1    5      0.0000      0.0000      0.0000      0.0000      0.0000
20241015 034708.160 INFO             PET0     [test] Init 1   1      0.0000      0.0000      0.0000      0.0000      0.0000
20241015 034708.160 INFO             PET0     [test] Final 1  1      0.0000      0.0000      0.0000      0.0000      0.0000
20241015 034708.152 INFO             PET1 !!!!!!!!!!!!!!!!!!!!!!!!!!!!!!!!!!!!!!!!!!!!!!!!!!!!!!
20241015 034708.152 INFO             PET1 !!! THE ESMF_LOG IS SET TO OUTPUT ALL LOG MESSAGES !!!
20241015 034708.152 INFO             PET1 !!!     THIS MAY CAUSE SLOWDOWN IN PERFORMANCE     !!!
20241015 034708.152 INFO             PET1 !!! FOR PRODUCTION RUNS, USE:                      !!!
20241015 034708.152 INFO             PET1 !!!                   ESMF_LOGKIND_Multi_On_Error  !!!
20241015 034708.152 INFO             PET1 !!!!!!!!!!!!!!!!!!!!!!!!!!!!!!!!!!!!!!!!!!!!!!!!!!!!!!
20241015 034708.152 INFO             PET1 Running with ESMF Version   : v8.8.0b01
20241015 034708.152 INFO             PET1 ESMF library build date/time: "Oct 15 2024" "03:16:05"
20241015 034708.152 INFO             PET1 ESMF library build location : /glade/derecho/scratch/sacks/esmf-testing/intel_2023.2.1-classic_mpi_g_develop/esmf
20241015 034708.152 INFO             PET1 ESMF_COMM                   : mpi
20241015 034708.153 INFO             PET1 ESMF_MOAB                   : enabled
20241015 034708.153 INFO             PET1 ESMF_LAPACK                 : enabled
20241015 034708.153 INFO             PET1 ESMF_NETCDF                 : enabled
20241015 034708.153 INFO             PET1 ESMF_PNETCDF                : disabled
20241015 034708.153 INFO             PET1 ESMF_PIO                    : enabled
20241015 034708.153 INFO             PET1 ESMF_YAMLCPP                : enabled
20241015 034708.153 INFO             PET1 ESMF Tracing Enabled
20241015 034708.153 INFO             PET1 ESMF Profiling Enabled
20241015 034708.153 INFO             PET1 ESMF Trace/Profile clock: REALTIME
20241015 034708.159 INFO             PET1  NUMBER_OF_PROCESSORS           4
20241015 034708.159 INFO             PET1  PASS  Example ESMF_TraceEx, ESMF_TraceEx.F90, line 178
20241015 034708.159 INFO             PET1  Finalizing ESMF
20241015 034708.160 INFO             PET1 **************** Region Timings *******************
20241015 034708.160 INFO             PET1 Region              Count  Total (s)   Self (s)    Mean (s)    Min (s)     Max (s)
20241015 034708.160 INFO             PET1   [ESMF]            1      0.0038      0.0037      0.0038      0.0038      0.0038
20241015 034708.160 INFO             PET1     [test] Init 1   1      0.0001      0.0001      0.0001      0.0001      0.0001
20241015 034708.160 INFO             PET1     [test] Run 1    5      0.0000      0.0000      0.0000      0.0000      0.0000
20241015 034708.160 INFO             PET1     [test] Final 1  1      0.0000      0.0000      0.0000      0.0000      0.0000
20241015 034708.152 INFO             PET2 !!!!!!!!!!!!!!!!!!!!!!!!!!!!!!!!!!!!!!!!!!!!!!!!!!!!!!
20241015 034708.152 INFO             PET2 !!! THE ESMF_LOG IS SET TO OUTPUT ALL LOG MESSAGES !!!
20241015 034708.152 INFO             PET2 !!!     THIS MAY CAUSE SLOWDOWN IN PERFORMANCE     !!!
20241015 034708.152 INFO             PET2 !!! FOR PRODUCTION RUNS, USE:                      !!!
20241015 034708.152 INFO             PET2 !!!                   ESMF_LOGKIND_Multi_On_Error  !!!
20241015 034708.152 INFO             PET2 !!!!!!!!!!!!!!!!!!!!!!!!!!!!!!!!!!!!!!!!!!!!!!!!!!!!!!
20241015 034708.152 INFO             PET2 Running with ESMF Version   : v8.8.0b01
20241015 034708.152 INFO             PET2 ESMF library build date/time: "Oct 15 2024" "03:16:05"
20241015 034708.152 INFO             PET2 ESMF library build location : /glade/derecho/scratch/sacks/esmf-testing/intel_2023.2.1-classic_mpi_g_develop/esmf
20241015 034708.152 INFO             PET2 ESMF_COMM                   : mpi
20241015 034708.153 INFO             PET2 ESMF_MOAB                   : enabled
20241015 034708.153 INFO             PET2 ESMF_LAPACK                 : enabled
20241015 034708.153 INFO             PET2 ESMF_NETCDF                 : enabled
20241015 034708.153 INFO             PET2 ESMF_PNETCDF                : disabled
20241015 034708.153 INFO             PET2 ESMF_PIO                    : enabled
20241015 034708.153 INFO             PET2 ESMF_YAMLCPP                : enabled
20241015 034708.153 INFO             PET2 ESMF Tracing Enabled
20241015 034708.153 INFO             PET2 ESMF Profiling Enabled
20241015 034708.153 INFO             PET2 ESMF Trace/Profile clock: REALTIME
20241015 034708.159 INFO             PET2  NUMBER_OF_PROCESSORS           4
20241015 034708.159 INFO             PET2  PASS  Example ESMF_TraceEx, ESMF_TraceEx.F90, line 178
20241015 034708.159 INFO             PET2  Finalizing ESMF
20241015 034708.160 INFO             PET2 **************** Region Timings *******************
20241015 034708.160 INFO             PET2 Region              Count  Total (s)   Self (s)    Mean (s)    Min (s)     Max (s)
20241015 034708.160 INFO             PET2   [ESMF]            1      0.0025      0.0024      0.0025      0.0025      0.0025
20241015 034708.160 INFO             PET2     [test] Init 1   1      0.0001      0.0001      0.0001      0.0001      0.0001
20241015 034708.160 INFO             PET2     [test] Run 1    5      0.0000      0.0000      0.0000      0.0000      0.0000
20241015 034708.160 INFO             PET2     [test] Final 1  1      0.0000      0.0000      0.0000      0.0000      0.0000
20241015 034708.152 INFO             PET3 !!!!!!!!!!!!!!!!!!!!!!!!!!!!!!!!!!!!!!!!!!!!!!!!!!!!!!
20241015 034708.152 INFO             PET3 !!! THE ESMF_LOG IS SET TO OUTPUT ALL LOG MESSAGES !!!
20241015 034708.152 INFO             PET3 !!!     THIS MAY CAUSE SLOWDOWN IN PERFORMANCE     !!!
20241015 034708.152 INFO             PET3 !!! FOR PRODUCTION RUNS, USE:                      !!!
20241015 034708.152 INFO             PET3 !!!                   ESMF_LOGKIND_Multi_On_Error  !!!
20241015 034708.152 INFO             PET3 !!!!!!!!!!!!!!!!!!!!!!!!!!!!!!!!!!!!!!!!!!!!!!!!!!!!!!
20241015 034708.152 INFO             PET3 Running with ESMF Version   : v8.8.0b01
20241015 034708.152 INFO             PET3 ESMF library build date/time: "Oct 15 2024" "03:16:05"
20241015 034708.152 INFO             PET3 ESMF library build location : /glade/derecho/scratch/sacks/esmf-testing/intel_2023.2.1-classic_mpi_g_develop/esmf
20241015 034708.152 INFO             PET3 ESMF_COMM                   : mpi
20241015 034708.153 INFO             PET3 ESMF_MOAB                   : enabled
20241015 034708.153 INFO             PET3 ESMF_LAPACK                 : enabled
20241015 034708.153 INFO             PET3 ESMF_NETCDF                 : enabled
20241015 034708.153 INFO             PET3 ESMF_PNETCDF                : disabled
20241015 034708.153 INFO             PET3 ESMF_PIO                    : enabled
20241015 034708.153 INFO             PET3 ESMF_YAMLCPP                : enabled
20241015 034708.153 INFO             PET3 ESMF Tracing Enabled
20241015 034708.153 INFO             PET3 ESMF Profiling Enabled
20241015 034708.153 INFO             PET3 ESMF Trace/Profile clock: REALTIME
20241015 034708.159 INFO             PET3  NUMBER_OF_PROCESSORS           4
20241015 034708.160 INFO             PET3  PASS  Example ESMF_TraceEx, ESMF_TraceEx.F90, line 178
20241015 034708.160 INFO             PET3  Finalizing ESMF
20241015 034708.160 INFO             PET3 **************** Region Timings *******************
20241015 034708.160 INFO             PET3 Region              Count  Total (s)   Self (s)    Mean (s)    Min (s)     Max (s)
20241015 034708.160 INFO             PET3   [ESMF]            1      0.0060      0.0059      0.0060      0.0060      0.0060
20241015 034708.160 INFO             PET3     [test] Init 1   1      0.0001      0.0001      0.0001      0.0001      0.0001
20241015 034708.160 INFO             PET3     [test] Run 1    5      0.0000      0.0000      0.0000      0.0000      0.0000
20241015 034708.160 INFO             PET3     [test] Final 1  1      0.0000      0.0000      0.0000      0.0000      0.0000
