2024-10-17 03:36:43
20241017 042210.925 INFO             PET0 !!!!!!!!!!!!!!!!!!!!!!!!!!!!!!!!!!!!!!!!!!!!!!!!!!!!!!
20241017 042210.925 INFO             PET0 !!! THE ESMF_LOG IS SET TO OUTPUT ALL LOG MESSAGES !!!
20241017 042210.925 INFO             PET0 !!!     THIS MAY CAUSE SLOWDOWN IN PERFORMANCE     !!!
20241017 042210.925 INFO             PET0 !!! FOR PRODUCTION RUNS, USE:                      !!!
20241017 042210.925 INFO             PET0 !!!                   ESMF_LOGKIND_Multi_On_Error  !!!
20241017 042210.925 INFO             PET0 !!!!!!!!!!!!!!!!!!!!!!!!!!!!!!!!!!!!!!!!!!!!!!!!!!!!!!
20241017 042210.925 INFO             PET0 Running with ESMF Version   : v8.8.0b01-6-g3ed6fcfd2b
20241017 042210.925 INFO             PET0 ESMF library build date/time: "Oct 17 2024" "03:33:12"
20241017 042210.925 INFO             PET0 ESMF library build location : /glade/derecho/scratch/sacks/esmf-testing/intel_2023.2.1-classic_mpi_g_develop/esmf
20241017 042210.925 INFO             PET0 ESMF_COMM                   : mpi
20241017 042210.927 INFO             PET0 ESMF_MOAB                   : enabled
20241017 042210.927 INFO             PET0 ESMF_LAPACK                 : enabled
20241017 042210.927 INFO             PET0 ESMF_NETCDF                 : enabled
20241017 042210.927 INFO             PET0 ESMF_PNETCDF                : disabled
20241017 042210.927 INFO             PET0 ESMF_PIO                    : enabled
20241017 042210.927 INFO             PET0 ESMF_YAMLCPP                : enabled
20241017 042211.340 INFO             PET0 ESMF_FieldRedistStoreNF(): Just entered routine.
20241017 042211.370 INFO             PET0 ESMF_FieldRedistStoreNF(): Leaving routine.
20241017 042211.597 INFO             PET0  NUMBER_OF_PROCESSORS           4
20241017 042211.597 INFO             PET0  PASS  Example ESMF_RHandleFromFileEx, ESMF_RHandleFromFileEx.F90, line 192
20241017 042211.597 INFO             PET0  Finalizing ESMF
20241017 042211.334 INFO             PET1 !!!!!!!!!!!!!!!!!!!!!!!!!!!!!!!!!!!!!!!!!!!!!!!!!!!!!!
20241017 042211.334 INFO             PET1 !!! THE ESMF_LOG IS SET TO OUTPUT ALL LOG MESSAGES !!!
20241017 042211.334 INFO             PET1 !!!     THIS MAY CAUSE SLOWDOWN IN PERFORMANCE     !!!
20241017 042211.334 INFO             PET1 !!! FOR PRODUCTION RUNS, USE:                      !!!
20241017 042211.334 INFO             PET1 !!!                   ESMF_LOGKIND_Multi_On_Error  !!!
20241017 042211.334 INFO             PET1 !!!!!!!!!!!!!!!!!!!!!!!!!!!!!!!!!!!!!!!!!!!!!!!!!!!!!!
20241017 042211.334 INFO             PET1 Running with ESMF Version   : v8.8.0b01-6-g3ed6fcfd2b
20241017 042211.334 INFO             PET1 ESMF library build date/time: "Oct 17 2024" "03:33:12"
20241017 042211.334 INFO             PET1 ESMF library build location : /glade/derecho/scratch/sacks/esmf-testing/intel_2023.2.1-classic_mpi_g_develop/esmf
20241017 042211.334 INFO             PET1 ESMF_COMM                   : mpi
20241017 042211.336 INFO             PET1 ESMF_MOAB                   : enabled
20241017 042211.336 INFO             PET1 ESMF_LAPACK                 : enabled
20241017 042211.336 INFO             PET1 ESMF_NETCDF                 : enabled
20241017 042211.336 INFO             PET1 ESMF_PNETCDF                : disabled
20241017 042211.336 INFO             PET1 ESMF_PIO                    : enabled
20241017 042211.336 INFO             PET1 ESMF_YAMLCPP                : enabled
20241017 042211.340 INFO             PET1 ESMF_FieldRedistStoreNF(): Just entered routine.
20241017 042211.370 INFO             PET1 ESMF_FieldRedistStoreNF(): Leaving routine.
20241017 042211.597 INFO             PET1  NUMBER_OF_PROCESSORS           4
20241017 042211.597 INFO             PET1  PASS  Example ESMF_RHandleFromFileEx, ESMF_RHandleFromFileEx.F90, line 192
20241017 042211.597 INFO             PET1  Finalizing ESMF
20241017 042210.920 INFO             PET2 !!!!!!!!!!!!!!!!!!!!!!!!!!!!!!!!!!!!!!!!!!!!!!!!!!!!!!
20241017 042210.920 INFO             PET2 !!! THE ESMF_LOG IS SET TO OUTPUT ALL LOG MESSAGES !!!
20241017 042210.920 INFO             PET2 !!!     THIS MAY CAUSE SLOWDOWN IN PERFORMANCE     !!!
20241017 042210.920 INFO             PET2 !!! FOR PRODUCTION RUNS, USE:                      !!!
20241017 042210.920 INFO             PET2 !!!                   ESMF_LOGKIND_Multi_On_Error  !!!
20241017 042210.920 INFO             PET2 !!!!!!!!!!!!!!!!!!!!!!!!!!!!!!!!!!!!!!!!!!!!!!!!!!!!!!
20241017 042210.920 INFO             PET2 Running with ESMF Version   : v8.8.0b01-6-g3ed6fcfd2b
20241017 042210.920 INFO             PET2 ESMF library build date/time: "Oct 17 2024" "03:33:12"
20241017 042210.920 INFO             PET2 ESMF library build location : /glade/derecho/scratch/sacks/esmf-testing/intel_2023.2.1-classic_mpi_g_develop/esmf
20241017 042210.920 INFO             PET2 ESMF_COMM                   : mpi
20241017 042210.921 INFO             PET2 ESMF_MOAB                   : enabled
20241017 042210.921 INFO             PET2 ESMF_LAPACK                 : enabled
20241017 042210.921 INFO             PET2 ESMF_NETCDF                 : enabled
20241017 042210.921 INFO             PET2 ESMF_PNETCDF                : disabled
20241017 042210.921 INFO             PET2 ESMF_PIO                    : enabled
20241017 042210.921 INFO             PET2 ESMF_YAMLCPP                : enabled
20241017 042211.340 INFO             PET2 ESMF_FieldRedistStoreNF(): Just entered routine.
20241017 042211.370 INFO             PET2 ESMF_FieldRedistStoreNF(): Leaving routine.
20241017 042211.597 INFO             PET2  NUMBER_OF_PROCESSORS           4
20241017 042211.597 INFO             PET2  PASS  Example ESMF_RHandleFromFileEx, ESMF_RHandleFromFileEx.F90, line 192
20241017 042211.597 INFO             PET2  Finalizing ESMF
20241017 042210.925 INFO             PET3 !!!!!!!!!!!!!!!!!!!!!!!!!!!!!!!!!!!!!!!!!!!!!!!!!!!!!!
20241017 042210.925 INFO             PET3 !!! THE ESMF_LOG IS SET TO OUTPUT ALL LOG MESSAGES !!!
20241017 042210.925 INFO             PET3 !!!     THIS MAY CAUSE SLOWDOWN IN PERFORMANCE     !!!
20241017 042210.925 INFO             PET3 !!! FOR PRODUCTION RUNS, USE:                      !!!
20241017 042210.925 INFO             PET3 !!!                   ESMF_LOGKIND_Multi_On_Error  !!!
20241017 042210.925 INFO             PET3 !!!!!!!!!!!!!!!!!!!!!!!!!!!!!!!!!!!!!!!!!!!!!!!!!!!!!!
20241017 042210.925 INFO             PET3 Running with ESMF Version   : v8.8.0b01-6-g3ed6fcfd2b
20241017 042210.925 INFO             PET3 ESMF library build date/time: "Oct 17 2024" "03:33:12"
20241017 042210.925 INFO             PET3 ESMF library build location : /glade/derecho/scratch/sacks/esmf-testing/intel_2023.2.1-classic_mpi_g_develop/esmf
20241017 042210.925 INFO             PET3 ESMF_COMM                   : mpi
20241017 042210.926 INFO             PET3 ESMF_MOAB                   : enabled
20241017 042210.926 INFO             PET3 ESMF_LAPACK                 : enabled
20241017 042210.926 INFO             PET3 ESMF_NETCDF                 : enabled
20241017 042210.926 INFO             PET3 ESMF_PNETCDF                : disabled
20241017 042210.926 INFO             PET3 ESMF_PIO                    : enabled
20241017 042210.926 INFO             PET3 ESMF_YAMLCPP                : enabled
20241017 042211.340 INFO             PET3 ESMF_FieldRedistStoreNF(): Just entered routine.
20241017 042211.370 INFO             PET3 ESMF_FieldRedistStoreNF(): Leaving routine.
20241017 042211.597 INFO             PET3  NUMBER_OF_PROCESSORS           4
20241017 042211.597 INFO             PET3  PASS  Example ESMF_RHandleFromFileEx, ESMF_RHandleFromFileEx.F90, line 192
20241017 042211.597 INFO             PET3  Finalizing ESMF
