2024-10-17 03:36:43
20241017 042453.042 INFO             PET0 !!!!!!!!!!!!!!!!!!!!!!!!!!!!!!!!!!!!!!!!!!!!!!!!!!!!!!
20241017 042453.042 INFO             PET0 !!! THE ESMF_LOG IS SET TO OUTPUT ALL LOG MESSAGES !!!
20241017 042453.042 INFO             PET0 !!!     THIS MAY CAUSE SLOWDOWN IN PERFORMANCE     !!!
20241017 042453.042 INFO             PET0 !!! FOR PRODUCTION RUNS, USE:                      !!!
20241017 042453.042 INFO             PET0 !!!                   ESMF_LOGKIND_Multi_On_Error  !!!
20241017 042453.042 INFO             PET0 !!!!!!!!!!!!!!!!!!!!!!!!!!!!!!!!!!!!!!!!!!!!!!!!!!!!!!
20241017 042453.042 INFO             PET0 Running with ESMF Version   : v8.8.0b01-6-g3ed6fcfd2b
20241017 042453.042 INFO             PET0 ESMF library build date/time: "Oct 17 2024" "03:33:12"
20241017 042453.042 INFO             PET0 ESMF library build location : /glade/derecho/scratch/sacks/esmf-testing/intel_2023.2.1-classic_mpi_g_develop/esmf
20241017 042453.042 INFO             PET0 ESMF_COMM                   : mpi
20241017 042453.044 INFO             PET0 ESMF_MOAB                   : enabled
20241017 042453.044 INFO             PET0 ESMF_LAPACK                 : enabled
20241017 042453.044 INFO             PET0 ESMF_NETCDF                 : enabled
20241017 042453.044 INFO             PET0 ESMF_PNETCDF                : disabled
20241017 042453.044 INFO             PET0 ESMF_PIO                    : enabled
20241017 042453.044 INFO             PET0 ESMF_YAMLCPP                : enabled
20241017 042453.086 DEBUG            PET0 about to destroy Grid: 0x8c8f30
20241017 042453.090 DEBUG            PET0 about to destroy Grid: 0x8cd170
20241017 042453.103 INFO             PET0  NUMBER_OF_PROCESSORS           4
20241017 042453.103 INFO             PET0  PASS  Example ESMF_NUOPCAtmModelEx, ESMF_NUOPCAtmModelEx.F90, line 806
20241017 042453.103 INFO             PET0  Finalizing ESMF
20241017 042453.041 INFO             PET1 !!!!!!!!!!!!!!!!!!!!!!!!!!!!!!!!!!!!!!!!!!!!!!!!!!!!!!
20241017 042453.041 INFO             PET1 !!! THE ESMF_LOG IS SET TO OUTPUT ALL LOG MESSAGES !!!
20241017 042453.041 INFO             PET1 !!!     THIS MAY CAUSE SLOWDOWN IN PERFORMANCE     !!!
20241017 042453.041 INFO             PET1 !!! FOR PRODUCTION RUNS, USE:                      !!!
20241017 042453.041 INFO             PET1 !!!                   ESMF_LOGKIND_Multi_On_Error  !!!
20241017 042453.041 INFO             PET1 !!!!!!!!!!!!!!!!!!!!!!!!!!!!!!!!!!!!!!!!!!!!!!!!!!!!!!
20241017 042453.041 INFO             PET1 Running with ESMF Version   : v8.8.0b01-6-g3ed6fcfd2b
20241017 042453.041 INFO             PET1 ESMF library build date/time: "Oct 17 2024" "03:33:12"
20241017 042453.041 INFO             PET1 ESMF library build location : /glade/derecho/scratch/sacks/esmf-testing/intel_2023.2.1-classic_mpi_g_develop/esmf
20241017 042453.041 INFO             PET1 ESMF_COMM                   : mpi
20241017 042453.043 INFO             PET1 ESMF_MOAB                   : enabled
20241017 042453.043 INFO             PET1 ESMF_LAPACK                 : enabled
20241017 042453.043 INFO             PET1 ESMF_NETCDF                 : enabled
20241017 042453.043 INFO             PET1 ESMF_PNETCDF                : disabled
20241017 042453.043 INFO             PET1 ESMF_PIO                    : enabled
20241017 042453.043 INFO             PET1 ESMF_YAMLCPP                : enabled
20241017 042453.086 DEBUG            PET1 about to destroy Grid: 0x8c91d0
20241017 042453.090 DEBUG            PET1 about to destroy Grid: 0x8ca270
20241017 042453.102 INFO             PET1  NUMBER_OF_PROCESSORS           4
20241017 042453.102 INFO             PET1  PASS  Example ESMF_NUOPCAtmModelEx, ESMF_NUOPCAtmModelEx.F90, line 806
20241017 042453.102 INFO             PET1  Finalizing ESMF
20241017 042453.042 INFO             PET2 !!!!!!!!!!!!!!!!!!!!!!!!!!!!!!!!!!!!!!!!!!!!!!!!!!!!!!
20241017 042453.042 INFO             PET2 !!! THE ESMF_LOG IS SET TO OUTPUT ALL LOG MESSAGES !!!
20241017 042453.042 INFO             PET2 !!!     THIS MAY CAUSE SLOWDOWN IN PERFORMANCE     !!!
20241017 042453.042 INFO             PET2 !!! FOR PRODUCTION RUNS, USE:                      !!!
20241017 042453.042 INFO             PET2 !!!                   ESMF_LOGKIND_Multi_On_Error  !!!
20241017 042453.042 INFO             PET2 !!!!!!!!!!!!!!!!!!!!!!!!!!!!!!!!!!!!!!!!!!!!!!!!!!!!!!
20241017 042453.042 INFO             PET2 Running with ESMF Version   : v8.8.0b01-6-g3ed6fcfd2b
20241017 042453.042 INFO             PET2 ESMF library build date/time: "Oct 17 2024" "03:33:12"
20241017 042453.042 INFO             PET2 ESMF library build location : /glade/derecho/scratch/sacks/esmf-testing/intel_2023.2.1-classic_mpi_g_develop/esmf
20241017 042453.042 INFO             PET2 ESMF_COMM                   : mpi
20241017 042453.046 INFO             PET2 ESMF_MOAB                   : enabled
20241017 042453.046 INFO             PET2 ESMF_LAPACK                 : enabled
20241017 042453.046 INFO             PET2 ESMF_NETCDF                 : enabled
20241017 042453.046 INFO             PET2 ESMF_PNETCDF                : disabled
20241017 042453.046 INFO             PET2 ESMF_PIO                    : enabled
20241017 042453.046 INFO             PET2 ESMF_YAMLCPP                : enabled
20241017 042453.086 DEBUG            PET2 about to destroy Grid: 0x8c91e0
20241017 042453.090 DEBUG            PET2 about to destroy Grid: 0x8ca280
20241017 042453.102 INFO             PET2  NUMBER_OF_PROCESSORS           4
20241017 042453.102 INFO             PET2  PASS  Example ESMF_NUOPCAtmModelEx, ESMF_NUOPCAtmModelEx.F90, line 806
20241017 042453.102 INFO             PET2  Finalizing ESMF
20241017 042453.043 INFO             PET3 !!!!!!!!!!!!!!!!!!!!!!!!!!!!!!!!!!!!!!!!!!!!!!!!!!!!!!
20241017 042453.043 INFO             PET3 !!! THE ESMF_LOG IS SET TO OUTPUT ALL LOG MESSAGES !!!
20241017 042453.043 INFO             PET3 !!!     THIS MAY CAUSE SLOWDOWN IN PERFORMANCE     !!!
20241017 042453.043 INFO             PET3 !!! FOR PRODUCTION RUNS, USE:                      !!!
20241017 042453.043 INFO             PET3 !!!                   ESMF_LOGKIND_Multi_On_Error  !!!
20241017 042453.043 INFO             PET3 !!!!!!!!!!!!!!!!!!!!!!!!!!!!!!!!!!!!!!!!!!!!!!!!!!!!!!
20241017 042453.043 INFO             PET3 Running with ESMF Version   : v8.8.0b01-6-g3ed6fcfd2b
20241017 042453.043 INFO             PET3 ESMF library build date/time: "Oct 17 2024" "03:33:12"
20241017 042453.043 INFO             PET3 ESMF library build location : /glade/derecho/scratch/sacks/esmf-testing/intel_2023.2.1-classic_mpi_g_develop/esmf
20241017 042453.043 INFO             PET3 ESMF_COMM                   : mpi
20241017 042453.045 INFO             PET3 ESMF_MOAB                   : enabled
20241017 042453.045 INFO             PET3 ESMF_LAPACK                 : enabled
20241017 042453.045 INFO             PET3 ESMF_NETCDF                 : enabled
20241017 042453.045 INFO             PET3 ESMF_PNETCDF                : disabled
20241017 042453.045 INFO             PET3 ESMF_PIO                    : enabled
20241017 042453.045 INFO             PET3 ESMF_YAMLCPP                : enabled
20241017 042453.086 DEBUG            PET3 about to destroy Grid: 0x8c91b0
20241017 042453.090 DEBUG            PET3 about to destroy Grid: 0x8ca250
20241017 042453.103 INFO             PET3  NUMBER_OF_PROCESSORS           4
20241017 042453.103 INFO             PET3  PASS  Example ESMF_NUOPCAtmModelEx, ESMF_NUOPCAtmModelEx.F90, line 806
20241017 042453.103 INFO             PET3  Finalizing ESMF
