2024-10-17 01:28:30
20241017 020203.261 INFO             PET0 !!!!!!!!!!!!!!!!!!!!!!!!!!!!!!!!!!!!!!!!!!!!!!!!!!!!!!
20241017 020203.261 INFO             PET0 !!! THE ESMF_LOG IS SET TO OUTPUT ALL LOG MESSAGES !!!
20241017 020203.261 INFO             PET0 !!!     THIS MAY CAUSE SLOWDOWN IN PERFORMANCE     !!!
20241017 020203.261 INFO             PET0 !!! FOR PRODUCTION RUNS, USE:                      !!!
20241017 020203.261 INFO             PET0 !!!                   ESMF_LOGKIND_Multi_On_Error  !!!
20241017 020203.261 INFO             PET0 !!!!!!!!!!!!!!!!!!!!!!!!!!!!!!!!!!!!!!!!!!!!!!!!!!!!!!
20241017 020203.261 INFO             PET0 Running with ESMF Version   : v8.8.0b01-6-g3ed6fcfd2b
20241017 020203.261 INFO             PET0 ESMF library build date/time: "Oct 17 2024" "01:25:56"
20241017 020203.261 INFO             PET0 ESMF library build location : /project/esmf/ESMF-Nightly-Testing-Izumi/gfortran_9.3.0_mpiuni_g_develop/esmf
20241017 020203.261 INFO             PET0 ESMF_COMM                   : mpiuni
20241017 020203.261 INFO             PET0 ESMF_MOAB                   : enabled
20241017 020203.261 INFO             PET0 ESMF_LAPACK                 : enabled
20241017 020203.261 INFO             PET0 ESMF_NETCDF                 : enabled
20241017 020203.261 INFO             PET0 ESMF_PNETCDF                : disabled
20241017 020203.261 INFO             PET0 ESMF_PIO                    : enabled
20241017 020203.261 INFO             PET0 ESMF_YAMLCPP                : enabled
20241017 020203.262 INFO             PET0 ESMF Tracing Enabled
20241017 020203.262 INFO             PET0 ESMF Profiling Enabled
20241017 020203.262 INFO             PET0 ESMF Trace/Profile clock: REALTIME
20241017 020203.267 INFO             PET0  NUMBER_OF_PROCESSORS           1
20241017 020203.267 INFO             PET0  PASS  Example ESMF_TraceUserEx, ESMF_TraceUserEx.F90, line 125
20241017 020203.267 INFO             PET0  Finalizing ESMF
20241017 020203.267 INFO             PET0 **************** Region Timings *******************
20241017 020203.267 INFO             PET0 Region                Count  Total (s)   Self (s)    Mean (s)    Min (s)     Max (s)
20241017 020203.267 INFO             PET0   [ESMF]              1      0.0010      0.0002      0.0010      0.0010      0.0010
20241017 020203.267 INFO             PET0     outer_region      1      0.0008      0.0001      0.0008      0.0008      0.0008
20241017 020203.267 INFO             PET0       inner_region_1  10     0.0005      0.0005      0.0000      0.0000      0.0001
20241017 020203.267 INFO             PET0       inner_region_2  10     0.0002      0.0002      0.0000      0.0000      0.0000
