2024-10-18 01:26:46
20241018 015904.080 INFO             PET0 !!!!!!!!!!!!!!!!!!!!!!!!!!!!!!!!!!!!!!!!!!!!!!!!!!!!!!
20241018 015904.081 INFO             PET0 !!! THE ESMF_LOG IS SET TO OUTPUT ALL LOG MESSAGES !!!
20241018 015904.081 INFO             PET0 !!!     THIS MAY CAUSE SLOWDOWN IN PERFORMANCE     !!!
20241018 015904.081 INFO             PET0 !!! FOR PRODUCTION RUNS, USE:                      !!!
20241018 015904.081 INFO             PET0 !!!                   ESMF_LOGKIND_Multi_On_Error  !!!
20241018 015904.081 INFO             PET0 !!!!!!!!!!!!!!!!!!!!!!!!!!!!!!!!!!!!!!!!!!!!!!!!!!!!!!
20241018 015904.081 INFO             PET0 Running with ESMF Version   : v8.8.0b01-7-gc92d921964
20241018 015904.081 INFO             PET0 ESMF library build date/time: "Oct 18 2024" "01:24:36"
20241018 015904.081 INFO             PET0 ESMF library build location : /project/esmf/ESMF-Nightly-Testing-Izumi/gfortran_9.3.0_mpiuni_g_develop/esmf
20241018 015904.081 INFO             PET0 ESMF_COMM                   : mpiuni
20241018 015904.081 INFO             PET0 ESMF_MOAB                   : enabled
20241018 015904.081 INFO             PET0 ESMF_LAPACK                 : enabled
20241018 015904.081 INFO             PET0 ESMF_NETCDF                 : enabled
20241018 015904.081 INFO             PET0 ESMF_PNETCDF                : disabled
20241018 015904.081 INFO             PET0 ESMF_PIO                    : enabled
20241018 015904.081 INFO             PET0 ESMF_YAMLCPP                : enabled
20241018 015904.087 INFO             PET0  NUMBER_OF_PROCESSORS           1
20241018 015904.087 INFO             PET0  PASS  Example ESMF_FieldBundleCreateEx, ESMF_FieldBundleCreateEx.F90, line 561
20241018 015904.087 INFO             PET0  Finalizing ESMF
