2024-10-16 14:37:22
20241016 152105.806 INFO             PET0 !!!!!!!!!!!!!!!!!!!!!!!!!!!!!!!!!!!!!!!!!!!!!!!!!!!!!!
20241016 152105.807 INFO             PET0 !!! THE ESMF_LOG IS SET TO OUTPUT ALL LOG MESSAGES !!!
20241016 152105.807 INFO             PET0 !!!     THIS MAY CAUSE SLOWDOWN IN PERFORMANCE     !!!
20241016 152105.807 INFO             PET0 !!! FOR PRODUCTION RUNS, USE:                      !!!
20241016 152105.807 INFO             PET0 !!!                   ESMF_LOGKIND_Multi_On_Error  !!!
20241016 152105.807 INFO             PET0 !!!!!!!!!!!!!!!!!!!!!!!!!!!!!!!!!!!!!!!!!!!!!!!!!!!!!!
20241016 152105.807 INFO             PET0 Running with ESMF Version   : v8.8.0b01-3-g882f3be375
20241016 152105.807 INFO             PET0 ESMF library build date/time: "Oct 16 2024" "14:35:12"
20241016 152105.807 INFO             PET0 ESMF library build location : /project/esmf/ESMF-Nightly-Testing-Izumi/gfortran_9.3.0_mpiuni_g_develop/esmf
20241016 152105.807 INFO             PET0 ESMF_COMM                   : mpiuni
20241016 152105.807 INFO             PET0 ESMF_MOAB                   : enabled
20241016 152105.807 INFO             PET0 ESMF_LAPACK                 : enabled
20241016 152105.807 INFO             PET0 ESMF_NETCDF                 : enabled
20241016 152105.807 INFO             PET0 ESMF_PNETCDF                : disabled
20241016 152105.807 INFO             PET0 ESMF_PIO                    : enabled
20241016 152105.807 INFO             PET0 ESMF_YAMLCPP                : enabled
20241016 152107.575 INFO             PET0  NUMBER_OF_PROCESSORS           1
20241016 152107.575 INFO             PET0  PASS  Example ESMF_GridUsageEx, ESMF_GridUsageEx.F90, line 3470
20241016 152107.575 INFO             PET0  Finalizing ESMF
