2025-05-07 23:58:14
20250508 002041.993 INFO             PET0 !!!!!!!!!!!!!!!!!!!!!!!!!!!!!!!!!!!!!!!!!!!!!!!!!!!!!!
20250508 002041.993 INFO             PET0 !!! THE ESMF_LOG IS SET TO OUTPUT ALL LOG MESSAGES !!!
20250508 002041.993 INFO             PET0 !!!     THIS MAY CAUSE SLOWDOWN IN PERFORMANCE     !!!
20250508 002041.993 INFO             PET0 !!! FOR PRODUCTION RUNS, USE:                      !!!
20250508 002041.993 INFO             PET0 !!!                   ESMF_LOGKIND_Multi_On_Error  !!!
20250508 002041.993 INFO             PET0 !!!!!!!!!!!!!!!!!!!!!!!!!!!!!!!!!!!!!!!!!!!!!!!!!!!!!!
20250508 002041.993 INFO             PET0 Running with ESMF Version   : v8.9.0b08-5-g079ca68fdc
20250508 002041.993 INFO             PET0 ESMF library build date/time: "May  7 2025" "23:57:03"
20250508 002041.993 INFO             PET0 ESMF library build location : /home/gerhard/ESMF-Nightly-Testing/gfortran_7.4.0_mpich_g_develop/esmf
20250508 002041.993 INFO             PET0 ESMF_COMM                   : mpich
20250508 002041.993 INFO             PET0 ESMF_MOAB                   : enabled
20250508 002041.993 INFO             PET0 ESMF_LAPACK                 : enabled
20250508 002041.993 INFO             PET0 ESMF_NETCDF                 : enabled
20250508 002041.993 INFO             PET0 ESMF_PNETCDF                : disabled
20250508 002041.993 INFO             PET0 ESMF_PIO                    : enabled
20250508 002041.993 INFO             PET0 ESMF_YAMLCPP                : enabled
20250508 002042.005 INFO             PET0  NUMBER_OF_PROCESSORS           4
20250508 002042.005 INFO             PET0  PASS  Example ESMF_FieldBundleRedistEx, ESMF_FieldBundleRedistEx.F90, line 280
20250508 002042.005 INFO             PET0  Finalizing ESMF
20250508 002041.993 INFO             PET1 !!!!!!!!!!!!!!!!!!!!!!!!!!!!!!!!!!!!!!!!!!!!!!!!!!!!!!
20250508 002041.993 INFO             PET1 !!! THE ESMF_LOG IS SET TO OUTPUT ALL LOG MESSAGES !!!
20250508 002041.993 INFO             PET1 !!!     THIS MAY CAUSE SLOWDOWN IN PERFORMANCE     !!!
20250508 002041.993 INFO             PET1 !!! FOR PRODUCTION RUNS, USE:                      !!!
20250508 002041.993 INFO             PET1 !!!                   ESMF_LOGKIND_Multi_On_Error  !!!
20250508 002041.993 INFO             PET1 !!!!!!!!!!!!!!!!!!!!!!!!!!!!!!!!!!!!!!!!!!!!!!!!!!!!!!
20250508 002041.993 INFO             PET1 Running with ESMF Version   : v8.9.0b08-5-g079ca68fdc
20250508 002041.993 INFO             PET1 ESMF library build date/time: "May  7 2025" "23:57:03"
20250508 002041.993 INFO             PET1 ESMF library build location : /home/gerhard/ESMF-Nightly-Testing/gfortran_7.4.0_mpich_g_develop/esmf
20250508 002041.993 INFO             PET1 ESMF_COMM                   : mpich
20250508 002041.993 INFO             PET1 ESMF_MOAB                   : enabled
20250508 002041.993 INFO             PET1 ESMF_LAPACK                 : enabled
20250508 002041.993 INFO             PET1 ESMF_NETCDF                 : enabled
20250508 002041.993 INFO             PET1 ESMF_PNETCDF                : disabled
20250508 002041.993 INFO             PET1 ESMF_PIO                    : enabled
20250508 002041.993 INFO             PET1 ESMF_YAMLCPP                : enabled
20250508 002042.005 INFO             PET1  NUMBER_OF_PROCESSORS           4
20250508 002042.005 INFO             PET1  PASS  Example ESMF_FieldBundleRedistEx, ESMF_FieldBundleRedistEx.F90, line 280
20250508 002042.005 INFO             PET1  Finalizing ESMF
20250508 002041.993 INFO             PET2 !!!!!!!!!!!!!!!!!!!!!!!!!!!!!!!!!!!!!!!!!!!!!!!!!!!!!!
20250508 002041.993 INFO             PET2 !!! THE ESMF_LOG IS SET TO OUTPUT ALL LOG MESSAGES !!!
20250508 002041.993 INFO             PET2 !!!     THIS MAY CAUSE SLOWDOWN IN PERFORMANCE     !!!
20250508 002041.993 INFO             PET2 !!! FOR PRODUCTION RUNS, USE:                      !!!
20250508 002041.993 INFO             PET2 !!!                   ESMF_LOGKIND_Multi_On_Error  !!!
20250508 002041.993 INFO             PET2 !!!!!!!!!!!!!!!!!!!!!!!!!!!!!!!!!!!!!!!!!!!!!!!!!!!!!!
20250508 002041.993 INFO             PET2 Running with ESMF Version   : v8.9.0b08-5-g079ca68fdc
20250508 002041.993 INFO             PET2 ESMF library build date/time: "May  7 2025" "23:57:03"
20250508 002041.993 INFO             PET2 ESMF library build location : /home/gerhard/ESMF-Nightly-Testing/gfortran_7.4.0_mpich_g_develop/esmf
20250508 002041.993 INFO             PET2 ESMF_COMM                   : mpich
20250508 002041.993 INFO             PET2 ESMF_MOAB                   : enabled
20250508 002041.993 INFO             PET2 ESMF_LAPACK                 : enabled
20250508 002041.993 INFO             PET2 ESMF_NETCDF                 : enabled
20250508 002041.993 INFO             PET2 ESMF_PNETCDF                : disabled
20250508 002041.993 INFO             PET2 ESMF_PIO                    : enabled
20250508 002041.993 INFO             PET2 ESMF_YAMLCPP                : enabled
20250508 002042.005 INFO             PET2  NUMBER_OF_PROCESSORS           4
20250508 002042.005 INFO             PET2  PASS  Example ESMF_FieldBundleRedistEx, ESMF_FieldBundleRedistEx.F90, line 280
20250508 002042.005 INFO             PET2  Finalizing ESMF
20250508 002041.993 INFO             PET3 !!!!!!!!!!!!!!!!!!!!!!!!!!!!!!!!!!!!!!!!!!!!!!!!!!!!!!
20250508 002041.993 INFO             PET3 !!! THE ESMF_LOG IS SET TO OUTPUT ALL LOG MESSAGES !!!
20250508 002041.993 INFO             PET3 !!!     THIS MAY CAUSE SLOWDOWN IN PERFORMANCE     !!!
20250508 002041.993 INFO             PET3 !!! FOR PRODUCTION RUNS, USE:                      !!!
20250508 002041.993 INFO             PET3 !!!                   ESMF_LOGKIND_Multi_On_Error  !!!
20250508 002041.993 INFO             PET3 !!!!!!!!!!!!!!!!!!!!!!!!!!!!!!!!!!!!!!!!!!!!!!!!!!!!!!
20250508 002041.993 INFO             PET3 Running with ESMF Version   : v8.9.0b08-5-g079ca68fdc
20250508 002041.993 INFO             PET3 ESMF library build date/time: "May  7 2025" "23:57:03"
20250508 002041.993 INFO             PET3 ESMF library build location : /home/gerhard/ESMF-Nightly-Testing/gfortran_7.4.0_mpich_g_develop/esmf
20250508 002041.993 INFO             PET3 ESMF_COMM                   : mpich
20250508 002041.993 INFO             PET3 ESMF_MOAB                   : enabled
20250508 002041.993 INFO             PET3 ESMF_LAPACK                 : enabled
20250508 002041.993 INFO             PET3 ESMF_NETCDF                 : enabled
20250508 002041.993 INFO             PET3 ESMF_PNETCDF                : disabled
20250508 002041.993 INFO             PET3 ESMF_PIO                    : enabled
20250508 002041.993 INFO             PET3 ESMF_YAMLCPP                : enabled
20250508 002042.005 INFO             PET3  NUMBER_OF_PROCESSORS           4
20250508 002042.005 INFO             PET3  PASS  Example ESMF_FieldBundleRedistEx, ESMF_FieldBundleRedistEx.F90, line 280
20250508 002042.005 INFO             PET3  Finalizing ESMF
