2024-10-16 14:50:02
20241016 154530.923 INFO             PET0 !!!!!!!!!!!!!!!!!!!!!!!!!!!!!!!!!!!!!!!!!!!!!!!!!!!!!!
20241016 154530.923 INFO             PET0 !!! THE ESMF_LOG IS SET TO OUTPUT ALL LOG MESSAGES !!!
20241016 154530.923 INFO             PET0 !!!     THIS MAY CAUSE SLOWDOWN IN PERFORMANCE     !!!
20241016 154530.923 INFO             PET0 !!! FOR PRODUCTION RUNS, USE:                      !!!
20241016 154530.923 INFO             PET0 !!!                   ESMF_LOGKIND_Multi_On_Error  !!!
20241016 154530.923 INFO             PET0 !!!!!!!!!!!!!!!!!!!!!!!!!!!!!!!!!!!!!!!!!!!!!!!!!!!!!!
20241016 154530.923 INFO             PET0 Running with ESMF Version   : v8.8.0b01-3-g882f3be375
20241016 154530.923 INFO             PET0 ESMF library build date/time: "Oct 16 2024" "14:47:56"
20241016 154530.923 INFO             PET0 ESMF library build location : /project/esmf/ESMF-Nightly-Testing-Izumi/nag_7.0_mpiuni_g_develop/esmf
20241016 154530.923 INFO             PET0 ESMF_COMM                   : mpiuni
20241016 154530.923 INFO             PET0 ESMF_MOAB                   : enabled
20241016 154530.923 INFO             PET0 ESMF_LAPACK                 : enabled
20241016 154530.923 INFO             PET0 ESMF_NETCDF                 : enabled
20241016 154530.923 INFO             PET0 ESMF_PNETCDF                : disabled
20241016 154530.923 INFO             PET0 ESMF_PIO                    : enabled
20241016 154530.923 INFO             PET0 ESMF_YAMLCPP                : enabled
20241016 154530.924 INFO             PET0 ESMF Tracing Enabled
20241016 154530.924 INFO             PET0 ESMF Profiling Enabled
20241016 154530.924 INFO             PET0 ESMF Trace/Profile clock: REALTIME
20241016 154530.930 INFO             PET0  NUMBER_OF_PROCESSORS 1
20241016 154530.930 INFO             PET0  PASS  Example ESMF_TraceUserEx, ESMF_TraceUserEx.F90, line 125
20241016 154530.930 INFO             PET0  Finalizing ESMF
20241016 154530.930 INFO             PET0 **************** Region Timings *******************
20241016 154530.930 INFO             PET0 Region                Count  Total (s)   Self (s)    Mean (s)    Min (s)     Max (s)
20241016 154530.930 INFO             PET0   [ESMF]              1      0.0012      0.0002      0.0012      0.0012      0.0012
20241016 154530.930 INFO             PET0     outer_region      1      0.0010      0.0001      0.0010      0.0010      0.0010
20241016 154530.930 INFO             PET0       inner_region_1  10     0.0006      0.0006      0.0001      0.0001      0.0001
20241016 154530.930 INFO             PET0       inner_region_2  10     0.0003      0.0003      0.0000      0.0000      0.0000
