2024-10-16 14:50:02
20241016 154724.825 INFO             PET0 !!!!!!!!!!!!!!!!!!!!!!!!!!!!!!!!!!!!!!!!!!!!!!!!!!!!!!
20241016 154724.825 INFO             PET0 !!! THE ESMF_LOG IS SET TO OUTPUT ALL LOG MESSAGES !!!
20241016 154724.825 INFO             PET0 !!!     THIS MAY CAUSE SLOWDOWN IN PERFORMANCE     !!!
20241016 154724.825 INFO             PET0 !!! FOR PRODUCTION RUNS, USE:                      !!!
20241016 154724.825 INFO             PET0 !!!                   ESMF_LOGKIND_Multi_On_Error  !!!
20241016 154724.825 INFO             PET0 !!!!!!!!!!!!!!!!!!!!!!!!!!!!!!!!!!!!!!!!!!!!!!!!!!!!!!
20241016 154724.825 INFO             PET0 Running with ESMF Version   : v8.8.0b01-3-g882f3be375
20241016 154724.825 INFO             PET0 ESMF library build date/time: "Oct 16 2024" "14:47:56"
20241016 154724.825 INFO             PET0 ESMF library build location : /project/esmf/ESMF-Nightly-Testing-Izumi/nag_7.0_mpiuni_g_develop/esmf
20241016 154724.826 INFO             PET0 ESMF_COMM                   : mpiuni
20241016 154724.826 INFO             PET0 ESMF_MOAB                   : enabled
20241016 154724.826 INFO             PET0 ESMF_LAPACK                 : enabled
20241016 154724.826 INFO             PET0 ESMF_NETCDF                 : enabled
20241016 154724.826 INFO             PET0 ESMF_PNETCDF                : disabled
20241016 154724.826 INFO             PET0 ESMF_PIO                    : enabled
20241016 154724.826 INFO             PET0 ESMF_YAMLCPP                : enabled
20241016 154724.954 DEBUG            PET0 about to destroy Grid: 0x163b280
20241016 154724.972 DEBUG            PET0 about to destroy Grid: 0x163d860
20241016 154725.016 INFO             PET0  NUMBER_OF_PROCESSORS 1
20241016 154725.016 INFO             PET0  PASS  Example ESMF_NUOPCAtmModelEx, ESMF_NUOPCAtmModelEx.F90, line 806
20241016 154725.016 INFO             PET0  Finalizing ESMF
