2024-10-16 03:09:51
20241016 034520.646 INFO             PET0 !!!!!!!!!!!!!!!!!!!!!!!!!!!!!!!!!!!!!!!!!!!!!!!!!!!!!!
20241016 034520.646 INFO             PET0 !!! THE ESMF_LOG IS SET TO OUTPUT ALL LOG MESSAGES !!!
20241016 034520.646 INFO             PET0 !!!     THIS MAY CAUSE SLOWDOWN IN PERFORMANCE     !!!
20241016 034520.646 INFO             PET0 !!! FOR PRODUCTION RUNS, USE:                      !!!
20241016 034520.646 INFO             PET0 !!!                   ESMF_LOGKIND_Multi_On_Error  !!!
20241016 034520.646 INFO             PET0 !!!!!!!!!!!!!!!!!!!!!!!!!!!!!!!!!!!!!!!!!!!!!!!!!!!!!!
20241016 034520.646 INFO             PET0 Running with ESMF Version   : v8.8.0b01-2-g867c30314c
20241016 034520.646 INFO             PET0 ESMF library build date/time: "Oct 16 2024" "03:07:00"
20241016 034520.646 INFO             PET0 ESMF library build location : /glade/derecho/scratch/sacks/esmf-testing/intel_2023.2.1-oneAPI_mpiuni_O_develop/esmf
20241016 034520.646 INFO             PET0 ESMF_COMM                   : mpiuni
20241016 034520.651 INFO             PET0 ESMF_MOAB                   : enabled
20241016 034520.651 INFO             PET0 ESMF_LAPACK                 : enabled
20241016 034520.651 INFO             PET0 ESMF_NETCDF                 : enabled
20241016 034520.651 INFO             PET0 ESMF_PNETCDF                : disabled
20241016 034520.651 INFO             PET0 ESMF_PIO                    : enabled
20241016 034520.651 INFO             PET0 ESMF_YAMLCPP                : enabled
20241016 034520.653 INFO             PET0 ESMF_FieldRedistStoreNF(): Just entered routine.
20241016 034520.727 INFO             PET0 ESMF_FieldRedistStoreNF(): Leaving routine.
20241016 034520.746 INFO             PET0  NUMBER_OF_PROCESSORS           1
20241016 034520.748 INFO             PET0  PASS  Example ESMF_RHandleFromFileEx, ESMF_RHandleFromFileEx.F90, line 192
20241016 034520.748 INFO             PET0  Finalizing ESMF
