2024-10-15 03:15:25
20241015 033956.293 INFO             PET0 !!!!!!!!!!!!!!!!!!!!!!!!!!!!!!!!!!!!!!!!!!!!!!!!!!!!!!
20241015 033956.293 INFO             PET0 !!! THE ESMF_LOG IS SET TO OUTPUT ALL LOG MESSAGES !!!
20241015 033956.293 INFO             PET0 !!!     THIS MAY CAUSE SLOWDOWN IN PERFORMANCE     !!!
20241015 033956.293 INFO             PET0 !!! FOR PRODUCTION RUNS, USE:                      !!!
20241015 033956.293 INFO             PET0 !!!                   ESMF_LOGKIND_Multi_On_Error  !!!
20241015 033956.293 INFO             PET0 !!!!!!!!!!!!!!!!!!!!!!!!!!!!!!!!!!!!!!!!!!!!!!!!!!!!!!
20241015 033956.293 INFO             PET0 Running with ESMF Version   : v8.8.0b01
20241015 033956.293 INFO             PET0 ESMF library build date/time: "Oct 15 2024" "03:13:36"
20241015 033956.293 INFO             PET0 ESMF library build location : /glade/derecho/scratch/sacks/esmf-testing/intel_2023.2.1-oneAPI_mpiuni_O_develop/esmf
20241015 033956.293 INFO             PET0 ESMF_COMM                   : mpiuni
20241015 033956.294 INFO             PET0 ESMF_MOAB                   : enabled
20241015 033956.294 INFO             PET0 ESMF_LAPACK                 : enabled
20241015 033956.294 INFO             PET0 ESMF_NETCDF                 : enabled
20241015 033956.294 INFO             PET0 ESMF_PNETCDF                : disabled
20241015 033956.294 INFO             PET0 ESMF_PIO                    : enabled
20241015 033956.294 INFO             PET0 ESMF_YAMLCPP                : enabled
20241015 033956.296 INFO             PET0  NUMBER_OF_PROCESSORS           1
20241015 033956.297 INFO             PET0  PASS  Example ESMF_AppMainEx, ESMF_AppMainEx.F90, line 486
20241015 033956.297 INFO             PET0  Finalizing ESMF
