2024-10-12 03:26:51
20241012 040915.838 INFO             PET0 !!!!!!!!!!!!!!!!!!!!!!!!!!!!!!!!!!!!!!!!!!!!!!!!!!!!!!
20241012 040915.838 INFO             PET0 !!! THE ESMF_LOG IS SET TO OUTPUT ALL LOG MESSAGES !!!
20241012 040915.838 INFO             PET0 !!!     THIS MAY CAUSE SLOWDOWN IN PERFORMANCE     !!!
20241012 040915.838 INFO             PET0 !!! FOR PRODUCTION RUNS, USE:                      !!!
20241012 040915.838 INFO             PET0 !!!                   ESMF_LOGKIND_Multi_On_Error  !!!
20241012 040915.838 INFO             PET0 !!!!!!!!!!!!!!!!!!!!!!!!!!!!!!!!!!!!!!!!!!!!!!!!!!!!!!
20241012 040915.838 INFO             PET0 Running with ESMF Version   : v8.8.0b01
20241012 040915.838 INFO             PET0 ESMF library build date/time: "Oct 12 2024" "03:23:52"
20241012 040915.838 INFO             PET0 ESMF library build location : /glade/derecho/scratch/sacks/esmf-testing/intel_2023.2.1-oneAPI_mpiuni_O_develop/esmf
20241012 040915.838 INFO             PET0 ESMF_COMM                   : mpiuni
20241012 040915.839 INFO             PET0 ESMF_MOAB                   : enabled
20241012 040915.839 INFO             PET0 ESMF_LAPACK                 : enabled
20241012 040915.839 INFO             PET0 ESMF_NETCDF                 : enabled
20241012 040915.839 INFO             PET0 ESMF_PNETCDF                : disabled
20241012 040915.839 INFO             PET0 ESMF_PIO                    : enabled
20241012 040915.839 INFO             PET0 ESMF_YAMLCPP                : enabled
20241012 040915.858 DEBUG            PET0 about to destroy Grid: 0x80e140
20241012 040915.860 DEBUG            PET0 about to destroy Grid: 0x80f1d0
20241012 040915.867 INFO             PET0  NUMBER_OF_PROCESSORS           1
20241012 040915.867 INFO             PET0  PASS  Example ESMF_NUOPCAtmModelEx, ESMF_NUOPCAtmModelEx.F90, line 806
20241012 040915.867 INFO             PET0  Finalizing ESMF
