2024-10-12 03:43:39
20241012 040942.819 INFO             PET0 !!!!!!!!!!!!!!!!!!!!!!!!!!!!!!!!!!!!!!!!!!!!!!!!!!!!!!
20241012 040942.819 INFO             PET0 !!! THE ESMF_LOG IS SET TO OUTPUT ALL LOG MESSAGES !!!
20241012 040942.819 INFO             PET0 !!!     THIS MAY CAUSE SLOWDOWN IN PERFORMANCE     !!!
20241012 040942.819 INFO             PET0 !!! FOR PRODUCTION RUNS, USE:                      !!!
20241012 040942.819 INFO             PET0 !!!                   ESMF_LOGKIND_Multi_On_Error  !!!
20241012 040942.819 INFO             PET0 !!!!!!!!!!!!!!!!!!!!!!!!!!!!!!!!!!!!!!!!!!!!!!!!!!!!!!
20241012 040942.819 INFO             PET0 Running with ESMF Version   : v8.8.0b01
20241012 040942.819 INFO             PET0 ESMF library build date/time: "Oct 12 2024" "03:42:47"
20241012 040942.819 INFO             PET0 ESMF library build location : /tmp/intel_2023.1.0_mpi_g_develop/esmf
20241012 040942.819 INFO             PET0 ESMF_COMM                   : mpi
20241012 040942.819 INFO             PET0 ESMF_MOAB                   : enabled
20241012 040942.819 INFO             PET0 ESMF_LAPACK                 : enabled
20241012 040942.819 INFO             PET0 ESMF_NETCDF                 : enabled
20241012 040942.819 INFO             PET0 ESMF_PNETCDF                : disabled
20241012 040942.819 INFO             PET0 ESMF_PIO                    : enabled
20241012 040942.819 INFO             PET0 ESMF_YAMLCPP                : enabled
20241012 040945.738 INFO             PET0  NUMBER_OF_PROCESSORS           4
20241012 040945.739 INFO             PET0  PASS  Example ESMF_ArrayRedistEx, ESMF_ArrayRedistEx.F90, line 515
20241012 040945.739 INFO             PET0  Finalizing ESMF
20241012 040942.819 INFO             PET1 !!!!!!!!!!!!!!!!!!!!!!!!!!!!!!!!!!!!!!!!!!!!!!!!!!!!!!
20241012 040942.819 INFO             PET1 !!! THE ESMF_LOG IS SET TO OUTPUT ALL LOG MESSAGES !!!
20241012 040942.819 INFO             PET1 !!!     THIS MAY CAUSE SLOWDOWN IN PERFORMANCE     !!!
20241012 040942.819 INFO             PET1 !!! FOR PRODUCTION RUNS, USE:                      !!!
20241012 040942.819 INFO             PET1 !!!                   ESMF_LOGKIND_Multi_On_Error  !!!
20241012 040942.819 INFO             PET1 !!!!!!!!!!!!!!!!!!!!!!!!!!!!!!!!!!!!!!!!!!!!!!!!!!!!!!
20241012 040942.819 INFO             PET1 Running with ESMF Version   : v8.8.0b01
20241012 040942.819 INFO             PET1 ESMF library build date/time: "Oct 12 2024" "03:42:47"
20241012 040942.819 INFO             PET1 ESMF library build location : /tmp/intel_2023.1.0_mpi_g_develop/esmf
20241012 040942.819 INFO             PET1 ESMF_COMM                   : mpi
20241012 040942.819 INFO             PET1 ESMF_MOAB                   : enabled
20241012 040942.819 INFO             PET1 ESMF_LAPACK                 : enabled
20241012 040942.819 INFO             PET1 ESMF_NETCDF                 : enabled
20241012 040942.819 INFO             PET1 ESMF_PNETCDF                : disabled
20241012 040942.819 INFO             PET1 ESMF_PIO                    : enabled
20241012 040942.819 INFO             PET1 ESMF_YAMLCPP                : enabled
20241012 040945.738 INFO             PET1  NUMBER_OF_PROCESSORS           4
20241012 040945.739 INFO             PET1  PASS  Example ESMF_ArrayRedistEx, ESMF_ArrayRedistEx.F90, line 515
20241012 040945.739 INFO             PET1  Finalizing ESMF
20241012 040942.819 INFO             PET2 !!!!!!!!!!!!!!!!!!!!!!!!!!!!!!!!!!!!!!!!!!!!!!!!!!!!!!
20241012 040942.819 INFO             PET2 !!! THE ESMF_LOG IS SET TO OUTPUT ALL LOG MESSAGES !!!
20241012 040942.819 INFO             PET2 !!!     THIS MAY CAUSE SLOWDOWN IN PERFORMANCE     !!!
20241012 040942.819 INFO             PET2 !!! FOR PRODUCTION RUNS, USE:                      !!!
20241012 040942.819 INFO             PET2 !!!                   ESMF_LOGKIND_Multi_On_Error  !!!
20241012 040942.819 INFO             PET2 !!!!!!!!!!!!!!!!!!!!!!!!!!!!!!!!!!!!!!!!!!!!!!!!!!!!!!
20241012 040942.819 INFO             PET2 Running with ESMF Version   : v8.8.0b01
20241012 040942.819 INFO             PET2 ESMF library build date/time: "Oct 12 2024" "03:42:47"
20241012 040942.819 INFO             PET2 ESMF library build location : /tmp/intel_2023.1.0_mpi_g_develop/esmf
20241012 040942.819 INFO             PET2 ESMF_COMM                   : mpi
20241012 040942.819 INFO             PET2 ESMF_MOAB                   : enabled
20241012 040942.819 INFO             PET2 ESMF_LAPACK                 : enabled
20241012 040942.819 INFO             PET2 ESMF_NETCDF                 : enabled
20241012 040942.819 INFO             PET2 ESMF_PNETCDF                : disabled
20241012 040942.819 INFO             PET2 ESMF_PIO                    : enabled
20241012 040942.819 INFO             PET2 ESMF_YAMLCPP                : enabled
20241012 040945.738 INFO             PET2  NUMBER_OF_PROCESSORS           4
20241012 040945.739 INFO             PET2  PASS  Example ESMF_ArrayRedistEx, ESMF_ArrayRedistEx.F90, line 515
20241012 040945.739 INFO             PET2  Finalizing ESMF
20241012 040942.819 INFO             PET3 !!!!!!!!!!!!!!!!!!!!!!!!!!!!!!!!!!!!!!!!!!!!!!!!!!!!!!
20241012 040942.819 INFO             PET3 !!! THE ESMF_LOG IS SET TO OUTPUT ALL LOG MESSAGES !!!
20241012 040942.819 INFO             PET3 !!!     THIS MAY CAUSE SLOWDOWN IN PERFORMANCE     !!!
20241012 040942.819 INFO             PET3 !!! FOR PRODUCTION RUNS, USE:                      !!!
20241012 040942.819 INFO             PET3 !!!                   ESMF_LOGKIND_Multi_On_Error  !!!
20241012 040942.819 INFO             PET3 !!!!!!!!!!!!!!!!!!!!!!!!!!!!!!!!!!!!!!!!!!!!!!!!!!!!!!
20241012 040942.819 INFO             PET3 Running with ESMF Version   : v8.8.0b01
20241012 040942.819 INFO             PET3 ESMF library build date/time: "Oct 12 2024" "03:42:47"
20241012 040942.819 INFO             PET3 ESMF library build location : /tmp/intel_2023.1.0_mpi_g_develop/esmf
20241012 040942.819 INFO             PET3 ESMF_COMM                   : mpi
20241012 040942.819 INFO             PET3 ESMF_MOAB                   : enabled
20241012 040942.819 INFO             PET3 ESMF_LAPACK                 : enabled
20241012 040942.819 INFO             PET3 ESMF_NETCDF                 : enabled
20241012 040942.819 INFO             PET3 ESMF_PNETCDF                : disabled
20241012 040942.819 INFO             PET3 ESMF_PIO                    : enabled
20241012 040942.819 INFO             PET3 ESMF_YAMLCPP                : enabled
20241012 040945.738 INFO             PET3  NUMBER_OF_PROCESSORS           4
20241012 040945.739 INFO             PET3  PASS  Example ESMF_ArrayRedistEx, ESMF_ArrayRedistEx.F90, line 515
20241012 040945.739 INFO             PET3  Finalizing ESMF
