2024-10-10 04:55:46
20241010 055038.589 INFO             PET0 !!!!!!!!!!!!!!!!!!!!!!!!!!!!!!!!!!!!!!!!!!!!!!!!!!!!!!
20241010 055038.589 INFO             PET0 !!! THE ESMF_LOG IS SET TO OUTPUT ALL LOG MESSAGES !!!
20241010 055038.589 INFO             PET0 !!!     THIS MAY CAUSE SLOWDOWN IN PERFORMANCE     !!!
20241010 055038.589 INFO             PET0 !!! FOR PRODUCTION RUNS, USE:                      !!!
20241010 055038.589 INFO             PET0 !!!                   ESMF_LOGKIND_Multi_On_Error  !!!
20241010 055038.589 INFO             PET0 !!!!!!!!!!!!!!!!!!!!!!!!!!!!!!!!!!!!!!!!!!!!!!!!!!!!!!
20241010 055038.589 INFO             PET0 Running with ESMF Version   : v8.8.0b00-12-g0d4b825343
20241010 055038.589 INFO             PET0 ESMF library build date/time: "Oct 10 2024" "04:54:50"
20241010 055038.589 INFO             PET0 ESMF library build location : /tmp/intel_2023.1.0_mpi_g_develop/esmf
20241010 055038.589 INFO             PET0 ESMF_COMM                   : mpi
20241010 055038.589 INFO             PET0 ESMF_MOAB                   : enabled
20241010 055038.589 INFO             PET0 ESMF_LAPACK                 : enabled
20241010 055038.589 INFO             PET0 ESMF_NETCDF                 : enabled
20241010 055038.589 INFO             PET0 ESMF_PNETCDF                : disabled
20241010 055038.589 INFO             PET0 ESMF_PIO                    : enabled
20241010 055038.589 INFO             PET0 ESMF_YAMLCPP                : enabled
20241010 055038.702 DEBUG            PET0 about to destroy Grid: 0x6995f0
20241010 055038.717 DEBUG            PET0 about to destroy Grid: 0x69c840
20241010 055038.759 INFO             PET0  NUMBER_OF_PROCESSORS           4
20241010 055038.759 INFO             PET0  PASS  Example ESMF_NUOPCAtmModelEx, ESMF_NUOPCAtmModelEx.F90, line 806
20241010 055038.759 INFO             PET0  Finalizing ESMF
20241010 055038.589 INFO             PET1 !!!!!!!!!!!!!!!!!!!!!!!!!!!!!!!!!!!!!!!!!!!!!!!!!!!!!!
20241010 055038.589 INFO             PET1 !!! THE ESMF_LOG IS SET TO OUTPUT ALL LOG MESSAGES !!!
20241010 055038.589 INFO             PET1 !!!     THIS MAY CAUSE SLOWDOWN IN PERFORMANCE     !!!
20241010 055038.589 INFO             PET1 !!! FOR PRODUCTION RUNS, USE:                      !!!
20241010 055038.589 INFO             PET1 !!!                   ESMF_LOGKIND_Multi_On_Error  !!!
20241010 055038.589 INFO             PET1 !!!!!!!!!!!!!!!!!!!!!!!!!!!!!!!!!!!!!!!!!!!!!!!!!!!!!!
20241010 055038.589 INFO             PET1 Running with ESMF Version   : v8.8.0b00-12-g0d4b825343
20241010 055038.589 INFO             PET1 ESMF library build date/time: "Oct 10 2024" "04:54:50"
20241010 055038.589 INFO             PET1 ESMF library build location : /tmp/intel_2023.1.0_mpi_g_develop/esmf
20241010 055038.589 INFO             PET1 ESMF_COMM                   : mpi
20241010 055038.589 INFO             PET1 ESMF_MOAB                   : enabled
20241010 055038.589 INFO             PET1 ESMF_LAPACK                 : enabled
20241010 055038.589 INFO             PET1 ESMF_NETCDF                 : enabled
20241010 055038.589 INFO             PET1 ESMF_PNETCDF                : disabled
20241010 055038.589 INFO             PET1 ESMF_PIO                    : enabled
20241010 055038.589 INFO             PET1 ESMF_YAMLCPP                : enabled
20241010 055038.702 DEBUG            PET1 about to destroy Grid: 0x698890
20241010 055038.717 DEBUG            PET1 about to destroy Grid: 0x699900
20241010 055038.759 INFO             PET1  NUMBER_OF_PROCESSORS           4
20241010 055038.759 INFO             PET1  PASS  Example ESMF_NUOPCAtmModelEx, ESMF_NUOPCAtmModelEx.F90, line 806
20241010 055038.759 INFO             PET1  Finalizing ESMF
20241010 055038.589 INFO             PET2 !!!!!!!!!!!!!!!!!!!!!!!!!!!!!!!!!!!!!!!!!!!!!!!!!!!!!!
20241010 055038.589 INFO             PET2 !!! THE ESMF_LOG IS SET TO OUTPUT ALL LOG MESSAGES !!!
20241010 055038.589 INFO             PET2 !!!     THIS MAY CAUSE SLOWDOWN IN PERFORMANCE     !!!
20241010 055038.589 INFO             PET2 !!! FOR PRODUCTION RUNS, USE:                      !!!
20241010 055038.589 INFO             PET2 !!!                   ESMF_LOGKIND_Multi_On_Error  !!!
20241010 055038.589 INFO             PET2 !!!!!!!!!!!!!!!!!!!!!!!!!!!!!!!!!!!!!!!!!!!!!!!!!!!!!!
20241010 055038.589 INFO             PET2 Running with ESMF Version   : v8.8.0b00-12-g0d4b825343
20241010 055038.589 INFO             PET2 ESMF library build date/time: "Oct 10 2024" "04:54:50"
20241010 055038.589 INFO             PET2 ESMF library build location : /tmp/intel_2023.1.0_mpi_g_develop/esmf
20241010 055038.589 INFO             PET2 ESMF_COMM                   : mpi
20241010 055038.589 INFO             PET2 ESMF_MOAB                   : enabled
20241010 055038.589 INFO             PET2 ESMF_LAPACK                 : enabled
20241010 055038.589 INFO             PET2 ESMF_NETCDF                 : enabled
20241010 055038.589 INFO             PET2 ESMF_PNETCDF                : disabled
20241010 055038.589 INFO             PET2 ESMF_PIO                    : enabled
20241010 055038.589 INFO             PET2 ESMF_YAMLCPP                : enabled
20241010 055038.702 DEBUG            PET2 about to destroy Grid: 0x6988b0
20241010 055038.717 DEBUG            PET2 about to destroy Grid: 0x699920
20241010 055038.759 INFO             PET2  NUMBER_OF_PROCESSORS           4
20241010 055038.759 INFO             PET2  PASS  Example ESMF_NUOPCAtmModelEx, ESMF_NUOPCAtmModelEx.F90, line 806
20241010 055038.759 INFO             PET2  Finalizing ESMF
20241010 055038.589 INFO             PET3 !!!!!!!!!!!!!!!!!!!!!!!!!!!!!!!!!!!!!!!!!!!!!!!!!!!!!!
20241010 055038.589 INFO             PET3 !!! THE ESMF_LOG IS SET TO OUTPUT ALL LOG MESSAGES !!!
20241010 055038.589 INFO             PET3 !!!     THIS MAY CAUSE SLOWDOWN IN PERFORMANCE     !!!
20241010 055038.589 INFO             PET3 !!! FOR PRODUCTION RUNS, USE:                      !!!
20241010 055038.589 INFO             PET3 !!!                   ESMF_LOGKIND_Multi_On_Error  !!!
20241010 055038.589 INFO             PET3 !!!!!!!!!!!!!!!!!!!!!!!!!!!!!!!!!!!!!!!!!!!!!!!!!!!!!!
20241010 055038.589 INFO             PET3 Running with ESMF Version   : v8.8.0b00-12-g0d4b825343
20241010 055038.589 INFO             PET3 ESMF library build date/time: "Oct 10 2024" "04:54:50"
20241010 055038.589 INFO             PET3 ESMF library build location : /tmp/intel_2023.1.0_mpi_g_develop/esmf
20241010 055038.589 INFO             PET3 ESMF_COMM                   : mpi
20241010 055038.589 INFO             PET3 ESMF_MOAB                   : enabled
20241010 055038.589 INFO             PET3 ESMF_LAPACK                 : enabled
20241010 055038.589 INFO             PET3 ESMF_NETCDF                 : enabled
20241010 055038.589 INFO             PET3 ESMF_PNETCDF                : disabled
20241010 055038.589 INFO             PET3 ESMF_PIO                    : enabled
20241010 055038.589 INFO             PET3 ESMF_YAMLCPP                : enabled
20241010 055038.702 DEBUG            PET3 about to destroy Grid: 0x698880
20241010 055038.717 DEBUG            PET3 about to destroy Grid: 0x6998f0
20241010 055038.759 INFO             PET3  NUMBER_OF_PROCESSORS           4
20241010 055038.759 INFO             PET3  PASS  Example ESMF_NUOPCAtmModelEx, ESMF_NUOPCAtmModelEx.F90, line 806
20241010 055038.759 INFO             PET3  Finalizing ESMF
