2024-10-15 22:49:15
20241015 234244.948 INFO             PET0 !!!!!!!!!!!!!!!!!!!!!!!!!!!!!!!!!!!!!!!!!!!!!!!!!!!!!!
20241015 234244.948 INFO             PET0 !!! THE ESMF_LOG IS SET TO OUTPUT ALL LOG MESSAGES !!!
20241015 234244.948 INFO             PET0 !!!     THIS MAY CAUSE SLOWDOWN IN PERFORMANCE     !!!
20241015 234244.948 INFO             PET0 !!! FOR PRODUCTION RUNS, USE:                      !!!
20241015 234244.948 INFO             PET0 !!!                   ESMF_LOGKIND_Multi_On_Error  !!!
20241015 234244.948 INFO             PET0 !!!!!!!!!!!!!!!!!!!!!!!!!!!!!!!!!!!!!!!!!!!!!!!!!!!!!!
20241015 234244.948 INFO             PET0 Running with ESMF Version   : v8.8.0b01-2-g867c30314c
20241015 234244.948 INFO             PET0 ESMF library build date/time: "Oct 15 2024" "22:46:22"
20241015 234244.948 INFO             PET0 ESMF library build location : /discover/nobackup/projects/gmao/SIteam/ESMF_Testing/intel_2021.6.0_intelmpi_O_develop/esmf
20241015 234244.948 INFO             PET0 ESMF_COMM                   : intelmpi
20241015 234244.948 INFO             PET0 ESMF_MOAB                   : enabled
20241015 234244.948 INFO             PET0 ESMF_LAPACK                 : enabled
20241015 234244.948 INFO             PET0 ESMF_NETCDF                 : disabled
20241015 234244.948 INFO             PET0 ESMF_PNETCDF                : disabled
20241015 234244.948 INFO             PET0 ESMF_PIO                    : disabled
20241015 234244.948 INFO             PET0 ESMF_YAMLCPP                : enabled
20241015 234244.949 INFO             PET0  NUMBER_OF_PROCESSORS           1
20241015 234244.949 INFO             PET0  PASS  Example ESMF_TimeIntervalEx, ESMF_TimeIntervalEx.F90, line 176
20241015 234244.949 INFO             PET0  Finalizing ESMF
