2024-10-13 22:35:19
20241013 231915.241 INFO             PET0 !!!!!!!!!!!!!!!!!!!!!!!!!!!!!!!!!!!!!!!!!!!!!!!!!!!!!!
20241013 231915.241 INFO             PET0 !!! THE ESMF_LOG IS SET TO OUTPUT ALL LOG MESSAGES !!!
20241013 231915.241 INFO             PET0 !!!     THIS MAY CAUSE SLOWDOWN IN PERFORMANCE     !!!
20241013 231915.241 INFO             PET0 !!! FOR PRODUCTION RUNS, USE:                      !!!
20241013 231915.241 INFO             PET0 !!!                   ESMF_LOGKIND_Multi_On_Error  !!!
20241013 231915.241 INFO             PET0 !!!!!!!!!!!!!!!!!!!!!!!!!!!!!!!!!!!!!!!!!!!!!!!!!!!!!!
20241013 231915.241 INFO             PET0 Running with ESMF Version   : v8.8.0b01
20241013 231915.241 INFO             PET0 ESMF library build date/time: "Oct 13 2024" "22:32:28"
20241013 231915.241 INFO             PET0 ESMF library build location : /discover/nobackup/projects/gmao/SIteam/ESMF_Testing/intel_2021.6.0_intelmpi_O_develop/esmf
20241013 231915.241 INFO             PET0 ESMF_COMM                   : intelmpi
20241013 231915.241 INFO             PET0 ESMF_MOAB                   : enabled
20241013 231915.241 INFO             PET0 ESMF_LAPACK                 : enabled
20241013 231915.241 INFO             PET0 ESMF_NETCDF                 : disabled
20241013 231915.241 INFO             PET0 ESMF_PNETCDF                : disabled
20241013 231915.241 INFO             PET0 ESMF_PIO                    : disabled
20241013 231915.241 INFO             PET0 ESMF_YAMLCPP                : enabled
20241013 231915.285 DEBUG            PET0 about to destroy Grid: 0x100ecd0
20241013 231915.289 DEBUG            PET0 about to destroy Grid: 0x1010110
20241013 231915.301 INFO             PET0  NUMBER_OF_PROCESSORS           4
20241013 231915.301 INFO             PET0  PASS  Example ESMF_NUOPCAtmModelEx, ESMF_NUOPCAtmModelEx.F90, line 806
20241013 231915.301 INFO             PET0  Finalizing ESMF
20241013 231915.241 INFO             PET1 !!!!!!!!!!!!!!!!!!!!!!!!!!!!!!!!!!!!!!!!!!!!!!!!!!!!!!
20241013 231915.241 INFO             PET1 !!! THE ESMF_LOG IS SET TO OUTPUT ALL LOG MESSAGES !!!
20241013 231915.241 INFO             PET1 !!!     THIS MAY CAUSE SLOWDOWN IN PERFORMANCE     !!!
20241013 231915.241 INFO             PET1 !!! FOR PRODUCTION RUNS, USE:                      !!!
20241013 231915.241 INFO             PET1 !!!                   ESMF_LOGKIND_Multi_On_Error  !!!
20241013 231915.241 INFO             PET1 !!!!!!!!!!!!!!!!!!!!!!!!!!!!!!!!!!!!!!!!!!!!!!!!!!!!!!
20241013 231915.241 INFO             PET1 Running with ESMF Version   : v8.8.0b01
20241013 231915.241 INFO             PET1 ESMF library build date/time: "Oct 13 2024" "22:32:28"
20241013 231915.241 INFO             PET1 ESMF library build location : /discover/nobackup/projects/gmao/SIteam/ESMF_Testing/intel_2021.6.0_intelmpi_O_develop/esmf
20241013 231915.241 INFO             PET1 ESMF_COMM                   : intelmpi
20241013 231915.242 INFO             PET1 ESMF_MOAB                   : enabled
20241013 231915.242 INFO             PET1 ESMF_LAPACK                 : enabled
20241013 231915.242 INFO             PET1 ESMF_NETCDF                 : disabled
20241013 231915.242 INFO             PET1 ESMF_PNETCDF                : disabled
20241013 231915.242 INFO             PET1 ESMF_PIO                    : disabled
20241013 231915.242 INFO             PET1 ESMF_YAMLCPP                : enabled
20241013 231915.285 DEBUG            PET1 about to destroy Grid: 0x2451b10
20241013 231915.289 DEBUG            PET1 about to destroy Grid: 0x2453020
20241013 231915.301 INFO             PET1  NUMBER_OF_PROCESSORS           4
20241013 231915.301 INFO             PET1  PASS  Example ESMF_NUOPCAtmModelEx, ESMF_NUOPCAtmModelEx.F90, line 806
20241013 231915.301 INFO             PET1  Finalizing ESMF
20241013 231915.241 INFO             PET2 !!!!!!!!!!!!!!!!!!!!!!!!!!!!!!!!!!!!!!!!!!!!!!!!!!!!!!
20241013 231915.241 INFO             PET2 !!! THE ESMF_LOG IS SET TO OUTPUT ALL LOG MESSAGES !!!
20241013 231915.241 INFO             PET2 !!!     THIS MAY CAUSE SLOWDOWN IN PERFORMANCE     !!!
20241013 231915.241 INFO             PET2 !!! FOR PRODUCTION RUNS, USE:                      !!!
20241013 231915.241 INFO             PET2 !!!                   ESMF_LOGKIND_Multi_On_Error  !!!
20241013 231915.241 INFO             PET2 !!!!!!!!!!!!!!!!!!!!!!!!!!!!!!!!!!!!!!!!!!!!!!!!!!!!!!
20241013 231915.241 INFO             PET2 Running with ESMF Version   : v8.8.0b01
20241013 231915.241 INFO             PET2 ESMF library build date/time: "Oct 13 2024" "22:32:28"
20241013 231915.241 INFO             PET2 ESMF library build location : /discover/nobackup/projects/gmao/SIteam/ESMF_Testing/intel_2021.6.0_intelmpi_O_develop/esmf
20241013 231915.241 INFO             PET2 ESMF_COMM                   : intelmpi
20241013 231915.242 INFO             PET2 ESMF_MOAB                   : enabled
20241013 231915.242 INFO             PET2 ESMF_LAPACK                 : enabled
20241013 231915.242 INFO             PET2 ESMF_NETCDF                 : disabled
20241013 231915.242 INFO             PET2 ESMF_PNETCDF                : disabled
20241013 231915.242 INFO             PET2 ESMF_PIO                    : disabled
20241013 231915.242 INFO             PET2 ESMF_YAMLCPP                : enabled
20241013 231915.285 DEBUG            PET2 about to destroy Grid: 0x152be70
20241013 231915.289 DEBUG            PET2 about to destroy Grid: 0x152d380
20241013 231915.301 INFO             PET2  NUMBER_OF_PROCESSORS           4
20241013 231915.301 INFO             PET2  PASS  Example ESMF_NUOPCAtmModelEx, ESMF_NUOPCAtmModelEx.F90, line 806
20241013 231915.301 INFO             PET2  Finalizing ESMF
20241013 231915.241 INFO             PET3 !!!!!!!!!!!!!!!!!!!!!!!!!!!!!!!!!!!!!!!!!!!!!!!!!!!!!!
20241013 231915.241 INFO             PET3 !!! THE ESMF_LOG IS SET TO OUTPUT ALL LOG MESSAGES !!!
20241013 231915.241 INFO             PET3 !!!     THIS MAY CAUSE SLOWDOWN IN PERFORMANCE     !!!
20241013 231915.241 INFO             PET3 !!! FOR PRODUCTION RUNS, USE:                      !!!
20241013 231915.241 INFO             PET3 !!!                   ESMF_LOGKIND_Multi_On_Error  !!!
20241013 231915.241 INFO             PET3 !!!!!!!!!!!!!!!!!!!!!!!!!!!!!!!!!!!!!!!!!!!!!!!!!!!!!!
20241013 231915.241 INFO             PET3 Running with ESMF Version   : v8.8.0b01
20241013 231915.241 INFO             PET3 ESMF library build date/time: "Oct 13 2024" "22:32:28"
20241013 231915.241 INFO             PET3 ESMF library build location : /discover/nobackup/projects/gmao/SIteam/ESMF_Testing/intel_2021.6.0_intelmpi_O_develop/esmf
20241013 231915.241 INFO             PET3 ESMF_COMM                   : intelmpi
20241013 231915.241 INFO             PET3 ESMF_MOAB                   : enabled
20241013 231915.241 INFO             PET3 ESMF_LAPACK                 : enabled
20241013 231915.241 INFO             PET3 ESMF_NETCDF                 : disabled
20241013 231915.241 INFO             PET3 ESMF_PNETCDF                : disabled
20241013 231915.241 INFO             PET3 ESMF_PIO                    : disabled
20241013 231915.241 INFO             PET3 ESMF_YAMLCPP                : enabled
20241013 231915.285 DEBUG            PET3 about to destroy Grid: 0x163cea0
20241013 231915.289 DEBUG            PET3 about to destroy Grid: 0x163e380
20241013 231915.301 INFO             PET3  NUMBER_OF_PROCESSORS           4
20241013 231915.301 INFO             PET3  PASS  Example ESMF_NUOPCAtmModelEx, ESMF_NUOPCAtmModelEx.F90, line 806
20241013 231915.301 INFO             PET3  Finalizing ESMF
