2025-05-08 04:07:44
20250508 043340.504 INFO             PET0 !!!!!!!!!!!!!!!!!!!!!!!!!!!!!!!!!!!!!!!!!!!!!!!!!!!!!!
20250508 043340.504 INFO             PET0 !!! THE ESMF_LOG IS SET TO OUTPUT ALL LOG MESSAGES !!!
20250508 043340.504 INFO             PET0 !!!     THIS MAY CAUSE SLOWDOWN IN PERFORMANCE     !!!
20250508 043340.504 INFO             PET0 !!! FOR PRODUCTION RUNS, USE:                      !!!
20250508 043340.504 INFO             PET0 !!!                   ESMF_LOGKIND_Multi_On_Error  !!!
20250508 043340.504 INFO             PET0 !!!!!!!!!!!!!!!!!!!!!!!!!!!!!!!!!!!!!!!!!!!!!!!!!!!!!!
20250508 043340.504 INFO             PET0 Running with ESMF Version   : v8.9.0b08-5-g079ca68fdc
20250508 043340.504 INFO             PET0 ESMF library build date/time: "May  8 2025" "04:06:30"
20250508 043340.504 INFO             PET0 ESMF library build location : /tmp/intel_2023.2.0-oneAPI_mpi_g_develop/esmf
20250508 043340.505 INFO             PET0 ESMF_COMM                   : mpi
20250508 043340.505 INFO             PET0 ESMF_MOAB                   : enabled
20250508 043340.505 INFO             PET0 ESMF_LAPACK                 : enabled
20250508 043340.505 INFO             PET0 ESMF_NETCDF                 : enabled
20250508 043340.505 INFO             PET0 ESMF_PNETCDF                : disabled
20250508 043340.505 INFO             PET0 ESMF_PIO                    : enabled
20250508 043340.505 INFO             PET0 ESMF_YAMLCPP                : enabled
20250508 043340.511 INFO             PET0  NUMBER_OF_PROCESSORS           1
20250508 043340.511 INFO             PET0  PASS  Example ESMF_XGridSparseMatEx, ESMF_XGridSparseMatEx.F90, line 642
20250508 043340.511 INFO             PET0  Finalizing ESMF
